% Sweep Step 31/200  Vcmd=2.6600V  CW 
% Vg_offset=1.337354V  K_gimbal=26.049690

Time[s]              Vcmd[V]              Vg_raw[V]            Pot[V]             Omega[rad/s]
        0.0021273000         2.6600000000         1.3454963091         2.0566650383         0.2120945643
        0.0054763000         2.6600000000         1.3352870017         2.0515612834        -0.0538547326
        0.0104354000         2.6600000000         1.3378393285         2.0515612834         0.0126325916
        0.0154426000         2.6600000000         1.3352870017         2.0515612834        -0.0538547326
        0.0204306000         2.6600000000         1.3378393285         2.0515612834         0.0126325916
        0.0254743000         2.6600000000         1.3429439823         2.0566650383         0.1456072401
        0.0306801000         2.6600000000         1.3352870017         2.0515612834        -0.0538547326
        0.0358603000         2.6600000000         1.3352870017         2.0490094060        -0.0538547326
        0.0413059000         2.6600000000         1.3301823480         2.0490094060        -0.1868293811
        0.0457227000         2.6600000000         1.3352870017         2.0515612834        -0.0538547326
        0.0504022000         2.6600000000         1.3352870017         2.0515612834        -0.0538547326
        0.0553880000         2.6600000000         1.3378393285         2.0490094060         0.0126325916
        0.0604006000         2.6600000000         1.3429439823         2.0566650383         0.1456072401
        0.0654030000         2.6600000000         1.3378393285         2.0490094060         0.0126325916
        0.0704125000         2.6600000000         1.3301823480         2.0439056511        -0.1868293811
        0.0754354000         2.6600000000         1.3327346748         2.0413537736        -0.1203420569
        0.0804000000         2.6600000000         1.3378393285         2.0490094060         0.0126325916
        0.0854210000         2.6600000000         1.3352870017         2.0515612834        -0.0538547326
        0.0904090000         2.6600000000         1.3454963091         2.0566650383         0.2120945643
        0.0954050000         2.6600000000         1.3480486360         2.0515612834         0.2785818885
        0.1004262000         2.6600000000         1.3378393285         2.0541131609         0.0126325916
        0.1053893000         2.6600000000         1.3454963091         2.0592169158         0.2120945643
        0.1104322000         2.6600000000         1.3454963091         2.0541131609         0.2120945643
        0.1154144000         2.6600000000         1.3429439823         2.0541131609         0.1456072401
        0.1204201000         2.6600000000         1.3557056165         2.0541131609         0.4780438612
        0.1253996000         2.6600000000         1.3403916554         2.0592169158         0.0791199158
        0.1304177000         2.6600000000         1.3352870017         2.0541131609        -0.0538547326
        0.1353951000         2.6600000000         1.3352870017         2.0541131609        -0.0538547326
        0.1404177000         2.6600000000         1.3327346748         2.0541131609        -0.1203420569
        0.1454418000         2.6600000000         1.3327346748         2.0566650383        -0.1203420569
        0.1504123000         2.6600000000         1.3429439823         2.0592169158         0.1456072401
        0.1554045000         2.6600000000         1.3454963091         2.0592169158         0.2120945643
        0.1604097000         2.6600000000         1.3429439823         2.0592169158         0.1456072401
        0.1653982000         2.6600000000         1.3352870017         2.0541131609        -0.0538547326
        0.1704122000         2.6600000000         1.3378393285         2.0541131609         0.0126325916
        0.1754190000         2.6600000000         1.3378393285         2.0541131609         0.0126325916
        0.1804316000         2.6600000000         1.3352870017         2.0566650383        -0.0538547326
        0.1854314000         2.6600000000         1.3352870017         2.0541131609        -0.0538547326
        0.1904364000         2.6600000000         1.3352870017         2.0541131609        -0.0538547326
        0.1955529000         2.6600000000         1.3403916554         2.0541131609         0.0791199158
        0.2004277000         2.6600000000         1.3352870017         2.0541131609        -0.0538547326
        0.2054433000         2.6600000000         1.3301823480         2.0490094060        -0.1868293811
        0.2104252000         2.6600000000         1.3378393285         2.0515612834         0.0126325916
        0.2154151000         2.6600000000         1.3403916554         2.0592169158         0.0791199158
        0.2204178000         2.6600000000         1.3301823480         2.0490094060        -0.1868293811
        0.2254103000         2.6600000000         1.3352870017         2.0566650383        -0.0538547326
        0.2304089000         2.6600000000         1.3301823480         2.0490094060        -0.1868293811
        0.2353954000         2.6600000000         1.3301823480         2.0464575285        -0.1868293811
        0.2404116000         2.6600000000         1.3352870017         2.0566650383        -0.0538547326
        0.2454137000         2.6600000000         1.3378393285         2.0541131609         0.0126325916
        0.2504168000         2.6600000000         1.3352870017         2.0566650383        -0.0538547326
        0.2553870000         2.6600000000         1.3301823480         2.0464575285        -0.1868293811
        0.2604225000         2.6600000000         1.3454963091         2.0617687933         0.2120945643
        0.2654177000         2.6600000000         1.3429439823         2.0617687933         0.1456072401
        0.2704146000         2.6600000000         1.3301823480         2.0464575285        -0.1868293811
        0.2754531000         2.6600000000         1.3352870017         2.0541131609        -0.0538547326
        0.2804527000         2.6600000000         1.3378393285         2.0541131609         0.0126325916
        0.2854053000         2.6600000000         1.3301823480         2.0464575285        -0.1868293811
        0.2903960000         2.6600000000         1.3352870017         2.0541131609        -0.0538547326
        0.2954257000         2.6600000000         1.3429439823         2.0592169158         0.1456072401
        0.3004230000         2.6600000000         1.3301823480         2.0464575285        -0.1868293811
        0.3054156000         2.6600000000         1.3352870017         2.0515612834        -0.0538547326
        0.3104124000         2.6600000000         1.3352870017         2.0515612834        -0.0538547326
        0.3154269000         2.6600000000         1.3378393285         2.0541131609         0.0126325916
        0.3204296000         2.6600000000         1.3352870017         2.0541131609        -0.0538547326
        0.3253989000         2.6600000000         1.3327346748         2.0541131609        -0.1203420569
        0.3303939000         2.6600000000         1.3352870017         2.0515612834        -0.0538547326
        0.3353993000         2.6600000000         1.3301823480         2.0490094060        -0.1868293811
        0.3404015000         2.6600000000         1.3378393285         2.0515612834         0.0126325916
        0.3453869000         2.6600000000         1.3327346748         2.0464575285        -0.1203420569
        0.3504013000         2.6600000000         1.3378393285         2.0464575285         0.0126325916
        0.3554041000         2.6600000000         1.3301823480         2.0490094060        -0.1868293811
        0.3604475000         2.6600000000         1.3378393285         2.0541131609         0.0126325916
        0.3654213000         2.6600000000         1.3378393285         2.0541131609         0.0126325916
        0.3704278000         2.6600000000         1.3301823480         2.0490094060        -0.1868293811
        0.3754157000         2.6600000000         1.3378393285         2.0592169158         0.0126325916
        0.3803942000         2.6600000000         1.3352870017         2.0541131609        -0.0538547326
        0.3854323000         2.6600000000         1.3378393285         2.0515612834         0.0126325916
        0.3903885000         2.6600000000         1.3403916554         2.0541131609         0.0791199158
        0.3954381000         2.6600000000         1.3454963091         2.0592169158         0.2120945643
        0.4004069000         2.6600000000         1.3506009628         2.0566650383         0.3450692127
        0.4053917000         2.6600000000         1.3429439823         2.0566650383         0.1456072401
        0.4104036000         2.6600000000         1.3454963091         2.0592169158         0.2120945643
        0.4154420000         2.6600000000         1.3403916554         2.0617687933         0.0791199158
        0.4204112000         2.6600000000         1.3429439823         2.0592169158         0.1456072401
        0.4253993000         2.6600000000         1.3352870017         2.0566650383        -0.0538547326
        0.4303917000         2.6600000000         1.3327346748         2.0490094060        -0.1203420569
        0.4353973000         2.6600000000         1.3378393285         2.0541131609         0.0126325916
        0.4403802000         2.6600000000         1.3276300211         2.0464575285        -0.2533167053
        0.4454100000         2.6600000000         1.3403916554         2.0617687933         0.0791199158
        0.4503912000         2.6600000000         1.3352870017         2.0541131609        -0.0538547326
        0.4554145000         2.6600000000         1.3378393285         2.0541131609         0.0126325916
        0.4604120000         2.6600000000         1.3352870017         2.0541131609        -0.0538547326
        0.4653965000         2.6600000000         1.3378393285         2.0541131609         0.0126325916
        0.4704210000         2.6600000000         1.3352870017         2.0566650383        -0.0538547326
        0.4754157000         2.6600000000         1.3301823480         2.0490094060        -0.1868293811
        0.4803999000         2.6600000000         1.3378393285         2.0541131609         0.0126325916
        0.4853993000         2.6600000000         1.3352870017         2.0490094060        -0.0538547326
        0.4903972000         2.6600000000         1.3378393285         2.0515612834         0.0126325916
        0.4953959000         2.6600000000         1.3403916554         2.0592169158         0.0791199158
        0.5004042000         2.6600000000         1.3378393285         2.0541131609         0.0126325916
        0.5053869000         2.6600000000         1.3429439823         2.0592169158         0.1456072401
        0.5104037000         2.6600000000         1.3352870017         2.0541131609        -0.0538547326
        0.5154071000         2.6600000000         1.3352870017         2.0566650383        -0.0538547326
        0.5204447000         2.6600000000         1.3301823480         2.0490094060        -0.1868293811
        0.5254034000         2.6600000000         1.3352870017         2.0541131609        -0.0538547326
        0.5304085000         2.6600000000         1.3429439823         2.0617687933         0.1456072401
        0.5353937000         2.6600000000         1.3352870017         2.0490094060        -0.0538547326
        0.5404028000         2.6600000000         1.3378393285         2.0515612834         0.0126325916
        0.5453868000         2.6600000000         1.3378393285         2.0566650383         0.0126325916
        0.5503961000         2.6600000000         1.3378393285         2.0541131609         0.0126325916
        0.5553820000         2.6600000000         1.3352870017         2.0541131609        -0.0538547326
        0.5603855000         2.6600000000         1.3352870017         2.0566650383        -0.0538547326
        0.5653931000         2.6600000000         1.3352870017         2.0541131609        -0.0538547326
        0.5704019000         2.6600000000         1.3352870017         2.0541131609        -0.0538547326
        0.5753892000         2.6600000000         1.3352870017         2.0541131609        -0.0538547326
        0.5803969000         2.6600000000         1.3301823480         2.0464575285        -0.1868293811
        0.5853854000         2.6600000000         1.3301823480         2.0490094060        -0.1868293811
        0.5904090000         2.6600000000         1.3429439823         2.0592169158         0.1456072401
        0.5953978000         2.6600000000         1.3429439823         2.0592169158         0.1456072401
        0.6004067000         2.6600000000         1.3276300211         2.0490094060        -0.2533167053
        0.6053943000         2.6600000000         1.3378393285         2.0541131609         0.0126325916
        0.6103947000         2.6600000000         1.3378393285         2.0566650383         0.0126325916
        0.6153835000         2.6600000000         1.3403916554         2.0617687933         0.0791199158
        0.6204245000         2.6600000000         1.3429439823         2.0541131609         0.1456072401
        0.6254017000         2.6600000000         1.3352870017         2.0464575285        -0.0538547326
        0.6304060000         2.6600000000         1.3429439823         2.0592169158         0.1456072401
        0.6353924000         2.6600000000         1.3403916554         2.0566650383         0.0791199158
        0.6404065000         2.6600000000         1.3378393285         2.0541131609         0.0126325916
        0.6454269000         2.6600000000         1.3659149240         2.0566650383         0.7439931581
        0.6504029000         2.6600000000         1.3352870017         2.0566650383        -0.0538547326
        0.6554042000         2.6600000000         1.3352870017         2.0541131609        -0.0538547326
        0.6603830000         2.6600000000         1.3301823480         2.0515612834        -0.1868293811
        0.6654002000         2.6600000000         1.3429439823         2.0592169158         0.1456072401
        0.6704015000         2.6600000000         1.3301823480         2.0464575285        -0.1868293811
        0.6753955000         2.6600000000         1.3378393285         2.0541131609         0.0126325916
        0.6803833000         2.6600000000         1.3378393285         2.0541131609         0.0126325916
        0.6854290000         2.6600000000         1.3327346748         2.0490094060        -0.1203420569
        0.6904342000         2.6600000000         1.3378393285         2.0541131609         0.0126325916
        0.6956651000         2.6600000000         1.3403916554         2.0541131609         0.0791199158
        0.7004112000         2.6600000000         1.3352870017         2.0566650383        -0.0538547326
        0.7054654000         2.6600000000         1.3301823480         2.0464575285        -0.1868293811
        0.7104245000         2.6600000000         1.3429439823         2.0592169158         0.1456072401
        0.7154207000         2.6600000000         1.3352870017         2.0541131609        -0.0538547326
        0.7204291000         2.6600000000         1.3378393285         2.0541131609         0.0126325916
        0.7254502000         2.6600000000         1.3352870017         2.0566650383        -0.0538547326
        0.7304064000         2.6600000000         1.3352870017         2.0541131609        -0.0538547326
        0.7354238000         2.6600000000         1.3429439823         2.0592169158         0.1456072401
        0.7403975000         2.6600000000         1.3429439823         2.0541131609         0.1456072401
        0.7454100000         2.6600000000         1.3378393285         2.0566650383         0.0126325916
        0.7503923000         2.6600000000         1.3301823480         2.0464575285        -0.1868293811
        0.7554041000         2.6600000000         1.3301823480         2.0464575285        -0.1868293811
        0.7603918000         2.6600000000         1.3352870017         2.0566650383        -0.0538547326
        0.7653976000         2.6600000000         1.3352870017         2.0592169158        -0.0538547326
        0.7704070000         2.6600000000         1.3378393285         2.0541131609         0.0126325916
        0.7754102000         2.6600000000         1.3301823480         2.0439056511        -0.1868293811
        0.7803902000         2.6600000000         1.3352870017         2.0515612834        -0.0538547326
        0.7854078000         2.6600000000         1.3352870017         2.0541131609        -0.0538547326
        0.7903920000         2.6600000000         1.3633625971         2.0541131609         0.6775058339
        0.7953927000         2.6600000000         1.3301823480         2.0541131609        -0.1868293811
        0.8004048000         2.6600000000         1.3352870017         2.0515612834        -0.0538547326
        0.8054253000         2.6600000000         1.3429439823         2.0592169158         0.1456072401
        0.8104044000         2.6600000000         1.3352870017         2.0515612834        -0.0538547326
        0.8154085000         2.6600000000         1.3301823480         2.0490094060        -0.1868293811
        0.8204502000         2.6600000000         1.3403916554         2.0643206707         0.0791199158
        0.8254229000         2.6600000000         1.3378393285         2.0515612834         0.0126325916
        0.8304309000         2.6600000000         1.3429439823         2.0566650383         0.1456072401
        0.8354253000         2.6600000000         1.3429439823         2.0592169158         0.1456072401
        0.8404358000         2.6600000000         1.3403916554         2.0566650383         0.0791199158
        0.8454031000         2.6600000000         1.3352870017         2.0515612834        -0.0538547326
        0.8504118000         2.6600000000         1.3301823480         2.0464575285        -0.1868293811
        0.8554203000         2.6600000000         1.3352870017         2.0541131609        -0.0538547326
        0.8604280000         2.6600000000         1.3352870017         2.0592169158        -0.0538547326
        0.8654433000         2.6600000000         1.3352870017         2.0541131609        -0.0538547326
        0.8704187000         2.6600000000         1.3378393285         2.0541131609         0.0126325916
        0.8754503000         2.6600000000         1.3378393285         2.0515612834         0.0126325916
        0.8804121000         2.6600000000         1.3301823480         2.0490094060        -0.1868293811
        0.8854599000         2.6600000000         1.3454963091         2.0592169158         0.2120945643
        0.8904479000         2.6600000000         1.3250776943         2.0541131609        -0.3198040295
        0.8954956000         2.6600000000         1.3352870017         2.0541131609        -0.0538547326
        0.9004250000         2.6600000000         1.3352870017         2.0541131609        -0.0538547326
        0.9054069000         2.6600000000         1.3327346748         2.0566650383        -0.1203420569
        0.9104299000         2.6600000000         1.3327346748         2.0464575285        -0.1203420569
        0.9154229000         2.6600000000         1.3352870017         2.0541131609        -0.0538547326
        0.9204310000         2.6600000000         1.3378393285         2.0464575285         0.0126325916
        0.9254252000         2.6600000000         1.3429439823         2.0592169158         0.1456072401
        0.9304127000         2.6600000000         1.3429439823         2.0592169158         0.1456072401
        0.9354370000         2.6600000000         1.3352870017         2.0541131609        -0.0538547326
        0.9403994000         2.6600000000         1.3301823480         2.0464575285        -0.1868293811
        0.9454056000         2.6600000000         1.3352870017         2.0541131609        -0.0538547326
        0.9503864000         2.6600000000         1.3403916554         2.0592169158         0.0791199158
        0.9554032000         2.6600000000         1.3352870017         2.0541131609        -0.0538547326
        0.9604015000         2.6600000000         1.3352870017         2.0541131609        -0.0538547326
        0.9653891000         2.6600000000         1.3403916554         2.0541131609         0.0791199158
        0.9704028000         2.6600000000         1.3327346748         2.0464575285        -0.1203420569
        0.9754040000         2.6600000000         1.3276300211         2.0541131609        -0.2533167053
        0.9803931000         2.6600000000         1.3403916554         2.0541131609         0.0791199158
        0.9854273000         2.6600000000         1.3403916554         2.0592169158         0.0791199158
        0.9904415000         2.6600000000         1.3531532897         2.0464575285         0.4115565370
        0.9954256000         2.6600000000         1.3327346748         2.0515612834        -0.1203420569
        1.0004361000         2.6600000000         1.3352870017         2.0541131609        -0.0538547326
        1.0054530000         2.6600000000         1.3378393285         2.0566650383         0.0126325916
        1.0104097000         2.6600000000         1.3454963091         2.0464575285         0.2120945643
        1.0154085000         2.6600000000         1.3429439823         2.0515612834         0.1456072401
        1.0204520000         2.6600000000         1.3429439823         2.0592169158         0.1456072401
        1.0254007000         2.6600000000         1.3403916554         2.0592169158         0.0791199158
        1.0304012000         2.6600000000         1.3352870017         2.0541131609        -0.0538547326
        1.0353911000         2.6600000000         1.3327346748         2.0464575285        -0.1203420569
        1.0404004000         2.6600000000         1.3378393285         2.0541131609         0.0126325916
        1.0454003000         2.6600000000         1.3454963091         2.0592169158         0.2120945643
        1.0503894000         2.6600000000         1.3429439823         2.0643206707         0.1456072401
        1.0553801000         2.6600000000         1.3429439823         2.0592169158         0.1456072401
        1.0604059000         2.6600000000         1.3301823480         2.0464575285        -0.1868293811
        1.0653894000         2.6600000000         1.3301823480         2.0464575285        -0.1868293811
        1.0704023000         2.6600000000         1.3378393285         2.0515612834         0.0126325916
        1.0754489000         2.6600000000         1.3301823480         2.0464575285        -0.1868293811
        1.0803900000         2.6600000000         1.3786765582         2.0617687933         1.0764297792
        1.0854071000         2.6600000000         1.3352870017         2.0541131609        -0.0538547326
        1.0904109000         2.6600000000         1.3352870017         2.0541131609        -0.0538547326
        1.0953960000         2.6600000000         1.3429439823         2.0592169158         0.1456072401
        1.1003990000         2.6600000000         1.3327346748         2.0464575285        -0.1203420569
        1.1053900000         2.6600000000         1.3301823480         2.0490094060        -0.1868293811
        1.1103987000         2.6600000000         1.3352870017         2.0541131609        -0.0538547326
        1.1153973000         2.6600000000         1.3429439823         2.0566650383         0.1456072401
        1.1204095000         2.6600000000         1.3378393285         2.0541131609         0.0126325916
        1.1253906000         2.6600000000         1.3301823480         2.0490094060        -0.1868293811
        1.1304626000         2.6600000000         1.3276300211         2.0490094060        -0.2533167053
        1.1354226000         2.6600000000         1.3352870017         2.0541131609        -0.0538547326
        1.1404219000         2.6600000000         1.3378393285         2.0566650383         0.0126325916
        1.1454050000         2.6600000000         1.3327346748         2.0464575285        -0.1203420569
        1.1503876000         2.6600000000         1.3454963091         2.0490094060         0.2120945643
        1.1553974000         2.6600000000         1.3352870017         2.0515612834        -0.0538547326
        1.1604066000         2.6600000000         1.3403916554         2.0592169158         0.0791199158
        1.1653868000         2.6600000000         1.3454963091         2.0592169158         0.2120945643
        1.1703959000         2.6600000000         1.3378393285         2.0541131609         0.0126325916
        1.1754077000         2.6600000000         1.3301823480         2.0464575285        -0.1868293811
        1.1804058000         2.6600000000         1.3378393285         2.0464575285         0.0126325916
        1.1854235000         2.6600000000         1.3403916554         2.0592169158         0.0791199158
        1.1904051000         2.6600000000         1.3225253674         2.0541131609        -0.3862913538
        1.1957208000         2.6600000000         1.3301823480         2.0515612834        -0.1868293811
        1.2004023000         2.6600000000         1.3352870017         2.0566650383        -0.0538547326
        1.2054032000         2.6600000000         1.3352870017         2.0490094060        -0.0538547326
        1.2103868000         2.6600000000         1.3403916554         2.0592169158         0.0791199158
        1.2154013000         2.6600000000         1.3429439823         2.0592169158         0.1456072401
        1.2204027000         2.6600000000         1.3301823480         2.0464575285        -0.1868293811
        1.2254626000         2.6600000000         1.3557056165         2.0541131609         0.4780438612
        1.2304052000         2.6600000000         1.3352870017         2.0541131609        -0.0538547326
        1.2354130000         2.6600000000         1.3352870017         2.0541131609        -0.0538547326
        1.2403912000         2.6600000000         1.3429439823         2.0566650383         0.1456072401
        1.2454057000         2.6600000000         1.3429439823         2.0592169158         0.1456072401
        1.2503934000         2.6600000000         1.3352870017         2.0515612834        -0.0538547326
        1.2553971000         2.6600000000         1.3429439823         2.0592169158         0.1456072401
        1.2604045000         2.6600000000         1.3378393285         2.0566650383         0.0126325916
        1.2653951000         2.6600000000         1.3352870017         2.0541131609        -0.0538547326
        1.2704355000         2.6600000000         1.3327346748         2.0515612834        -0.1203420569
        1.2754074000         2.6600000000         1.3352870017         2.0541131609        -0.0538547326
        1.2803953000         2.6600000000         1.3352870017         2.0515612834        -0.0538547326
        1.2853986000         2.6600000000         1.3429439823         2.0592169158         0.1456072401
        1.2904074000         2.6600000000         1.3352870017         2.0541131609        -0.0538547326
        1.2954157000         2.6600000000         1.3454963091         2.0566650383         0.2120945643
        1.3004227000         2.6600000000         1.3403916554         2.0541131609         0.0791199158
        1.3054468000         2.6600000000         1.3378393285         2.0541131609         0.0126325916
        1.3104459000         2.6600000000         1.3352870017         2.0541131609        -0.0538547326
        1.3154330000         2.6600000000         1.3352870017         2.0541131609        -0.0538547326
        1.3204092000         2.6600000000         1.3301823480         2.0464575285        -0.1868293811
        1.3253907000         2.6600000000         1.3352870017         2.0541131609        -0.0538547326
        1.3303967000         2.6600000000         1.3378393285         2.0566650383         0.0126325916
        1.3354117000         2.6600000000         1.3429439823         2.0617687933         0.1456072401
        1.3404205000         2.6600000000         1.3352870017         2.0617687933        -0.0538547326
        1.3453872000         2.6600000000         1.3429439823         2.0592169158         0.1456072401
        1.3504115000         2.6600000000         1.3378393285         2.0541131609         0.0126325916
        1.3554272000         2.6600000000         1.3429439823         2.0617687933         0.1456072401
        1.3604267000         2.6600000000         1.3378393285         2.0541131609         0.0126325916
        1.3654212000         2.6600000000         1.3480486360         2.0592169158         0.2785818885
        1.3704439000         2.6600000000         1.3735719045         2.0592169158         0.9434551308
        1.3754062000         2.6600000000         1.3429439823         2.0592169158         0.1456072401
        1.3804823000         2.6600000000         1.3429439823         2.0592169158         0.1456072401
        1.3854801000         2.6600000000         1.3352870017         2.0566650383        -0.0538547326
        1.3904543000         2.6600000000         1.3403916554         2.0541131609         0.0791199158
        1.3954363000         2.6600000000         1.3429439823         2.0643206707         0.1456072401
        1.4004640000         2.6600000000         1.3378393285         2.0566650383         0.0126325916
        1.4054281000         2.6600000000         1.3378393285         2.0541131609         0.0126325916
        1.4105929000         2.6600000000         1.3225253674         2.0464575285        -0.3862913538
        1.4154475000         2.6600000000         1.3454963091         2.0592169158         0.2120945643
        1.4204153000         2.6600000000         1.3352870017         2.0541131609        -0.0538547326
        1.4254417000         2.6600000000         1.3557056165         2.0541131609         0.4780438612
        1.4304798000         2.6600000000         1.3352870017         2.0541131609        -0.0538547326
        1.4354488000         2.6600000000         1.3327346748         2.0490094060        -0.1203420569
        1.4404849000         2.6600000000         1.3403916554         2.0592169158         0.0791199158
        1.4454026000         2.6600000000         1.3403916554         2.0515612834         0.0791199158
        1.4504066000         2.6600000000         1.3378393285         2.0541131609         0.0126325916
        1.4554470000         2.6600000000         1.3327346748         2.0464575285        -0.1203420569
        1.4604242000         2.6600000000         1.3352870017         2.0566650383        -0.0538547326
        1.4654414000         2.6600000000         1.3276300211         2.0515612834        -0.2533167053
        1.4704420000         2.6600000000         1.3429439823         2.0643206707         0.1456072401
        1.4754303000         2.6600000000         1.3352870017         2.0541131609        -0.0538547326
        1.4804140000         2.6600000000         1.3327346748         2.0464575285        -0.1203420569
        1.4854303000         2.6600000000         1.3352870017         2.0566650383        -0.0538547326
        1.4904412000         2.6600000000         1.3352870017         2.0464575285        -0.0538547326
        1.4954289000         2.6600000000         1.3352870017         2.0464575285        -0.0538547326
        1.5004315000         2.6600000000         1.3352870017         2.0464575285        -0.0538547326
        1.5054832000         2.6600000000         1.3378393285         2.0464575285         0.0126325916
        1.5104352000         2.6600000000         1.3378393285         2.0541131609         0.0126325916
        1.5154302000         2.6600000000         1.3429439823         2.0541131609         0.1456072401
        1.5205491000         2.6600000000         1.3403916554         2.0592169158         0.0791199158
        1.5254537000         2.6600000000         1.3352870017         2.0541131609        -0.0538547326
        1.5304215000         2.6600000000         1.3403916554         2.0592169158         0.0791199158
        1.5355019000         2.6600000000         1.3352870017         2.0515612834        -0.0538547326
        1.5404181000         2.6600000000         1.3429439823         2.0592169158         0.1456072401
        1.5454428000         2.6600000000         1.3378393285         2.0541131609         0.0126325916
        1.5504253000         2.6600000000         1.3429439823         2.0592169158         0.1456072401
        1.5554220000         2.6600000000         1.3454963091         2.0592169158         0.2120945643
        1.5604130000         2.6600000000         1.3429439823         2.0617687933         0.1456072401
        1.5654251000         2.6600000000         1.3403916554         2.0541131609         0.0791199158
        1.5705239000         2.6600000000         1.3352870017         2.0566650383        -0.0538547326
        1.5754474000         2.6600000000         1.3454963091         2.0464575285         0.2120945643
        1.5803816000         2.6600000000         1.3403916554         2.0541131609         0.0791199158
        1.5854425000         2.6600000000         1.3301823480         2.0464575285        -0.1868293811
        1.5904282000         2.6600000000         1.3301823480         2.0464575285        -0.1868293811
        1.5953930000         2.6600000000         1.3454963091         2.0592169158         0.2120945643
        1.6004155000         2.6600000000         1.3301823480         2.0464575285        -0.1868293811
        1.6054588000         2.6600000000         1.3378393285         2.0566650383         0.0126325916
        1.6105506000         2.6600000000         1.3480486360         2.0592169158         0.2785818885
        1.6154688000         2.6600000000         1.3378393285         2.0566650383         0.0126325916
        1.6204035000         2.6600000000         1.3378393285         2.0541131609         0.0126325916
        1.6254666000         2.6600000000         1.3301823480         2.0439056511        -0.1868293811
        1.6304514000         2.6600000000         1.3403916554         2.0541131609         0.0791199158
        1.6354565000         2.6600000000         1.3378393285         2.0541131609         0.0126325916
        1.6404630000         2.6600000000         1.3429439823         2.0592169158         0.1456072401
        1.6454763000         2.6600000000         1.3352870017         2.0515612834        -0.0538547326
        1.6504535000         2.6600000000         1.3429439823         2.0592169158         0.1456072401
        1.6554147000         2.6600000000         1.3327346748         2.0464575285        -0.1203420569
        1.6605150000         2.6600000000         1.3352870017         2.0541131609        -0.0538547326
        1.6655167000         2.6600000000         1.3429439823         2.0592169158         0.1456072401
        1.6704342000         2.6600000000         1.3429439823         2.0592169158         0.1456072401
        1.6754607000         2.6600000000         1.3403916554         2.0566650383         0.0791199158
        1.6804298000         2.6600000000         1.3352870017         2.0566650383        -0.0538547326
        1.6854449000         2.6600000000         1.3429439823         2.0617687933         0.1456072401
        1.6904591000         2.6600000000         1.3352870017         2.0490094060        -0.0538547326
        1.6954395000         2.6600000000         1.3352870017         2.0592169158        -0.0538547326
        1.7005114000         2.6600000000         1.3352870017         2.0541131609        -0.0538547326
        1.7054602000         2.6600000000         1.3327346748         2.0464575285        -0.1203420569
        1.7104373000         2.6600000000         1.3352870017         2.0541131609        -0.0538547326
        1.7155120000         2.6600000000         1.3378393285         2.0541131609         0.0126325916
        1.7204621000         2.6600000000         1.3429439823         2.0592169158         0.1456072401
        1.7254350000         2.6600000000         1.3352870017         2.0566650383        -0.0538547326
        1.7304178000         2.6600000000         1.3301823480         2.0464575285        -0.1868293811
        1.7354096000         2.6600000000         1.3301823480         2.0515612834        -0.1868293811
        1.7404497000         2.6600000000         1.3378393285         2.0464575285         0.0126325916
        1.7454248000         2.6600000000         1.3301823480         2.0464575285        -0.1868293811
        1.7504024000         2.6600000000         1.3327346748         2.0464575285        -0.1203420569
        1.7554336000         2.6600000000         1.3378393285         2.0541131609         0.0126325916
        1.7605093000         2.6600000000         1.3352870017         2.0566650383        -0.0538547326
        1.7654144000         2.6600000000         1.3327346748         2.0464575285        -0.1203420569
        1.7704615000         2.6600000000         1.3352870017         2.0515612834        -0.0538547326
        1.7754205000         2.6600000000         1.3378393285         2.0541131609         0.0126325916
        1.7804145000         2.6600000000         1.3301823480         2.0464575285        -0.1868293811
        1.7854586000         2.6600000000         1.3378393285         2.0592169158         0.0126325916
        1.7904075000         2.6600000000         1.3352870017         2.0566650383        -0.0538547326
        1.7954319000         2.6600000000         1.3301823480         2.0515612834        -0.1868293811
        1.8004247000         2.6600000000         1.3352870017         2.0541131609        -0.0538547326
        1.8054360000         2.6600000000         1.3429439823         2.0566650383         0.1456072401
        1.8104404000         2.6600000000         1.3378393285         2.0566650383         0.0126325916
        1.8154768000         2.6600000000         1.3403916554         2.0592169158         0.0791199158
        1.8203989000         2.6600000000         1.3352870017         2.0541131609        -0.0538547326
        1.8254085000         2.6600000000         1.3429439823         2.0541131609         0.1456072401
        1.8304199000         2.6600000000         1.3378393285         2.0541131609         0.0126325916
        1.8354038000         2.6600000000         1.3327346748         2.0490094060        -0.1203420569
        1.8406567000         2.6600000000         1.3352870017         2.0541131609        -0.0538547326
        1.8454205000         2.6600000000         1.3327346748         2.0541131609        -0.1203420569
        1.8504081000         2.6600000000         1.3352870017         2.0541131609        -0.0538547326
        1.8554084000         2.6600000000         1.3301823480         2.0464575285        -0.1868293811
        1.8604048000         2.6600000000         1.3378393285         2.0541131609         0.0126325916
        1.8654011000         2.6600000000         1.3429439823         2.0541131609         0.1456072401
        1.8703972000         2.6600000000         1.3352870017         2.0464575285        -0.0538547326
        1.8754665000         2.6600000000         1.3301823480         2.0464575285        -0.1868293811
        1.8804122000         2.6600000000         1.3403916554         2.0592169158         0.0791199158
        1.8853940000         2.6600000000         1.3429439823         2.0592169158         0.1456072401
        1.8904115000         2.6600000000         1.3352870017         2.0515612834        -0.0538547326
        1.8954531000         2.6600000000         1.3301823480         2.0464575285        -0.1868293811
        1.9004182000         2.6600000000         1.3378393285         2.0541131609         0.0126325916
        1.9054191000         2.6600000000         1.3403916554         2.0541131609         0.0791199158
        1.9104458000         2.6600000000         1.3454963091         2.0592169158         0.2120945643
        1.9154027000         2.6600000000         1.3429439823         2.0566650383         0.1456072401
        1.9204053000         2.6600000000         1.3352870017         2.0566650383        -0.0538547326
        1.9254458000         2.6600000000         1.3301823480         2.0464575285        -0.1868293811
        1.9304637000         2.6600000000         1.3327346748         2.0490094060        -0.1203420569
        1.9354153000         2.6600000000         1.3352870017         2.0566650383        -0.0538547326
        1.9404075000         2.6600000000         1.3378393285         2.0515612834         0.0126325916
        1.9454266000         2.6600000000         1.3429439823         2.0617687933         0.1456072401
        1.9504250000         2.6600000000         1.3327346748         2.0490094060        -0.1203420569
        1.9554661000         2.6600000000         1.3403916554         2.0464575285         0.0791199158
        1.9604450000         2.6600000000         1.3327346748         2.0464575285        -0.1203420569
        1.9654502000         2.6600000000         1.3352870017         2.0566650383        -0.0538547326
        1.9704612000         2.6600000000         1.3403916554         2.0592169158         0.0791199158
        1.9754624000         2.6600000000         1.3403916554         2.0541131609         0.0791199158
        1.9804669000         2.6600000000         1.3378393285         2.0490094060         0.0126325916
        1.9854350000         2.6600000000         1.3429439823         2.0566650383         0.1456072401
        1.9904143000         2.6600000000         1.3403916554         2.0541131609         0.0791199158
        1.9954243000         2.6600000000         1.3557056165         2.0541131609         0.4780438612
        2.0004662000         2.6600000000         1.3378393285         2.0592169158         0.0126325916
        2.0054471000         2.6600000000         1.3735719045         2.0541131609         0.9434551308
        2.0104205000         2.6600000000         1.3301823480         2.0541131609        -0.1868293811
        2.0154564000         2.6600000000         1.3327346748         2.0490094060        -0.1203420569
        2.0204910000         2.6600000000         1.3403916554         2.0592169158         0.0791199158
        2.0254904000         2.6600000000         1.3352870017         2.0515612834        -0.0538547326
        2.0304647000         2.6600000000         1.3352870017         2.0566650383        -0.0538547326
        2.0354483000         2.6600000000         1.3352870017         2.0541131609        -0.0538547326
        2.0404774000         2.6600000000         1.3352870017         2.0515612834        -0.0538547326
        2.0454366000         2.6600000000         1.3378393285         2.0541131609         0.0126325916
        2.0504419000         2.6600000000         1.3429439823         2.0668725482         0.1456072401
        2.0554153000         2.6600000000         1.3378393285         2.0541131609         0.0126325916
        2.0603972000         2.6600000000         1.3378393285         2.0541131609         0.0126325916
        2.0654905000         2.6600000000         1.3506009628         2.0592169158         0.3450692127
        2.0704466000         2.6600000000         1.3352870017         2.0464575285        -0.0538547326
        2.0754403000         2.6600000000         1.3429439823         2.0541131609         0.1456072401
        2.0804652000         2.6600000000         1.3506009628         2.0592169158         0.3450692127
        2.0854621000         2.6600000000         1.3378393285         2.0515612834         0.0126325916
        2.0904181000         2.6600000000         1.3429439823         2.0617687933         0.1456072401
        2.0954101000         2.6600000000         1.3429439823         2.0566650383         0.1456072401
        2.1004130000         2.6600000000         1.3352870017         2.0541131609        -0.0538547326
        2.1054542000         2.6600000000         1.3301823480         2.0464575285        -0.1868293811
        2.1104279000         2.6600000000         1.3276300211         2.0490094060        -0.2533167053
        2.1155191000         2.6600000000         1.3301823480         2.0464575285        -0.1868293811
        2.1204514000         2.6600000000         1.3352870017         2.0566650383        -0.0538547326
        2.1254649000         2.6600000000         1.3301823480         2.0490094060        -0.1868293811
        2.1304436000         2.6600000000         1.3301823480         2.0464575285        -0.1868293811
        2.1354202000         2.6600000000         1.3403916554         2.0541131609         0.0791199158
        2.1406307000         2.6600000000         1.3454963091         2.0592169158         0.2120945643
        2.1454264000         2.6600000000         1.3378393285         2.0464575285         0.0126325916
        2.1504429000         2.6600000000         1.3378393285         2.0541131609         0.0126325916
        2.1554794000         2.6600000000         1.3378393285         2.0541131609         0.0126325916
        2.1604647000         2.6600000000         1.3403916554         2.0592169158         0.0791199158
        2.1654304000         2.6600000000         1.3301823480         2.0464575285        -0.1868293811
        2.1704108000         2.6600000000         1.3352870017         2.0541131609        -0.0538547326
        2.1754391000         2.6600000000         1.3352870017         2.0541131609        -0.0538547326
        2.1803993000         2.6600000000         1.3276300211         2.0490094060        -0.2533167053
        2.1854473000         2.6600000000         1.3352870017         2.0541131609        -0.0538547326
        2.1905146000         2.6600000000         1.3301823480         2.0464575285        -0.1868293811
        2.1955135000         2.6600000000         1.3352870017         2.0541131609        -0.0538547326
        2.2004898000         2.6600000000         1.3352870017         2.0541131609        -0.0538547326
        2.2054749000         2.6600000000         1.3429439823         2.0566650383         0.1456072401
        2.2104674000         2.6600000000         1.3352870017         2.0541131609        -0.0538547326
        2.2154694000         2.6600000000         1.3429439823         2.0617687933         0.1456072401
        2.2204693000         2.6600000000         1.3735719045         2.0541131609         0.9434551308
        2.2256588000         2.6600000000         1.3327346748         2.0490094060        -0.1203420569
        2.2304587000         2.6600000000         1.3352870017         2.0541131609        -0.0538547326
        2.2355526000         2.6600000000         1.3403916554         2.0566650383         0.0791199158
        2.2406492000         2.6600000000         1.3378393285         2.0541131609         0.0126325916
        2.2454660000         2.6600000000         1.3429439823         2.0592169158         0.1456072401
        2.2504339000         2.6600000000         1.3378393285         2.0541131609         0.0126325916
        2.2554530000         2.6600000000         1.3454963091         2.0592169158         0.2120945643
        2.2608767000         2.6600000000         1.3352870017         2.0566650383        -0.0538547326
        2.2654498000         2.6600000000         1.3403916554         2.0617687933         0.0791199158
        2.2704448000         2.6600000000         1.3352870017         2.0541131609        -0.0538547326
        2.2754935000         2.6600000000         1.3301823480         2.0464575285        -0.1868293811
        2.2804785000         2.6600000000         1.3429439823         2.0566650383         0.1456072401
        2.2854674000         2.6600000000         1.3378393285         2.0541131609         0.0126325916
        2.2905293000         2.6600000000         1.3327346748         2.0490094060        -0.1203420569
        2.2954810000         2.6600000000         1.3429439823         2.0566650383         0.1456072401
        2.3004255000         2.6600000000         1.3352870017         2.0541131609        -0.0538547326
        2.3054299000         2.6600000000         1.3301823480         2.0464575285        -0.1868293811
        2.3104609000         2.6600000000         1.3378393285         2.0541131609         0.0126325916
        2.3154461000         2.6600000000         1.3352870017         2.0541131609        -0.0538547326
        2.3204429000         2.6600000000         1.3454963091         2.0592169158         0.2120945643
        2.3254275000         2.6600000000         1.3378393285         2.0515612834         0.0126325916
        2.3305250000         2.6600000000         1.3352870017         2.0515612834        -0.0538547326
        2.3355072000         2.6600000000         1.3327346748         2.0464575285        -0.1203420569
        2.3404445000         2.6600000000         1.3429439823         2.0592169158         0.1456072401
        2.3454396000         2.6600000000         1.3352870017         2.0541131609        -0.0538547326
        2.3504489000         2.6600000000         1.3301823480         2.0464575285        -0.1868293811
        2.3555383000         2.6600000000         1.3352870017         2.0566650383        -0.0538547326
        2.3604408000         2.6600000000         1.3352870017         2.0541131609        -0.0538547326
        2.3654550000         2.6600000000         1.3403916554         2.0592169158         0.0791199158
        2.3705030000         2.6600000000         1.3301823480         2.0490094060        -0.1868293811
        2.3754699000         2.6600000000         1.3327346748         2.0490094060        -0.1203420569
        2.3804432000         2.6600000000         1.3352870017         2.0566650383        -0.0538547326
        2.3854588000         2.6600000000         1.3301823480         2.0464575285        -0.1868293811
        2.3905056000         2.6600000000         1.3327346748         2.0464575285        -0.1203420569
        2.3954597000         2.6600000000         1.3454963091         2.0566650383         0.2120945643
        2.4004496000         2.6600000000         1.3429439823         2.0592169158         0.1456072401
        2.4054654000         2.6600000000         1.3378393285         2.0541131609         0.0126325916
        2.4104631000         2.6600000000         1.3327346748         2.0490094060        -0.1203420569
        2.4154655000         2.6600000000         1.3378393285         2.0515612834         0.0126325916
        2.4204951000         2.6600000000         1.3352870017         2.0541131609        -0.0538547326
        2.4255286000         2.6600000000         1.3378393285         2.0541131609         0.0126325916
        2.4305091000         2.6600000000         1.3378393285         2.0566650383         0.0126325916
        2.4354542000         2.6600000000         1.3352870017         2.0515612834        -0.0538547326
        2.4404505000         2.6600000000         1.3301823480         2.0464575285        -0.1868293811
        2.4454706000         2.6600000000         1.3352870017         2.0541131609        -0.0538547326
        2.4504728000         2.6600000000         1.3429439823         2.0592169158         0.1456072401
        2.4554698000         2.6600000000         1.3403916554         2.0566650383         0.0791199158
        2.4604440000         2.6600000000         1.3378393285         2.0541131609         0.0126325916
        2.4654793000         2.6600000000         1.3352870017         2.0541131609        -0.0538547326
        2.4704744000         2.6600000000         1.3429439823         2.0541131609         0.1456072401
        2.4754662000         2.6600000000         1.3327346748         2.0464575285        -0.1203420569
        2.4804257000         2.6600000000         1.3429439823         2.0592169158         0.1456072401
        2.4854239000         2.6600000000         1.3276300211         2.0541131609        -0.2533167053
        2.4904493000         2.6600000000         1.3352870017         2.0592169158        -0.0538547326
        2.4956322000         2.6600000000         1.3352870017         2.0464575285        -0.0538547326
        2.5004803000         2.6600000000         1.3352870017         2.0541131609        -0.0538547326
        2.5054455000         2.6600000000         1.3352870017         2.0566650383        -0.0538547326
        2.5104056000         2.6600000000         1.3301823480         2.0515612834        -0.1868293811
        2.5154066000         2.6600000000         1.3352870017         2.0541131609        -0.0538547326
        2.5204335000         2.6600000000         1.3608102703         2.0592169158         0.6110185096
        2.5254260000         2.6600000000         1.3352870017         2.0515612834        -0.0538547326
        2.5305241000         2.6600000000         1.3378393285         2.0566650383         0.0126325916
        2.5354219000         2.6600000000         1.3403916554         2.0617687933         0.0791199158
        2.5404172000         2.6600000000         1.3378393285         2.0566650383         0.0126325916
        2.5454122000         2.6600000000         1.3429439823         2.0592169158         0.1456072401
        2.5503937000         2.6600000000         1.3454963091         2.0592169158         0.2120945643
        2.5553943000         2.6600000000         1.3429439823         2.0592169158         0.1456072401
        2.5604074000         2.6600000000         1.3250776943         2.0490094060        -0.3198040295
        2.5653988000         2.6600000000         1.3352870017         2.0592169158        -0.0538547326
        2.5704067000         2.6600000000         1.3352870017         2.0566650383        -0.0538547326
        2.5753868000         2.6600000000         1.3429439823         2.0592169158         0.1456072401
        2.5804275000         2.6600000000         1.3352870017         2.0566650383        -0.0538547326
        2.5854217000         2.6600000000         1.3301823480         2.0464575285        -0.1868293811
        2.5904224000         2.6600000000         1.3403916554         2.0490094060         0.0791199158
        2.5954095000         2.6600000000         1.3378393285         2.0541131609         0.0126325916
        2.6004225000         2.6600000000         1.3352870017         2.0541131609        -0.0538547326
        2.6054166000         2.6600000000         1.3301823480         2.0490094060        -0.1868293811
        2.6104101000         2.6600000000         1.3378393285         2.0541131609         0.0126325916
        2.6154086000         2.6600000000         1.3429439823         2.0592169158         0.1456072401
        2.6204188000         2.6600000000         1.3378393285         2.0541131609         0.0126325916
        2.6254092000         2.6600000000         1.3352870017         2.0566650383        -0.0538547326
        2.6306775000         2.6600000000         1.3352870017         2.0464575285        -0.0538547326
        2.6355080000         2.6600000000         1.3250776943         2.0541131609        -0.3198040295
        2.6404144000         2.6600000000         1.3378393285         2.0566650383         0.0126325916
        2.6454319000         2.6600000000         1.3352870017         2.0541131609        -0.0538547326
        2.6504023000         2.6600000000         1.3378393285         2.0541131609         0.0126325916
        2.6553995000         2.6600000000         1.3301823480         2.0464575285        -0.1868293811
        2.6604130000         2.6600000000         1.3301823480         2.0464575285        -0.1868293811
        2.6653945000         2.6600000000         1.3352870017         2.0592169158        -0.0538547326
        2.6703994000         2.6600000000         1.3327346748         2.0541131609        -0.1203420569
        2.6754077000         2.6600000000         1.3301823480         2.0464575285        -0.1868293811
        2.6804045000         2.6600000000         1.3429439823         2.0592169158         0.1456072401
        2.6853982000         2.6600000000         1.3429439823         2.0617687933         0.1456072401
        2.6903895000         2.6600000000         1.3352870017         2.0515612834        -0.0538547326
        2.6955350000         2.6600000000         1.3378393285         2.0541131609         0.0126325916
        2.7004110000         2.6600000000         1.3352870017         2.0566650383        -0.0538547326
        2.7053905000         2.6600000000         1.3378393285         2.0541131609         0.0126325916
        2.7104302000         2.6600000000         1.3454963091         2.0617687933         0.2120945643
        2.7154083000         2.6600000000         1.3378393285         2.0541131609         0.0126325916
        2.7203974000         2.6600000000         1.3429439823         2.0592169158         0.1456072401
        2.7254026000         2.6600000000         1.3429439823         2.0592169158         0.1456072401
        2.7303934000         2.6600000000         1.3403916554         2.0541131609         0.0791199158
        2.7353943000         2.6600000000         1.3403916554         2.0541131609         0.0791199158
        2.7403988000         2.6600000000         1.3608102703         2.0541131609         0.6110185096
        2.7454075000         2.6600000000         1.3403916554         2.0566650383         0.0791199158
        2.7503991000         2.6600000000         1.3301823480         2.0464575285        -0.1868293811
        2.7554034000         2.6600000000         1.3301823480         2.0464575285        -0.1868293811
        2.7603928000         2.6600000000         1.3378393285         2.0515612834         0.0126325916
        2.7653971000         2.6600000000         1.3378393285         2.0541131609         0.0126325916
        2.7704203000         2.6600000000         1.3352870017         2.0541131609        -0.0538547326
        2.7753852000         2.6600000000         1.3429439823         2.0592169158         0.1456072401
        2.7804244000         2.6600000000         1.3327346748         2.0490094060        -0.1203420569
        2.7854049000         2.6600000000         1.3327346748         2.0490094060        -0.1203420569
        2.7903916000         2.6600000000         1.3327346748         2.0464575285        -0.1203420569
        2.7954247000         2.6600000000         1.3301823480         2.0464575285        -0.1868293811
        2.8004046000         2.6600000000         1.3301823480         2.0464575285        -0.1868293811
        2.8053907000         2.6600000000         1.3403916554         2.0541131609         0.0791199158
        2.8104247000         2.6600000000         1.3378393285         2.0541131609         0.0126325916
        2.8154060000         2.6600000000         1.3659149240         2.0541131609         0.7439931581
        2.8203976000         2.6600000000         1.3352870017         2.0541131609        -0.0538547326
        2.8254034000         2.6600000000         1.3429439823         2.0592169158         0.1456072401
        2.8304276000         2.6600000000         1.3378393285         2.0566650383         0.0126325916
        2.8356441000         2.6600000000         1.3378393285         2.0515612834         0.0126325916
        2.8404120000         2.6600000000         1.3327346748         2.0464575285        -0.1203420569
        2.8454064000         2.6600000000         1.3378393285         2.0541131609         0.0126325916
        2.8504163000         2.6600000000         1.3327346748         2.0490094060        -0.1203420569
        2.8553970000         2.6600000000         1.3378393285         2.0617687933         0.0126325916
        2.8605366000         2.6600000000         1.3378393285         2.0566650383         0.0126325916
        2.8653967000         2.6600000000         1.3429439823         2.0592169158         0.1456072401
        2.8704044000         2.6600000000         1.3352870017         2.0515612834        -0.0538547326
        2.8754071000         2.6600000000         1.3301823480         2.0464575285        -0.1868293811
        2.8803908000         2.6600000000         1.3327346748         2.0464575285        -0.1203420569
        2.8854088000         2.6600000000         1.3301823480         2.0490094060        -0.1868293811
        2.8904045000         2.6600000000         1.3352870017         2.0541131609        -0.0538547326
        2.8954163000         2.6600000000         1.3352870017         2.0541131609        -0.0538547326
        2.9004175000         2.6600000000         1.3378393285         2.0541131609         0.0126325916
        2.9054119000         2.6600000000         1.3378393285         2.0515612834         0.0126325916
        2.9103931000         2.6600000000         1.3327346748         2.0490094060        -0.1203420569
        2.9154079000         2.6600000000         1.3327346748         2.0464575285        -0.1203420569
        2.9203897000         2.6600000000         1.3378393285         2.0541131609         0.0126325916
        2.9254016000         2.6600000000         1.3352870017         2.0490094060        -0.0538547326
        2.9303891000         2.6600000000         1.3429439823         2.0592169158         0.1456072401
        2.9353942000         2.6600000000         1.3429439823         2.0592169158         0.1456072401
        2.9403935000         2.6600000000         1.3429439823         2.0592169158         0.1456072401
        2.9454102000         2.6600000000         1.3454963091         2.0592169158         0.2120945643
        2.9504073000         2.6600000000         1.3454963091         2.0592169158         0.2120945643
        2.9553946000         2.6600000000         1.3378393285         2.0541131609         0.0126325916
        2.9604018000         2.6600000000         1.3352870017         2.0541131609        -0.0538547326
        2.9654703000         2.6600000000         1.3352870017         2.0541131609        -0.0538547326
        2.9703948000         2.6600000000         1.3352870017         2.0541131609        -0.0538547326
        2.9754101000         2.6600000000         1.3327346748         2.0490094060        -0.1203420569
        2.9803869000         2.6600000000         1.3301823480         2.0464575285        -0.1868293811
        2.9854115000         2.6600000000         1.3352870017         2.0464575285        -0.0538547326
        2.9904228000         2.6600000000         1.3403916554         2.0541131609         0.0791199158
        2.9953968000         2.6600000000         1.3276300211         2.0490094060        -0.2533167053
        3.0004023000         2.6600000000         1.3327346748         2.0439056511        -0.1203420569
        3.0054045000         2.6600000000         1.3276300211         2.0490094060        -0.2533167053
        3.0103916000         2.6600000000         1.3352870017         2.0541131609        -0.0538547326
        3.0154009000         2.6600000000         1.3454963091         2.0566650383         0.2120945643
        3.0204005000         2.6600000000         1.3352870017         2.0541131609        -0.0538547326
        3.0254016000         2.6600000000         1.3429439823         2.0592169158         0.1456072401
        3.0304049000         2.6600000000         1.3429439823         2.0592169158         0.1456072401
        3.0354352000         2.6600000000         1.3429439823         2.0617687933         0.1456072401
        3.0403991000         2.6600000000         1.3352870017         2.0541131609        -0.0538547326
        3.0454408000         2.6600000000         1.3352870017         2.0515612834        -0.0538547326
        3.0504361000         2.6600000000         1.3327346748         2.0464575285        -0.1203420569
        3.0554051000         2.6600000000         1.3403916554         2.0541131609         0.0791199158
        3.0604016000         2.6600000000         1.3327346748         2.0464575285        -0.1203420569
        3.0654711000         2.6600000000         1.3327346748         2.0515612834        -0.1203420569
        3.0704047000         2.6600000000         1.3352870017         2.0464575285        -0.0538547326
        3.0754565000         2.6600000000         1.3301823480         2.0541131609        -0.1868293811
        3.0804409000         2.6600000000         1.3301823480         2.0464575285        -0.1868293811
        3.0854320000         2.6600000000         1.3429439823         2.0592169158         0.1456072401
        3.0904146000         2.6600000000         1.3378393285         2.0566650383         0.0126325916
        3.0954158000         2.6600000000         1.3352870017         2.0515612834        -0.0538547326
        3.1003967000         2.6600000000         1.3301823480         2.0490094060        -0.1868293811
        3.1054607000         2.6600000000         1.3429439823         2.0617687933         0.1456072401
        3.1103961000         2.6600000000         1.3352870017         2.0541131609        -0.0538547326
        3.1153794000         2.6600000000         1.3429439823         2.0592169158         0.1456072401
        3.1204780000         2.6600000000         1.3378393285         2.0541131609         0.0126325916
        3.1254260000         2.6600000000         1.3454963091         2.0592169158         0.2120945643
        3.1304064000         2.6600000000         1.3454963091         2.0617687933         0.2120945643
        3.1353894000         2.6600000000         1.3429439823         2.0617687933         0.1456072401
        3.1403969000         2.6600000000         1.3378393285         2.0464575285         0.0126325916
        3.1454206000         2.6600000000         1.3301823480         2.0490094060        -0.1868293811
        3.1504146000         2.6600000000         1.3378393285         2.0541131609         0.0126325916
        3.1554248000         2.6600000000         1.3378393285         2.0541131609         0.0126325916
        3.1604146000         2.6600000000         1.3429439823         2.0541131609         0.1456072401
        3.1653831000         2.6600000000         1.3352870017         2.0490094060        -0.0538547326
        3.1703926000         2.6600000000         1.3301823480         2.0490094060        -0.1868293811
        3.1754044000         2.6600000000         1.3301823480         2.0464575285        -0.1868293811
        3.1804358000         2.6600000000         1.3301823480         2.0490094060        -0.1868293811
        3.1854487000         2.6600000000         1.3301823480         2.0515612834        -0.1868293811
        3.1904671000         2.6600000000         1.3557056165         2.0541131609         0.4780438612
        3.1957707000         2.6600000000         1.3429439823         2.0592169158         0.1456072401
        3.2004487000         2.6600000000         1.3352870017         2.0541131609        -0.0538547326
        3.2054361000         2.6600000000         1.3454963091         2.0566650383         0.2120945643
        3.2104148000         2.6600000000         1.3352870017         2.0541131609        -0.0538547326
        3.2153941000         2.6600000000         1.3276300211         2.0490094060        -0.2533167053
        3.2204129000         2.6600000000         1.3352870017         2.0515612834        -0.0538547326
        3.2253865000         2.6600000000         1.3378393285         2.0515612834         0.0126325916
        3.2304077000         2.6600000000         1.3429439823         2.0592169158         0.1456072401
        3.2353881000         2.6600000000         1.3301823480         2.0490094060        -0.1868293811
        3.2403960000         2.6600000000         1.3301823480         2.0515612834        -0.1868293811
        3.2454005000         2.6600000000         1.3352870017         2.0515612834        -0.0538547326
        3.2504115000         2.6600000000         1.3327346748         2.0464575285        -0.1203420569
        3.2553963000         2.6600000000         1.3301823480         2.0464575285        -0.1868293811
        3.2604060000         2.6600000000         1.3378393285         2.0541131609         0.0126325916
        3.2654062000         2.6600000000         1.3403916554         2.0592169158         0.0791199158
        3.2705313000         2.6600000000         1.3378393285         2.0541131609         0.0126325916
        3.2754682000         2.6600000000         1.3429439823         2.0566650383         0.1456072401
        3.2804118000         2.6600000000         1.3276300211         2.0490094060        -0.2533167053
        3.2853773000         2.6600000000         1.3352870017         2.0515612834        -0.0538547326
        3.2904069000         2.6600000000         1.3352870017         2.0541131609        -0.0538547326
        3.2953940000         2.6600000000         1.3429439823         2.0617687933         0.1456072401
        3.3003954000         2.6600000000         1.3301823480         2.0541131609        -0.1868293811
        3.3053899000         2.6600000000         1.3786765582         2.0592169158         1.0764297792
        3.3104649000         2.6600000000         1.3352870017         2.0541131609        -0.0538547326
        3.3154065000         2.6600000000         1.3352870017         2.0541131609        -0.0538547326
        3.3204196000         2.6600000000         1.3301823480         2.0464575285        -0.1868293811
        3.3253878000         2.6600000000         1.3301823480         2.0490094060        -0.1868293811
        3.3304261000         2.6600000000         1.3378393285         2.0515612834         0.0126325916
        3.3354087000         2.6600000000         1.3378393285         2.0541131609         0.0126325916
        3.3404188000         2.6600000000         1.3352870017         2.0541131609        -0.0538547326
        3.3453794000         2.6600000000         1.3403916554         2.0592169158         0.0791199158
        3.3504048000         2.6600000000         1.3352870017         2.0464575285        -0.0538547326
        3.3555067000         2.6600000000         1.3429439823         2.0592169158         0.1456072401
        3.3604034000         2.6600000000         1.3429439823         2.0592169158         0.1456072401
        3.3654101000         2.6600000000         1.3352870017         2.0541131609        -0.0538547326
        3.3704242000         2.6600000000         1.3301823480         2.0464575285        -0.1868293811
        3.3754647000         2.6600000000         1.3378393285         2.0566650383         0.0126325916
        3.3805260000         2.6600000000         1.3429439823         2.0592169158         0.1456072401
        3.3854643000         2.6600000000         1.3352870017         2.0541131609        -0.0538547326
        3.3904997000         2.6600000000         1.3327346748         2.0464575285        -0.1203420569
        3.3954576000         2.6600000000         1.3301823480         2.0515612834        -0.1868293811
        3.4004622000         2.6600000000         1.3352870017         2.0515612834        -0.0538547326
        3.4054272000         2.6600000000         1.3378393285         2.0566650383         0.0126325916
        3.4104434000         2.6600000000         1.3378393285         2.0541131609         0.0126325916
        3.4154120000         2.6600000000         1.3454963091         2.0617687933         0.2120945643
        3.4204093000         2.6600000000         1.3454963091         2.0566650383         0.2120945643
        3.4253964000         2.6600000000         1.3352870017         2.0490094060        -0.0538547326
        3.4304109000         2.6600000000         1.3378393285         2.0515612834         0.0126325916
        3.4354053000         2.6600000000         1.3429439823         2.0592169158         0.1456072401
        3.4404242000         2.6600000000         1.3352870017         2.0515612834        -0.0538547326
        3.4453953000         2.6600000000         1.3352870017         2.0592169158        -0.0538547326
        3.4504088000         2.6600000000         1.3403916554         2.0592169158         0.0791199158
        3.4553857000         2.6600000000         1.3429439823         2.0566650383         0.1456072401
        3.4604029000         2.6600000000         1.3378393285         2.0592169158         0.0126325916
        3.4654065000         2.6600000000         1.3429439823         2.0592169158         0.1456072401
        3.4704152000         2.6600000000         1.3301823480         2.0490094060        -0.1868293811
        3.4753992000         2.6600000000         1.3378393285         2.0541131609         0.0126325916
        3.4804158000         2.6600000000         1.3352870017         2.0541131609        -0.0538547326
        3.4853991000         2.6600000000         1.3454963091         2.0592169158         0.2120945643
        3.4904081000         2.6600000000         1.3429439823         2.0592169158         0.1456072401
        3.4953854000         2.6600000000         1.3352870017         2.0541131609        -0.0538547326
        3.5003991000         2.6600000000         1.3378393285         2.0515612834         0.0126325916
        3.5054079000         2.6600000000         1.3352870017         2.0541131609        -0.0538547326
        3.5104146000         2.6600000000         1.3378393285         2.0515612834         0.0126325916
        3.5153958000         2.6600000000         1.3327346748         2.0464575285        -0.1203420569
        3.5204164000         2.6600000000         1.3301823480         2.0490094060        -0.1868293811
        3.5253945000         2.6600000000         1.3352870017         2.0541131609        -0.0538547326
        3.5304027000         2.6600000000         1.3378393285         2.0541131609         0.0126325916
        3.5354021000         2.6600000000         1.3378393285         2.0541131609         0.0126325916
        3.5404137000         2.6600000000         1.3301823480         2.0464575285        -0.1868293811
        3.5453935000         2.6600000000         1.3378393285         2.0541131609         0.0126325916
        3.5504008000         2.6600000000         1.3378393285         2.0541131609         0.0126325916
        3.5553924000         2.6600000000         1.3403916554         2.0541131609         0.0791199158
        3.5603915000         2.6600000000         1.3327346748         2.0490094060        -0.1203420569
        3.5654314000         2.6600000000         1.3429439823         2.0566650383         0.1456072401
        3.5704322000         2.6600000000         1.3378393285         2.0541131609         0.0126325916
        3.5754200000         2.6600000000         1.3429439823         2.0592169158         0.1456072401
        3.5804105000         2.6600000000         1.3378393285         2.0515612834         0.0126325916
        3.5854147000         2.6600000000         1.3327346748         2.0464575285        -0.1203420569
        3.5904714000         2.6600000000         1.3454963091         2.0592169158         0.2120945643
        3.5954963000         2.6600000000         1.3454963091         2.0592169158         0.2120945643
        3.6004139000         2.6600000000         1.3352870017         2.0592169158        -0.0538547326
        3.6054176000         2.6600000000         1.3352870017         2.0541131609        -0.0538547326
        3.6104870000         2.6600000000         1.3301823480         2.0592169158        -0.1868293811
        3.6154138000         2.6600000000         1.3429439823         2.0617687933         0.1456072401
        3.6204023000         2.6600000000         1.3429439823         2.0592169158         0.1456072401
        3.6254373000         2.6600000000         1.3378393285         2.0490094060         0.0126325916
        3.6304306000         2.6600000000         1.3378393285         2.0541131609         0.0126325916
        3.6353996000         2.6600000000         1.3454963091         2.0541131609         0.2120945643
        3.6404115000         2.6600000000         1.3301823480         2.0464575285        -0.1868293811
        3.6454184000         2.6600000000         1.3352870017         2.0541131609        -0.0538547326
        3.6504002000         2.6600000000         1.3301823480         2.0490094060        -0.1868293811
        3.6555527000         2.6600000000         1.3352870017         2.0541131609        -0.0538547326
        3.6604231000         2.6600000000         1.3352870017         2.0541131609        -0.0538547326
        3.6654009000         2.6600000000         1.3352870017         2.0541131609        -0.0538547326
        3.6704253000         2.6600000000         1.3454963091         2.0592169158         0.2120945643
        3.6754314000         2.6600000000         1.3378393285         2.0592169158         0.0126325916
        3.6804117000         2.6600000000         1.3454963091         2.0592169158         0.2120945643
        3.6854173000         2.6600000000         1.3378393285         2.0541131609         0.0126325916
        3.6904212000         2.6600000000         1.3352870017         2.0490094060        -0.0538547326
        3.6954499000         2.6600000000         1.3352870017         2.0541131609        -0.0538547326
        3.7004148000         2.6600000000         1.3352870017         2.0541131609        -0.0538547326
        3.7053977000         2.6600000000         1.3608102703         2.0541131609         0.6110185096
        3.7104105000         2.6600000000         1.3352870017         2.0541131609        -0.0538547326
        3.7154863000         2.6600000000         1.3352870017         2.0515612834        -0.0538547326
        3.7204039000         2.6600000000         1.3352870017         2.0541131609        -0.0538547326
        3.7254153000         2.6600000000         1.3378393285         2.0566650383         0.0126325916
        3.7304795000         2.6600000000         1.3301823480         2.0490094060        -0.1868293811
        3.7355432000         2.6600000000         1.3352870017         2.0541131609        -0.0538547326
        3.7404381000         2.6600000000         1.3378393285         2.0541131609         0.0126325916
        3.7454258000         2.6600000000         1.3378393285         2.0541131609         0.0126325916
        3.7504331000         2.6600000000         1.3429439823         2.0592169158         0.1456072401
        3.7554342000         2.6600000000         1.3454963091         2.0617687933         0.2120945643
        3.7604186000         2.6600000000         1.3352870017         2.0566650383        -0.0538547326
        3.7654346000         2.6600000000         1.3378393285         2.0490094060         0.0126325916
        3.7704298000         2.6600000000         1.3352870017         2.0541131609        -0.0538547326
        3.7754605000         2.6600000000         1.3378393285         2.0541131609         0.0126325916
        3.7804042000         2.6600000000         1.3710195777         2.0617687933         0.8769678065
        3.7854241000         2.6600000000         1.3403916554         2.0592169158         0.0791199158
        3.7904040000         2.6600000000         1.3352870017         2.0541131609        -0.0538547326
        3.7954049000         2.6600000000         1.3378393285         2.0541131609         0.0126325916
        3.8004074000         2.6600000000         1.3276300211         2.0464575285        -0.2533167053
        3.8054251000         2.6600000000         1.3352870017         2.0566650383        -0.0538547326
        3.8104361000         2.6600000000         1.3352870017         2.0541131609        -0.0538547326
        3.8154089000         2.6600000000         1.3301823480         2.0490094060        -0.1868293811
        3.8203948000         2.6600000000         1.3352870017         2.0541131609        -0.0538547326
        3.8253825000         2.6600000000         1.3429439823         2.0566650383         0.1456072401
        3.8304073000         2.6600000000         1.3378393285         2.0592169158         0.0126325916
        3.8354309000         2.6600000000         1.3352870017         2.0541131609        -0.0538547326
        3.8404111000         2.6600000000         1.3327346748         2.0490094060        -0.1203420569
        3.8454181000         2.6600000000         1.3301823480         2.0464575285        -0.1868293811
        3.8504061000         2.6600000000         1.3352870017         2.0541131609        -0.0538547326
        3.8554172000         2.6600000000         1.3352870017         2.0541131609        -0.0538547326
        3.8604937000         2.6600000000         1.3352870017         2.0515612834        -0.0538547326
        3.8654922000         2.6600000000         1.3352870017         2.0541131609        -0.0538547326
        3.8704993000         2.6600000000         1.3327346748         2.0464575285        -0.1203420569
        3.8755252000         2.6600000000         1.3378393285         2.0541131609         0.0126325916
        3.8804277000         2.6600000000         1.3403916554         2.0592169158         0.0791199158
        3.8854516000         2.6600000000         1.3378393285         2.0541131609         0.0126325916
        3.8904205000         2.6600000000         1.3403916554         2.0515612834         0.0791199158
        3.8953981000         2.6600000000         1.3352870017         2.0592169158        -0.0538547326
        3.9004322000         2.6600000000         1.3582579434         2.0490094060         0.5445311854
        3.9054117000         2.6600000000         1.3429439823         2.0592169158         0.1456072401
        3.9104445000         2.6600000000         1.3429439823         2.0566650383         0.1456072401
        3.9154105000         2.6600000000         1.3429439823         2.0592169158         0.1456072401
        3.9203960000         2.6600000000         1.3378393285         2.0541131609         0.0126325916
        3.9254053000         2.6600000000         1.3378393285         2.0566650383         0.0126325916
        3.9304231000         2.6600000000         1.3378393285         2.0515612834         0.0126325916
        3.9354018000         2.6600000000         1.3327346748         2.0541131609        -0.1203420569
        3.9404114000         2.6600000000         1.3378393285         2.0541131609         0.0126325916
        3.9453917000         2.6600000000         1.3429439823         2.0617687933         0.1456072401
        3.9505961000         2.6600000000         1.3378393285         2.0592169158         0.0126325916
        3.9554532000         2.6600000000         1.3352870017         2.0464575285        -0.0538547326
        3.9604431000         2.6600000000         1.3378393285         2.0541131609         0.0126325916
        3.9654270000         2.6600000000         1.3378393285         2.0541131609         0.0126325916
        3.9705683000         2.6600000000         1.3429439823         2.0592169158         0.1456072401
        3.9754360000         2.6600000000         1.3480486360         2.0541131609         0.2785818885
        3.9804276000         2.6600000000         1.3301823480         2.0464575285        -0.1868293811
        3.9855378000         2.6600000000         1.3378393285         2.0566650383         0.0126325916
        3.9904248000         2.6600000000         1.3352870017         2.0541131609        -0.0538547326
        3.9954291000         2.6600000000         1.3403916554         2.0592169158         0.0791199158
        4.0004089000         2.6600000000         1.3429439823         2.0617687933         0.1456072401
