% Sweep Step 30/200  Vcmd=2.3500V  CCW 
% Vg_offset=1.337508V  K_gimbal=26.049690

Time[s]              Vcmd[V]              Vg_raw[V]            Pot[V]             Omega[rad/s]
        0.0019806000         2.3500000000         1.3327346748         1.2119935994        -0.1243312963
        0.0054031000         2.3500000000         1.3301823480         1.2119935994        -0.1908186205
        0.0104361000         2.3500000000         1.3429439823         1.2222011093         0.1416180006
        0.0154661000         2.3500000000         1.3352870017         1.2094417220        -0.0578439721
        0.0204226000         2.3500000000         1.3327346748         1.2119935994        -0.1243312963
        0.0253930000         2.3500000000         1.3429439823         1.2170973543         0.1416180006
        0.0303935000         2.3500000000         1.3352870017         1.2170973543        -0.0578439721
        0.0353979000         2.3500000000         1.3301823480         1.2119935994        -0.1908186205
        0.0403863000         2.3500000000         1.3378393285         1.2222011093         0.0086433521
        0.0453877000         2.3500000000         1.3378393285         1.2170973543         0.0086433521
        0.0504501000         2.3500000000         1.3378393285         1.2145454769         0.0086433521
        0.0554592000         2.3500000000         1.3352870017         1.2196492318        -0.0578439721
        0.0604145000         2.3500000000         1.3327346748         1.2119935994        -0.1243312963
        0.0653956000         2.3500000000         1.3352870017         1.2196492318        -0.0578439721
        0.0704091000         2.3500000000         1.3378393285         1.2145454769         0.0086433521
        0.0753942000         2.3500000000         1.3352870017         1.2196492318        -0.0578439721
        0.0804027000         2.3500000000         1.3378393285         1.2196492318         0.0086433521
        0.0853879000         2.3500000000         1.3429439823         1.2247529867         0.1416180006
        0.0903930000         2.3500000000         1.3403916554         1.2247529867         0.0751306764
        0.0953747000         2.3500000000         1.3276300211         1.2196492318        -0.2573059448
        0.1003914000         2.3500000000         1.3301823480         1.2170973543        -0.1908186205
        0.1054359000         2.3500000000         1.3378393285         1.2170973543         0.0086433521
        0.1104041000         2.3500000000         1.3301823480         1.2196492318        -0.1908186205
        0.1153899000         2.3500000000         1.3352870017         1.2196492318        -0.0578439721
        0.1203956000         2.3500000000         1.3352870017         1.2119935994        -0.0578439721
        0.1254431000         2.3500000000         1.3327346748         1.2094417220        -0.1243312963
        0.1303845000         2.3500000000         1.3327346748         1.2094417220        -0.1243312963
        0.1353922000         2.3500000000         1.3327346748         1.2094417220        -0.1243312963
        0.1403847000         2.3500000000         1.3582579434         1.2145454769         0.5405419460
        0.1453889000         2.3500000000         1.3352870017         1.2170973543        -0.0578439721
        0.1503997000         2.3500000000         1.3378393285         1.2170973543         0.0086433521
        0.1553827000         2.3500000000         1.3429439823         1.2222011093         0.1416180006
        0.1603906000         2.3500000000         1.3429439823         1.2222011093         0.1416180006
        0.1653936000         2.3500000000         1.3454963091         1.2222011093         0.2081053248
        0.1704073000         2.3500000000         1.3429439823         1.2196492318         0.1416180006
        0.1753901000         2.3500000000         1.3327346748         1.2094417220        -0.1243312963
        0.1803967000         2.3500000000         1.3301823480         1.2094417220        -0.1908186205
        0.1854088000         2.3500000000         1.3352870017         1.2119935994        -0.0578439721
        0.1904697000         2.3500000000         1.3378393285         1.2170973543         0.0086433521
        0.1954104000         2.3500000000         1.3352870017         1.2196492318        -0.0578439721
        0.2005496000         2.3500000000         1.3454963091         1.2196492318         0.2081053248
        0.2054214000         2.3500000000         1.3352870017         1.2145454769        -0.0578439721
        0.2104243000         2.3500000000         1.3378393285         1.2145454769         0.0086433521
        0.2153837000         2.3500000000         1.3506009628         1.2222011093         0.3410799733
        0.2203929000         2.3500000000         1.3454963091         1.2196492318         0.2081053248
        0.2253990000         2.3500000000         1.3403916554         1.2094417220         0.0751306764
        0.2304138000         2.3500000000         1.3352870017         1.2145454769        -0.0578439721
        0.2354210000         2.3500000000         1.3403916554         1.2170973543         0.0751306764
        0.2404078000         2.3500000000         1.3429439823         1.2196492318         0.1416180006
        0.2453946000         2.3500000000         1.3352870017         1.2119935994        -0.0578439721
        0.2504236000         2.3500000000         1.3378393285         1.2170973543         0.0086433521
        0.2554510000         2.3500000000         1.3327346748         1.2145454769        -0.1243312963
        0.2604126000         2.3500000000         1.3327346748         1.2119935994        -0.1243312963
        0.2654281000         2.3500000000         1.3327346748         1.2094417220        -0.1243312963
        0.2704128000         2.3500000000         1.3454963091         1.2222011093         0.2081053248
        0.2754205000         2.3500000000         1.3429439823         1.2196492318         0.1416180006
        0.2804284000         2.3500000000         1.3454963091         1.2222011093         0.2081053248
        0.2854519000         2.3500000000         1.3454963091         1.2222011093         0.2081053248
        0.2904224000         2.3500000000         1.3352870017         1.2170973543        -0.0578439721
        0.2954047000         2.3500000000         1.3403916554         1.2145454769         0.0751306764
        0.3003938000         2.3500000000         1.3352870017         1.2094417220        -0.0578439721
        0.3054227000         2.3500000000         1.3608102703         1.2145454769         0.6070292702
        0.3104088000         2.3500000000         1.3327346748         1.2119935994        -0.1243312963
        0.3154221000         2.3500000000         1.3301823480         1.2094417220        -0.1908186205
        0.3204196000         2.3500000000         1.3327346748         1.2068898445        -0.1243312963
        0.3254023000         2.3500000000         1.3429439823         1.2196492318         0.1416180006
        0.3303990000         2.3500000000         1.3301823480         1.2145454769        -0.1908186205
        0.3353905000         2.3500000000         1.3378393285         1.2170973543         0.0086433521
        0.3403825000         2.3500000000         1.3327346748         1.2094417220        -0.1243312963
        0.3453926000         2.3500000000         1.3327346748         1.2094417220        -0.1243312963
        0.3503959000         2.3500000000         1.3301823480         1.2094417220        -0.1908186205
        0.3553851000         2.3500000000         1.3352870017         1.2170973543        -0.0578439721
        0.3603897000         2.3500000000         1.3378393285         1.2145454769         0.0086433521
        0.3654855000         2.3500000000         1.3327346748         1.2094417220        -0.1243312963
        0.3704011000         2.3500000000         1.3403916554         1.2145454769         0.0751306764
        0.3754667000         2.3500000000         1.3352870017         1.2145454769        -0.0578439721
        0.3804173000         2.3500000000         1.3403916554         1.2145454769         0.0751306764
        0.3854188000         2.3500000000         1.3378393285         1.2094417220         0.0086433521
        0.3904112000         2.3500000000         1.3378393285         1.2145454769         0.0086433521
        0.3953981000         2.3500000000         1.3327346748         1.2094417220        -0.1243312963
        0.4004053000         2.3500000000         1.3378393285         1.2145454769         0.0086433521
        0.4053874000         2.3500000000         1.3378393285         1.2145454769         0.0086433521
        0.4104075000         2.3500000000         1.3429439823         1.2222011093         0.1416180006
        0.4154100000         2.3500000000         1.3429439823         1.2222011093         0.1416180006
        0.4204211000         2.3500000000         1.3378393285         1.2145454769         0.0086433521
        0.4254619000         2.3500000000         1.3327346748         1.2094417220        -0.1243312963
        0.4304181000         2.3500000000         1.3327346748         1.2094417220        -0.1243312963
        0.4354516000         2.3500000000         1.3429439823         1.2145454769         0.1416180006
        0.4404105000         2.3500000000         1.3403916554         1.2196492318         0.0751306764
        0.4454155000         2.3500000000         1.3454963091         1.2145454769         0.2081053248
        0.4503964000         2.3500000000         1.3378393285         1.2119935994         0.0086433521
        0.4553987000         2.3500000000         1.3327346748         1.2068898445        -0.1243312963
        0.4604146000         2.3500000000         1.3327346748         1.2068898445        -0.1243312963
        0.4653925000         2.3500000000         1.3352870017         1.2145454769        -0.0578439721
        0.4704024000         2.3500000000         1.3301823480         1.2094417220        -0.1908186205
        0.4753933000         2.3500000000         1.3684672508         1.2145454769         0.8064912429
        0.4803980000         2.3500000000         1.3352870017         1.2170973543        -0.0578439721
        0.4854058000         2.3500000000         1.3352870017         1.2196492318        -0.0578439721
        0.4903882000         2.3500000000         1.3378393285         1.2145454769         0.0086433521
        0.4954030000         2.3500000000         1.3378393285         1.2170973543         0.0086433521
        0.5004061000         2.3500000000         1.3454963091         1.2222011093         0.2081053248
        0.5053959000         2.3500000000         1.3378393285         1.2145454769         0.0086433521
        0.5103907000         2.3500000000         1.3352870017         1.2145454769        -0.0578439721
        0.5154041000         2.3500000000         1.3378393285         1.2145454769         0.0086433521
        0.5203947000         2.3500000000         1.3327346748         1.2068898445        -0.1243312963
        0.5254040000         2.3500000000         1.3327346748         1.2196492318        -0.1243312963
        0.5304034000         2.3500000000         1.3327346748         1.2094417220        -0.1243312963
        0.5354184000         2.3500000000         1.3454963091         1.2170973543         0.2081053248
        0.5403997000         2.3500000000         1.3454963091         1.2196492318         0.2081053248
        0.5453931000         2.3500000000         1.3352870017         1.2170973543        -0.0578439721
        0.5504508000         2.3500000000         1.3327346748         1.2094417220        -0.1243312963
        0.5554029000         2.3500000000         1.3429439823         1.2222011093         0.1416180006
        0.5603901000         2.3500000000         1.3378393285         1.2145454769         0.0086433521
        0.5653998000         2.3500000000         1.3352870017         1.2170973543        -0.0578439721
        0.5704031000         2.3500000000         1.3378393285         1.2170973543         0.0086433521
        0.5754102000         2.3500000000         1.3378393285         1.2145454769         0.0086433521
        0.5804027000         2.3500000000         1.3301823480         1.2094417220        -0.1908186205
        0.5853838000         2.3500000000         1.3378393285         1.2170973543         0.0086433521
        0.5904179000         2.3500000000         1.3327346748         1.2094417220        -0.1243312963
        0.5954029000         2.3500000000         1.3352870017         1.2170973543        -0.0578439721
        0.6003778000         2.3500000000         1.3301823480         1.2068898445        -0.1908186205
        0.6053903000         2.3500000000         1.3301823480         1.2094417220        -0.1908186205
        0.6103965000         2.3500000000         1.3327346748         1.2094417220        -0.1243312963
        0.6154078000         2.3500000000         1.3301823480         1.2094417220        -0.1908186205
        0.6203942000         2.3500000000         1.3352870017         1.2145454769        -0.0578439721
        0.6253957000         2.3500000000         1.3608102703         1.2119935994         0.6070292702
        0.6304124000         2.3500000000         1.3378393285         1.2145454769         0.0086433521
        0.6353913000         2.3500000000         1.3429439823         1.2222011093         0.1416180006
        0.6403800000         2.3500000000         1.3327346748         1.2119935994        -0.1243312963
        0.6454517000         2.3500000000         1.3327346748         1.2094417220        -0.1243312963
        0.6504217000         2.3500000000         1.3327346748         1.2094417220        -0.1243312963
        0.6554091000         2.3500000000         1.3327346748         1.2068898445        -0.1243312963
        0.6604158000         2.3500000000         1.3352870017         1.2170973543        -0.0578439721
        0.6654091000         2.3500000000         1.3352870017         1.2145454769        -0.0578439721
        0.6704033000         2.3500000000         1.3378393285         1.2145454769         0.0086433521
        0.6754154000         2.3500000000         1.3352870017         1.2196492318        -0.0578439721
        0.6803955000         2.3500000000         1.3429439823         1.2196492318         0.1416180006
        0.6854025000         2.3500000000         1.3429439823         1.2222011093         0.1416180006
        0.6903972000         2.3500000000         1.3403916554         1.2145454769         0.0751306764
        0.6954012000         2.3500000000         1.3403916554         1.2145454769         0.0751306764
        0.7004107000         2.3500000000         1.3531532897         1.2145454769         0.4075672975
        0.7053917000         2.3500000000         1.3378393285         1.2094417220         0.0086433521
        0.7103937000         2.3500000000         1.3378393285         1.2170973543         0.0086433521
        0.7153906000         2.3500000000         1.3429439823         1.2222011093         0.1416180006
        0.7203943000         2.3500000000         1.3378393285         1.2145454769         0.0086433521
        0.7253792000         2.3500000000         1.3403916554         1.2145454769         0.0751306764
        0.7304850000         2.3500000000         1.3659149240         1.2196492318         0.7400039186
        0.7353986000         2.3500000000         1.3378393285         1.2170973543         0.0086433521
        0.7404346000         2.3500000000         1.3301823480         1.2094417220        -0.1908186205
        0.7454363000         2.3500000000         1.3352870017         1.2145454769        -0.0578439721
        0.7504278000         2.3500000000         1.3378393285         1.2145454769         0.0086433521
        0.7554258000         2.3500000000         1.3429439823         1.2196492318         0.1416180006
        0.7603891000         2.3500000000         1.3429439823         1.2196492318         0.1416180006
        0.7654251000         2.3500000000         1.3378393285         1.2170973543         0.0086433521
        0.7704051000         2.3500000000         1.3327346748         1.2068898445        -0.1243312963
        0.7754149000         2.3500000000         1.3301823480         1.2145454769        -0.1908186205
        0.7803950000         2.3500000000         1.3378393285         1.2145454769         0.0086433521
        0.7854036000         2.3500000000         1.3403916554         1.2196492318         0.0751306764
        0.7903927000         2.3500000000         1.3429439823         1.2222011093         0.1416180006
        0.7954014000         2.3500000000         1.3378393285         1.2170973543         0.0086433521
        0.8003822000         2.3500000000         1.3454963091         1.2170973543         0.2081053248
        0.8053902000         2.3500000000         1.3327346748         1.2068898445        -0.1243312963
        0.8104028000         2.3500000000         1.3735719045         1.2145454769         0.9394658913
        0.8153799000         2.3500000000         1.3301823480         1.2170973543        -0.1908186205
        0.8203929000         2.3500000000         1.3429439823         1.2196492318         0.1416180006
        0.8254030000         2.3500000000         1.3378393285         1.2145454769         0.0086433521
        0.8304496000         2.3500000000         1.3403916554         1.2170973543         0.0751306764
        0.8353934000         2.3500000000         1.3352870017         1.2145454769        -0.0578439721
        0.8404333000         2.3500000000         1.3301823480         1.2068898445        -0.1908186205
        0.8453958000         2.3500000000         1.3378393285         1.2170973543         0.0086433521
        0.8503991000         2.3500000000         1.3378393285         1.2145454769         0.0086433521
        0.8553984000         2.3500000000         1.3352870017         1.2170973543        -0.0578439721
        0.8604121000         2.3500000000         1.3378393285         1.2145454769         0.0086433521
        0.8653973000         2.3500000000         1.3378393285         1.2145454769         0.0086433521
        0.8704526000         2.3500000000         1.3378393285         1.2170973543         0.0086433521
        0.8754099000         2.3500000000         1.3327346748         1.2094417220        -0.1243312963
        0.8806464000         2.3500000000         1.3506009628         1.2119935994         0.3410799733
        0.8854510000         2.3500000000         1.3378393285         1.2145454769         0.0086433521
        0.8904137000         2.3500000000         1.3378393285         1.2196492318         0.0086433521
        0.8954324000         2.3500000000         1.3276300211         1.2068898445        -0.2573059448
        0.9004296000         2.3500000000         1.3352870017         1.2222011093        -0.0578439721
        0.9053927000         2.3500000000         1.3454963091         1.2222011093         0.2081053248
        0.9104017000         2.3500000000         1.3352870017         1.2170973543        -0.0578439721
        0.9153937000         2.3500000000         1.3352870017         1.2145454769        -0.0578439721
        0.9203893000         2.3500000000         1.3327346748         1.2094417220        -0.1243312963
        0.9253972000         2.3500000000         1.3454963091         1.2273048642         0.2081053248
        0.9304104000         2.3500000000         1.3327346748         1.2068898445        -0.1243312963
        0.9353945000         2.3500000000         1.3301823480         1.2068898445        -0.1908186205
        0.9404681000         2.3500000000         1.3429439823         1.2145454769         0.1416180006
        0.9454644000         2.3500000000         1.3378393285         1.2145454769         0.0086433521
        0.9504180000         2.3500000000         1.3480486360         1.2170973543         0.2745926491
        0.9554097000         2.3500000000         1.3378393285         1.2145454769         0.0086433521
        0.9604202000         2.3500000000         1.3327346748         1.2094417220        -0.1243312963
        0.9654215000         2.3500000000         1.3378393285         1.2222011093         0.0086433521
        0.9706424000         2.3500000000         1.3378393285         1.2170973543         0.0086433521
        0.9754755000         2.3500000000         1.3454963091         1.2222011093         0.2081053248
        0.9804525000         2.3500000000         1.3352870017         1.2145454769        -0.0578439721
        0.9854372000         2.3500000000         1.3327346748         1.2094417220        -0.1243312963
        0.9904726000         2.3500000000         1.3301823480         1.2094417220        -0.1908186205
        0.9954051000         2.3500000000         1.3454963091         1.2196492318         0.2081053248
        1.0004360000         2.3500000000         1.3378393285         1.2170973543         0.0086433521
        1.0053924000         2.3500000000         1.3454963091         1.2196492318         0.2081053248
        1.0103880000         2.3500000000         1.3327346748         1.2094417220        -0.1243312963
        1.0154098000         2.3500000000         1.3378393285         1.2170973543         0.0086433521
        1.0203886000         2.3500000000         1.3454963091         1.2196492318         0.2081053248
        1.0254241000         2.3500000000         1.3403916554         1.2170973543         0.0751306764
        1.0304186000         2.3500000000         1.3327346748         1.2043379670        -0.1243312963
        1.0354327000         2.3500000000         1.3378393285         1.2145454769         0.0086433521
        1.0404358000         2.3500000000         1.3429439823         1.2222011093         0.1416180006
        1.0454184000         2.3500000000         1.3429439823         1.2196492318         0.1416180006
        1.0504177000         2.3500000000         1.3378393285         1.2170973543         0.0086433521
        1.0554124000         2.3500000000         1.3403916554         1.2145454769         0.0751306764
        1.0604169000         2.3500000000         1.3352870017         1.2145454769        -0.0578439721
        1.0654647000         2.3500000000         1.3378393285         1.2170973543         0.0086433521
        1.0704327000         2.3500000000         1.3352870017         1.2145454769        -0.0578439721
        1.0754437000         2.3500000000         1.3352870017         1.2145454769        -0.0578439721
        1.0804270000         2.3500000000         1.3454963091         1.2196492318         0.2081053248
        1.0855262000         2.3500000000         1.3429439823         1.2222011093         0.1416180006
        1.0904232000         2.3500000000         1.3378393285         1.2145454769         0.0086433521
        1.0954318000         2.3500000000         1.3429439823         1.2145454769         0.1416180006
        1.1004053000         2.3500000000         1.3352870017         1.2170973543        -0.0578439721
        1.1054208000         2.3500000000         1.3327346748         1.2094417220        -0.1243312963
        1.1103989000         2.3500000000         1.3327346748         1.2068898445        -0.1243312963
        1.1154389000         2.3500000000         1.3429439823         1.2196492318         0.1416180006
        1.1204415000         2.3500000000         1.3429439823         1.2196492318         0.1416180006
        1.1254315000         2.3500000000         1.3352870017         1.2170973543        -0.0578439721
        1.1304372000         2.3500000000         1.3378393285         1.2145454769         0.0086433521
        1.1354216000         2.3500000000         1.3301823480         1.2094417220        -0.1908186205
        1.1404109000         2.3500000000         1.3454963091         1.2222011093         0.2081053248
        1.1454519000         2.3500000000         1.3429439823         1.2222011093         0.1416180006
        1.1504210000         2.3500000000         1.3352870017         1.2170973543        -0.0578439721
        1.1554555000         2.3500000000         1.3378393285         1.2145454769         0.0086433521
        1.1604209000         2.3500000000         1.3403916554         1.2170973543         0.0751306764
        1.1654215000         2.3500000000         1.3378393285         1.2145454769         0.0086433521
        1.1704284000         2.3500000000         1.3403916554         1.2170973543         0.0751306764
        1.1754088000         2.3500000000         1.3352870017         1.2170973543        -0.0578439721
        1.1803912000         2.3500000000         1.3378393285         1.2145454769         0.0086433521
        1.1854029000         2.3500000000         1.3378393285         1.2119935994         0.0086433521
        1.1903859000         2.3500000000         1.3301823480         1.2094417220        -0.1908186205
        1.1953980000         2.3500000000         1.3403916554         1.2170973543         0.0751306764
        1.2003804000         2.3500000000         1.3480486360         1.2196492318         0.2745926491
        1.2054147000         2.3500000000         1.3378393285         1.2145454769         0.0086433521
        1.2103990000         2.3500000000         1.3454963091         1.2222011093         0.2081053248
        1.2155302000         2.3500000000         1.3352870017         1.2145454769        -0.0578439721
        1.2203937000         2.3500000000         1.3378393285         1.2170973543         0.0086433521
        1.2253967000         2.3500000000         1.3403916554         1.2170973543         0.0751306764
        1.2303885000         2.3500000000         1.3378393285         1.2170973543         0.0086433521
        1.2353931000         2.3500000000         1.3378393285         1.2145454769         0.0086433521
        1.2403958000         2.3500000000         1.3352870017         1.2145454769        -0.0578439721
        1.2454130000         2.3500000000         1.3454963091         1.2145454769         0.2081053248
        1.2503962000         2.3500000000         1.3327346748         1.2145454769        -0.1243312963
        1.2553972000         2.3500000000         1.3327346748         1.2068898445        -0.1243312963
        1.2604188000         2.3500000000         1.3378393285         1.2119935994         0.0086433521
        1.2653967000         2.3500000000         1.3454963091         1.2222011093         0.2081053248
        1.2705005000         2.3500000000         1.3429439823         1.2196492318         0.1416180006
        1.2754677000         2.3500000000         1.3454963091         1.2222011093         0.2081053248
        1.2804238000         2.3500000000         1.3403916554         1.2170973543         0.0751306764
        1.2854347000         2.3500000000         1.3378393285         1.2170973543         0.0086433521
        1.2904129000         2.3500000000         1.3327346748         1.2094417220        -0.1243312963
        1.2954037000         2.3500000000         1.3327346748         1.2094417220        -0.1243312963
        1.3003806000         2.3500000000         1.3352870017         1.2145454769        -0.0578439721
        1.3053920000         2.3500000000         1.3352870017         1.2145454769        -0.0578439721
        1.3103885000         2.3500000000         1.3352870017         1.2170973543        -0.0578439721
        1.3154118000         2.3500000000         1.3429439823         1.2247529867         0.1416180006
        1.3204176000         2.3500000000         1.3429439823         1.2145454769         0.1416180006
        1.3254369000         2.3500000000         1.3378393285         1.2196492318         0.0086433521
        1.3304292000         2.3500000000         1.3557056165         1.2145454769         0.4740546217
        1.3354748000         2.3500000000         1.3327346748         1.2068898445        -0.1243312963
        1.3404276000         2.3500000000         1.3352870017         1.2145454769        -0.0578439721
        1.3454106000         2.3500000000         1.3454963091         1.2196492318         0.2081053248
        1.3504155000         2.3500000000         1.3608102703         1.2170973543         0.6070292702
        1.3554343000         2.3500000000         1.3378393285         1.2170973543         0.0086433521
        1.3604356000         2.3500000000         1.3352870017         1.2094417220        -0.0578439721
        1.3654156000         2.3500000000         1.3352870017         1.2170973543        -0.0578439721
        1.3704314000         2.3500000000         1.3378393285         1.2145454769         0.0086433521
        1.3754102000         2.3500000000         1.3454963091         1.2222011093         0.2081053248
        1.3804287000         2.3500000000         1.3429439823         1.2196492318         0.1416180006
        1.3854269000         2.3500000000         1.3506009628         1.2222011093         0.3410799733
        1.3904386000         2.3500000000         1.3454963091         1.2196492318         0.2081053248
        1.3954208000         2.3500000000         1.3378393285         1.2145454769         0.0086433521
        1.4004100000         2.3500000000         1.3327346748         1.2094417220        -0.1243312963
        1.4054203000         2.3500000000         1.3301823480         1.2094417220        -0.1908186205
        1.4104207000         2.3500000000         1.3327346748         1.2094417220        -0.1243312963
        1.4154578000         2.3500000000         1.3327346748         1.2094417220        -0.1243312963
        1.4204748000         2.3500000000         1.3378393285         1.2170973543         0.0086433521
        1.4254216000         2.3500000000         1.3429439823         1.2222011093         0.1416180006
        1.4304323000         2.3500000000         1.3429439823         1.2222011093         0.1416180006
        1.4354157000         2.3500000000         1.3352870017         1.2145454769        -0.0578439721
        1.4404346000         2.3500000000         1.3352870017         1.2145454769        -0.0578439721
        1.4454571000         2.3500000000         1.3378393285         1.2170973543         0.0086433521
        1.4506567000         2.3500000000         1.3378393285         1.2145454769         0.0086433521
        1.4554951000         2.3500000000         1.3378393285         1.2145454769         0.0086433521
        1.4604542000         2.3500000000         1.3327346748         1.2094417220        -0.1243312963
        1.4654652000         2.3500000000         1.3301823480         1.2094417220        -0.1908186205
        1.4704368000         2.3500000000         1.3352870017         1.2094417220        -0.0578439721
        1.4754126000         2.3500000000         1.3378393285         1.2119935994         0.0086433521
        1.4804151000         2.3500000000         1.3378393285         1.2145454769         0.0086433521
        1.4853984000         2.3500000000         1.3327346748         1.2094417220        -0.1243312963
        1.4904134000         2.3500000000         1.3403916554         1.2170973543         0.0751306764
        1.4953983000         2.3500000000         1.3557056165         1.2145454769         0.4740546217
        1.5003997000         2.3500000000         1.3378393285         1.2145454769         0.0086433521
        1.5054124000         2.3500000000         1.3403916554         1.2145454769         0.0751306764
        1.5103817000         2.3500000000         1.3378393285         1.2247529867         0.0086433521
        1.5154076000         2.3500000000         1.3454963091         1.2196492318         0.2081053248
        1.5203888000         2.3500000000         1.3378393285         1.2170973543         0.0086433521
        1.5255247000         2.3500000000         1.3301823480         1.2094417220        -0.1908186205
        1.5304055000         2.3500000000         1.3378393285         1.2145454769         0.0086433521
        1.5354133000         2.3500000000         1.3352870017         1.2170973543        -0.0578439721
        1.5403963000         2.3500000000         1.3352870017         1.2196492318        -0.0578439721
        1.5453833000         2.3500000000         1.3378393285         1.2170973543         0.0086433521
        1.5504066000         2.3500000000         1.3429439823         1.2196492318         0.1416180006
        1.5554018000         2.3500000000         1.3327346748         1.2094417220        -0.1243312963
        1.5604014000         2.3500000000         1.3378393285         1.2094417220         0.0086433521
        1.5654145000         2.3500000000         1.3352870017         1.2145454769        -0.0578439721
        1.5704029000         2.3500000000         1.3659149240         1.2145454769         0.7400039186
        1.5754202000         2.3500000000         1.3352870017         1.2145454769        -0.0578439721
        1.5804201000         2.3500000000         1.3429439823         1.2196492318         0.1416180006
        1.5854408000         2.3500000000         1.3378393285         1.2145454769         0.0086433521
        1.5904201000         2.3500000000         1.3301823480         1.2145454769        -0.1908186205
        1.5954107000         2.3500000000         1.3327346748         1.2094417220        -0.1243312963
        1.6004301000         2.3500000000         1.3327346748         1.2094417220        -0.1243312963
        1.6054331000         2.3500000000         1.3454963091         1.2196492318         0.2081053248
        1.6104313000         2.3500000000         1.3429439823         1.2222011093         0.1416180006
        1.6154326000         2.3500000000         1.3429439823         1.2222011093         0.1416180006
        1.6204182000         2.3500000000         1.3378393285         1.2145454769         0.0086433521
        1.6254406000         2.3500000000         1.3378393285         1.2145454769         0.0086433521
        1.6304133000         2.3500000000         1.3378393285         1.2145454769         0.0086433521
        1.6354447000         2.3500000000         1.3378393285         1.2094417220         0.0086433521
        1.6404001000         2.3500000000         1.3378393285         1.2094417220         0.0086433521
        1.6453991000         2.3500000000         1.3710195777         1.2145454769         0.8729785671
        1.6503884000         2.3500000000         1.3352870017         1.2170973543        -0.0578439721
        1.6554521000         2.3500000000         1.3378393285         1.2145454769         0.0086433521
        1.6604171000         2.3500000000         1.3327346748         1.2094417220        -0.1243312963
        1.6654143000         2.3500000000         1.3403916554         1.2094417220         0.0751306764
        1.6704294000         2.3500000000         1.3378393285         1.2170973543         0.0086433521
        1.6754306000         2.3500000000         1.3378393285         1.2145454769         0.0086433521
        1.6803906000         2.3500000000         1.3429439823         1.2222011093         0.1416180006
        1.6854064000         2.3500000000         1.3378393285         1.2222011093         0.0086433521
        1.6904142000         2.3500000000         1.3378393285         1.2196492318         0.0086433521
        1.6953928000         2.3500000000         1.3327346748         1.2094417220        -0.1243312963
        1.7004008000         2.3500000000         1.3403916554         1.2094417220         0.0751306764
        1.7054053000         2.3500000000         1.3327346748         1.2094417220        -0.1243312963
        1.7104010000         2.3500000000         1.3403916554         1.2145454769         0.0751306764
        1.7154033000         2.3500000000         1.3684672508         1.2145454769         0.8064912429
        1.7203893000         2.3500000000         1.3454963091         1.2222011093         0.2081053248
        1.7253993000         2.3500000000         1.3327346748         1.2068898445        -0.1243312963
        1.7303895000         2.3500000000         1.3378393285         1.2170973543         0.0086433521
        1.7354662000         2.3500000000         1.3403916554         1.2145454769         0.0751306764
        1.7404590000         2.3500000000         1.3454963091         1.2145454769         0.2081053248
        1.7454033000         2.3500000000         1.3352870017         1.2170973543        -0.0578439721
        1.7503863000         2.3500000000         1.3454963091         1.2222011093         0.2081053248
        1.7553931000         2.3500000000         1.3454963091         1.2222011093         0.2081053248
        1.7604283000         2.3500000000         1.3429439823         1.2196492318         0.1416180006
        1.7654366000         2.3500000000         1.3429439823         1.2222011093         0.1416180006
        1.7704280000         2.3500000000         1.3378393285         1.2145454769         0.0086433521
        1.7755025000         2.3500000000         1.3378393285         1.2145454769         0.0086433521
        1.7805003000         2.3500000000         1.3352870017         1.2145454769        -0.0578439721
        1.7854309000         2.3500000000         1.3429439823         1.2196492318         0.1416180006
        1.7904115000         2.3500000000         1.3327346748         1.2145454769        -0.1243312963
        1.7954256000         2.3500000000         1.3301823480         1.2068898445        -0.1908186205
        1.8004276000         2.3500000000         1.3352870017         1.2068898445        -0.0578439721
        1.8055129000         2.3500000000         1.3378393285         1.2170973543         0.0086433521
        1.8104188000         2.3500000000         1.3352870017         1.2145454769        -0.0578439721
        1.8153956000         2.3500000000         1.3378393285         1.2145454769         0.0086433521
        1.8203866000         2.3500000000         1.3327346748         1.2094417220        -0.1243312963
        1.8255156000         2.3500000000         1.3327346748         1.2094417220        -0.1243312963
        1.8303816000         2.3500000000         1.3378393285         1.2145454769         0.0086433521
        1.8353830000         2.3500000000         1.3378393285         1.2145454769         0.0086433521
        1.8403959000         2.3500000000         1.3378393285         1.2094417220         0.0086433521
        1.8454023000         2.3500000000         1.3327346748         1.2094417220        -0.1243312963
        1.8503879000         2.3500000000         1.3352870017         1.2145454769        -0.0578439721
        1.8554011000         2.3500000000         1.3378393285         1.2170973543         0.0086433521
        1.8603789000         2.3500000000         1.3429439823         1.2222011093         0.1416180006
        1.8653897000         2.3500000000         1.3429439823         1.2222011093         0.1416180006
        1.8704035000         2.3500000000         1.3454963091         1.2196492318         0.2081053248
        1.8753894000         2.3500000000         1.3378393285         1.2170973543         0.0086433521
        1.8803922000         2.3500000000         1.3378393285         1.2170973543         0.0086433521
        1.8853942000         2.3500000000         1.3352870017         1.2145454769        -0.0578439721
        1.8903908000         2.3500000000         1.3454963091         1.2094417220         0.2081053248
        1.8953913000         2.3500000000         1.3327346748         1.2068898445        -0.1243312963
        1.9004031000         2.3500000000         1.3301823480         1.2094417220        -0.1908186205
        1.9054046000         2.3500000000         1.3327346748         1.2094417220        -0.1243312963
        1.9105070000         2.3500000000         1.3429439823         1.2170973543         0.1416180006
        1.9154074000         2.3500000000         1.3378393285         1.2145454769         0.0086433521
        1.9203830000         2.3500000000         1.3352870017         1.2145454769        -0.0578439721
        1.9253978000         2.3500000000         1.3378393285         1.2145454769         0.0086433521
        1.9304022000         2.3500000000         1.3429439823         1.2145454769         0.1416180006
        1.9353973000         2.3500000000         1.3378393285         1.2145454769         0.0086433521
        1.9404250000         2.3500000000         1.3429439823         1.2196492318         0.1416180006
        1.9453841000         2.3500000000         1.3378393285         1.2145454769         0.0086433521
        1.9504052000         2.3500000000         1.3352870017         1.2145454769        -0.0578439721
        1.9553960000         2.3500000000         1.3378393285         1.2145454769         0.0086433521
        1.9604300000         2.3500000000         1.3352870017         1.2145454769        -0.0578439721
        1.9654777000         2.3500000000         1.3403916554         1.2145454769         0.0751306764
        1.9707672000         2.3500000000         1.3429439823         1.2222011093         0.1416180006
        1.9754457000         2.3500000000         1.3429439823         1.2222011093         0.1416180006
        1.9804373000         2.3500000000         1.3301823480         1.2094417220        -0.1908186205
        1.9854344000         2.3500000000         1.3352870017         1.2145454769        -0.0578439721
        1.9904885000         2.3500000000         1.3378393285         1.2145454769         0.0086433521
        1.9954813000         2.3500000000         1.3301823480         1.2094417220        -0.1908186205
        2.0004339000         2.3500000000         1.3429439823         1.2196492318         0.1416180006
        2.0054405000         2.3500000000         1.3429439823         1.2196492318         0.1416180006
        2.0104137000         2.3500000000         1.3378393285         1.2170973543         0.0086433521
        2.0154056000         2.3500000000         1.3378393285         1.2170973543         0.0086433521
        2.0203831000         2.3500000000         1.3378393285         1.2145454769         0.0086433521
        2.0253967000         2.3500000000         1.3327346748         1.2145454769        -0.1243312963
        2.0303790000         2.3500000000         1.3480486360         1.2222011093         0.2745926491
        2.0354182000         2.3500000000         1.3378393285         1.2170973543         0.0086433521
        2.0404018000         2.3500000000         1.3327346748         1.2094417220        -0.1243312963
        2.0453940000         2.3500000000         1.3378393285         1.2119935994         0.0086433521
        2.0504145000         2.3500000000         1.3429439823         1.2170973543         0.1416180006
        2.0554038000         2.3500000000         1.3378393285         1.2145454769         0.0086433521
        2.0604106000         2.3500000000         1.3378393285         1.2145454769         0.0086433521
        2.0655064000         2.3500000000         1.3378393285         1.2145454769         0.0086433521
        2.0704210000         2.3500000000         1.3327346748         1.2170973543        -0.1243312963
        2.0754076000         2.3500000000         1.3403916554         1.2170973543         0.0751306764
        2.0804154000         2.3500000000         1.3403916554         1.2170973543         0.0751306764
        2.0854028000         2.3500000000         1.3454963091         1.2222011093         0.2081053248
        2.0904021000         2.3500000000         1.3429439823         1.2222011093         0.1416180006
        2.0954161000         2.3500000000         1.3378393285         1.2196492318         0.0086433521
        2.1004026000         2.3500000000         1.3327346748         1.2094417220        -0.1243312963
        2.1053912000         2.3500000000         1.3454963091         1.2222011093         0.2081053248
        2.1103913000         2.3500000000         1.3429439823         1.2196492318         0.1416180006
        2.1154017000         2.3500000000         1.3506009628         1.2222011093         0.3410799733
        2.1204083000         2.3500000000         1.3480486360         1.2222011093         0.2745926491
        2.1253946000         2.3500000000         1.3403916554         1.2119935994         0.0751306764
        2.1304042000         2.3500000000         1.3378393285         1.2145454769         0.0086433521
        2.1354139000         2.3500000000         1.3378393285         1.2170973543         0.0086433521
        2.1403914000         2.3500000000         1.3429439823         1.2196492318         0.1416180006
        2.1453990000         2.3500000000         1.3454963091         1.2196492318         0.2081053248
        2.1504196000         2.3500000000         1.3301823480         1.2094417220        -0.1908186205
        2.1554275000         2.3500000000         1.3378393285         1.2145454769         0.0086433521
        2.1604304000         2.3500000000         1.3429439823         1.2145454769         0.1416180006
        2.1654166000         2.3500000000         1.3378393285         1.2170973543         0.0086433521
        2.1704017000         2.3500000000         1.3327346748         1.2094417220        -0.1243312963
        2.1754303000         2.3500000000         1.3327346748         1.2119935994        -0.1243312963
        2.1804201000         2.3500000000         1.3327346748         1.2094417220        -0.1243312963
        2.1853953000         2.3500000000         1.3352870017         1.2145454769        -0.0578439721
        2.1903858000         2.3500000000         1.3378393285         1.2145454769         0.0086433521
        2.1953889000         2.3500000000         1.3378393285         1.2119935994         0.0086433521
        2.2004024000         2.3500000000         1.3352870017         1.2145454769        -0.0578439721
        2.2054730000         2.3500000000         1.3352870017         1.2145454769        -0.0578439721
        2.2103960000         2.3500000000         1.3352870017         1.2094417220        -0.0578439721
        2.2153965000         2.3500000000         1.3378393285         1.2145454769         0.0086433521
        2.2204253000         2.3500000000         1.3378393285         1.2170973543         0.0086433521
        2.2254808000         2.3500000000         1.3454963091         1.2196492318         0.2081053248
        2.2304068000         2.3500000000         1.3429439823         1.2196492318         0.1416180006
        2.2354108000         2.3500000000         1.3429439823         1.2222011093         0.1416180006
        2.2404037000         2.3500000000         1.3378393285         1.2170973543         0.0086433521
        2.2454059000         2.3500000000         1.3454963091         1.2222011093         0.2081053248
        2.2503936000         2.3500000000         1.3429439823         1.2222011093         0.1416180006
        2.2553928000         2.3500000000         1.3403916554         1.2145454769         0.0751306764
        2.2603984000         2.3500000000         1.3403916554         1.2170973543         0.0751306764
        2.2653882000         2.3500000000         1.3429439823         1.2247529867         0.1416180006
        2.2704188000         2.3500000000         1.3429439823         1.2196492318         0.1416180006
        2.2753988000         2.3500000000         1.3429439823         1.2170973543         0.1416180006
        2.2803930000         2.3500000000         1.3378393285         1.2145454769         0.0086433521
        2.2854196000         2.3500000000         1.3429439823         1.2196492318         0.1416180006
        2.2903979000         2.3500000000         1.3378393285         1.2145454769         0.0086433521
        2.2954835000         2.3500000000         1.3352870017         1.2145454769        -0.0578439721
        2.3004186000         2.3500000000         1.3352870017         1.2145454769        -0.0578439721
        2.3054315000         2.3500000000         1.3301823480         1.2068898445        -0.1908186205
        2.3104182000         2.3500000000         1.3352870017         1.2145454769        -0.0578439721
        2.3154235000         2.3500000000         1.3327346748         1.2094417220        -0.1243312963
        2.3203805000         2.3500000000         1.3429439823         1.2196492318         0.1416180006
        2.3254156000         2.3500000000         1.3352870017         1.2170973543        -0.0578439721
        2.3303971000         2.3500000000         1.3429439823         1.2170973543         0.1416180006
        2.3354111000         2.3500000000         1.3327346748         1.2094417220        -0.1243312963
        2.3403963000         2.3500000000         1.3454963091         1.2222011093         0.2081053248
        2.3453990000         2.3500000000         1.3378393285         1.2196492318         0.0086433521
        2.3504017000         2.3500000000         1.3429439823         1.2145454769         0.1416180006
        2.3554341000         2.3500000000         1.3352870017         1.2119935994        -0.0578439721
        2.3604309000         2.3500000000         1.3327346748         1.2094417220        -0.1243312963
        2.3654362000         2.3500000000         1.3378393285         1.2145454769         0.0086433521
        2.3704201000         2.3500000000         1.3378393285         1.2145454769         0.0086433521
        2.3754040000         2.3500000000         1.3378393285         1.2145454769         0.0086433521
        2.3803875000         2.3500000000         1.3327346748         1.2094417220        -0.1243312963
        2.3853990000         2.3500000000         1.3429439823         1.2222011093         0.1416180006
        2.3903811000         2.3500000000         1.3378393285         1.2145454769         0.0086433521
        2.3954180000         2.3500000000         1.3352870017         1.2145454769        -0.0578439721
        2.4004291000         2.3500000000         1.3327346748         1.2094417220        -0.1243312963
        2.4054462000         2.3500000000         1.3378393285         1.2145454769         0.0086433521
        2.4104363000         2.3500000000         1.3352870017         1.2119935994        -0.0578439721
        2.4154332000         2.3500000000         1.3352870017         1.2196492318        -0.0578439721
        2.4204353000         2.3500000000         1.3301823480         1.2068898445        -0.1908186205
        2.4254213000         2.3500000000         1.3403916554         1.2196492318         0.0751306764
        2.4304240000         2.3500000000         1.3378393285         1.2145454769         0.0086433521
        2.4354623000         2.3500000000         1.3301823480         1.2094417220        -0.1908186205
        2.4404047000         2.3500000000         1.3633625971         1.2196492318         0.6735165944
        2.4453992000         2.3500000000         1.3378393285         1.2170973543         0.0086433521
        2.4503920000         2.3500000000         1.3378393285         1.2145454769         0.0086433521
        2.4554208000         2.3500000000         1.3429439823         1.2222011093         0.1416180006
        2.4604114000         2.3500000000         1.3378393285         1.2119935994         0.0086433521
        2.4654752000         2.3500000000         1.3301823480         1.2094417220        -0.1908186205
        2.4706204000         2.3500000000         1.3378393285         1.2145454769         0.0086433521
        2.4754068000         2.3500000000         1.3429439823         1.2222011093         0.1416180006
        2.4803859000         2.3500000000         1.3327346748         1.2094417220        -0.1243312963
        2.4853934000         2.3500000000         1.3352870017         1.2145454769        -0.0578439721
        2.4904034000         2.3500000000         1.3429439823         1.2273048642         0.1416180006
        2.4953897000         2.3500000000         1.3327346748         1.2094417220        -0.1243312963
        2.5003948000         2.3500000000         1.3378393285         1.2145454769         0.0086433521
        2.5053993000         2.3500000000         1.3454963091         1.2196492318         0.2081053248
        2.5103979000         2.3500000000         1.3378393285         1.2068898445         0.0086433521
        2.5153986000         2.3500000000         1.3429439823         1.2145454769         0.1416180006
        2.5203908000         2.3500000000         1.3378393285         1.2170973543         0.0086433521
        2.5253911000         2.3500000000         1.3327346748         1.2119935994        -0.1243312963
        2.5303888000         2.3500000000         1.3454963091         1.2222011093         0.2081053248
        2.5354125000         2.3500000000         1.3429439823         1.2222011093         0.1416180006
        2.5403766000         2.3500000000         1.3378393285         1.2145454769         0.0086433521
        2.5454421000         2.3500000000         1.3378393285         1.2170973543         0.0086433521
        2.5504396000         2.3500000000         1.3378393285         1.2094417220         0.0086433521
        2.5554128000         2.3500000000         1.3352870017         1.2170973543        -0.0578439721
        2.5605045000         2.3500000000         1.3301823480         1.2094417220        -0.1908186205
        2.5654951000         2.3500000000         1.3352870017         1.2145454769        -0.0578439721
        2.5704437000         2.3500000000         1.3378393285         1.2145454769         0.0086433521
        2.5754341000         2.3500000000         1.3327346748         1.2119935994        -0.1243312963
        2.5804197000         2.3500000000         1.3454963091         1.2196492318         0.2081053248
        2.5853952000         2.3500000000         1.3403916554         1.2145454769         0.0751306764
        2.5903818000         2.3500000000         1.3352870017         1.2196492318        -0.0578439721
        2.5954163000         2.3500000000         1.3454963091         1.2170973543         0.2081053248
        2.6003925000         2.3500000000         1.3378393285         1.2119935994         0.0086433521
        2.6054092000         2.3500000000         1.3301823480         1.2145454769        -0.1908186205
        2.6104650000         2.3500000000         1.3352870017         1.2145454769        -0.0578439721
        2.6154015000         2.3500000000         1.3429439823         1.2222011093         0.1416180006
        2.6204305000         2.3500000000         1.3378393285         1.2145454769         0.0086433521
        2.6253936000         2.3500000000         1.3352870017         1.2145454769        -0.0578439721
        2.6304010000         2.3500000000         1.3454963091         1.2196492318         0.2081053248
        2.6354201000         2.3500000000         1.3378393285         1.2145454769         0.0086433521
        2.6404244000         2.3500000000         1.3352870017         1.2145454769        -0.0578439721
        2.6453987000         2.3500000000         1.3454963091         1.2196492318         0.2081053248
        2.6503895000         2.3500000000         1.3327346748         1.2119935994        -0.1243312963
        2.6553935000         2.3500000000         1.3378393285         1.2145454769         0.0086433521
        2.6604003000         2.3500000000         1.3480486360         1.2222011093         0.2745926491
        2.6653874000         2.3500000000         1.3301823480         1.2119935994        -0.1908186205
        2.6703914000         2.3500000000         1.3378393285         1.2119935994         0.0086433521
        2.6754039000         2.3500000000         1.3352870017         1.2145454769        -0.0578439721
        2.6804600000         2.3500000000         1.3378393285         1.2145454769         0.0086433521
        2.6853940000         2.3500000000         1.3429439823         1.2196492318         0.1416180006
        2.6903785000         2.3500000000         1.3403916554         1.2145454769         0.0751306764
        2.6954191000         2.3500000000         1.3378393285         1.2145454769         0.0086433521
        2.7004025000         2.3500000000         1.3352870017         1.2145454769        -0.0578439721
        2.7054072000         2.3500000000         1.3429439823         1.2196492318         0.1416180006
        2.7104752000         2.3500000000         1.3352870017         1.2094417220        -0.0578439721
        2.7153981000         2.3500000000         1.3327346748         1.2094417220        -0.1243312963
        2.7204065000         2.3500000000         1.3327346748         1.2094417220        -0.1243312963
        2.7253919000         2.3500000000         1.3327346748         1.2094417220        -0.1243312963
        2.7304302000         2.3500000000         1.3378393285         1.2119935994         0.0086433521
        2.7354142000         2.3500000000         1.3352870017         1.2145454769        -0.0578439721
        2.7404858000         2.3500000000         1.3378393285         1.2170973543         0.0086433521
        2.7454102000         2.3500000000         1.3301823480         1.2094417220        -0.1908186205
        2.7503859000         2.3500000000         1.3429439823         1.2222011093         0.1416180006
        2.7553747000         2.3500000000         1.3301823480         1.2094417220        -0.1908186205
        2.7604061000         2.3500000000         1.3378393285         1.2145454769         0.0086433521
        2.7653901000         2.3500000000         1.3352870017         1.2094417220        -0.0578439721
        2.7703949000         2.3500000000         1.3327346748         1.2094417220        -0.1243312963
        2.7753940000         2.3500000000         1.3454963091         1.2196492318         0.2081053248
        2.7804052000         2.3500000000         1.3403916554         1.2119935994         0.0751306764
        2.7854925000         2.3500000000         1.3429439823         1.2196492318         0.1416180006
        2.7904030000         2.3500000000         1.3429439823         1.2222011093         0.1416180006
        2.7954151000         2.3500000000         1.3301823480         1.2094417220        -0.1908186205
        2.8003956000         2.3500000000         1.3301823480         1.2068898445        -0.1908186205
        2.8054047000         2.3500000000         1.3378393285         1.2119935994         0.0086433521
        2.8104109000         2.3500000000         1.3454963091         1.2222011093         0.2081053248
        2.8154196000         2.3500000000         1.3301823480         1.2094417220        -0.1908186205
        2.8204114000         2.3500000000         1.3378393285         1.2145454769         0.0086433521
        2.8254178000         2.3500000000         1.3352870017         1.2145454769        -0.0578439721
        2.8303947000         2.3500000000         1.3378393285         1.2145454769         0.0086433521
        2.8354897000         2.3500000000         1.3352870017         1.2145454769        -0.0578439721
        2.8403885000         2.3500000000         1.3429439823         1.2196492318         0.1416180006
        2.8454300000         2.3500000000         1.3531532897         1.2222011093         0.4075672975
        2.8504055000         2.3500000000         1.3480486360         1.2196492318         0.2745926491
        2.8553931000         2.3500000000         1.3327346748         1.2043379670        -0.1243312963
        2.8604031000         2.3500000000         1.3352870017         1.2094417220        -0.0578439721
        2.8654081000         2.3500000000         1.3352870017         1.2145454769        -0.0578439721
        2.8703983000         2.3500000000         1.3378393285         1.2145454769         0.0086433521
        2.8754061000         2.3500000000         1.3327346748         1.2094417220        -0.1243312963
        2.8803943000         2.3500000000         1.3403916554         1.2196492318         0.0751306764
        2.8853943000         2.3500000000         1.3378393285         1.2170973543         0.0086433521
        2.8904008000         2.3500000000         1.3352870017         1.2145454769        -0.0578439721
        2.8953943000         2.3500000000         1.3352870017         1.2145454769        -0.0578439721
        2.9004004000         2.3500000000         1.3301823480         1.2094417220        -0.1908186205
        2.9054028000         2.3500000000         1.3378393285         1.2145454769         0.0086433521
        2.9103933000         2.3500000000         1.3378393285         1.2170973543         0.0086433521
        2.9154024000         2.3500000000         1.3403916554         1.2145454769         0.0751306764
        2.9203892000         2.3500000000         1.3327346748         1.2094417220        -0.1243312963
        2.9253912000         2.3500000000         1.3378393285         1.2170973543         0.0086433521
        2.9304742000         2.3500000000         1.3378393285         1.2170973543         0.0086433521
        2.9354046000         2.3500000000         1.3429439823         1.2222011093         0.1416180006
        2.9403914000         2.3500000000         1.3378393285         1.2170973543         0.0086433521
        2.9454096000         2.3500000000         1.3378393285         1.2170973543         0.0086433521
        2.9503974000         2.3500000000         1.3378393285         1.2170973543         0.0086433521
        2.9554213000         2.3500000000         1.3378393285         1.2170973543         0.0086433521
        2.9604026000         2.3500000000         1.3301823480         1.2094417220        -0.1908186205
        2.9654065000         2.3500000000         1.3352870017         1.2145454769        -0.0578439721
        2.9704167000         2.3500000000         1.3378393285         1.2145454769         0.0086433521
        2.9754038000         2.3500000000         1.3352870017         1.2170973543        -0.0578439721
        2.9804076000         2.3500000000         1.3352870017         1.2170973543        -0.0578439721
        2.9853987000         2.3500000000         1.3403916554         1.2145454769         0.0751306764
        2.9903838000         2.3500000000         1.3352870017         1.2170973543        -0.0578439721
        2.9954081000         2.3500000000         1.3480486360         1.2196492318         0.2745926491
        3.0003991000         2.3500000000         1.3378393285         1.2222011093         0.0086433521
        3.0054015000         2.3500000000         1.3378393285         1.2145454769         0.0086433521
        3.0103822000         2.3500000000         1.3352870017         1.2068898445        -0.0578439721
        3.0153967000         2.3500000000         1.3352870017         1.2145454769        -0.0578439721
        3.0204040000         2.3500000000         1.3429439823         1.2196492318         0.1416180006
        3.0254137000         2.3500000000         1.3429439823         1.2196492318         0.1416180006
        3.0304016000         2.3500000000         1.3352870017         1.2145454769        -0.0578439721
        3.0353817000         2.3500000000         1.3327346748         1.2094417220        -0.1243312963
        3.0403955000         2.3500000000         1.3301823480         1.2094417220        -0.1908186205
        3.0454008000         2.3500000000         1.3327346748         1.2094417220        -0.1243312963
        3.0504360000         2.3500000000         1.3327346748         1.2094417220        -0.1243312963
        3.0553973000         2.3500000000         1.3378393285         1.2145454769         0.0086433521
        3.0604012000         2.3500000000         1.3454963091         1.2222011093         0.2081053248
        3.0653784000         2.3500000000         1.3378393285         1.2196492318         0.0086433521
        3.0703682000         2.3500000000         1.3378393285         1.2145454769         0.0086433521
        3.0754293000         2.3500000000         1.3301823480         1.2068898445        -0.1908186205
        3.0804344000         2.3500000000         1.3327346748         1.2043379670        -0.1243312963
        3.0853932000         2.3500000000         1.3352870017         1.2145454769        -0.0578439721
        3.0904348000         2.3500000000         1.3378393285         1.2145454769         0.0086433521
        3.0955277000         2.3500000000         1.3378393285         1.2145454769         0.0086433521
        3.1004237000         2.3500000000         1.3429439823         1.2196492318         0.1416180006
        3.1054362000         2.3500000000         1.3429439823         1.2196492318         0.1416180006
        3.1104327000         2.3500000000         1.3403916554         1.2196492318         0.0751306764
        3.1153940000         2.3500000000         1.3327346748         1.2145454769        -0.1243312963
        3.1204270000         2.3500000000         1.3301823480         1.2094417220        -0.1908186205
        3.1253974000         2.3500000000         1.3429439823         1.2222011093         0.1416180006
        3.1304280000         2.3500000000         1.3378393285         1.2145454769         0.0086433521
        3.1354448000         2.3500000000         1.3429439823         1.2145454769         0.1416180006
        3.1404223000         2.3500000000         1.3378393285         1.2196492318         0.0086433521
        3.1454244000         2.3500000000         1.3352870017         1.2119935994        -0.0578439721
        3.1504323000         2.3500000000         1.3454963091         1.2196492318         0.2081053248
        3.1554423000         2.3500000000         1.3378393285         1.2119935994         0.0086433521
        3.1604558000         2.3500000000         1.3378393285         1.2145454769         0.0086433521
        3.1654150000         2.3500000000         1.3454963091         1.2145454769         0.2081053248
        3.1704234000         2.3500000000         1.3429439823         1.2145454769         0.1416180006
        3.1754259000         2.3500000000         1.3633625971         1.2145454769         0.6735165944
        3.1804410000         2.3500000000         1.3301823480         1.2094417220        -0.1908186205
        3.1854202000         2.3500000000         1.3352870017         1.2145454769        -0.0578439721
        3.1904075000         2.3500000000         1.3378393285         1.2145454769         0.0086433521
        3.1954094000         2.3500000000         1.3352870017         1.2145454769        -0.0578439721
        3.2003936000         2.3500000000         1.3429439823         1.2222011093         0.1416180006
        3.2053958000         2.3500000000         1.3454963091         1.2196492318         0.2081053248
        3.2104174000         2.3500000000         1.3429439823         1.2196492318         0.1416180006
        3.2153900000         2.3500000000         1.3301823480         1.2145454769        -0.1908186205
        3.2204062000         2.3500000000         1.3327346748         1.2094417220        -0.1243312963
        3.2254081000         2.3500000000         1.3378393285         1.2170973543         0.0086433521
        3.2304039000         2.3500000000         1.3378393285         1.2145454769         0.0086433521
        3.2354083000         2.3500000000         1.3429439823         1.2196492318         0.1416180006
        3.2403921000         2.3500000000         1.3352870017         1.2094417220        -0.0578439721
        3.2454051000         2.3500000000         1.3403916554         1.2145454769         0.0751306764
        3.2503838000         2.3500000000         1.3378393285         1.2119935994         0.0086433521
        3.2554923000         2.3500000000         1.3378393285         1.2145454769         0.0086433521
        3.2604263000         2.3500000000         1.3378393285         1.2170973543         0.0086433521
        3.2654099000         2.3500000000         1.3327346748         1.2094417220        -0.1243312963
        3.2703935000         2.3500000000         1.3327346748         1.2119935994        -0.1243312963
        3.2754036000         2.3500000000         1.3327346748         1.2094417220        -0.1243312963
        3.2803945000         2.3500000000         1.3352870017         1.2145454769        -0.0578439721
        3.2855005000         2.3500000000         1.3352870017         1.2170973543        -0.0578439721
        3.2904259000         2.3500000000         1.3378393285         1.2145454769         0.0086433521
        3.2954145000         2.3500000000         1.3429439823         1.2196492318         0.1416180006
        3.3004001000         2.3500000000         1.3429439823         1.2222011093         0.1416180006
        3.3055108000         2.3500000000         1.3429439823         1.2196492318         0.1416180006
        3.3104579000         2.3500000000         1.3378393285         1.2145454769         0.0086433521
        3.3155103000         2.3500000000         1.3429439823         1.2196492318         0.1416180006
        3.3204007000         2.3500000000         1.3429439823         1.2145454769         0.1416180006
        3.3254420000         2.3500000000         1.3735719045         1.2222011093         0.9394658913
        3.3304269000         2.3500000000         1.3454963091         1.2222011093         0.2081053248
        3.3354094000         2.3500000000         1.3378393285         1.2145454769         0.0086433521
        3.3403967000         2.3500000000         1.3352870017         1.2145454769        -0.0578439721
        3.3454029000         2.3500000000         1.3327346748         1.2094417220        -0.1243312963
        3.3503882000         2.3500000000         1.3301823480         1.2094417220        -0.1908186205
        3.3554008000         2.3500000000         1.3378393285         1.2145454769         0.0086433521
        3.3604029000         2.3500000000         1.3352870017         1.2145454769        -0.0578439721
        3.3654295000         2.3500000000         1.3429439823         1.2145454769         0.1416180006
        3.3704160000         2.3500000000         1.3352870017         1.2170973543        -0.0578439721
        3.3754036000         2.3500000000         1.3378393285         1.2196492318         0.0086433521
        3.3804104000         2.3500000000         1.3378393285         1.2094417220         0.0086433521
        3.3853899000         2.3500000000         1.3327346748         1.2094417220        -0.1243312963
        3.3903830000         2.3500000000         1.3327346748         1.2094417220        -0.1243312963
        3.3953895000         2.3500000000         1.3352870017         1.2119935994        -0.0578439721
        3.4003935000         2.3500000000         1.3429439823         1.2145454769         0.1416180006
        3.4054049000         2.3500000000         1.3378393285         1.2170973543         0.0086433521
        3.4103823000         2.3500000000         1.3352870017         1.2145454769        -0.0578439721
        3.4154004000         2.3500000000         1.3301823480         1.2094417220        -0.1908186205
        3.4203984000         2.3500000000         1.3378393285         1.2145454769         0.0086433521
        3.4253951000         2.3500000000         1.3378393285         1.2170973543         0.0086433521
        3.4304218000         2.3500000000         1.3429439823         1.2222011093         0.1416180006
        3.4354019000         2.3500000000         1.3378393285         1.2145454769         0.0086433521
        3.4403966000         2.3500000000         1.3454963091         1.2196492318         0.2081053248
        3.4454003000         2.3500000000         1.3378393285         1.2145454769         0.0086433521
        3.4504165000         2.3500000000         1.3378393285         1.2170973543         0.0086433521
        3.4554172000         2.3500000000         1.3352870017         1.2094417220        -0.0578439721
        3.4604056000         2.3500000000         1.3301823480         1.2145454769        -0.1908186205
        3.4653869000         2.3500000000         1.3378393285         1.2170973543         0.0086433521
        3.4706103000         2.3500000000         1.3429439823         1.2196492318         0.1416180006
        3.4754456000         2.3500000000         1.3506009628         1.2145454769         0.3410799733
        3.4804148000         2.3500000000         1.3429439823         1.2170973543         0.1416180006
        3.4854090000         2.3500000000         1.3378393285         1.2170973543         0.0086433521
        3.4904076000         2.3500000000         1.3378393285         1.2145454769         0.0086433521
        3.4953827000         2.3500000000         1.3710195777         1.2170973543         0.8729785671
        3.5003987000         2.3500000000         1.3301823480         1.2119935994        -0.1908186205
        3.5053952000         2.3500000000         1.3403916554         1.2170973543         0.0751306764
        3.5103926000         2.3500000000         1.3327346748         1.2094417220        -0.1243312963
        3.5153973000         2.3500000000         1.3327346748         1.2119935994        -0.1243312963
        3.5204059000         2.3500000000         1.3352870017         1.2094417220        -0.0578439721
        3.5253903000         2.3500000000         1.3454963091         1.2222011093         0.2081053248
        3.5303892000         2.3500000000         1.3429439823         1.2196492318         0.1416180006
        3.5354067000         2.3500000000         1.3480486360         1.2196492318         0.2745926491
        3.5403927000         2.3500000000         1.3327346748         1.2196492318        -0.1243312963
        3.5453961000         2.3500000000         1.3429439823         1.2196492318         0.1416180006
        3.5504104000         2.3500000000         1.3454963091         1.2222011093         0.2081053248
        3.5555023000         2.3500000000         1.3454963091         1.2196492318         0.2081053248
        3.5604045000         2.3500000000         1.3352870017         1.2145454769        -0.0578439721
        3.5654060000         2.3500000000         1.3378393285         1.2170973543         0.0086433521
        3.5703911000         2.3500000000         1.3403916554         1.2196492318         0.0751306764
        3.5753915000         2.3500000000         1.3352870017         1.2145454769        -0.0578439721
        3.5804063000         2.3500000000         1.3429439823         1.2222011093         0.1416180006
        3.5854170000         2.3500000000         1.3429439823         1.2222011093         0.1416180006
        3.5903752000         2.3500000000         1.3301823480         1.2094417220        -0.1908186205
        3.5953910000         2.3500000000         1.3378393285         1.2170973543         0.0086433521
        3.6003918000         2.3500000000         1.3378393285         1.2196492318         0.0086433521
        3.6054317000         2.3500000000         1.3429439823         1.2170973543         0.1416180006
        3.6104196000         2.3500000000         1.3403916554         1.2170973543         0.0751306764
        3.6154247000         2.3500000000         1.3301823480         1.2068898445        -0.1908186205
        3.6204271000         2.3500000000         1.3378393285         1.2145454769         0.0086433521
        3.6254364000         2.3500000000         1.3429439823         1.2222011093         0.1416180006
        3.6303920000         2.3500000000         1.3429439823         1.2196492318         0.1416180006
        3.6354051000         2.3500000000         1.3352870017         1.2145454769        -0.0578439721
        3.6404204000         2.3500000000         1.3352870017         1.2119935994        -0.0578439721
        3.6454466000         2.3500000000         1.3352870017         1.2145454769        -0.0578439721
        3.6504084000         2.3500000000         1.3378393285         1.2145454769         0.0086433521
        3.6554237000         2.3500000000         1.3378393285         1.2145454769         0.0086433521
        3.6604183000         2.3500000000         1.3301823480         1.2094417220        -0.1908186205
        3.6655391000         2.3500000000         1.3301823480         1.2094417220        -0.1908186205
        3.6705783000         2.3500000000         1.3301823480         1.2094417220        -0.1908186205
        3.6754580000         2.3500000000         1.3301823480         1.2094417220        -0.1908186205
        3.6803967000         2.3500000000         1.3378393285         1.2145454769         0.0086433521
        3.6854166000         2.3500000000         1.3429439823         1.2222011093         0.1416180006
        3.6904471000         2.3500000000         1.3378393285         1.2170973543         0.0086433521
        3.6954427000         2.3500000000         1.3378393285         1.2119935994         0.0086433521
        3.7004184000         2.3500000000         1.3327346748         1.2094417220        -0.1243312963
        3.7054268000         2.3500000000         1.3352870017         1.2145454769        -0.0578439721
        3.7104525000         2.3500000000         1.3378393285         1.2170973543         0.0086433521
        3.7154408000         2.3500000000         1.3429439823         1.2196492318         0.1416180006
        3.7204101000         2.3500000000         1.3429439823         1.2196492318         0.1416180006
        3.7254134000         2.3500000000         1.3378393285         1.2170973543         0.0086433521
        3.7304247000         2.3500000000         1.3378393285         1.2145454769         0.0086433521
        3.7354284000         2.3500000000         1.3429439823         1.2222011093         0.1416180006
        3.7404225000         2.3500000000         1.3378393285         1.2145454769         0.0086433521
        3.7454276000         2.3500000000         1.3429439823         1.2222011093         0.1416180006
        3.7504327000         2.3500000000         1.3429439823         1.2222011093         0.1416180006
        3.7554219000         2.3500000000         1.3378393285         1.2170973543         0.0086433521
        3.7604228000         2.3500000000         1.3352870017         1.2145454769        -0.0578439721
        3.7654939000         2.3500000000         1.3378393285         1.2196492318         0.0086433521
        3.7704219000         2.3500000000         1.3327346748         1.2094417220        -0.1243312963
        3.7753980000         2.3500000000         1.3327346748         1.2094417220        -0.1243312963
        3.7804318000         2.3500000000         1.3301823480         1.2094417220        -0.1908186205
        3.7854119000         2.3500000000         1.3276300211         1.2094417220        -0.2573059448
        3.7904055000         2.3500000000         1.3403916554         1.2145454769         0.0751306764
        3.7953884000         2.3500000000         1.3454963091         1.2196492318         0.2081053248
        3.8004278000         2.3500000000         1.3378393285         1.2094417220         0.0086433521
        3.8054275000         2.3500000000         1.3378393285         1.2145454769         0.0086433521
        3.8104162000         2.3500000000         1.3429439823         1.2222011093         0.1416180006
        3.8153945000         2.3500000000         1.3352870017         1.2145454769        -0.0578439721
        3.8205126000         2.3500000000         1.3301823480         1.2094417220        -0.1908186205
        3.8255078000         2.3500000000         1.3301823480         1.2119935994        -0.1908186205
        3.8304432000         2.3500000000         1.3378393285         1.2145454769         0.0086433521
        3.8354338000         2.3500000000         1.3327346748         1.2094417220        -0.1243312963
        3.8404211000         2.3500000000         1.3378393285         1.2170973543         0.0086433521
        3.8454246000         2.3500000000         1.3327346748         1.2094417220        -0.1243312963
        3.8505283000         2.3500000000         1.3378393285         1.2170973543         0.0086433521
        3.8554286000         2.3500000000         1.3352870017         1.2068898445        -0.0578439721
        3.8604256000         2.3500000000         1.3276300211         1.2094417220        -0.2573059448
        3.8654332000         2.3500000000         1.3429439823         1.2145454769         0.1416180006
        3.8704205000         2.3500000000         1.3301823480         1.2068898445        -0.1908186205
        3.8754283000         2.3500000000         1.3327346748         1.2068898445        -0.1243312963
        3.8804400000         2.3500000000         1.3378393285         1.2145454769         0.0086433521
        3.8854394000         2.3500000000         1.3301823480         1.2094417220        -0.1908186205
        3.8904037000         2.3500000000         1.3378393285         1.2145454769         0.0086433521
        3.8954050000         2.3500000000         1.3454963091         1.2196492318         0.2081053248
        3.9003896000         2.3500000000         1.3429439823         1.2196492318         0.1416180006
        3.9054005000         2.3500000000         1.3429439823         1.2222011093         0.1416180006
        3.9103904000         2.3500000000         1.3378393285         1.2170973543         0.0086433521
        3.9153900000         2.3500000000         1.3378393285         1.2196492318         0.0086433521
        3.9204238000         2.3500000000         1.3429439823         1.2196492318         0.1416180006
        3.9254321000         2.3500000000         1.3352870017         1.2145454769        -0.0578439721
        3.9303924000         2.3500000000         1.3454963091         1.2222011093         0.2081053248
        3.9354313000         2.3500000000         1.3327346748         1.2145454769        -0.1243312963
        3.9403841000         2.3500000000         1.3378393285         1.2145454769         0.0086433521
        3.9453912000         2.3500000000         1.3327346748         1.2094417220        -0.1243312963
        3.9504339000         2.3500000000         1.3378393285         1.2145454769         0.0086433521
        3.9554125000         2.3500000000         1.3327346748         1.2094417220        -0.1243312963
        3.9604233000         2.3500000000         1.3378393285         1.2170973543         0.0086433521
        3.9654241000         2.3500000000         1.3352870017         1.2170973543        -0.0578439721
        3.9704753000         2.3500000000         1.3352870017         1.2145454769        -0.0578439721
        3.9760011000         2.3500000000         1.3327346748         1.2145454769        -0.1243312963
        3.9804103000         2.3500000000         1.3327346748         1.2094417220        -0.1243312963
        3.9853952000         2.3500000000         1.3327346748         1.2094417220        -0.1243312963
        3.9903995000         2.3500000000         1.3378393285         1.2170973543         0.0086433521
        3.9953886000         2.3500000000         1.3378393285         1.2145454769         0.0086433521
        4.0003964000         2.3500000000         1.3403916554         1.2222011093         0.0751306764
