% Sweep Step 43/200  Vcmd=2.7200V  CW 
% Vg_offset=1.338337V  K_gimbal=26.049690

Time[s]              Vcmd[V]              Vg_raw[V]            Pot[V]             Omega[rad/s]
        0.0018781000         2.7200000000         1.3352870017         2.4955879613        -0.0794523525
        0.0056399000         2.7200000000         1.3352870017         2.4955879613        -0.0794523525
        0.0105295000         2.7200000000         1.3429439823         2.5006917162         0.1200096202
        0.0155139000         2.7200000000         1.3454963091         2.5006917162         0.1864969445
        0.0205136000         2.7200000000         1.3327346748         2.4955879613        -0.1459396767
        0.0255312000         2.7200000000         1.3378393285         2.4904842064        -0.0129650282
        0.0306259000         2.7200000000         1.3378393285         2.4879323289        -0.0129650282
        0.0357008000         2.7200000000         1.3352870017         2.4955879613        -0.0794523525
        0.0406364000         2.7200000000         1.3429439823         2.4981398388         0.1200096202
        0.0455591000         2.7200000000         1.3378393285         2.4930360838        -0.0129650282
        0.0506213000         2.7200000000         1.3454963091         2.4930360838         0.1864969445
        0.0556027000         2.7200000000         1.3608102703         2.4904842064         0.5854208898
        0.0605805000         2.7200000000         1.3557056165         2.4981398388         0.4524462414
        0.0655870000         2.7200000000         1.3557056165         2.5032435937         0.4524462414
        0.0706089000         2.7200000000         1.3582579434         2.5032435937         0.5189335656
        0.0755384000         2.7200000000         1.3531532897         2.5108992261         0.3859589171
        0.0806568000         2.7200000000         1.3480486360         2.5057954711         0.2529842687
        0.0857126000         2.7200000000         1.3659149240         2.5160029810         0.7183955383
        0.0907594000         2.7200000000         1.3480486360         2.5057954711         0.2529842687
        0.0956952000         2.7200000000         1.3454963091         2.5108992261         0.1864969445
        0.1007383000         2.7200000000         1.3454963091         2.5134511035         0.1864969445
        0.1056106000         2.7200000000         1.3454963091         2.5108992261         0.1864969445
        0.1107802000         2.7200000000         1.3480486360         2.5134511035         0.2529842687
        0.1157947000         2.7200000000         1.3480486360         2.5160029810         0.2529842687
        0.1207104000         2.7200000000         1.3429439823         2.5185548584         0.1200096202
        0.1255999000         2.7200000000         1.3352870017         2.5134511035        -0.0794523525
        0.1304512000         2.7200000000         1.3352870017         2.5083473486        -0.0794523525
        0.1354949000         2.7200000000         1.3429439823         2.5057954711         0.1200096202
        0.1404560000         2.7200000000         1.3352870017         2.5108992261        -0.0794523525
        0.1455720000         2.7200000000         1.3301823480         2.5057954711        -0.2124270009
        0.1504679000         2.7200000000         1.3378393285         2.5134511035        -0.0129650282
        0.1556825000         2.7200000000         1.3429439823         2.5185548584         0.1200096202
        0.1605876000         2.7200000000         1.3378393285         2.5134511035        -0.0129650282
        0.1655296000         2.7200000000         1.3301823480         2.5057954711        -0.2124270009
        0.1707555000         2.7200000000         1.3301823480         2.5108992261        -0.2124270009
        0.1757185000         2.7200000000         1.3352870017         2.5134511035        -0.0794523525
        0.1806056000         2.7200000000         1.3454963091         2.5211067359         0.1864969445
        0.1855878000         2.7200000000         1.3429439823         2.5211067359         0.1200096202
        0.1905417000         2.7200000000         1.3352870017         2.5108992261        -0.0794523525
        0.1955668000         2.7200000000         1.3378393285         2.5108992261        -0.0129650282
        0.2006201000         2.7200000000         1.3276300211         2.5083473486        -0.2789143251
        0.2054875000         2.7200000000         1.3403916554         2.5134511035         0.0535222960
        0.2105532000         2.7200000000         1.3378393285         2.5083473486        -0.0129650282
        0.2155833000         2.7200000000         1.3454963091         2.5211067359         0.1864969445
        0.2205951000         2.7200000000         1.3352870017         2.5134511035        -0.0794523525
        0.2254948000         2.7200000000         1.3429439823         2.5185548584         0.1200096202
        0.2307414000         2.7200000000         1.3378393285         2.5108992261        -0.0129650282
        0.2356101000         2.7200000000         1.3352870017         2.5108992261        -0.0794523525
        0.2407305000         2.7200000000         1.3352870017         2.5134511035        -0.0794523525
        0.2457122000         2.7200000000         1.3327346748         2.5057954711        -0.1459396767
        0.2505875000         2.7200000000         1.3454963091         2.5211067359         0.1864969445
        0.2557406000         2.7200000000         1.3403916554         2.5134511035         0.0535222960
        0.2606993000         2.7200000000         1.3454963091         2.5211067359         0.1864969445
        0.2655233000         2.7200000000         1.3352870017         2.5134511035        -0.0794523525
        0.2705988000         2.7200000000         1.3454963091         2.5185548584         0.1864969445
        0.2755272000         2.7200000000         1.3301823480         2.5057954711        -0.2124270009
        0.2805381000         2.7200000000         1.3352870017         2.5134511035        -0.0794523525
        0.2855295000         2.7200000000         1.3454963091         2.5134511035         0.1864969445
        0.2906048000         2.7200000000         1.3403916554         2.5134511035         0.0535222960
        0.2955819000         2.7200000000         1.3327346748         2.5108992261        -0.1459396767
        0.3006196000         2.7200000000         1.3403916554         2.5160029810         0.0535222960
        0.3055739000         2.7200000000         1.3378393285         2.5134511035        -0.0129650282
        0.3106188000         2.7200000000         1.3378393285         2.5134511035        -0.0129650282
        0.3155046000         2.7200000000         1.3429439823         2.5211067359         0.1200096202
        0.3205888000         2.7200000000         1.3352870017         2.5134511035        -0.0794523525
        0.3255103000         2.7200000000         1.3429439823         2.5134511035         0.1200096202
        0.3306049000         2.7200000000         1.3301823480         2.5083473486        -0.2124270009
        0.3355298000         2.7200000000         1.3378393285         2.5134511035        -0.0129650282
        0.3405609000         2.7200000000         1.3378393285         2.5134511035        -0.0129650282
        0.3455358000         2.7200000000         1.3352870017         2.5108992261        -0.0794523525
        0.3506954000         2.7200000000         1.3454963091         2.5160029810         0.1864969445
        0.3557633000         2.7200000000         1.3352870017         2.5134511035        -0.0794523525
        0.3605918000         2.7200000000         1.3327346748         2.5083473486        -0.1459396767
        0.3656876000         2.7200000000         1.3327346748         2.5083473486        -0.1459396767
        0.3705860000         2.7200000000         1.3352870017         2.5108992261        -0.0794523525
        0.3755036000         2.7200000000         1.3378393285         2.5134511035        -0.0129650282
        0.3805632000         2.7200000000         1.3378393285         2.5108992261        -0.0129650282
        0.3855367000         2.7200000000         1.3301823480         2.5083473486        -0.2124270009
        0.3906957000         2.7200000000         1.3429439823         2.5211067359         0.1200096202
        0.3957190000         2.7200000000         1.3301823480         2.5057954711        -0.2124270009
        0.4008068000         2.7200000000         1.3378393285         2.5134511035        -0.0129650282
        0.4062134000         2.7200000000         1.3378393285         2.5211067359        -0.0129650282
        0.4108398000         2.7200000000         1.3352870017         2.5134511035        -0.0794523525
        0.4161589000         2.7200000000         1.3429439823         2.5211067359         0.1200096202
        0.4207430000         2.7200000000         1.3429439823         2.5211067359         0.1200096202
        0.4257029000         2.7200000000         1.3301823480         2.5057954711        -0.2124270009
        0.4305834000         2.7200000000         1.3378393285         2.5160029810        -0.0129650282
        0.4357415000         2.7200000000         1.3480486360         2.5108992261         0.2529842687
        0.4405530000         2.7200000000         1.3352870017         2.5134511035        -0.0794523525
        0.4455756000         2.7200000000         1.3352870017         2.5134511035        -0.0794523525
        0.4505631000         2.7200000000         1.3454963091         2.5134511035         0.1864969445
        0.4555221000         2.7200000000         1.3429439823         2.5160029810         0.1200096202
        0.4605362000         2.7200000000         1.3403916554         2.5185548584         0.0535222960
        0.4655494000         2.7200000000         1.3429439823         2.5160029810         0.1200096202
        0.4705653000         2.7200000000         1.3378393285         2.5134511035        -0.0129650282
        0.4755593000         2.7200000000         1.3429439823         2.5185548584         0.1200096202
        0.4806914000         2.7200000000         1.3378393285         2.5134511035        -0.0129650282
        0.4855234000         2.7200000000         1.3429439823         2.5160029810         0.1200096202
        0.4905680000         2.7200000000         1.3454963091         2.5211067359         0.1864969445
        0.4955081000         2.7200000000         1.3429439823         2.5211067359         0.1200096202
        0.5005783000         2.7200000000         1.3403916554         2.5211067359         0.0535222960
        0.5055186000         2.7200000000         1.3454963091         2.5160029810         0.1864969445
        0.5105727000         2.7200000000         1.3378393285         2.5160029810        -0.0129650282
        0.5157035000         2.7200000000         1.3327346748         2.5057954711        -0.1459396767
        0.5204886000         2.7200000000         1.3403916554         2.5134511035         0.0535222960
        0.5256646000         2.7200000000         1.3378393285         2.5134511035        -0.0129650282
        0.5305588000         2.7200000000         1.3327346748         2.5108992261        -0.1459396767
        0.5355851000         2.7200000000         1.3301823480         2.5057954711        -0.2124270009
        0.5404923000         2.7200000000         1.3301823480         2.5057954711        -0.2124270009
        0.5455849000         2.7200000000         1.3301823480         2.5057954711        -0.2124270009
        0.5505804000         2.7200000000         1.3454963091         2.5185548584         0.1864969445
        0.5555974000         2.7200000000         1.3352870017         2.5108992261        -0.0794523525
        0.5605907000         2.7200000000         1.3429439823         2.5185548584         0.1200096202
        0.5655923000         2.7200000000         1.3454963091         2.5211067359         0.1864969445
        0.5707573000         2.7200000000         1.3403916554         2.5160029810         0.0535222960
        0.5755616000         2.7200000000         1.3301823480         2.5057954711        -0.2124270009
        0.5805076000         2.7200000000         1.3327346748         2.5057954711        -0.1459396767
        0.5855145000         2.7200000000         1.3378393285         2.5108992261        -0.0129650282
        0.5905916000         2.7200000000         1.3403916554         2.5134511035         0.0535222960
        0.5955571000         2.7200000000         1.3454963091         2.5185548584         0.1864969445
        0.6005914000         2.7200000000         1.3454963091         2.5236586133         0.1864969445
        0.6056444000         2.7200000000         1.3378393285         2.5134511035        -0.0129650282
        0.6107086000         2.7200000000         1.3378393285         2.5134511035        -0.0129650282
        0.6155083000         2.7200000000         1.3352870017         2.5108992261        -0.0794523525
        0.6205819000         2.7200000000         1.3378393285         2.5211067359        -0.0129650282
        0.6256594000         2.7200000000         1.3454963091         2.5211067359         0.1864969445
        0.6305007000         2.7200000000         1.3403916554         2.5134511035         0.0535222960
        0.6355324000         2.7200000000         1.3429439823         2.5134511035         0.1200096202
        0.6405542000         2.7200000000         1.3327346748         2.5032435937        -0.1459396767
        0.6455041000         2.7200000000         1.3429439823         2.5185548584         0.1200096202
        0.6505936000         2.7200000000         1.3301823480         2.5057954711        -0.2124270009
        0.6555287000         2.7200000000         1.3403916554         2.5134511035         0.0535222960
        0.6604863000         2.7200000000         1.3378393285         2.5108992261        -0.0129650282
        0.6655099000         2.7200000000         1.3429439823         2.5185548584         0.1200096202
        0.6705363000         2.7200000000         1.3378393285         2.5160029810        -0.0129650282
        0.6755641000         2.7200000000         1.3352870017         2.5108992261        -0.0794523525
        0.6805541000         2.7200000000         1.3327346748         2.5057954711        -0.1459396767
        0.6855639000         2.7200000000         1.3327346748         2.5083473486        -0.1459396767
        0.6905848000         2.7200000000         1.3327346748         2.5108992261        -0.1459396767
        0.6955494000         2.7200000000         1.3301823480         2.5083473486        -0.2124270009
        0.7005740000         2.7200000000         1.3403916554         2.5134511035         0.0535222960
        0.7055902000         2.7200000000         1.3378393285         2.5134511035        -0.0129650282
        0.7105705000         2.7200000000         1.3403916554         2.5134511035         0.0535222960
        0.7155568000         2.7200000000         1.3429439823         2.5211067359         0.1200096202
        0.7204498000         2.7200000000         1.3378393285         2.5134511035        -0.0129650282
        0.7255769000         2.7200000000         1.3454963091         2.5185548584         0.1864969445
        0.7304214000         2.7200000000         1.3301823480         2.5057954711        -0.2124270009
        0.7354452000         2.7200000000         1.3684672508         2.5134511035         0.7848828625
        0.7404247000         2.7200000000         1.3301823480         2.5057954711        -0.2124270009
        0.7454857000         2.7200000000         1.3403916554         2.5160029810         0.0535222960
        0.7505098000         2.7200000000         1.3429439823         2.5185548584         0.1200096202
        0.7555811000         2.7200000000         1.3429439823         2.5211067359         0.1200096202
        0.7606129000         2.7200000000         1.3378393285         2.5134511035        -0.0129650282
        0.7656831000         2.7200000000         1.3352870017         2.5108992261        -0.0794523525
        0.7706824000         2.7200000000         1.3327346748         2.5083473486        -0.1459396767
        0.7754652000         2.7200000000         1.3454963091         2.5211067359         0.1864969445
        0.7806152000         2.7200000000         1.3378393285         2.5134511035        -0.0129650282
        0.7854656000         2.7200000000         1.3327346748         2.5083473486        -0.1459396767
        0.7905441000         2.7200000000         1.3480486360         2.5211067359         0.2529842687
        0.7957012000         2.7200000000         1.3608102703         2.5134511035         0.5854208898
        0.8006667000         2.7200000000         1.3403916554         2.5211067359         0.0535222960
        0.8056135000         2.7200000000         1.3378393285         2.5134511035        -0.0129650282
        0.8105022000         2.7200000000         1.3429439823         2.5185548584         0.1200096202
        0.8154438000         2.7200000000         1.3454963091         2.5211067359         0.1864969445
        0.8206214000         2.7200000000         1.3429439823         2.5185548584         0.1200096202
        0.8254588000         2.7200000000         1.3454963091         2.5211067359         0.1864969445
        0.8306951000         2.7200000000         1.3378393285         2.5134511035        -0.0129650282
        0.8355088000         2.7200000000         1.3403916554         2.5160029810         0.0535222960
        0.8405729000         2.7200000000         1.3378393285         2.5134511035        -0.0129650282
        0.8455857000         2.7200000000         1.3454963091         2.5160029810         0.1864969445
        0.8505778000         2.7200000000         1.3327346748         2.5057954711        -0.1459396767
        0.8555753000         2.7200000000         1.3378393285         2.5134511035        -0.0129650282
        0.8605935000         2.7200000000         1.3378393285         2.5134511035        -0.0129650282
        0.8657428000         2.7200000000         1.3454963091         2.5211067359         0.1864969445
        0.8706072000         2.7200000000         1.3352870017         2.5160029810        -0.0794523525
        0.8755795000         2.7200000000         1.3327346748         2.5057954711        -0.1459396767
        0.8806021000         2.7200000000         1.3429439823         2.5211067359         0.1200096202
        0.8857813000         2.7200000000         1.3301823480         2.5057954711        -0.2124270009
        0.8908031000         2.7200000000         1.3454963091         2.5185548584         0.1864969445
        0.8958254000         2.7200000000         1.3301823480         2.5057954711        -0.2124270009
        0.9008120000         2.7200000000         1.3403916554         2.5185548584         0.0535222960
        0.9057505000         2.7200000000         1.3352870017         2.5160029810        -0.0794523525
        0.9106328000         2.7200000000         1.3327346748         2.5057954711        -0.1459396767
        0.9156212000         2.7200000000         1.3454963091         2.5211067359         0.1864969445
        0.9206442000         2.7200000000         1.3352870017         2.5134511035        -0.0794523525
        0.9258059000         2.7200000000         1.3429439823         2.5185548584         0.1200096202
        0.9307033000         2.7200000000         1.3327346748         2.5057954711        -0.1459396767
        0.9357032000         2.7200000000         1.3352870017         2.5134511035        -0.0794523525
        0.9407076000         2.7200000000         1.3403916554         2.5134511035         0.0535222960
        0.9456967000         2.7200000000         1.3531532897         2.5160029810         0.3859589171
        0.9505466000         2.7200000000         1.3352870017         2.5108992261        -0.0794523525
        0.9556410000         2.7200000000         1.3352870017         2.5134511035        -0.0794523525
        0.9607004000         2.7200000000         1.3301823480         2.5057954711        -0.2124270009
        0.9656423000         2.7200000000         1.3301823480         2.5083473486        -0.2124270009
        0.9705100000         2.7200000000         1.3352870017         2.5160029810        -0.0794523525
        0.9755148000         2.7200000000         1.3301823480         2.5083473486        -0.2124270009
        0.9806274000         2.7200000000         1.3378393285         2.5108992261        -0.0129650282
        0.9855028000         2.7200000000         1.3327346748         2.5057954711        -0.1459396767
        0.9906216000         2.7200000000         1.3454963091         2.5185548584         0.1864969445
        0.9954974000         2.7200000000         1.3454963091         2.5185548584         0.1864969445
        1.0005619000         2.7200000000         1.3429439823         2.5185548584         0.1200096202
        1.0056778000         2.7200000000         1.3378393285         2.5160029810        -0.0129650282
        1.0106943000         2.7200000000         1.3454963091         2.5211067359         0.1864969445
        1.0156367000         2.7200000000         1.3403916554         2.5134511035         0.0535222960
        1.0205642000         2.7200000000         1.3429439823         2.5185548584         0.1200096202
        1.0256097000         2.7200000000         1.3327346748         2.5083473486        -0.1459396767
        1.0305424000         2.7200000000         1.3378393285         2.5134511035        -0.0129650282
        1.0354902000         2.7200000000         1.3429439823         2.5185548584         0.1200096202
        1.0405892000         2.7200000000         1.3378393285         2.5134511035        -0.0129650282
        1.0456380000         2.7200000000         1.3378393285         2.5108992261        -0.0129650282
        1.0507423000         2.7200000000         1.3327346748         2.5057954711        -0.1459396767
        1.0555448000         2.7200000000         1.3327346748         2.5083473486        -0.1459396767
        1.0608170000         2.7200000000         1.3352870017         2.5134511035        -0.0794523525
        1.0656373000         2.7200000000         1.3378393285         2.5160029810        -0.0129650282
        1.0705489000         2.7200000000         1.3301823480         2.5083473486        -0.2124270009
        1.0755911000         2.7200000000         1.3454963091         2.5211067359         0.1864969445
        1.0806508000         2.7200000000         1.3378393285         2.5134511035        -0.0129650282
        1.0855733000         2.7200000000         1.3378393285         2.5134511035        -0.0129650282
        1.0906024000         2.7200000000         1.3378393285         2.5108992261        -0.0129650282
        1.0956962000         2.7200000000         1.3454963091         2.5211067359         0.1864969445
        1.1008559000         2.7200000000         1.3352870017         2.5160029810        -0.0794523525
        1.1055502000         2.7200000000         1.3327346748         2.5083473486        -0.1459396767
        1.1106606000         2.7200000000         1.3480486360         2.5211067359         0.2529842687
        1.1156819000         2.7200000000         1.3403916554         2.5134511035         0.0535222960
        1.1205985000         2.7200000000         1.3429439823         2.5108992261         0.1200096202
        1.1255614000         2.7200000000         1.3429439823         2.5134511035         0.1200096202
        1.1305754000         2.7200000000         1.3429439823         2.5185548584         0.1200096202
        1.1358063000         2.7200000000         1.3327346748         2.5057954711        -0.1459396767
        1.1408284000         2.7200000000         1.3378393285         2.5134511035        -0.0129650282
        1.1457895000         2.7200000000         1.3327346748         2.5083473486        -0.1459396767
        1.1508663000         2.7200000000         1.3327346748         2.5057954711        -0.1459396767
        1.1556954000         2.7200000000         1.3378393285         2.5108992261        -0.0129650282
        1.1608172000         2.7200000000         1.3378393285         2.5160029810        -0.0129650282
        1.1656918000         2.7200000000         1.3378393285         2.5160029810        -0.0129650282
        1.1705860000         2.7200000000         1.3352870017         2.5160029810        -0.0794523525
        1.1755487000         2.7200000000         1.3429439823         2.5160029810         0.1200096202
        1.1804303000         2.7200000000         1.3403916554         2.5134511035         0.0535222960
        1.1855914000         2.7200000000         1.3301823480         2.5083473486        -0.2124270009
        1.1906051000         2.7200000000         1.3378393285         2.5134511035        -0.0129650282
        1.1958051000         2.7200000000         1.3454963091         2.5211067359         0.1864969445
        1.2008064000         2.7200000000         1.3454963091         2.5134511035         0.1864969445
        1.2056923000         2.7200000000         1.3454963091         2.5160029810         0.1864969445
        1.2106975000         2.7200000000         1.3378393285         2.5134511035        -0.0129650282
        1.2157074000         2.7200000000         1.3429439823         2.5185548584         0.1200096202
        1.2204463000         2.7200000000         1.3735719045         2.5185548584         0.9178575109
        1.2255902000         2.7200000000         1.3378393285         2.5134511035        -0.0129650282
        1.2305385000         2.7200000000         1.3378393285         2.5108992261        -0.0129650282
        1.2356195000         2.7200000000         1.3403916554         2.5185548584         0.0535222960
        1.2405475000         2.7200000000         1.3429439823         2.5211067359         0.1200096202
        1.2454922000         2.7200000000         1.3378393285         2.5134511035        -0.0129650282
        1.2507348000         2.7200000000         1.3378393285         2.5108992261        -0.0129650282
        1.2557220000         2.7200000000         1.3378393285         2.5134511035        -0.0129650282
        1.2607477000         2.7200000000         1.3403916554         2.5108992261         0.0535222960
        1.2656846000         2.7200000000         1.3378393285         2.5134511035        -0.0129650282
        1.2705508000         2.7200000000         1.3378393285         2.5134511035        -0.0129650282
        1.2755246000         2.7200000000         1.3378393285         2.5134511035        -0.0129650282
        1.2805884000         2.7200000000         1.3454963091         2.5211067359         0.1864969445
        1.2856045000         2.7200000000         1.3352870017         2.5108992261        -0.0794523525
        1.2906611000         2.7200000000         1.3378393285         2.5108992261        -0.0129650282
        1.2957187000         2.7200000000         1.3378393285         2.5134511035        -0.0129650282
        1.3008147000         2.7200000000         1.3480486360         2.5134511035         0.2529842687
        1.3057182000         2.7200000000         1.3429439823         2.5185548584         0.1200096202
        1.3107545000         2.7200000000         1.3429439823         2.5108992261         0.1200096202
        1.3160523000         2.7200000000         1.3429439823         2.5185548584         0.1200096202
        1.3204860000         2.7200000000         1.3327346748         2.5057954711        -0.1459396767
        1.3254914000         2.7200000000         1.3301823480         2.5057954711        -0.2124270009
        1.3305932000         2.7200000000         1.3276300211         2.5057954711        -0.2789143251
        1.3357145000         2.7200000000         1.3327346748         2.5108992261        -0.1459396767
        1.3406265000         2.7200000000         1.3301823480         2.5134511035        -0.2124270009
        1.3461266000         2.7200000000         1.3327346748         2.5083473486        -0.1459396767
        1.3505815000         2.7200000000         1.3327346748         2.5108992261        -0.1459396767
        1.3556036000         2.7200000000         1.3352870017         2.5211067359        -0.0794523525
        1.3606854000         2.7200000000         1.3429439823         2.5185548584         0.1200096202
        1.3657153000         2.7200000000         1.3454963091         2.5211067359         0.1864969445
        1.3705999000         2.7200000000         1.3327346748         2.5083473486        -0.1459396767
        1.3755888000         2.7200000000         1.3378393285         2.5134511035        -0.0129650282
        1.3805165000         2.7200000000         1.3301823480         2.5083473486        -0.2124270009
        1.3855718000         2.7200000000         1.3327346748         2.5057954711        -0.1459396767
        1.3905040000         2.7200000000         1.3378393285         2.5134511035        -0.0129650282
        1.3954886000         2.7200000000         1.3454963091         2.5134511035         0.1864969445
        1.4005668000         2.7200000000         1.3429439823         2.5185548584         0.1200096202
        1.4057037000         2.7200000000         1.3352870017         2.5108992261        -0.0794523525
        1.4105406000         2.7200000000         1.3301823480         2.5057954711        -0.2124270009
        1.4155825000         2.7200000000         1.3301823480         2.5083473486        -0.2124270009
        1.4205135000         2.7200000000         1.3327346748         2.5057954711        -0.1459396767
        1.4256276000         2.7200000000         1.3327346748         2.5083473486        -0.1459396767
        1.4306113000         2.7200000000         1.3352870017         2.5134511035        -0.0794523525
        1.4356504000         2.7200000000         1.3250776943         2.5108992261        -0.3454016494
        1.4406099000         2.7200000000         1.3403916554         2.5211067359         0.0535222960
        1.4455959000         2.7200000000         1.3429439823         2.5185548584         0.1200096202
        1.4505728000         2.7200000000         1.3429439823         2.5185548584         0.1200096202
        1.4555773000         2.7200000000         1.3352870017         2.5134511035        -0.0794523525
        1.4606382000         2.7200000000         1.3352870017         2.5108992261        -0.0794523525
        1.4657478000         2.7200000000         1.3429439823         2.5185548584         0.1200096202
        1.4705442000         2.7200000000         1.3378393285         2.5134511035        -0.0129650282
        1.4757177000         2.7200000000         1.3378393285         2.5134511035        -0.0129650282
        1.4806064000         2.7200000000         1.3352870017         2.5108992261        -0.0794523525
        1.4856144000         2.7200000000         1.3378393285         2.5134511035        -0.0129650282
        1.4905991000         2.7200000000         1.3378393285         2.5134511035        -0.0129650282
        1.4955876000         2.7200000000         1.3301823480         2.5057954711        -0.2124270009
        1.5005299000         2.7200000000         1.3378393285         2.5134511035        -0.0129650282
        1.5054871000         2.7200000000         1.3276300211         2.5160029810        -0.2789143251
        1.5105283000         2.7200000000         1.3429439823         2.5160029810         0.1200096202
        1.5155830000         2.7200000000         1.3429439823         2.5211067359         0.1200096202
        1.5206645000         2.7200000000         1.3378393285         2.5057954711        -0.0129650282
        1.5255852000         2.7200000000         1.3301823480         2.5083473486        -0.2124270009
        1.5305648000         2.7200000000         1.3378393285         2.5134511035        -0.0129650282
        1.5356277000         2.7200000000         1.3480486360         2.5211067359         0.2529842687
        1.5408389000         2.7200000000         1.3429439823         2.5185548584         0.1200096202
        1.5455163000         2.7200000000         1.3403916554         2.5134511035         0.0535222960
        1.5504767000         2.7200000000         1.3352870017         2.5134511035        -0.0794523525
        1.5555436000         2.7200000000         1.3352870017         2.5134511035        -0.0794523525
        1.5605230000         2.7200000000         1.3378393285         2.5134511035        -0.0129650282
        1.5657900000         2.7200000000         1.3301823480         2.5057954711        -0.2124270009
        1.5705131000         2.7200000000         1.3378393285         2.5134511035        -0.0129650282
        1.5755808000         2.7200000000         1.3378393285         2.5134511035        -0.0129650282
        1.5805961000         2.7200000000         1.3352870017         2.5160029810        -0.0794523525
        1.5857098000         2.7200000000         1.3378393285         2.5108992261        -0.0129650282
        1.5907020000         2.7200000000         1.3352870017         2.5134511035        -0.0794523525
        1.5956445000         2.7200000000         1.3378393285         2.5108992261        -0.0129650282
        1.6006119000         2.7200000000         1.3276300211         2.5057954711        -0.2789143251
        1.6056814000         2.7200000000         1.3352870017         2.5083473486        -0.0794523525
        1.6107135000         2.7200000000         1.3378393285         2.5134511035        -0.0129650282
        1.6156232000         2.7200000000         1.3327346748         2.5108992261        -0.1459396767
        1.6205374000         2.7200000000         1.3429439823         2.5108992261         0.1200096202
        1.6257161000         2.7200000000         1.3429439823         2.5057954711         0.1200096202
        1.6307346000         2.7200000000         1.3378393285         2.5134511035        -0.0129650282
        1.6357145000         2.7200000000         1.3352870017         2.5134511035        -0.0794523525
        1.6408278000         2.7200000000         1.3429439823         2.5185548584         0.1200096202
        1.6455862000         2.7200000000         1.3429439823         2.5160029810         0.1200096202
        1.6506349000         2.7200000000         1.3378393285         2.5134511035        -0.0129650282
        1.6556935000         2.7200000000         1.3276300211         2.5057954711        -0.2789143251
        1.6608864000         2.7200000000         1.3378393285         2.5134511035        -0.0129650282
        1.6656252000         2.7200000000         1.3378393285         2.5108992261        -0.0129650282
        1.6706116000         2.7200000000         1.3378393285         2.5134511035        -0.0129650282
        1.6754909000         2.7200000000         1.3454963091         2.5211067359         0.1864969445
        1.6805082000         2.7200000000         1.3454963091         2.5185548584         0.1864969445
        1.6855690000         2.7200000000         1.3250776943         2.5134511035        -0.3454016494
        1.6907245000         2.7200000000         1.3327346748         2.5057954711        -0.1459396767
        1.6955699000         2.7200000000         1.3327346748         2.5134511035        -0.1459396767
        1.7005720000         2.7200000000         1.3403916554         2.5134511035         0.0535222960
        1.7058226000         2.7200000000         1.3429439823         2.5185548584         0.1200096202
        1.7108245000         2.7200000000         1.3531532897         2.5083473486         0.3859589171
        1.7156406000         2.7200000000         1.3378393285         2.5108992261        -0.0129650282
        1.7205644000         2.7200000000         1.3301823480         2.5057954711        -0.2124270009
        1.7255810000         2.7200000000         1.3429439823         2.5057954711         0.1200096202
        1.7307151000         2.7200000000         1.3454963091         2.5211067359         0.1864969445
        1.7356892000         2.7200000000         1.3378393285         2.5134511035        -0.0129650282
        1.7408488000         2.7200000000         1.3378393285         2.5134511035        -0.0129650282
        1.7456550000         2.7200000000         1.3327346748         2.5083473486        -0.1459396767
        1.7505028000         2.7200000000         1.3352870017         2.5134511035        -0.0794523525
        1.7554823000         2.7200000000         1.3327346748         2.5057954711        -0.1459396767
        1.7606894000         2.7200000000         1.3301823480         2.5083473486        -0.2124270009
        1.7656256000         2.7200000000         1.3327346748         2.5057954711        -0.1459396767
        1.7704742000         2.7200000000         1.3429439823         2.5160029810         0.1200096202
        1.7755637000         2.7200000000         1.3378393285         2.5108992261        -0.0129650282
        1.7805628000         2.7200000000         1.3327346748         2.5134511035        -0.1459396767
        1.7854630000         2.7200000000         1.3378393285         2.5160029810        -0.0129650282
        1.7905915000         2.7200000000         1.3352870017         2.5134511035        -0.0794523525
        1.7955586000         2.7200000000         1.3454963091         2.5211067359         0.1864969445
        1.8005692000         2.7200000000         1.3403916554         2.5083473486         0.0535222960
        1.8055636000         2.7200000000         1.3327346748         2.5083473486        -0.1459396767
        1.8105266000         2.7200000000         1.3378393285         2.5134511035        -0.0129650282
        1.8155725000         2.7200000000         1.3327346748         2.5083473486        -0.1459396767
        1.8204672000         2.7200000000         1.3301823480         2.5057954711        -0.2124270009
        1.8254294000         2.7200000000         1.3301823480         2.5083473486        -0.2124270009
        1.8304618000         2.7200000000         1.3352870017         2.5134511035        -0.0794523525
        1.8355308000         2.7200000000         1.3352870017         2.5083473486        -0.0794523525
        1.8404198000         2.7200000000         1.3352870017         2.5083473486        -0.0794523525
        1.8454285000         2.7200000000         1.3403916554         2.5134511035         0.0535222960
        1.8504267000         2.7200000000         1.3378393285         2.5134511035        -0.0129650282
        1.8554520000         2.7200000000         1.3327346748         2.5083473486        -0.1459396767
        1.8604379000         2.7200000000         1.3403916554         2.5160029810         0.0535222960
        1.8654738000         2.7200000000         1.3378393285         2.5160029810        -0.0129650282
        1.8704839000         2.7200000000         1.3480486360         2.5160029810         0.2529842687
        1.8754598000         2.7200000000         1.3327346748         2.5057954711        -0.1459396767
        1.8804927000         2.7200000000         1.3429439823         2.5185548584         0.1200096202
        1.8855561000         2.7200000000         1.3352870017         2.5108992261        -0.0794523525
        1.8905893000         2.7200000000         1.3378393285         2.5160029810        -0.0129650282
        1.8956068000         2.7200000000         1.3352870017         2.5108992261        -0.0794523525
        1.9006636000         2.7200000000         1.3378393285         2.5160029810        -0.0129650282
        1.9055494000         2.7200000000         1.3327346748         2.5134511035        -0.1459396767
        1.9104896000         2.7200000000         1.3429439823         2.5185548584         0.1200096202
        1.9155752000         2.7200000000         1.3301823480         2.5057954711        -0.2124270009
        1.9204821000         2.7200000000         1.3352870017         2.5134511035        -0.0794523525
        1.9256636000         2.7200000000         1.3378393285         2.5160029810        -0.0129650282
        1.9305537000         2.7200000000         1.3301823480         2.5134511035        -0.2124270009
        1.9355418000         2.7200000000         1.3378393285         2.5134511035        -0.0129650282
        1.9405353000         2.7200000000         1.3429439823         2.5211067359         0.1200096202
        1.9455261000         2.7200000000         1.3378393285         2.5134511035        -0.0129650282
        1.9506438000         2.7200000000         1.3378393285         2.5134511035        -0.0129650282
        1.9555116000         2.7200000000         1.3378393285         2.5160029810        -0.0129650282
        1.9605733000         2.7200000000         1.3327346748         2.5083473486        -0.1459396767
        1.9654968000         2.7200000000         1.3454963091         2.5160029810         0.1864969445
        1.9704715000         2.7200000000         1.3327346748         2.5108992261        -0.1459396767
        1.9755744000         2.7200000000         1.3327346748         2.5083473486        -0.1459396767
        1.9807846000         2.7200000000         1.3352870017         2.5083473486        -0.0794523525
        1.9856085000         2.7200000000         1.3327346748         2.5032435937        -0.1459396767
        1.9906567000         2.7200000000         1.3352870017         2.5134511035        -0.0794523525
        1.9956310000         2.7200000000         1.3352870017         2.5108992261        -0.0794523525
        2.0005729000         2.7200000000         1.3327346748         2.5083473486        -0.1459396767
        2.0055662000         2.7200000000         1.3301823480         2.5083473486        -0.2124270009
        2.0106134000         2.7200000000         1.3378393285         2.5134511035        -0.0129650282
        2.0156645000         2.7200000000         1.3352870017         2.5134511035        -0.0794523525
        2.0204545000         2.7200000000         1.3429439823         2.5185548584         0.1200096202
        2.0255519000         2.7200000000         1.3352870017         2.5160029810        -0.0794523525
        2.0305139000         2.7200000000         1.3378393285         2.5134511035        -0.0129650282
        2.0355841000         2.7200000000         1.3301823480         2.5083473486        -0.2124270009
        2.0406875000         2.7200000000         1.3378393285         2.5134511035        -0.0129650282
        2.0455752000         2.7200000000         1.3378393285         2.5134511035        -0.0129650282
        2.0505795000         2.7200000000         1.3454963091         2.5185548584         0.1864969445
        2.0555447000         2.7200000000         1.3327346748         2.5057954711        -0.1459396767
        2.0606121000         2.7200000000         1.3327346748         2.5057954711        -0.1459396767
        2.0656344000         2.7200000000         1.3276300211         2.5057954711        -0.2789143251
        2.0706319000         2.7200000000         1.3327346748         2.5057954711        -0.1459396767
        2.0756669000         2.7200000000         1.3378393285         2.5134511035        -0.0129650282
        2.0805562000         2.7200000000         1.3327346748         2.5083473486        -0.1459396767
        2.0856911000         2.7200000000         1.3403916554         2.5134511035         0.0535222960
        2.0908240000         2.7200000000         1.3429439823         2.5211067359         0.1200096202
        2.0956837000         2.7200000000         1.3429439823         2.5185548584         0.1200096202
        2.1007142000         2.7200000000         1.3327346748         2.5083473486        -0.1459396767
        2.1057797000         2.7200000000         1.3429439823         2.5262104908         0.1200096202
        2.1108155000         2.7200000000         1.3301823480         2.5057954711        -0.2124270009
        2.1158025000         2.7200000000         1.3378393285         2.5134511035        -0.0129650282
        2.1206420000         2.7200000000         1.3327346748         2.5083473486        -0.1459396767
        2.1255641000         2.7200000000         1.3429439823         2.5211067359         0.1200096202
        2.1305808000         2.7200000000         1.3454963091         2.5211067359         0.1864969445
        2.1357263000         2.7200000000         1.3378393285         2.5108992261        -0.0129650282
        2.1407260000         2.7200000000         1.3378393285         2.5108992261        -0.0129650282
        2.1456970000         2.7200000000         1.3429439823         2.5185548584         0.1200096202
        2.1505234000         2.7200000000         1.3403916554         2.5160029810         0.0535222960
        2.1555981000         2.7200000000         1.3378393285         2.5134511035        -0.0129650282
        2.1605815000         2.7200000000         1.3403916554         2.5134511035         0.0535222960
        2.1656074000         2.7200000000         1.3454963091         2.5108992261         0.1864969445
        2.1705889000         2.7200000000         1.3352870017         2.5108992261        -0.0794523525
        2.1756101000         2.7200000000         1.3378393285         2.5134511035        -0.0129650282
        2.1808097000         2.7200000000         1.3378393285         2.5134511035        -0.0129650282
        2.1855280000         2.7200000000         1.3403916554         2.5160029810         0.0535222960
        2.1904354000         2.7200000000         1.3378393285         2.5108992261        -0.0129650282
        2.1955616000         2.7200000000         1.3352870017         2.5134511035        -0.0794523525
        2.2005665000         2.7200000000         1.3352870017         2.5134511035        -0.0794523525
        2.2055325000         2.7200000000         1.3378393285         2.5160029810        -0.0129650282
        2.2105313000         2.7200000000         1.3352870017         2.5134511035        -0.0794523525
        2.2154951000         2.7200000000         1.3352870017         2.5160029810        -0.0794523525
        2.2207205000         2.7200000000         1.3378393285         2.5057954711        -0.0129650282
        2.2256693000         2.7200000000         1.3327346748         2.5057954711        -0.1459396767
        2.2305197000         2.7200000000         1.3327346748         2.5057954711        -0.1459396767
        2.2355247000         2.7200000000         1.3301823480         2.5083473486        -0.2124270009
        2.2405668000         2.7200000000         1.3378393285         2.5108992261        -0.0129650282
        2.2455246000         2.7200000000         1.3429439823         2.5185548584         0.1200096202
        2.2505661000         2.7200000000         1.3429439823         2.5185548584         0.1200096202
        2.2555816000         2.7200000000         1.3301823480         2.5057954711        -0.2124270009
        2.2605032000         2.7200000000         1.3582579434         2.5108992261         0.5189335656
        2.2655706000         2.7200000000         1.3327346748         2.5057954711        -0.1459396767
        2.2705696000         2.7200000000         1.3378393285         2.5160029810        -0.0129650282
        2.2755098000         2.7200000000         1.3352870017         2.5134511035        -0.0794523525
        2.2805925000         2.7200000000         1.3327346748         2.5083473486        -0.1459396767
        2.2855627000         2.7200000000         1.3454963091         2.5185548584         0.1864969445
        2.2905738000         2.7200000000         1.3378393285         2.5160029810        -0.0129650282
        2.2954712000         2.7200000000         1.3199730405         2.5134511035        -0.4783762978
        2.3004390000         2.7200000000         1.3454963091         2.5211067359         0.1864969445
        2.3055995000         2.7200000000         1.3352870017         2.5108992261        -0.0794523525
        2.3104037000         2.7200000000         1.3403916554         2.5134511035         0.0535222960
        2.3156063000         2.7200000000         1.3352870017         2.5134511035        -0.0794523525
        2.3204141000         2.7200000000         1.3403916554         2.5211067359         0.0535222960
        2.3253932000         2.7200000000         1.3429439823         2.5134511035         0.1200096202
        2.3304315000         2.7200000000         1.3378393285         2.5134511035        -0.0129650282
        2.3359460000         2.7200000000         1.3454963091         2.5160029810         0.1864969445
        2.3405298000         2.7200000000         1.3429439823         2.5185548584         0.1200096202
        2.3455534000         2.7200000000         1.3352870017         2.5108992261        -0.0794523525
        2.3505536000         2.7200000000         1.3454963091         2.5185548584         0.1864969445
        2.3555761000         2.7200000000         1.3352870017         2.5108992261        -0.0794523525
        2.3605565000         2.7200000000         1.3378393285         2.5134511035        -0.0129650282
        2.3655501000         2.7200000000         1.3429439823         2.5185548584         0.1200096202
        2.3705701000         2.7200000000         1.3429439823         2.5185548584         0.1200096202
        2.3755673000         2.7200000000         1.3378393285         2.5134511035        -0.0129650282
        2.3805718000         2.7200000000         1.3378393285         2.5134511035        -0.0129650282
        2.3855736000         2.7200000000         1.3403916554         2.5211067359         0.0535222960
        2.3905261000         2.7200000000         1.3429439823         2.5211067359         0.1200096202
        2.3955678000         2.7200000000         1.3352870017         2.5134511035        -0.0794523525
        2.4006898000         2.7200000000         1.3250776943         2.5057954711        -0.3454016494
        2.4055235000         2.7200000000         1.3327346748         2.5057954711        -0.1459396767
        2.4105986000         2.7200000000         1.3352870017         2.5134511035        -0.0794523525
        2.4156024000         2.7200000000         1.3454963091         2.5211067359         0.1864969445
        2.4204752000         2.7200000000         1.3429439823         2.5211067359         0.1200096202
        2.4255294000         2.7200000000         1.3352870017         2.5083473486        -0.0794523525
        2.4305812000         2.7200000000         1.3327346748         2.5083473486        -0.1459396767
        2.4356448000         2.7200000000         1.3301823480         2.5032435937        -0.2124270009
        2.4404940000         2.7200000000         1.3301823480         2.5083473486        -0.2124270009
        2.4455024000         2.7200000000         1.3378393285         2.5134511035        -0.0129650282
        2.4508061000         2.7200000000         1.3301823480         2.5057954711        -0.2124270009
        2.4556893000         2.7200000000         1.3378393285         2.5160029810        -0.0129650282
        2.4605298000         2.7200000000         1.3378393285         2.5160029810        -0.0129650282
        2.4655799000         2.7200000000         1.3403916554         2.5185548584         0.0535222960
        2.4705987000         2.7200000000         1.3378393285         2.5134511035        -0.0129650282
        2.4757155000         2.7200000000         1.3352870017         2.5134511035        -0.0794523525
        2.4807137000         2.7200000000         1.3429439823         2.5108992261         0.1200096202
        2.4856808000         2.7200000000         1.3378393285         2.5134511035        -0.0129650282
        2.4906491000         2.7200000000         1.3378393285         2.5108992261        -0.0129650282
        2.4955994000         2.7200000000         1.3352870017         2.5134511035        -0.0794523525
        2.5006488000         2.7200000000         1.3352870017         2.5134511035        -0.0794523525
        2.5057013000         2.7200000000         1.3378393285         2.5160029810        -0.0129650282
        2.5107517000         2.7200000000         1.3352870017         2.5134511035        -0.0794523525
        2.5155689000         2.7200000000         1.3429439823         2.5160029810         0.1200096202
        2.5206066000         2.7200000000         1.3403916554         2.5134511035         0.0535222960
        2.5255284000         2.7200000000         1.3352870017         2.5134511035        -0.0794523525
        2.5305518000         2.7200000000         1.3327346748         2.5057954711        -0.1459396767
        2.5354966000         2.7200000000         1.3327346748         2.5083473486        -0.1459396767
        2.5405269000         2.7200000000         1.3301823480         2.5057954711        -0.2124270009
        2.5455189000         2.7200000000         1.3352870017         2.5108992261        -0.0794523525
        2.5505720000         2.7200000000         1.3378393285         2.5134511035        -0.0129650282
        2.5555175000         2.7200000000         1.3378393285         2.5108992261        -0.0129650282
        2.5604842000         2.7200000000         1.3429439823         2.5211067359         0.1200096202
        2.5655221000         2.7200000000         1.3454963091         2.5185548584         0.1864969445
        2.5705637000         2.7200000000         1.3352870017         2.5134511035        -0.0794523525
        2.5756423000         2.7200000000         1.3454963091         2.5211067359         0.1864969445
        2.5805052000         2.7200000000         1.3352870017         2.5108992261        -0.0794523525
        2.5855696000         2.7200000000         1.3327346748         2.5134511035        -0.1459396767
        2.5905556000         2.7200000000         1.3403916554         2.5108992261         0.0535222960
        2.5954608000         2.7200000000         1.3378393285         2.5134511035        -0.0129650282
        2.6005502000         2.7200000000         1.3429439823         2.5160029810         0.1200096202
        2.6056680000         2.7200000000         1.3327346748         2.5057954711        -0.1459396767
        2.6107208000         2.7200000000         1.3429439823         2.5211067359         0.1200096202
        2.6155677000         2.7200000000         1.3403916554         2.5185548584         0.0535222960
        2.6204230000         2.7200000000         1.3378393285         2.5134511035        -0.0129650282
        2.6255019000         2.7200000000         1.3327346748         2.5057954711        -0.1459396767
        2.6305936000         2.7200000000         1.3301823480         2.5083473486        -0.2124270009
        2.6355631000         2.7200000000         1.3378393285         2.5108992261        -0.0129650282
        2.6405454000         2.7200000000         1.3378393285         2.5134511035        -0.0129650282
        2.6455800000         2.7200000000         1.3301823480         2.5057954711        -0.2124270009
        2.6505850000         2.7200000000         1.3378393285         2.5134511035        -0.0129650282
        2.6554910000         2.7200000000         1.3378393285         2.5134511035        -0.0129650282
        2.6605155000         2.7200000000         1.3352870017         2.5057954711        -0.0794523525
        2.6655522000         2.7200000000         1.3250776943         2.5057954711        -0.3454016494
        2.6705213000         2.7200000000         1.3429439823         2.5134511035         0.1200096202
        2.6754290000         2.7200000000         1.3378393285         2.5134511035        -0.0129650282
        2.6805718000         2.7200000000         1.3429439823         2.5211067359         0.1200096202
        2.6855183000         2.7200000000         1.3352870017         2.5108992261        -0.0794523525
        2.6904877000         2.7200000000         1.3429439823         2.5185548584         0.1200096202
        2.6954021000         2.7200000000         1.3429439823         2.5185548584         0.1200096202
        2.7004465000         2.7200000000         1.3429439823         2.5185548584         0.1200096202
        2.7054738000         2.7200000000         1.3378393285         2.5134511035        -0.0129650282
        2.7104263000         2.7200000000         1.3454963091         2.5134511035         0.1864969445
        2.7154791000         2.7200000000         1.3327346748         2.5057954711        -0.1459396767
        2.7204350000         2.7200000000         1.3378393285         2.5134511035        -0.0129650282
        2.7253927000         2.7200000000         1.3378393285         2.5134511035        -0.0129650282
        2.7305589000         2.7200000000         1.3352870017         2.5134511035        -0.0794523525
        2.7354708000         2.7200000000         1.3378393285         2.5134511035        -0.0129650282
        2.7404154000         2.7200000000         1.3352870017         2.5134511035        -0.0794523525
        2.7453921000         2.7200000000         1.3301823480         2.5057954711        -0.2124270009
        2.7505065000         2.7200000000         1.3352870017         2.5134511035        -0.0794523525
        2.7554226000         2.7200000000         1.3378393285         2.5108992261        -0.0129650282
        2.7604223000         2.7200000000         1.3327346748         2.5083473486        -0.1459396767
        2.7654567000         2.7200000000         1.3531532897         2.5057954711         0.3859589171
        2.7704917000         2.7200000000         1.3403916554         2.5134511035         0.0535222960
        2.7755136000         2.7200000000         1.3352870017         2.5134511035        -0.0794523525
        2.7804421000         2.7200000000         1.3301823480         2.5083473486        -0.2124270009
        2.7854816000         2.7200000000         1.3301823480         2.5057954711        -0.2124270009
        2.7905122000         2.7200000000         1.3378393285         2.5134511035        -0.0129650282
        2.7955640000         2.7200000000         1.3352870017         2.5134511035        -0.0794523525
        2.8006821000         2.7200000000         1.3378393285         2.5134511035        -0.0129650282
        2.8056559000         2.7200000000         1.3352870017         2.5134511035        -0.0794523525
        2.8105390000         2.7200000000         1.3480486360         2.5211067359         0.2529842687
        2.8155677000         2.7200000000         1.3378393285         2.5134511035        -0.0129650282
        2.8206915000         2.7200000000         1.3454963091         2.5211067359         0.1864969445
        2.8255744000         2.7200000000         1.3378393285         2.5160029810        -0.0129650282
        2.8306440000         2.7200000000         1.3378393285         2.5108992261        -0.0129650282
        2.8355718000         2.7200000000         1.3327346748         2.5083473486        -0.1459396767
        2.8408107000         2.7200000000         1.3301823480         2.5160029810        -0.2124270009
        2.8454901000         2.7200000000         1.3378393285         2.5185548584        -0.0129650282
        2.8504820000         2.7200000000         1.3352870017         2.5134511035        -0.0794523525
        2.8555844000         2.7200000000         1.3352870017         2.5160029810        -0.0794523525
        2.8606358000         2.7200000000         1.3327346748         2.5083473486        -0.1459396767
        2.8655969000         2.7200000000         1.3378393285         2.5134511035        -0.0129650282
        2.8707015000         2.7200000000         1.3378393285         2.5134511035        -0.0129650282
        2.8756526000         2.7200000000         1.3378393285         2.5134511035        -0.0129650282
        2.8805981000         2.7200000000         1.3454963091         2.5185548584         0.1864969445
        2.8857259000         2.7200000000         1.3378393285         2.5108992261        -0.0129650282
        2.8906207000         2.7200000000         1.3352870017         2.5057954711        -0.0794523525
        2.8956437000         2.7200000000         1.3403916554         2.5134511035         0.0535222960
        2.9006290000         2.7200000000         1.3301823480         2.5057954711        -0.2124270009
        2.9057026000         2.7200000000         1.3301823480         2.5083473486        -0.2124270009
        2.9106243000         2.7200000000         1.3352870017         2.5134511035        -0.0794523525
        2.9157118000         2.7200000000         1.3378393285         2.5108992261        -0.0129650282
        2.9207019000         2.7200000000         1.3429439823         2.5185548584         0.1200096202
        2.9257018000         2.7200000000         1.3301823480         2.5083473486        -0.2124270009
        2.9305453000         2.7200000000         1.3480486360         2.5134511035         0.2529842687
        2.9355333000         2.7200000000         1.3429439823         2.5185548584         0.1200096202
        2.9405022000         2.7200000000         1.3352870017         2.5134511035        -0.0794523525
        2.9455854000         2.7200000000         1.3378393285         2.5134511035        -0.0129650282
        2.9505387000         2.7200000000         1.3378393285         2.5134511035        -0.0129650282
        2.9555024000         2.7200000000         1.3429439823         2.5160029810         0.1200096202
        2.9604668000         2.7200000000         1.3352870017         2.5211067359        -0.0794523525
        2.9654656000         2.7200000000         1.3429439823         2.5185548584         0.1200096202
        2.9708373000         2.7200000000         1.3378393285         2.5134511035        -0.0129650282
        2.9755521000         2.7200000000         1.3378393285         2.5134511035        -0.0129650282
        2.9806766000         2.7200000000         1.3301823480         2.5083473486        -0.2124270009
        2.9855460000         2.7200000000         1.3454963091         2.5185548584         0.1864969445
        2.9906207000         2.7200000000         1.3352870017         2.5057954711        -0.0794523525
        2.9955849000         2.7200000000         1.3199730405         2.5108992261        -0.4783762978
        3.0005749000         2.7200000000         1.3352870017         2.5134511035        -0.0794523525
        3.0056242000         2.7200000000         1.3429439823         2.5185548584         0.1200096202
        3.0107892000         2.7200000000         1.3378393285         2.5134511035        -0.0129650282
        3.0156209000         2.7200000000         1.3403916554         2.5134511035         0.0535222960
        3.0208051000         2.7200000000         1.3327346748         2.5057954711        -0.1459396767
        3.0256364000         2.7200000000         1.3378393285         2.5108992261        -0.0129650282
        3.0306965000         2.7200000000         1.3429439823         2.5185548584         0.1200096202
        3.0356036000         2.7200000000         1.3327346748         2.5057954711        -0.1459396767
        3.0405938000         2.7200000000         1.3301823480         2.5057954711        -0.2124270009
        3.0455714000         2.7200000000         1.3301823480         2.5160029810        -0.2124270009
        3.0507294000         2.7200000000         1.3352870017         2.5134511035        -0.0794523525
        3.0556306000         2.7200000000         1.3378393285         2.5134511035        -0.0129650282
        3.0605018000         2.7200000000         1.3301823480         2.5032435937        -0.2124270009
        3.0654933000         2.7200000000         1.3327346748         2.5057954711        -0.1459396767
        3.0705144000         2.7200000000         1.3378393285         2.5185548584        -0.0129650282
        3.0755610000         2.7200000000         1.3429439823         2.5211067359         0.1200096202
        3.0805909000         2.7200000000         1.3403916554         2.5134511035         0.0535222960
        3.0858925000         2.7200000000         1.3352870017         2.5108992261        -0.0794523525
        3.0905811000         2.7200000000         1.3378393285         2.5108992261        -0.0129650282
        3.0955341000         2.7200000000         1.3378393285         2.5134511035        -0.0129650282
        3.1005850000         2.7200000000         1.3403916554         2.5083473486         0.0535222960
        3.1055966000         2.7200000000         1.3403916554         2.5160029810         0.0535222960
        3.1104858000         2.7200000000         1.3403916554         2.5134511035         0.0535222960
        3.1155697000         2.7200000000         1.3352870017         2.5134511035        -0.0794523525
        3.1205686000         2.7200000000         1.3454963091         2.5185548584         0.1864969445
        3.1255208000         2.7200000000         1.3352870017         2.5134511035        -0.0794523525
        3.1304942000         2.7200000000         1.3378393285         2.5083473486        -0.0129650282
        3.1355608000         2.7200000000         1.3327346748         2.5057954711        -0.1459396767
        3.1405413000         2.7200000000         1.3352870017         2.5108992261        -0.0794523525
        3.1454891000         2.7200000000         1.3429439823         2.5211067359         0.1200096202
        3.1505008000         2.7200000000         1.3429439823         2.5185548584         0.1200096202
        3.1556335000         2.7200000000         1.3352870017         2.5134511035        -0.0794523525
        3.1606079000         2.7200000000         1.3301823480         2.5057954711        -0.2124270009
        3.1655531000         2.7200000000         1.3352870017         2.5057954711        -0.0794523525
        3.1707776000         2.7200000000         1.3429439823         2.5185548584         0.1200096202
        3.1756467000         2.7200000000         1.3378393285         2.5160029810        -0.0129650282
        3.1805786000         2.7200000000         1.3429439823         2.5160029810         0.1200096202
        3.1857284000         2.7200000000         1.3301823480         2.5057954711        -0.2124270009
        3.1905879000         2.7200000000         1.3327346748         2.5057954711        -0.1459396767
        3.1954378000         2.7200000000         1.3327346748         2.5083473486        -0.1459396767
        3.2004041000         2.7200000000         1.3352870017         2.5134511035        -0.0794523525
        3.2055962000         2.7200000000         1.3301823480         2.5057954711        -0.2124270009
        3.2107099000         2.7200000000         1.3480486360         2.5211067359         0.2529842687
        3.2157378000         2.7200000000         1.3123160600         2.5083473486        -0.6778382705
        3.2208260000         2.7200000000         1.3454963091         2.5185548584         0.1864969445
        3.2257142000         2.7200000000         1.3352870017         2.5134511035        -0.0794523525
        3.2305654000         2.7200000000         1.3429439823         2.5185548584         0.1200096202
        3.2355958000         2.7200000000         1.3378393285         2.5134511035        -0.0129650282
        3.2407212000         2.7200000000         1.3276300211         2.5083473486        -0.2789143251
        3.2456223000         2.7200000000         1.3352870017         2.5134511035        -0.0794523525
        3.2506067000         2.7200000000         1.3327346748         2.5032435937        -0.1459396767
        3.2555915000         2.7200000000         1.3506009628         2.5185548584         0.3194715929
        3.2605628000         2.7200000000         1.3429439823         2.5160029810         0.1200096202
        3.2654259000         2.7200000000         1.3454963091         2.5185548584         0.1864969445
        3.2705349000         2.7200000000         1.3378393285         2.5160029810        -0.0129650282
        3.2756484000         2.7200000000         1.3301823480         2.5057954711        -0.2124270009
        3.2806284000         2.7200000000         1.3352870017         2.5108992261        -0.0794523525
        3.2855073000         2.7200000000         1.3352870017         2.5134511035        -0.0794523525
        3.2905315000         2.7200000000         1.3301823480         2.5083473486        -0.2124270009
        3.2955108000         2.7200000000         1.3403916554         2.5134511035         0.0535222960
        3.3005893000         2.7200000000         1.3378393285         2.5134511035        -0.0129650282
        3.3055326000         2.7200000000         1.3378393285         2.5160029810        -0.0129650282
        3.3105926000         2.7200000000         1.3403916554         2.5134511035         0.0535222960
        3.3156118000         2.7200000000         1.3378393285         2.5134511035        -0.0129650282
        3.3208156000         2.7200000000         1.3454963091         2.5185548584         0.1864969445
        3.3257892000         2.7200000000         1.3301823480         2.5057954711        -0.2124270009
        3.3307101000         2.7200000000         1.3327346748         2.5083473486        -0.1459396767
        3.3356391000         2.7200000000         1.3378393285         2.5134511035        -0.0129650282
        3.3407028000         2.7200000000         1.3378393285         2.5134511035        -0.0129650282
        3.3456781000         2.7200000000         1.3378393285         2.5134511035        -0.0129650282
        3.3505468000         2.7200000000         1.3378393285         2.5134511035        -0.0129650282
        3.3555998000         2.7200000000         1.3352870017         2.5134511035        -0.0794523525
        3.3607627000         2.7200000000         1.3352870017         2.5134511035        -0.0794523525
        3.3655965000         2.7200000000         1.3301823480         2.5083473486        -0.2124270009
        3.3705769000         2.7200000000         1.3378393285         2.5108992261        -0.0129650282
        3.3755744000         2.7200000000         1.3403916554         2.5134511035         0.0535222960
        3.3805287000         2.7200000000         1.3301823480         2.5211067359        -0.2124270009
        3.3855005000         2.7200000000         1.3378393285         2.5134511035        -0.0129650282
        3.3906553000         2.7200000000         1.3352870017         2.5160029810        -0.0794523525
        3.3954856000         2.7200000000         1.3506009628         2.5160029810         0.3194715929
        3.4004334000         2.7200000000         1.3301823480         2.5083473486        -0.2124270009
        3.4054297000         2.7200000000         1.3378393285         2.5057954711        -0.0129650282
        3.4109319000         2.7200000000         1.3429439823         2.5211067359         0.1200096202
        3.4154246000         2.7200000000         1.3378393285         2.5134511035        -0.0129650282
        3.4204945000         2.7200000000         1.3378393285         2.5134511035        -0.0129650282
        3.4255401000         2.7200000000         1.3327346748         2.5083473486        -0.1459396767
        3.4307212000         2.7200000000         1.3403916554         2.5134511035         0.0535222960
        3.4355270000         2.7200000000         1.3327346748         2.5083473486        -0.1459396767
        3.4405158000         2.7200000000         1.3403916554         2.5236586133         0.0535222960
        3.4454907000         2.7200000000         1.3301823480         2.5057954711        -0.2124270009
        3.4505260000         2.7200000000         1.3429439823         2.5134511035         0.1200096202
        3.4555806000         2.7200000000         1.3429439823         2.5185548584         0.1200096202
        3.4606702000         2.7200000000         1.3378393285         2.5134511035        -0.0129650282
        3.4654443000         2.7200000000         1.3352870017         2.5108992261        -0.0794523525
        3.4705633000         2.7200000000         1.3301823480         2.5006917162        -0.2124270009
        3.4754767000         2.7200000000         1.3301823480         2.5083473486        -0.2124270009
        3.4804288000         2.7200000000         1.3352870017         2.5134511035        -0.0794523525
        3.4854179000         2.7200000000         1.3454963091         2.5134511035         0.1864969445
        3.4904141000         2.7200000000         1.3327346748         2.5108992261        -0.1459396767
        3.4954350000         2.7200000000         1.3327346748         2.5057954711        -0.1459396767
        3.5005419000         2.7200000000         1.3378393285         2.5134511035        -0.0129650282
        3.5054260000         2.7200000000         1.3454963091         2.5185548584         0.1864969445
        3.5104667000         2.7200000000         1.3352870017         2.5134511035        -0.0794523525
        3.5155308000         2.7200000000         1.3327346748         2.5083473486        -0.1459396767
        3.5205579000         2.7200000000         1.3378393285         2.5134511035        -0.0129650282
        3.5256265000         2.7200000000         1.3454963091         2.5185548584         0.1864969445
        3.5305400000         2.7200000000         1.3352870017         2.5134511035        -0.0794523525
        3.5355767000         2.7200000000         1.3327346748         2.5083473486        -0.1459396767
        3.5406777000         2.7200000000         1.3301823480         2.5083473486        -0.2124270009
        3.5455616000         2.7200000000         1.3301823480         2.5083473486        -0.2124270009
        3.5504783000         2.7200000000         1.3301823480         2.5057954711        -0.2124270009
        3.5555698000         2.7200000000         1.3378393285         2.5134511035        -0.0129650282
        3.5605812000         2.7200000000         1.3608102703         2.5108992261         0.5854208898
        3.5655396000         2.7200000000         1.3429439823         2.5211067359         0.1200096202
        3.5708891000         2.7200000000         1.3378393285         2.5134511035        -0.0129650282
        3.5758070000         2.7200000000         1.3403916554         2.5134511035         0.0535222960
        3.5810010000         2.7200000000         1.3352870017         2.5134511035        -0.0794523525
        3.5856871000         2.7200000000         1.3378393285         2.5108992261        -0.0129650282
        3.5907041000         2.7200000000         1.3429439823         2.5211067359         0.1200096202
        3.5956250000         2.7200000000         1.3301823480         2.5057954711        -0.2124270009
        3.6005997000         2.7200000000         1.3327346748         2.5083473486        -0.1459396767
        3.6056345000         2.7200000000         1.3454963091         2.5211067359         0.1864969445
        3.6106788000         2.7200000000         1.3378393285         2.5134511035        -0.0129650282
        3.6155426000         2.7200000000         1.3352870017         2.5108992261        -0.0794523525
        3.6205063000         2.7200000000         1.3301823480         2.5057954711        -0.2124270009
        3.6255347000         2.7200000000         1.3429439823         2.5211067359         0.1200096202
        3.6307263000         2.7200000000         1.3352870017         2.5108992261        -0.0794523525
        3.6356035000         2.7200000000         1.3454963091         2.5185548584         0.1864969445
        3.6406938000         2.7200000000         1.3352870017         2.5134511035        -0.0794523525
        3.6457924000         2.7200000000         1.3327346748         2.5083473486        -0.1459396767
        3.6508282000         2.7200000000         1.3429439823         2.5211067359         0.1200096202
        3.6556936000         2.7200000000         1.3454963091         2.5185548584         0.1864969445
        3.6607343000         2.7200000000         1.3352870017         2.5134511035        -0.0794523525
        3.6657132000         2.7200000000         1.3301823480         2.5083473486        -0.2124270009
        3.6706293000         2.7200000000         1.3352870017         2.5134511035        -0.0794523525
        3.6755595000         2.7200000000         1.3429439823         2.5185548584         0.1200096202
        3.6805453000         2.7200000000         1.3301823480         2.5083473486        -0.2124270009
        3.6855459000         2.7200000000         1.3429439823         2.5236586133         0.1200096202
        3.6906002000         2.7200000000         1.3429439823         2.5185548584         0.1200096202
        3.6957075000         2.7200000000         1.3327346748         2.5134511035        -0.1459396767
        3.7008566000         2.7200000000         1.3378393285         2.5134511035        -0.0129650282
        3.7055894000         2.7200000000         1.3429439823         2.5211067359         0.1200096202
        3.7105913000         2.7200000000         1.3403916554         2.5134511035         0.0535222960
        3.7154986000         2.7200000000         1.3429439823         2.5057954711         0.1200096202
        3.7204886000         2.7200000000         1.3327346748         2.5057954711        -0.1459396767
        3.7256660000         2.7200000000         1.3403916554         2.5134511035         0.0535222960
        3.7305914000         2.7200000000         1.3301823480         2.5083473486        -0.2124270009
        3.7355968000         2.7200000000         1.3429439823         2.5211067359         0.1200096202
        3.7406017000         2.7200000000         1.3352870017         2.5134511035        -0.0794523525
        3.7455178000         2.7200000000         1.3352870017         2.5134511035        -0.0794523525
        3.7504993000         2.7200000000         1.3301823480         2.5083473486        -0.2124270009
        3.7556601000         2.7200000000         1.3403916554         2.5134511035         0.0535222960
        3.7606175000         2.7200000000         1.3301823480         2.5057954711        -0.2124270009
        3.7656645000         2.7200000000         1.3301823480         2.5057954711        -0.2124270009
        3.7707039000         2.7200000000         1.3327346748         2.5083473486        -0.1459396767
        3.7759829000         2.7200000000         1.3301823480         2.5057954711        -0.2124270009
        3.7805815000         2.7200000000         1.3327346748         2.5083473486        -0.1459396767
        3.7856055000         2.7200000000         1.3301823480         2.5083473486        -0.2124270009
        3.7905050000         2.7200000000         1.3403916554         2.5134511035         0.0535222960
        3.7955585000         2.7200000000         1.3301823480         2.5057954711        -0.2124270009
        3.8005084000         2.7200000000         1.3352870017         2.5134511035        -0.0794523525
        3.8056027000         2.7200000000         1.3327346748         2.5083473486        -0.1459396767
        3.8107024000         2.7200000000         1.3429439823         2.5185548584         0.1200096202
        3.8156577000         2.7200000000         1.3378393285         2.5160029810        -0.0129650282
        3.8206395000         2.7200000000         1.3403916554         2.5134511035         0.0535222960
        3.8255830000         2.7200000000         1.3352870017         2.5134511035        -0.0794523525
        3.8306175000         2.7200000000         1.3327346748         2.5057954711        -0.1459396767
        3.8355983000         2.7200000000         1.3378393285         2.5134511035        -0.0129650282
        3.8406170000         2.7200000000         1.3301823480         2.5057954711        -0.2124270009
        3.8457333000         2.7200000000         1.3378393285         2.5134511035        -0.0129650282
        3.8506922000         2.7200000000         1.3429439823         2.5185548584         0.1200096202
        3.8557256000         2.7200000000         1.3327346748         2.5083473486        -0.1459396767
        3.8607038000         2.7200000000         1.3327346748         2.5083473486        -0.1459396767
        3.8656886000         2.7200000000         1.3327346748         2.5108992261        -0.1459396767
        3.8707095000         2.7200000000         1.3454963091         2.5185548584         0.1864969445
        3.8758467000         2.7200000000         1.3429439823         2.5160029810         0.1200096202
        3.8807163000         2.7200000000         1.3429439823         2.5160029810         0.1200096202
        3.8856376000         2.7200000000         1.3352870017         2.5134511035        -0.0794523525
        3.8905355000         2.7200000000         1.3429439823         2.5185548584         0.1200096202
        3.8956061000         2.7200000000         1.3301823480         2.5057954711        -0.2124270009
        3.9005454000         2.7200000000         1.3608102703         2.5134511035         0.5854208898
        3.9055982000         2.7200000000         1.3352870017         2.5134511035        -0.0794523525
        3.9105894000         2.7200000000         1.3352870017         2.5134511035        -0.0794523525
        3.9155453000         2.7200000000         1.3378393285         2.5108992261        -0.0129650282
        3.9205711000         2.7200000000         1.3327346748         2.5057954711        -0.1459396767
        3.9255934000         2.7200000000         1.3327346748         2.5057954711        -0.1459396767
        3.9306156000         2.7200000000         1.3403916554         2.5160029810         0.0535222960
        3.9358418000         2.7200000000         1.3276300211         2.5211067359        -0.2789143251
        3.9405337000         2.7200000000         1.3378393285         2.5134511035        -0.0129650282
        3.9454521000         2.7200000000         1.3378393285         2.5134511035        -0.0129650282
        3.9506656000         2.7200000000         1.3276300211         2.5057954711        -0.2789143251
        3.9554904000         2.7200000000         1.3199730405         2.5108992261        -0.4783762978
        3.9606206000         2.7200000000         1.3403916554         2.5134511035         0.0535222960
        3.9655000000         2.7200000000         1.3378393285         2.5134511035        -0.0129650282
        3.9704732000         2.7200000000         1.3378393285         2.5108992261        -0.0129650282
        3.9755313000         2.7200000000         1.3378393285         2.5134511035        -0.0129650282
        3.9807044000         2.7200000000         1.3378393285         2.5134511035        -0.0129650282
        3.9855203000         2.7200000000         1.3301823480         2.5057954711        -0.2124270009
        3.9905958000         2.7200000000         1.3301823480         2.5083473486        -0.2124270009
        3.9955165000         2.7200000000         1.3378393285         2.5160029810        -0.0129650282
        4.0005659000         2.7200000000         1.3378393285         2.5108992261        -0.0129650282
