% Sweep Step 81/200  Vcmd=2.9100V  CW 
% Vg_offset=1.337508V  K_gimbal=26.049690

Time[s]              Vcmd[V]              Vg_raw[V]            Pot[V]             Omega[rad/s]
        0.0013494000         2.9100000000         1.3378393285         1.3880731441         0.0086433521
        0.0054039000         2.9100000000         1.3454963091         1.3906250215         0.2081053248
        0.0104146000         2.9100000000         1.3352870017         1.3829693892        -0.0578439721
        0.0154233000         2.9100000000         1.3378393285         1.3880731441         0.0086433521
        0.0203981000         2.9100000000         1.3352870017         1.3855212666        -0.0578439721
        0.0254459000         2.9100000000         1.3378393285         1.3855212666         0.0086433521
        0.0303917000         2.9100000000         1.3506009628         1.3880731441         0.3410799733
        0.0355218000         2.9100000000         1.4450370565         1.3982806539         2.8011109697
        0.0404257000         2.9100000000         1.4067521537         1.3982806539         1.8038011063
        0.0453982000         2.9100000000         1.3914381925         1.4110400412         1.4048771609
        0.0504075000         2.9100000000         1.4093044805         1.4084881638         1.8702884305
        0.0553962000         2.9100000000         1.4118568074         1.4161437961         1.9367757547
        0.0603999000         2.9100000000         1.4093044805         1.4186956736         1.8702884305
        0.0654029000         2.9100000000         1.4246184417         1.4365588158         2.2692123759
        0.0703926000         2.9100000000         1.4195137880         1.4391106933         2.1362377274
        0.0754734000         2.9100000000         1.4195137880         1.4467663256         2.1362377274
        0.0803805000         2.9100000000         1.4220661148         1.4569738355         2.2027250516
        0.0853940000         2.9100000000         1.4246184417         1.4646294679         2.2692123759
        0.0903975000         2.9100000000         1.4169614611         1.4697332228         2.0697504032
        0.0954100000         2.9100000000         1.4246184417         1.4824926101         2.2692123759
        0.1003993000         2.9100000000         1.4144091342         1.4824926101         2.0032630790
        0.1054009000         2.9100000000         1.4373800759         1.4952519974         2.6016489970
        0.1104054000         2.9100000000         1.4144091342         1.5105632621         2.0032630790
        0.1153957000         2.9100000000         1.4348277491         1.5233226494         2.5351616728
        0.1204014000         2.9100000000         1.4220661148         1.5182188945         2.2027250516
        0.1253889000         2.9100000000         1.4246184417         1.5258745269         2.2692123759
        0.1303907000         2.9100000000         1.4297230954         1.5411857916         2.4021870243
        0.1354137000         2.9100000000         1.4271707685         1.5513933015         2.3356997001
        0.1404121000         2.9100000000         1.4348277491         1.5667045662         2.5351616728
        0.1454225000         2.9100000000         1.4271707685         1.5667045662         2.3356997001
        0.1504052000         2.9100000000         1.4246184417         1.5743601986         2.2692123759
        0.1554197000         2.9100000000         1.4246184417         1.5794639535         2.2692123759
        0.1604104000         2.9100000000         1.4271707685         1.5947752183         2.3356997001
        0.1653847000         2.9100000000         1.4297230954         1.6024308506         2.4021870243
        0.1703935000         2.9100000000         1.4271707685         1.6151902379         2.3356997001
        0.1754224000         2.9100000000         1.4348277491         1.6253977478         2.5351616728
        0.1804162000         2.9100000000         1.4322754222         1.6330533802         2.4686743485
        0.1853956000         2.9100000000         1.4297230954         1.6356052576         2.4021870243
        0.1903969000         2.9100000000         1.4348277491         1.6560202773         2.5351616728
        0.1953889000         2.9100000000         1.4322754222         1.6636759097         2.4686743485
        0.2004236000         2.9100000000         1.4424847297         1.6764352970         2.7346236454
        0.2053989000         2.9100000000         1.4424847297         1.6840909293         2.7346236454
        0.2103884000         2.9100000000         1.4373800759         1.6866428068         2.6016489970
        0.2153894000         2.9100000000         1.4399324028         1.6994021941         2.6681363212
        0.2203995000         2.9100000000         1.4399324028         1.7096097039         2.6681363212
        0.2254048000         2.9100000000         1.4348277491         1.7172653363         2.5351616728
        0.2304193000         2.9100000000         1.4271707685         1.7198172138         2.3356997001
        0.2354272000         2.9100000000         1.4373800759         1.7325766011         2.6016489970
        0.2404098000         2.9100000000         1.4297230954         1.7376803560         2.4021870243
        0.2453931000         2.9100000000         1.4297230954         1.7504397433         2.4021870243
        0.2504160000         2.9100000000         1.4271707685         1.7606472531         2.3356997001
        0.2553926000         2.9100000000         1.4399324028         1.7759585179         2.6681363212
        0.2604267000         2.9100000000         1.4373800759         1.7861660277         2.6016489970
        0.2654213000         2.9100000000         1.4399324028         1.7938216601         2.6681363212
        0.2704137000         2.9100000000         1.4399324028         1.8091329248         2.6681363212
        0.2754555000         2.9100000000         1.4424847297         1.8193404347         2.7346236454
        0.2804790000         2.9100000000         1.4424847297         1.8218923121         2.7346236454
        0.2854144000         2.9100000000         1.4373800759         1.8320998220         2.6016489970
        0.2903974000         2.9100000000         1.4297230954         1.8320998220         2.4021870243
        0.2954097000         2.9100000000         1.4322754222         1.8474110867         2.4686743485
        0.3003917000         2.9100000000         1.4373800759         1.8601704740         2.6016489970
        0.3054017000         2.9100000000         1.4399324028         1.8729298613         2.6681363212
        0.3103816000         2.9100000000         1.4424847297         1.8856892486         2.7346236454
        0.3153950000         2.9100000000         1.4475893834         1.8933448810         2.8675982939
        0.3204016000         2.9100000000         1.4475893834         1.8984486359         2.8675982939
        0.3254092000         2.9100000000         1.4348277491         1.9061042683         2.5351616728
        0.3303933000         2.9100000000         1.4526940371         1.9137599006         3.0005729424
        0.3353866000         2.9100000000         1.4424847297         1.9290711654         2.7346236454
        0.3404115000         2.9100000000         1.4373800759         1.9341749203         2.6016489970
        0.3454259000         2.9100000000         1.4399324028         1.9494861851         2.6681363212
        0.3503979000         2.9100000000         1.4348277491         1.9545899400         2.5351616728
        0.3554333000         2.9100000000         1.4373800759         1.9647974498         2.6016489970
        0.3603917000         2.9100000000         1.4450370565         1.9801087146         2.8011109697
        0.3654027000         2.9100000000         1.4475893834         1.9928681019         2.8675982939
        0.3703922000         2.9100000000         1.4475893834         2.0081793666         2.8675982939
        0.3754833000         2.9100000000         1.4603510177         2.0183868765         3.2000349150
        0.3804003000         2.9100000000         1.4424847297         2.0285943863         2.7346236454
        0.3854156000         2.9100000000         1.4399324028         2.0336981412         2.6681363212
        0.3904219000         2.9100000000         1.4424847297         2.0464575285         2.7346236454
        0.3955007000         2.9100000000         1.4399324028         2.0490094060         2.6681363212
        0.4004266000         2.9100000000         1.4424847297         2.0592169158         2.7346236454
        0.4054847000         2.9100000000         1.4501417102         2.0719763031         2.9340856181
        0.4104307000         2.9100000000         1.4399324028         2.0770800580         2.6681363212
        0.4154250000         2.9100000000         1.4475893834         2.0974950777         2.8675982939
        0.4204022000         2.9100000000         1.4424847297         2.1051507101         2.7346236454
        0.4254204000         2.9100000000         1.4526940371         2.1179100974         3.0005729424
        0.4303922000         2.9100000000         1.4348277491         2.1281176072         2.5351616728
        0.4354871000         2.9100000000         1.4526940371         2.1408769945         3.0005729424
        0.4404397000         2.9100000000         1.4450370565         2.1485326269         2.8011109697
        0.4454229000         2.9100000000         1.4475893834         2.1663957691         2.8675982939
        0.4504018000         2.9100000000         1.4552463639         2.1766032789         3.0670602666
        0.4554135000         2.9100000000         1.4501417102         2.1868107888         2.9340856181
        0.4603969000         2.9100000000         1.4399324028         2.1919145437         2.6681363212
        0.4654085000         2.9100000000         1.4424847297         2.2021220535         2.7346236454
        0.4703987000         2.9100000000         1.4475893834         2.2072258084         2.8675982939
        0.4753897000         2.9100000000         1.4526940371         2.2199851957         3.0005729424
        0.4803774000         2.9100000000         1.4450370565         2.2352964605         2.8011109697
        0.4853960000         2.9100000000         1.4399324028         2.2480558478         2.6681363212
        0.4903998000         2.9100000000         1.4526940371         2.2557114802         3.0005729424
        0.4954026000         2.9100000000         1.4424847297         2.2684708674         2.7346236454
        0.5003919000         2.9100000000         1.4552463639         2.2837821322         3.0670602666
        0.5054032000         2.9100000000         1.4450370565         2.2965415195         2.8011109697
        0.5103983000         2.9100000000         1.4526940371         2.3067490293         3.0005729424
        0.5153901000         2.9100000000         1.4475893834         2.3093009068         2.8675982939
        0.5204251000         2.9100000000         1.4424847297         2.3220602941         2.7346236454
        0.5254565000         2.9100000000         1.4475893834         2.3322678039         2.8675982939
        0.5304110000         2.9100000000         1.4526940371         2.3475790687         3.0005729424
        0.5354258000         2.9100000000         1.4501417102         2.3577865785         2.9340856181
        0.5404177000         2.9100000000         1.4501417102         2.3628903334         2.9340856181
        0.5454695000         2.9100000000         1.4475893834         2.3756497207         2.8675982939
        0.5504279000         2.9100000000         1.4450370565         2.3833053531         2.8011109697
        0.5554149000         2.9100000000         1.4577986908         2.3960647404         3.1335475908
        0.5603986000         2.9100000000         1.4348277491         2.4011684953         2.5351616728
        0.5654035000         2.9100000000         1.4450370565         2.4139278826         2.8011109697
        0.5703634000         2.9100000000         1.4501417102         2.4343429023         2.9340856181
        0.5753899000         2.9100000000         1.4424847297         2.4368947797         2.7346236454
        0.5804034000         2.9100000000         1.4475893834         2.4471022896         2.8675982939
        0.5853948000         2.9100000000         1.4399324028         2.4675173092         2.6681363212
        0.5904052000         2.9100000000         1.4475893834         2.4777248191         2.8675982939
        0.5954057000         2.9100000000         1.4424847297         2.4853804515         2.7346236454
        0.6004193000         2.9100000000         1.4526940371         2.4930360838         3.0005729424
        0.6054069000         2.9100000000         1.4373800759         2.4981398388         2.6016489970
        0.6104028000         2.9100000000         1.4424847297         2.5108992261         2.7346236454
        0.6153946000         2.9100000000         1.4271707685         2.5134511035         2.3356997001
        0.6203993000         2.9100000000         1.4424847297         2.5287623683         2.7346236454
        0.6254102000         2.9100000000         1.4373800759         2.5466255105         2.6016489970
        0.6303918000         2.9100000000         1.4424847297         2.5517292654         2.7346236454
        0.6354697000         2.9100000000         1.4348277491         2.5517292654         2.5351616728
        0.6404188000         2.9100000000         1.4526940371         2.5772480400         3.0005729424
        0.6455410000         2.9100000000         1.4450370565         2.5823517949         2.8011109697
        0.6504012000         2.9100000000         1.4399324028         2.5874555498         2.6681363212
        0.6554345000         2.9100000000         1.4348277491         2.5951111822         2.5351616728
        0.6604203000         2.9100000000         1.4450370565         2.6053186920         2.8011109697
        0.6654289000         2.9100000000         1.4373800759         2.6282855892         2.6016489970
        0.6704212000         2.9100000000         1.4348277491         2.6257337117         2.5351616728
        0.6754270000         2.9100000000         1.4399324028         2.6359412215         2.6681363212
        0.6804088000         2.9100000000         1.4424847297         2.6487006088         2.7346236454
        0.6853850000         2.9100000000         1.4424847297         2.6640118736         2.7346236454
        0.6903914000         2.9100000000         1.4424847297         2.6742193834         2.7346236454
        0.6954127000         2.9100000000         1.4424847297         2.6818750158         2.7346236454
        0.7003904000         2.9100000000         1.4450370565         2.6946344031         2.8011109697
        0.7053954000         2.9100000000         1.4450370565         2.7073937904         2.8011109697
        0.7104058000         2.9100000000         1.4399324028         2.7099456679         2.6681363212
        0.7153844000         2.9100000000         1.4450370565         2.7227050552         2.8011109697
        0.7204014000         2.9100000000         1.4501417102         2.7405681974         2.9340856181
        0.7253833000         2.9100000000         1.4373800759         2.7456719523         2.6016489970
        0.7303918000         2.9100000000         1.4450370565         2.7609832170         2.8011109697
        0.7353787000         2.9100000000         1.4501417102         2.7635350945         2.9340856181
        0.7404657000         2.9100000000         1.4424847297         2.7788463592         2.7346236454
        0.7453964000         2.9100000000         1.4450370565         2.7916057465         2.8011109697
        0.7504746000         2.9100000000         1.4501417102         2.8120207662         2.9340856181
        0.7554088000         2.9100000000         1.4475893834         2.8145726437         2.8675982939
        0.7604300000         2.9100000000         1.4399324028         2.8247801535         2.6681363212
        0.7654529000         2.9100000000         1.4399324028         2.8273320310         2.6681363212
        0.7704360000         2.9100000000         1.4501417102         2.8528508056         2.9340856181
        0.7755126000         2.9100000000         1.4552463639         2.8630583154         3.0670602666
        0.7804058000         2.9100000000         1.4526940371         2.8707139478         3.0005729424
        0.7854093000         2.9100000000         1.4424847297         2.8732658252         2.7346236454
        0.7903998000         2.9100000000         1.4526940371         2.8860252125         3.0005729424
        0.7954024000         2.9100000000         1.4475893834         2.9089921097         2.8675982939
        0.8004058000         2.9100000000         1.4526940371         2.9166477420         3.0005729424
        0.8054003000         2.9100000000         1.4731126519         2.9268552519         3.5324715362
        0.8103988000         2.9100000000         1.4450370565         2.9319590068         2.8011109697
        0.8153969000         2.9100000000         1.4424847297         2.9447183941         2.7346236454
        0.8203999000         2.9100000000         1.4450370565         2.9625815363         2.8011109697
        0.8254117000         2.9100000000         1.4577986908         2.9727890461         3.1335475908
        0.8303897000         2.9100000000         1.4399324028         2.9804446785         2.6681363212
        0.8354023000         2.9100000000         1.4450370565         2.9855484334         2.8011109697
        0.8404113000         2.9100000000         1.4577986908         3.0059634531         3.1335475908
        0.8453958000         2.9100000000         1.4526940371         3.0187228404         3.0005729424
        0.8504003000         2.9100000000         1.4526940371         3.0340341051         3.0005729424
        0.8554028000         2.9100000000         1.4526940371         3.0391378601         3.0005729424
        0.8604209000         2.9100000000         1.4475893834         3.0493453699         2.8675982939
        0.8654033000         2.9100000000         1.4373800759         3.0544491248         2.6016489970
        0.8703899000         2.9100000000         1.4526940371         3.0672085121         3.0005729424
        0.8753960000         2.9100000000         1.4501417102         3.0850716543         2.9340856181
        0.8804035000         2.9100000000         1.4603510177         3.1029347965         3.2000349150
        0.8853946000         2.9100000000         1.4577986908         3.1080385515         3.1335475908
        0.8904193000         2.9100000000         1.4424847297         3.1182460613         2.7346236454
        0.8954117000         2.9100000000         1.4501417102         3.1207979388         2.9340856181
        0.9004204000         2.9100000000         1.4424847297         3.1335573261         2.7346236454
        0.9054033000         2.9100000000         1.4577986908         3.1514204683         3.1335475908
        0.9104016000         2.9100000000         1.4424847297         3.1692836105         2.7346236454
        0.9153919000         2.9100000000         1.4501417102         3.1845948752         2.9340856181
        0.9204034000         2.9100000000         1.4501417102         3.1845948752         2.9340856181
        0.9254029000         2.9100000000         1.4475893834         3.1999061400         2.8675982939
        0.9303916000         2.9100000000         1.4501417102         3.2126655273         2.9340856181
        0.9354037000         2.9100000000         1.4552463639         3.2203211597         3.0670602666
        0.9403815000         2.9100000000         1.4399324028         3.2228730371         2.6681363212
        0.9454022000         2.9100000000         1.4450370565         3.2381843019         2.8011109697
        0.9504446000         2.9100000000         1.4526940371         3.2509436892         3.0005729424
        0.9554063000         2.9100000000         1.4475893834         3.2611511990         2.8675982939
        0.9603929000         2.9100000000         1.4577986908         3.2739105863         3.1335475908
        0.9653834000         2.9100000000         1.4526940371         3.2815662187         3.0005729424
        0.9704097000         2.9100000000         1.4475893834         3.3019812383         2.8675982939
        0.9754235000         2.9100000000         1.4526940371         3.3045331158         3.0005729424
        0.9804356000         2.9100000000         1.4450370565         3.3147406256         2.8011109697
        0.9854109000         2.9100000000         1.4399324028         3.3223962580         2.6681363212
        0.9904270000         2.9100000000         1.4424847297         3.3300518904         2.7346236454
        0.9954283000         2.9100000000         1.4373800759         3.3428112777         2.6016489970
        1.0004378000         2.9100000000         1.4424847297         3.3555706650         2.7346236454
        1.0054432000         2.9100000000         1.4552463639         3.3785375621         3.0670602666
        1.0106200000         2.9100000000         1.4475893834         3.3861931945         2.8675982939
        1.0154122000         2.9100000000         1.4526940371         3.3964007043         3.0005729424
        1.0204233000         2.9100000000         1.4526940371         3.4066082142         3.0005729424
        1.0254024000         2.9100000000         1.4526940371         3.4117119691         3.0005729424
        1.0304189000         2.9100000000         1.4475893834         3.4244713564         2.8675982939
        1.0354548000         2.9100000000         1.4348277491         3.4321269888         2.5351616728
        1.0404354000         2.9100000000         1.4526940371         3.4499901310         3.0005729424
        1.0454215000         2.9100000000         1.4475893834         3.4550938859         2.8675982939
        1.0503986000         2.9100000000         1.4373800759         3.4678532732         2.6016489970
        1.0554170000         2.9100000000         1.4373800759         3.4704051506         2.6016489970
        1.0603929000         2.9100000000         1.4424847297         3.4831645379         2.7346236454
        1.0654667000         2.9100000000         1.4373800759         3.4959239252         2.6016489970
        1.0704430000         2.9100000000         1.4373800759         3.5035795576         2.6016489970
        1.0754202000         2.9100000000         1.4373800759         3.5188908224         2.6016489970
        1.0804022000         2.9100000000         1.4475893834         3.5342020871         2.8675982939
        1.0854204000         2.9100000000         1.4450370565         3.5367539646         2.8011109697
        1.0905302000         2.9100000000         1.4322754222         3.5393058420         2.4686743485
        1.0954834000         2.9100000000         1.4450370565         3.5648246166         2.8011109697
        1.1004136000         2.9100000000         1.4424847297         3.5699283715         2.7346236454
        1.1054240000         2.9100000000         1.4373800759         3.5801358814         2.6016489970
        1.1104085000         2.9100000000         1.4271707685         3.5826877588         2.3356997001
        1.1154256000         2.9100000000         1.4450370565         3.5979990236         2.8011109697
        1.1203920000         2.9100000000         1.4475893834         3.6133102883         2.8675982939
        1.1255443000         2.9100000000         1.4424847297         3.6235177982         2.7346236454
        1.1304265000         2.9100000000         1.4450370565         3.6311734306         2.8011109697
        1.1354170000         2.9100000000         1.4450370565         3.6464846953         2.8011109697
        1.1404021000         2.9100000000         1.4271707685         3.6464846953         2.3356997001
        1.1453893000         2.9100000000         1.4424847297         3.6566922051         2.7346236454
        1.1504016000         2.9100000000         1.4348277491         3.6694515924         2.5351616728
        1.1553905000         2.9100000000         1.4373800759         3.6847628572         2.6016489970
        1.1604010000         2.9100000000         1.4501417102         3.6949703670         2.9340856181
        1.1654021000         2.9100000000         1.4373800759         3.7026259994         2.6016489970
        1.1704161000         2.9100000000         1.4373800759         3.7128335092         2.6016489970
        1.1753889000         2.9100000000         1.4373800759         3.7153853867         2.6016489970
        1.1804657000         2.9100000000         1.4297230954         3.7255928965         2.4021870243
        1.1854227000         2.9100000000         1.4348277491         3.7383522838         2.5351616728
        1.1903995000         2.9100000000         1.4297230954         3.7383522838         2.4021870243
        1.1954016000         2.9100000000         1.4297230954         3.7511116711         2.4021870243
        1.2004199000         2.9100000000         1.4348277491         3.7638710584         2.5351616728
        1.2053968000         2.9100000000         1.4526940371         3.7740785683         3.0005729424
        1.2105876000         2.9100000000         1.4399324028         3.7919417105         2.6681363212
        1.2154233000         2.9100000000         1.4297230954         3.7919417105         2.4021870243
        1.2204154000         2.9100000000         1.4424847297         3.8072529752         2.7346236454
        1.2253985000         2.9100000000         1.4450370565         3.8149086076         2.8011109697
        1.2303905000         2.9100000000         1.4450370565         3.8327717498         2.8011109697
        1.2353951000         2.9100000000         1.4399324028         3.8302198724         2.6681363212
        1.2403798000         2.9100000000         1.4399324028         3.8455311371         2.6681363212
        1.2453852000         2.9100000000         1.4297230954         3.8506348920         2.4021870243
        1.2504232000         2.9100000000         1.4322754222         3.8582905244         2.4686743485
        1.2553948000         2.9100000000         1.4322754222         3.8710499117         2.4686743485
        1.2604164000         2.9100000000         1.4373800759         3.8838092990         2.6016489970
        1.2654501000         2.9100000000         1.4373800759         3.8940168088         2.6016489970
        1.2704491000         2.9100000000         1.4348277491         3.9067761961         2.5351616728
        1.2754536000         2.9100000000         1.4373800759         3.9118799510         2.6016489970
        1.2806071000         2.9100000000         1.4348277491         3.9246393383         2.5351616728
        1.2854618000         2.9100000000         1.4322754222         3.9246393383         2.4686743485
        1.2904575000         2.9100000000         1.4501417102         3.9425024806         2.9340856181
        1.2954305000         2.9100000000         1.4322754222         3.9476062355         2.4686743485
        1.3004646000         2.9100000000         1.4450370565         3.9603656228         2.8011109697
        1.3054214000         2.9100000000         1.4424847297         3.9756768875         2.7346236454
        1.3104242000         2.9100000000         1.4705603251         3.9858843974         3.4659842119
        1.3153883000         2.9100000000         1.4373800759         3.9884362748         2.6016489970
        1.3204032000         2.9100000000         1.4271707685         3.9909881523         2.3356997001
        1.3254036000         2.9100000000         1.4399324028         4.0165069269         2.6681363212
        1.3303901000         2.9100000000         1.4373800759         4.0216106818         2.6016489970
        1.3353847000         2.9100000000         1.4424847297         4.0292663142         2.7346236454
        1.3404082000         2.9100000000         1.4322754222         4.0369219465         2.4686743485
        1.3453966000         2.9100000000         1.4450370565         4.0445775789         2.8011109697
        1.3504027000         2.9100000000         1.4322754222         4.0624407211         2.4686743485
        1.3554833000         2.9100000000         1.4424847297         4.0726482310         2.7346236454
        1.3603914000         2.9100000000         1.4424847297         4.0752001084         2.7346236454
        1.3654012000         2.9100000000         1.4246184417         4.0777519859         2.2692123759
        1.3704073000         2.9100000000         1.4373800759         4.0981670056         2.6016489970
        1.3753953000         2.9100000000         1.4450370565         4.1083745154         2.8011109697
        1.3804024000         2.9100000000         1.4373800759         4.1134782703         2.6016489970
        1.3853914000         2.9100000000         1.4680079982         4.1211339027         3.3994968877
        1.3903913000         2.9100000000         1.4322754222         4.1262376576         2.4686743485
        1.3954987000         2.9100000000         1.4348277491         4.1492045547         2.5351616728
        1.4004372000         2.9100000000         1.4424847297         4.1594120646         2.7346236454
        1.4054204000         2.9100000000         1.4475893834         4.1721714519         2.8675982939
        1.4104123000         2.9100000000         1.4348277491         4.1747233293         2.5351616728
        1.4155094000         2.9100000000         1.4399324028         4.1823789617         2.6681363212
        1.4204018000         2.9100000000         1.4322754222         4.2002421039         2.4686743485
        1.4255038000         2.9100000000         1.4373800759         4.2027939814         2.6016489970
        1.4304127000         2.9100000000         1.4348277491         4.2155533687         2.5351616728
        1.4353957000         2.9100000000         1.4399324028         4.2308646334         2.6681363212
        1.4404082000         2.9100000000         1.4322754222         4.2334165109         2.4686743485
        1.4453881000         2.9100000000         1.4475893834         4.2512796531         2.8675982939
        1.4504015000         2.9100000000         1.4424847297         4.2563834080         2.7346236454
        1.4554073000         2.9100000000         1.4373800759         4.2563834080         2.6016489970
        1.4604082000         2.9100000000         1.4297230954         4.2691427953         2.4021870243
        1.4654286000         2.9100000000         1.4475893834         4.2870059375         2.8675982939
        1.4704148000         2.9100000000         1.4348277491         4.2946615699         2.5351616728
        1.4754191000         2.9100000000         1.4373800759         4.3125247121         2.6016489970
        1.4804263000         2.9100000000         1.4424847297         4.3201803445         2.7346236454
        1.4854373000         2.9100000000         1.4475893834         4.3303878543         2.8675982939
        1.4904191000         2.9100000000         1.4373800759         4.3329397318         2.6016489970
        1.4954378000         2.9100000000         1.4373800759         4.3405953642         2.6016489970
        1.5004148000         2.9100000000         1.4348277491         4.3508028740         2.5351616728
        1.5053951000         2.9100000000         1.4271707685         4.3584585064         2.3356997001
        1.5104446000         2.9100000000         1.4348277491         4.3686660162         2.5351616728
        1.5153880000         2.9100000000         1.4297230954         4.3839772810         2.4021870243
        1.5203957000         2.9100000000         1.4348277491         4.3941847908         2.5351616728
        1.5254053000         2.9100000000         1.4399324028         4.3992885457         2.6681363212
        1.5303844000         2.9100000000         1.4373800759         4.4222554428         2.6016489970
        1.5353916000         2.9100000000         1.4603510177         4.4222554428         3.2000349150
        1.5404048000         2.9100000000         1.4246184417         4.4299110752         2.2692123759
        1.5454086000         2.9100000000         1.4373800759         4.4528779724         2.6016489970
        1.5503924000         2.9100000000         1.4373800759         4.4630854822         2.6016489970
        1.5554048000         2.9100000000         1.4271707685         4.4579817273         2.3356997001
        1.5603939000         2.9100000000         1.4348277491         4.4707411146         2.5351616728
        1.5654029000         2.9100000000         1.4526940371         4.4911561342         3.0005729424
        1.5703832000         2.9100000000         1.4450370565         4.5013636441         2.8011109697
        1.5753943000         2.9100000000         1.4348277491         4.5013636441         2.5351616728
        1.5803984000         2.9100000000         1.4373800759         4.5141230314         2.6016489970
        1.5854144000         2.9100000000         1.4399324028         4.5243305412         2.6681363212
        1.5903923000         2.9100000000         1.4373800759         4.5370899285         2.6016489970
        1.5956791000         2.9100000000         1.4348277491         4.5370899285         2.5351616728
        1.6004127000         2.9100000000         1.4322754222         4.5600568256         2.4686743485
        1.6054174000         2.9100000000         1.4450370565         4.5677124580         2.8011109697
        1.6104044000         2.9100000000         1.4450370565         4.5855756002         2.8011109697
        1.6154110000         2.9100000000         1.4450370565         4.5957831101         2.8011109697
        1.6204202000         2.9100000000         1.4373800759         4.5983349875         2.6016489970
        1.6254236000         2.9100000000         1.4348277491         4.6110943748         2.5351616728
        1.6304359000         2.9100000000         1.4399324028         4.6187500072         2.6681363212
        1.6355148000         2.9100000000         1.4424847297         4.6264056396         2.7346236454
        1.6404189000         2.9100000000         1.4373800759         4.6391650269         2.6016489970
        1.6454637000         2.9100000000         1.4475893834         4.6519244142         2.8675982939
        1.6504386000         2.9100000000         1.4322754222         4.6621319240         2.4686743485
        1.6556058000         2.9100000000         1.4220661148         4.6774431887         2.2027250516
        1.6604350000         2.9100000000         1.4348277491         4.6774431887         2.5351616728
        1.6654144000         2.9100000000         1.4399324028         4.6927544535         2.6681363212
        1.6704066000         2.9100000000         1.4450370565         4.7080657183         2.8011109697
        1.6754217000         2.9100000000         1.4858742862         4.7208251056         3.8649081573
        1.6804030000         2.9100000000         1.4450370565         4.7259288605         2.8011109697
        1.6854020000         2.9100000000         1.4373800759         4.7310326154         2.6016489970
        1.6903926000         2.9100000000         1.4322754222         4.7437920027         2.4686743485
        1.6954014000         2.9100000000         1.4348277491         4.7591032674         2.5351616728
        1.7003910000         2.9100000000         1.4399324028         4.7591032674         2.6681363212
        1.7053949000         2.9100000000         1.4424847297         4.7795182871         2.7346236454
        1.7104041000         2.9100000000         1.4450370565         4.7922776744         2.8011109697
        1.7153899000         2.9100000000         1.4373800759         4.7973814293         2.6016489970
        1.7204061000         2.9100000000         1.4373800759         4.8075889392         2.6016489970
        1.7254052000         2.9100000000         1.4399324028         4.8203483265         2.6681363212
        1.7304768000         2.9100000000         1.4373800759         4.8331077137         2.6016489970
        1.7354024000         2.9100000000         1.4424847297         4.8458671010         2.7346236454
        1.7404005000         2.9100000000         1.4475893834         4.8560746109         2.8675982939
        1.7453903000         2.9100000000         1.4501417102         4.8739377531         2.9340856181
        1.7504260000         2.9100000000         1.4450370565         4.8713858756         2.8011109697
        1.7554020000         2.9100000000         1.4756649788         4.8918008953         3.5989588604
        1.7604188000         2.9100000000         1.4475893834         4.8994565277         2.8675982939
        1.7654014000         2.9100000000         1.4399324028         4.9198715474         2.6681363212
        1.7704100000         2.9100000000         1.4424847297         4.9224234248         2.7346236454
        1.7753927000         2.9100000000         1.4475893834         4.9326309346         2.8675982939
        1.7803936000         2.9100000000         1.4577986908         4.9555978318         3.1335475908
        1.7853819000         2.9100000000         1.4475893834         4.9658053416         2.8675982939
        1.7903872000         2.9100000000         1.4501417102         4.9760128515         2.9340856181
        1.7954007000         2.9100000000         1.4399324028         4.9785647289         2.6681363212
        1.8004093000         2.9100000000         1.4399324028         4.9887722387         2.6681363212
        1.8053895000         2.9100000000         1.4526940371         5.0040835035         3.0005729424
        1.8103995000         2.9100000000         1.4373800759         5.0040835035         2.6016489970
        1.8153875000         2.9100000000         1.4475893834         5.0066353810         2.8675982939
        1.8205398000         2.9100000000         1.4552463639         5.0091872584         3.0670602666
        1.8254060000         2.9100000000         1.4373800759         5.0040835035         2.6016489970
        1.8303872000         2.9100000000         1.4399324028         5.0015316260         2.6681363212
        1.8353946000         2.9100000000         1.4475893834         5.0066353810         2.8675982939
        1.8404065000         2.9100000000         1.4450370565         5.0066353810         2.8011109697
        1.8454116000         2.9100000000         1.4552463639         5.0091872584         3.0670602666
        1.8504238000         2.9100000000         1.4450370565         5.0066353810         2.8011109697
        1.8553994000         2.9100000000         1.4526940371         5.0015316260         3.0005729424
        1.8603899000         2.9100000000         1.4373800759         4.9964278711         2.6016489970
        1.8653987000         2.9100000000         1.4373800759         4.9811166064         2.6016489970
        1.8704055000         2.9100000000         1.4399324028         1.0997109912         2.6681363212
        1.8753921000         2.9100000000         1.4450370565         1.1048147461         2.8011109697
        1.8804042000         2.9100000000         1.4399324028         1.1099185011         2.6681363212
        1.8853794000         2.9100000000         1.4424847297         1.1073666236         2.7346236454
        1.8903960000         2.9100000000         1.4501417102         1.1124703785         2.9340856181
        1.8953987000         2.9100000000         1.4399324028         0.0024036839         2.6681363212
        1.9003861000         2.9100000000         1.4373800759        -0.0052519485         2.6016489970
        1.9054055000         2.9100000000         1.4322754222        -0.0001481936         2.4686743485
        1.9104029000         2.9100000000         1.4399324028        -0.0027000711         2.6681363212
        1.9154667000         2.9100000000         1.4450370565        -0.0052519485         2.8011109697
        1.9204520000         2.9100000000         1.4399324028        -0.0052519485         2.6681363212
        1.9257581000         2.9100000000         1.4475893834         0.0024036839         2.8675982939
        1.9304340000         2.9100000000         1.4450370565        -0.0052519485         2.8011109697
        1.9353953000         2.9100000000         1.4909789399         0.0049555613         3.9978828058
        1.9404075000         2.9100000000         1.4475893834        -0.0001481936         2.8675982939
        1.9454069000         2.9100000000         1.4603510177         0.0075074388         3.2000349150
        1.9503976000         2.9100000000         1.4577986908         0.0151630711         3.1335475908
        1.9554266000         2.9100000000         1.4526940371         0.0253705810         3.0005729424
        1.9603912000         2.9100000000         1.4552463639         0.0355780908         3.0670602666
        1.9653985000         2.9100000000         1.4501417102         0.0355780908         2.9340856181
        1.9703822000         2.9100000000         1.4526940371         0.0559931105         3.0005729424
        1.9754212000         2.9100000000         1.4526940371         0.0713043752         3.0005729424
        1.9804023000         2.9100000000         1.4526940371         0.0815118851         3.0005729424
        1.9853798000         2.9100000000         1.4475893834         0.0840637625         2.8675982939
        1.9903993000         2.9100000000         1.4552463639         0.1019269048         3.0670602666
        1.9954380000         2.9100000000         1.4450370565         0.1070306597         2.8011109697
        2.0004379000         2.9100000000         1.4501417102         0.1172381695         2.9340856181
        2.0053971000         2.9100000000         1.4348277491         0.1299975568         2.5351616728
        2.0104001000         2.9100000000         1.4399324028         0.1351013117         2.6681363212
        2.0153902000         2.9100000000         1.4373800759         0.1453088216         2.6016489970
        2.0204009000         2.9100000000         1.4322754222         0.1580682088         2.4686743485
        2.0255232000         2.9100000000         1.4552463639         0.1759313511         3.0670602666
        2.0307797000         2.9100000000         1.4501417102         0.1886907384         2.9340856181
        2.0357140000         2.9100000000         1.4475893834         0.1963463707         2.8675982939
        2.0404023000         2.9100000000         1.4246184417         0.1988982482         2.2692123759
        2.0453901000         2.9100000000         1.4399324028         0.2142095129         2.6681363212
        2.0503982000         2.9100000000         1.4475893834         0.2295207777         2.8675982939
        2.0553794000         2.9100000000         1.4475893834         0.2422801650         2.8675982939
        2.0604197000         2.9100000000         1.4475893834         0.2473839199         2.8675982939
        2.0653932000         2.9100000000         1.4373800759         0.2575914298         2.6016489970
        2.0704339000         2.9100000000         1.4475893834         0.2754545720         2.8675982939
        2.0753958000         2.9100000000         1.4475893834         0.2907658367         2.8675982939
        2.0803798000         2.9100000000         1.4577986908         0.3009733466         3.1335475908
        2.0854062000         2.9100000000         1.4475893834         0.3111808564         2.8675982939
        2.0903935000         2.9100000000         1.4450370565         0.3188364888         2.8011109697
        2.0954071000         2.9100000000         1.4501417102         0.3366996310         2.9340856181
        2.1004142000         2.9100000000         1.4603510177         0.3494590183         3.2000349150
        2.1053997000         2.9100000000         1.4348277491         0.3469071408         2.5351616728
        2.1103784000         2.9100000000         1.4475893834         0.3596665281         2.8675982939
        2.1153837000         2.9100000000         1.4552463639         0.3775296703         3.0670602666
        2.1203947000         2.9100000000         1.4450370565         0.3826334252         2.8011109697
        2.1254028000         2.9100000000         1.4552463639         0.4030484449         3.0670602666
        2.1303873000         2.9100000000         1.4348277491         0.4030484449         2.5351616728
        2.1353943000         2.9100000000         1.4424847297         0.4158078322         2.7346236454
        2.1403759000         2.9100000000         1.4526940371         0.4311190970         3.0005729424
        2.1453948000         2.9100000000         1.4399324028         0.4336709744         2.6681363212
        2.1503989000         2.9100000000         1.4501417102         0.4464303617         2.9340856181
        2.1554062000         2.9100000000         1.4475893834         0.4617416265         2.8675982939
        2.1603928000         2.9100000000         1.4450370565         0.4745010138         2.8011109697
        2.1654007000         2.9100000000         1.4577986908         0.4949160334         3.1335475908
        2.1703847000         2.9100000000         1.4450370565         0.4923641560         2.8011109697
        2.1753938000         2.9100000000         1.4450370565         0.5102272982         2.8011109697
        2.1804001000         2.9100000000         1.4526940371         0.5306423179         3.0005729424
        2.1853799000         2.9100000000         1.4552463639         0.5357460728         3.0670602666
        2.1903939000         2.9100000000         1.4782173056         0.5434017052         3.6654461846
        2.1953734000         2.9100000000         1.4424847297         0.5510573375         2.7346236454
        2.2004106000         2.9100000000         1.4501417102         0.5663686023         2.9340856181
        2.2054019000         2.9100000000         1.4526940371         0.5816798670         3.0005729424
        2.2104370000         2.9100000000         1.4526940371         0.5867836220         3.0005729424
        2.2154320000         2.9100000000         1.4399324028         0.5918873769         2.6681363212
        2.2204260000         2.9100000000         1.4450370565         0.6071986416         2.8011109697
        2.2254070000         2.9100000000         1.4424847297         0.6148542740         2.7346236454
        2.2304137000         2.9100000000         1.4450370565         0.6352692937         2.8011109697
        2.2354212000         2.9100000000         1.4577986908         0.6480286810         3.1335475908
        2.2404049000         2.9100000000         1.4475893834         0.6531324359         2.8675982939
        2.2454057000         2.9100000000         1.4552463639         0.6658918232         3.0670602666
        2.2504527000         2.9100000000         1.4552463639         0.6812030879         3.0670602666
        2.2554008000         2.9100000000         1.4552463639         0.6939624752         3.0670602666
        2.2604120000         2.9100000000         1.4552463639         0.6990662302         3.0670602666
        2.2654007000         2.9100000000         1.4603510177         0.7092737400         3.2000349150
        2.2703820000         2.9100000000         1.4552463639         0.7296887597         3.0670602666
        2.2753892000         2.9100000000         1.4526940371         0.7398962695         3.0005729424
        2.2804021000         2.9100000000         1.4526940371         0.7450000244         3.0005729424
        2.2853793000         2.9100000000         1.4424847297         0.7501037793         2.7346236454
        2.2903925000         2.9100000000         1.4475893834         0.7654150441         2.8675982939
        2.2953960000         2.9100000000         1.4501417102         0.7858300638         2.9340856181
        2.3004091000         2.9100000000         1.4629033445         0.7934856961         3.2665222393
        2.3053955000         2.9100000000         1.4450370565         0.7985894511         2.8011109697
        2.3104029000         2.9100000000         1.4475893834         0.8113488384         2.8675982939
        2.3154040000         2.9100000000         1.4450370565         0.8164525933         2.8011109697
        2.3203923000         2.9100000000         1.4424847297         0.8317638580         2.7346236454
        2.3254010000         2.9100000000         1.4424847297         0.8419713679         2.7346236454
        2.3303867000         2.9100000000         1.4373800759         0.8470751228         2.6016489970
        2.3353971000         2.9100000000         1.4399324028         0.8598345101         2.6681363212
        2.3404014000         2.9100000000         1.4450370565         0.8751457748         2.8011109697
        2.3453870000         2.9100000000         1.4373800759         0.8802495297         2.6016489970
        2.3503956000         2.9100000000         1.4450370565         0.8981126720         2.8011109697
        2.3554058000         2.9100000000         1.4552463639         0.9134239367         3.0670602666
        2.3604172000         2.9100000000         1.4424847297         0.9210795691         2.7346236454
        2.3653964000         2.9100000000         1.4424847297         0.9287352015         2.7346236454
        2.3703867000         2.9100000000         1.4424847297         0.9440464662         2.7346236454
        2.3753894000         2.9100000000         1.4501417102         0.9542539761         2.9340856181
        2.3804044000         2.9100000000         1.4475893834         0.9695652408         2.8675982939
        2.3853840000         2.9100000000         1.4399324028         0.9695652408         2.6681363212
        2.3904245000         2.9100000000         1.4501417102         0.9874283830         2.9340856181
        2.3954300000         2.9100000000         1.4424847297         0.9925321379         2.7346236454
        2.4004121000         2.9100000000         1.4373800759         0.9976358929         2.6016489970
        2.4054203000         2.9100000000         1.4399324028         1.0129471576         2.6681363212
        2.4107041000         2.9100000000         1.4526940371         1.0308102998         3.0005729424
        2.4154364000         2.9100000000         1.4475893834         1.0410178097         2.8675982939
        2.4204202000         2.9100000000         1.4424847297         1.0461215646         2.7346236454
        2.4254335000         2.9100000000         1.4373800759         1.0512253195         2.6016489970
        2.4304146000         2.9100000000         1.4475893834         1.0614328293         2.8675982939
        2.4355140000         2.9100000000         1.4399324028         1.0767440941         2.6681363212
        2.4404150000         2.9100000000         1.4424847297         1.0792959716         2.7346236454
        2.4453949000         2.9100000000         1.4450370565         1.0971591138         2.8011109697
        2.4504194000         2.9100000000         1.4373800759         1.1048147461         2.6016489970
        2.4554052000         2.9100000000         1.4450370565         1.1226778884         2.8011109697
        2.4603633000         2.9100000000         1.4399324028         1.1252297658         2.6681363212
        2.4654004000         2.9100000000         1.4322754222         1.1354372756         2.4686743485
        2.4704289000         2.9100000000         1.4424847297         1.1405410306         2.7346236454
        2.4753947000         2.9100000000         1.4373800759         1.1558522953         2.6016489970
        2.4804197000         2.9100000000         1.4297230954         1.1609560502         2.4021870243
        2.4854161000         2.9100000000         1.4373800759         1.1737154375         2.6016489970
        2.4904136000         2.9100000000         1.4322754222         1.1890267023         2.4686743485
        2.4954012000         2.9100000000         1.4424847297         1.1966823347         2.7346236454
        2.5003953000         2.9100000000         1.4424847297         1.2068898445         2.7346236454
        2.5053934000         2.9100000000         1.4348277491         1.2094417220         2.5351616728
        2.5104022000         2.9100000000         1.4348277491         1.2222011093         2.5351616728
        2.5153820000         2.9100000000         1.4424847297         1.2375123740         2.7346236454
        2.5203986000         2.9100000000         1.4756649788         1.2426161289         3.5989588604
        2.5254050000         2.9100000000         1.4322754222         1.2553755162         2.4686743485
        2.5303927000         2.9100000000         1.4348277491         1.2604792711         2.5351616728
        2.5353913000         2.9100000000         1.4322754222         1.2706867810         2.4686743485
        2.5403997000         2.9100000000         1.4322754222         1.2808942908         2.4686743485
        2.5453928000         2.9100000000         1.4322754222         1.2962055556         2.4686743485
        2.5504011000         2.9100000000         1.4424847297         1.3038611879         2.7346236454
        2.5558061000         2.9100000000         1.4399324028         1.3140686978         2.6681363212
        2.5605844000         2.9100000000         1.4450370565         1.3344837175         2.8011109697
        2.5657960000         2.9100000000         1.4424847297         1.3421393498         2.7346236454
        2.5703860000         2.9100000000         1.4424847297         1.3446912273         2.7346236454
        2.5753967000         2.9100000000         1.4399324028         1.3574506146         2.6681363212
        2.5803975000         2.9100000000         1.4424847297         1.3651062470         2.7346236454
        2.5853869000         2.9100000000         1.4322754222         1.3702100019         2.4686743485
        2.5904007000         2.9100000000         1.4475893834         1.3855212666         2.8675982939
        2.5955323000         2.9100000000         1.4450370565         1.4033844088         2.8011109697
        2.6004104000         2.9100000000         1.4501417102         1.4059362863         2.9340856181
        2.6053971000         2.9100000000         1.4475893834         1.4186956736         2.8675982939
        2.6104030000         2.9100000000         1.4552463639         1.4340069384         3.0670602666
        2.6153981000         2.9100000000         1.4424847297         1.4365588158         2.7346236454
        2.6204174000         2.9100000000         1.4501417102         1.4544219580         2.9340856181
        2.6254014000         2.9100000000         1.4450370565         1.4595257129         2.8011109697
        2.6304362000         2.9100000000         1.4475893834         1.4671813453         2.8675982939
        2.6354208000         2.9100000000         1.4424847297         1.4748369777         2.7346236454
        2.6403876000         2.9100000000         1.4424847297         1.4875963650         2.7346236454
        2.6453838000         2.9100000000         1.4450370565         1.5003557523         2.8011109697
        2.6503970000         2.9100000000         1.4475893834         1.5054595072         2.8675982939
        2.6554013000         2.9100000000         1.4348277491         1.5131151396         2.5351616728
        2.6603966000         2.9100000000         1.4501417102         1.5309782818         2.9340856181
        2.6653929000         2.9100000000         1.4475893834         1.5437376691         2.8675982939
        2.6704084000         2.9100000000         1.4475893834         1.5513933015         2.8675982939
        2.6753902000         2.9100000000         1.4552463639         1.5692564437         3.0670602666
        2.6804015000         2.9100000000         1.4475893834         1.5743601986         2.8675982939
        2.6853883000         2.9100000000         1.4552463639         1.5947752183         3.0670602666
        2.6903950000         2.9100000000         1.4526940371         1.6024308506         3.0005729424
        2.6954312000         2.9100000000         1.4526940371         1.6151902379         3.0005729424
        2.7003916000         2.9100000000         1.4450370565         1.6177421154         2.8011109697
        2.7054246000         2.9100000000         1.4654556714         1.6356052576         3.3330095635
        2.7104013000         2.9100000000         1.4475893834         1.6381571351         2.8675982939
        2.7153859000         2.9100000000         1.4526940371         1.6509165224         3.0005729424
        2.7203951000         2.9100000000         1.4501417102         1.6585721547         2.9340856181
        2.7254037000         2.9100000000         1.4501417102         1.6687796646         2.9340856181
        2.7303894000         2.9100000000         1.4552463639         1.6866428068         3.0670602666
        2.7354097000         2.9100000000         1.4271707685         1.6917465617         2.3356997001
        2.7403794000         2.9100000000         1.4552463639         1.7172653363         3.0670602666
        2.7453946000         2.9100000000         1.4450370565         1.7121615814         2.8011109697
        2.7504263000         2.9100000000         1.4475893834         1.7249209687         2.8675982939
        2.7554096000         2.9100000000         1.4399324028         1.7300247236         2.6681363212
        2.7603931000         2.9100000000         1.4424847297         1.7453359884         2.7346236454
        2.7654156000         2.9100000000         1.4475893834         1.7555434982         2.8675982939
        2.7707364000         2.9100000000         1.4450370565         1.7657510080         2.8011109697
        2.7754486000         2.9100000000         1.4399324028         1.7708547629         2.6681363212
        2.7804110000         2.9100000000         1.4475893834         1.7887179052         2.8675982939
        2.7854681000         2.9100000000         1.4475893834         1.7963735375         2.8675982939
        2.7904417000         2.9100000000         1.4501417102         1.8065810474         2.9340856181
        2.7954299000         2.9100000000         1.4399324028         1.8167885572         2.6681363212
        2.8003915000         2.9100000000         1.4399324028         1.8269960670         2.6681363212
        2.8053939000         2.9100000000         1.4424847297         1.8372035769         2.7346236454
        2.8104042000         2.9100000000         1.4450370565         1.8499629642         2.8011109697
        2.8153845000         2.9100000000         1.4501417102         1.8627223515         2.9340856181
        2.8203678000         2.9100000000         1.4424847297         1.8703779838         2.7346236454
        2.8254021000         2.9100000000         1.4475893834         1.8882411261         2.8675982939
        2.8303934000         2.9100000000         1.4424847297         1.8856892486         2.7346236454
        2.8354015000         2.9100000000         1.4475893834         1.8984486359         2.8675982939
        2.8404030000         2.9100000000         1.4424847297         1.9086561457         2.7346236454
        2.8453949000         2.9100000000         1.4399324028         1.9112080232         2.6681363212
        2.8503808000         2.9100000000         1.4475893834         1.9341749203         2.8675982939
        2.8554040000         2.9100000000         1.4399324028         1.9367267978         2.6681363212
        2.8603903000         2.9100000000         1.4450370565         1.9520380625         2.8011109697
        2.8653930000         2.9100000000         1.4373800759         1.9596936949         2.6016489970
        2.8703915000         2.9100000000         1.4501417102         1.9750049597         2.9340856181
        2.8754139000         2.9100000000         1.4450370565         1.9852124695         2.8011109697
        2.8803971000         2.9100000000         1.4424847297         1.9928681019         2.7346236454
        2.8853818000         2.9100000000         1.4501417102         2.0005237343         2.9340856181
        2.8904939000         2.9100000000         1.4475893834         2.0132831215         2.8675982939
        2.8954004000         2.9100000000         1.4424847297         2.0311462638         2.7346236454
        2.9004337000         2.9100000000         1.4424847297         2.0362500187         2.7346236454
        2.9054194000         2.9100000000         1.4373800759         2.0413537736         2.6016489970
        2.9104285000         2.9100000000         1.4373800759         2.0490094060         2.6016489970
        2.9153903000         2.9100000000         1.4220661148         2.0566650383         2.2027250516
        2.9205081000         2.9100000000         1.4450370565         2.0770800580         2.8011109697
        2.9254088000         2.9100000000         1.4475893834         2.0898394453         2.8675982939
        2.9303847000         2.9100000000         1.4501417102         2.1000469552         2.9340856181
        2.9353996000         2.9100000000         1.4322754222         2.1000469552         2.4686743485
        2.9404009000         2.9100000000         1.4450370565         2.1179100974         2.8011109697
        2.9453901000         2.9100000000         1.4399324028         2.1281176072         2.6681363212
        2.9504010000         2.9100000000         1.4552463639         2.1434288720         3.0670602666
        2.9554051000         2.9100000000         1.4424847297         2.1459807494         2.7346236454
        2.9603927000         2.9100000000         1.4373800759         2.1561882593         2.6016489970
        2.9654024000         2.9100000000         1.4424847297         2.1689476465         2.7346236454
        2.9704067000         2.9100000000         1.4603510177         2.1842589113         3.2000349150
        2.9754294000         2.9100000000         1.4475893834         2.1919145437         2.8675982939
        2.9804532000         2.9100000000         1.4373800759         2.1944664211         2.6016489970
        2.9854340000         2.9100000000         1.4373800759         2.2021220535         2.6016489970
        2.9904619000         2.9100000000         1.4424847297         2.2199851957         2.7346236454
        2.9954470000         2.9100000000         1.4501417102         2.2352964605         2.9340856181
        3.0004528000         2.9100000000         1.4322754222         2.2352964605         2.4686743485
        3.0054373000         2.9100000000         1.4424847297         2.2506077252         2.7346236454
        3.0104449000         2.9100000000         1.4399324028         2.2608152351         2.6681363212
        3.0154438000         2.9100000000         1.4424847297         2.2633671125         2.7346236454
        3.0204290000         2.9100000000         1.4424847297         2.2863340097         2.7346236454
        3.0254261000         2.9100000000         1.4373800759         2.2812302547         2.6016489970
        3.0304097000         2.9100000000         1.4348277491         2.3016452744         2.5351616728
        3.0354284000         2.9100000000         1.4475893834         2.3118527843         2.8675982939
        3.0403796000         2.9100000000         1.4348277491         2.3195084166         2.5351616728
        3.0453949000         2.9100000000         1.4373800759         2.3220602941         2.6016489970
        3.0503957000         2.9100000000         1.4399324028         2.3373715588         2.6681363212
        3.0554031000         2.9100000000         1.4424847297         2.3526828236         2.7346236454
        3.0603937000         2.9100000000         1.4475893834         2.3654422109         2.8675982939
        3.0654018000         2.9100000000         1.4348277491         2.3654422109         2.5351616728
        3.0703839000         2.9100000000         1.4373800759         2.3730978433         2.6016489970
        3.0753940000         2.9100000000         1.4450370565         2.4011684953         2.8011109697
        3.0804075000         2.9100000000         1.4322754222         2.3935128629         2.4686743485
        3.0854108000         2.9100000000         1.4501417102         2.4164797601         2.9340856181
        3.0903889000         2.9100000000         1.4450370565         2.4266872699         2.8011109697
        3.0954163000         2.9100000000         1.4450370565         2.4241353924         2.8011109697
        3.1003896000         2.9100000000         1.4373800759         2.4368947797         2.6016489970
        3.1053999000         2.9100000000         1.4450370565         2.4547579220         2.8011109697
        3.1104055000         2.9100000000         1.4475893834         2.4700691867         2.8675982939
        3.1154329000         2.9100000000         1.4501417102         2.4726210642         2.9340856181
        3.1204010000         2.9100000000         1.4297230954         2.4726210642         2.4021870243
        3.1254220000         2.9100000000         1.4450370565         2.4930360838         2.8011109697
        3.1304080000         2.9100000000         1.4501417102         2.5083473486         2.9340856181
        3.1354933000         2.9100000000         1.4424847297         2.5134511035         2.7346236454
        3.1404645000         2.9100000000         1.4399324028         2.5236586133         2.6681363212
        3.1454423000         2.9100000000         1.4501417102         2.5389698781         2.9340856181
        3.1504248000         2.9100000000         1.4475893834         2.5466255105         2.8675982939
        3.1553830000         2.9100000000         1.4450370565         2.5568330203         2.8011109697
        3.1603860000         2.9100000000         1.4475893834         2.5644886527         2.8675982939
        3.1653923000         2.9100000000         1.4450370565         2.5772480400         2.8011109697
        3.1704007000         2.9100000000         1.4373800759         2.5874555498         2.6016489970
        3.1754169000         2.9100000000         1.4475893834         2.6027668146         2.8675982939
        3.1804006000         2.9100000000         1.4501417102         2.6129743244         2.9340856181
        3.1854114000         2.9100000000         1.4475893834         2.6180780793         2.8675982939
        3.1903928000         2.9100000000         1.4399324028         2.6282855892         2.6681363212
        3.1954049000         2.9100000000         1.4348277491         2.6308374666         2.5351616728
        3.2004294000         2.9100000000         1.4526940371         2.6487006088         3.0005729424
        3.2053916000         2.9100000000         1.4399324028         2.6614599961         2.6681363212
        3.2104020000         2.9100000000         1.4475893834         2.6716675060         2.8675982939
        3.2153919000         2.9100000000         1.4399324028         2.6742193834         2.6681363212
        3.2204255000         2.9100000000         1.4424847297         2.6844268933         2.7346236454
        3.2254090000         2.9100000000         1.4348277491         2.6971862806         2.5351616728
        3.2304133000         2.9100000000         1.4450370565         2.7073937904         2.8011109697
        3.2354222000         2.9100000000         1.4475893834         2.7227050552         2.8675982939
        3.2404277000         2.9100000000         1.4399324028         2.7405681974         2.6681363212
        3.2453821000         2.9100000000         1.4475893834         2.7507757072         2.8675982939
        3.2503929000         2.9100000000         1.4399324028         2.7533275847         2.6681363212
        3.2554073000         2.9100000000         1.4450370565         2.7609832170         2.8011109697
        3.2604190000         2.9100000000         1.4424847297         2.7788463592         2.7346236454
        3.2654030000         2.9100000000         1.4373800759         2.7762944818         2.6016489970
        3.2704079000         2.9100000000         1.4450370565         2.7992613789         2.8011109697
        3.2754474000         2.9100000000         1.4475893834         2.8094688888         2.8675982939
        3.2806210000         2.9100000000         1.4424847297         2.8145726437         2.7346236454
        3.2853827000         2.9100000000         1.4501417102         2.8298839084         2.9340856181
        3.2903952000         2.9100000000         1.4475893834         2.8451951732         2.8675982939
        3.2953948000         2.9100000000         1.4475893834         2.8502989281         2.8675982939
        3.3003903000         2.9100000000         1.4475893834         2.8681620703         2.8675982939
        3.3053933000         2.9100000000         1.4450370565         2.8707139478         2.8011109697
        3.3104016000         2.9100000000         1.4373800759         2.8732658252         2.6016489970
        3.3154030000         2.9100000000         1.4450370565         2.8911289674         2.8011109697
        3.3204195000         2.9100000000         1.4399324028         2.9038883547         2.6681363212
        3.3253953000         2.9100000000         1.4450370565         2.9140958646         2.8011109697
        3.3303865000         2.9100000000         1.4475893834         2.9217514970         2.8675982939
        3.3353999000         2.9100000000         1.4475893834         2.9396146392         2.8675982939
        3.3404031000         2.9100000000         1.4526940371         2.9472702715         3.0005729424
        3.3453905000         2.9100000000         1.4424847297         2.9574777814         2.7346236454
        3.3503964000         2.9100000000         1.4450370565         2.9676852912         2.8011109697
        3.3554064000         2.9100000000         1.4450370565         2.9778928011         2.8011109697
        3.3603896000         2.9100000000         1.4475893834         2.9753409236         2.8675982939
        3.3653975000         2.9100000000         1.4297230954         2.9881003109         2.4021870243
        3.3707053000         2.9100000000         1.4526940371         3.0110672080         3.0005729424
        3.3753914000         2.9100000000         1.4424847297         3.0161709629         2.7346236454
        3.3803941000         2.9100000000         1.4399324028         3.0289303502         2.6681363212
        3.3854161000         2.9100000000         1.4399324028         3.0391378601         2.6681363212
        3.3903987000         2.9100000000         1.4450370565         3.0493453699         2.8011109697
        3.3954135000         2.9100000000         1.4399324028         3.0570010023         2.6681363212
        3.4003896000         2.9100000000         1.4424847297         3.0646566347         2.7346236454
        3.4053939000         2.9100000000         1.4297230954         3.0748641445         2.4021870243
        3.4104023000         2.9100000000         1.4450370565         3.0876235318         2.8011109697
        3.4154093000         2.9100000000         1.4424847297         3.1003829191         2.7346236454
        3.4204260000         2.9100000000         1.4373800759         3.1131423064         2.6016489970
        3.4254275000         2.9100000000         1.4526940371         3.1259016937         3.0005729424
        3.4303912000         2.9100000000         1.4475893834         3.1412129584         2.8675982939
        3.4353968000         2.9100000000         1.4424847297         3.1412129584         2.7346236454
        3.4404323000         2.9100000000         1.4705603251         3.1539723457         3.4659842119
        3.4454223000         2.9100000000         1.4399324028         3.1692836105         2.6681363212
        3.4504285000         2.9100000000         1.4475893834         3.1820429978         2.8675982939
        3.4554287000         2.9100000000         1.4475893834         3.1896986301         2.8675982939
        3.4605229000         2.9100000000         1.4424847297         3.1999061400         2.7346236454
        3.4654280000         2.9100000000         1.4424847297         3.2101136498         2.7346236454
        3.4706687000         2.9100000000         1.4475893834         3.2203211597         2.8675982939
        3.4753962000         2.9100000000         1.4373800759         3.2279767920         2.6016489970
        3.4803955000         2.9100000000         1.4475893834         3.2432880568         2.8675982939
        3.4854218000         2.9100000000         1.4424847297         3.2458399342         2.7346236454
        3.4903996000         2.9100000000         1.4373800759         3.2534955666         2.6016489970
        3.4953993000         2.9100000000         1.4373800759         3.2688068314         2.6016489970
        3.5003922000         2.9100000000         1.4424847297         3.2764624638         2.7346236454
        3.5053951000         2.9100000000         1.4450370565         3.2892218510         2.8011109697
        3.5104621000         2.9100000000         1.4680079982         3.2968774834         3.3994968877
        3.5154118000         2.9100000000         1.4348277491         3.2994293609         2.5351616728
        3.5203924000         2.9100000000         1.4271707685         3.3096368707         2.3356997001
        3.5254499000         2.9100000000         1.4424847297         3.3249481355         2.7346236454
        3.5304164000         2.9100000000         1.4373800759         3.3377075228         2.6016489970
        3.5354263000         2.9100000000         1.4246184417         3.3402594002         2.2692123759
        3.5404059000         2.9100000000         1.4322754222         3.3530187875         2.4686743485
        3.5454593000         2.9100000000         1.4526940371         3.3708819297         3.0005729424
        3.5504569000         2.9100000000         1.4399324028         3.3836413170         2.6681363212
        3.5554278000         2.9100000000         1.4373800759         3.3861931945         2.6016489970
        3.5603837000         2.9100000000         1.4348277491         3.3861931945         2.5351616728
        3.5653960000         2.9100000000         1.4297230954         3.4040563367         2.4021870243
        3.5703820000         2.9100000000         1.4450370565         3.4117119691         2.8011109697
        3.5753897000         2.9100000000         1.4399324028         3.4295751113         2.6681363212
        3.5803984000         2.9100000000         1.4348277491         3.4346788662         2.5351616728
        3.5853845000         2.9100000000         1.4424847297         3.4448863760         2.7346236454
        3.5903959000         2.9100000000         1.4348277491         3.4499901310         2.5351616728
        3.5954041000         2.9100000000         1.4373800759         3.4678532732         2.6016489970
        3.6004166000         2.9100000000         1.4348277491         3.4755089056         2.5351616728
        3.6053919000         2.9100000000         1.4475893834         3.4908201703         2.8675982939
        3.6104037000         2.9100000000         1.4297230954         3.4933720478         2.4021870243
        3.6153903000         2.9100000000         1.4603510177         3.5061314351         3.2000349150
        3.6204242000         2.9100000000         1.4322754222         3.5061314351         2.4686743485
        3.6254318000         2.9100000000         1.4373800759         3.5239945773         2.6016489970
        3.6304362000         2.9100000000         1.4373800759         3.5367539646         2.6016489970
        3.6354345000         2.9100000000         1.4373800759         3.5444095970         2.6016489970
        3.6404346000         2.9100000000         1.4246184417         3.5469614744         2.2692123759
        3.6453921000         2.9100000000         1.4399324028         3.5571689842         2.6681363212
        3.6504248000         2.9100000000         1.4373800759         3.5775840039         2.6016489970
        3.6553917000         2.9100000000         1.4373800759         3.5877915138         2.6016489970
        3.6604186000         2.9100000000         1.4322754222         3.5903433912         2.4686743485
        3.6654026000         2.9100000000         1.4424847297         3.6082065334         2.7346236454
        3.6704122000         2.9100000000         1.4297230954         3.6107584109         2.4021870243
        3.6754119000         2.9100000000         1.4271707685         3.6158621658         2.3356997001
        3.6803925000         2.9100000000         1.4271707685         3.6235177982         2.3356997001
        3.6853786000         2.9100000000         1.4297230954         3.6337253080         2.4021870243
        3.6903894000         2.9100000000         1.4348277491         3.6490365728         2.5351616728
        3.6954170000         2.9100000000         1.4552463639         3.6592440826         3.0670602666
        3.7004068000         2.9100000000         1.4348277491         3.6694515924         2.5351616728
        3.7054118000         2.9100000000         1.4297230954         3.6796591023         2.4021870243
        3.7104231000         2.9100000000         1.4297230954         3.6822109797         2.4021870243
        3.7154298000         2.9100000000         1.4348277491         3.7026259994         2.5351616728
        3.7204173000         2.9100000000         1.4399324028         3.7102816318         2.6681363212
        3.7254308000         2.9100000000         1.4348277491         3.7153853867         2.5351616728
        3.7304308000         2.9100000000         1.4322754222         3.7204891416         2.4686743485
        3.7354308000         2.9100000000         1.4373800759         3.7383522838         2.6016489970
        3.7404063000         2.9100000000         1.4348277491         3.7409041613         2.5351616728
        3.7454194000         2.9100000000         1.4322754222         3.7485597937         2.4686743485
        3.7503908000         2.9100000000         1.4373800759         3.7689748133         2.6016489970
        3.7554284000         2.9100000000         1.4348277491         3.7715266908         2.5351616728
        3.7603915000         2.9100000000         1.4399324028         3.7842860781         2.6681363212
        3.7654456000         2.9100000000         1.4450370565         3.7868379556         2.8011109697
        3.7704115000         2.9100000000         1.4348277491         3.7970454654         2.5351616728
        3.7754177000         2.9100000000         1.4322754222         3.8123567301         2.4686743485
        3.7804014000         2.9100000000         1.4322754222         3.8174604851         2.4686743485
        3.7854365000         2.9100000000         1.4322754222         3.8353236273         2.4686743485
        3.7904602000         2.9100000000         1.4475893834         3.8506348920         2.8675982939
        3.7954334000         2.9100000000         1.4373800759         3.8582905244         2.6016489970
        3.8004455000         2.9100000000         1.4373800759         3.8633942793         2.6016489970
        3.8054288000         2.9100000000         1.4271707685         3.8710499117         2.3356997001
        3.8103778000         2.9100000000         1.4348277491         3.8787055441         2.5351616728
        3.8153821000         2.9100000000         1.4322754222         3.8863611765         2.4686743485
        3.8204076000         2.9100000000         1.4297230954         3.8965686863         2.4021870243
        3.8253990000         2.9100000000         1.4399324028         3.9144318285         2.6681363212
        3.8304208000         2.9100000000         1.4322754222         3.9169837060         2.4686743485
        3.8353954000         2.9100000000         1.4373800759         3.9297430933         2.6016489970
        3.8404957000         2.9100000000         1.4220661148         3.9271912158         2.2027250516
        3.8454094000         2.9100000000         1.4348277491         3.9476062355         2.5351616728
        3.8503970000         2.9100000000         1.4373800759         3.9552618679         2.6016489970
        3.8554015000         2.9100000000         1.4322754222         3.9654693777         2.4686743485
        3.8603925000         2.9100000000         1.4348277491         3.9756768875         2.5351616728
        3.8654006000         2.9100000000         1.4271707685         3.9833325199         2.3356997001
        3.8704025000         2.9100000000         1.4399324028         4.0037475396         2.6681363212
        3.8753935000         2.9100000000         1.4399324028         4.0088512945         2.6681363212
        3.8804789000         2.9100000000         1.4297230954         4.0114031719         2.4021870243
        3.8853914000         2.9100000000         1.4373800759         4.0216106818         2.6016489970
        3.8904185000         2.9100000000         1.4246184417         4.0267144367         2.2692123759
        3.8954050000         2.9100000000         1.4373800759         4.0420257015         2.6016489970
        3.9004296000         2.9100000000         1.4348277491         4.0522332113         2.5351616728
        3.9053907000         2.9100000000         1.4373800759         4.0624407211         2.6016489970
        3.9103799000         2.9100000000         1.4373800759         4.0752001084         2.6016489970
        3.9153940000         2.9100000000         1.4322754222         4.0777519859         2.4686743485
        3.9204276000         2.9100000000         1.4373800759         4.0981670056         2.6016489970
        3.9254088000         2.9100000000         1.4475893834         4.1058226379         2.8675982939
        3.9304203000         2.9100000000         1.4424847297         4.1083745154         2.7346236454
        3.9354472000         2.9100000000         1.4424847297         4.1134782703         2.7346236454
        3.9405152000         2.9100000000         1.4399324028         4.1287895351         2.6681363212
        3.9454184000         2.9100000000         1.4680079982         4.1466526773         3.3994968877
        3.9504301000         2.9100000000         1.4373800759         4.1492045547         2.6016489970
        3.9554365000         2.9100000000         1.4348277491         4.1568601871         2.5351616728
        3.9604199000         2.9100000000         1.4348277491         4.1670676969         2.5351616728
        3.9654308000         2.9100000000         1.4399324028         4.1823789617         2.6681363212
        3.9704095000         2.9100000000         1.4373800759         4.1925864715         2.6016489970
        3.9754272000         2.9100000000         1.4577986908         4.2027939814         3.1335475908
        3.9804638000         2.9100000000         1.4373800759         4.2181052461         2.6016489970
        3.9854151000         2.9100000000         1.4424847297         4.2257608785         2.7346236454
        3.9904192000         2.9100000000         1.4475893834         4.2410721433         2.8675982939
        3.9954930000         2.9100000000         1.4348277491         4.2436240207         2.5351616728
        4.0004075000         2.9100000000         1.4475893834         4.2614871629         2.8675982939
