% Sweep Step 70/200  Vcmd=2.1500V  CCW 
% Vg_offset=1.337354V  K_gimbal=26.049690

Time[s]              Vcmd[V]              Vg_raw[V]            Pot[V]             Omega[rad/s]
        0.0016004000         2.1500000000         1.3327346748        -0.0052519485        -0.1203420569
        0.0054228000         2.1500000000         1.3352870017         0.0024036839        -0.0538547326
        0.0104280000         2.1500000000         1.3378393285         0.0024036839         0.0126325916
        0.0154360000         2.1500000000         1.3301823480        -0.0052519485        -0.1868293811
        0.0204070000         2.1500000000         1.3301823480        -0.0027000711        -0.1868293811
        0.0254016000         2.1500000000         1.3327346748        -0.0052519485        -0.1203420569
        0.0304129000         2.1500000000         1.3557056165         0.0024036839         0.4780438612
        0.0354095000         2.1500000000         1.2918974451        -0.0027000711        -1.1841392445
        0.0404400000         2.1500000000         1.2612695229         0.0024036839        -1.9819871352
        0.0454567000         2.1500000000         1.2918974451         0.0024036839        -1.1841392445
        0.0504296000         2.1500000000         1.2816881377         0.0024036839        -1.4500885414
        0.0554257000         2.1500000000         1.2663741766         0.0024036839        -1.8490124867
        0.0605050000         2.1500000000         1.2867927914         0.0049555613        -1.3171138929
        0.0654335000         2.1500000000         1.2714788303         0.0100593162        -1.7160378383
        0.0704369000         2.1500000000         1.2638218497         1.1124703785        -1.9154998110
        0.0754077000         2.1500000000         1.2714788303         1.0946072363        -1.7160378383
        0.0804189000         2.1500000000         1.2638218497         1.1073666236        -1.9154998110
        0.0854092000         2.1500000000         1.2587171960         1.1150222560        -2.0484744594
        0.0904486000         2.1500000000         1.2638218497         1.1048147461        -1.9154998110
        0.0954356000         2.1500000000         1.2663741766         1.1175741334        -1.8490124867
        0.1004400000         2.1500000000         1.2740311571         1.1124703785        -1.6495505141
        0.1054405000         2.1500000000         1.2587171960         1.1124703785        -2.0484744594
        0.1104649000         2.1500000000         1.2638218497         4.9836684838        -1.9154998110
        0.1154101000         2.1500000000         1.2689265034         4.9989797486        -1.7825251625
        0.1203892000         2.1500000000         1.2689265034         5.0066353810        -1.7825251625
        0.1254040000         2.1500000000         1.2740311571         5.0117391359        -1.6495505141
        0.1304458000         2.1500000000         1.2714788303         5.0117391359        -1.7160378383
        0.1355131000         2.1500000000         1.2714788303         5.0142910133        -1.7160378383
        0.1404269000         2.1500000000         1.2816881377         5.0091872584        -1.4500885414
        0.1454117000         2.1500000000         1.2638218497         4.9964278711        -1.9154998110
        0.1504077000         2.1500000000         1.2561648691         5.0015316260        -2.1149617837
        0.1553809000         2.1500000000         1.2714788303         5.0117391359        -1.7160378383
        0.1603851000         2.1500000000         1.2740311571         5.0142910133        -1.6495505141
        0.1654159000         2.1500000000         1.2663741766         5.0066353810        -1.8490124867
        0.1704022000         2.1500000000         1.2663741766         5.0091872584        -1.8490124867
        0.1754064000         2.1500000000         1.2714788303         5.0117391359        -1.7160378383
        0.1803905000         2.1500000000         1.2587171960         5.0066353810        -2.0484744594
        0.1854658000         2.1500000000         1.2587171960         5.0015316260        -2.0484744594
        0.1903954000         2.1500000000         1.2587171960         5.0040835035        -2.0484744594
        0.1953983000         2.1500000000         1.2740311571         5.0117391359        -1.6495505141
        0.2004009000         2.1500000000         1.2638218497         5.0040835035        -1.9154998110
        0.2060690000         2.1500000000         1.2638218497         4.9811166064        -1.9154998110
        0.2106265000         2.1500000000         1.2689265034         4.9887722387        -1.7825251625
        0.2155197000         2.1500000000         1.2663741766         4.9785647289        -1.8490124867
        0.2204671000         2.1500000000         1.2638218497         4.9632534642        -1.9154998110
        0.2256578000         2.1500000000         1.2638218497         4.9658053416        -1.9154998110
        0.2304641000         2.1500000000         1.2612695229         4.9479421994        -1.9819871352
        0.2354504000         2.1500000000         1.2638218497         4.9479421994        -1.9154998110
        0.2404166000         2.1500000000         1.2612695229         4.9377346896        -1.9819871352
        0.2453798000         2.1500000000         1.2714788303         4.9351828121        -1.7160378383
        0.2504739000         2.1500000000         1.2638218497         4.9300790572        -1.9154998110
        0.2554505000         2.1500000000         1.2740311571         4.9198715474        -1.6495505141
        0.2603896000         2.1500000000         1.2663741766         4.9071121601        -1.8490124867
        0.2653790000         2.1500000000         1.2561648691         4.8918008953        -2.1149617837
        0.2703650000         2.1500000000         1.2612695229         4.8866971404        -1.9819871352
        0.2753845000         2.1500000000         1.2561648691         4.8764896306        -2.1149617837
        0.2804296000         2.1500000000         1.2842404646         4.8739377531        -1.3836012172
        0.2853948000         2.1500000000         1.2587171960         4.8611783658        -2.0484744594
        0.2903981000         2.1500000000         1.2612695229         4.8586264883        -1.9819871352
        0.2954134000         2.1500000000         1.2612695229         4.8433152236        -1.9819871352
        0.3003770000         2.1500000000         1.2740311571         4.8509708560        -1.6495505141
        0.3053914000         2.1500000000         1.2638218497         4.8356595912        -1.9154998110
        0.3105178000         2.1500000000         1.2663741766         4.8331077137        -1.8490124867
        0.3154254000         2.1500000000         1.2663741766         4.8229002039        -1.8490124867
        0.3204630000         2.1500000000         1.2561648691         4.8126926941        -2.1149617837
        0.3254492000         2.1500000000         1.2638218497         4.8050370617        -1.9154998110
        0.3304053000         2.1500000000         1.2663741766         4.7999333068        -1.8490124867
        0.3354172000         2.1500000000         1.2638218497         4.7922776744        -1.9154998110
        0.3404561000         2.1500000000         1.2612695229         4.7820701646        -1.9819871352
        0.3454416000         2.1500000000         1.2740311571         4.7718626547        -1.6495505141
        0.3504154000         2.1500000000         1.2689265034         4.7693107773        -1.7825251625
        0.3554460000         2.1500000000         1.2740311571         4.7693107773        -1.6495505141
        0.3603718000         2.1500000000         1.2689265034         4.7565513900        -1.7825251625
        0.3653880000         2.1500000000         1.2638218497         4.7488957576        -1.9154998110
        0.3703984000         2.1500000000         1.2638218497         4.7361363703        -1.9154998110
        0.3754915000         2.1500000000         1.2612695229         4.7310326154        -1.9819871352
        0.3803957000         2.1500000000         1.2638218497         4.7259288605        -1.9154998110
        0.3853934000         2.1500000000         1.2714788303         4.7259288605        -1.7160378383
        0.3903869000         2.1500000000         1.2587171960         4.7080657183        -2.0484744594
        0.3953710000         2.1500000000         1.2561648691         4.6953063310        -2.1149617837
        0.4004055000         2.1500000000         1.2638218497         4.6953063310        -1.9154998110
        0.4053851000         2.1500000000         1.2663741766         4.6825469437        -1.8490124867
        0.4103878000         2.1500000000         1.2791358108         4.6697875564        -1.5165758656
        0.4153770000         2.1500000000         1.2638218497         4.6748913113        -1.9154998110
        0.4204036000         2.1500000000         1.2612695229         4.6672356789        -1.9819871352
        0.4255273000         2.1500000000         1.2587171960         4.6493725367        -2.0484744594
        0.4304855000         2.1500000000         1.2587171960         4.6493725367        -2.0484744594
        0.4355468000         2.1500000000         1.2663741766         4.6391650269        -1.8490124867
        0.4404486000         2.1500000000         1.2612695229         4.6315093945        -1.9819871352
        0.4454309000         2.1500000000         1.2510602154         4.6161981297        -2.2479364321
        0.4504333000         2.1500000000         1.2612695229         4.6085424974        -1.9819871352
        0.4553961000         2.1500000000         1.2714788303         4.6161981297        -1.7160378383
        0.4603995000         2.1500000000         1.2765834840         4.6059906199        -1.5830631898
        0.4654202000         2.1500000000         1.2663741766         4.6008868650        -1.8490124867
        0.4704128000         2.1500000000         1.2638218497         4.5855756002        -1.9154998110
        0.4754586000         2.1500000000         1.2612695229         4.5830237228        -1.9819871352
        0.4804190000         2.1500000000         1.2587171960         4.5677124580        -2.0484744594
        0.4853962000         2.1500000000         1.2714788303         4.5702643355        -1.7160378383
        0.4904369000         2.1500000000         1.2612695229         4.5575049482        -1.9819871352
        0.4954130000         2.1500000000         1.2740311571         4.5549530707        -1.6495505141
        0.5004018000         2.1500000000         1.2587171960         4.5447455609        -2.0484744594
        0.5053860000         2.1500000000         1.2638218497         4.5268824187        -1.9154998110
        0.5103890000         2.1500000000         1.2587171960         4.5268824187        -2.0484744594
        0.5153959000         2.1500000000         1.2740311571         4.5243305412        -1.6495505141
        0.5206081000         2.1500000000         1.2765834840         4.5166749088        -1.5830631898
        0.5254246000         2.1500000000         1.2663741766         4.5039155215        -1.8490124867
        0.5304264000         2.1500000000         1.2638218497         4.4962598892        -1.9154998110
        0.5353863000         2.1500000000         1.2714788303         4.4962598892        -1.7160378383
        0.5403913000         2.1500000000         1.2612695229         4.4835005019        -1.9819871352
        0.5453978000         2.1500000000         1.2689265034         4.4758448695        -1.7825251625
        0.5503891000         2.1500000000         1.2587171960         4.4630854822        -2.0484744594
        0.5554429000         2.1500000000         1.2689265034         4.4605336047        -1.7825251625
        0.5605015000         2.1500000000         1.2663741766         4.4554298498        -1.8490124867
        0.5654247000         2.1500000000         1.2663741766         4.4452223400        -1.8490124867
        0.5704342000         2.1500000000         1.2536125423         4.4375667076        -2.1814491079
        0.5753917000         2.1500000000         1.2689265034         4.4375667076        -1.7825251625
        0.5804067000         2.1500000000         1.2689265034         4.4299110752        -1.7825251625
        0.5854138000         2.1500000000         1.2536125423         4.4171516879        -2.1814491079
        0.5904039000         2.1500000000         1.2663741766         4.4069441781        -1.8490124867
        0.5954495000         2.1500000000         1.2663741766         4.4043923006        -1.8490124867
        0.6004661000         2.1500000000         1.2663741766         4.3941847908        -1.8490124867
        0.6054464000         2.1500000000         1.2791358108         4.3941847908        -1.5165758656
        0.6104337000         2.1500000000         1.2561648691         4.3763216486        -2.1149617837
        0.6154353000         2.1500000000         1.2740311571         4.3712178937        -1.6495505141
        0.6204464000         2.1500000000         1.2638218497         4.3686660162        -1.9154998110
        0.6254643000         2.1500000000         1.2663741766         4.3508028740        -1.8490124867
        0.6304333000         2.1500000000         1.2714788303         4.3584585064        -1.7160378383
        0.6354400000         2.1500000000         1.2740311571         4.3508028740        -1.6495505141
        0.6404824000         2.1500000000         1.2689265034         4.3405953642        -1.7825251625
        0.6454190000         2.1500000000         1.2689265034         4.3329397318        -1.7825251625
        0.6504628000         2.1500000000         1.2765834840         4.3303878543        -1.5830631898
        0.6554395000         2.1500000000         1.2663741766         4.3176284670        -1.8490124867
        0.6604340000         2.1500000000         1.2663741766         4.3074209572        -1.8490124867
        0.6654026000         2.1500000000         1.2714788303         4.3048690797        -1.7160378383
        0.6704944000         2.1500000000         1.2740311571         4.2972134474        -1.6495505141
        0.6754942000         2.1500000000         1.2714788303         4.2921096924        -1.7160378383
        0.6804067000         2.1500000000         1.2689265034         4.2767984277        -1.7825251625
        0.6854201000         2.1500000000         1.2663741766         4.2767984277        -1.8490124867
        0.6904044000         2.1500000000         1.2714788303         4.2742465502        -1.7160378383
        0.6953876000         2.1500000000         1.2842404646         4.2716946728        -1.3836012172
        0.7003831000         2.1500000000         1.2663741766         4.2589352855        -1.8490124867
        0.7055061000         2.1500000000         1.2740311571         4.2538315306        -1.6495505141
        0.7104197000         2.1500000000         1.2740311571         4.2487277756        -1.6495505141
        0.7154210000         2.1500000000         1.2842404646         4.2385202658        -1.3836012172
        0.7204879000         2.1500000000         1.2765834840         4.2385202658        -1.5830631898
        0.7255103000         2.1500000000         1.2765834840         4.2257608785        -1.5830631898
        0.7305016000         2.1500000000         1.2663741766         4.2206571236        -1.8490124867
        0.7354615000         2.1500000000         1.2842404646         4.2181052461        -1.3836012172
        0.7404511000         2.1500000000         1.2663741766         4.2078977363        -1.8490124867
        0.7454321000         2.1500000000         1.2740311571         4.2002421039        -1.6495505141
        0.7504389000         2.1500000000         1.2740311571         4.2002421039        -1.6495505141
        0.7554276000         2.1500000000         1.2689265034         4.1900345941        -1.7825251625
        0.7604030000         2.1500000000         1.2740311571         4.1874827166        -1.6495505141
        0.7654024000         2.1500000000         1.2714788303         4.1747233293        -1.7160378383
        0.7703910000         2.1500000000         1.2816881377         4.1772752068        -1.4500885414
        0.7754036000         2.1500000000         1.2842404646         4.1772752068        -1.3836012172
        0.7804160000         2.1500000000         1.2816881377         4.1721714519        -1.4500885414
        0.7853921000         2.1500000000         1.2893451183         4.1594120646        -1.2506265687
        0.7903881000         2.1500000000         1.2867927914         4.1594120646        -1.3171138929
        0.7953881000         2.1500000000         1.2867927914         4.1492045547        -1.3171138929
        0.8003993000         2.1500000000         1.2816881377         4.1389970449        -1.4500885414
        0.8054036000         2.1500000000         1.2714788303         4.1338932900        -1.7160378383
        0.8104529000         2.1500000000         1.2842404646         4.1389970449        -1.3836012172
        0.8154011000         2.1500000000         1.2842404646         4.1313414125        -1.3836012172
        0.8204034000         2.1500000000         1.2944497720         4.1262376576        -1.1176519203
        0.8253807000         2.1500000000         1.2791358108         4.1160301478        -1.5165758656
        0.8304058000         2.1500000000         1.2842404646         4.1109263928        -1.3836012172
        0.8354097000         2.1500000000         1.2689265034         4.0981670056        -1.7825251625
        0.8404011000         2.1500000000         1.2970020988         4.1058226379        -1.0511645960
        0.8454082000         2.1500000000         1.3046590794         4.0930632506        -0.8517026233
        0.8504221000         2.1500000000         1.2893451183         4.0879594957        -1.2506265687
        0.8554141000         2.1500000000         1.2765834840         4.0879594957        -1.5830631898
        0.8603801000         2.1500000000         1.2893451183         4.0803038633        -1.2506265687
        0.8654025000         2.1500000000         1.2740311571         4.0675444760        -1.6495505141
        0.8703890000         2.1500000000         1.2765834840         4.0700963535        -1.5830631898
        0.8753993000         2.1500000000         1.2842404646         4.0624407211        -1.3836012172
        0.8803898000         2.1500000000         1.2944497720         4.0624407211        -1.1176519203
        0.8853976000         2.1500000000         1.2867927914         4.0573369662        -1.3171138929
        0.8903957000         2.1500000000         1.2893451183         4.0496813338        -1.2506265687
        0.8953847000         2.1500000000         1.2842404646         4.0343700691        -1.3836012172
        0.9003884000         2.1500000000         1.2816881377         4.0369219465        -1.4500885414
        0.9053994000         2.1500000000         1.2893451183         4.0292663142        -1.2506265687
        0.9103892000         2.1500000000         1.2970020988         4.0318181916        -1.0511645960
        0.9153872000         2.1500000000         1.2893451183         4.0165069269        -1.2506265687
        0.9204051000         2.1500000000         1.2867927914         4.0165069269        -1.3171138929
        0.9254128000         2.1500000000         1.2918974451         4.0165069269        -1.1841392445
        0.9303981000         2.1500000000         1.2893451183         4.0011956621        -1.2506265687
        0.9354719000         2.1500000000         1.2867927914         4.0062994170        -1.3171138929
        0.9404509000         2.1500000000         1.2944497720         4.0011956621        -1.1176519203
        0.9454164000         2.1500000000         1.2816881377         3.9884362748        -1.4500885414
        0.9503777000         2.1500000000         1.2765834840         3.9858843974        -1.5830631898
        0.9554132000         2.1500000000         1.2791358108         3.9782287650        -1.5165758656
        0.9603782000         2.1500000000         1.2740311571         3.9680212551        -1.6495505141
        0.9654710000         2.1500000000         1.2842404646         3.9680212551        -1.3836012172
        0.9704229000         2.1500000000         1.2842404646         3.9680212551        -1.3836012172
        0.9754275000         2.1500000000         1.2765834840         3.9527099904        -1.5830631898
        0.9804114000         2.1500000000         1.2791358108         3.9425024806        -1.5165758656
        0.9853949000         2.1500000000         1.3072114063         3.9450543580        -0.7852152991
        0.9904286000         2.1500000000         1.2918974451         3.9399506031        -1.1841392445
        0.9954141000         2.1500000000         1.2842404646         3.9373987256        -1.3836012172
        1.0003905000         2.1500000000         1.2944497720         3.9373987256        -1.1176519203
        1.0054167000         2.1500000000         1.2918974451         3.9348468482        -1.1841392445
        1.0104526000         2.1500000000         1.2842404646         3.9195355834        -1.3836012172
        1.0154495000         2.1500000000         1.2816881377         3.9093280736        -1.4500885414
        1.0204306000         2.1500000000         1.2816881377         3.9118799510        -1.4500885414
        1.0253859000         2.1500000000         1.2765834840         3.8991205638        -1.5830631898
        1.0303940000         2.1500000000         1.2740311571         3.8914649314        -1.6495505141
        1.0354299000         2.1500000000         1.2714788303         3.8863611765        -1.7160378383
        1.0404120000         2.1500000000         1.2765834840         3.8812574215        -1.5830631898
        1.0453905000         2.1500000000         1.2791358108         3.8838092990        -1.5165758656
        1.0504039000         2.1500000000         1.2816881377         3.8787055441        -1.4500885414
        1.0553843000         2.1500000000         1.2842404646         3.8710499117        -1.3836012172
        1.0605444000         2.1500000000         1.2765834840         3.8659461568        -1.5830631898
        1.0654075000         2.1500000000         1.2816881377         3.8608424019        -1.4500885414
        1.0704070000         2.1500000000         1.2765834840         3.8506348920        -1.5830631898
        1.0753956000         2.1500000000         1.2893451183         3.8557386469        -1.2506265687
        1.0804042000         2.1500000000         1.2791358108         3.8455311371        -1.5165758656
        1.0853957000         2.1500000000         1.2816881377         3.8378755047        -1.4500885414
        1.0903982000         2.1500000000         1.2816881377         3.8378755047        -1.4500885414
        1.0953921000         2.1500000000         1.2893451183         3.8327717498        -1.2506265687
        1.1004113000         2.1500000000         1.2740311571         3.8149086076        -1.6495505141
        1.1053896000         2.1500000000         1.2740311571         3.8047010978        -1.6495505141
        1.1104125000         2.1500000000         1.2842404646         3.8123567301        -1.3836012172
        1.1153836000         2.1500000000         1.2791358108         3.8047010978        -1.5165758656
        1.1204017000         2.1500000000         1.2918974451         3.8047010978        -1.1841392445
        1.1253873000         2.1500000000         1.2842404646         3.7995973429        -1.3836012172
        1.1304011000         2.1500000000         1.2842404646         3.7868379556        -1.3836012172
        1.1353966000         2.1500000000         1.2740311571         3.7791823232        -1.6495505141
        1.1403831000         2.1500000000         1.2714788303         3.7689748133        -1.7160378383
        1.1453968000         2.1500000000         1.2842404646         3.7715266908        -1.3836012172
        1.1504041000         2.1500000000         1.2842404646         3.7715266908        -1.3836012172
        1.1553854000         2.1500000000         1.2867927914         3.7664229359        -1.3171138929
        1.1603922000         2.1500000000         1.2791358108         3.7536635486        -1.5165758656
        1.1655490000         2.1500000000         1.2714788303         3.7434560388        -1.7160378383
        1.1703991000         2.1500000000         1.2714788303         3.7306966515        -1.7160378383
        1.1753913000         2.1500000000         1.2842404646         3.7460079162        -1.3836012172
        1.1804033000         2.1500000000         1.2867927914         3.7281447740        -1.3171138929
        1.1854538000         2.1500000000         1.2842404646         3.7255928965        -1.3836012172
        1.1904234000         2.1500000000         1.2867927914         3.7230410191        -1.3171138929
        1.1953975000         2.1500000000         1.2842404646         3.7179372642        -1.3836012172
        1.2003918000         2.1500000000         1.2816881377         3.7051778769        -1.4500885414
        1.2053947000         2.1500000000         1.2842404646         3.7077297543        -1.3836012172
        1.2103795000         2.1500000000         1.2842404646         3.7000741219        -1.3836012172
        1.2153847000         2.1500000000         1.2816881377         3.6949703670        -1.4500885414
        1.2204151000         2.1500000000         1.2816881377         3.6847628572        -1.4500885414
        1.2254058000         2.1500000000         1.2714788303         3.6771072248        -1.7160378383
        1.2304023000         2.1500000000         1.2842404646         3.6796591023        -1.3836012172
        1.2353950000         2.1500000000         1.2740311571         3.6720034699        -1.6495505141
        1.2403862000         2.1500000000         1.2816881377         3.6668997150        -1.4500885414
        1.2453976000         2.1500000000         1.2765834840         3.6541403277        -1.5830631898
        1.2503992000         2.1500000000         1.2740311571         3.6464846953        -1.6495505141
        1.2553901000         2.1500000000         1.2842404646         3.6490365728        -1.3836012172
        1.2603939000         2.1500000000         1.2842404646         3.6439328179        -1.3836012172
        1.2654010000         2.1500000000         1.2842404646         3.6388290629        -1.3836012172
        1.2703887000         2.1500000000         1.2893451183         3.6413809404        -1.2506265687
        1.2753988000         2.1500000000         1.2816881377         3.6286215531        -1.4500885414
        1.2803980000         2.1500000000         1.2816881377         3.6286215531        -1.4500885414
        1.2853885000         2.1500000000         1.2816881377         3.6158621658        -1.4500885414
        1.2903952000         2.1500000000         1.2791358108         3.6107584109        -1.5165758656
        1.2953770000         2.1500000000         1.2765834840         3.5979990236        -1.5830631898
        1.3003848000         2.1500000000         1.2714788303         3.5928952687        -1.7160378383
        1.3053913000         2.1500000000         1.2765834840         3.5903433912        -1.5830631898
        1.3104781000         2.1500000000         1.2791358108         3.5852396363        -1.5165758656
        1.3153978000         2.1500000000         1.2816881377         3.5775840039        -1.4500885414
        1.3204756000         2.1500000000         1.2740311571         3.5699283715        -1.6495505141
        1.3254474000         2.1500000000         1.2791358108         3.5724802490        -1.5165758656
        1.3304118000         2.1500000000         1.2740311571         3.5622727392        -1.6495505141
        1.3353936000         2.1500000000         1.2842404646         3.5622727392        -1.3836012172
        1.3403842000         2.1500000000         1.2867927914         3.5648246166        -1.3171138929
        1.3453868000         2.1500000000         1.2867927914         3.5571689842        -1.3171138929
        1.3504032000         2.1500000000         1.2867927914         3.5520652293        -1.3171138929
        1.3554067000         2.1500000000         1.2816881377         3.5444095970        -1.4500885414
        1.3603881000         2.1500000000         1.2816881377         3.5342020871        -1.4500885414
        1.3653994000         2.1500000000         1.2816881377         3.5265464547        -1.4500885414
        1.3704024000         2.1500000000         1.2791358108         3.5239945773        -1.5165758656
        1.3754621000         2.1500000000         1.2765834840         3.5112351900        -1.5830631898
        1.3803890000         2.1500000000         1.2842404646         3.5086833125        -1.3836012172
        1.3854008000         2.1500000000         1.3072114063         3.4984758027        -0.7852152991
        1.3903876000         2.1500000000         1.2842404646         3.5010276801        -1.3836012172
        1.3954057000         2.1500000000         1.2791358108         3.4933720478        -1.5165758656
        1.4004092000         2.1500000000         1.2791358108         3.4831645379        -1.5165758656
        1.4054203000         2.1500000000         1.2740311571         3.4780607830        -1.6495505141
        1.4104212000         2.1500000000         1.2765834840         3.4729570281        -1.5830631898
        1.4154061000         2.1500000000         1.2791358108         3.4729570281        -1.5165758656
        1.4203966000         2.1500000000         1.2791358108         3.4653013957        -1.5165758656
        1.4254013000         2.1500000000         1.2714788303         3.4525420084        -1.7160378383
        1.4304050000         2.1500000000         1.2765834840         3.4550938859        -1.5830631898
        1.4354536000         2.1500000000         1.2816881377         3.4499901310        -1.4500885414
        1.4404178000         2.1500000000         1.2842404646         3.4474382535        -1.3836012172
        1.4454107000         2.1500000000         1.2816881377         3.4346788662        -1.4500885414
        1.4503992000         2.1500000000         1.2842404646         3.4295751113        -1.3836012172
        1.4554152000         2.1500000000         1.2816881377         3.4193676015        -1.4500885414
        1.4603871000         2.1500000000         1.2689265034         3.4117119691        -1.7825251625
        1.4653895000         2.1500000000         1.2791358108         3.4142638465        -1.5165758656
        1.4704077000         2.1500000000         1.2842404646         3.4117119691        -1.3836012172
        1.4753844000         2.1500000000         1.2867927914         3.4091600916        -1.3171138929
        1.4805119000         2.1500000000         1.2842404646         3.4040563367        -1.3836012172
        1.4854135000         2.1500000000         1.2867927914         3.3964007043        -1.3171138929
        1.4903951000         2.1500000000         1.2765834840         3.3861931945        -1.5830631898
        1.4953993000         2.1500000000         1.2816881377         3.3810894396        -1.4500885414
        1.5004088000         2.1500000000         1.2765834840         3.3734338072        -1.5830631898
        1.5053999000         2.1500000000         1.2740311571         3.3632262974        -1.6495505141
        1.5103995000         2.1500000000         1.2714788303         3.3581225424        -1.7160378383
        1.5153789000         2.1500000000         1.2842404646         3.3581225424        -1.3836012172
        1.5204037000         2.1500000000         1.2791358108         3.3504669101        -1.5165758656
        1.5254096000         2.1500000000         1.2918974451         3.3530187875        -1.1841392445
        1.5304049000         2.1500000000         1.3072114063         3.3428112777        -0.7852152991
        1.5353899000         2.1500000000         1.2816881377         3.3351556453        -1.4500885414
        1.5403856000         2.1500000000         1.2791358108         3.3275000129        -1.5165758656
        1.5453835000         2.1500000000         1.2842404646         3.3223962580        -1.3836012172
        1.5504606000         2.1500000000         1.2842404646         3.3249481355        -1.3836012172
        1.5553831000         2.1500000000         1.2842404646         3.3198443806        -1.3836012172
        1.5604431000         2.1500000000         1.2842404646         3.3121887482        -1.3836012172
        1.5654053000         2.1500000000         1.2816881377         3.3045331158        -1.4500885414
        1.5704087000         2.1500000000         1.2842404646         3.3019812383        -1.3836012172
        1.5753916000         2.1500000000         1.2714788303         3.2841180961        -1.7160378383
        1.5804011000         2.1500000000         1.2740311571         3.2790143412        -1.6495505141
        1.5854000000         2.1500000000         1.2765834840         3.2713587088        -1.5830631898
        1.5904094000         2.1500000000         1.2765834840         3.2713587088        -1.5830631898
        1.5954015000         2.1500000000         1.2816881377         3.2688068314        -1.4500885414
        1.6004074000         2.1500000000         1.2791358108         3.2611511990        -1.5165758656
        1.6053890000         2.1500000000         1.2740311571         3.2483918117        -1.6495505141
        1.6103981000         2.1500000000         1.2740311571         3.2432880568        -1.6495505141
        1.6154127000         2.1500000000         1.2816881377         3.2458399342        -1.4500885414
        1.6203927000         2.1500000000         1.2765834840         3.2407361793        -1.5830631898
        1.6253971000         2.1500000000         1.2867927914         3.2381843019        -1.3171138929
        1.6304172000         2.1500000000         1.2816881377         3.2279767920        -1.4500885414
        1.6353971000         2.1500000000         1.2867927914         3.2279767920        -1.3171138929
        1.6404540000         2.1500000000         1.2816881377         3.2152174047        -1.4500885414
        1.6454332000         2.1500000000         1.3123160600         3.2101136498        -0.6522406507
        1.6504081000         2.1500000000         1.2867927914         3.2075617724        -1.3171138929
        1.6554055000         2.1500000000         1.2867927914         3.1999061400        -1.3171138929
        1.6603857000         2.1500000000         1.2867927914         3.1973542625        -1.3171138929
        1.6653709000         2.1500000000         1.2893451183         3.1922505076        -1.2506265687
        1.6703950000         2.1500000000         1.2867927914         3.1845948752        -1.3171138929
        1.6753846000         2.1500000000         1.2867927914         3.1820429978        -1.3171138929
        1.6803948000         2.1500000000         1.2918974451         3.1845948752        -1.1841392445
        1.6854600000         2.1500000000         1.2842404646         3.1718354879        -1.3836012172
        1.6904128000         2.1500000000         1.2816881377         3.1590761006        -1.4500885414
        1.6953958000         2.1500000000         1.2816881377         3.1565242232        -1.4500885414
        1.7003856000         2.1500000000         1.2893451183         3.1590761006        -1.2506265687
        1.7054144000         2.1500000000         1.2842404646         3.1514204683        -1.3836012172
        1.7103898000         2.1500000000         1.2791358108         3.1412129584        -1.5165758656
        1.7153775000         2.1500000000         1.2791358108         3.1361092035        -1.5165758656
        1.7203982000         2.1500000000         1.2816881377         3.1284535711        -1.4500885414
        1.7257253000         2.1500000000         1.2816881377         3.1259016937        -1.4500885414
        1.7304069000         2.1500000000         1.2791358108         3.1207979388        -1.5165758656
        1.7354323000         2.1500000000         1.2816881377         3.1156941838        -1.4500885414
        1.7404042000         2.1500000000         1.2867927914         3.1182460613        -1.3171138929
        1.7454065000         2.1500000000         1.2893451183         3.1131423064        -1.2506265687
        1.7503938000         2.1500000000         1.2867927914         3.1105904289        -1.3171138929
        1.7555356000         2.1500000000         1.2918974451         3.1054866740        -1.1841392445
        1.7604137000         2.1500000000         1.2893451183         3.1029347965        -1.2506265687
        1.7654580000         2.1500000000         1.2918974451         3.1003829191        -1.1841392445
        1.7703769000         2.1500000000         1.2816881377         3.0799678994        -1.4500885414
        1.7754112000         2.1500000000         1.3021067526         3.0825197769        -0.9181899476
        1.7803907000         2.1500000000         1.2842404646         3.0697603896        -1.3836012172
        1.7853971000         2.1500000000         1.2816881377         3.0646566347        -1.4500885414
        1.7904373000         2.1500000000         1.2893451183         3.0672085121        -1.2506265687
        1.7954245000         2.1500000000         1.2816881377         3.0544491248        -1.4500885414
        1.8004030000         2.1500000000         1.2970020988         3.0544491248        -1.0511645960
        1.8054362000         2.1500000000         1.2842404646         3.0467934924        -1.3836012172
        1.8104562000         2.1500000000         1.3021067526         3.0544491248        -0.9181899476
        1.8154142000         2.1500000000         1.2944497720         3.0493453699        -1.1176519203
        1.8204127000         2.1500000000         1.2995544257         3.0416897375        -0.9846772718
        1.8254100000         2.1500000000         1.2842404646         3.0365859826        -1.3836012172
        1.8304246000         2.1500000000         1.2944497720         3.0365859826        -1.1176519203
        1.8354259000         2.1500000000         1.3046590794         3.0263784728        -0.8517026233
        1.8403975000         2.1500000000         1.2995544257         3.0263784728        -0.9846772718
        1.8454503000         2.1500000000         1.2765834840         3.0110672080        -1.5830631898
        1.8504094000         2.1500000000         1.2893451183         3.0136190855        -1.2506265687
        1.8557767000         2.1500000000         1.2765834840         2.9957559433        -1.5830631898
        1.8610118000         2.1500000000         1.2842404646         2.9957559433        -1.3836012172
        1.8654106000         2.1500000000         1.2842404646         2.9906521883        -1.3836012172
        1.8704104000         2.1500000000         1.2842404646         2.9855484334        -1.3836012172
        1.8753980000         2.1500000000         1.2842404646         2.9778928011        -1.3836012172
        1.8803971000         2.1500000000         1.2867927914         2.9804446785        -1.3171138929
        1.8853986000         2.1500000000         1.2842404646         2.9676852912        -1.3836012172
        1.8904059000         2.1500000000         1.2842404646         2.9727890461        -1.3836012172
        1.8953870000         2.1500000000         1.2867927914         2.9702371687        -1.3171138929
        1.9004036000         2.1500000000         1.2867927914         2.9651334138        -1.3171138929
        1.9053882000         2.1500000000         1.3148683868         2.9549259039        -0.5857533264
        1.9104398000         2.1500000000         1.2867927914         2.9600296588        -1.3171138929
        1.9153983000         2.1500000000         1.2816881377         2.9421665166        -1.4500885414
        1.9204045000         2.1500000000         1.2765834840         2.9370627617        -1.5830631898
        1.9253906000         2.1500000000         1.2842404646         2.9345108842        -1.3836012172
        1.9304041000         2.1500000000         1.2816881377         2.9294071293        -1.4500885414
        1.9354299000         2.1500000000         1.3046590794         2.9345108842        -0.8517026233
        1.9404217000         2.1500000000         1.2918974451         2.9217514970        -1.1841392445
        1.9454048000         2.1500000000         1.3046590794         2.9243033744        -0.8517026233
        1.9504109000         2.1500000000         1.3021067526         2.9243033744        -0.9181899476
        1.9553866000         2.1500000000         1.2918974451         2.9115439871        -1.1841392445
        1.9604006000         2.1500000000         1.2970020988         2.9038883547        -1.0511645960
        1.9653892000         2.1500000000         1.2867927914         2.8962327224        -1.3171138929
        1.9704071000         2.1500000000         1.2893451183         2.8936808449        -1.2506265687
        1.9754008000         2.1500000000         1.2893451183         2.8962327224        -1.2506265687
        1.9804090000         2.1500000000         1.2970020988         2.8962327224        -1.0511645960
        1.9853984000         2.1500000000         1.2970020988         2.8936808449        -1.0511645960
        1.9904596000         2.1500000000         1.2944497720         2.8809214576        -1.1176519203
        1.9954197000         2.1500000000         1.2944497720         2.8834733351        -1.1176519203
        2.0006001000         2.1500000000         1.2918974451         2.8707139478        -1.1841392445
        2.0054385000         2.1500000000         1.2944497720         2.8758177027        -1.1176519203
        2.0104074000         2.1500000000         1.2944497720         2.8630583154        -1.1176519203
        2.0153920000         2.1500000000         1.2842404646         2.8528508056        -1.3836012172
        2.0203859000         2.1500000000         1.2944497720         2.8528508056        -1.1176519203
        2.0253945000         2.1500000000         1.2918974451         2.8477470506        -1.1841392445
        2.0304351000         2.1500000000         1.2995544257         2.8554026830        -0.9846772718
        2.0354087000         2.1500000000         1.2995544257         2.8502989281        -0.9846772718
        2.0403929000         2.1500000000         1.2842404646         2.8324357859        -1.3836012172
        2.0453960000         2.1500000000         1.2842404646         2.8298839084        -1.3836012172
        2.0504423000         2.1500000000         1.2893451183         2.8298839084        -1.2506265687
        2.0554183000         2.1500000000         1.2893451183         2.8222282761        -1.2506265687
        2.0604008000         2.1500000000         1.2970020988         2.8273320310        -1.0511645960
        2.0654053000         2.1500000000         1.2867927914         2.8145726437        -1.3171138929
        2.0703879000         2.1500000000         1.2867927914         2.8094688888        -1.3171138929
        2.0754273000         2.1500000000         1.2893451183         2.8069170113        -1.2506265687
        2.0804075000         2.1500000000         1.2867927914         2.8043651338        -1.3171138929
        2.0853944000         2.1500000000         1.2918974451         2.7967095015        -1.1841392445
        2.0904023000         2.1500000000         1.2944497720         2.7890538691        -1.1176519203
        2.0953959000         2.1500000000         1.2918974451         2.7916057465        -1.1841392445
        2.1003919000         2.1500000000         1.2944497720         2.7813982367        -1.1176519203
        2.1054027000         2.1500000000         1.2842404646         2.7711907269        -1.3836012172
        2.1103891000         2.1500000000         1.2995544257         2.7788463592        -0.9846772718
        2.1154254000         2.1500000000         1.2944497720         2.7737426043        -1.1176519203
        2.1203978000         2.1500000000         1.2918974451         2.7660869720        -1.1841392445
        2.1254106000         2.1500000000         1.2842404646         2.7558794621        -1.3836012172
        2.1303976000         2.1500000000         1.2995544257         2.7609832170        -0.9846772718
        2.1354065000         2.1500000000         1.2893451183         2.7584313396        -1.2506265687
        2.1403908000         2.1500000000         1.2944497720         2.7482238297        -1.1176519203
        2.1453943000         2.1500000000         1.2867927914         2.7431200748        -1.3171138929
        2.1503854000         2.1500000000         1.2842404646         2.7329125650        -1.3836012172
        2.1554145000         2.1500000000         1.2842404646         2.7278088101        -1.3836012172
        2.1603993000         2.1500000000         1.3174207137         2.7227050552        -0.5192660022
        2.1653766000         2.1500000000         1.2918974451         2.7303606875        -1.1841392445
        2.1704158000         2.1500000000         1.2918974451         2.7201531777        -1.1841392445
        2.1754146000         2.1500000000         1.2867927914         2.7124975453        -1.3171138929
        2.1804086000         2.1500000000         1.2970020988         2.7150494228        -1.0511645960
        2.1854514000         2.1500000000         1.2816881377         2.6971862806        -1.4500885414
        2.1904157000         2.1500000000         1.2970020988         2.6997381580        -1.0511645960
        2.1953949000         2.1500000000         1.2893451183         2.6971862806        -1.2506265687
        2.2003970000         2.1500000000         1.2893451183         2.6946344031        -1.2506265687
        2.2053778000         2.1500000000         1.2944497720         2.6946344031        -1.1176519203
        2.2104078000         2.1500000000         1.3021067526         2.6895306482        -0.9181899476
        2.2153884000         2.1500000000         1.2842404646         2.6716675060        -1.3836012172
        2.2204130000         2.1500000000         1.2944497720         2.6767712609        -1.1176519203
        2.2254037000         2.1500000000         1.2970020988         2.6742193834        -1.0511645960
        2.2303919000         2.1500000000         1.2970020988         2.6589081187        -1.0511645960
        2.2353977000         2.1500000000         1.2944497720         2.6614599961        -1.1176519203
        2.2404079000         2.1500000000         1.3276300211         2.6640118736        -0.2533167053
        2.2453881000         2.1500000000         1.2893451183         2.6410449765        -1.2506265687
        2.2504082000         2.1500000000         1.2893451183         2.6461487314        -1.2506265687
        2.2553901000         2.1500000000         1.2995544257         2.6487006088        -0.9846772718
        2.2603976000         2.1500000000         1.3021067526         2.6461487314        -0.9181899476
        2.2654018000         2.1500000000         1.3021067526         2.6410449765        -0.9181899476
        2.2703928000         2.1500000000         1.2944497720         2.6333893441        -1.1176519203
        2.2753955000         2.1500000000         1.2944497720         2.6308374666        -1.1176519203
        2.2804018000         2.1500000000         1.2944497720         2.6231818342        -1.1176519203
        2.2853948000         2.1500000000         1.2867927914         2.6180780793        -1.3171138929
        2.2904436000         2.1500000000         1.2918974451         2.6180780793        -1.1841392445
        2.2954094000         2.1500000000         1.2995544257         2.6180780793        -0.9846772718
        2.3003968000         2.1500000000         1.2867927914         2.6078705695        -1.3171138929
        2.3053954000         2.1500000000         1.2867927914         2.6027668146        -1.3171138929
        2.3104299000         2.1500000000         1.2867927914         2.5976630597        -1.3171138929
        2.3154040000         2.1500000000         1.2995544257         2.5951111822        -0.9846772718
        2.3203967000         2.1500000000         1.2867927914         2.5874555498        -1.3171138929
        2.3253876000         2.1500000000         1.2893451183         2.5823517949        -1.2506265687
        2.3303974000         2.1500000000         1.2816881377         2.5746961625        -1.4500885414
        2.3354013000         2.1500000000         1.2893451183         2.5746961625        -1.2506265687
        2.3403949000         2.1500000000         1.2944497720         2.5695924076        -1.1176519203
        2.3453954000         2.1500000000         1.2970020988         2.5695924076        -1.0511645960
        2.3505533000         2.1500000000         1.2970020988         2.5593848978        -1.0511645960
        2.3553909000         2.1500000000         1.2918974451         2.5568330203        -1.1841392445
        2.3604711000         2.1500000000         1.2944497720         2.5466255105        -1.1176519203
        2.3654389000         2.1500000000         1.2995544257         2.5466255105        -0.9846772718
        2.3704085000         2.1500000000         1.3021067526         2.5517292654        -0.9181899476
        2.3754433000         2.1500000000         1.2893451183         2.5364180006        -1.2506265687
        2.3803893000         2.1500000000         1.2995544257         2.5415217556        -0.9846772718
        2.3854251000         2.1500000000         1.2918974451         2.5338661232        -1.1841392445
        2.3904724000         2.1500000000         1.2893451183         2.5287623683        -1.2506265687
        2.3954022000         2.1500000000         1.2816881377         2.5236586133        -1.4500885414
        2.4003865000         2.1500000000         1.2918974451         2.5211067359        -1.1841392445
        2.4053936000         2.1500000000         1.2791358108         2.5083473486        -1.5165758656
        2.4103907000         2.1500000000         1.2816881377         2.5057954711        -1.4500885414
        2.4153961000         2.1500000000         1.2867927914         2.5006917162        -1.3171138929
        2.4203998000         2.1500000000         1.2867927914         2.5006917162        -1.3171138929
        2.4254126000         2.1500000000         1.2944497720         2.4955879613        -1.1176519203
        2.4303925000         2.1500000000         1.2893451183         2.4930360838        -1.2506265687
        2.4354031000         2.1500000000         1.2918974451         2.4828285740        -1.1841392445
        2.4405076000         2.1500000000         1.2867927914         2.4828285740        -1.3171138929
        2.4454141000         2.1500000000         1.3046590794         2.4879323289        -0.8517026233
        2.4503991000         2.1500000000         1.3072114063         2.4802766965        -0.7852152991
        2.4553823000         2.1500000000         1.3021067526         2.4802766965        -0.9181899476
        2.4603943000         2.1500000000         1.2995544257         2.4726210642        -0.9846772718
        2.4653789000         2.1500000000         1.2918974451         2.4649654318        -1.1841392445
        2.4703945000         2.1500000000         1.2893451183         2.4522060445        -1.2506265687
        2.4753949000         2.1500000000         1.2918974451         2.4547579220        -1.1841392445
        2.4804034000         2.1500000000         1.2740311571         2.4471022896        -1.6495505141
        2.4854010000         2.1500000000         1.2970020988         2.4522060445        -1.0511645960
        2.4904273000         2.1500000000         1.2867927914         2.4394466572        -1.3171138929
        2.4954021000         2.1500000000         1.2944497720         2.4394466572        -1.1176519203
        2.5003870000         2.1500000000         1.2867927914         2.4317910248        -1.3171138929
        2.5054087000         2.1500000000         1.2842404646         2.4190316375        -1.3836012172
        2.5104016000         2.1500000000         1.2816881377         2.4139278826        -1.4500885414
        2.5154516000         2.1500000000         1.2970020988         2.4241353924        -1.0511645960
        2.5204432000         2.1500000000         1.2791358108         2.4037203728        -1.5165758656
        2.5253919000         2.1500000000         1.2867927914         2.4011684953        -1.3171138929
        2.5303867000         2.1500000000         1.2867927914         2.4011684953        -1.3171138929
        2.5353735000         2.1500000000         1.2944497720         2.3935128629        -1.1176519203
        2.5403867000         2.1500000000         1.2842404646         2.3858572306        -1.3836012172
        2.5453945000         2.1500000000         1.2816881377         2.3807534756        -1.4500885414
        2.5503985000         2.1500000000         1.2842404646         2.3807534756        -1.3836012172
        2.5553865000         2.1500000000         1.2944497720         2.3756497207        -1.1176519203
        2.5603814000         2.1500000000         1.2842404646         2.3654422109        -1.3836012172
        2.5653728000         2.1500000000         1.2944497720         2.3730978433        -1.1176519203
        2.5703829000         2.1500000000         1.2893451183         2.3603384560        -1.2506265687
        2.5753849000         2.1500000000         1.2867927914         2.3577865785        -1.3171138929
        2.5804010000         2.1500000000         1.2918974451         2.3526828236        -1.1841392445
        2.5853827000         2.1500000000         1.2842404646         2.3424753138        -1.3836012172
        2.5903980000         2.1500000000         1.3352870017         2.3424753138        -0.0538547326
        2.5953796000         2.1500000000         1.2944497720         2.3450271912        -1.1176519203
        2.6004132000         2.1500000000         1.3046590794         2.3399234363        -0.8517026233
        2.6053888000         2.1500000000         1.2893451183         2.3271640490        -1.2506265687
        2.6103797000         2.1500000000         1.2918974451         2.3220602941        -1.1841392445
        2.6153821000         2.1500000000         1.2689265034         2.3220602941        -1.7825251625
        2.6203985000         2.1500000000         1.2970020988         2.3169565392        -1.0511645960
        2.6254054000         2.1500000000         1.2842404646         2.3118527843        -1.3836012172
        2.6303880000         2.1500000000         1.2893451183         2.3067490293        -1.2506265687
        2.6353930000         2.1500000000         1.2867927914         2.2990933970        -1.3171138929
        2.6404077000         2.1500000000         1.2842404646         2.2888858871        -1.3836012172
        2.6453886000         2.1500000000         1.2918974451         2.2965415195        -1.1841392445
        2.6504024000         2.1500000000         1.2970020988         2.2914377646        -1.0511645960
        2.6553808000         2.1500000000         1.2867927914         2.2761264998        -1.3171138929
        2.6603900000         2.1500000000         1.2816881377         2.2735746224        -1.4500885414
        2.6653981000         2.1500000000         1.2816881377         2.2710227449        -1.4500885414
        2.6703835000         2.1500000000         1.2867927914         2.2684708674        -1.3171138929
        2.6753903000         2.1500000000         1.2944497720         2.2710227449        -1.1176519203
        2.6803987000         2.1500000000         1.2918974451         2.2633671125        -1.1841392445
        2.6853766000         2.1500000000         1.2867927914         2.2480558478        -1.3171138929
        2.6904137000         2.1500000000         1.2867927914         2.2480558478        -1.3171138929
        2.6954055000         2.1500000000         1.2893451183         2.2429520929        -1.2506265687
        2.7003887000         2.1500000000         1.2867927914         2.2429520929        -1.3171138929
        2.7053978000         2.1500000000         1.2842404646         2.2327445830        -1.3836012172
        2.7103776000         2.1500000000         1.2816881377         2.2276408281        -1.4500885414
        2.7153867000         2.1500000000         1.2918974451         2.2301927056        -1.1841392445
        2.7204476000         2.1500000000         1.2867927914         2.2174333183        -1.3171138929
        2.7254026000         2.1500000000         1.2791358108         2.2046739310        -1.5165758656
        2.7304030000         2.1500000000         1.2842404646         2.2046739310        -1.3836012172
        2.7353923000         2.1500000000         1.2867927914         2.1995701761        -1.3171138929
        2.7403883000         2.1500000000         1.2893451183         2.1995701761        -1.2506265687
        2.7453860000         2.1500000000         1.2842404646         2.1970182986        -1.3836012172
        2.7503952000         2.1500000000         1.2918974451         2.1893626662        -1.1841392445
        2.7554056000         2.1500000000         1.2867927914         2.1817070338        -1.3171138929
        2.7603879000         2.1500000000         1.2791358108         2.1689476465        -1.5165758656
        2.7653976000         2.1500000000         1.2816881377         2.1638438916        -1.4500885414
        2.7703853000         2.1500000000         1.2816881377         2.1689476465        -1.4500885414
        2.7753952000         2.1500000000         1.2791358108         2.1587401367        -1.5165758656
        2.7803920000         2.1500000000         1.2816881377         2.1510845043        -1.4500885414
        2.7853847000         2.1500000000         1.2791358108         2.1459807494        -1.5165758656
        2.7903939000         2.1500000000         1.2816881377         2.1408769945        -1.4500885414
        2.7953974000         2.1500000000         1.2842404646         2.1357732396        -1.3836012172
        2.8003840000         2.1500000000         1.2740311571         2.1255657297        -1.6495505141
        2.8053970000         2.1500000000         1.2791358108         2.1179100974        -1.5165758656
        2.8105016000         2.1500000000         1.2791358108         2.1153582199        -1.5165758656
        2.8154280000         2.1500000000         1.2791358108         2.1051507101        -1.5165758656
        2.8204170000         2.1500000000         1.2740311571         2.1025988326        -1.6495505141
        2.8254092000         2.1500000000         1.2842404646         2.1025988326        -1.3836012172
        2.8303985000         2.1500000000         1.2867927914         2.1025988326        -1.3171138929
        2.8353980000         2.1500000000         1.2867927914         2.0974950777        -1.3171138929
        2.8403758000         2.1500000000         1.2791358108         2.0847356904        -1.5165758656
        2.8454187000         2.1500000000         1.2842404646         2.0872875679        -1.3836012172
        2.8503958000         2.1500000000         1.2816881377         2.0745281806        -1.4500885414
        2.8553787000         2.1500000000         1.2714788303         2.0617687933        -1.7160378383
        2.8603869000         2.1500000000         1.2791358108         2.0566650383        -1.5165758656
        2.8653974000         2.1500000000         1.2765834840         2.0515612834        -1.5830631898
        2.8704008000         2.1500000000         1.2842404646         2.0464575285        -1.3836012172
        2.8753867000         2.1500000000         1.2816881377         2.0464575285        -1.4500885414
        2.8804650000         2.1500000000         1.2816881377         2.0413537736        -1.4500885414
        2.8854180000         2.1500000000         1.2816881377         2.0362500187        -1.4500885414
        2.8903884000         2.1500000000         1.2893451183         2.0362500187        -1.2506265687
        2.8953998000         2.1500000000         1.2867927914         2.0285943863        -1.3171138929
        2.9004074000         2.1500000000         1.2842404646         2.0183868765        -1.3836012172
        2.9053917000         2.1500000000         1.2791358108         2.0056274892        -1.5165758656
        2.9104018000         2.1500000000         1.2791358108         2.0030756117        -1.5165758656
        2.9154169000         2.1500000000         1.2816881377         2.0030756117        -1.4500885414
        2.9203968000         2.1500000000         1.2842404646         1.9928681019        -1.3836012172
        2.9254435000         2.1500000000         1.2816881377         1.9928681019        -1.4500885414
        2.9304075000         2.1500000000         1.2842404646         1.9877643470        -1.3836012172
        2.9354288000         2.1500000000         1.2791358108         1.9826605920        -1.5165758656
        2.9404035000         2.1500000000         1.2893451183         1.9775568371        -1.2506265687
        2.9453994000         2.1500000000         1.2740311571         1.9647974498        -1.6495505141
        2.9503940000         2.1500000000         1.2816881377         1.9596936949        -1.4500885414
        2.9555023000         2.1500000000         1.2740311571         1.9596936949        -1.6495505141
        2.9603907000         2.1500000000         1.2816881377         1.9545899400        -1.4500885414
        2.9653972000         2.1500000000         1.2791358108         1.9494861851        -1.5165758656
        2.9703922000         2.1500000000         1.2842404646         1.9494861851        -1.3836012172
        2.9754160000         2.1500000000         1.2893451183         1.9443824302        -1.2506265687
        2.9803999000         2.1500000000         1.2867927914         1.9392786752        -1.3171138929
        2.9854005000         2.1500000000         1.2867927914         1.9316230429        -1.3171138929
        2.9904175000         2.1500000000         1.2765834840         1.9188636556        -1.5830631898
        2.9953993000         2.1500000000         1.2842404646         1.9035523908        -1.3836012172
        3.0003783000         2.1500000000         1.2842404646         1.9137599006        -1.3836012172
        3.0053943000         2.1500000000         1.2918974451         1.9112080232        -1.1841392445
        3.0103965000         2.1500000000         1.2791358108         1.8984486359        -1.5165758656
        3.0153871000         2.1500000000         1.2944497720         1.8933448810        -1.1176519203
        3.0203897000         2.1500000000         1.2740311571         1.8882411261        -1.6495505141
        3.0253977000         2.1500000000         1.2689265034         1.8780336162        -1.7825251625
        3.0303828000         2.1500000000         1.2816881377         1.8780336162        -1.4500885414
        3.0353974000         2.1500000000         1.2714788303         1.8652742289        -1.7160378383
        3.0404039000         2.1500000000         1.2765834840         1.8627223515        -1.5830631898
        3.0454047000         2.1500000000         1.2791358108         1.8601704740        -1.5165758656
        3.0503959000         2.1500000000         1.2842404646         1.8576185965        -1.3836012172
        3.0554354000         2.1500000000         1.2867927914         1.8550667191        -1.3171138929
        3.0605648000         2.1500000000         1.2816881377         1.8448592093        -1.4500885414
        3.0654335000         2.1500000000         1.2893451183         1.8448592093        -1.2506265687
        3.0705442000         2.1500000000         1.2918974451         1.8423073318        -1.1841392445
        3.0754312000         2.1500000000         1.2867927914         1.8346516994        -1.3171138929
        3.0804360000         2.1500000000         1.2918974451         1.8218923121        -1.1841392445
        3.0854257000         2.1500000000         1.2842404646         1.8193404347        -1.3836012172
        3.0904489000         2.1500000000         1.2791358108         1.8091329248        -1.5165758656
        3.0954177000         2.1500000000         1.2791358108         1.8065810474        -1.5165758656
        3.1004032000         2.1500000000         1.2816881377         1.8065810474        -1.4500885414
        3.1053947000         2.1500000000         1.2765834840         1.7887179052        -1.5830631898
        3.1103903000         2.1500000000         1.2791358108         1.7887179052        -1.5165758656
        3.1153997000         2.1500000000         1.2765834840         1.7810622728        -1.5830631898
        3.1204242000         2.1500000000         1.2867927914         1.7810622728        -1.3171138929
        3.1255489000         2.1500000000         1.3021067526         1.7785103953        -0.9181899476
        3.1304106000         2.1500000000         1.2816881377         1.7683028855        -1.4500885414
        3.1353953000         2.1500000000         1.2765834840         1.7657510080        -1.5830631898
        3.1403987000         2.1500000000         1.2893451183         1.7631991306        -1.2506265687
        3.1453913000         2.1500000000         1.2842404646         1.7657510080        -1.3836012172
        3.1503876000         2.1500000000         1.2893451183         1.7529916207        -1.2506265687
        3.1553972000         2.1500000000         1.2791358108         1.7478878658        -1.5165758656
        3.1603847000         2.1500000000         1.2918974451         1.7504397433        -1.1841392445
        3.1653972000         2.1500000000         1.3174207137         1.7427841109        -0.5192660022
        3.1703831000         2.1500000000         1.2816881377         1.7300247236        -1.4500885414
        3.1753898000         2.1500000000         1.2765834840         1.7147134588        -1.5830631898
        3.1803980000         2.1500000000         1.2842404646         1.7172653363        -1.3836012172
        3.1854070000         2.1500000000         1.2816881377         1.7172653363        -1.4500885414
        3.1904147000         2.1500000000         1.2765834840         1.7045059490        -1.5830631898
        3.1953935000         2.1500000000         1.2740311571         1.6994021941        -1.6495505141
        3.2004014000         2.1500000000         1.2867927914         1.7019540715        -1.3171138929
        3.2053908000         2.1500000000         1.2816881377         1.6891946843        -1.4500885414
        3.2103743000         2.1500000000         1.2791358108         1.6815390519        -1.5165758656
        3.2154042000         2.1500000000         1.2842404646         1.6866428068        -1.3836012172
        3.2203966000         2.1500000000         1.2842404646         1.6764352970        -1.3836012172
        3.2253986000         2.1500000000         1.2816881377         1.6687796646        -1.4500885414
        3.2303980000         2.1500000000         1.2893451183         1.6687796646        -1.2506265687
        3.2354297000         2.1500000000         1.2893451183         1.6636759097        -1.2506265687
        3.2403937000         2.1500000000         1.2867927914         1.6636759097        -1.3171138929
        3.2453909000         2.1500000000         1.2893451183         1.6483646449        -1.2506265687
        3.2503964000         2.1500000000         1.2740311571         1.6432608900        -1.6495505141
        3.2554070000         2.1500000000         1.2842404646         1.6407090125        -1.3836012172
        3.2603894000         2.1500000000         1.2842404646         1.6432608900        -1.3836012172
        3.2653977000         2.1500000000         1.2893451183         1.6356052576        -1.2506265687
        3.2703995000         2.1500000000         1.2918974451         1.6356052576        -1.1841392445
        3.2754400000         2.1500000000         1.2765834840         1.6330533802        -1.5830631898
        3.2804057000         2.1500000000         1.2842404646         1.6228458703        -1.3836012172
        3.2854197000         2.1500000000         1.2842404646         1.6177421154        -1.3836012172
        3.2903846000         2.1500000000         1.2918974451         1.6151902379        -1.1841392445
        3.2953925000         2.1500000000         1.2842404646         1.6151902379        -1.3836012172
        3.3004013000         2.1500000000         1.2918974451         1.6049827281        -1.1841392445
        3.3053818000         2.1500000000         1.2842404646         1.5973270957        -1.3836012172
        3.3105391000         2.1500000000         1.2867927914         1.5922233408        -1.3171138929
        3.3154126000         2.1500000000         1.2893451183         1.5896714634        -1.2506265687
        3.3203914000         2.1500000000         1.2918974451         1.5871195859        -1.1841392445
        3.3253980000         2.1500000000         1.2893451183         1.5871195859        -1.2506265687
        3.3304066000         2.1500000000         1.2893451183         1.5718083211        -1.2506265687
        3.3353860000         2.1500000000         1.2867927914         1.5743601986        -1.3171138929
        3.3403957000         2.1500000000         1.2842404646         1.5616008113        -1.3836012172
        3.3453944000         2.1500000000         1.2842404646         1.5564970564        -1.3836012172
        3.3503900000         2.1500000000         1.2765834840         1.5488414240        -1.5830631898
        3.3553937000         2.1500000000         1.2893451183         1.5462895465        -1.2506265687
        3.3603833000         2.1500000000         1.2842404646         1.5411857916        -1.3836012172
        3.3653944000         2.1500000000         1.2867927914         1.5360820367        -1.3171138929
        3.3704068000         2.1500000000         1.2918974451         1.5360820367        -1.1841392445
        3.3754482000         2.1500000000         1.3123160600         1.5284264043        -0.6522406507
        3.3804061000         2.1500000000         1.2893451183         1.5258745269        -1.2506265687
        3.3853987000         2.1500000000         1.2893451183         1.5207707720        -1.2506265687
        3.3903834000         2.1500000000         1.2816881377         1.5054595072        -1.4500885414
        3.3953980000         2.1500000000         1.2791358108         1.5003557523        -1.5165758656
        3.4003770000         2.1500000000         1.2944497720         1.5054595072        -1.1176519203
        3.4053926000         2.1500000000         1.2842404646         1.4952519974        -1.3836012172
        3.4103986000         2.1500000000         1.2816881377         1.4850444875        -1.4500885414
        3.4153762000         2.1500000000         1.2893451183         1.4875963650        -1.2506265687
        3.4204121000         2.1500000000         1.2867927914         1.4824926101        -1.3171138929
        3.4253982000         2.1500000000         1.2867927914         1.4748369777        -1.3171138929
        3.4304022000         2.1500000000         1.2867927914         1.4748369777        -1.3171138929
        3.4355892000         2.1500000000         1.2867927914         1.4595257129        -1.3171138929
        3.4404062000         2.1500000000         1.2816881377         1.4544219580        -1.4500885414
        3.4454100000         2.1500000000         1.2791358108         1.4544219580        -1.5165758656
        3.4504001000         2.1500000000         1.2893451183         1.4544219580        -1.2506265687
        3.4553954000         2.1500000000         1.2867927914         1.4442144482        -1.3171138929
        3.4603879000         2.1500000000         1.2918974451         1.4442144482        -1.1841392445
        3.4653975000         2.1500000000         1.2867927914         1.4416625707        -1.3171138929
        3.4704318000         2.1500000000         1.2791358108         1.4212475511        -1.5165758656
        3.4754298000         2.1500000000         1.2816881377         1.4161437961        -1.4500885414
        3.4804610000         2.1500000000         1.2842404646         1.4161437961        -1.3836012172
        3.4856802000         2.1500000000         1.2842404646         1.4110400412        -1.3836012172
        3.4904135000         2.1500000000         1.2842404646         1.4059362863        -1.3836012172
        3.4959985000         2.1500000000         1.2944497720         1.4059362863        -1.1176519203
        3.5009465000         2.1500000000         1.2893451183         1.4033844088        -1.2506265687
        3.5054223000         2.1500000000         1.2867927914         1.3906250215        -1.3171138929
        3.5104259000         2.1500000000         1.2842404646         1.3855212666        -1.3836012172
        3.5154052000         2.1500000000         1.2842404646         1.3829693892        -1.3836012172
        3.5203941000         2.1500000000         1.2816881377         1.3676581244        -1.4500885414
        3.5253925000         2.1500000000         1.2740311571         1.3625543695        -1.6495505141
        3.5303840000         2.1500000000         1.2867927914         1.3651062470        -1.3171138929
        3.5354101000         2.1500000000         1.2765834840         1.3497949822        -1.5830631898
        3.5403995000         2.1500000000         1.2791358108         1.3523468597        -1.5165758656
        3.5454016000         2.1500000000         1.2893451183         1.3497949822        -1.2506265687
        3.5503946000         2.1500000000         1.2842404646         1.3421393498        -1.3836012172
        3.5553969000         2.1500000000         1.2893451183         1.3395874724        -1.2506265687
        3.5604729000         2.1500000000         1.2816881377         1.3344837175        -1.4500885414
        3.5654142000         2.1500000000         1.2842404646         1.3191724527        -1.3836012172
        3.5704021000         2.1500000000         1.2842404646         1.3217243302        -1.3836012172
        3.5753900000         2.1500000000         1.2918974451         1.3166205752        -1.1841392445
        3.5803922000         2.1500000000         1.2842404646         1.3038611879        -1.3836012172
        3.5853950000         2.1500000000         1.2816881377         1.3089649429        -1.4500885414
        3.5903842000         2.1500000000         1.2867927914         1.2987574330        -1.3171138929
        3.5954123000         2.1500000000         1.2842404646         1.3013093105        -1.3836012172
        3.6003973000         2.1500000000         1.2893451183         1.2911018006        -1.2506265687
        3.6054062000         2.1500000000         1.2791358108         1.2808942908        -1.5165758656
        3.6103719000         2.1500000000         1.2816881377         1.2783424134        -1.4500885414
        3.6154039000         2.1500000000         1.2893451183         1.2732386584        -1.2506265687
        3.6203904000         2.1500000000         1.2893451183         1.2732386584        -1.2506265687
        3.6254043000         2.1500000000         1.2842404646         1.2655830261        -1.3836012172
        3.6304187000         2.1500000000         1.2816881377         1.2553755162        -1.4500885414
        3.6354195000         2.1500000000         1.2867927914         1.2528236388        -1.3171138929
        3.6404216000         2.1500000000         1.2944497720         1.2553755162        -1.1176519203
        3.6454505000         2.1500000000         1.2765834840         1.2375123740        -1.5830631898
        3.6504525000         2.1500000000         1.2842404646         1.2324086191        -1.3836012172
        3.6554218000         2.1500000000         1.2740311571         1.2247529867        -1.6495505141
        3.6603828000         2.1500000000         1.2791358108         1.2273048642        -1.5165758656
        3.6654300000         2.1500000000         1.2867927914         1.2298567416        -1.3171138929
        3.6704039000         2.1500000000         1.2816881377         1.2119935994        -1.4500885414
        3.6753934000         2.1500000000         1.2842404646         1.2119935994        -1.3836012172
        3.6803914000         2.1500000000         1.2816881377         1.2068898445        -1.4500885414
        3.6854210000         2.1500000000         1.2867927914         1.1992342121        -1.3171138929
        3.6904336000         2.1500000000         1.2842404646         1.1966823347        -1.3836012172
        3.6953921000         2.1500000000         1.2893451183         1.1915785797        -1.2506265687
        3.7004106000         2.1500000000         1.2893451183         1.1890267023        -1.2506265687
        3.7053904000         2.1500000000         1.2893451183         1.1788191925        -1.2506265687
        3.7103937000         2.1500000000         1.3148683868         1.1762673150        -0.5857533264
        3.7154012000         2.1500000000         1.2918974451         1.1762673150        -1.1841392445
        3.7204207000         2.1500000000         1.2867927914         1.1660598052        -1.3171138929
        3.7254167000         2.1500000000         1.2918974451         1.1635079277        -1.1841392445
        3.7304096000         2.1500000000         1.2816881377         1.1507485404        -1.4500885414
        3.7354130000         2.1500000000         1.2791358108         1.1456447855        -1.5165758656
        3.7404126000         2.1500000000         1.2842404646         1.1456447855        -1.3836012172
        3.7454071000         2.1500000000         1.2918974451         1.1405410306        -1.1841392445
        3.7504104000         2.1500000000         1.2893451183         1.1430929080        -1.2506265687
        3.7554289000         2.1500000000         1.2842404646         1.1303335207        -1.3836012172
        3.7604061000         2.1500000000         1.2867927914         1.1277816433        -1.3171138929
        3.7653845000         2.1500000000         1.2791358108         1.1175741334        -1.5165758656
        3.7703921000         2.1500000000         1.2791358108         1.1150222560        -1.5165758656
        3.7753829000         2.1500000000         1.2918974451         1.1099185011        -1.1841392445
        3.7803926000         2.1500000000         1.2918974451         1.0971591138        -1.1841392445
        3.7853732000         2.1500000000         1.2867927914         1.1048147461        -1.3171138929
        3.7903859000         2.1500000000         1.2816881377         1.0997109912        -1.4500885414
        3.7953843000         2.1500000000         1.2816881377         1.0895034814        -1.4500885414
        3.8005968000         2.1500000000         1.2791358108         1.0843997265        -1.5165758656
        3.8053819000         2.1500000000         1.2638218497         1.0716403392        -1.9154998110
        3.8104113000         2.1500000000         1.2740311571         1.0665365843        -1.6495505141
        3.8154040000         2.1500000000         1.2765834840         1.0563290744        -1.5830631898
        3.8204109000         2.1500000000         1.2740311571         1.0537771970        -1.6495505141
        3.8253946000         2.1500000000         1.2791358108         1.0512253195        -1.5165758656
        3.8304521000         2.1500000000         1.2842404646         1.0486734420        -1.3836012172
        3.8353851000         2.1500000000         1.2842404646         1.0512253195        -1.3836012172
        3.8403932000         2.1500000000         1.2918974451         1.0435696871        -1.1841392445
        3.8454057000         2.1500000000         1.2842404646         1.0359140547        -1.3836012172
        3.8504113000         2.1500000000         1.2944497720         1.0333621773        -1.1176519203
        3.8553967000         2.1500000000         1.2867927914         1.0206027900        -1.3171138929
        3.8604001000         2.1500000000         1.2842404646         1.0180509125        -1.3836012172
        3.8653848000         2.1500000000         1.2791358108         1.0001877703        -1.5165758656
        3.8704162000         2.1500000000         1.2918974451         1.0129471576        -1.1841392445
        3.8754199000         2.1500000000         1.2816881377         1.0001877703        -1.4500885414
        3.8803945000         2.1500000000         1.2867927914         0.9950840154        -1.3171138929
        3.8853923000         2.1500000000         1.2791358108         0.9874283830        -1.5165758656
        3.8904074000         2.1500000000         1.2867927914         0.9823246281        -1.3171138929
        3.8953960000         2.1500000000         1.2740311571         0.9695652408        -1.6495505141
        3.9003972000         2.1500000000         1.2765834840         0.9644614859        -1.5830631898
        3.9053875000         2.1500000000         1.2765834840         0.9644614859        -1.5830631898
        3.9103837000         2.1500000000         1.2842404646         0.9593577310        -1.3836012172
        3.9153733000         2.1500000000         1.3174207137         0.9593577310        -0.5192660022
        3.9205603000         2.1500000000         1.2816881377         0.9491502211        -1.4500885414
        3.9254084000         2.1500000000         1.2842404646         0.9440464662        -1.3836012172
        3.9304273000         2.1500000000         1.2765834840         0.9338389564        -1.5830631898
        3.9354267000         2.1500000000         1.2842404646         0.9363908338        -1.3836012172
        3.9404061000         2.1500000000         1.2867927914         0.9338389564        -1.3171138929
        3.9453972000         2.1500000000         1.2867927914         0.9287352015        -1.3171138929
        3.9503865000         2.1500000000         1.2842404646         0.9159758142        -1.3836012172
        3.9553968000         2.1500000000         1.2765834840         0.9057683043        -1.5830631898
        3.9603942000         2.1500000000         1.2765834840         0.9006645494        -1.5830631898
        3.9653890000         2.1500000000         1.2816881377         0.9006645494        -1.4500885414
        3.9704020000         2.1500000000         1.2842404646         0.8955607945        -1.3836012172
        3.9754073000         2.1500000000         1.2816881377         0.8904570396        -1.4500885414
        3.9804094000         2.1500000000         1.2867927914         0.8853532847        -1.3171138929
        3.9853891000         2.1500000000         1.2867927914         0.8853532847        -1.3171138929
        3.9904298000         2.1500000000         1.2893451183         0.8828014072        -1.2506265687
        3.9953850000         2.1500000000         1.2842404646         0.8674901425        -1.3836012172
        4.0003987000         2.1500000000         1.2816881377         0.8649382650        -1.4500885414
