% Sweep Step 38/200  Vcmd=2.3100V  CCW 
% Vg_offset=1.338337V  K_gimbal=26.049690

Time[s]              Vcmd[V]              Vg_raw[V]            Pot[V]             Omega[rad/s]
        0.0018716000         2.3100000000         1.3429439823         2.5415217556         0.1200096202
        0.0056121000         2.3100000000         1.3301823480         2.5262104908        -0.2124270009
        0.0105587000         2.3100000000         1.3403916554         2.5338661232         0.0535222960
        0.0155662000         2.3100000000         1.3403916554         2.5389698781         0.0535222960
        0.0204963000         2.3100000000         1.3378393285         2.5364180006        -0.0129650282
        0.0255416000         2.3100000000         1.3327346748         2.5287623683        -0.1459396767
        0.0304882000         2.3100000000         1.3327346748         2.5287623683        -0.1459396767
        0.0354861000         2.3100000000         1.3327346748         2.5287623683        -0.1459396767
        0.0404731000         2.3100000000         1.3352870017         2.5313142457        -0.0794523525
        0.0454909000         2.3100000000         1.3352870017         2.5313142457        -0.0794523525
        0.0504779000         2.3100000000         1.3378393285         2.5338661232        -0.0129650282
        0.0554820000         2.3100000000         1.3454963091         2.5389698781         0.1864969445
        0.0605660000         2.3100000000         1.3327346748         2.5389698781        -0.1459396767
        0.0656563000         2.3100000000         1.3097637331         2.5287623683        -0.7443255947
        0.0706604000         2.3100000000         1.3225253674         2.5287623683        -0.4118889736
        0.0756541000         2.3100000000         1.3301823480         2.5287623683        -0.2124270009
        0.0805381000         2.3100000000         1.3225253674         2.5262104908        -0.4118889736
        0.0856343000         2.3100000000         1.3199730405         2.5211067359        -0.4783762978
        0.0906523000         2.3100000000         1.3199730405         2.5160029810        -0.4783762978
        0.0955539000         2.3100000000         1.3250776943         2.5236586133        -0.3454016494
        0.1005985000         2.3100000000         1.3352870017         2.5287623683        -0.0794523525
        0.1057274000         2.3100000000         1.3301823480         2.5236586133        -0.2124270009
        0.1106413000         2.3100000000         1.3327346748         2.5211067359        -0.1459396767
        0.1155560000         2.3100000000         1.3378393285         2.5287623683        -0.0129650282
        0.1206117000         2.3100000000         1.3403916554         2.5262104908         0.0535222960
        0.1259835000         2.3100000000         1.3276300211         2.5134511035        -0.2789143251
        0.1306433000         2.3100000000         1.3276300211         2.5160029810        -0.2789143251
        0.1358045000         2.3100000000         1.3403916554         2.5262104908         0.0535222960
        0.1405878000         2.3100000000         1.3429439823         2.5262104908         0.1200096202
        0.1456024000         2.3100000000         1.3352870017         2.5211067359        -0.0794523525
        0.1506520000         2.3100000000         1.3352870017         2.5185548584        -0.0794523525
        0.1557454000         2.3100000000         1.3327346748         2.5083473486        -0.1459396767
        0.1606276000         2.3100000000         1.3352870017         2.5211067359        -0.0794523525
        0.1657251000         2.3100000000         1.3378393285         2.5211067359        -0.0129650282
        0.1707015000         2.3100000000         1.3429439823         2.5262104908         0.1200096202
        0.1756368000         2.3100000000         1.3684672508         2.5262104908         0.7848828625
        0.1806356000         2.3100000000         1.3403916554         2.5185548584         0.0535222960
        0.1857858000         2.3100000000         1.3301823480         2.5134511035        -0.2124270009
        0.1905103000         2.3100000000         1.3454963091         2.5262104908         0.1864969445
        0.1955404000         2.3100000000         1.3378393285         2.5211067359        -0.0129650282
        0.2006528000         2.3100000000         1.3403916554         2.5262104908         0.0535222960
        0.2056325000         2.3100000000         1.3352870017         2.5211067359        -0.0794523525
        0.2106243000         2.3100000000         1.3301823480         2.5134511035        -0.2124270009
        0.2157301000         2.3100000000         1.3403916554         2.5211067359         0.0535222960
        0.2206643000         2.3100000000         1.3378393285         2.5236586133        -0.0129650282
        0.2256356000         2.3100000000         1.3327346748         2.5160029810        -0.1459396767
        0.2305225000         2.3100000000         1.3378393285         2.5211067359        -0.0129650282
        0.2356261000         2.3100000000         1.3352870017         2.5211067359        -0.0794523525
        0.2407359000         2.3100000000         1.3454963091         2.5262104908         0.1864969445
        0.2456509000         2.3100000000         1.3403916554         2.5211067359         0.0535222960
        0.2507517000         2.3100000000         1.3352870017         2.5185548584        -0.0794523525
        0.2557877000         2.3100000000         1.3378393285         2.5185548584        -0.0129650282
        0.2605225000         2.3100000000         1.3531532897         2.5160029810         0.3859589171
        0.2656154000         2.3100000000         1.3454963091         2.5211067359         0.1864969445
        0.2706161000         2.3100000000         1.3327346748         2.5134511035        -0.1459396767
        0.2756199000         2.3100000000         1.3352870017         2.5236586133        -0.0794523525
        0.2806235000         2.3100000000         1.3403916554         2.5185548584         0.0535222960
        0.2857483000         2.3100000000         1.3378393285         2.5211067359        -0.0129650282
        0.2906133000         2.3100000000         1.3352870017         2.5211067359        -0.0794523525
        0.2957057000         2.3100000000         1.3454963091         2.5287623683         0.1864969445
        0.3006105000         2.3100000000         1.3429439823         2.5262104908         0.1200096202
        0.3057559000         2.3100000000         1.3378393285         2.5185548584        -0.0129650282
        0.3107633000         2.3100000000         1.3429439823         2.5262104908         0.1200096202
        0.3156171000         2.3100000000         1.3327346748         2.5134511035        -0.1459396767
        0.3205299000         2.3100000000         1.3276300211         2.5211067359        -0.2789143251
        0.3255930000         2.3100000000         1.3429439823         2.5262104908         0.1200096202
        0.3305191000         2.3100000000         1.3378393285         2.5211067359        -0.0129650282
        0.3356413000         2.3100000000         1.3301823480         2.5160029810        -0.2124270009
        0.3410388000         2.3100000000         1.3327346748         2.5134511035        -0.1459396767
        0.3455375000         2.3100000000         1.3429439823         2.5211067359         0.1200096202
        0.3504130000         2.3100000000         1.3429439823         2.5262104908         0.1200096202
        0.3555460000         2.3100000000         1.3378393285         2.5262104908        -0.0129650282
        0.3604254000         2.3100000000         1.3429439823         2.5262104908         0.1200096202
        0.3656030000         2.3100000000         1.3378393285         2.5185548584        -0.0129650282
        0.3707588000         2.3100000000         1.3352870017         2.5211067359        -0.0794523525
        0.3756062000         2.3100000000         1.3378393285         2.5211067359        -0.0129650282
        0.3804993000         2.3100000000         1.3352870017         2.5211067359        -0.0794523525
        0.3854167000         2.3100000000         1.3429439823         2.5262104908         0.1200096202
        0.3904914000         2.3100000000         1.3429439823         2.5313142457         0.1200096202
        0.3955176000         2.3100000000         1.3225253674         2.5134511035        -0.4118889736
        0.4004552000         2.3100000000         1.3454963091         2.5262104908         0.1864969445
        0.4054912000         2.3100000000         1.3378393285         2.5211067359        -0.0129650282
        0.4104369000         2.3100000000         1.3352870017         2.5185548584        -0.0794523525
        0.4154020000         2.3100000000         1.3327346748         2.5236586133        -0.1459396767
        0.4204376000         2.3100000000         1.3352870017         2.5185548584        -0.0794523525
        0.4254068000         2.3100000000         1.3327346748         2.5083473486        -0.1459396767
        0.4304371000         2.3100000000         1.3301823480         2.5134511035        -0.2124270009
        0.4354045000         2.3100000000         1.3429439823         2.5262104908         0.1200096202
        0.4403913000         2.3100000000         1.3378393285         2.5211067359        -0.0129650282
        0.4454631000         2.3100000000         1.3352870017         2.5211067359        -0.0794523525
        0.4503855000         2.3100000000         1.3429439823         2.5262104908         0.1200096202
        0.4554535000         2.3100000000         1.3301823480         2.5160029810        -0.2124270009
        0.4604442000         2.3100000000         1.3378393285         2.5211067359        -0.0129650282
        0.4654753000         2.3100000000         1.3403916554         2.5211067359         0.0535222960
        0.4704553000         2.3100000000         1.3301823480         2.5134511035        -0.2124270009
        0.4754819000         2.3100000000         1.3378393285         2.5185548584        -0.0129650282
        0.4804762000         2.3100000000         1.3225253674         2.5211067359        -0.4118889736
        0.4855395000         2.3100000000         1.3454963091         2.5262104908         0.1864969445
        0.4904720000         2.3100000000         1.3225253674         2.5160029810        -0.4118889736
        0.4955568000         2.3100000000         1.3480486360         2.5262104908         0.2529842687
        0.5005299000         2.3100000000         1.3454963091         2.5262104908         0.1864969445
        0.5055207000         2.3100000000         1.3378393285         2.5185548584        -0.0129650282
        0.5105486000         2.3100000000         1.3429439823         2.5262104908         0.1200096202
        0.5155368000         2.3100000000         1.3378393285         2.5211067359        -0.0129650282
        0.5205238000         2.3100000000         1.3403916554         2.5185548584         0.0535222960
        0.5256237000         2.3100000000         1.3429439823         2.5160029810         0.1200096202
        0.5305650000         2.3100000000         1.3327346748         2.5134511035        -0.1459396767
        0.5356479000         2.3100000000         1.3454963091         2.5262104908         0.1864969445
        0.5405046000         2.3100000000         1.3301823480         2.5160029810        -0.2124270009
        0.5455399000         2.3100000000         1.3378393285         2.5185548584        -0.0129650282
        0.5504827000         2.3100000000         1.3429439823         2.5262104908         0.1200096202
        0.5559400000         2.3100000000         1.3378393285         2.5211067359        -0.0129650282
        0.5605656000         2.3100000000         1.3403916554         2.5185548584         0.0535222960
        0.5655305000         2.3100000000         1.3454963091         2.5262104908         0.1864969445
        0.5705543000         2.3100000000         1.3352870017         2.5185548584        -0.0794523525
        0.5755441000         2.3100000000         1.3378393285         2.5211067359        -0.0129650282
        0.5806240000         2.3100000000         1.3454963091         2.5262104908         0.1864969445
        0.5855057000         2.3100000000         1.3301823480         2.5108992261        -0.2124270009
        0.5905414000         2.3100000000         1.3403916554         2.5211067359         0.0535222960
        0.5956294000         2.3100000000         1.3403916554         2.5211067359         0.0535222960
        0.6006401000         2.3100000000         1.3582579434         2.5185548584         0.5189335656
        0.6055976000         2.3100000000         1.3352870017         2.5211067359        -0.0794523525
        0.6105970000         2.3100000000         1.3301823480         2.5211067359        -0.2124270009
        0.6159864000         2.3100000000         1.3327346748         2.5134511035        -0.1459396767
        0.6206335000         2.3100000000         1.3378393285         2.5211067359        -0.0129650282
        0.6256905000         2.3100000000         1.3301823480         2.5134511035        -0.2124270009
        0.6306802000         2.3100000000         1.3327346748         2.5134511035        -0.1459396767
        0.6356722000         2.3100000000         1.3454963091         2.5287623683         0.1864969445
        0.6405332000         2.3100000000         1.3403916554         2.5211067359         0.0535222960
        0.6455509000         2.3100000000         1.3352870017         2.5211067359        -0.0794523525
        0.6506192000         2.3100000000         1.3403916554         2.5160029810         0.0535222960
        0.6556257000         2.3100000000         1.3378393285         2.5211067359        -0.0129650282
        0.6607337000         2.3100000000         1.3378393285         2.5211067359        -0.0129650282
        0.6657109000         2.3100000000         1.3378393285         2.5211067359        -0.0129650282
        0.6706244000         2.3100000000         1.3429439823         2.5262104908         0.1200096202
        0.6757320000         2.3100000000         1.3327346748         2.5160029810        -0.1459396767
        0.6806824000         2.3100000000         1.3429439823         2.5262104908         0.1200096202
        0.6856386000         2.3100000000         1.3429439823         2.5236586133         0.1200096202
        0.6907362000         2.3100000000         1.3378393285         2.5211067359        -0.0129650282
        0.6955282000         2.3100000000         1.3429439823         2.5262104908         0.1200096202
        0.7006444000         2.3100000000         1.3429439823         2.5262104908         0.1200096202
        0.7057172000         2.3100000000         1.3276300211         2.5134511035        -0.2789143251
        0.7106651000         2.3100000000         1.3148683868         2.5134511035        -0.6113509463
        0.7156509000         2.3100000000         1.3327346748         2.5134511035        -0.1459396767
        0.7206143000         2.3100000000         1.3403916554         2.5262104908         0.0535222960
        0.7257550000         2.3100000000         1.3429439823         2.5160029810         0.1200096202
        0.7307516000         2.3100000000         1.3378393285         2.5185548584        -0.0129650282
        0.7356437000         2.3100000000         1.3378393285         2.5160029810        -0.0129650282
        0.7406541000         2.3100000000         1.3276300211         2.5160029810        -0.2789143251
        0.7457496000         2.3100000000         1.3327346748         2.5134511035        -0.1459396767
        0.7507737000         2.3100000000         1.3403916554         2.5211067359         0.0535222960
        0.7555761000         2.3100000000         1.3352870017         2.5211067359        -0.0794523525
        0.7606128000         2.3100000000         1.3429439823         2.5262104908         0.1200096202
        0.7657237000         2.3100000000         1.3378393285         2.5211067359        -0.0129650282
        0.7707235000         2.3100000000         1.3378393285         2.5211067359        -0.0129650282
        0.7757592000         2.3100000000         1.3301823480         2.5134511035        -0.2124270009
        0.7805211000         2.3100000000         1.3327346748         2.5134511035        -0.1459396767
        0.7855778000         2.3100000000         1.3327346748         2.5134511035        -0.1459396767
        0.7909369000         2.3100000000         1.3352870017         2.5185548584        -0.0794523525
        0.7956024000         2.3100000000         1.3403916554         2.5262104908         0.0535222960
        0.8005480000         2.3100000000         1.3378393285         2.5262104908        -0.0129650282
        0.8055499000         2.3100000000         1.3378393285         2.5211067359        -0.0129650282
        0.8108056000         2.3100000000         1.3403916554         2.5134511035         0.0535222960
        0.8155933000         2.3100000000         1.3454963091         2.5287623683         0.1864969445
        0.8207496000         2.3100000000         1.3429439823         2.5185548584         0.1200096202
        0.8255355000         2.3100000000         1.3301823480         2.5160029810        -0.2124270009
        0.8304379000         2.3100000000         1.3301823480         2.5134511035        -0.2124270009
        0.8355060000         2.3100000000         1.3352870017         2.5211067359        -0.0794523525
        0.8404930000         2.3100000000         1.3429439823         2.5262104908         0.1200096202
        0.8455663000         2.3100000000         1.3378393285         2.5211067359        -0.0129650282
        0.8511574000         2.3100000000         1.3378393285         2.5211067359        -0.0129650282
        0.8555825000         2.3100000000         1.3403916554         2.5211067359         0.0535222960
        0.8605580000         2.3100000000         1.3327346748         2.5185548584        -0.1459396767
        0.8654294000         2.3100000000         1.3276300211         2.5134511035        -0.2789143251
        0.8704480000         2.3100000000         1.3403916554         2.5185548584         0.0535222960
        0.8754263000         2.3100000000         1.3429439823         2.5262104908         0.1200096202
        0.8804542000         2.3100000000         1.3429439823         2.5262104908         0.1200096202
        0.8854357000         2.3100000000         1.3403916554         2.5211067359         0.0535222960
        0.8904678000         2.3100000000         1.3301823480         2.5083473486        -0.2124270009
        0.8954026000         2.3100000000         1.3378393285         2.5236586133        -0.0129650282
        0.9004342000         2.3100000000         1.3378393285         2.5211067359        -0.0129650282
        0.9054123000         2.3100000000         1.3403916554         2.5211067359         0.0535222960
        0.9104474000         2.3100000000         1.3352870017         2.5211067359        -0.0794523525
        0.9153929000         2.3100000000         1.3378393285         2.5211067359        -0.0129650282
        0.9204333000         2.3100000000         1.3378393285         2.5211067359        -0.0129650282
        0.9254262000         2.3100000000         1.3429439823         2.5262104908         0.1200096202
        0.9304357000         2.3100000000         1.3429439823         2.5287623683         0.1200096202
        0.9355208000         2.3100000000         1.3352870017         2.5160029810        -0.0794523525
        0.9404029000         2.3100000000         1.3403916554         2.5211067359         0.0535222960
        0.9454643000         2.3100000000         1.3403916554         2.5211067359         0.0535222960
        0.9504745000         2.3100000000         1.3327346748         2.5134511035        -0.1459396767
        0.9553948000         2.3100000000         1.3352870017         2.5185548584        -0.0794523525
        0.9603975000         2.3100000000         1.3352870017         2.5185548584        -0.0794523525
        0.9654644000         2.3100000000         1.3429439823         2.5262104908         0.1200096202
        0.9704328000         2.3100000000         1.3352870017         2.5211067359        -0.0794523525
        0.9754757000         2.3100000000         1.3301823480         2.5134511035        -0.2124270009
        0.9804417000         2.3100000000         1.3557056165         2.5185548584         0.4524462414
        0.9854367000         2.3100000000         1.3378393285         2.5211067359        -0.0129650282
        0.9904810000         2.3100000000         1.3301823480         2.5134511035        -0.2124270009
        0.9954238000         2.3100000000         1.3352870017         2.5185548584        -0.0794523525
        1.0003986000         2.3100000000         1.3429439823         2.5236586133         0.1200096202
        1.0054034000         2.3100000000         1.3327346748         2.5134511035        -0.1459396767
        1.0104903000         2.3100000000         1.3378393285         2.5262104908        -0.0129650282
        1.0154572000         2.3100000000         1.3301823480         2.5134511035        -0.2124270009
        1.0204292000         2.3100000000         1.3454963091         2.5262104908         0.1864969445
        1.0254163000         2.3100000000         1.3403916554         2.5211067359         0.0535222960
        1.0304395000         2.3100000000         1.3352870017         2.5211067359        -0.0794523525
        1.0354614000         2.3100000000         1.3378393285         2.5185548584        -0.0129650282
        1.0405303000         2.3100000000         1.3378393285         2.5236586133        -0.0129650282
        1.0454454000         2.3100000000         1.3378393285         2.5185548584        -0.0129650282
        1.0505542000         2.3100000000         1.3429439823         2.5262104908         0.1200096202
        1.0554954000         2.3100000000         1.3301823480         2.5134511035        -0.2124270009
        1.0604799000         2.3100000000         1.3429439823         2.5262104908         0.1200096202
        1.0654984000         2.3100000000         1.3327346748         2.5134511035        -0.1459396767
        1.0703945000         2.3100000000         1.3301823480         2.5134511035        -0.2124270009
        1.0755253000         2.3100000000         1.3352870017         2.5185548584        -0.0794523525
        1.0804901000         2.3100000000         1.3378393285         2.5211067359        -0.0129650282
        1.0854583000         2.3100000000         1.3327346748         2.5134511035        -0.1459396767
        1.0904914000         2.3100000000         1.3378393285         2.5185548584        -0.0129650282
        1.0955171000         2.3100000000         1.3378393285         2.5211067359        -0.0129650282
        1.1004355000         2.3100000000         1.3454963091         2.5262104908         0.1864969445
        1.1054441000         2.3100000000         1.3327346748         2.5134511035        -0.1459396767
        1.1106133000         2.3100000000         1.3301823480         2.5160029810        -0.2124270009
        1.1154724000         2.3100000000         1.3429439823         2.5262104908         0.1200096202
        1.1205054000         2.3100000000         1.3327346748         2.5211067359        -0.1459396767
        1.1256730000         2.3100000000         1.3352870017         2.5185548584        -0.0794523525
        1.1305155000         2.3100000000         1.3301823480         2.5160029810        -0.2124270009
        1.1356740000         2.3100000000         1.3378393285         2.5185548584        -0.0129650282
        1.1406936000         2.3100000000         1.3378393285         2.5211067359        -0.0129650282
        1.1457013000         2.3100000000         1.3327346748         2.5134511035        -0.1459396767
        1.1506227000         2.3100000000         1.3429439823         2.5262104908         0.1200096202
        1.1557781000         2.3100000000         1.3378393285         2.5211067359        -0.0129650282
        1.1605391000         2.3100000000         1.3378393285         2.5211067359        -0.0129650282
        1.1656488000         2.3100000000         1.3352870017         2.5134511035        -0.0794523525
        1.1706481000         2.3100000000         1.3327346748         2.5134511035        -0.1459396767
        1.1755388000         2.3100000000         1.3506009628         2.5211067359         0.3194715929
        1.1805492000         2.3100000000         1.3378393285         2.5211067359        -0.0129650282
        1.1855444000         2.3100000000         1.3378393285         2.5185548584        -0.0129650282
        1.1905482000         2.3100000000         1.3301823480         2.5134511035        -0.2124270009
        1.1958456000         2.3100000000         1.3352870017         2.5211067359        -0.0794523525
        1.2006138000         2.3100000000         1.3378393285         2.5236586133        -0.0129650282
        1.2055573000         2.3100000000         1.3352870017         2.5185548584        -0.0794523525
        1.2106678000         2.3100000000         1.3378393285         2.5211067359        -0.0129650282
        1.2155735000         2.3100000000         1.3199730405         2.5211067359        -0.4783762978
        1.2206186000         2.3100000000         1.3301823480         2.5211067359        -0.2124270009
        1.2255356000         2.3100000000         1.3403916554         2.5262104908         0.0535222960
        1.2305796000         2.3100000000         1.3429439823         2.5262104908         0.1200096202
        1.2355120000         2.3100000000         1.3327346748         2.5134511035        -0.1459396767
        1.2406149000         2.3100000000         1.3352870017         2.5262104908        -0.0794523525
        1.2455459000         2.3100000000         1.3352870017         2.5211067359        -0.0794523525
        1.2505786000         2.3100000000         1.3352870017         2.5185548584        -0.0794523525
        1.2555087000         2.3100000000         1.3378393285         2.5185548584        -0.0129650282
        1.2605726000         2.3100000000         1.3352870017         2.5211067359        -0.0794523525
        1.2655172000         2.3100000000         1.3378393285         2.5211067359        -0.0129650282
        1.2706117000         2.3100000000         1.3378393285         2.5185548584        -0.0129650282
        1.2754078000         2.3100000000         1.3582579434         2.5160029810         0.5189335656
        1.2804672000         2.3100000000         1.3429439823         2.5287623683         0.1200096202
        1.2854377000         2.3100000000         1.3352870017         2.5211067359        -0.0794523525
        1.2904367000         2.3100000000         1.3429439823         2.5262104908         0.1200096202
        1.2954566000         2.3100000000         1.3352870017         2.5185548584        -0.0794523525
        1.3004019000         2.3100000000         1.3327346748         2.5134511035        -0.1459396767
        1.3053845000         2.3100000000         1.3352870017         2.5185548584        -0.0794523525
        1.3104333000         2.3100000000         1.3378393285         2.5287623683        -0.0129650282
        1.3154487000         2.3100000000         1.3429439823         2.5262104908         0.1200096202
        1.3204665000         2.3100000000         1.3301823480         2.5160029810        -0.2124270009
        1.3254490000         2.3100000000         1.3378393285         2.5236586133        -0.0129650282
        1.3304582000         2.3100000000         1.3352870017         2.5211067359        -0.0794523525
        1.3354031000         2.3100000000         1.3327346748         2.5134511035        -0.1459396767
        1.3404239000         2.3100000000         1.3378393285         2.5211067359        -0.0129650282
        1.3454498000         2.3100000000         1.3429439823         2.5134511035         0.1200096202
        1.3504858000         2.3100000000         1.3352870017         2.5211067359        -0.0794523525
        1.3554003000         2.3100000000         1.3454963091         2.5262104908         0.1864969445
        1.3604266000         2.3100000000         1.3378393285         2.5211067359        -0.0129650282
        1.3654424000         2.3100000000         1.3378393285         2.5211067359        -0.0129650282
        1.3704806000         2.3100000000         1.3301823480         2.5134511035        -0.2124270009
        1.3754589000         2.3100000000         1.3378393285         2.5185548584        -0.0129650282
        1.3804231000         2.3100000000         1.3403916554         2.5211067359         0.0535222960
        1.3854008000         2.3100000000         1.3327346748         2.5185548584        -0.1459396767
        1.3904268000         2.3100000000         1.3454963091         2.5313142457         0.1864969445
        1.3954403000         2.3100000000         1.3403916554         2.5211067359         0.0535222960
        1.4004744000         2.3100000000         1.3352870017         2.5160029810        -0.0794523525
        1.4054457000         2.3100000000         1.3327346748         2.5160029810        -0.1459396767
        1.4106357000         2.3100000000         1.3454963091         2.5262104908         0.1864969445
        1.4153939000         2.3100000000         1.3403916554         2.5211067359         0.0535222960
        1.4204048000         2.3100000000         1.3301823480         2.5108992261        -0.2124270009
        1.4254114000         2.3100000000         1.3378393285         2.5211067359        -0.0129650282
        1.4304424000         2.3100000000         1.3429439823         2.5211067359         0.1200096202
        1.4354763000         2.3100000000         1.3378393285         2.5236586133        -0.0129650282
        1.4404892000         2.3100000000         1.3301823480         2.5134511035        -0.2124270009
        1.4454006000         2.3100000000         1.3378393285         2.5211067359        -0.0129650282
        1.4504318000         2.3100000000         1.3429439823         2.5262104908         0.1200096202
        1.4554592000         2.3100000000         1.3352870017         2.5211067359        -0.0794523525
        1.4604221000         2.3100000000         1.3301823480         2.5134511035        -0.2124270009
        1.4653989000         2.3100000000         1.3378393285         2.5211067359        -0.0129650282
        1.4704378000         2.3100000000         1.3454963091         2.5262104908         0.1864969445
        1.4754225000         2.3100000000         1.3454963091         2.5262104908         0.1864969445
        1.4803936000         2.3100000000         1.3378393285         2.5211067359        -0.0129650282
        1.4854969000         2.3100000000         1.3378393285         2.5160029810        -0.0129650282
        1.4904220000         2.3100000000         1.3454963091         2.5287623683         0.1864969445
        1.4955455000         2.3100000000         1.3327346748         2.5134511035        -0.1459396767
        1.5005373000         2.3100000000         1.3403916554         2.5211067359         0.0535222960
        1.5054109000         2.3100000000         1.3403916554         2.5236586133         0.0535222960
        1.5104399000         2.3100000000         1.3454963091         2.5262104908         0.1864969445
        1.5154076000         2.3100000000         1.3352870017         2.5211067359        -0.0794523525
        1.5204313000         2.3100000000         1.3454963091         2.5262104908         0.1864969445
        1.5255640000         2.3100000000         1.3378393285         2.5211067359        -0.0129650282
        1.5304790000         2.3100000000         1.3403916554         2.5211067359         0.0535222960
        1.5354268000         2.3100000000         1.3352870017         2.5211067359        -0.0794523525
        1.5404778000         2.3100000000         1.3429439823         2.5287623683         0.1200096202
        1.5454953000         2.3100000000         1.3429439823         2.5262104908         0.1200096202
        1.5504894000         2.3100000000         1.3352870017         2.5211067359        -0.0794523525
        1.5554416000         2.3100000000         1.3378393285         2.5211067359        -0.0129650282
        1.5604902000         2.3100000000         1.3327346748         2.5160029810        -0.1459396767
        1.5654582000         2.3100000000         1.3225253674         2.5134511035        -0.4118889736
        1.5704444000         2.3100000000         1.3429439823         2.5211067359         0.1200096202
        1.5754445000         2.3100000000         1.3301823480         2.5083473486        -0.2124270009
        1.5804466000         2.3100000000         1.3378393285         2.5211067359        -0.0129650282
        1.5855076000         2.3100000000         1.3378393285         2.5211067359        -0.0129650282
        1.5904758000         2.3100000000         1.3301823480         2.5134511035        -0.2124270009
        1.5954784000         2.3100000000         1.3301823480         2.5134511035        -0.2124270009
        1.6004528000         2.3100000000         1.3352870017         2.5211067359        -0.0794523525
        1.6055340000         2.3100000000         1.3352870017         2.5211067359        -0.0794523525
        1.6104723000         2.3100000000         1.3378393285         2.5211067359        -0.0129650282
        1.6154133000         2.3100000000         1.3454963091         2.5262104908         0.1864969445
        1.6204377000         2.3100000000         1.3378393285         2.5185548584        -0.0129650282
        1.6254402000         2.3100000000         1.3378393285         2.5211067359        -0.0129650282
        1.6304006000         2.3100000000         1.3403916554         2.5211067359         0.0535222960
        1.6354702000         2.3100000000         1.3352870017         2.5211067359        -0.0794523525
        1.6404236000         2.3100000000         1.3403916554         2.5211067359         0.0535222960
        1.6456062000         2.3100000000         1.3378393285         2.5211067359        -0.0129650282
        1.6505693000         2.3100000000         1.3327346748         2.5108992261        -0.1459396767
        1.6555311000         2.3100000000         1.3378393285         2.5211067359        -0.0129650282
        1.6605204000         2.3100000000         1.3352870017         2.5211067359        -0.0794523525
        1.6655719000         2.3100000000         1.3429439823         2.5211067359         0.1200096202
        1.6705593000         2.3100000000         1.3378393285         2.5185548584        -0.0129650282
        1.6757076000         2.3100000000         1.3378393285         2.5211067359        -0.0129650282
        1.6805731000         2.3100000000         1.3352870017         2.5185548584        -0.0794523525
        1.6855998000         2.3100000000         1.3327346748         2.5160029810        -0.1459396767
        1.6905692000         2.3100000000         1.3378393285         2.5211067359        -0.0129650282
        1.6955121000         2.3100000000         1.3378393285         2.5211067359        -0.0129650282
        1.7005907000         2.3100000000         1.3352870017         2.5185548584        -0.0794523525
        1.7055106000         2.3100000000         1.3352870017         2.5211067359        -0.0794523525
        1.7105805000         2.3100000000         1.3454963091         2.5262104908         0.1864969445
        1.7156716000         2.3100000000         1.3301823480         2.5185548584        -0.2124270009
        1.7206133000         2.3100000000         1.3352870017         2.5185548584        -0.0794523525
        1.7257289000         2.3100000000         1.3327346748         2.5083473486        -0.1459396767
        1.7305305000         2.3100000000         1.3352870017         2.5185548584        -0.0794523525
        1.7354564000         2.3100000000         1.3352870017         2.5185548584        -0.0794523525
        1.7405998000         2.3100000000         1.3378393285         2.5211067359        -0.0129650282
        1.7454455000         2.3100000000         1.3327346748         2.5262104908        -0.1459396767
        1.7504881000         2.3100000000         1.3403916554         2.5134511035         0.0535222960
        1.7556053000         2.3100000000         1.3429439823         2.5262104908         0.1200096202
        1.7605263000         2.3100000000         1.3301823480         2.5160029810        -0.2124270009
        1.7654999000         2.3100000000         1.3403916554         2.5211067359         0.0535222960
        1.7705046000         2.3100000000         1.3429439823         2.5262104908         0.1200096202
        1.7754995000         2.3100000000         1.3327346748         2.5160029810        -0.1459396767
        1.7805560000         2.3100000000         1.3429439823         2.5287623683         0.1200096202
        1.7856234000         2.3100000000         1.3378393285         2.5211067359        -0.0129650282
        1.7905516000         2.3100000000         1.3378393285         2.5236586133        -0.0129650282
        1.7955255000         2.3100000000         1.3352870017         2.5185548584        -0.0794523525
        1.8005559000         2.3100000000         1.3301823480         2.5134511035        -0.2124270009
        1.8056154000         2.3100000000         1.3429439823         2.5262104908         0.1200096202
        1.8105202000         2.3100000000         1.3327346748         2.5134511035        -0.1459396767
        1.8155616000         2.3100000000         1.3378393285         2.5211067359        -0.0129650282
        1.8205020000         2.3100000000         1.3429439823         2.5262104908         0.1200096202
        1.8255159000         2.3100000000         1.3301823480         2.5057954711        -0.2124270009
        1.8305514000         2.3100000000         1.3429439823         2.5287623683         0.1200096202
        1.8356486000         2.3100000000         1.3327346748         2.5160029810        -0.1459396767
        1.8405032000         2.3100000000         1.3378393285         2.5211067359        -0.0129650282
        1.8455961000         2.3100000000         1.3378393285         2.5211067359        -0.0129650282
        1.8505145000         2.3100000000         1.3352870017         2.5211067359        -0.0794523525
        1.8556031000         2.3100000000         1.3378393285         2.5211067359        -0.0129650282
        1.8605897000         2.3100000000         1.3403916554         2.5211067359         0.0535222960
        1.8655351000         2.3100000000         1.3429439823         2.5287623683         0.1200096202
        1.8705750000         2.3100000000         1.3327346748         2.5134511035        -0.1459396767
        1.8755783000         2.3100000000         1.3454963091         2.5262104908         0.1864969445
        1.8805734000         2.3100000000         1.3378393285         2.5211067359        -0.0129650282
        1.8855689000         2.3100000000         1.3429439823         2.5262104908         0.1200096202
        1.8905106000         2.3100000000         1.3352870017         2.5211067359        -0.0794523525
        1.8955379000         2.3100000000         1.3403916554         2.5160029810         0.0535222960
        1.9006535000         2.3100000000         1.3403916554         2.5211067359         0.0535222960
        1.9056109000         2.3100000000         1.3429439823         2.5262104908         0.1200096202
        1.9105825000         2.3100000000         1.3429439823         2.5236586133         0.1200096202
        1.9155176000         2.3100000000         1.3378393285         2.5185548584        -0.0129650282
        1.9205321000         2.3100000000         1.3378393285         2.5211067359        -0.0129650282
        1.9255911000         2.3100000000         1.3403916554         2.5211067359         0.0535222960
        1.9305310000         2.3100000000         1.3403916554         2.5211067359         0.0535222960
        1.9355428000         2.3100000000         1.3301823480         2.5134511035        -0.2124270009
        1.9405469000         2.3100000000         1.3378393285         2.5185548584        -0.0129650282
        1.9455594000         2.3100000000         1.3429439823         2.5262104908         0.1200096202
        1.9505903000         2.3100000000         1.3352870017         2.5185548584        -0.0794523525
        1.9556695000         2.3100000000         1.3429439823         2.5262104908         0.1200096202
        1.9604968000         2.3100000000         1.3378393285         2.5211067359        -0.0129650282
        1.9655781000         2.3100000000         1.3403916554         2.5211067359         0.0535222960
        1.9705840000         2.3100000000         1.3429439823         2.5134511035         0.1200096202
        1.9755056000         2.3100000000         1.3403916554         2.5211067359         0.0535222960
        1.9805832000         2.3100000000         1.3378393285         2.5211067359        -0.0129650282
        1.9855617000         2.3100000000         1.3352870017         2.5211067359        -0.0794523525
        1.9904848000         2.3100000000         1.3352870017         2.5185548584        -0.0794523525
        1.9954858000         2.3100000000         1.3608102703         2.5262104908         0.5854208898
        2.0005360000         2.3100000000         1.3327346748         2.5134511035        -0.1459396767
        2.0054465000         2.3100000000         1.3454963091         2.5262104908         0.1864969445
        2.0105651000         2.3100000000         1.3301823480         2.5134511035        -0.2124270009
        2.0155343000         2.3100000000         1.3378393285         2.5211067359        -0.0129650282
        2.0205700000         2.3100000000         1.3378393285         2.5211067359        -0.0129650282
        2.0255215000         2.3100000000         1.3327346748         2.5134511035        -0.1459396767
        2.0305896000         2.3100000000         1.3225253674         2.5160029810        -0.4118889736
        2.0354706000         2.3100000000         1.3378393285         2.5185548584        -0.0129650282
        2.0404634000         2.3100000000         1.3327346748         2.5134511035        -0.1459396767
        2.0454247000         2.3100000000         1.3378393285         2.5134511035        -0.0129650282
        2.0504923000         2.3100000000         1.3378393285         2.5211067359        -0.0129650282
        2.0558373000         2.3100000000         1.3429439823         2.5287623683         0.1200096202
        2.0605206000         2.3100000000         1.3352870017         2.5211067359        -0.0794523525
        2.0655615000         2.3100000000         1.3327346748         2.5134511035        -0.1459396767
        2.0705684000         2.3100000000         1.3378393285         2.5211067359        -0.0129650282
        2.0755660000         2.3100000000         1.3403916554         2.5185548584         0.0535222960
        2.0806082000         2.3100000000         1.3352870017         2.5211067359        -0.0794523525
        2.0856109000         2.3100000000         1.3429439823         2.5287623683         0.1200096202
        2.0907033000         2.3100000000         1.3378393285         2.5262104908        -0.0129650282
        2.0957105000         2.3100000000         1.3378393285         2.5160029810        -0.0129650282
        2.1005116000         2.3100000000         1.3454963091         2.5262104908         0.1864969445
        2.1057322000         2.3100000000         1.3327346748         2.5134511035        -0.1459396767
        2.1106556000         2.3100000000         1.3429439823         2.5262104908         0.1200096202
        2.1155637000         2.3100000000         1.3454963091         2.5211067359         0.1864969445
        2.1206238000         2.3100000000         1.3301823480         2.5134511035        -0.2124270009
        2.1255893000         2.3100000000         1.3454963091         2.5262104908         0.1864969445
        2.1305012000         2.3100000000         1.3327346748         2.5160029810        -0.1459396767
        2.1355266000         2.3100000000         1.3454963091         2.5262104908         0.1864969445
        2.1405152000         2.3100000000         1.3429439823         2.5262104908         0.1200096202
        2.1455832000         2.3100000000         1.3301823480         2.5134511035        -0.2124270009
        2.1505839000         2.3100000000         1.3352870017         2.5185548584        -0.0794523525
        2.1555406000         2.3100000000         1.3378393285         2.5262104908        -0.0129650282
        2.1605793000         2.3100000000         1.3429439823         2.5262104908         0.1200096202
        2.1654498000         2.3100000000         1.3301823480         2.5134511035        -0.2124270009
        2.1705840000         2.3100000000         1.3225253674         2.5211067359        -0.4118889736
        2.1761047000         2.3100000000         1.3301823480         2.5160029810        -0.2124270009
        2.1805497000         2.3100000000         1.3276300211         2.5236586133        -0.2789143251
        2.1855026000         2.3100000000         1.3429439823         2.5236586133         0.1200096202
        2.1905080000         2.3100000000         1.3301823480         2.5134511035        -0.2124270009
        2.1954910000         2.3100000000         1.3378393285         2.5185548584        -0.0129650282
        2.2005816000         2.3100000000         1.3352870017         2.5185548584        -0.0794523525
        2.2056303000         2.3100000000         1.3378393285         2.5211067359        -0.0129650282
        2.2104906000         2.3100000000         1.3454963091         2.5262104908         0.1864969445
        2.2154689000         2.3100000000         1.3327346748         2.5160029810        -0.1459396767
        2.2204776000         2.3100000000         1.3378393285         2.5211067359        -0.0129650282
        2.2255634000         2.3100000000         1.3378393285         2.5185548584        -0.0129650282
        2.2306443000         2.3100000000         1.3429439823         2.5262104908         0.1200096202
        2.2355954000         2.3100000000         1.3378393285         2.5236586133        -0.0129650282
        2.2406828000         2.3100000000         1.3301823480         2.5134511035        -0.2124270009
        2.2455959000         2.3100000000         1.3378393285         2.5211067359        -0.0129650282
        2.2506115000         2.3100000000         1.3403916554         2.5185548584         0.0535222960
        2.2555975000         2.3100000000         1.3352870017         2.5262104908        -0.0794523525
        2.2605318000         2.3100000000         1.3429439823         2.5262104908         0.1200096202
        2.2656041000         2.3100000000         1.3378393285         2.5211067359        -0.0129650282
        2.2706159000         2.3100000000         1.3327346748         2.5083473486        -0.1459396767
        2.2754936000         2.3100000000         1.3378393285         2.5211067359        -0.0129650282
        2.2806154000         2.3100000000         1.3378393285         2.5211067359        -0.0129650282
        2.2856089000         2.3100000000         1.3531532897         2.5262104908         0.3859589171
        2.2905694000         2.3100000000         1.3378393285         2.5211067359        -0.0129650282
        2.2955037000         2.3100000000         1.3352870017         2.5211067359        -0.0794523525
        2.3005874000         2.3100000000         1.3429439823         2.5262104908         0.1200096202
        2.3054944000         2.3100000000         1.3454963091         2.5262104908         0.1864969445
        2.3106119000         2.3100000000         1.3352870017         2.5185548584        -0.0794523525
        2.3154939000         2.3100000000         1.3378393285         2.5211067359        -0.0129650282
        2.3205328000         2.3100000000         1.3327346748         2.5160029810        -0.1459396767
        2.3254433000         2.3100000000         1.3327346748         2.5160029810        -0.1459396767
        2.3305181000         2.3100000000         1.3403916554         2.5262104908         0.0535222960
        2.3355097000         2.3100000000         1.3429439823         2.5262104908         0.1200096202
        2.3405480000         2.3100000000         1.3301823480         2.5134511035        -0.2124270009
        2.3454931000         2.3100000000         1.3352870017         2.5185548584        -0.0794523525
        2.3505315000         2.3100000000         1.3378393285         2.5211067359        -0.0129650282
        2.3555579000         2.3100000000         1.3352870017         2.5134511035        -0.0794523525
        2.3605742000         2.3100000000         1.3480486360         2.5211067359         0.2529842687
        2.3655854000         2.3100000000         1.3429439823         2.5262104908         0.1200096202
        2.3705826000         2.3100000000         1.3429439823         2.5262104908         0.1200096202
        2.3755906000         2.3100000000         1.3378393285         2.5211067359        -0.0129650282
        2.3805376000         2.3100000000         1.3378393285         2.5211067359        -0.0129650282
        2.3855766000         2.3100000000         1.3327346748         2.5134511035        -0.1459396767
        2.3905792000         2.3100000000         1.3301823480         2.5134511035        -0.2124270009
        2.3955693000         2.3100000000         1.3378393285         2.5262104908        -0.0129650282
        2.4006525000         2.3100000000         1.3429439823         2.5262104908         0.1200096202
        2.4055397000         2.3100000000         1.3378393285         2.5211067359        -0.0129650282
        2.4105998000         2.3100000000         1.3429439823         2.5262104908         0.1200096202
        2.4155362000         2.3100000000         1.3403916554         2.5211067359         0.0535222960
        2.4208227000         2.3100000000         1.3250776943         2.5134511035        -0.3454016494
        2.4254765000         2.3100000000         1.3352870017         2.5134511035        -0.0794523525
        2.4304899000         2.3100000000         1.3378393285         2.5185548584        -0.0129650282
        2.4356547000         2.3100000000         1.3378393285         2.5185548584        -0.0129650282
        2.4405895000         2.3100000000         1.3327346748         2.5160029810        -0.1459396767
        2.4455609000         2.3100000000         1.3327346748         2.5134511035        -0.1459396767
        2.4505386000         2.3100000000         1.3352870017         2.5185548584        -0.0794523525
        2.4555736000         2.3100000000         1.3378393285         2.5211067359        -0.0129650282
        2.4606143000         2.3100000000         1.3403916554         2.5185548584         0.0535222960
        2.4655808000         2.3100000000         1.3454963091         2.5338661232         0.1864969445
        2.4706419000         2.3100000000         1.3429439823         2.5262104908         0.1200096202
        2.4755741000         2.3100000000         1.3327346748         2.5134511035        -0.1459396767
        2.4805617000         2.3100000000         1.3378393285         2.5211067359        -0.0129650282
        2.4855987000         2.3100000000         1.3378393285         2.5211067359        -0.0129650282
        2.4905265000         2.3100000000         1.3327346748         2.5134511035        -0.1459396767
        2.4955060000         2.3100000000         1.3378393285         2.5211067359        -0.0129650282
        2.5005654000         2.3100000000         1.3403916554         2.5211067359         0.0535222960
        2.5055929000         2.3100000000         1.3633625971         2.5236586133         0.6519082140
        2.5106191000         2.3100000000         1.3352870017         2.5185548584        -0.0794523525
        2.5155937000         2.3100000000         1.3301823480         2.5160029810        -0.2124270009
        2.5205591000         2.3100000000         1.3352870017         2.5211067359        -0.0794523525
        2.5256126000         2.3100000000         1.3327346748         2.5134511035        -0.1459396767
        2.5305417000         2.3100000000         1.3352870017         2.5185548584        -0.0794523525
        2.5355696000         2.3100000000         1.3378393285         2.5185548584        -0.0129650282
        2.5405697000         2.3100000000         1.3301823480         2.5160029810        -0.2124270009
        2.5454744000         2.3100000000         1.3454963091         2.5262104908         0.1864969445
        2.5504453000         2.3100000000         1.3276300211         2.5185548584        -0.2789143251
        2.5555439000         2.3100000000         1.3454963091         2.5262104908         0.1864969445
        2.5605929000         2.3100000000         1.3352870017         2.5211067359        -0.0794523525
        2.5655251000         2.3100000000         1.3327346748         2.5185548584        -0.1459396767
        2.5705533000         2.3100000000         1.3327346748         2.5134511035        -0.1459396767
        2.5754398000         2.3100000000         1.3327346748         2.5083473486        -0.1459396767
        2.5804184000         2.3100000000         1.3378393285         2.5185548584        -0.0129650282
        2.5854231000         2.3100000000         1.3378393285         2.5185548584        -0.0129650282
        2.5904133000         2.3100000000         1.3378393285         2.5185548584        -0.0129650282
        2.5954308000         2.3100000000         1.3352870017         2.5211067359        -0.0794523525
        2.6004579000         2.3100000000         1.3378393285         2.5211067359        -0.0129650282
        2.6055028000         2.3100000000         1.3327346748         2.5160029810        -0.1459396767
        2.6104027000         2.3100000000         1.3378393285         2.5211067359        -0.0129650282
        2.6154800000         2.3100000000         1.3403916554         2.5262104908         0.0535222960
        2.6204038000         2.3100000000         1.3378393285         2.5211067359        -0.0129650282
        2.6254518000         2.3100000000         1.3378393285         2.5211067359        -0.0129650282
        2.6304439000         2.3100000000         1.3454963091         2.5262104908         0.1864969445
        2.6354353000         2.3100000000         1.3429439823         2.5211067359         0.1200096202
        2.6404912000         2.3100000000         1.3301823480         2.5134511035        -0.2124270009
        2.6454714000         2.3100000000         1.3429439823         2.5262104908         0.1200096202
        2.6504754000         2.3100000000         1.3352870017         2.5185548584        -0.0794523525
        2.6554299000         2.3100000000         1.3403916554         2.5262104908         0.0535222960
        2.6604684000         2.3100000000         1.3378393285         2.5185548584        -0.0129650282
        2.6657796000         2.3100000000         1.3429439823         2.5262104908         0.1200096202
        2.6704503000         2.3100000000         1.3429439823         2.5262104908         0.1200096202
        2.6754637000         2.3100000000         1.3403916554         2.5211067359         0.0535222960
        2.6804750000         2.3100000000         1.3301823480         2.5134511035        -0.2124270009
        2.6854650000         2.3100000000         1.3301823480         2.5160029810        -0.2124270009
        2.6904202000         2.3100000000         1.3378393285         2.5185548584        -0.0129650282
        2.6953970000         2.3100000000         1.3378393285         2.5236586133        -0.0129650282
        2.7004074000         2.3100000000         1.3429439823         2.5211067359         0.1200096202
        2.7054385000         2.3100000000         1.3378393285         2.5211067359        -0.0129650282
        2.7104398000         2.3100000000         1.3378393285         2.5185548584        -0.0129650282
        2.7154407000         2.3100000000         1.3403916554         2.5185548584         0.0535222960
        2.7204704000         2.3100000000         1.3378393285         2.5211067359        -0.0129650282
        2.7254757000         2.3100000000         1.3378393285         2.5185548584        -0.0129650282
        2.7304818000         2.3100000000         1.3352870017         2.5211067359        -0.0794523525
        2.7354745000         2.3100000000         1.3454963091         2.5262104908         0.1864969445
        2.7404225000         2.3100000000         1.3352870017         2.5211067359        -0.0794523525
        2.7453937000         2.3100000000         1.3454963091         2.5262104908         0.1864969445
        2.7504736000         2.3100000000         1.3327346748         2.5134511035        -0.1459396767
        2.7554348000         2.3100000000         1.3276300211         2.5057954711        -0.2789143251
        2.7605324000         2.3100000000         1.3378393285         2.5211067359        -0.0129650282
        2.7654815000         2.3100000000         1.3429439823         2.5262104908         0.1200096202
        2.7705215000         2.3100000000         1.3378393285         2.5211067359        -0.0129650282
        2.7754729000         2.3100000000         1.3352870017         2.5185548584        -0.0794523525
        2.7804213000         2.3100000000         1.3301823480         2.5134511035        -0.2124270009
        2.7854739000         2.3100000000         1.3378393285         2.5211067359        -0.0129650282
        2.7904940000         2.3100000000         1.3429439823         2.5262104908         0.1200096202
        2.7954813000         2.3100000000         1.3429439823         2.5287623683         0.1200096202
        2.8004751000         2.3100000000         1.3352870017         2.5236586133        -0.0794523525
        2.8054528000         2.3100000000         1.3454963091         2.5313142457         0.1864969445
        2.8105748000         2.3100000000         1.3327346748         2.5108992261        -0.1459396767
        2.8155280000         2.3100000000         1.3301823480         2.5134511035        -0.2124270009
        2.8204362000         2.3100000000         1.3301823480         2.5160029810        -0.2124270009
        2.8254521000         2.3100000000         1.3480486360         2.5185548584         0.2529842687
        2.8305993000         2.3100000000         1.3352870017         2.5185548584        -0.0794523525
        2.8355738000         2.3100000000         1.3429439823         2.5262104908         0.1200096202
        2.8405707000         2.3100000000         1.3378393285         2.5185548584        -0.0129650282
        2.8455742000         2.3100000000         1.3301823480         2.5134511035        -0.2124270009
        2.8504667000         2.3100000000         1.3378393285         2.5211067359        -0.0129650282
        2.8555190000         2.3100000000         1.3429439823         2.5262104908         0.1200096202
        2.8605550000         2.3100000000         1.3327346748         2.5160029810        -0.1459396767
        2.8655458000         2.3100000000         1.3429439823         2.5262104908         0.1200096202
        2.8705616000         2.3100000000         1.3301823480         2.5160029810        -0.2124270009
        2.8755726000         2.3100000000         1.3378393285         2.5185548584        -0.0129650282
        2.8805001000         2.3100000000         1.3352870017         2.5185548584        -0.0794523525
        2.8855156000         2.3100000000         1.3199730405         2.5134511035        -0.4783762978
        2.8905856000         2.3100000000         1.3454963091         2.5262104908         0.1864969445
        2.8955312000         2.3100000000         1.3352870017         2.5185548584        -0.0794523525
        2.9005954000         2.3100000000         1.3327346748         2.5083473486        -0.1459396767
        2.9055438000         2.3100000000         1.3352870017         2.5185548584        -0.0794523525
        2.9104278000         2.3100000000         1.3429439823         2.5262104908         0.1200096202
        2.9155507000         2.3100000000         1.3352870017         2.5211067359        -0.0794523525
        2.9206070000         2.3100000000         1.3276300211         2.5134511035        -0.2789143251
        2.9255818000         2.3100000000         1.3301823480         2.5134511035        -0.2124270009
        2.9306806000         2.3100000000         1.3429439823         2.5262104908         0.1200096202
        2.9355557000         2.3100000000         1.3352870017         2.5211067359        -0.0794523525
        2.9407532000         2.3100000000         1.3378393285         2.5211067359        -0.0129650282
        2.9455258000         2.3100000000         1.3378393285         2.5211067359        -0.0129650282
        2.9505140000         2.3100000000         1.3429439823         2.5262104908         0.1200096202
        2.9556265000         2.3100000000         1.3378393285         2.5185548584        -0.0129650282
        2.9605207000         2.3100000000         1.3454963091         2.5262104908         0.1864969445
        2.9655499000         2.3100000000         1.3301823480         2.5185548584        -0.2124270009
        2.9705415000         2.3100000000         1.3352870017         2.5236586133        -0.0794523525
        2.9755379000         2.3100000000         1.3352870017         2.5211067359        -0.0794523525
        2.9805611000         2.3100000000         1.3429439823         2.5262104908         0.1200096202
        2.9855279000         2.3100000000         1.3327346748         2.5160029810        -0.1459396767
        2.9906587000         2.3100000000         1.3378393285         2.5262104908        -0.0129650282
        2.9956842000         2.3100000000         1.3301823480         2.5160029810        -0.2124270009
        3.0006114000         2.3100000000         1.3403916554         2.5211067359         0.0535222960
        3.0056198000         2.3100000000         1.3557056165         2.5211067359         0.4524462414
        3.0105255000         2.3100000000         1.3327346748         2.5134511035        -0.1459396767
        3.0155530000         2.3100000000         1.3301823480         2.5160029810        -0.2124270009
        3.0205495000         2.3100000000         1.3301823480         2.5134511035        -0.2124270009
        3.0255115000         2.3100000000         1.3480486360         2.5287623683         0.2529842687
        3.0305169000         2.3100000000         1.3327346748         2.5134511035        -0.1459396767
        3.0355091000         2.3100000000         1.3403916554         2.5211067359         0.0535222960
        3.0404915000         2.3100000000         1.3429439823         2.5262104908         0.1200096202
        3.0457293000         2.3100000000         1.3429439823         2.5262104908         0.1200096202
        3.0505872000         2.3100000000         1.3429439823         2.5262104908         0.1200096202
        3.0555050000         2.3100000000         1.3429439823         2.5236586133         0.1200096202
        3.0605966000         2.3100000000         1.3378393285         2.5211067359        -0.0129650282
        3.0656585000         2.3100000000         1.3327346748         2.5134511035        -0.1459396767
        3.0706405000         2.3100000000         1.3352870017         2.5236586133        -0.0794523525
        3.0755412000         2.3100000000         1.3429439823         2.5262104908         0.1200096202
        3.0805425000         2.3100000000         1.3429439823         2.5262104908         0.1200096202
        3.0855431000         2.3100000000         1.3352870017         2.5185548584        -0.0794523525
        3.0905852000         2.3100000000         1.3352870017         2.5211067359        -0.0794523525
        3.0955914000         2.3100000000         1.3327346748         2.5160029810        -0.1459396767
        3.1006586000         2.3100000000         1.3301823480         2.5108992261        -0.2124270009
        3.1056352000         2.3100000000         1.3352870017         2.5211067359        -0.0794523525
        3.1106010000         2.3100000000         1.3378393285         2.5185548584        -0.0129650282
        3.1156238000         2.3100000000         1.3454963091         2.5236586133         0.1864969445
        3.1205573000         2.3100000000         1.3327346748         2.5160029810        -0.1459396767
        3.1255486000         2.3100000000         1.3429439823         2.5262104908         0.1200096202
        3.1306772000         2.3100000000         1.3378393285         2.5160029810        -0.0129650282
        3.1356421000         2.3100000000         1.3327346748         2.5211067359        -0.1459396767
        3.1407885000         2.3100000000         1.3301823480         2.5160029810        -0.2124270009
        3.1455771000         2.3100000000         1.3352870017         2.5185548584        -0.0794523525
        3.1506310000         2.3100000000         1.3352870017         2.5134511035        -0.0794523525
        3.1556904000         2.3100000000         1.3378393285         2.5236586133        -0.0129650282
        3.1606353000         2.3100000000         1.3352870017         2.5211067359        -0.0794523525
        3.1655843000         2.3100000000         1.3429439823         2.5262104908         0.1200096202
        3.1706143000         2.3100000000         1.3429439823         2.5262104908         0.1200096202
        3.1755657000         2.3100000000         1.3429439823         2.5262104908         0.1200096202
        3.1806102000         2.3100000000         1.3378393285         2.5185548584        -0.0129650282
        3.1855793000         2.3100000000         1.3352870017         2.5185548584        -0.0794523525
        3.1907382000         2.3100000000         1.3454963091         2.5262104908         0.1864969445
        3.1962306000         2.3100000000         1.3429439823         2.5236586133         0.1200096202
        3.2005630000         2.3100000000         1.3378393285         2.5211067359        -0.0129650282
        3.2056602000         2.3100000000         1.3429439823         2.5262104908         0.1200096202
        3.2106176000         2.3100000000         1.3378393285         2.5185548584        -0.0129650282
        3.2157682000         2.3100000000         1.3378393285         2.5185548584        -0.0129650282
        3.2205210000         2.3100000000         1.3327346748         2.5160029810        -0.1459396767
        3.2257095000         2.3100000000         1.3582579434         2.5185548584         0.5189335656
        3.2306341000         2.3100000000         1.3378393285         2.5211067359        -0.0129650282
        3.2357608000         2.3100000000         1.3301823480         2.5134511035        -0.2124270009
        3.2406485000         2.3100000000         1.3352870017         2.5211067359        -0.0794523525
        3.2456254000         2.3100000000         1.3454963091         2.5262104908         0.1864969445
        3.2507698000         2.3100000000         1.3378393285         2.5211067359        -0.0129650282
        3.2557912000         2.3100000000         1.3378393285         2.5211067359        -0.0129650282
        3.2606320000         2.3100000000         1.3352870017         2.5185548584        -0.0794523525
        3.2657785000         2.3100000000         1.3429439823         2.5262104908         0.1200096202
        3.2706894000         2.3100000000         1.3378393285         2.5211067359        -0.0129650282
        3.2756435000         2.3100000000         1.3378393285         2.5211067359        -0.0129650282
        3.2806519000         2.3100000000         1.3301823480         2.5185548584        -0.2124270009
        3.2856373000         2.3100000000         1.3378393285         2.5211067359        -0.0129650282
        3.2904852000         2.3100000000         1.3378393285         2.5185548584        -0.0129650282
        3.2956042000         2.3100000000         1.3276300211         2.5185548584        -0.2789143251
        3.3005769000         2.3100000000         1.3378393285         2.5185548584        -0.0129650282
        3.3056827000         2.3100000000         1.3480486360         2.5211067359         0.2529842687
        3.3105304000         2.3100000000         1.3378393285         2.5185548584        -0.0129650282
        3.3156204000         2.3100000000         1.3378393285         2.5185548584        -0.0129650282
        3.3205887000         2.3100000000         1.3378393285         2.5211067359        -0.0129650282
        3.3256169000         2.3100000000         1.3403916554         2.5236586133         0.0535222960
        3.3305495000         2.3100000000         1.3429439823         2.5262104908         0.1200096202
        3.3355203000         2.3100000000         1.3352870017         2.5185548584        -0.0794523525
        3.3406327000         2.3100000000         1.3429439823         2.5262104908         0.1200096202
        3.3455959000         2.3100000000         1.3378393285         2.5211067359        -0.0129650282
        3.3505699000         2.3100000000         1.3327346748         2.5134511035        -0.1459396767
        3.3556150000         2.3100000000         1.3429439823         2.5287623683         0.1200096202
        3.3608037000         2.3100000000         1.3301823480         2.5134511035        -0.2124270009
        3.3656103000         2.3100000000         1.3378393285         2.5185548584        -0.0129650282
        3.3705091000         2.3100000000         1.3352870017         2.5236586133        -0.0794523525
        3.3754727000         2.3100000000         1.3225253674         2.5134511035        -0.4118889736
        3.3805386000         2.3100000000         1.3352870017         2.5211067359        -0.0794523525
        3.3855440000         2.3100000000         1.3352870017         2.5185548584        -0.0794523525
        3.3904328000         2.3100000000         1.3429439823         2.5262104908         0.1200096202
        3.3955999000         2.3100000000         1.3378393285         2.5211067359        -0.0129650282
        3.4005979000         2.3100000000         1.3454963091         2.5211067359         0.1864969445
        3.4056243000         2.3100000000         1.3378393285         2.5211067359        -0.0129650282
        3.4105121000         2.3100000000         1.3378393285         2.5185548584        -0.0129650282
        3.4155820000         2.3100000000         1.3454963091         2.5287623683         0.1864969445
        3.4205268000         2.3100000000         1.3454963091         2.5262104908         0.1864969445
        3.4255322000         2.3100000000         1.3352870017         2.5211067359        -0.0794523525
        3.4305873000         2.3100000000         1.3327346748         2.5160029810        -0.1459396767
        3.4356099000         2.3100000000         1.3378393285         2.5211067359        -0.0129650282
        3.4406104000         2.3100000000         1.3378393285         2.5211067359        -0.0129650282
        3.4454323000         2.3100000000         1.3327346748         2.5160029810        -0.1459396767
        3.4505100000         2.3100000000         1.3378393285         2.5185548584        -0.0129650282
        3.4555114000         2.3100000000         1.3378393285         2.5211067359        -0.0129650282
        3.4605777000         2.3100000000         1.3352870017         2.5185548584        -0.0794523525
        3.4656353000         2.3100000000         1.3378393285         2.5211067359        -0.0129650282
        3.4706315000         2.3100000000         1.3301823480         2.5211067359        -0.2124270009
        3.4755459000         2.3100000000         1.3352870017         2.5134511035        -0.0794523525
        3.4806483000         2.3100000000         1.3327346748         2.5057954711        -0.1459396767
        3.4855887000         2.3100000000         1.3378393285         2.5134511035        -0.0129650282
        3.4905193000         2.3100000000         1.3429439823         2.5262104908         0.1200096202
        3.4955298000         2.3100000000         1.3378393285         2.5160029810        -0.0129650282
        3.5005259000         2.3100000000         1.3327346748         2.5160029810        -0.1459396767
        3.5057066000         2.3100000000         1.3352870017         2.5211067359        -0.0794523525
        3.5105572000         2.3100000000         1.3429439823         2.5262104908         0.1200096202
        3.5155707000         2.3100000000         1.3454963091         2.5262104908         0.1864969445
        3.5206279000         2.3100000000         1.3429439823         2.5211067359         0.1200096202
        3.5255424000         2.3100000000         1.3454963091         2.5262104908         0.1864969445
        3.5305195000         2.3100000000         1.3352870017         2.5262104908        -0.0794523525
        3.5355538000         2.3100000000         1.3429439823         2.5211067359         0.1200096202
        3.5405172000         2.3100000000         1.3352870017         2.5134511035        -0.0794523525
        3.5456326000         2.3100000000         1.3352870017         2.5211067359        -0.0794523525
        3.5505177000         2.3100000000         1.3378393285         2.5160029810        -0.0129650282
        3.5554789000         2.3100000000         1.3352870017         2.5160029810        -0.0794523525
        3.5604693000         2.3100000000         1.3327346748         2.5108992261        -0.1459396767
        3.5654721000         2.3100000000         1.3327346748         2.5134511035        -0.1459396767
        3.5704437000         2.3100000000         1.3225253674         2.5134511035        -0.4118889736
        3.5754733000         2.3100000000         1.3352870017         2.5185548584        -0.0794523525
        3.5804790000         2.3100000000         1.3480486360         2.5211067359         0.2529842687
        3.5853959000         2.3100000000         1.3378393285         2.5185548584        -0.0129650282
        3.5904444000         2.3100000000         1.3378393285         2.5211067359        -0.0129650282
        3.5954615000         2.3100000000         1.3429439823         2.5287623683         0.1200096202
        3.6004454000         2.3100000000         1.3429439823         2.5211067359         0.1200096202
        3.6054404000         2.3100000000         1.3352870017         2.5211067359        -0.0794523525
        3.6104384000         2.3100000000         1.3378393285         2.5211067359        -0.0129650282
        3.6154003000         2.3100000000         1.3378393285         2.5211067359        -0.0129650282
        3.6204602000         2.3100000000         1.3301823480         2.5160029810        -0.2124270009
        3.6253920000         2.3100000000         1.3327346748         2.5134511035        -0.1459396767
        3.6304544000         2.3100000000         1.3352870017         2.5185548584        -0.0794523525
        3.6354355000         2.3100000000         1.3174207137         2.5134511035        -0.5448636220
        3.6404195000         2.3100000000         1.3378393285         2.5185548584        -0.0129650282
        3.6453927000         2.3100000000         1.3378393285         2.5185548584        -0.0129650282
        3.6504597000         2.3100000000         1.3429439823         2.5134511035         0.1200096202
        3.6554808000         2.3100000000         1.3378393285         2.5211067359        -0.0129650282
        3.6604193000         2.3100000000         1.3327346748         2.5160029810        -0.1459396767
        3.6654220000         2.3100000000         1.3378393285         2.5211067359        -0.0129650282
        3.6705391000         2.3100000000         1.3429439823         2.5262104908         0.1200096202
        3.6755124000         2.3100000000         1.3429439823         2.5262104908         0.1200096202
        3.6805006000         2.3100000000         1.3429439823         2.5236586133         0.1200096202
        3.6855033000         2.3100000000         1.3352870017         2.5211067359        -0.0794523525
        3.6904950000         2.3100000000         1.3378393285         2.5211067359        -0.0129650282
        3.6955406000         2.3100000000         1.3378393285         2.5262104908        -0.0129650282
        3.7005102000         2.3100000000         1.3327346748         2.5134511035        -0.1459396767
        3.7054268000         2.3100000000         1.3352870017         2.5211067359        -0.0794523525
        3.7105737000         2.3100000000         1.3378393285         2.5185548584        -0.0129650282
        3.7155735000         2.3100000000         1.3378393285         2.5262104908        -0.0129650282
        3.7205598000         2.3100000000         1.3454963091         2.5262104908         0.1864969445
        3.7255263000         2.3100000000         1.3531532897         2.5262104908         0.3859589171
        3.7304306000         2.3100000000         1.3352870017         2.5185548584        -0.0794523525
        3.7354210000         2.3100000000         1.3301823480         2.5134511035        -0.2124270009
        3.7404757000         2.3100000000         1.3403916554         2.5211067359         0.0535222960
        3.7454433000         2.3100000000         1.3403916554         2.5160029810         0.0535222960
        3.7504436000         2.3100000000         1.3429439823         2.5185548584         0.1200096202
        3.7554319000         2.3100000000         1.3352870017         2.5185548584        -0.0794523525
        3.7609305000         2.3100000000         1.3327346748         2.5134511035        -0.1459396767
        3.7655002000         2.3100000000         1.3301823480         2.5134511035        -0.2124270009
        3.7705617000         2.3100000000         1.3378393285         2.5185548584        -0.0129650282
        3.7754851000         2.3100000000         1.3352870017         2.5211067359        -0.0794523525
        3.7804247000         2.3100000000         1.3429439823         2.5262104908         0.1200096202
        3.7854057000         2.3100000000         1.3378393285         2.5185548584        -0.0129650282
        3.7904889000         2.3100000000         1.3378393285         2.5211067359        -0.0129650282
        3.7955350000         2.3100000000         1.3403916554         2.5211067359         0.0535222960
        3.8004378000         2.3100000000         1.3301823480         2.5134511035        -0.2124270009
        3.8054309000         2.3100000000         1.3276300211         2.5134511035        -0.2789143251
        3.8104974000         2.3100000000         1.3403916554         2.5185548584         0.0535222960
        3.8154211000         2.3100000000         1.3429439823         2.5262104908         0.1200096202
        3.8204612000         2.3100000000         1.3327346748         2.5108992261        -0.1459396767
        3.8255035000         2.3100000000         1.3352870017         2.5211067359        -0.0794523525
        3.8304884000         2.3100000000         1.3378393285         2.5185548584        -0.0129650282
        3.8355909000         2.3100000000         1.3352870017         2.5185548584        -0.0794523525
        3.8405686000         2.3100000000         1.3378393285         2.5211067359        -0.0129650282
        3.8455216000         2.3100000000         1.3327346748         2.5160029810        -0.1459396767
        3.8506109000         2.3100000000         1.3327346748         2.5211067359        -0.1459396767
        3.8554880000         2.3100000000         1.3352870017         2.5211067359        -0.0794523525
        3.8605836000         2.3100000000         1.3301823480         2.5134511035        -0.2124270009
        3.8655776000         2.3100000000         1.3327346748         2.5160029810        -0.1459396767
        3.8705602000         2.3100000000         1.3327346748         2.5185548584        -0.1459396767
        3.8755339000         2.3100000000         1.3454963091         2.5262104908         0.1864969445
        3.8805914000         2.3100000000         1.3352870017         2.5211067359        -0.0794523525
        3.8855719000         2.3100000000         1.3378393285         2.5211067359        -0.0129650282
        3.8907081000         2.3100000000         1.3327346748         2.5160029810        -0.1459396767
        3.8955584000         2.3100000000         1.3352870017         2.5211067359        -0.0794523525
        3.9005183000         2.3100000000         1.3378393285         2.5211067359        -0.0129650282
        3.9054983000         2.3100000000         1.3301823480         2.5160029810        -0.2124270009
        3.9104532000         2.3100000000         1.3378393285         2.5211067359        -0.0129650282
        3.9155929000         2.3100000000         1.3454963091         2.5287623683         0.1864969445
        3.9205425000         2.3100000000         1.3429439823         2.5262104908         0.1200096202
        3.9255980000         2.3100000000         1.3301823480         2.5211067359        -0.2124270009
        3.9306214000         2.3100000000         1.3276300211         2.5134511035        -0.2789143251
        3.9356877000         2.3100000000         1.3403916554         2.5211067359         0.0535222960
        3.9405864000         2.3100000000         1.3454963091         2.5262104908         0.1864969445
        3.9455791000         2.3100000000         1.3403916554         2.5262104908         0.0535222960
        3.9505276000         2.3100000000         1.3276300211         2.5134511035        -0.2789143251
        3.9555017000         2.3100000000         1.3429439823         2.5160029810         0.1200096202
        3.9605847000         2.3100000000         1.3429439823         2.5262104908         0.1200096202
        3.9656476000         2.3100000000         1.3352870017         2.5185548584        -0.0794523525
        3.9706469000         2.3100000000         1.3352870017         2.5211067359        -0.0794523525
        3.9755310000         2.3100000000         1.3429439823         2.5262104908         0.1200096202
        3.9805696000         2.3100000000         1.3403916554         2.5262104908         0.0535222960
        3.9856187000         2.3100000000         1.3378393285         2.5211067359        -0.0129650282
        3.9905510000         2.3100000000         1.3454963091         2.5262104908         0.1864969445
        3.9956298000         2.3100000000         1.3454963091         2.5287623683         0.1864969445
        4.0006371000         2.3100000000         1.3352870017         2.5211067359        -0.0794523525
