% Sweep Step 10/200  Vcmd=2.4500V  CCW 
% Vg_offset=1.337508V  K_gimbal=26.049690

Time[s]              Vcmd[V]              Vg_raw[V]            Pot[V]             Omega[rad/s]
        0.0014636000         2.4500000000         1.3327346748         1.2119935994        -0.1243312963
        0.0054219000         2.4500000000         1.3352870017         1.2170973543        -0.0578439721
        0.0104124000         2.4500000000         1.3352870017         1.2170973543        -0.0578439721
        0.0154200000         2.4500000000         1.3429439823         1.2222011093         0.1416180006
        0.0204152000         2.4500000000         1.3378393285         1.2170973543         0.0086433521
        0.0254147000         2.4500000000         1.3327346748         1.2094417220        -0.1243312963
        0.0304369000         2.4500000000         1.3378393285         1.2170973543         0.0086433521
        0.0354250000         2.4500000000         1.3531532897         1.2196492318         0.4075672975
        0.0404122000         2.4500000000         1.3352870017         1.2170973543        -0.0578439721
        0.0453811000         2.4500000000         1.3352870017         1.2222011093        -0.0578439721
        0.0504105000         2.4500000000         1.3352870017         1.2196492318        -0.0578439721
        0.0554351000         2.4500000000         1.3378393285         1.2170973543         0.0086433521
        0.0604239000         2.4500000000         1.3378393285         1.2196492318         0.0086433521
        0.0653951000         2.4500000000         1.3301823480         1.2119935994        -0.1908186205
        0.0704232000         2.4500000000         1.3378393285         1.2196492318         0.0086433521
        0.0754423000         2.4500000000         1.3429439823         1.2222011093         0.1416180006
        0.0804513000         2.4500000000         1.3378393285         1.2170973543         0.0086433521
        0.0854266000         2.4500000000         1.3454963091         1.2247529867         0.2081053248
        0.0904667000         2.4500000000         1.3454963091         1.2247529867         0.2081053248
        0.0954185000         2.4500000000         1.3327346748         1.2119935994        -0.1243312963
        0.1004290000         2.4500000000         1.3352870017         1.2222011093        -0.0578439721
        0.1054219000         2.4500000000         1.3403916554         1.2170973543         0.0751306764
        0.1104307000         2.4500000000         1.3531532897         1.2170973543         0.4075672975
        0.1154011000         2.4500000000         1.3378393285         1.2170973543         0.0086433521
        0.1204197000         2.4500000000         1.3327346748         1.2170973543        -0.1243312963
        0.1254558000         2.4500000000         1.3429439823         1.2247529867         0.1416180006
        0.1304182000         2.4500000000         1.3327346748         1.2119935994        -0.1243312963
        0.1353965000         2.4500000000         1.3378393285         1.2196492318         0.0086433521
        0.1403878000         2.4500000000         1.3454963091         1.2247529867         0.2081053248
        0.1454005000         2.4500000000         1.3429439823         1.2222011093         0.1416180006
        0.1504031000         2.4500000000         1.3454963091         1.2222011093         0.2081053248
        0.1553921000         2.4500000000         1.3327346748         1.2170973543        -0.1243312963
        0.1604330000         2.4500000000         1.3327346748         1.2145454769        -0.1243312963
        0.1654033000         2.4500000000         1.3454963091         1.2247529867         0.2081053248
        0.1703898000         2.4500000000         1.3378393285         1.2196492318         0.0086433521
        0.1754027000         2.4500000000         1.3378393285         1.2196492318         0.0086433521
        0.1804062000         2.4500000000         1.3429439823         1.2222011093         0.1416180006
        0.1854146000         2.4500000000         1.3429439823         1.2222011093         0.1416180006
        0.1903914000         2.4500000000         1.3429439823         1.2119935994         0.1416180006
        0.1954376000         2.4500000000         1.3429439823         1.2196492318         0.1416180006
        0.2004363000         2.4500000000         1.3378393285         1.2170973543         0.0086433521
        0.2054043000         2.4500000000         1.3429439823         1.2222011093         0.1416180006
        0.2104120000         2.4500000000         1.3378393285         1.2170973543         0.0086433521
        0.2153975000         2.4500000000         1.3378393285         1.2170973543         0.0086433521
        0.2204301000         2.4500000000         1.3378393285         1.2170973543         0.0086433521
        0.2254199000         2.4500000000         1.3378393285         1.2170973543         0.0086433521
        0.2303934000         2.4500000000         1.3429439823         1.2222011093         0.1416180006
        0.2354042000         2.4500000000         1.3429439823         1.2222011093         0.1416180006
        0.2404146000         2.4500000000         1.3429439823         1.2247529867         0.1416180006
        0.2453913000         2.4500000000         1.3378393285         1.2247529867         0.0086433521
        0.2504081000         2.4500000000         1.3301823480         1.2094417220        -0.1908186205
        0.2554071000         2.4500000000         1.3301823480         1.2119935994        -0.1908186205
        0.2603991000         2.4500000000         1.3352870017         1.2170973543        -0.0578439721
        0.2654020000         2.4500000000         1.3301823480         1.2145454769        -0.1908186205
        0.2703932000         2.4500000000         1.3378393285         1.2170973543         0.0086433521
        0.2754858000         2.4500000000         1.3378393285         1.2170973543         0.0086433521
        0.2803832000         2.4500000000         1.3429439823         1.2247529867         0.1416180006
        0.2854138000         2.4500000000         1.3403916554         1.2170973543         0.0751306764
        0.2904040000         2.4500000000         1.3378393285         1.2170973543         0.0086433521
        0.2954117000         2.4500000000         1.3352870017         1.2145454769        -0.0578439721
        0.3004007000         2.4500000000         1.3429439823         1.2247529867         0.1416180006
        0.3054016000         2.4500000000         1.3378393285         1.2170973543         0.0086433521
        0.3104284000         2.4500000000         1.3378393285         1.2170973543         0.0086433521
        0.3154121000         2.4500000000         1.3352870017         1.2145454769        -0.0578439721
        0.3203934000         2.4500000000         1.3454963091         1.2247529867         0.2081053248
        0.3254084000         2.4500000000         1.3429439823         1.2222011093         0.1416180006
        0.3303937000         2.4500000000         1.3378393285         1.2170973543         0.0086433521
        0.3354005000         2.4500000000         1.3378393285         1.2196492318         0.0086433521
        0.3404122000         2.4500000000         1.3352870017         1.2196492318        -0.0578439721
        0.3453682000         2.4500000000         1.3378393285         1.2170973543         0.0086433521
        0.3504313000         2.4500000000         1.3301823480         1.2119935994        -0.1908186205
        0.3553894000         2.4500000000         1.3352870017         1.2170973543        -0.0578439721
        0.3604135000         2.4500000000         1.3378393285         1.2196492318         0.0086433521
        0.3654016000         2.4500000000         1.3327346748         1.2119935994        -0.1243312963
        0.3705123000         2.4500000000         1.3327346748         1.2119935994        -0.1243312963
        0.3753947000         2.4500000000         1.3301823480         1.2094417220        -0.1908186205
        0.3804084000         2.4500000000         1.3352870017         1.2119935994        -0.0578439721
        0.3854182000         2.4500000000         1.3378393285         1.2196492318         0.0086433521
        0.3904282000         2.4500000000         1.3684672508         1.2170973543         0.8064912429
        0.3953892000         2.4500000000         1.3327346748         1.2145454769        -0.1243312963
        0.4004344000         2.4500000000         1.3276300211         1.2094417220        -0.2573059448
        0.4053724000         2.4500000000         1.3378393285         1.2196492318         0.0086433521
        0.4104045000         2.4500000000         1.3327346748         1.2145454769        -0.1243312963
        0.4153906000         2.4500000000         1.3378393285         1.2196492318         0.0086433521
        0.4204436000         2.4500000000         1.3352870017         1.2170973543        -0.0578439721
        0.4253960000         2.4500000000         1.3429439823         1.2170973543         0.1416180006
        0.4304470000         2.4500000000         1.3378393285         1.2247529867         0.0086433521
        0.4354043000         2.4500000000         1.3429439823         1.2247529867         0.1416180006
        0.4404751000         2.4500000000         1.3429439823         1.2247529867         0.1416180006
        0.4453976000         2.4500000000         1.3429439823         1.2247529867         0.1416180006
        0.4503980000         2.4500000000         1.3454963091         1.2222011093         0.2081053248
        0.4553917000         2.4500000000         1.3659149240         1.2170973543         0.7400039186
        0.4604010000         2.4500000000         1.3378393285         1.2170973543         0.0086433521
        0.4653823000         2.4500000000         1.3301823480         1.2170973543        -0.1908186205
        0.4704088000         2.4500000000         1.3352870017         1.2170973543        -0.0578439721
        0.4754297000         2.4500000000         1.3301823480         1.2119935994        -0.1908186205
        0.4804136000         2.4500000000         1.3301823480         1.2094417220        -0.1908186205
        0.4858237000         2.4500000000         1.3352870017         1.2170973543        -0.0578439721
        0.4904764000         2.4500000000         1.3531532897         1.2170973543         0.4075672975
        0.4954493000         2.4500000000         1.3378393285         1.2170973543         0.0086433521
        0.5004641000         2.4500000000         1.3301823480         1.2068898445        -0.1908186205
        0.5054734000         2.4500000000         1.3378393285         1.2196492318         0.0086433521
        0.5104729000         2.4500000000         1.3378393285         1.2196492318         0.0086433521
        0.5154122000         2.4500000000         1.3429439823         1.2196492318         0.1416180006
        0.5204156000         2.4500000000         1.3378393285         1.2196492318         0.0086433521
        0.5254312000         2.4500000000         1.3352870017         1.2170973543        -0.0578439721
        0.5304357000         2.4500000000         1.3327346748         1.2119935994        -0.1243312963
        0.5354280000         2.4500000000         1.3327346748         1.2145454769        -0.1243312963
        0.5405882000         2.4500000000         1.3429439823         1.2196492318         0.1416180006
        0.5454369000         2.4500000000         1.3378393285         1.2170973543         0.0086433521
        0.5504296000         2.4500000000         1.3352870017         1.2196492318        -0.0578439721
        0.5557014000         2.4500000000         1.3378393285         1.2170973543         0.0086433521
        0.5604595000         2.4500000000         1.3429439823         1.2222011093         0.1416180006
        0.5654068000         2.4500000000         1.3327346748         1.2094417220        -0.1243312963
        0.5704274000         2.4500000000         1.3454963091         1.2222011093         0.2081053248
        0.5754353000         2.4500000000         1.3429439823         1.2247529867         0.1416180006
        0.5804853000         2.4500000000         1.3403916554         1.2222011093         0.0751306764
        0.5854183000         2.4500000000         1.3378393285         1.2145454769         0.0086433521
        0.5909846000         2.4500000000         1.3378393285         1.2196492318         0.0086433521
        0.5954210000         2.4500000000         1.3454963091         1.2247529867         0.2081053248
        0.6004583000         2.4500000000         1.3327346748         1.2119935994        -0.1243312963
        0.6054144000         2.4500000000         1.3429439823         1.2247529867         0.1416180006
        0.6103909000         2.4500000000         1.3327346748         1.2145454769        -0.1243312963
        0.6155029000         2.4500000000         1.3454963091         1.2247529867         0.2081053248
        0.6204228000         2.4500000000         1.3454963091         1.2222011093         0.2081053248
        0.6254345000         2.4500000000         1.3454963091         1.2247529867         0.2081053248
        0.6304897000         2.4500000000         1.3454963091         1.2222011093         0.2081053248
        0.6354313000         2.4500000000         1.3454963091         1.2247529867         0.2081053248
        0.6404132000         2.4500000000         1.3378393285         1.2170973543         0.0086433521
        0.6454204000         2.4500000000         1.3378393285         1.2196492318         0.0086433521
        0.6504315000         2.4500000000         1.3378393285         1.2196492318         0.0086433521
        0.6554730000         2.4500000000         1.3352870017         1.2170973543        -0.0578439721
        0.6608370000         2.4500000000         1.3327346748         1.2068898445        -0.1243312963
        0.6655586000         2.4500000000         1.3301823480         1.2145454769        -0.1908186205
        0.6704202000         2.4500000000         1.3378393285         1.2170973543         0.0086433521
        0.6754148000         2.4500000000         1.3378393285         1.2170973543         0.0086433521
        0.6804060000         2.4500000000         1.3378393285         1.2247529867         0.0086433521
        0.6854431000         2.4500000000         1.3327346748         1.2119935994        -0.1243312963
        0.6904028000         2.4500000000         1.3454963091         1.2247529867         0.2081053248
        0.6954010000         2.4500000000         1.3429439823         1.2196492318         0.1416180006
        0.7003925000         2.4500000000         1.3378393285         1.2196492318         0.0086433521
        0.7053927000         2.4500000000         1.3352870017         1.2145454769        -0.0578439721
        0.7104068000         2.4500000000         1.3378393285         1.2170973543         0.0086433521
        0.7154184000         2.4500000000         1.3352870017         1.2170973543        -0.0578439721
        0.7203930000         2.4500000000         1.3327346748         1.2119935994        -0.1243312963
        0.7254085000         2.4500000000         1.3301823480         1.2119935994        -0.1908186205
        0.7303842000         2.4500000000         1.3378393285         1.2170973543         0.0086433521
        0.7354192000         2.4500000000         1.3429439823         1.2273048642         0.1416180006
        0.7404104000         2.4500000000         1.3429439823         1.2247529867         0.1416180006
        0.7453940000         2.4500000000         1.3403916554         1.2170973543         0.0751306764
        0.7504025000         2.4500000000         1.3352870017         1.2170973543        -0.0578439721
        0.7553826000         2.4500000000         1.3378393285         1.2196492318         0.0086433521
        0.7603948000         2.4500000000         1.3327346748         1.2145454769        -0.1243312963
        0.7654021000         2.4500000000         1.3378393285         1.2145454769         0.0086433521
        0.7704103000         2.4500000000         1.3378393285         1.2196492318         0.0086433521
        0.7754001000         2.4500000000         1.3327346748         1.2119935994        -0.1243312963
        0.7804017000         2.4500000000         1.3301823480         1.2119935994        -0.1908186205
        0.7853966000         2.4500000000         1.3378393285         1.2196492318         0.0086433521
        0.7903923000         2.4500000000         1.3352870017         1.2196492318        -0.0578439721
        0.7954034000         2.4500000000         1.3378393285         1.2119935994         0.0086433521
        0.8004907000         2.4500000000         1.3327346748         1.2145454769        -0.1243312963
        0.8054479000         2.4500000000         1.3429439823         1.2196492318         0.1416180006
        0.8104044000         2.4500000000         1.3327346748         1.2094417220        -0.1243312963
        0.8154291000         2.4500000000         1.3301823480         1.2145454769        -0.1908186205
        0.8204157000         2.4500000000         1.3327346748         1.2094417220        -0.1243312963
        0.8254706000         2.4500000000         1.3684672508         1.2170973543         0.8064912429
        0.8313320000         2.4500000000         1.3378393285         1.2170973543         0.0086433521
        0.8355191000         2.4500000000         1.3327346748         1.2119935994        -0.1243312963
        0.8403879000         2.4500000000         1.3429439823         1.2222011093         0.1416180006
        0.8453982000         2.4500000000         1.3454963091         1.2170973543         0.2081053248
        0.8503949000         2.4500000000         1.3378393285         1.2170973543         0.0086433521
        0.8554070000         2.4500000000         1.3301823480         1.2119935994        -0.1908186205
        0.8604193000         2.4500000000         1.3327346748         1.2119935994        -0.1243312963
        0.8654148000         2.4500000000         1.3378393285         1.2196492318         0.0086433521
        0.8704170000         2.4500000000         1.3378393285         1.2170973543         0.0086433521
        0.8754300000         2.4500000000         1.3378393285         1.2196492318         0.0086433521
        0.8804262000         2.4500000000         1.3403916554         1.2196492318         0.0751306764
        0.8856331000         2.4500000000         1.3327346748         1.2094417220        -0.1243312963
        0.8904183000         2.4500000000         1.3403916554         1.2247529867         0.0751306764
        0.8954774000         2.4500000000         1.3454963091         1.2145454769         0.2081053248
        0.9004408000         2.4500000000         1.3378393285         1.2119935994         0.0086433521
        0.9054080000         2.4500000000         1.3378393285         1.2170973543         0.0086433521
        0.9104351000         2.4500000000         1.3378393285         1.2170973543         0.0086433521
        0.9154289000         2.4500000000         1.3633625971         1.2222011093         0.6735165944
        0.9204078000         2.4500000000         1.3301823480         1.2119935994        -0.1908186205
        0.9254346000         2.4500000000         1.3378393285         1.2170973543         0.0086433521
        0.9304558000         2.4500000000         1.3352870017         1.2170973543        -0.0578439721
        0.9354238000         2.4500000000         1.3327346748         1.2094417220        -0.1243312963
        0.9404130000         2.4500000000         1.3352870017         1.2170973543        -0.0578439721
        0.9454181000         2.4500000000         1.3352870017         1.2196492318        -0.0578439721
        0.9504259000         2.4500000000         1.3352870017         1.2196492318        -0.0578439721
        0.9553898000         2.4500000000         1.3352870017         1.2170973543        -0.0578439721
        0.9604201000         2.4500000000         1.3429439823         1.2170973543         0.1416180006
        0.9654517000         2.4500000000         1.3327346748         1.2119935994        -0.1243312963
        0.9704778000         2.4500000000         1.3506009628         1.2196492318         0.3410799733
        0.9754203000         2.4500000000         1.3454963091         1.2247529867         0.2081053248
        0.9804968000         2.4500000000         1.3352870017         1.2170973543        -0.0578439721
        0.9854615000         2.4500000000         1.3378393285         1.2196492318         0.0086433521
        0.9903889000         2.4500000000         1.3327346748         1.2119935994        -0.1243312963
        0.9954058000         2.4500000000         1.3378393285         1.2170973543         0.0086433521
        1.0004187000         2.4500000000         1.3378393285         1.2170973543         0.0086433521
        1.0054188000         2.4500000000         1.3454963091         1.2247529867         0.2081053248
        1.0104029000         2.4500000000         1.3429439823         1.2119935994         0.1416180006
        1.0153962000         2.4500000000         1.3429439823         1.2247529867         0.1416180006
        1.0204034000         2.4500000000         1.3378393285         1.2145454769         0.0086433521
        1.0253866000         2.4500000000         1.3327346748         1.2119935994        -0.1243312963
        1.0303995000         2.4500000000         1.3327346748         1.2119935994        -0.1243312963
        1.0354040000         2.4500000000         1.3327346748         1.2119935994        -0.1243312963
        1.0404226000         2.4500000000         1.3378393285         1.2170973543         0.0086433521
        1.0453900000         2.4500000000         1.3352870017         1.2196492318        -0.0578439721
        1.0503934000         2.4500000000         1.3352870017         1.2196492318        -0.0578439721
        1.0554057000         2.4500000000         1.3378393285         1.2196492318         0.0086433521
        1.0604150000         2.4500000000         1.3378393285         1.2196492318         0.0086433521
        1.0653824000         2.4500000000         1.3378393285         1.2196492318         0.0086433521
        1.0704271000         2.4500000000         1.3454963091         1.2222011093         0.2081053248
        1.0753890000         2.4500000000         1.3327346748         1.2119935994        -0.1243312963
        1.0804165000         2.4500000000         1.3403916554         1.2170973543         0.0751306764
        1.0853827000         2.4500000000         1.3429439823         1.2273048642         0.1416180006
        1.0903938000         2.4500000000         1.3403916554         1.2196492318         0.0751306764
        1.0953987000         2.4500000000         1.3429439823         1.2222011093         0.1416180006
        1.1003936000         2.4500000000         1.3378393285         1.2196492318         0.0086433521
        1.1053956000         2.4500000000         1.3429439823         1.2247529867         0.1416180006
        1.1104501000         2.4500000000         1.3429439823         1.2247529867         0.1416180006
        1.1154129000         2.4500000000         1.3429439823         1.2247529867         0.1416180006
        1.1204011000         2.4500000000         1.3352870017         1.2196492318        -0.0578439721
        1.1254026000         2.4500000000         1.3454963091         1.2247529867         0.2081053248
        1.1304153000         2.4500000000         1.3352870017         1.2170973543        -0.0578439721
        1.1354224000         2.4500000000         1.3301823480         1.2145454769        -0.1908186205
        1.1406835000         2.4500000000         1.3454963091         1.2222011093         0.2081053248
        1.1454180000         2.4500000000         1.3454963091         1.2222011093         0.2081053248
        1.1504036000         2.4500000000         1.3454963091         1.2222011093         0.2081053248
        1.1554088000         2.4500000000         1.3352870017         1.2094417220        -0.0578439721
        1.1604252000         2.4500000000         1.3506009628         1.2170973543         0.3410799733
        1.1654071000         2.4500000000         1.3301823480         1.2068898445        -0.1908186205
        1.1703914000         2.4500000000         1.3301823480         1.2145454769        -0.1908186205
        1.1754030000         2.4500000000         1.3378393285         1.2170973543         0.0086433521
        1.1804029000         2.4500000000         1.3429439823         1.2222011093         0.1416180006
        1.1854081000         2.4500000000         1.3352870017         1.2119935994        -0.0578439721
        1.1903907000         2.4500000000         1.3301823480         1.2119935994        -0.1908186205
        1.1954021000         2.4500000000         1.3352870017         1.2170973543        -0.0578439721
        1.2004070000         2.4500000000         1.3327346748         1.2119935994        -0.1243312963
        1.2053922000         2.4500000000         1.3327346748         1.2119935994        -0.1243312963
        1.2103877000         2.4500000000         1.3378393285         1.2196492318         0.0086433521
        1.2154106000         2.4500000000         1.3352870017         1.2170973543        -0.0578439721
        1.2204486000         2.4500000000         1.3378393285         1.2119935994         0.0086433521
        1.2254179000         2.4500000000         1.3378393285         1.2196492318         0.0086433521
        1.2304114000         2.4500000000         1.3352870017         1.2170973543        -0.0578439721
        1.2355462000         2.4500000000         1.3301823480         1.2145454769        -0.1908186205
        1.2403885000         2.4500000000         1.3352870017         1.2170973543        -0.0578439721
        1.2460020000         2.4500000000         1.3352870017         1.2196492318        -0.0578439721
        1.2503974000         2.4500000000         1.3429439823         1.2222011093         0.1416180006
        1.2554063000         2.4500000000         1.3429439823         1.2170973543         0.1416180006
        1.2603900000         2.4500000000         1.3659149240         1.2222011093         0.7400039186
        1.2654140000         2.4500000000         1.3378393285         1.2222011093         0.0086433521
        1.2704090000         2.4500000000         1.3378393285         1.2170973543         0.0086433521
        1.2754799000         2.4500000000         1.3352870017         1.2170973543        -0.0578439721
        1.2803999000         2.4500000000         1.3352870017         1.2170973543        -0.0578439721
        1.2853888000         2.4500000000         1.3378393285         1.2170973543         0.0086433521
        1.2903958000         2.4500000000         1.3327346748         1.2094417220        -0.1243312963
        1.2954009000         2.4500000000         1.3378393285         1.2170973543         0.0086433521
        1.3004127000         2.4500000000         1.3454963091         1.2222011093         0.2081053248
        1.3053990000         2.4500000000         1.3378393285         1.2196492318         0.0086433521
        1.3104022000         2.4500000000         1.3352870017         1.2170973543        -0.0578439721
        1.3153825000         2.4500000000         1.3327346748         1.2119935994        -0.1243312963
        1.3203977000         2.4500000000         1.3327346748         1.2094417220        -0.1243312963
        1.3253781000         2.4500000000         1.3378393285         1.2196492318         0.0086433521
        1.3303851000         2.4500000000         1.3429439823         1.2196492318         0.1416180006
        1.3353928000         2.4500000000         1.3454963091         1.2170973543         0.2081053248
        1.3404065000         2.4500000000         1.3557056165         1.2196492318         0.4740546217
        1.3454309000         2.4500000000         1.3403916554         1.2170973543         0.0751306764
        1.3504204000         2.4500000000         1.3429439823         1.2222011093         0.1416180006
        1.3553988000         2.4500000000         1.3429439823         1.2222011093         0.1416180006
        1.3603934000         2.4500000000         1.3454963091         1.2247529867         0.2081053248
        1.3653920000         2.4500000000         1.3352870017         1.2145454769        -0.0578439721
        1.3704061000         2.4500000000         1.3378393285         1.2196492318         0.0086433521
        1.3753899000         2.4500000000         1.3352870017         1.2170973543        -0.0578439721
        1.3804028000         2.4500000000         1.3429439823         1.2247529867         0.1416180006
        1.3854108000         2.4500000000         1.3327346748         1.2094417220        -0.1243312963
        1.3903910000         2.4500000000         1.3327346748         1.2119935994        -0.1243312963
        1.3954305000         2.4500000000         1.3429439823         1.2247529867         0.1416180006
        1.4004379000         2.4500000000         1.3378393285         1.2145454769         0.0086433521
        1.4054210000         2.4500000000         1.3378393285         1.2170973543         0.0086433521
        1.4104040000         2.4500000000         1.3327346748         1.2119935994        -0.1243312963
        1.4154383000         2.4500000000         1.3301823480         1.2094417220        -0.1908186205
        1.4204004000         2.4500000000         1.3352870017         1.2196492318        -0.0578439721
        1.4254330000         2.4500000000         1.3429439823         1.2170973543         0.1416180006
        1.4303926000         2.4500000000         1.3454963091         1.2222011093         0.2081053248
        1.4354040000         2.4500000000         1.3327346748         1.2119935994        -0.1243312963
        1.4407001000         2.4500000000         1.3454963091         1.2119935994         0.2081053248
        1.4453928000         2.4500000000         1.3429439823         1.2170973543         0.1416180006
        1.4505220000         2.4500000000         1.3429439823         1.2222011093         0.1416180006
        1.4554090000         2.4500000000         1.3378393285         1.2196492318         0.0086433521
        1.4604305000         2.4500000000         1.3301823480         1.2119935994        -0.1908186205
        1.4654346000         2.4500000000         1.3352870017         1.2170973543        -0.0578439721
        1.4704648000         2.4500000000         1.3378393285         1.2247529867         0.0086433521
        1.4754458000         2.4500000000         1.3429439823         1.2196492318         0.1416180006
        1.4804909000         2.4500000000         1.3582579434         1.2247529867         0.5405419460
        1.4854358000         2.4500000000         1.3378393285         1.2170973543         0.0086433521
        1.4904237000         2.4500000000         1.3429439823         1.2247529867         0.1416180006
        1.4954297000         2.4500000000         1.3429439823         1.2298567416         0.1416180006
        1.5004174000         2.4500000000         1.3378393285         1.2170973543         0.0086433521
        1.5054190000         2.4500000000         1.3327346748         1.2145454769        -0.1243312963
        1.5104304000         2.4500000000         1.3327346748         1.2119935994        -0.1243312963
        1.5154133000         2.4500000000         1.3403916554         1.2196492318         0.0751306764
        1.5204234000         2.4500000000         1.3506009628         1.2247529867         0.3410799733
        1.5254296000         2.4500000000         1.3557056165         1.2247529867         0.4740546217
        1.5304826000         2.4500000000         1.3327346748         1.2145454769        -0.1243312963
        1.5354845000         2.4500000000         1.3301823480         1.2196492318        -0.1908186205
        1.5404074000         2.4500000000         1.3327346748         1.2119935994        -0.1243312963
        1.5454505000         2.4500000000         1.3378393285         1.2170973543         0.0086433521
        1.5504672000         2.4500000000         1.3352870017         1.2145454769        -0.0578439721
        1.5554511000         2.4500000000         1.3352870017         1.2170973543        -0.0578439721
        1.5604447000         2.4500000000         1.3378393285         1.2196492318         0.0086433521
        1.5655812000         2.4500000000         1.3403916554         1.2196492318         0.0751306764
        1.5705213000         2.4500000000         1.3301823480         1.2119935994        -0.1908186205
        1.5754494000         2.4500000000         1.3378393285         1.2196492318         0.0086433521
        1.5804289000         2.4500000000         1.3327346748         1.2119935994        -0.1243312963
        1.5854506000         2.4500000000         1.3301823480         1.2119935994        -0.1908186205
        1.5904540000         2.4500000000         1.3378393285         1.2196492318         0.0086433521
        1.5955079000         2.4500000000         1.3454963091         1.2145454769         0.2081053248
        1.6005099000         2.4500000000         1.3352870017         1.2119935994        -0.0578439721
        1.6054216000         2.4500000000         1.3327346748         1.2145454769        -0.1243312963
        1.6104343000         2.4500000000         1.3378393285         1.2170973543         0.0086433521
        1.6154141000         2.4500000000         1.3327346748         1.2119935994        -0.1243312963
        1.6205190000         2.4500000000         1.3378393285         1.2196492318         0.0086433521
        1.6254296000         2.4500000000         1.3378393285         1.2170973543         0.0086433521
        1.6304247000         2.4500000000         1.3301823480         1.2119935994        -0.1908186205
        1.6354226000         2.4500000000         1.3327346748         1.2119935994        -0.1243312963
        1.6404292000         2.4500000000         1.3352870017         1.2170973543        -0.0578439721
        1.6454198000         2.4500000000         1.3301823480         1.2094417220        -0.1908186205
        1.6504020000         2.4500000000         1.3301823480         1.2119935994        -0.1908186205
        1.6553806000         2.4500000000         1.3378393285         1.2170973543         0.0086433521
        1.6604121000         2.4500000000         1.3301823480         1.2119935994        -0.1908186205
        1.6654207000         2.4500000000         1.3378393285         1.2170973543         0.0086433521
        1.6704102000         2.4500000000         1.3276300211         1.2145454769        -0.2573059448
        1.6754151000         2.4500000000         1.3327346748         1.2068898445        -0.1243312963
        1.6804007000         2.4500000000         1.3403916554         1.2196492318         0.0751306764
        1.6854436000         2.4500000000         1.3327346748         1.2119935994        -0.1243312963
        1.6903994000         2.4500000000         1.3378393285         1.2196492318         0.0086433521
        1.6954292000         2.4500000000         1.3429439823         1.2222011093         0.1416180006
        1.7004207000         2.4500000000         1.3429439823         1.2222011093         0.1416180006
        1.7053966000         2.4500000000         1.3378393285         1.2196492318         0.0086433521
        1.7104056000         2.4500000000         1.3327346748         1.2094417220        -0.1243312963
        1.7153909000         2.4500000000         1.3301823480         1.2094417220        -0.1908186205
        1.7203933000         2.4500000000         1.3352870017         1.2196492318        -0.0578439721
        1.7254041000         2.4500000000         1.3454963091         1.2222011093         0.2081053248
        1.7304158000         2.4500000000         1.3378393285         1.2170973543         0.0086433521
        1.7353927000         2.4500000000         1.3378393285         1.2170973543         0.0086433521
        1.7403828000         2.4500000000         1.3378393285         1.2145454769         0.0086433521
        1.7453931000         2.4500000000         1.3301823480         1.2119935994        -0.1908186205
        1.7504034000         2.4500000000         1.3352870017         1.2170973543        -0.0578439721
        1.7554041000         2.4500000000         1.3327346748         1.2119935994        -0.1243312963
        1.7603910000         2.4500000000         1.3327346748         1.2119935994        -0.1243312963
        1.7654045000         2.4500000000         1.3378393285         1.2196492318         0.0086433521
        1.7704433000         2.4500000000         1.3276300211         1.2119935994        -0.2573059448
        1.7753916000         2.4500000000         1.3506009628         1.2170973543         0.3410799733
        1.7804748000         2.4500000000         1.3301823480         1.2094417220        -0.1908186205
        1.7854098000         2.4500000000         1.3378393285         1.2170973543         0.0086433521
        1.7904884000         2.4500000000         1.3378393285         1.2170973543         0.0086433521
        1.7954020000         2.4500000000         1.3429439823         1.2222011093         0.1416180006
        1.8003899000         2.4500000000         1.3429439823         1.2222011093         0.1416180006
        1.8053931000         2.4500000000         1.3378393285         1.2170973543         0.0086433521
        1.8103987000         2.4500000000         1.3327346748         1.2094417220        -0.1243312963
        1.8153888000         2.4500000000         1.3378393285         1.2170973543         0.0086433521
        1.8204009000         2.4500000000         1.3352870017         1.2170973543        -0.0578439721
        1.8254027000         2.4500000000         1.3454963091         1.2273048642         0.2081053248
        1.8303886000         2.4500000000         1.3327346748         1.2119935994        -0.1243312963
        1.8354000000         2.4500000000         1.3327346748         1.2094417220        -0.1243312963
        1.8403800000         2.4500000000         1.3429439823         1.2170973543         0.1416180006
        1.8453867000         2.4500000000         1.3454963091         1.2170973543         0.2081053248
        1.8503708000         2.4500000000         1.3429439823         1.2170973543         0.1416180006
        1.8553799000         2.4500000000         1.3429439823         1.2222011093         0.1416180006
        1.8603882000         2.4500000000         1.3352870017         1.2170973543        -0.0578439721
        1.8654024000         2.4500000000         1.3352870017         1.2196492318        -0.0578439721
        1.8703985000         2.4500000000         1.3378393285         1.2170973543         0.0086433521
        1.8754252000         2.4500000000         1.3378393285         1.2170973543         0.0086433521
        1.8804211000         2.4500000000         1.3352870017         1.2170973543        -0.0578439721
        1.8854184000         2.4500000000         1.3403916554         1.2222011093         0.0751306764
        1.8904157000         2.4500000000         1.3429439823         1.2222011093         0.1416180006
        1.8954313000         2.4500000000         1.3429439823         1.2247529867         0.1416180006
        1.9005146000         2.4500000000         1.3429439823         1.2222011093         0.1416180006
        1.9054240000         2.4500000000         1.3301823480         1.2094417220        -0.1908186205
        1.9104347000         2.4500000000         1.3327346748         1.2119935994        -0.1243312963
        1.9154406000         2.4500000000         1.3301823480         1.2119935994        -0.1908186205
        1.9204183000         2.4500000000         1.3327346748         1.2170973543        -0.1243312963
        1.9254025000         2.4500000000         1.3352870017         1.2170973543        -0.0578439721
        1.9304445000         2.4500000000         1.3352870017         1.2196492318        -0.0578439721
        1.9354425000         2.4500000000         1.3378393285         1.2196492318         0.0086433521
        1.9404362000         2.4500000000         1.3378393285         1.2170973543         0.0086433521
        1.9453912000         2.4500000000         1.3327346748         1.2119935994        -0.1243312963
        1.9504402000         2.4500000000         1.3378393285         1.2170973543         0.0086433521
        1.9553956000         2.4500000000         1.3301823480         1.2119935994        -0.1908186205
        1.9604084000         2.4500000000         1.3429439823         1.2247529867         0.1416180006
        1.9654083000         2.4500000000         1.3378393285         1.2170973543         0.0086433521
        1.9704306000         2.4500000000         1.3403916554         1.2196492318         0.0751306764
        1.9754220000         2.4500000000         1.3378393285         1.2170973543         0.0086433521
        1.9804271000         2.4500000000         1.3429439823         1.2298567416         0.1416180006
        1.9856630000         2.4500000000         1.3352870017         1.2196492318        -0.0578439721
        1.9904281000         2.4500000000         1.3378393285         1.2170973543         0.0086433521
        1.9954274000         2.4500000000         1.3276300211         1.2119935994        -0.2573059448
        2.0004125000         2.4500000000         1.3454963091         1.2222011093         0.2081053248
        2.0053934000         2.4500000000         1.3352870017         1.2196492318        -0.0578439721
        2.0104284000         2.4500000000         1.3352870017         1.2119935994        -0.0578439721
        2.0154740000         2.4500000000         1.3378393285         1.2170973543         0.0086433521
        2.0203933000         2.4500000000         1.3352870017         1.2170973543        -0.0578439721
        2.0254308000         2.4500000000         1.3378393285         1.2170973543         0.0086433521
        2.0303949000         2.4500000000         1.3684672508         1.2119935994         0.8064912429
        2.0353922000         2.4500000000         1.3301823480         1.2094417220        -0.1908186205
        2.0403843000         2.4500000000         1.3352870017         1.2170973543        -0.0578439721
        2.0454853000         2.4500000000         1.3301823480         1.2145454769        -0.1908186205
        2.0503961000         2.4500000000         1.3327346748         1.2119935994        -0.1243312963
        2.0554307000         2.4500000000         1.3327346748         1.2094417220        -0.1243312963
        2.0603939000         2.4500000000         1.3352870017         1.2170973543        -0.0578439721
        2.0654283000         2.4500000000         1.3352870017         1.2170973543        -0.0578439721
        2.0704123000         2.4500000000         1.3378393285         1.2170973543         0.0086433521
        2.0753948000         2.4500000000         1.3429439823         1.2247529867         0.1416180006
        2.0804010000         2.4500000000         1.3429439823         1.2247529867         0.1416180006
        2.0854090000         2.4500000000         1.3352870017         1.2170973543        -0.0578439721
        2.0903624000         2.4500000000         1.3352870017         1.2170973543        -0.0578439721
        2.0954039000         2.4500000000         1.3454963091         1.2247529867         0.2081053248
        2.1003927000         2.4500000000         1.3403916554         1.2170973543         0.0751306764
        2.1053914000         2.4500000000         1.3608102703         1.2222011093         0.6070292702
        2.1103919000         2.4500000000         1.3352870017         1.2170973543        -0.0578439721
        2.1153930000         2.4500000000         1.3429439823         1.2247529867         0.1416180006
        2.1204164000         2.4500000000         1.3403916554         1.2170973543         0.0751306764
        2.1253977000         2.4500000000         1.3327346748         1.2094417220        -0.1243312963
        2.1303942000         2.4500000000         1.3378393285         1.2170973543         0.0086433521
        2.1353922000         2.4500000000         1.3301823480         1.2119935994        -0.1908186205
        2.1403809000         2.4500000000         1.3352870017         1.2170973543        -0.0578439721
        2.1454175000         2.4500000000         1.3378393285         1.2196492318         0.0086433521
        2.1503965000         2.4500000000         1.3301823480         1.2094417220        -0.1908186205
        2.1553807000         2.4500000000         1.3301823480         1.2119935994        -0.1908186205
        2.1603884000         2.4500000000         1.3352870017         1.2170973543        -0.0578439721
        2.1654011000         2.4500000000         1.3454963091         1.2247529867         0.2081053248
        2.1704045000         2.4500000000         1.3378393285         1.2170973543         0.0086433521
        2.1754102000         2.4500000000         1.3301823480         1.2119935994        -0.1908186205
        2.1803937000         2.4500000000         1.3429439823         1.2119935994         0.1416180006
        2.1853906000         2.4500000000         1.3327346748         1.2068898445        -0.1243312963
        2.1903959000         2.4500000000         1.3378393285         1.2170973543         0.0086433521
        2.1954037000         2.4500000000         1.3454963091         1.2222011093         0.2081053248
        2.2004515000         2.4500000000         1.3378393285         1.2094417220         0.0086433521
        2.2053938000         2.4500000000         1.3301823480         1.2119935994        -0.1908186205
        2.2104670000         2.4500000000         1.3454963091         1.2222011093         0.2081053248
        2.2154228000         2.4500000000         1.3403916554         1.2196492318         0.0751306764
        2.2204426000         2.4500000000         1.3378393285         1.2170973543         0.0086433521
        2.2254215000         2.4500000000         1.3327346748         1.2119935994        -0.1243312963
        2.2304607000         2.4500000000         1.3352870017         1.2196492318        -0.0578439721
        2.2357392000         2.4500000000         1.3378393285         1.2196492318         0.0086433521
        2.2404510000         2.4500000000         1.3454963091         1.2222011093         0.2081053248
        2.2454339000         2.4500000000         1.3378393285         1.2170973543         0.0086433521
        2.2504401000         2.4500000000         1.3429439823         1.2222011093         0.1416180006
        2.2554612000         2.4500000000         1.3429439823         1.2247529867         0.1416180006
        2.2604354000         2.4500000000         1.3403916554         1.2196492318         0.0751306764
        2.2654195000         2.4500000000         1.3352870017         1.2170973543        -0.0578439721
        2.2704599000         2.4500000000         1.3301823480         1.2068898445        -0.1908186205
        2.2753996000         2.4500000000         1.3403916554         1.2196492318         0.0751306764
        2.2804026000         2.4500000000         1.3327346748         1.2094417220        -0.1243312963
        2.2854057000         2.4500000000         1.3378393285         1.2170973543         0.0086433521
        2.2903978000         2.4500000000         1.3378393285         1.2170973543         0.0086433521
        2.2953886000         2.4500000000         1.3378393285         1.2170973543         0.0086433521
        2.3004112000         2.4500000000         1.3429439823         1.2247529867         0.1416180006
        2.3054117000         2.4500000000         1.3378393285         1.2196492318         0.0086433521
        2.3104304000         2.4500000000         1.3454963091         1.2222011093         0.2081053248
        2.3154624000         2.4500000000         1.3454963091         1.2222011093         0.2081053248
        2.3205092000         2.4500000000         1.3378393285         1.2170973543         0.0086433521
        2.3254152000         2.4500000000         1.3378393285         1.2196492318         0.0086433521
        2.3304459000         2.4500000000         1.3352870017         1.2170973543        -0.0578439721
        2.3354198000         2.4500000000         1.3301823480         1.2145454769        -0.1908186205
        2.3403839000         2.4500000000         1.3327346748         1.2119935994        -0.1243312963
        2.3453926000         2.4500000000         1.3378393285         1.2196492318         0.0086433521
        2.3504195000         2.4500000000         1.3378393285         1.2094417220         0.0086433521
        2.3554322000         2.4500000000         1.3378393285         1.2196492318         0.0086433521
        2.3604235000         2.4500000000         1.3403916554         1.2170973543         0.0751306764
        2.3654218000         2.4500000000         1.3557056165         1.2094417220         0.4740546217
        2.3705176000         2.4500000000         1.3301823480         1.2119935994        -0.1908186205
        2.3754191000         2.4500000000         1.3403916554         1.2170973543         0.0751306764
        2.3805231000         2.4500000000         1.3352870017         1.2145454769        -0.0578439721
        2.3854314000         2.4500000000         1.3352870017         1.2170973543        -0.0578439721
        2.3903916000         2.4500000000         1.3429439823         1.2222011093         0.1416180006
        2.3954286000         2.4500000000         1.3454963091         1.2247529867         0.2081053248
        2.4003949000         2.4500000000         1.3327346748         1.2094417220        -0.1243312963
        2.4054302000         2.4500000000         1.3378393285         1.2119935994         0.0086433521
        2.4104045000         2.4500000000         1.3352870017         1.2170973543        -0.0578439721
        2.4154406000         2.4500000000         1.3352870017         1.2196492318        -0.0578439721
        2.4204263000         2.4500000000         1.3378393285         1.2196492318         0.0086433521
        2.4254310000         2.4500000000         1.3327346748         1.2119935994        -0.1243312963
        2.4304203000         2.4500000000         1.3454963091         1.2247529867         0.2081053248
        2.4354455000         2.4500000000         1.3327346748         1.2196492318        -0.1243312963
        2.4404480000         2.4500000000         1.3557056165         1.2119935994         0.4740546217
        2.4454198000         2.4500000000         1.3454963091         1.2247529867         0.2081053248
        2.4504023000         2.4500000000         1.3301823480         1.2145454769        -0.1908186205
        2.4553812000         2.4500000000         1.3429439823         1.2222011093         0.1416180006
        2.4603935000         2.4500000000         1.3378393285         1.2196492318         0.0086433521
        2.4654567000         2.4500000000         1.3327346748         1.2094417220        -0.1243312963
        2.4704205000         2.4500000000         1.3429439823         1.2222011093         0.1416180006
        2.4754221000         2.4500000000         1.3378393285         1.2170973543         0.0086433521
        2.4804288000         2.4500000000         1.3429439823         1.2247529867         0.1416180006
        2.4854356000         2.4500000000         1.3378393285         1.2196492318         0.0086433521
        2.4904168000         2.4500000000         1.3454963091         1.2247529867         0.2081053248
        2.4954686000         2.4500000000         1.3352870017         1.2196492318        -0.0578439721
        2.5004674000         2.4500000000         1.3327346748         1.2119935994        -0.1243312963
        2.5054193000         2.4500000000         1.3352870017         1.2145454769        -0.0578439721
        2.5104323000         2.4500000000         1.3480486360         1.2247529867         0.2745926491
        2.5154385000         2.4500000000         1.3301823480         1.2094417220        -0.1908186205
        2.5204272000         2.4500000000         1.3378393285         1.2170973543         0.0086433521
        2.5254025000         2.4500000000         1.3429439823         1.2222011093         0.1416180006
        2.5304073000         2.4500000000         1.3378393285         1.2196492318         0.0086433521
        2.5353945000         2.4500000000         1.3403916554         1.2170973543         0.0751306764
        2.5404104000         2.4500000000         1.3506009628         1.2196492318         0.3410799733
        2.5453926000         2.4500000000         1.3633625971         1.2119935994         0.6735165944
        2.5504871000         2.4500000000         1.3378393285         1.2170973543         0.0086433521
        2.5553800000         2.4500000000         1.3378393285         1.2196492318         0.0086433521
        2.5604935000         2.4500000000         1.3403916554         1.2222011093         0.0751306764
        2.5653963000         2.4500000000         1.3301823480         1.2094417220        -0.1908186205
        2.5704052000         2.4500000000         1.3352870017         1.2196492318        -0.0578439721
        2.5753907000         2.4500000000         1.3352870017         1.2196492318        -0.0578439721
        2.5803993000         2.4500000000         1.3454963091         1.2247529867         0.2081053248
        2.5854202000         2.4500000000         1.3352870017         1.2170973543        -0.0578439721
        2.5904140000         2.4500000000         1.3327346748         1.2119935994        -0.1243312963
        2.5954315000         2.4500000000         1.3327346748         1.2145454769        -0.1243312963
        2.6004276000         2.4500000000         1.3352870017         1.2196492318        -0.0578439721
        2.6054265000         2.4500000000         1.3301823480         1.2119935994        -0.1908186205
        2.6104645000         2.4500000000         1.3301823480         1.2119935994        -0.1908186205
        2.6154655000         2.4500000000         1.3327346748         1.2119935994        -0.1243312963
        2.6205410000         2.4500000000         1.3301823480         1.2094417220        -0.1908186205
        2.6254361000         2.4500000000         1.3327346748         1.2196492318        -0.1243312963
        2.6304542000         2.4500000000         1.3557056165         1.2170973543         0.4740546217
        2.6354267000         2.4500000000         1.3378393285         1.2247529867         0.0086433521
        2.6404356000         2.4500000000         1.3429439823         1.2222011093         0.1416180006
        2.6454158000         2.4500000000         1.3403916554         1.2170973543         0.0751306764
        2.6504306000         2.4500000000         1.3378393285         1.2170973543         0.0086433521
        2.6554368000         2.4500000000         1.3378393285         1.2170973543         0.0086433521
        2.6604130000         2.4500000000         1.3378393285         1.2196492318         0.0086433521
        2.6654034000         2.4500000000         1.3352870017         1.2170973543        -0.0578439721
        2.6703829000         2.4500000000         1.3403916554         1.2196492318         0.0751306764
        2.6753975000         2.4500000000         1.3454963091         1.2222011093         0.2081053248
        2.6804250000         2.4500000000         1.3352870017         1.2170973543        -0.0578439721
        2.6854084000         2.4500000000         1.3378393285         1.2170973543         0.0086433521
        2.6904134000         2.4500000000         1.3352870017         1.2196492318        -0.0578439721
        2.6954031000         2.4500000000         1.3378393285         1.2196492318         0.0086433521
        2.7003844000         2.4500000000         1.3352870017         1.2094417220        -0.0578439721
        2.7053941000         2.4500000000         1.3327346748         1.2119935994        -0.1243312963
        2.7103674000         2.4500000000         1.3352870017         1.2170973543        -0.0578439721
        2.7153941000         2.4500000000         1.3378393285         1.2170973543         0.0086433521
        2.7204002000         2.4500000000         1.3352870017         1.2170973543        -0.0578439721
        2.7254047000         2.4500000000         1.3352870017         1.2196492318        -0.0578439721
        2.7303936000         2.4500000000         1.3429439823         1.2222011093         0.1416180006
        2.7354157000         2.4500000000         1.3429439823         1.2247529867         0.1416180006
        2.7403987000         2.4500000000         1.3352870017         1.2170973543        -0.0578439721
        2.7454441000         2.4500000000         1.3429439823         1.2222011093         0.1416180006
        2.7504002000         2.4500000000         1.3352870017         1.2196492318        -0.0578439721
        2.7553718000         2.4500000000         1.3352870017         1.2170973543        -0.0578439721
        2.7604046000         2.4500000000         1.3301823480         1.2094417220        -0.1908186205
        2.7654013000         2.4500000000         1.3378393285         1.2170973543         0.0086433521
        2.7704375000         2.4500000000         1.3352870017         1.2170973543        -0.0578439721
        2.7754174000         2.4500000000         1.3327346748         1.2094417220        -0.1243312963
        2.7804322000         2.4500000000         1.3301823480         1.2145454769        -0.1908186205
        2.7854145000         2.4500000000         1.3403916554         1.2170973543         0.0751306764
        2.7903963000         2.4500000000         1.3378393285         1.2170973543         0.0086433521
        2.7954104000         2.4500000000         1.3429439823         1.2247529867         0.1416180006
        2.8004016000         2.4500000000         1.3352870017         1.2170973543        -0.0578439721
        2.8053992000         2.4500000000         1.3659149240         1.2196492318         0.7400039186
        2.8103982000         2.4500000000         1.3327346748         1.2119935994        -0.1243312963
        2.8153911000         2.4500000000         1.3301823480         1.2145454769        -0.1908186205
        2.8203993000         2.4500000000         1.3378393285         1.2145454769         0.0086433521
        2.8254035000         2.4500000000         1.3429439823         1.2247529867         0.1416180006
        2.8304123000         2.4500000000         1.3352870017         1.2170973543        -0.0578439721
        2.8353942000         2.4500000000         1.3378393285         1.2170973543         0.0086433521
        2.8403885000         2.4500000000         1.3352870017         1.2170973543        -0.0578439721
        2.8453930000         2.4500000000         1.3327346748         1.2119935994        -0.1243312963
        2.8503986000         2.4500000000         1.3378393285         1.2170973543         0.0086433521
        2.8553792000         2.4500000000         1.3378393285         1.2196492318         0.0086433521
        2.8604131000         2.4500000000         1.3301823480         1.2145454769        -0.1908186205
        2.8654017000         2.4500000000         1.3301823480         1.2145454769        -0.1908186205
        2.8704047000         2.4500000000         1.3378393285         1.2196492318         0.0086433521
        2.8753909000         2.4500000000         1.3582579434         1.2094417220         0.5405419460
        2.8803997000         2.4500000000         1.3378393285         1.2196492318         0.0086433521
        2.8853907000         2.4500000000         1.3378393285         1.2196492318         0.0086433521
        2.8903967000         2.4500000000         1.3429439823         1.2222011093         0.1416180006
        2.8954361000         2.4500000000         1.3378393285         1.2196492318         0.0086433521
        2.9004321000         2.4500000000         1.3301823480         1.2119935994        -0.1908186205
        2.9054213000         2.4500000000         1.3378393285         1.2170973543         0.0086433521
        2.9103998000         2.4500000000         1.3352870017         1.2170973543        -0.0578439721
        2.9153906000         2.4500000000         1.3352870017         1.2196492318        -0.0578439721
        2.9204027000         2.4500000000         1.3429439823         1.2222011093         0.1416180006
        2.9254068000         2.4500000000         1.3429439823         1.2247529867         0.1416180006
        2.9303972000         2.4500000000         1.3378393285         1.2196492318         0.0086433521
        2.9354264000         2.4500000000         1.3454963091         1.2222011093         0.2081053248
        2.9404350000         2.4500000000         1.3429439823         1.2247529867         0.1416180006
        2.9453975000         2.4500000000         1.3531532897         1.2170973543         0.4075672975
        2.9504508000         2.4500000000         1.3454963091         1.2247529867         0.2081053248
        2.9554034000         2.4500000000         1.3378393285         1.2196492318         0.0086433521
        2.9603936000         2.4500000000         1.3301823480         1.2119935994        -0.1908186205
        2.9654735000         2.4500000000         1.3327346748         1.2119935994        -0.1243312963
        2.9704129000         2.4500000000         1.3327346748         1.2119935994        -0.1243312963
        2.9756589000         2.4500000000         1.3378393285         1.2170973543         0.0086433521
        2.9804018000         2.4500000000         1.3378393285         1.2119935994         0.0086433521
        2.9853992000         2.4500000000         1.3327346748         1.2094417220        -0.1243312963
        2.9903953000         2.4500000000         1.3378393285         1.2170973543         0.0086433521
        2.9954034000         2.4500000000         1.3378393285         1.2170973543         0.0086433521
        3.0003849000         2.4500000000         1.3327346748         1.2094417220        -0.1243312963
        3.0054680000         2.4500000000         1.3301823480         1.2119935994        -0.1908186205
        3.0104063000         2.4500000000         1.3327346748         1.2119935994        -0.1243312963
        3.0153923000         2.4500000000         1.3378393285         1.2196492318         0.0086433521
        3.0203939000         2.4500000000         1.3301823480         1.2119935994        -0.1908186205
        3.0254028000         2.4500000000         1.3327346748         1.2119935994        -0.1243312963
        3.0304132000         2.4500000000         1.3352870017         1.2119935994        -0.0578439721
        3.0354799000         2.4500000000         1.3352870017         1.2196492318        -0.0578439721
        3.0404049000         2.4500000000         1.3352870017         1.2119935994        -0.0578439721
        3.0454096000         2.4500000000         1.3378393285         1.2196492318         0.0086433521
        3.0504042000         2.4500000000         1.3454963091         1.2222011093         0.2081053248
        3.0553858000         2.4500000000         1.3582579434         1.2170973543         0.5405419460
        3.0603921000         2.4500000000         1.3352870017         1.2170973543        -0.0578439721
        3.0653980000         2.4500000000         1.3327346748         1.2119935994        -0.1243312963
        3.0704060000         2.4500000000         1.3352870017         1.2170973543        -0.0578439721
        3.0753898000         2.4500000000         1.3378393285         1.2170973543         0.0086433521
        3.0803923000         2.4500000000         1.3327346748         1.2145454769        -0.1243312963
        3.0853911000         2.4500000000         1.3429439823         1.2247529867         0.1416180006
        3.0903931000         2.4500000000         1.3429439823         1.2222011093         0.1416180006
        3.0954062000         2.4500000000         1.3429439823         1.2247529867         0.1416180006
        3.1003840000         2.4500000000         1.3301823480         1.2196492318        -0.1908186205
        3.1054205000         2.4500000000         1.3327346748         1.2196492318        -0.1243312963
        3.1104145000         2.4500000000         1.3378393285         1.2170973543         0.0086433521
        3.1154153000         2.4500000000         1.3454963091         1.2222011093         0.2081053248
        3.1204491000         2.4500000000         1.3378393285         1.2145454769         0.0086433521
        3.1254374000         2.4500000000         1.3352870017         1.2222011093        -0.0578439721
        3.1304194000         2.4500000000         1.3557056165         1.2196492318         0.4740546217
        3.1354260000         2.4500000000         1.3327346748         1.2145454769        -0.1243312963
        3.1404059000         2.4500000000         1.3327346748         1.2170973543        -0.1243312963
        3.1454453000         2.4500000000         1.3378393285         1.2196492318         0.0086433521
        3.1504271000         2.4500000000         1.3454963091         1.2222011093         0.2081053248
        3.1553815000         2.4500000000         1.3403916554         1.2196492318         0.0751306764
        3.1605292000         2.4500000000         1.3378393285         1.2145454769         0.0086433521
        3.1654003000         2.4500000000         1.3352870017         1.2196492318        -0.0578439721
        3.1704069000         2.4500000000         1.3327346748         1.2119935994        -0.1243312963
        3.1754198000         2.4500000000         1.3327346748         1.2094417220        -0.1243312963
        3.1804273000         2.4500000000         1.3378393285         1.2196492318         0.0086433521
        3.1853810000         2.4500000000         1.3352870017         1.2170973543        -0.0578439721
        3.1903953000         2.4500000000         1.3352870017         1.2170973543        -0.0578439721
        3.1954001000         2.4500000000         1.3352870017         1.2170973543        -0.0578439721
        3.2004361000         2.4500000000         1.3301823480         1.2170973543        -0.1908186205
        3.2053913000         2.4500000000         1.3327346748         1.2119935994        -0.1243312963
        3.2104003000         2.4500000000         1.3327346748         1.2145454769        -0.1243312963
        3.2153772000         2.4500000000         1.3378393285         1.2170973543         0.0086433521
        3.2203998000         2.4500000000         1.3352870017         1.2170973543        -0.0578439721
        3.2253986000         2.4500000000         1.3301823480         1.2119935994        -0.1908186205
        3.2304126000         2.4500000000         1.3327346748         1.2094417220        -0.1243312963
        3.2354185000         2.4500000000         1.3378393285         1.2170973543         0.0086433521
        3.2404355000         2.4500000000         1.3378393285         1.2196492318         0.0086433521
        3.2454405000         2.4500000000         1.3454963091         1.2247529867         0.2081053248
        3.2504044000         2.4500000000         1.3378393285         1.2170973543         0.0086433521
        3.2553858000         2.4500000000         1.3454963091         1.2222011093         0.2081053248
        3.2603896000         2.4500000000         1.3429439823         1.2196492318         0.1416180006
        3.2654996000         2.4500000000         1.3301823480         1.2094417220        -0.1908186205
        3.2704011000         2.4500000000         1.3352870017         1.2170973543        -0.0578439721
        3.2753936000         2.4500000000         1.3684672508         1.2247529867         0.8064912429
        3.2804071000         2.4500000000         1.3378393285         1.2247529867         0.0086433521
        3.2857397000         2.4500000000         1.3429439823         1.2222011093         0.1416180006
        3.2903930000         2.4500000000         1.3352870017         1.2196492318        -0.0578439721
        3.2954005000         2.4500000000         1.3378393285         1.2196492318         0.0086433521
        3.3003918000         2.4500000000         1.3301823480         1.2094417220        -0.1908186205
        3.3053900000         2.4500000000         1.3327346748         1.2119935994        -0.1243312963
        3.3104032000         2.4500000000         1.3327346748         1.2094417220        -0.1243312963
        3.3153908000         2.4500000000         1.3352870017         1.2170973543        -0.0578439721
        3.3204016000         2.4500000000         1.3352870017         1.2170973543        -0.0578439721
        3.3253993000         2.4500000000         1.3378393285         1.2170973543         0.0086433521
        3.3304088000         2.4500000000         1.3352870017         1.2196492318        -0.0578439721
        3.3354365000         2.4500000000         1.3403916554         1.2222011093         0.0751306764
        3.3404011000         2.4500000000         1.3429439823         1.2247529867         0.1416180006
        3.3454228000         2.4500000000         1.3429439823         1.2222011093         0.1416180006
        3.3504318000         2.4500000000         1.3454963091         1.2247529867         0.2081053248
        3.3554065000         2.4500000000         1.3429439823         1.2247529867         0.1416180006
        3.3604407000         2.4500000000         1.3531532897         1.2094417220         0.4075672975
        3.3654072000         2.4500000000         1.3454963091         1.2222011093         0.2081053248
        3.3703922000         2.4500000000         1.3378393285         1.2196492318         0.0086433521
        3.3753899000         2.4500000000         1.3327346748         1.2119935994        -0.1243312963
        3.3804059000         2.4500000000         1.3352870017         1.2170973543        -0.0578439721
        3.3854388000         2.4500000000         1.3429439823         1.2222011093         0.1416180006
        3.3903946000         2.4500000000         1.3429439823         1.2222011093         0.1416180006
        3.3954321000         2.4500000000         1.3378393285         1.2196492318         0.0086433521
        3.4004061000         2.4500000000         1.3327346748         1.2119935994        -0.1243312963
        3.4053938000         2.4500000000         1.3378393285         1.2170973543         0.0086433521
        3.4104256000         2.4500000000         1.3327346748         1.2145454769        -0.1243312963
        3.4154186000         2.4500000000         1.3378393285         1.2170973543         0.0086433521
        3.4203988000         2.4500000000         1.3352870017         1.2119935994        -0.0578439721
        3.4254037000         2.4500000000         1.3352870017         1.2145454769        -0.0578439721
        3.4303934000         2.4500000000         1.3378393285         1.2196492318         0.0086433521
        3.4354295000         2.4500000000         1.3352870017         1.2145454769        -0.0578439721
        3.4404076000         2.4500000000         1.3454963091         1.2170973543         0.2081053248
        3.4453913000         2.4500000000         1.3429439823         1.2222011093         0.1416180006
        3.4504271000         2.4500000000         1.3378393285         1.2170973543         0.0086433521
        3.4554079000         2.4500000000         1.3429439823         1.2247529867         0.1416180006
        3.4603895000         2.4500000000         1.3301823480         1.2094417220        -0.1908186205
        3.4653991000         2.4500000000         1.3327346748         1.2145454769        -0.1243312963
        3.4704314000         2.4500000000         1.3327346748         1.2119935994        -0.1243312963
        3.4753903000         2.4500000000         1.3378393285         1.2196492318         0.0086433521
        3.4803945000         2.4500000000         1.3378393285         1.2170973543         0.0086433521
        3.4853901000         2.4500000000         1.3429439823         1.2222011093         0.1416180006
        3.4909169000         2.4500000000         1.3352870017         1.2170973543        -0.0578439721
        3.4953974000         2.4500000000         1.3327346748         1.2119935994        -0.1243312963
        3.5004075000         2.4500000000         1.3454963091         1.2222011093         0.2081053248
        3.5053902000         2.4500000000         1.3378393285         1.2196492318         0.0086433521
        3.5104008000         2.4500000000         1.3378393285         1.2222011093         0.0086433521
        3.5153890000         2.4500000000         1.3378393285         1.2196492318         0.0086433521
        3.5203987000         2.4500000000         1.3429439823         1.2247529867         0.1416180006
        3.5254021000         2.4500000000         1.3352870017         1.2170973543        -0.0578439721
        3.5304052000         2.4500000000         1.3327346748         1.2094417220        -0.1243312963
        3.5353906000         2.4500000000         1.3352870017         1.2170973543        -0.0578439721
        3.5403829000         2.4500000000         1.3454963091         1.2222011093         0.2081053248
        3.5453849000         2.4500000000         1.3378393285         1.2170973543         0.0086433521
        3.5504213000         2.4500000000         1.3327346748         1.2119935994        -0.1243312963
        3.5554045000         2.4500000000         1.3378393285         1.2170973543         0.0086433521
        3.5604166000         2.4500000000         1.3352870017         1.2170973543        -0.0578439721
        3.5654196000         2.4500000000         1.3378393285         1.2170973543         0.0086433521
        3.5704027000         2.4500000000         1.3429439823         1.2222011093         0.1416180006
        3.5753977000         2.4500000000         1.3378393285         1.2145454769         0.0086433521
        3.5804051000         2.4500000000         1.3352870017         1.2170973543        -0.0578439721
        3.5854151000         2.4500000000         1.3378393285         1.2170973543         0.0086433521
        3.5904170000         2.4500000000         1.3378393285         1.2145454769         0.0086433521
        3.5954168000         2.4500000000         1.3378393285         1.2196492318         0.0086433521
        3.6004104000         2.4500000000         1.3403916554         1.2247529867         0.0751306764
        3.6054043000         2.4500000000         1.3659149240         1.2247529867         0.7400039186
        3.6104268000         2.4500000000         1.3735719045         1.2247529867         0.9394658913
        3.6155294000         2.4500000000         1.3327346748         1.2145454769        -0.1243312963
        3.6204397000         2.4500000000         1.3352870017         1.2170973543        -0.0578439721
        3.6254284000         2.4500000000         1.3352870017         1.2170973543        -0.0578439721
        3.6304219000         2.4500000000         1.3454963091         1.2222011093         0.2081053248
        3.6354184000         2.4500000000         1.3454963091         1.2247529867         0.2081053248
        3.6404277000         2.4500000000         1.3454963091         1.2222011093         0.2081053248
        3.6454332000         2.4500000000         1.3429439823         1.2222011093         0.1416180006
        3.6504159000         2.4500000000         1.3454963091         1.2222011093         0.2081053248
        3.6554010000         2.4500000000         1.3378393285         1.2196492318         0.0086433521
        3.6603902000         2.4500000000         1.3301823480         1.2119935994        -0.1908186205
        3.6653884000         2.4500000000         1.3327346748         1.2119935994        -0.1243312963
        3.6704017000         2.4500000000         1.3301823480         1.2119935994        -0.1908186205
        3.6753879000         2.4500000000         1.3301823480         1.2170973543        -0.1908186205
        3.6803971000         2.4500000000         1.3582579434         1.2170973543         0.5405419460
        3.6853887000         2.4500000000         1.3378393285         1.2196492318         0.0086433521
        3.6903934000         2.4500000000         1.3301823480         1.2119935994        -0.1908186205
        3.6954072000         2.4500000000         1.3378393285         1.2170973543         0.0086433521
        3.7004047000         2.4500000000         1.3454963091         1.2247529867         0.2081053248
        3.7053882000         2.4500000000         1.3429439823         1.2222011093         0.1416180006
        3.7103688000         2.4500000000         1.3429439823         1.2247529867         0.1416180006
        3.7153885000         2.4500000000         1.3352870017         1.2170973543        -0.0578439721
        3.7203997000         2.4500000000         1.3327346748         1.2119935994        -0.1243312963
        3.7254049000         2.4500000000         1.3378393285         1.2196492318         0.0086433521
        3.7303876000         2.4500000000         1.3327346748         1.2170973543        -0.1243312963
        3.7353871000         2.4500000000         1.3429439823         1.2222011093         0.1416180006
        3.7404132000         2.4500000000         1.3378393285         1.2170973543         0.0086433521
        3.7454385000         2.4500000000         1.3327346748         1.2119935994        -0.1243312963
        3.7504262000         2.4500000000         1.3378393285         1.2222011093         0.0086433521
        3.7554728000         2.4500000000         1.3557056165         1.2196492318         0.4740546217
        3.7604175000         2.4500000000         1.3429439823         1.2222011093         0.1416180006
        3.7654227000         2.4500000000         1.3429439823         1.2196492318         0.1416180006
        3.7704340000         2.4500000000         1.3429439823         1.2247529867         0.1416180006
        3.7753914000         2.4500000000         1.3301823480         1.2170973543        -0.1908186205
        3.7803954000         2.4500000000         1.3378393285         1.2170973543         0.0086433521
        3.7854015000         2.4500000000         1.3378393285         1.2170973543         0.0086433521
        3.7903915000         2.4500000000         1.3378393285         1.2170973543         0.0086433521
        3.7957184000         2.4500000000         1.3454963091         1.2247529867         0.2081053248
        3.8004120000         2.4500000000         1.3429439823         1.2247529867         0.1416180006
        3.8053993000         2.4500000000         1.3327346748         1.2119935994        -0.1243312963
        3.8104040000         2.4500000000         1.3327346748         1.2119935994        -0.1243312963
        3.8154055000         2.4500000000         1.3327346748         1.2119935994        -0.1243312963
        3.8203918000         2.4500000000         1.3454963091         1.2247529867         0.2081053248
        3.8253954000         2.4500000000         1.3429439823         1.2170973543         0.1416180006
        3.8304021000         2.4500000000         1.3506009628         1.2196492318         0.3410799733
        3.8353920000         2.4500000000         1.3301823480         1.2094417220        -0.1908186205
        3.8403878000         2.4500000000         1.3378393285         1.2170973543         0.0086433521
        3.8453826000         2.4500000000         1.3378393285         1.2170973543         0.0086433521
        3.8503998000         2.4500000000         1.3429439823         1.2170973543         0.1416180006
        3.8554056000         2.4500000000         1.3378393285         1.2145454769         0.0086433521
        3.8604435000         2.4500000000         1.3378393285         1.2170973543         0.0086433521
        3.8653737000         2.4500000000         1.3378393285         1.2196492318         0.0086433521
        3.8704400000         2.4500000000         1.3378393285         1.2170973543         0.0086433521
        3.8753920000         2.4500000000         1.3352870017         1.2170973543        -0.0578439721
        3.8804211000         2.4500000000         1.3378393285         1.2170973543         0.0086433521
        3.8854052000         2.4500000000         1.3378393285         1.2170973543         0.0086433521
        3.8904156000         2.4500000000         1.3352870017         1.2170973543        -0.0578439721
        3.8954027000         2.4500000000         1.3480486360         1.2145454769         0.2745926491
        3.9015992000         2.4500000000         1.3378393285         1.2170973543         0.0086433521
        3.9054594000         2.4500000000         1.3454963091         1.2247529867         0.2081053248
        3.9104270000         2.4500000000         1.3352870017         1.2170973543        -0.0578439721
        3.9154201000         2.4500000000         1.3429439823         1.2222011093         0.1416180006
        3.9203934000         2.4500000000         1.3378393285         1.2170973543         0.0086433521
        3.9254085000         2.4500000000         1.3378393285         1.2196492318         0.0086433521
        3.9304028000         2.4500000000         1.3429439823         1.2222011093         0.1416180006
        3.9353942000         2.4500000000         1.3454963091         1.2247529867         0.2081053248
        3.9404018000         2.4500000000         1.3352870017         1.2170973543        -0.0578439721
        3.9453809000         2.4500000000         1.3454963091         1.2222011093         0.2081053248
        3.9503919000         2.4500000000         1.3378393285         1.2170973543         0.0086433521
        3.9554016000         2.4500000000         1.3327346748         1.2119935994        -0.1243312963
        3.9604130000         2.4500000000         1.3352870017         1.2196492318        -0.0578439721
        3.9653921000         2.4500000000         1.3557056165         1.2170973543         0.4740546217
        3.9704163000         2.4500000000         1.3454963091         1.2222011093         0.2081053248
        3.9754026000         2.4500000000         1.3352870017         1.2170973543        -0.0578439721
        3.9804010000         2.4500000000         1.3352870017         1.2170973543        -0.0578439721
        3.9854007000         2.4500000000         1.3301823480         1.2119935994        -0.1908186205
        3.9903887000         2.4500000000         1.3378393285         1.2094417220         0.0086433521
        3.9953889000         2.4500000000         1.3378393285         1.2196492318         0.0086433521
        4.0003937000         2.4500000000         1.3429439823         1.2247529867         0.1416180006
