% Sweep Step 166/200  Vcmd=0.3500V  CCW 
% Vg_offset=1.337150V  K_gimbal=26.049690

Time[s]              Vcmd[V]              Vg_raw[V]            Pot[V]             Omega[rad/s]
        0.0027276000         0.3500000000         1.3378393285         4.5064673990         0.0179515775
        0.0054354000         0.3500000000         1.3301823480         4.5039155215        -0.1815103951
        0.0104417000         0.3500000000         1.3454963091         4.5141230314         0.2174135502
        0.0154369000         0.3500000000         1.3327346748         4.5013636441        -0.1150230709
        0.0204342000         0.3500000000         1.3403916554         4.5141230314         0.0844389018
        0.0254090000         0.3500000000         1.3276300211         4.5064673990        -0.2479977194
        0.0304143000         0.3500000000         1.3403916554         4.5115711539         0.0844389018
        0.0353814000         0.3500000000         1.3276300211         4.5013636441        -0.2479977194
        0.0404116000         0.3500000000         1.3250776943         4.5064673990        -0.3144850436
        0.0453938000         0.3500000000         1.1898043709         4.4758448695        -3.8383132276
        0.0504018000         0.3500000000         0.9677519344         4.4273591978        -9.6227104353
        0.0553906000         0.3500000000         0.7737750933         4.3635622613       -14.6757470766
        0.0604037000         0.3500000000         0.7074145950         4.3125247121       -16.4044175065
        0.0654049000         0.3500000000         0.6921006339         4.2436240207       -16.8033414518
        0.0703975000         0.3500000000         0.6921006339         4.1772752068       -16.8033414518
        0.0754296000         0.3500000000         0.6997576144         4.1185820252       -16.6038794791
        0.0804105000         0.3500000000         0.6869959802         4.0445775789       -16.9363161003
        0.0853888000         0.3500000000         0.6691296922         3.9756768875       -17.4017273699
        0.0903999000         0.3500000000         0.6308447893         3.9067761961       -18.3990372333
        0.0953863000         0.3500000000         0.6027691939         3.8378755047       -19.1303977997
        0.1003966000         0.3500000000         0.5976645402         3.7613191810       -19.2633724482
        0.1054009000         0.3500000000         0.5874552328         3.6847628572       -19.5293217451
        0.1104361000         0.3500000000         0.5900075596         3.6082065334       -19.4628344209
        0.1153940000         0.3500000000         0.5823505790         3.5265464547       -19.6622963936
        0.1204004000         0.3500000000         0.5695889448         3.4576457633       -19.9947330147
        0.1254085000         0.3500000000         0.5619319642         3.3836413170       -20.1941949874
        0.1303963000         0.3500000000         0.5415133493         3.2917737285       -20.7260935812
        0.1354069000         0.3500000000         0.5440656762         3.2203211597       -20.6596062570
        0.1404745000         0.3500000000         0.5415133493         3.1361092035       -20.7260935812
        0.1454490000         0.3500000000         0.5389610225         3.0621047572       -20.7925809054
        0.1504180000         0.3500000000         0.5338563688         2.9778928011       -20.9255555539
        0.1554022000         0.3500000000         0.5185424076         2.8911289674       -21.3244794992
        0.1606961000         0.3500000000         0.5185424076         2.8171245211       -21.3244794992
        0.1654110000         0.3500000000         0.5108854271         2.7329125650       -21.5239414719
        0.1704120000         0.3500000000         0.5032284465         2.6410449765       -21.7234034446
        0.1754009000         0.3500000000         0.4981237928         2.5619367752       -21.8563780930
        0.1804077000         0.3500000000         0.4981237928         2.4802766965       -21.8563780930
        0.1854170000         0.3500000000         0.5032284465         2.3935128629       -21.7234034446
        0.1903985000         0.3500000000         0.5006761196         2.3093009068       -21.7898907688
        0.1954092000         0.3500000000         0.4904668122         2.2174333183       -22.0558400657
        0.2005109000         0.3500000000         0.4853621585         2.1383251170       -22.1888147142
        0.2054043000         0.3500000000         0.4777051779         2.0490094060       -22.3882766869
        0.2104020000         0.3500000000         0.4853621585         1.9647974498       -22.1888147142
        0.2154002000         0.3500000000         0.4828098316         1.8882411261       -22.2553020384
        0.2203977000         0.3500000000         0.4751528511         1.7912697826       -22.4547640111
        0.2254096000         0.3500000000         0.4777051779         1.7172653363       -22.3882766869
        0.2303974000         0.3500000000         0.4726005242         1.6253977478       -22.5212513353
        0.2354079000         0.3500000000         0.4777051779         1.5462895465       -22.3882766869
        0.2404020000         0.3500000000         0.4674958705         1.4518700806       -22.6542259838
        0.2453981000         0.3500000000         0.4674958705         1.3702100019       -22.6542259838
        0.2504074000         0.3500000000         0.4700481974         1.2808942908       -22.5877386595
        0.2554152000         0.3500000000         0.4751528511         1.2043379670       -22.4547640111
        0.2603969000         0.3500000000         0.4700481974         1.1150222560       -22.5877386595
        0.2654198000         0.3500000000         0.4623912168         1.0206027900       -22.7872006322
        0.2704218000         0.3500000000         0.4674958705         0.9414945888       -22.6542259838
        0.2754491000         0.3500000000         0.4777051779         0.8598345101       -22.3882766869
        0.2804082000         0.3500000000         0.4649435436         0.7603112892       -22.7207133080
        0.2854130000         0.3500000000         0.4777051779         0.6786512105       -22.3882766869
        0.2903989000         0.3500000000         0.4700481974         0.5842317445       -22.5877386595
        0.2953860000         0.3500000000         0.4879144854         0.5076754207       -22.1223273899
        0.3004125000         0.3500000000         0.4930191391         0.4209115871       -21.9893527415
        0.3054274000         0.3500000000         0.4955714659         0.3264921211       -21.9228654173
        0.3104052000         0.3500000000         0.4853621585         0.2371764101       -22.1888147142
        0.3154194000         0.3500000000         0.4904668122         0.1504125765       -22.0558400657
        0.3203965000         0.3500000000         0.4777051779         0.0585449879       -22.3882766869
        0.3254734000         0.3500000000         0.4726005242        -0.0052519485       -22.5212513353
        0.3304200000         0.3500000000         0.4751528511         0.1733794736       -22.4547640111
        0.3354123000         0.3500000000         0.4828098316         5.0117391359       -22.2553020384
        0.3404074000         0.3500000000         0.4802575048         5.0040835035       -22.3217893626
        0.3453967000         0.3500000000         0.4828098316         4.9300790572       -22.2553020384
        0.3504086000         0.3500000000         0.4879144854         4.8407633461       -22.1223273899
        0.3554254000         0.3500000000         0.4828098316         4.7412401252       -22.2553020384
        0.3604282000         0.3500000000         0.4904668122         4.6646838015       -22.0558400657
        0.3653978000         0.3500000000         0.5006761196         4.5779199678       -21.7898907688
        0.3704073000         0.3500000000         0.4930191391         4.4809486244       -21.9893527415
        0.3753916000         0.3500000000         0.5083331002         4.4043923006       -21.5904287961
        0.3804077000         0.3500000000         0.5083331002         4.3176284670       -21.5904287961
        0.3853872000         0.3500000000         0.5083331002         4.2308646334       -21.5904287961
        0.3904194000         0.3500000000         0.5083331002         4.1415489224       -21.5904287961
        0.3954070000         0.3500000000         0.5261993882         4.0726482310       -21.1250175265
        0.4004071000         0.3500000000         0.5185424076         3.9705731326       -21.3244794992
        0.4055415000         0.3500000000         0.5313040419         3.9042243187       -20.9920428781
        0.4104111000         0.3500000000         0.5057807733         3.8200123625       -21.6569161204
        0.4153906000         0.3500000000         0.4649435436         3.7358004064       -22.7207133080
        0.4204374000         0.3500000000         0.4623912168         3.6439328179       -22.7872006322
        0.4253989000         0.3500000000         0.4572865631         3.5444095970       -22.9201752807
        0.4303947000         0.3500000000         0.4674958705         3.4627495183       -22.6542259838
        0.4353986000         0.3500000000         0.4751528511         3.3734338072       -22.4547640111
        0.4404061000         0.3500000000         0.4879144854         3.2917737285       -22.1223273899
        0.4453926000         0.3500000000         0.4930191391         3.1973542625       -21.9893527415
        0.4504471000         0.3500000000         0.4904668122         3.1182460613       -22.0558400657
        0.4554448000         0.3500000000         0.4802575048         3.0314822277       -22.3217893626
        0.4604132000         0.3500000000         0.4802575048         2.9498221490       -22.3217893626
        0.4654032000         0.3500000000         0.4623912168         2.8502989281       -22.7872006322
        0.4704101000         0.3500000000         0.4649435436         2.7635350945       -22.7207133080
        0.4754109000         0.3500000000         0.4674958705         2.6767712609       -22.6542259838
        0.4804115000         0.3500000000         0.4726005242         2.5951111822       -22.5212513353
        0.4853960000         0.3500000000         0.4598388899         2.5006917162       -22.8536879564
        0.4904142000         0.3500000000         0.4674958705         2.4190316375       -22.6542259838
        0.4954024000         0.3500000000         0.4649435436         2.3220602941       -22.7207133080
        0.5004231000         0.3500000000         0.4649435436         2.2327445830       -22.7207133080
        0.5054063000         0.3500000000         0.4674958705         2.1485326269       -22.6542259838
        0.5104231000         0.3500000000         0.4623912168         2.0643206707       -22.7872006322
        0.5154225000         0.3500000000         0.4572865631         1.9673493273       -22.9201752807
        0.5204680000         0.3500000000         0.4598388899         1.8856892486       -22.8536879564
        0.5254047000         0.3500000000         0.4598388899         1.8014772924       -22.8536879564
        0.5304420000         0.3500000000         0.4496295825         1.7096097039       -23.1196372533
        0.5353955000         0.3500000000         0.4572865631         1.6202939929       -22.9201752807
        0.5403755000         0.3500000000         0.4547342362         1.5335301593       -22.9866626049
        0.5453959000         0.3500000000         0.4521819094         1.4416625707       -23.0531499291
        0.5503952000         0.3500000000         0.4623912168         1.3676581244       -22.7872006322
        0.5554089000         0.3500000000         0.4572865631         1.2706867810       -22.9201752807
        0.5603885000         0.3500000000         0.4521819094         1.1839229474       -23.0531499291
        0.5653978000         0.3500000000         0.4623912168         1.1022628687       -22.7872006322
        0.5704052000         0.3500000000         0.4496295825         1.0052915252       -23.1196372533
        0.5754210000         0.3500000000         0.4572865631         0.9236314466       -22.9201752807
        0.5803952000         0.3500000000         0.4521819094         0.8317638580       -23.0531499291
        0.5853864000         0.3500000000         0.4802575048         0.7501037793       -22.3217893626
        0.5903946000         0.3500000000         0.4598388899         0.6531324359       -22.8536879564
        0.5954031000         0.3500000000         0.4649435436         0.5714723572       -22.7207133080
        0.6004047000         0.3500000000         0.4674958705         0.4719491363       -22.6542259838
        0.6053974000         0.3500000000         0.4777051779         0.3902890576       -22.3882766869
        0.6104050000         0.3500000000         0.4828098316         0.3009733466       -22.2553020384
        0.6154219000         0.3500000000         0.4751528511         0.2065538806       -22.4547640111
        0.6205939000         0.3500000000         0.4700481974         0.1223419244       -22.5877386595
        0.6254136000         0.3500000000         0.4777051779         0.0381299683       -22.3882766869
        0.6304041000         0.3500000000         0.4751528511         0.0024036839       -22.4547640111
        0.6353975000         0.3500000000         0.4751528511         1.1073666236       -22.4547640111
        0.6404048000         0.3500000000         0.4777051779         5.0142910133       -22.3882766869
        0.6453867000         0.3500000000         0.4674958705         4.9836684838       -22.6542259838
        0.6503946000         0.3500000000         0.4828098316         4.9020084051       -22.2553020384
        0.6554189000         0.3500000000         0.4930191391         4.8152445715       -21.9893527415
        0.6604450000         0.3500000000         0.4904668122         4.7182732281       -22.0558400657
        0.6654347000         0.3500000000         0.4955714659         4.6315093945       -21.9228654173
        0.6704025000         0.3500000000         0.4930191391         4.5447455609       -21.9893527415
        0.6754082000         0.3500000000         0.5134377539         4.4630854822       -21.4574541477
        0.6804442000         0.3500000000         0.5108854271         4.3763216486       -21.5239414719
        0.6854295000         0.3500000000         0.5006761196         4.2819021826       -21.7898907688
        0.6904244000         0.3500000000         0.5057807733         4.2027939814       -21.6569161204
        0.6954349000         0.3500000000         0.5057807733         4.1160301478       -21.6569161204
        0.7004570000         0.3500000000         0.5057807733         4.0343700691       -21.6569161204
        0.7054357000         0.3500000000         0.5108854271         3.9527099904       -21.5239414719
        0.7104172000         0.3500000000         0.4828098316         3.8557386469       -22.2553020384
        0.7154086000         0.3500000000         0.4623912168         3.7791823232       -22.7872006322
        0.7203928000         0.3500000000         0.4674958705         3.6975222445       -22.6542259838
        0.7254013000         0.3500000000         0.4598388899         3.5928952687       -22.8536879564
        0.7304102000         0.3500000000         0.4751528511         3.5188908224       -22.4547640111
        0.7354141000         0.3500000000         0.4777051779         3.4244713564       -22.3882766869
        0.7404160000         0.3500000000         0.4904668122         3.3453631551       -22.0558400657
        0.7454121000         0.3500000000         0.4879144854         3.2560474441       -22.1223273899
        0.7504003000         0.3500000000         0.4777051779         3.1667317330       -22.3882766869
        0.7554007000         0.3500000000         0.4700481974         3.0876235318       -22.5877386595
        0.7603954000         0.3500000000         0.4751528511         3.0008596982       -22.4547640111
        0.7654754000         0.3500000000         0.4623912168         2.8987845998       -22.7872006322
        0.7704115000         0.3500000000         0.4623912168         2.8120207662       -22.7872006322
        0.7754533000         0.3500000000         0.4674958705         2.7329125650       -22.6542259838
        0.7803996000         0.3500000000         0.4674958705         2.6435968539       -22.6542259838
        0.7854961000         0.3500000000         0.4649435436         2.5517292654       -22.7207133080
        0.7903981000         0.3500000000         0.4547342362         2.4624135543       -22.9866626049
        0.7953992000         0.3500000000         0.4649435436         2.3782015982       -22.7207133080
        0.8004111000         0.3500000000         0.4521819094         2.2786783773       -23.0531499291
        0.8053871000         0.3500000000         0.4649435436         2.1970182986       -22.7207133080
        0.8103972000         0.3500000000         0.4547342362         2.1051507101       -22.9866626049
        0.8154318000         0.3500000000         0.4521819094         2.0158349990       -23.0531499291
        0.8204258000         0.3500000000         0.4649435436         1.9265192879       -22.7207133080
        0.8255123000         0.3500000000         0.4470772556         1.8423073318       -23.1861245776
        0.8304234000         0.3500000000         0.4470772556         1.7478878658       -23.1861245776
        0.8354231000         0.3500000000         0.4521819094         1.6662277871       -23.0531499291
        0.8404274000         0.3500000000         0.4598388899         1.5871195859       -22.8536879564
        0.8453883000         0.3500000000         0.4496295825         1.4927001199       -23.1196372533
        0.8503952000         0.3500000000         0.4623912168         1.4135919187       -22.7872006322
        0.8553985000         0.3500000000         0.4521819094         1.3191724527       -23.0531499291
        0.8603991000         0.3500000000         0.4521819094         1.2298567416       -23.0531499291
        0.8653963000         0.3500000000         0.4521819094         1.1430929080       -23.0531499291
        0.8703999000         0.3500000000         0.4623912168         1.0639847068       -22.7872006322
        0.8753962000         0.3500000000         0.4496295825         0.9644614859       -23.1196372533
        0.8803958000         0.3500000000         0.4572865631         0.8828014072       -22.9201752807
        0.8854102000         0.3500000000         0.4674958705         0.7985894511       -22.6542259838
        0.8904168000         0.3500000000         0.4674958705         0.7041699851       -22.6542259838
        0.8954031000         0.3500000000         0.4623912168         0.6148542740       -22.7872006322
        0.9004022000         0.3500000000         0.4700481974         0.5306423179       -22.5877386595
        0.9053966000         0.3500000000         0.4751528511         0.4336709744       -22.4547640111
        0.9103974000         0.3500000000         0.4777051779         0.3469071408       -22.3882766869
        0.9153871000         0.3500000000         0.4700481974         0.2524876748       -22.5877386595
        0.9204147000         0.3500000000         0.4700481974         0.1606200863       -22.5877386595
        0.9254027000         0.3500000000         0.4623912168         0.0738562527       -22.7872006322
        0.9304080000         0.3500000000         0.4649435436        -0.0052519485       -22.7207133080
        0.9353975000         0.3500000000         0.4726005242         0.0024036839       -22.5212513353
        0.9405688000         0.3500000000         0.4674958705         4.9989797486       -22.6542259838
        0.9454076000         0.3500000000         0.4802575048         5.0117391359       -22.3217893626
        0.9504921000         0.3500000000         0.4751528511         4.9428384445       -22.4547640111
        0.9554031000         0.3500000000         0.4828098316         4.8560746109       -22.2553020384
        0.9604070000         0.3500000000         0.4930191391         4.7693107773       -21.9893527415
        0.9653952000         0.3500000000         0.4853621585         4.6697875564       -22.1888147142
        0.9703975000         0.3500000000         0.4930191391         4.5881274777       -21.9893527415
        0.9754070000         0.3500000000         0.4981237928         4.4962598892       -21.8563780930
        0.9803945000         0.3500000000         0.5057807733         4.4171516879       -21.6569161204
        0.9853852000         0.3500000000         0.5006761196         4.3201803445       -21.7898907688
        0.9904357000         0.3500000000         0.5032284465         4.2410721433       -21.7234034446
        0.9953918000         0.3500000000         0.5083331002         4.1568601871       -21.5904287961
        1.0004066000         0.3500000000         0.5108854271         4.0726482310       -21.5239414719
        1.0053854000         0.3500000000         0.5185424076         3.9884362748       -21.3244794992
        1.0104323000         0.3500000000         0.5108854271         3.9042243187       -21.5239414719
        1.0154256000         0.3500000000         0.4674958705         3.8200123625       -22.6542259838
        1.0204109000         0.3500000000         0.4470772556         3.7281447740       -23.1861245776
        1.0254303000         0.3500000000         0.4598388899         3.6388290629       -22.8536879564
        1.0304075000         0.3500000000         0.4649435436         3.5469614744       -22.7207133080
        1.0353959000         0.3500000000         0.4853621585         3.4729570281       -22.1888147142
        1.0403950000         0.3500000000         0.4904668122         3.3861931945       -22.0558400657
        1.0454116000         0.3500000000         0.4930191391         3.2994293609       -21.9893527415
        1.0503895000         0.3500000000         0.4802575048         3.2075617724       -22.3217893626
        1.0553975000         0.3500000000         0.4674958705         3.1233498162       -22.6542259838
        1.0604167000         0.3500000000         0.4598388899         3.0314822277       -22.8536879564
        1.0654290000         0.3500000000         0.4674958705         2.9472702715       -22.6542259838
        1.0704292000         0.3500000000         0.4726005242         2.8579545605       -22.5212513353
        1.0754297000         0.3500000000         0.4649435436         2.7635350945       -22.7207133080
        1.0803975000         0.3500000000         0.4674958705         2.6818750158       -22.6542259838
        1.0854222000         0.3500000000         0.4598388899         2.5874555498       -22.8536879564
        1.0904083000         0.3500000000         0.4674958705         2.5057954711       -22.6542259838
        1.0953971000         0.3500000000         0.4598388899         2.4215835150       -22.8536879564
        1.1004007000         0.3500000000         0.4623912168         2.3246121715       -22.7872006322
        1.1053888000         0.3500000000         0.4649435436         2.2404002154       -22.7207133080
        1.1103990000         0.3500000000         0.4674958705         2.1561882593       -22.6542259838
        1.1154084000         0.3500000000         0.4547342362         2.0566650383       -22.9866626049
        1.1203938000         0.3500000000         0.4598388899         1.9750049597       -22.8536879564
        1.1254056000         0.3500000000         0.4445249288         1.8805854937       -23.2526119018
        1.1304022000         0.3500000000         0.4496295825         1.7989254150       -23.1196372533
        1.1354688000         0.3500000000         0.4496295825         1.7045059490       -23.1196372533
        1.1406491000         0.3500000000         0.4572865631         1.6228458703       -22.9201752807
        1.1454012000         0.3500000000         0.4547342362         1.5309782818       -22.9866626049
        1.1504425000         0.3500000000         0.4547342362         1.4442144482       -22.9866626049
        1.1554108000         0.3500000000         0.4547342362         1.3625543695       -22.9866626049
        1.1604120000         0.3500000000         0.4572865631         1.2757905359       -22.9201752807
        1.1653886000         0.3500000000         0.4828098316         1.1966823347       -22.2553020384
        1.1704037000         0.3500000000         0.4547342362         1.1022628687       -22.9866626049
        1.1754076000         0.3500000000         0.4445249288         1.0103952802       -23.2526119018
        1.1803996000         0.3500000000         0.4623912168         0.9338389564       -22.7872006322
        1.1853956000         0.3500000000         0.4521819094         0.8317638580       -23.0531499291
        1.1904100000         0.3500000000         0.4572865631         0.7552075343       -22.9201752807
        1.1953960000         0.3500000000         0.4623912168         0.6633399457       -22.7872006322
        1.2004178000         0.3500000000         0.4674958705         0.5740242347       -22.6542259838
        1.2054205000         0.3500000000         0.4700481974         0.4821566461       -22.5877386595
        1.2103989000         0.3500000000         0.4726005242         0.3928409351       -22.5212513353
        1.2154050000         0.3500000000         0.4853621585         0.3111808564       -22.1888147142
        1.2204138000         0.3500000000         0.4777051779         0.2142095129       -22.3882766869
        1.2253908000         0.3500000000         0.4726005242         0.1248938019       -22.5212513353
        1.2303987000         0.3500000000         0.4674958705         0.0355780908       -22.6542259838
        1.2353972000         0.3500000000         0.4751528511         0.0075074388       -22.4547640111
        1.2403977000         0.3500000000         0.4700481974         1.1099185011       -22.5877386595
        1.2454058000         0.3500000000         0.4751528511         5.0040835035       -22.4547640111
        1.2504150000         0.3500000000         0.4777051779         4.9913241162       -22.3882766869
        1.2553974000         0.3500000000         0.4853621585         4.9096640375       -22.1888147142
        1.2604039000         0.3500000000         0.4879144854         4.8177964490       -22.1223273899
        1.2653925000         0.3500000000         0.4802575048         4.7157213506       -22.3217893626
        1.2704292000         0.3500000000         0.4828098316         4.6264056396       -22.2553020384
        1.2754059000         0.3500000000         0.5032284465         4.5524011933       -21.7234034446
        1.2804155000         0.3500000000         0.5006761196         4.4579817273       -21.7898907688
        1.2854020000         0.3500000000         0.4981237928         4.3686660162       -21.8563780930
        1.2904080000         0.3500000000         0.5083331002         4.2921096924       -21.5904287961
        1.2953958000         0.3500000000         0.5032284465         4.1976902265       -21.7234034446
        1.3003972000         0.3500000000         0.5108854271         4.1185820252       -21.5239414719
        1.3054114000         0.3500000000         0.5236470613         4.0369219465       -21.1915048508
        1.3103913000         0.3500000000         0.5159900808         3.9425024806       -21.3909668235
        1.3154063000         0.3500000000         0.4802575048         3.8608424019       -22.3217893626
        1.3204194000         0.3500000000         0.4572865631         3.7817342006       -22.9201752807
        1.3254183000         0.3500000000         0.4572865631         3.6847628572       -22.9201752807
        1.3305674000         0.3500000000         0.4751528511         3.6005509010       -22.4547640111
        1.3354115000         0.3500000000         0.4879144854         3.5214426998       -22.1223273899
        1.3403991000         0.3500000000         0.4777051779         3.4244713564       -22.3882766869
        1.3454034000         0.3500000000         0.4828098316         3.3479150326       -22.2553020384
        1.3504113000         0.3500000000         0.4777051779         3.2560474441       -22.3882766869
        1.3554005000         0.3500000000         0.4726005242         3.1667317330       -22.5212513353
        1.3604519000         0.3500000000         0.4649435436         3.0774160220       -22.7207133080
        1.3653879000         0.3500000000         0.4623912168         2.9906521883       -22.7872006322
        1.3704712000         0.3500000000         0.4726005242         2.9038883547       -22.5212513353
        1.3754081000         0.3500000000         0.4853621585         2.8247801535       -22.1888147142
        1.3804460000         0.3500000000         0.4700481974         2.7303606875       -22.5877386595
        1.3854260000         0.3500000000         0.4623912168         2.6384930990       -22.7872006322
        1.3904074000         0.3500000000         0.4700481974         2.5593848978       -22.5877386595
        1.3954587000         0.3500000000         0.4623912168         2.4649654318       -22.7872006322
        1.4004014000         0.3500000000         0.4623912168         2.3782015982       -22.7872006322
        1.4054022000         0.3500000000         0.4700481974         2.2939896420       -22.5877386595
        1.4104146000         0.3500000000         0.4674958705         2.1970182986       -22.6542259838
        1.4153948000         0.3500000000         0.4649435436         2.1128063424       -22.7207133080
        1.4204045000         0.3500000000         0.4700481974         2.0285943863       -22.5877386595
        1.4253973000         0.3500000000         0.4598388899         1.9290711654       -22.8536879564
        1.4304269000         0.3500000000         0.4572865631         1.8499629642       -22.9201752807
        1.4354117000         0.3500000000         0.4572865631         1.7631991306       -22.9201752807
        1.4403868000         0.3500000000         0.4572865631         1.6764352970       -22.9201752807
        1.4454000000         0.3500000000         0.4547342362         1.5845677084       -22.9866626049
        1.4504104000         0.3500000000         0.4674958705         1.5105632621       -22.6542259838
        1.4554064000         0.3500000000         0.4649435436         1.4186956736       -22.7207133080
        1.4603958000         0.3500000000         0.4572865631         1.3242762076       -22.9201752807
        1.4654103000         0.3500000000         0.4623912168         1.2477198838       -22.7872006322
        1.4703882000         0.3500000000         0.4649435436         1.1660598052       -22.7207133080
        1.4754052000         0.3500000000         0.4598388899         1.0792959716       -22.8536879564
        1.4804053000         0.3500000000         0.4572865631         0.9899802605       -22.9201752807
        1.4854050000         0.3500000000         0.4470772556         0.8904570396       -23.1861245776
        1.4904026000         0.3500000000         0.4521819094         0.8087969609       -23.0531499291
        1.4954155000         0.3500000000         0.4623912168         0.7245850047       -22.7872006322
        1.5003966000         0.3500000000         0.4470772556         0.6199580289       -23.1861245776
        1.5053856000         0.3500000000         0.4623912168         0.5408498277       -22.7872006322
        1.5103880000         0.3500000000         0.4649435436         0.4464303617       -22.7207133080
        1.5153985000         0.3500000000         0.4674958705         0.3571146507       -22.6542259838
        1.5203834000         0.3500000000         0.4802575048         0.2729026945       -22.3217893626
        1.5254174000         0.3500000000         0.4802575048         0.1835869834       -22.3217893626
        1.5303945000         0.3500000000         0.4751528511         0.0891675175       -22.4547640111
        1.5354113000         0.3500000000         0.4674958705        -0.0001481936       -22.6542259838
        1.5403971000         0.3500000000         0.4828098316         0.0049555613       -22.2553020384
        1.5453981000         0.3500000000         0.4751528511         4.9913241162       -22.4547640111
        1.5504087000         0.3500000000         0.4700481974         5.0015316260       -22.5877386595
        1.5553968000         0.3500000000         0.4853621585         4.9632534642       -22.1888147142
        1.5604369000         0.3500000000         0.4828098316         4.8688339982       -22.2553020384
        1.5654186000         0.3500000000         0.4853621585         4.7795182871       -22.1888147142
        1.5703957000         0.3500000000         0.4955714659         4.6876506986       -21.9228654173
        1.5754144000         0.3500000000         0.5032284465         4.5983349875       -21.7234034446
        1.5804122000         0.3500000000         0.5032284465         4.5115711539       -21.7234034446
        1.5853980000         0.3500000000         0.5057807733         4.4273591978       -21.6569161204
        1.5903963000         0.3500000000         0.5006761196         4.3405953642       -21.7898907688
        1.5953935000         0.3500000000         0.5006761196         4.2538315306       -21.7898907688
        1.6003958000         0.3500000000         0.5083331002         4.1721714519       -21.5904287961
        1.6054368000         0.3500000000         0.5261993882         4.0981670056       -21.1250175265
        1.6104041000         0.3500000000         0.5032284465         3.9986437847       -21.7234034446
        1.6154007000         0.3500000000         0.4828098316         3.9144318285       -22.2553020384
        1.6204031000         0.3500000000         0.4674958705         3.8378755047       -22.6542259838
        1.6253920000         0.3500000000         0.4598388899         3.7383522838       -22.8536879564
        1.6304042000         0.3500000000         0.4726005242         3.6541403277       -22.5212513353
        1.6354065000         0.3500000000         0.4879144854         3.5775840039       -22.1223273899
        1.6404278000         0.3500000000         0.4879144854         3.4882682929       -22.1223273899
        1.6454094000         0.3500000000         0.4879144854         3.3964007043       -22.1223273899
        1.6504107000         0.3500000000         0.4751528511         3.3070849933       -22.4547640111
        1.6554149000         0.3500000000         0.4700481974         3.2279767920       -22.5877386595
        1.6604928000         0.3500000000         0.4726005242         3.1386610810       -22.5212513353
        1.6654812000         0.3500000000         0.4853621585         3.0570010023       -22.1888147142
        1.6704514000         0.3500000000         0.4751528511         2.9574777814       -22.4547640111
        1.6754713000         0.3500000000         0.4674958705         2.8707139478       -22.6542259838
        1.6804799000         0.3500000000         0.4700481974         2.7865019916       -22.5877386595
        1.6854782000         0.3500000000         0.4700481974         2.7048419129       -22.5877386595
        1.6904248000         0.3500000000         0.4572865631         2.6053186920       -22.9201752807
        1.6954356000         0.3500000000         0.4623912168         2.5236586133       -22.7872006322
        1.7004322000         0.3500000000         0.4598388899         2.4317910248       -22.8536879564
        1.7054379000         0.3500000000         0.4598388899         2.3399234363       -22.8536879564
        1.7104399000         0.3500000000         0.4623912168         2.2506077252       -22.7872006322
        1.7154289000         0.3500000000         0.4726005242         2.1740514015       -22.5212513353
        1.7204333000         0.3500000000         0.4649435436         2.0796319355       -22.7207133080
        1.7254314000         0.3500000000         0.4623912168         1.9928681019       -22.7872006322
        1.7304261000         0.3500000000         0.4649435436         1.9137599006       -22.7207133080
        1.7354206000         0.3500000000         0.4470772556         1.8142366797       -23.1861245776
        1.7404666000         0.3500000000         0.4598388899         1.7376803560       -22.8536879564
        1.7454155000         0.3500000000         0.4598388899         1.6458127674       -22.8536879564
        1.7508044000         0.3500000000         0.4598388899         1.5616008113       -22.8536879564
        1.7554234000         0.3500000000         0.4598388899         1.4748369777       -22.8536879564
        1.7604295000         0.3500000000         0.4674958705         1.3931768990       -22.6542259838
        1.7654094000         0.3500000000         0.4598388899         1.3038611879       -22.8536879564
        1.7706134000         0.3500000000         0.4521819094         1.2094417220       -23.0531499291
        1.7754049000         0.3500000000         0.4674958705         1.1354372756       -22.6542259838
        1.7804305000         0.3500000000         0.4674958705         1.0461215646       -22.6542259838
        1.7853920000         0.3500000000         0.4623912168         0.9619096084       -22.7872006322
        1.7903988000         0.3500000000         0.4598388899         0.8674901425       -22.8536879564
        1.7954064000         0.3500000000         0.4598388899         0.7807263088       -22.8536879564
        1.8004151000         0.3500000000         0.4547342362         0.6863068429       -22.9866626049
        1.8054064000         0.3500000000         0.4623912168         0.6046467642       -22.7872006322
        1.8104144000         0.3500000000         0.4547342362         0.5102272982       -22.9866626049
        1.8153916000         0.3500000000         0.4649435436         0.4183597097       -22.7207133080
        1.8204093000         0.3500000000         0.4828098316         0.3366996310       -22.2553020384
        1.8254109000         0.3500000000         0.4598388899         0.2295207777       -22.8536879564
        1.8304073000         0.3500000000         0.4674958705         0.1555163314       -22.6542259838
        1.8354076000         0.3500000000         0.4572865631         0.0508893556       -22.9201752807
        1.8403927000         0.3500000000         0.4726005242         0.0075074388       -22.5212513353
        1.8453953000         0.3500000000         0.4674958705         1.1073666236       -22.6542259838
        1.8504052000         0.3500000000         0.4623912168         5.0040835035       -22.7872006322
        1.8553933000         0.3500000000         0.4726005242         5.0066353810       -22.5212513353
        1.8604275000         0.3500000000         0.4726005242         4.9198715474       -22.5212513353
        1.8654044000         0.3500000000         0.4828098316         4.8331077137       -22.2553020384
        1.8703963000         0.3500000000         0.4879144854         4.7412401252       -22.1223273899
        1.8753976000         0.3500000000         0.4981237928         4.6595800465       -21.8563780930
        1.8804110000         0.3500000000         0.5057807733         4.5702643355       -21.6569161204
        1.8854191000         0.3500000000         0.5083331002         4.4758448695       -21.5904287961
        1.8904257000         0.3500000000         0.4904668122         4.3941847908       -22.0558400657
        1.8954152000         0.3500000000         0.5057807733         4.3099728347       -21.6569161204
        1.9003996000         0.3500000000         0.5032284465         4.2181052461       -21.7234034446
        1.9054056000         0.3500000000         0.5134377539         4.1389970449       -21.4574541477
        1.9104057000         0.3500000000         0.5210947345         4.0624407211       -21.2579921750
        1.9154026000         0.3500000000         0.5057807733         3.9629175002       -21.6569161204
        1.9204038000         0.3500000000         0.4726005242         3.8838092990       -22.5212513353
        1.9253862000         0.3500000000         0.4572865631         3.7970454654       -22.9201752807
        1.9303937000         0.3500000000         0.4649435436         3.7026259994       -22.7207133080
        1.9354072000         0.3500000000         0.4853621585         3.6286215531       -22.1888147142
        1.9404122000         0.3500000000         0.4777051779         3.5367539646       -22.3882766869
        1.9453953000         0.3500000000         0.4777051779         3.4499901310       -22.3882766869
        1.9503988000         0.3500000000         0.4828098316         3.3632262974       -22.2553020384
        1.9553994000         0.3500000000         0.4777051779         3.2739105863       -22.3882766869
        1.9603919000         0.3500000000         0.4751528511         3.1896986301       -22.4547640111
        1.9654080000         0.3500000000         0.4649435436         3.0952791642       -22.7207133080
        1.9703931000         0.3500000000         0.4828098316         3.0212747179       -22.2553020384
        1.9754025000         0.3500000000         0.4751528511         2.9319590068       -22.4547640111
        1.9804084000         0.3500000000         0.4674958705         2.8349876633       -22.6542259838
        1.9854030000         0.3500000000         0.4726005242         2.7558794621       -22.5212513353
        1.9903951000         0.3500000000         0.4700481974         2.6640118736       -22.5877386595
        1.9954102000         0.3500000000         0.4700481974         2.5772480400       -22.5877386595
        2.0004154000         0.3500000000         0.4623912168         2.4828285740       -22.7872006322
        2.0054069000         0.3500000000         0.4700481974         2.4062722502       -22.5877386595
        2.0104161000         0.3500000000         0.4649435436         2.3093009068       -22.7207133080
        2.0154446000         0.3500000000         0.4700481974         2.2225370732       -22.5877386595
        2.0204280000         0.3500000000         0.4623912168         2.1281176072       -22.7872006322
        2.0254170000         0.3500000000         0.4623912168         2.0464575285       -22.7872006322
        2.0304181000         0.3500000000         0.4598388899         1.9520380625       -22.8536879564
        2.0354248000         0.3500000000         0.4547342362         1.8729298613       -22.9866626049
        2.0404156000         0.3500000000         0.4547342362         1.7887179052       -22.9866626049
        2.0454167000         0.3500000000         0.4521819094         1.6968503166       -23.0531499291
        2.0504321000         0.3500000000         0.4572865631         1.6126383605       -22.9201752807
        2.0554400000         0.3500000000         0.4674958705         1.5258745269       -22.6542259838
        2.0604308000         0.3500000000         0.4649435436         1.4340069384       -22.7207133080
        2.0654214000         0.3500000000         0.4598388899         1.3548987371       -22.8536879564
        2.0704273000         0.3500000000         0.4572865631         1.2681349035       -22.9201752807
        2.0754322000         0.3500000000         0.4521819094         1.1813710699       -23.0531499291
        2.0804324000         0.3500000000         0.4572865631         1.0946072363       -22.9201752807
        2.0854178000         0.3500000000         0.4547342362         1.0078434027       -22.9866626049
        2.0903984000         0.3500000000         0.4470772556         0.9159758142       -23.1861245776
        2.0954385000         0.3500000000         0.4623912168         0.8368676129       -22.7872006322
        2.1004165000         0.3500000000         0.4496295825         0.7373443920       -23.1196372533
        2.1054072000         0.3500000000         0.4572865631         0.6505805584       -22.9201752807
        2.1103988000         0.3500000000         0.4623912168         0.5663686023       -22.7872006322
        2.1154014000         0.3500000000         0.4572865631         0.4642935039       -22.9201752807
        2.1203985000         0.3500000000         0.4726005242         0.3877371802       -22.5212513353
        2.1253861000         0.3500000000         0.4700481974         0.2958695916       -22.5877386595
        2.1304116000         0.3500000000         0.4802575048         0.2091057580       -22.3217893626
        2.1353963000         0.3500000000         0.4674958705         0.1121344146       -22.6542259838
        2.1404711000         0.3500000000         0.4649435436         0.0151630711       -22.7207133080
        2.1453954000         0.3500000000         0.4726005242        -0.0001481936       -22.5212513353
        2.1503997000         0.3500000000         0.4828098316         1.1124703785       -22.2553020384
        2.1553854000         0.3500000000         0.4700481974         5.0015316260       -22.5877386595
        2.1603994000         0.3500000000         0.4751528511         4.9785647289       -22.4547640111
        2.1653756000         0.3500000000         0.4751528511         4.8866971404       -22.4547640111
        2.1703884000         0.3500000000         0.4955714659         4.8101408166       -21.9228654173
        2.1753931000         0.3500000000         0.4955714659         4.7131694732       -21.9228654173
        2.1804098000         0.3500000000         0.5083331002         4.6187500072       -21.5904287961
        2.1853871000         0.3500000000         0.5006761196         4.5319861736       -21.7898907688
        2.1904030000         0.3500000000         0.4981237928         4.4477742174       -21.8563780930
        2.1954260000         0.3500000000         0.5057807733         4.3635622613       -21.6569161204
        2.2004262000         0.3500000000         0.5083331002         4.2767984277       -21.5904287961
        2.2054050000         0.3500000000         0.5108854271         4.1925864715       -21.5239414719
        2.2104044000         0.3500000000         0.5134377539         4.1134782703       -21.4574541477
        2.2153974000         0.3500000000         0.5134377539         4.0241625592       -21.4574541477
        2.2204046000         0.3500000000         0.5006761196         3.9450543580       -21.7898907688
        2.2254084000         0.3500000000         0.4547342362         3.8557386469       -22.9866626049
        2.2304418000         0.3500000000         0.4623912168         3.7689748133       -22.7872006322
        2.2354110000         0.3500000000         0.4674958705         3.6745553474       -22.6542259838
        2.2404035000         0.3500000000         0.4751528511         3.5877915138       -22.4547640111
        2.2454191000         0.3500000000         0.4879144854         3.5061314351       -22.1223273899
        2.2504071000         0.3500000000         0.4904668122         3.4193676015       -22.0558400657
        2.2553883000         0.3500000000         0.4777051779         3.3326037679       -22.3882766869
        2.2603997000         0.3500000000         0.4700481974         3.2407361793       -22.5877386595
        2.2654058000         0.3500000000         0.4726005242         3.1590761006       -22.5212513353
        2.2704059000         0.3500000000         0.4751528511         3.0748641445       -22.4547640111
        2.2754298000         0.3500000000         0.4751528511         2.9906521883       -22.4547640111
        2.2804391000         0.3500000000         0.4802575048         2.9013364773       -22.3217893626
        2.2854180000         0.3500000000         0.4853621585         2.8171245211       -22.1888147142
        2.2904032000         0.3500000000         0.4623912168         2.7176013002       -22.7872006322
        2.2954036000         0.3500000000         0.4700481974         2.6384930990       -22.5877386595
        2.3004222000         0.3500000000         0.4700481974         2.5517292654       -22.5877386595
        2.3054118000         0.3500000000         0.4623912168         2.4547579220       -22.7872006322
        2.3104837000         0.3500000000         0.4674958705         2.3730978433       -22.6542259838
        2.3153964000         0.3500000000         0.4674958705         2.2863340097       -22.6542259838
        2.3204040000         0.3500000000         0.4726005242         2.1970182986       -22.5212513353
        2.3255422000         0.3500000000         0.4700481974         2.1102544650       -22.5877386595
        2.3304671000         0.3500000000         0.4700481974         2.0285943863       -22.5877386595
        2.3354018000         0.3500000000         0.4598388899         1.9341749203       -22.8536879564
        2.3404113000         0.3500000000         0.4572865631         1.8499629642       -22.9201752807
        2.3454221000         0.3500000000         0.4674958705         1.7708547629       -22.6542259838
        2.3504669000         0.3500000000         0.4598388899         1.6764352970       -22.8536879564
        2.3554693000         0.3500000000         0.4700481974         1.5947752183       -22.5877386595
        2.3604764000         0.3500000000         0.4649435436         1.5054595072       -22.7207133080
        2.3654282000         0.3500000000         0.4623912168         1.4110400412       -22.7872006322
        2.3704384000         0.3500000000         0.4674958705         1.3268280851       -22.6542259838
        2.3754218000         0.3500000000         0.4649435436         1.2477198838       -22.7207133080
        2.3804353000         0.3500000000         0.4598388899         1.1558522953       -22.8536879564
        2.3854813000         0.3500000000         0.4649435436         1.0767440941       -22.7207133080
        2.3904823000         0.3500000000         0.4623912168         0.9874283830       -22.7872006322
        2.3954285000         0.3500000000         0.4572865631         0.8930089170       -22.9201752807
        2.4004130000         0.3500000000         0.4649435436         0.8190044707       -22.7207133080
        2.4054276000         0.3500000000         0.4623912168         0.7245850047       -22.7872006322
        2.4104905000         0.3500000000         0.4521819094         0.6301655388       -23.0531499291
        2.4154149000         0.3500000000         0.4649435436         0.5485054601       -22.7207133080
        2.4204940000         0.3500000000         0.4674958705         0.4515341166       -22.6542259838
        2.4254364000         0.3500000000         0.4623912168         0.3596665281       -22.7872006322
        2.4304366000         0.3500000000         0.4700481974         0.2729026945       -22.5877386595
        2.4354250000         0.3500000000         0.4674958705         0.1784832285       -22.6542259838
        2.4405019000         0.3500000000         0.4751528511         0.0993750273       -22.4547640111
        2.4454212000         0.3500000000         0.4674958705         0.0100593162       -22.6542259838
        2.4505525000         0.3500000000         0.4726005242         0.0024036839       -22.5212513353
        2.4554127000         0.3500000000         0.4726005242         1.1099185011       -22.5212513353
        2.4604127000         0.3500000000         0.4726005242         5.0091872584       -22.5212513353
        2.4654083000         0.3500000000         0.4828098316         4.9709090965       -22.2553020384
        2.4703876000         0.3500000000         0.4700481974         4.8662821207       -22.5877386595
        2.4754029000         0.3500000000         0.4828098316         4.7846220420       -22.2553020384
        2.4803978000         0.3500000000         0.4879144854         4.6902025760       -22.1223273899
        2.4854572000         0.3500000000         0.4879144854         4.5957831101       -22.1223273899
        2.4903938000         0.3500000000         0.5083331002         4.5217786637       -21.5904287961
        2.4954014000         0.3500000000         0.5032284465         4.4222554428       -21.7234034446
        2.5004103000         0.3500000000         0.5210947345         4.3508028740       -21.2579921750
        2.5053934000         0.3500000000         0.5159900808         4.2614871629       -21.3909668235
        2.5104045000         0.3500000000         0.5236470613         4.1772752068       -21.1915048508
        2.5153949000         0.3500000000         0.5159900808         4.0981670056       -21.3909668235
        2.5204038000         0.3500000000         0.4981237928         4.0037475396       -21.8563780930
        2.5254022000         0.3500000000         0.4598388899         3.9220874609       -22.8536879564
        2.5303966000         0.3500000000         0.4649435436         3.8327717498       -22.7207133080
        2.5353926000         0.3500000000         0.4649435436         3.7434560388       -22.7207133080
        2.5404072000         0.3500000000         0.4802575048         3.6592440826       -22.3217893626
        2.5453942000         0.3500000000         0.4879144854         3.5724802490       -22.1223273899
        2.5504029000         0.3500000000         0.4828098316         3.4831645379       -22.2553020384
        2.5553884000         0.3500000000         0.4853621585         3.4066082142       -22.1888147142
        2.5606026000         0.3500000000         0.4726005242         3.3147406256       -22.5212513353
        2.5654039000         0.3500000000         0.4726005242         3.2228730371       -22.5212513353
        2.5704087000         0.3500000000         0.4828098316         3.1412129584       -22.2553020384
        2.5753971000         0.3500000000         0.4777051779         3.0544491248       -22.3882766869
        2.5804304000         0.3500000000         0.4726005242         2.9625815363       -22.5212513353
        2.5854051000         0.3500000000         0.4802575048         2.8834733351       -22.3217893626
        2.5904089000         0.3500000000         0.4853621585         2.8018132564       -22.1888147142
        2.5954038000         0.3500000000         0.4674958705         2.7048419129       -22.6542259838
        2.6004133000         0.3500000000         0.4674958705         2.6282855892       -22.6542259838
        2.6054230000         0.3500000000         0.4726005242         2.5364180006       -22.5212513353
        2.6104076000         0.3500000000         0.4700481974         2.4419985347       -22.5877386595
        2.6154428000         0.3500000000         0.4726005242         2.3501309461       -22.5212513353
        2.6203982000         0.3500000000         0.4751528511         2.2761264998       -22.4547640111
        2.6254080000         0.3500000000         0.4700481974         2.1740514015       -22.5877386595
        2.6303933000         0.3500000000         0.4726005242         2.0949432002       -22.5212513353
        2.6353946000         0.3500000000         0.4674958705         2.0005237343       -22.6542259838
        2.6404240000         0.3500000000         0.4649435436         1.9214155330       -22.7207133080
        2.6454495000         0.3500000000         0.4521819094         1.8295479445       -23.0531499291
        2.6504024000         0.3500000000         0.4598388899         1.7478878658       -22.8536879564
        2.6554051000         0.3500000000         0.4649435436         1.6611240322       -22.7207133080
        2.6604006000         0.3500000000         0.4572865631         1.5692564437       -22.9201752807
        2.6654222000         0.3500000000         0.4649435436         1.4901482425       -22.7207133080
        2.6704080000         0.3500000000         0.4700481974         1.4110400412       -22.5877386595
        2.6753933000         0.3500000000         0.4623912168         1.3191724527       -22.7872006322
        2.6804004000         0.3500000000         0.4649435436         1.2375123740       -22.7207133080
        2.6853837000         0.3500000000         0.4572865631         1.1456447855       -22.9201752807
        2.6903956000         0.3500000000         0.4521819094         1.0588809519       -23.0531499291
        2.6954052000         0.3500000000         0.4445249288         0.9746689957       -23.2526119018
        2.7004502000         0.3500000000         0.4419726019         0.8828014072       -23.3190992260
        2.7054162000         0.3500000000         0.4445249288         0.7909338187       -23.2526119018
        2.7104456000         0.3500000000         0.4496295825         0.7041699851       -23.1196372533
        2.7154067000         0.3500000000         0.4470772556         0.6123023966       -23.1861245776
        2.7204094000         0.3500000000         0.4445249288         0.5127791757       -23.2526119018
        2.7254056000         0.3500000000         0.4572865631         0.4285672195       -22.9201752807
        2.7304120000         0.3500000000         0.4598388899         0.3443552634       -22.8536879564
        2.7354014000         0.3500000000         0.4521819094         0.2397282875       -23.0531499291
        2.7404365000         0.3500000000         0.4572865631         0.1555163314       -22.9201752807
        2.7454441000         0.3500000000         0.4649435436         0.0713043752       -22.7207133080
        2.7503937000         0.3500000000         0.4649435436         0.0100593162       -22.7207133080
        2.7554101000         0.3500000000         0.4598388899         0.9210795691       -22.8536879564
        2.7604135000         0.3500000000         0.4623912168         5.0066353810       -22.7872006322
        2.7653987000         0.3500000000         0.4751528511         5.0040835035       -22.4547640111
        2.7704078000         0.3500000000         0.4828098316         4.9275271797       -22.2553020384
        2.7754192000         0.3500000000         0.4879144854         4.8407633461       -22.1223273899
        2.7804388000         0.3500000000         0.5032284465         4.7412401252       -21.7234034446
        2.7854343000         0.3500000000         0.5032284465         4.6570281691       -21.7234034446
        2.7904187000         0.3500000000         0.5313040419         4.5830237228       -20.9920428781
        2.7954258000         0.3500000000         0.5210947345         4.4911561342       -21.2579921750
        2.8004468000         0.3500000000         0.5261993882         4.4094960556       -21.1250175265
        2.8054263000         0.3500000000         0.5236470613         4.3252840994       -21.1915048508
        2.8104495000         0.3500000000         0.5236470613         4.2410721433       -21.1915048508
        2.8154432000         0.3500000000         0.5185424076         4.1619639420       -21.3244794992
        2.8204061000         0.3500000000         0.4981237928         4.0752001084       -21.8563780930
        2.8254581000         0.3500000000         0.4674958705         3.9858843974       -22.6542259838
        2.8304325000         0.3500000000         0.4572865631         3.8991205638       -22.9201752807
        2.8355594000         0.3500000000         0.4623912168         3.8123567301       -22.7872006322
        2.8404627000         0.3500000000         0.4674958705         3.7306966515       -22.6542259838
        2.8454196000         0.3500000000         0.4726005242         3.6286215531       -22.5212513353
        2.8504308000         0.3500000000         0.4828098316         3.5444095970       -22.2553020384
        2.8554055000         0.3500000000         0.4828098316         3.4627495183       -22.2553020384
        2.8604281000         0.3500000000         0.5006761196         3.3759856847       -21.7898907688
        2.8654278000         0.3500000000         0.4700481974         3.2866699736       -22.5877386595
        2.8704736000         0.3500000000         0.4700481974         3.1999061400       -22.5877386595
        2.8754237000         0.3500000000         0.4777051779         3.1156941838       -22.3882766869
        2.8804297000         0.3500000000         0.4751528511         3.0314822277       -22.4547640111
        2.8854347000         0.3500000000         0.4700481974         2.9345108842       -22.5877386595
        2.8904121000         0.3500000000         0.4674958705         2.8528508056       -22.6542259838
        2.8953999000         0.3500000000         0.4700481974         2.7660869720       -22.5877386595
        2.9004464000         0.3500000000         0.4674958705         2.6767712609       -22.6542259838
        2.9054282000         0.3500000000         0.4623912168         2.5874555498       -22.7872006322
        2.9104241000         0.3500000000         0.4674958705         2.5057954711       -22.6542259838
        2.9154136000         0.3500000000         0.4572865631         2.4062722502       -22.9201752807
        2.9203974000         0.3500000000         0.4726005242         2.3297159265       -22.5212513353
        2.9254043000         0.3500000000         0.4674958705         2.2352964605       -22.6542259838
        2.9304996000         0.3500000000         0.4674958705         2.1459807494       -22.6542259838
        2.9354258000         0.3500000000         0.4726005242         2.0643206707       -22.5212513353
        2.9404295000         0.3500000000         0.4700481974         1.9724530822       -22.5877386595
        2.9454379000         0.3500000000         0.4547342362         1.8805854937       -22.9866626049
        2.9504052000         0.3500000000         0.4623912168         1.8091329248       -22.7872006322
        2.9554131000         0.3500000000         0.4649435436         1.7198172138       -22.7207133080
        2.9604130000         0.3500000000         0.4726005242         1.6356052576       -22.5212513353
        2.9660066000         0.3500000000         0.4700481974         1.5462895465       -22.5877386595
        2.9703950000         0.3500000000         0.4649435436         1.4518700806       -22.7207133080
        2.9754199000         0.3500000000         0.4700481974         1.3702100019       -22.5877386595
        2.9804259000         0.3500000000         0.4700481974         1.2834461683       -22.5877386595
        2.9853896000         0.3500000000         0.4700481974         1.1992342121       -22.5877386595
        2.9904107000         0.3500000000         0.4623912168         1.1099185011       -22.7872006322
        2.9953940000         0.3500000000         0.4751528511         1.0359140547       -22.4547640111
        3.0004045000         0.3500000000         0.4700481974         0.9440464662       -22.5877386595
        3.0054203000         0.3500000000         0.4726005242         0.8547307552       -22.5212513353
        3.0105303000         0.3500000000         0.4751528511         0.7756225539       -22.4547640111
        3.0154105000         0.3500000000         0.4674958705         0.6812030879       -22.6542259838
        3.0204243000         0.3500000000         0.4623912168         0.5842317445       -22.7872006322
        3.0254278000         0.3500000000         0.4674958705         0.5000197884       -22.6542259838
        3.0304384000         0.3500000000         0.4828098316         0.4209115871       -22.2553020384
        3.0354000000         0.3500000000         0.4751528511         0.3239402437       -22.4547640111
        3.0403998000         0.3500000000         0.4726005242         0.2346245326       -22.5212513353
        3.0454102000         0.3500000000         0.4674958705         0.1427569441       -22.6542259838
        3.0504458000         0.3500000000         0.4598388899         0.0483374781       -22.8536879564
        3.0554020000         0.3500000000         0.4572865631        -0.0027000711       -22.9201752807
        3.0604657000         0.3500000000         0.4623912168         1.1073666236       -22.7872006322
        3.0654342000         0.3500000000         0.4623912168         5.0066353810       -22.7872006322
        3.0704352000         0.3500000000         0.4572865631         5.0040835035       -22.9201752807
        3.0754172000         0.3500000000         0.4726005242         4.9249753023       -22.5212513353
        3.0804075000         0.3500000000         0.4726005242         4.8331077137       -22.5212513353
        3.0853989000         0.3500000000         0.4828098316         4.7386882478       -22.2553020384
        3.0904366000         0.3500000000         0.4802575048         4.6442687818       -22.3217893626
        3.0954272000         0.3500000000         0.4828098316         4.5472974383       -22.2553020384
        3.1004656000         0.3500000000         0.4879144854         4.4630854822       -22.1223273899
        3.1054154000         0.3500000000         0.4981237928         4.3788735260       -21.8563780930
        3.1104124000         0.3500000000         0.5083331002         4.3023172023       -21.5904287961
        3.1154379000         0.3500000000         0.5083331002         4.2104496138       -21.5904287961
        3.1204146000         0.3500000000         0.5185424076         4.1338932900       -21.3244794992
        3.1254232000         0.3500000000         0.5236470613         4.0496813338       -21.1915048508
        3.1304160000         0.3500000000         0.5159900808         3.9603656228       -21.3909668235
        3.1354155000         0.3500000000         0.4828098316         3.8659461568       -22.2553020384
        3.1404816000         0.3500000000         0.4547342362         3.7919417105       -22.9866626049
        3.1455347000         0.3500000000         0.4572865631         3.6975222445       -22.9201752807
        3.1504167000         0.3500000000         0.4674958705         3.6082065334       -22.6542259838
        3.1554073000         0.3500000000         0.4879144854         3.5239945773       -22.1223273899
        3.1604355000         0.3500000000         0.4828098316         3.4295751113       -22.2553020384
        3.1654321000         0.3500000000         0.4981237928         3.3555706650       -21.8563780930
        3.1704121000         0.3500000000         0.4751528511         3.2611511990       -22.4547640111
        3.1754157000         0.3500000000         0.4598388899         3.1692836105       -22.8536879564
        3.1803905000         0.3500000000         0.4751528511         3.0978310416       -22.4547640111
        3.1854078000         0.3500000000         0.4802575048         3.0110672080       -22.3217893626
        3.1904120000         0.3500000000         0.4879144854         2.9243033744       -22.1223273899
        3.1953966000         0.3500000000         0.4649435436         2.8222282761       -22.7207133080
        3.2004282000         0.3500000000         0.4674958705         2.7405681974       -22.6542259838
        3.2053946000         0.3500000000         0.4674958705         2.6538043638       -22.6542259838
        3.2103928000         0.3500000000         0.4623912168         2.5593848978       -22.7872006322
        3.2154135000         0.3500000000         0.4623912168         2.4751729416       -22.7872006322
        3.2203924000         0.3500000000         0.4700481974         2.3935128629       -22.5877386595
        3.2254064000         0.3500000000         0.4751528511         2.3093009068       -22.4547640111
        3.2304029000         0.3500000000         0.4726005242         2.2148814408       -22.5212513353
        3.2353718000         0.3500000000         0.4674958705         2.1255657297       -22.6542259838
        3.2404028000         0.3500000000         0.4547342362         2.0362500187       -22.9866626049
        3.2453839000         0.3500000000         0.4623912168         1.9494861851       -22.7872006322
        3.2503921000         0.3500000000         0.4521819094         1.8576185965       -23.0531499291
        3.2553788000         0.3500000000         0.4598388899         1.7759585179       -22.8536879564
        3.2604126000         0.3500000000         0.4674958705         1.6968503166       -22.6542259838
        3.2653931000         0.3500000000         0.4649435436         1.5973270957       -22.7207133080
        3.2704018000         0.3500000000         0.4726005242         1.5182188945       -22.5212513353
        3.2753805000         0.3500000000         0.4726005242         1.4340069384       -22.5212513353
        3.2803990000         0.3500000000         0.4674958705         1.3395874724       -22.6542259838
        3.2854031000         0.3500000000         0.4726005242         1.2604792711       -22.5212513353
        3.2904131000         0.3500000000         0.4777051779         1.1839229474       -22.3882766869
        3.2953930000         0.3500000000         0.4598388899         1.0869516039       -22.8536879564
        3.3004035000         0.3500000000         0.4751528511         1.0078434027       -22.4547640111
        3.3053862000         0.3500000000         0.4649435436         0.9134239367       -22.7207133080
        3.3103989000         0.3500000000         0.4828098316         0.8419713679       -22.2553020384
        3.3154049000         0.3500000000         0.4751528511         0.7475519019       -22.4547640111
        3.3203955000         0.3500000000         0.4726005242         0.6633399457       -22.5212513353
        3.3254318000         0.3500000000         0.4751528511         0.5689204797       -22.4547640111
        3.3304171000         0.3500000000         0.4777051779         0.4821566461       -22.3882766869
        3.3353872000         0.3500000000         0.4904668122         0.4030484449       -22.0558400657
        3.3403984000         0.3500000000         0.4828098316         0.3060771015       -22.2553020384
        3.3453895000         0.3500000000         0.4802575048         0.2193132679       -22.3217893626
        3.3504111000         0.3500000000         0.4726005242         0.1299975568       -22.5212513353
        3.3554003000         0.3500000000         0.4802575048         0.0457856007       -22.3217893626
        3.3603920000         0.3500000000         0.4700481974         0.0024036839       -22.5877386595
        3.3653962000         0.3500000000         0.4623912168         1.1022628687       -22.7872006322
        3.3703987000         0.3500000000         0.4700481974         5.0066353810       -22.5877386595
        3.3753798000         0.3500000000         0.4674958705         4.9989797486       -22.6542259838
        3.3803898000         0.3500000000         0.4674958705         4.9020084051       -22.6542259838
        3.3854061000         0.3500000000         0.4751528511         4.8126926941       -22.4547640111
        3.3904752000         0.3500000000         0.4726005242         4.7208251056       -22.5212513353
        3.3953904000         0.3500000000         0.4674958705         4.6264056396       -22.6542259838
        3.4005050000         0.3500000000         0.4828098316         4.5447455609       -22.2553020384
        3.4054107000         0.3500000000         0.5057807733         4.4605336047       -21.6569161204
        3.4104131000         0.3500000000         0.5006761196         4.3737697711       -21.7898907688
        3.4153978000         0.3500000000         0.5006761196         4.2844540601       -21.7898907688
        3.4204053000         0.3500000000         0.5083331002         4.1976902265       -21.5904287961
        3.4253988000         0.3500000000         0.5159900808         4.1058226379       -21.3909668235
        3.4304057000         0.3500000000         0.5313040419         4.0318181916       -20.9920428781
        3.4353921000         0.3500000000         0.5364086956         3.9476062355       -20.8590682296
        3.4404190000         0.3500000000         0.4879144854         3.8608424019       -22.1223273899
        3.4453997000         0.3500000000         0.4445249288         3.7715266908       -23.2526119018
        3.4504167000         0.3500000000         0.4751528511         3.6949703670       -22.4547640111
        3.4554040000         0.3500000000         0.4777051779         3.6005509010       -22.3882766869
        3.4604070000         0.3500000000         0.4853621585         3.5188908224       -22.1888147142
        3.4653864000         0.3500000000         0.4955714659         3.4346788662       -21.9228654173
        3.4704169000         0.3500000000         0.4904668122         3.3428112777       -22.0558400657
        3.4754098000         0.3500000000         0.5032284465         3.2637030765       -21.7234034446
        3.4804074000         0.3500000000         0.4623912168         3.1616279781       -22.7872006322
        3.4853866000         0.3500000000         0.4674958705         3.0799678994       -22.6542259838
        3.4904048000         0.3500000000         0.4777051779         3.0059634531       -22.3882766869
        3.4953891000         0.3500000000         0.4777051779         2.9064402322       -22.3882766869
        3.5003954000         0.3500000000         0.4853621585         2.8298839084       -22.1888147142
        3.5054129000         0.3500000000         0.4623912168         2.7303606875       -22.7872006322
        3.5104174000         0.3500000000         0.4598388899         2.6435968539       -22.8536879564
        3.5153965000         0.3500000000         0.4674958705         2.5593848978       -22.6542259838
        3.5204043000         0.3500000000         0.4649435436         2.4700691867       -22.7207133080
        3.5253984000         0.3500000000         0.4572865631         2.3782015982       -22.9201752807
        3.5304039000         0.3500000000         0.4700481974         2.3016452744       -22.5877386595
        3.5354087000         0.3500000000         0.4649435436         2.1995701761       -22.7207133080
        3.5403936000         0.3500000000         0.4751528511         2.1255657297       -22.4547640111
        3.5453999000         0.3500000000         0.4649435436         2.0336981412       -22.7207133080
        3.5503945000         0.3500000000         0.4623912168         1.9443824302       -22.7872006322
        3.5553969000         0.3500000000         0.4649435436         1.8652742289       -22.7207133080
        3.5604258000         0.3500000000         0.4547342362         1.7683028855       -22.9866626049
        3.5654221000         0.3500000000         0.4674958705         1.6917465617       -22.6542259838
        3.5703948000         0.3500000000         0.4649435436         1.5998789732       -22.7207133080
        3.5754492000         0.3500000000         0.4649435436         1.5131151396       -22.7207133080
        3.5804077000         0.3500000000         0.4623912168         1.4212475511       -22.7872006322
        3.5854090000         0.3500000000         0.4521819094         1.3370355949       -23.0531499291
        3.5903998000         0.3500000000         0.4572865631         1.2477198838       -22.9201752807
        3.5953964000         0.3500000000         0.4674958705         1.1788191925       -22.6542259838
        3.6004007000         0.3500000000         0.4649435436         1.0869516039       -22.7207133080
        3.6054352000         0.3500000000         0.4700481974         1.0027396478       -22.5877386595
        3.6103995000         0.3500000000         0.4547342362         0.9032164269       -22.9866626049
        3.6153978000         0.3500000000         0.4547342362         0.8164525933       -22.9866626049
        3.6204116000         0.3500000000         0.4572865631         0.7296887597       -22.9201752807
        3.6253937000         0.3500000000         0.4649435436         0.6454768035       -22.7207133080
        3.6304025000         0.3500000000         0.4623912168         0.5561610925       -22.7872006322
        3.6353814000         0.3500000000         0.4751528511         0.4745010138       -22.4547640111
        3.6404776000         0.3500000000         0.4828098316         0.3826334252       -22.2553020384
        3.6454091000         0.3500000000         0.4853621585         0.2933177142       -22.1888147142
        3.6503957000         0.3500000000         0.4751528511         0.1988982482       -22.4547640111
        3.6554180000         0.3500000000         0.4700481974         0.1070306597       -22.5877386595
        3.6604027000         0.3500000000         0.4700481974         0.0228187035       -22.5877386595
        3.6653906000         0.3500000000         0.4674958705        -0.0052519485       -22.6542259838
        3.6703967000         0.3500000000         0.4649435436         1.1073666236       -22.7207133080
        3.6754042000         0.3500000000         0.4777051779         5.0117391359       -22.3882766869
        3.6804118000         0.3500000000         0.4777051779         4.9836684838       -22.3882766869
        3.6853944000         0.3500000000         0.4674958705         4.8815933855       -22.6542259838
        3.6904092000         0.3500000000         0.4777051779         4.7871739195       -22.3882766869
        3.6953962000         0.3500000000         0.4879144854         4.7106175957       -22.1223273899
        3.7004412000         0.3500000000         0.5083331002         4.6187500072       -21.5904287961
        3.7054627000         0.3500000000         0.4879144854         4.5243305412       -22.1223273899
        3.7104463000         0.3500000000         0.4904668122         4.4401185851       -22.0558400657
        3.7154061000         0.3500000000         0.4955714659         4.3610103838       -21.9228654173
        3.7204326000         0.3500000000         0.5057807733         4.2742465502       -21.6569161204
        3.7254129000         0.3500000000         0.5006761196         4.1772752068       -21.7898907688
        3.7304194000         0.3500000000         0.5159900808         4.0981670056       -21.3909668235
        3.7354508000         0.3500000000         0.5236470613         4.0139550494       -21.1915048508
        3.7404172000         0.3500000000         0.5108854271         3.9246393383       -21.5239414719
        3.7454000000         0.3500000000         0.4777051779         3.8506348920       -22.3882766869
        3.7504569000         0.3500000000         0.4649435436         3.7664229359       -22.7207133080
        3.7554037000         0.3500000000         0.4623912168         3.6694515924       -22.7872006322
        3.7603988000         0.3500000000         0.4674958705         3.5801358814       -22.6542259838
        3.7654153000         0.3500000000         0.4853621585         3.5010276801       -22.1888147142
        3.7703982000         0.3500000000         0.4777051779         3.4040563367       -22.3882766869
        3.7754009000         0.3500000000         0.4853621585         3.3223962580       -22.1888147142
        3.7804064000         0.3500000000         0.4751528511         3.2356324244       -22.4547640111
        3.7853958000         0.3500000000         0.4726005242         3.1514204683       -22.5212513353
        3.7904085000         0.3500000000         0.4700481974         3.0646566347       -22.5877386595
        3.7954173000         0.3500000000         0.4777051779         2.9753409236       -22.3882766869
        3.8004109000         0.3500000000         0.4853621585         2.8987845998       -22.1888147142
        3.8053858000         0.3500000000         0.4700481974         2.8018132564       -22.5877386595
        3.8104311000         0.3500000000         0.4649435436         2.7124975453       -22.7207133080
        3.8153967000         0.3500000000         0.4726005242         2.6308374666       -22.5212513353
        3.8204058000         0.3500000000         0.4674958705         2.5415217556       -22.6542259838
        3.8254190000         0.3500000000         0.4751528511         2.4573097994       -22.4547640111
        3.8305077000         0.3500000000         0.4700481974         2.3628903334       -22.5877386595
        3.8354157000         0.3500000000         0.4649435436         2.2710227449       -22.7207133080
        3.8404091000         0.3500000000         0.4700481974         2.1817070338       -22.5877386595
        3.8454075000         0.3500000000         0.4726005242         2.0974950777       -22.5212513353
        3.8504064000         0.3500000000         0.4700481974         2.0107312441       -22.5877386595
        3.8554197000         0.3500000000         0.4649435436         1.9290711654       -22.7207133080
        3.8603855000         0.3500000000         0.4598388899         1.8346516994       -22.8536879564
        3.8654130000         0.3500000000         0.4598388899         1.7529916207       -22.8536879564
        3.8703904000         0.3500000000         0.4547342362         1.6585721547       -22.9866626049
        3.8754062000         0.3500000000         0.4674958705         1.5820158310       -22.6542259838
        3.8803865000         0.3500000000         0.4674958705         1.4952519974       -22.6542259838
        3.8854218000         0.3500000000         0.4751528511         1.4186956736       -22.4547640111
        3.8903967000         0.3500000000         0.4623912168         1.3191724527       -22.7872006322
        3.8953853000         0.3500000000         0.4751528511         1.2451680064       -22.4547640111
        3.9003908000         0.3500000000         0.4674958705         1.1507485404       -22.6542259838
        3.9054045000         0.3500000000         0.4649435436         1.0665365843       -22.7207133080
        3.9104143000         0.3500000000         0.4777051779         0.9848765056       -22.3882766869
        3.9153918000         0.3500000000         0.4623912168         0.8930089170       -22.7872006322
        3.9203996000         0.3500000000         0.4649435436         0.8062450834       -22.7207133080
        3.9254143000         0.3500000000         0.4726005242         0.7245850047       -22.5212513353
        3.9303984000         0.3500000000         0.4674958705         0.6327174162       -22.6542259838
        3.9354101000         0.3500000000         0.4674958705         0.5382979502       -22.6542259838
        3.9403945000         0.3500000000         0.4853621585         0.4617416265       -22.1888147142
        3.9453991000         0.3500000000         0.4853621585         0.3673221605       -22.1888147142
        3.9504185000         0.3500000000         0.4751528511         0.2780064494       -22.4547640111
        3.9554038000         0.3500000000         0.4751528511         0.1886907384       -22.4547640111
        3.9604000000         0.3500000000         0.4700481974         0.0968231498       -22.5877386595
        3.9654152000         0.3500000000         0.4649435436         0.0151630711       -22.7207133080
        3.9703969000         0.3500000000         0.4726005242         0.0075074388       -22.5212513353
        3.9754007000         0.3500000000         0.4674958705         1.1073666236       -22.6542259838
        3.9804095000         0.3500000000         0.4674958705         5.0015316260       -22.6542259838
        3.9854003000         0.3500000000         0.4700481974         4.9709090965       -22.5877386595
        3.9903986000         0.3500000000         0.4649435436         4.8688339982       -22.7207133080
        3.9954127000         0.3500000000         0.4751528511         4.7795182871       -22.4547640111
        4.0003973000         0.3500000000         0.4802575048         4.6876506986       -22.3217893626
