% Sweep Step 1/200  Vcmd=2.5100V  CW 
% Vg_offset=1.337074V  K_gimbal=26.049690

Time[s]              Vcmd[V]              Vg_raw[V]            Pot[V]             Omega[rad/s]
        0.0023267000         2.5100000000         1.3301823480         2.8426432957        -0.1795157754
        0.0057706000         2.5100000000         1.3327346748         2.8400914183        -0.1130284512
        0.0106158000         2.5100000000         1.3403916554         2.8528508056         0.0864335215
        0.0156586000         2.5100000000         1.3352870017         2.8477470506        -0.0465411270
        0.0207637000         2.5100000000         1.3429439823         2.8554026830         0.1529208457
        0.0255890000         2.5100000000         1.3429439823         2.8528508056         0.1529208457
        0.0307514000         2.5100000000         1.3378393285         2.8477470506         0.0199461973
        0.0355425000         2.5100000000         1.3454963091         2.8554026830         0.2194081699
        0.0407640000         2.5100000000         1.3378393285         2.8502989281         0.0199461973
        0.0457672000         2.5100000000         1.3352870017         2.8502989281        -0.0465411270
        0.0507195000         2.5100000000         1.3301823480         2.8451951732        -0.1795157754
        0.0555687000         2.5100000000         1.3327346748         2.8426432957        -0.1130284512
        0.0606502000         2.5100000000         1.3301823480         2.8400914183        -0.1795157754
        0.0655157000         2.5100000000         1.3429439823         2.8554026830         0.1529208457
        0.0707620000         2.5100000000         1.3327346748         2.8400914183        -0.1130284512
        0.0756129000         2.5100000000         1.3429439823         2.8554026830         0.1529208457
        0.0806049000         2.5100000000         1.3378393285         2.8477470506         0.0199461973
        0.0856177000         2.5100000000         1.3378393285         2.8477470506         0.0199461973
        0.0906303000         2.5100000000         1.3429439823         2.8528508056         0.1529208457
        0.0956675000         2.5100000000         1.3429439823         2.8554026830         0.1529208457
        0.1005115000         2.5100000000         1.3352870017         2.8477470506        -0.0465411270
        0.1055484000         2.5100000000         1.3403916554         2.8528508056         0.0864335215
        0.1106626000         2.5100000000         1.3352870017         2.8502989281        -0.0465411270
        0.1158059000         2.5100000000         1.3352870017         2.8502989281        -0.0465411270
        0.1207734000         2.5100000000         1.3327346748         2.8400914183        -0.1130284512
        0.1256566000         2.5100000000         1.3352870017         2.8502989281        -0.0465411270
        0.1305663000         2.5100000000         1.3352870017         2.8451951732        -0.0465411270
        0.1357827000         2.5100000000         1.3352870017         2.8502989281        -0.0465411270
        0.1405909000         2.5100000000         1.3378393285         2.8502989281         0.0199461973
        0.1456049000         2.5100000000         1.3276300211         2.8426432957        -0.2460030996
        0.1506176000         2.5100000000         1.3378393285         2.8502989281         0.0199461973
        0.1555321000         2.5100000000         1.3352870017         2.8477470506        -0.0465411270
        0.1605940000         2.5100000000         1.3378393285         2.8451951732         0.0199461973
        0.1654874000         2.5100000000         1.3352870017         2.8426432957        -0.0465411270
        0.1704160000         2.5100000000         1.3352870017         2.8502989281        -0.0465411270
        0.1754834000         2.5100000000         1.3378393285         2.8477470506         0.0199461973
        0.1805972000         2.5100000000         1.3429439823         2.8554026830         0.1529208457
        0.1855012000         2.5100000000         1.3352870017         2.8502989281        -0.0465411270
        0.1905046000         2.5100000000         1.3454963091         2.8528508056         0.2194081699
        0.1955571000         2.5100000000         1.3301823480         2.8400914183        -0.1795157754
        0.2006814000         2.5100000000         1.3429439823         2.8554026830         0.1529208457
        0.2055399000         2.5100000000         1.3327346748         2.8426432957        -0.1130284512
        0.2107923000         2.5100000000         1.3352870017         2.8477470506        -0.0465411270
        0.2155566000         2.5100000000         1.3327346748         2.8451951732        -0.1130284512
        0.2205337000         2.5100000000         1.3378393285         2.8477470506         0.0199461973
        0.2257738000         2.5100000000         1.3454963091         2.8528508056         0.2194081699
        0.2305548000         2.5100000000         1.3378393285         2.8477470506         0.0199461973
        0.2355143000         2.5100000000         1.3403916554         2.8477470506         0.0864335215
        0.2405059000         2.5100000000         1.3301823480         2.8426432957        -0.1795157754
        0.2455088000         2.5100000000         1.3301823480         2.8426432957        -0.1795157754
        0.2504996000         2.5100000000         1.3378393285         2.8477470506         0.0199461973
        0.2554807000         2.5100000000         1.3327346748         2.8426432957        -0.1130284512
        0.2605162000         2.5100000000         1.3352870017         2.8477470506        -0.0465411270
        0.2655137000         2.5100000000         1.3352870017         2.8502989281        -0.0465411270
        0.2705463000         2.5100000000         1.3378393285         2.8477470506         0.0199461973
        0.2754385000         2.5100000000         1.3352870017         2.8477470506        -0.0465411270
        0.2804010000         2.5100000000         1.3429439823         2.8528508056         0.1529208457
        0.2855545000         2.5100000000         1.3378393285         2.8502989281         0.0199461973
        0.2905587000         2.5100000000         1.3301823480         2.8426432957        -0.1795157754
        0.2955874000         2.5100000000         1.3454963091         2.8528508056         0.2194081699
        0.3005014000         2.5100000000         1.3352870017         2.8502989281        -0.0465411270
        0.3055555000         2.5100000000         1.3352870017         2.8477470506        -0.0465411270
        0.3104201000         2.5100000000         1.3403916554         2.8528508056         0.0864335215
        0.3154213000         2.5100000000         1.3327346748         2.8426432957        -0.1130284512
        0.3205210000         2.5100000000         1.3327346748         2.8426432957        -0.1130284512
        0.3255523000         2.5100000000         1.3301823480         2.8426432957        -0.1795157754
        0.3304803000         2.5100000000         1.3378393285         2.8502989281         0.0199461973
        0.3356208000         2.5100000000         1.3352870017         2.8477470506        -0.0465411270
        0.3404761000         2.5100000000         1.3378393285         2.8426432957         0.0199461973
        0.3455189000         2.5100000000         1.3582579434         2.8528508056         0.5518447911
        0.3504883000         2.5100000000         1.3352870017         2.8477470506        -0.0465411270
        0.3556687000         2.5100000000         1.3327346748         2.8426432957        -0.1130284512
        0.3605631000         2.5100000000         1.3429439823         2.8528508056         0.1529208457
        0.3656535000         2.5100000000         1.3301823480         2.8400914183        -0.1795157754
        0.3705950000         2.5100000000         1.3378393285         2.8502989281         0.0199461973
        0.3755099000         2.5100000000         1.3301823480         2.8400914183        -0.1795157754
        0.3806330000         2.5100000000         1.3378393285         2.8502989281         0.0199461973
        0.3855099000         2.5100000000         1.3327346748         2.8426432957        -0.1130284512
        0.3905701000         2.5100000000         1.3378393285         2.8477470506         0.0199461973
        0.3956101000         2.5100000000         1.3378393285         2.8477470506         0.0199461973
        0.4006097000         2.5100000000         1.3378393285         2.8477470506         0.0199461973
        0.4055930000         2.5100000000         1.3429439823         2.8554026830         0.1529208457
        0.4105092000         2.5100000000         1.3352870017         2.8502989281        -0.0465411270
        0.4155210000         2.5100000000         1.3429439823         2.8554026830         0.1529208457
        0.4204723000         2.5100000000         1.3352870017         2.8477470506        -0.0465411270
        0.4256462000         2.5100000000         1.3429439823         2.8528508056         0.1529208457
        0.4304916000         2.5100000000         1.3301823480         2.8400914183        -0.1795157754
        0.4355565000         2.5100000000         1.3352870017         2.8502989281        -0.0465411270
        0.4404456000         2.5100000000         1.3301823480         2.8477470506        -0.1795157754
        0.4454385000         2.5100000000         1.3327346748         2.8426432957        -0.1130284512
        0.4504165000         2.5100000000         1.3352870017         2.8502989281        -0.0465411270
        0.4554433000         2.5100000000         1.3378393285         2.8477470506         0.0199461973
        0.4604508000         2.5100000000         1.3276300211         2.8426432957        -0.2460030996
        0.4654574000         2.5100000000         1.3403916554         2.8502989281         0.0864335215
        0.4705229000         2.5100000000         1.3352870017         2.8502989281        -0.0465411270
        0.4756280000         2.5100000000         1.3429439823         2.8528508056         0.1529208457
        0.4805145000         2.5100000000         1.3301823480         2.8426432957        -0.1795157754
        0.4855365000         2.5100000000         1.3429439823         2.8554026830         0.1529208457
        0.4906108000         2.5100000000         1.3327346748         2.8426432957        -0.1130284512
        0.4955572000         2.5100000000         1.3327346748         2.8400914183        -0.1130284512
        0.5004813000         2.5100000000         1.3301823480         2.8400914183        -0.1795157754
        0.5055870000         2.5100000000         1.3378393285         2.8477470506         0.0199461973
        0.5104122000         2.5100000000         1.3378393285         2.8502989281         0.0199461973
        0.5155558000         2.5100000000         1.3301823480         2.8426432957        -0.1795157754
        0.5206489000         2.5100000000         1.3352870017         2.8502989281        -0.0465411270
        0.5255536000         2.5100000000         1.3454963091         2.8554026830         0.2194081699
        0.5306304000         2.5100000000         1.3378393285         2.8477470506         0.0199461973
        0.5355484000         2.5100000000         1.3378393285         2.8502989281         0.0199461973
        0.5405015000         2.5100000000         1.3378393285         2.8477470506         0.0199461973
        0.5456325000         2.5100000000         1.3454963091         2.8528508056         0.2194081699
        0.5505098000         2.5100000000         1.3531532897         2.8528508056         0.4188701426
        0.5555324000         2.5100000000         1.3454963091         2.8554026830         0.2194081699
        0.5605883000         2.5100000000         1.3276300211         2.8426432957        -0.2460030996
        0.5655415000         2.5100000000         1.3352870017         2.8477470506        -0.0465411270
        0.5704800000         2.5100000000         1.3454963091         2.8554026830         0.2194081699
        0.5754641000         2.5100000000         1.3378393285         2.8477470506         0.0199461973
        0.5805327000         2.5100000000         1.3429439823         2.8554026830         0.1529208457
        0.5854661000         2.5100000000         1.3378393285         2.8502989281         0.0199461973
        0.5904776000         2.5100000000         1.3352870017         2.8477470506        -0.0465411270
        0.5955847000         2.5100000000         1.3352870017         2.8477470506        -0.0465411270
        0.6004511000         2.5100000000         1.3352870017         2.8477470506        -0.0465411270
        0.6054079000         2.5100000000         1.3429439823         2.8554026830         0.1529208457
        0.6105961000         2.5100000000         1.3301823480         2.8426432957        -0.1795157754
        0.6154338000         2.5100000000         1.3429439823         2.8554026830         0.1529208457
        0.6204668000         2.5100000000         1.3378393285         2.8477470506         0.0199461973
        0.6256329000         2.5100000000         1.3352870017         2.8426432957        -0.0465411270
        0.6305870000         2.5100000000         1.3557056165         2.8477470506         0.4853574669
        0.6354832000         2.5100000000         1.3301823480         2.8477470506        -0.1795157754
        0.6405031000         2.5100000000         1.3327346748         2.8426432957        -0.1130284512
        0.6454996000         2.5100000000         1.3429439823         2.8528508056         0.1529208457
        0.6505517000         2.5100000000         1.3378393285         2.8502989281         0.0199461973
        0.6554574000         2.5100000000         1.3429439823         2.8528508056         0.1529208457
        0.6604408000         2.5100000000         1.3327346748         2.8426432957        -0.1130284512
        0.6654019000         2.5100000000         1.3378393285         2.8477470506         0.0199461973
        0.6705980000         2.5100000000         1.3378393285         2.8477470506         0.0199461973
        0.6754159000         2.5100000000         1.3429439823         2.8528508056         0.1529208457
        0.6806139000         2.5100000000         1.3429439823         2.8554026830         0.1529208457
        0.6855311000         2.5100000000         1.3454963091         2.8528508056         0.2194081699
        0.6905302000         2.5100000000         1.3378393285         2.8502989281         0.0199461973
        0.6955078000         2.5100000000         1.3429439823         2.8554026830         0.1529208457
        0.7006133000         2.5100000000         1.3659149240         2.8477470506         0.7513067638
        0.7056009000         2.5100000000         1.3352870017         2.8477470506        -0.0465411270
        0.7105079000         2.5100000000         1.3301823480         2.8426432957        -0.1795157754
        0.7155100000         2.5100000000         1.3352870017         2.8477470506        -0.0465411270
        0.7205229000         2.5100000000         1.3378393285         2.8502989281         0.0199461973
        0.7255121000         2.5100000000         1.3352870017         2.8502989281        -0.0465411270
        0.7304916000         2.5100000000         1.3378393285         2.8477470506         0.0199461973
        0.7355280000         2.5100000000         1.3429439823         2.8554026830         0.1529208457
        0.7405569000         2.5100000000         1.3403916554         2.8528508056         0.0864335215
        0.7454961000         2.5100000000         1.3378393285         2.8502989281         0.0199461973
        0.7504181000         2.5100000000         1.3352870017         2.8502989281        -0.0465411270
        0.7554103000         2.5100000000         1.3327346748         2.8400914183        -0.1130284512
        0.7605917000         2.5100000000         1.3429439823         2.8477470506         0.1529208457
        0.7659917000         2.5100000000         1.3429439823         2.8528508056         0.1529208457
        0.7706304000         2.5100000000         1.3403916554         2.8554026830         0.0864335215
        0.7760364000         2.5100000000         1.3327346748         2.8451951732        -0.1130284512
        0.7806666000         2.5100000000         1.3327346748         2.8426432957        -0.1130284512
        0.7855938000         2.5100000000         1.3454963091         2.8554026830         0.2194081699
        0.7906583000         2.5100000000         1.3378393285         2.8477470506         0.0199461973
        0.7955321000         2.5100000000         1.3378393285         2.8477470506         0.0199461973
        0.8005373000         2.5100000000         1.3352870017         2.8477470506        -0.0465411270
        0.8055819000         2.5100000000         1.3429439823         2.8554026830         0.1529208457
        0.8105316000         2.5100000000         1.3378393285         2.8477470506         0.0199461973
        0.8154995000         2.5100000000         1.3378393285         2.8477470506         0.0199461973
        0.8206250000         2.5100000000         1.3429439823         2.8554026830         0.1529208457
        0.8254519000         2.5100000000         1.3301823480         2.8451951732        -0.1795157754
        0.8307177000         2.5100000000         1.3454963091         2.8554026830         0.2194081699
        0.8354832000         2.5100000000         1.3352870017         2.8477470506        -0.0465411270
        0.8406351000         2.5100000000         1.3352870017         2.8502989281        -0.0465411270
        0.8456510000         2.5100000000         1.3327346748         2.8426432957        -0.1130284512
        0.8505935000         2.5100000000         1.3352870017         2.8502989281        -0.0465411270
        0.8556208000         2.5100000000         1.3301823480         2.8451951732        -0.1795157754
        0.8606809000         2.5100000000         1.3301823480         2.8426432957        -0.1795157754
        0.8656554000         2.5100000000         1.3378393285         2.8477470506         0.0199461973
        0.8707097000         2.5100000000         1.3327346748         2.8426432957        -0.1130284512
        0.8755270000         2.5100000000         1.3429439823         2.8528508056         0.1529208457
        0.8807173000         2.5100000000         1.3352870017         2.8502989281        -0.0465411270
        0.8857065000         2.5100000000         1.3454963091         2.8554026830         0.2194081699
        0.8905471000         2.5100000000         1.3352870017         2.8477470506        -0.0465411270
        0.8957735000         2.5100000000         1.3378393285         2.8502989281         0.0199461973
        0.9007292000         2.5100000000         1.3352870017         2.8502989281        -0.0465411270
        0.9055485000         2.5100000000         1.3403916554         2.8554026830         0.0864335215
        0.9107462000         2.5100000000         1.3378393285         2.8477470506         0.0199461973
        0.9155821000         2.5100000000         1.3378393285         2.8477470506         0.0199461973
        0.9207610000         2.5100000000         1.3506009628         2.8502989281         0.3523828184
        0.9256154000         2.5100000000         1.3378393285         2.8477470506         0.0199461973
        0.9306345000         2.5100000000         1.3429439823         2.8528508056         0.1529208457
        0.9356720000         2.5100000000         1.3301823480         2.8426432957        -0.1795157754
        0.9407147000         2.5100000000         1.3301823480         2.8426432957        -0.1795157754
        0.9456133000         2.5100000000         1.3403916554         2.8554026830         0.0864335215
        0.9508775000         2.5100000000         1.3301823480         2.8400914183        -0.1795157754
        0.9556320000         2.5100000000         1.3378393285         2.8477470506         0.0199461973
        0.9607504000         2.5100000000         1.3327346748         2.8451951732        -0.1130284512
        0.9655663000         2.5100000000         1.3352870017         2.8502989281        -0.0465411270
        0.9705720000         2.5100000000         1.3352870017         2.8477470506        -0.0465411270
        0.9755997000         2.5100000000         1.3429439823         2.8528508056         0.1529208457
        0.9806812000         2.5100000000         1.3327346748         2.8400914183        -0.1130284512
        0.9855489000         2.5100000000         1.3327346748         2.8426432957        -0.1130284512
        0.9906856000         2.5100000000         1.3557056165         2.8528508056         0.4853574669
        0.9956762000         2.5100000000         1.3403916554         2.8554026830         0.0864335215
        1.0006416000         2.5100000000         1.3352870017         2.8477470506        -0.0465411270
        1.0057068000         2.5100000000         1.3429439823         2.8554026830         0.1529208457
        1.0105109000         2.5100000000         1.3276300211         2.8426432957        -0.2460030996
        1.0156159000         2.5100000000         1.3327346748         2.8426432957        -0.1130284512
        1.0206732000         2.5100000000         1.3352870017         2.8477470506        -0.0465411270
        1.0255731000         2.5100000000         1.3429439823         2.8554026830         0.1529208457
        1.0307717000         2.5100000000         1.3378393285         2.8477470506         0.0199461973
        1.0356594000         2.5100000000         1.3403916554         2.8528508056         0.0864335215
        1.0404569000         2.5100000000         1.3429439823         2.8528508056         0.1529208457
        1.0457832000         2.5100000000         1.3301823480         2.8451951732        -0.1795157754
        1.0505254000         2.5100000000         1.3352870017         2.8477470506        -0.0465411270
        1.0556493000         2.5100000000         1.3378393285         2.8477470506         0.0199461973
        1.0606115000         2.5100000000         1.3301823480         2.8400914183        -0.1795157754
        1.0655750000         2.5100000000         1.3352870017         2.8400914183        -0.0465411270
        1.0706182000         2.5100000000         1.3352870017         2.8477470506        -0.0465411270
        1.0758106000         2.5100000000         1.3301823480         2.8426432957        -0.1795157754
        1.0805746000         2.5100000000         1.3352870017         2.8502989281        -0.0465411270
        1.0857132000         2.5100000000         1.3429439823         2.8554026830         0.1529208457
        1.0906868000         2.5100000000         1.3352870017         2.8502989281        -0.0465411270
        1.0956700000         2.5100000000         1.3352870017         2.8477470506        -0.0465411270
        1.1007007000         2.5100000000         1.3327346748         2.8400914183        -0.1130284512
        1.1056612000         2.5100000000         1.3429439823         2.8528508056         0.1529208457
        1.1106662000         2.5100000000         1.3378393285         2.8477470506         0.0199461973
        1.1155985000         2.5100000000         1.3429439823         2.8554026830         0.1529208457
        1.1206960000         2.5100000000         1.3378393285         2.8477470506         0.0199461973
        1.1256824000         2.5100000000         1.3454963091         2.8554026830         0.2194081699
        1.1305006000         2.5100000000         1.3378393285         2.8502989281         0.0199461973
        1.1356781000         2.5100000000         1.3301823480         2.8426432957        -0.1795157754
        1.1406914000         2.5100000000         1.3301823480         2.8426432957        -0.1795157754
        1.1455435000         2.5100000000         1.3454963091         2.8554026830         0.2194081699
        1.1505260000         2.5100000000         1.3429439823         2.8528508056         0.1529208457
        1.1555946000         2.5100000000         1.3327346748         2.8400914183        -0.1130284512
        1.1607160000         2.5100000000         1.3429439823         2.8579545605         0.1529208457
        1.1656178000         2.5100000000         1.3327346748         2.8426432957        -0.1130284512
        1.1707755000         2.5100000000         1.3480486360         2.8477470506         0.2858954942
        1.1755219000         2.5100000000         1.3378393285         2.8502989281         0.0199461973
        1.1805162000         2.5100000000         1.3429439823         2.8554026830         0.1529208457
        1.1855745000         2.5100000000         1.3352870017         2.8477470506        -0.0465411270
        1.1904443000         2.5100000000         1.3301823480         2.8426432957        -0.1795157754
        1.1955810000         2.5100000000         1.3454963091         2.8554026830         0.2194081699
        1.2004200000         2.5100000000         1.3403916554         2.8477470506         0.0864335215
        1.2055191000         2.5100000000         1.3429439823         2.8554026830         0.1529208457
        1.2105830000         2.5100000000         1.3378393285         2.8502989281         0.0199461973
        1.2156590000         2.5100000000         1.3378393285         2.8502989281         0.0199461973
        1.2205944000         2.5100000000         1.3378393285         2.8502989281         0.0199461973
        1.2256466000         2.5100000000         1.3454963091         2.8554026830         0.2194081699
        1.2306400000         2.5100000000         1.3378393285         2.8477470506         0.0199461973
        1.2356455000         2.5100000000         1.3378393285         2.8477470506         0.0199461973
        1.2407719000         2.5100000000         1.3352870017         2.8502989281        -0.0465411270
        1.2456817000         2.5100000000         1.3352870017         2.8477470506        -0.0465411270
        1.2507681000         2.5100000000         1.3301823480         2.8451951732        -0.1795157754
        1.2556969000         2.5100000000         1.3429439823         2.8528508056         0.1529208457
        1.2605854000         2.5100000000         1.3352870017         2.8502989281        -0.0465411270
        1.2656528000         2.5100000000         1.3429439823         2.8554026830         0.1529208457
        1.2705767000         2.5100000000         1.3480486360         2.8477470506         0.2858954942
        1.2755610000         2.5100000000         1.3429439823         2.8528508056         0.1529208457
        1.2805933000         2.5100000000         1.3352870017         2.8477470506        -0.0465411270
        1.2855983000         2.5100000000         1.3352870017         2.8502989281        -0.0465411270
        1.2905771000         2.5100000000         1.3429439823         2.8554026830         0.1529208457
        1.2957553000         2.5100000000         1.3327346748         2.8400914183        -0.1130284512
        1.3005733000         2.5100000000         1.3276300211         2.8426432957        -0.2460030996
        1.3055341000         2.5100000000         1.3352870017         2.8477470506        -0.0465411270
        1.3106762000         2.5100000000         1.3378393285         2.8477470506         0.0199461973
        1.3155173000         2.5100000000         1.3378393285         2.8502989281         0.0199461973
        1.3205771000         2.5100000000         1.3378393285         2.8477470506         0.0199461973
        1.3256142000         2.5100000000         1.3454963091         2.8554026830         0.2194081699
        1.3305903000         2.5100000000         1.3403916554         2.8451951732         0.0864335215
        1.3357664000         2.5100000000         1.3352870017         2.8477470506        -0.0465411270
        1.3406547000         2.5100000000         1.3352870017         2.8502989281        -0.0465411270
        1.3462870000         2.5100000000         1.3327346748         2.8426432957        -0.1130284512
        1.3505008000         2.5100000000         1.3301823480         2.8451951732        -0.1795157754
        1.3554781000         2.5100000000         1.3352870017         2.8477470506        -0.0465411270
        1.3606622000         2.5100000000         1.3378393285         2.8477470506         0.0199461973
        1.3655160000         2.5100000000         1.3327346748         2.8426432957        -0.1130284512
        1.3704132000         2.5100000000         1.3429439823         2.8528508056         0.1529208457
        1.3755266000         2.5100000000         1.3301823480         2.8426432957        -0.1795157754
        1.3857644000         2.5100000000         1.3352870017         2.8477470506        -0.0465411270
        1.3863436000         2.5100000000         1.3403916554         2.8554026830         0.0864335215
        1.3907448000         2.5100000000         1.3301823480         2.8426432957        -0.1795157754
        1.3955600000         2.5100000000         1.3327346748         2.8451951732        -0.1130284512
        1.4005515000         2.5100000000         1.3352870017         2.8477470506        -0.0465411270
        1.4057202000         2.5100000000         1.3403916554         2.8554026830         0.0864335215
        1.4106478000         2.5100000000         1.3378393285         2.8477470506         0.0199461973
        1.4155998000         2.5100000000         1.3454963091         2.8528508056         0.2194081699
        1.4207704000         2.5100000000         1.3429439823         2.8477470506         0.1529208457
        1.4255504000         2.5100000000         1.3454963091         2.8426432957         0.2194081699
        1.4306202000         2.5100000000         1.3352870017         2.8477470506        -0.0465411270
        1.4356250000         2.5100000000         1.3352870017         2.8477470506        -0.0465411270
        1.4407229000         2.5100000000         1.3352870017         2.8451951732        -0.0465411270
        1.4456348000         2.5100000000         1.3403916554         2.8554026830         0.0864335215
        1.4505279000         2.5100000000         1.3378393285         2.8477470506         0.0199461973
        1.4556046000         2.5100000000         1.3378393285         2.8502989281         0.0199461973
        1.4607368000         2.5100000000         1.3429439823         2.8528508056         0.1529208457
        1.4655808000         2.5100000000         1.3352870017         2.8502989281        -0.0465411270
        1.4705508000         2.5100000000         1.3276300211         2.8477470506        -0.2460030996
        1.4756766000         2.5100000000         1.3378393285         2.8477470506         0.0199461973
        1.4807144000         2.5100000000         1.3378393285         2.8554026830         0.0199461973
        1.4856265000         2.5100000000         1.3301823480         2.8426432957        -0.1795157754
        1.4906966000         2.5100000000         1.3403916554         2.8477470506         0.0864335215
        1.4957833000         2.5100000000         1.3429439823         2.8579545605         0.1529208457
        1.5007205000         2.5100000000         1.3327346748         2.8426432957        -0.1130284512
        1.5057854000         2.5100000000         1.3327346748         2.8426432957        -0.1130284512
        1.5107094000         2.5100000000         1.3352870017         2.8477470506        -0.0465411270
        1.5155903000         2.5100000000         1.3301823480         2.8426432957        -0.1795157754
        1.5206891000         2.5100000000         1.3327346748         2.8451951732        -0.1130284512
        1.5255410000         2.5100000000         1.3429439823         2.8528508056         0.1529208457
        1.5305213000         2.5100000000         1.3301823480         2.8426432957        -0.1795157754
        1.5357401000         2.5100000000         1.3327346748         2.8426432957        -0.1130284512
        1.5406708000         2.5100000000         1.3429439823         2.8528508056         0.1529208457
        1.5457033000         2.5100000000         1.3352870017         2.8477470506        -0.0465411270
        1.5505006000         2.5100000000         1.3327346748         2.8426432957        -0.1130284512
        1.5555022000         2.5100000000         1.3429439823         2.8554026830         0.1529208457
        1.5605137000         2.5100000000         1.3301823480         2.8426432957        -0.1795157754
        1.5655460000         2.5100000000         1.3403916554         2.8528508056         0.0864335215
        1.5706041000         2.5100000000         1.3378393285         2.8502989281         0.0199461973
        1.5754521000         2.5100000000         1.3403916554         2.8451951732         0.0864335215
        1.5806589000         2.5100000000         1.3352870017         2.8477470506        -0.0465411270
        1.5855457000         2.5100000000         1.3327346748         2.8426432957        -0.1130284512
        1.5906960000         2.5100000000         1.3378393285         2.8502989281         0.0199461973
        1.5956133000         2.5100000000         1.3454963091         2.8426432957         0.2194081699
        1.6004511000         2.5100000000         1.3352870017         2.8477470506        -0.0465411270
        1.6055702000         2.5100000000         1.3327346748         2.8426432957        -0.1130284512
        1.6104314000         2.5100000000         1.3429439823         2.8554026830         0.1529208457
        1.6157241000         2.5100000000         1.3378393285         2.8502989281         0.0199461973
        1.6207100000         2.5100000000         1.3352870017         2.8477470506        -0.0465411270
        1.6255387000         2.5100000000         1.3301823480         2.8426432957        -0.1795157754
        1.6305474000         2.5100000000         1.3327346748         2.8477470506        -0.1130284512
        1.6356811000         2.5100000000         1.3429439823         2.8528508056         0.1529208457
        1.6405206000         2.5100000000         1.3352870017         2.8502989281        -0.0465411270
        1.6457401000         2.5100000000         1.3378393285         2.8554026830         0.0199461973
        1.6507063000         2.5100000000         1.3378393285         2.8502989281         0.0199461973
        1.6556582000         2.5100000000         1.3327346748         2.8400914183        -0.1130284512
        1.6607520000         2.5100000000         1.3378393285         2.8477470506         0.0199461973
        1.6656288000         2.5100000000         1.3403916554         2.8502989281         0.0864335215
        1.6706489000         2.5100000000         1.3633625971         2.8528508056         0.6848194395
        1.6756068000         2.5100000000         1.3352870017         2.8451951732        -0.0465411270
        1.6806386000         2.5100000000         1.3403916554         2.8528508056         0.0864335215
        1.6855174000         2.5100000000         1.3352870017         2.8502989281        -0.0465411270
        1.6904195000         2.5100000000         1.3378393285         2.8477470506         0.0199461973
        1.6955053000         2.5100000000         1.3454963091         2.8554026830         0.2194081699
        1.7005796000         2.5100000000         1.3352870017         2.8477470506        -0.0465411270
        1.7057340000         2.5100000000         1.3352870017         2.8477470506        -0.0465411270
        1.7105957000         2.5100000000         1.3378393285         2.8477470506         0.0199461973
        1.7156021000         2.5100000000         1.3378393285         2.8502989281         0.0199461973
        1.7207267000         2.5100000000         1.3352870017         2.8502989281        -0.0465411270
        1.7255007000         2.5100000000         1.3352870017         2.8477470506        -0.0465411270
        1.7305295000         2.5100000000         1.3301823480         2.8400914183        -0.1795157754
        1.7356073000         2.5100000000         1.3276300211         2.8400914183        -0.2460030996
        1.7406602000         2.5100000000         1.3403916554         2.8502989281         0.0864335215
        1.7455287000         2.5100000000         1.3327346748         2.8426432957        -0.1130284512
        1.7505018000         2.5100000000         1.3378393285         2.8477470506         0.0199461973
        1.7556330000         2.5100000000         1.3378393285         2.8477470506         0.0199461973
        1.7606364000         2.5100000000         1.3352870017         2.8502989281        -0.0465411270
        1.7658067000         2.5100000000         1.3327346748         2.8426432957        -0.1130284512
        1.7705858000         2.5100000000         1.3352870017         2.8477470506        -0.0465411270
        1.7756414000         2.5100000000         1.3352870017         2.8477470506        -0.0465411270
        1.7806314000         2.5100000000         1.3276300211         2.8477470506        -0.2460030996
        1.7855731000         2.5100000000         1.3403916554         2.8554026830         0.0864335215
        1.7906500000         2.5100000000         1.3301823480         2.8451951732        -0.1795157754
        1.7955186000         2.5100000000         1.3352870017         2.8477470506        -0.0465411270
        1.8006678000         2.5100000000         1.3352870017         2.8502989281        -0.0465411270
        1.8056254000         2.5100000000         1.3378393285         2.8477470506         0.0199461973
        1.8104995000         2.5100000000         1.3429439823         2.8528508056         0.1529208457
        1.8157313000         2.5100000000         1.3327346748         2.8426432957        -0.1130284512
        1.8207515000         2.5100000000         1.3378393285         2.8477470506         0.0199461973
        1.8257776000         2.5100000000         1.3378393285         2.8502989281         0.0199461973
        1.8307721000         2.5100000000         1.3506009628         2.8502989281         0.3523828184
        1.8355742000         2.5100000000         1.3378393285         2.8502989281         0.0199461973
        1.8407009000         2.5100000000         1.3454963091         2.8528508056         0.2194081699
        1.8455830000         2.5100000000         1.3352870017         2.8477470506        -0.0465411270
        1.8505142000         2.5100000000         1.3352870017         2.8477470506        -0.0465411270
        1.8556998000         2.5100000000         1.3301823480         2.8426432957        -0.1795157754
        1.8606798000         2.5100000000         1.3403916554         2.8477470506         0.0864335215
        1.8655951000         2.5100000000         1.3429439823         2.8528508056         0.1529208457
        1.8706513000         2.5100000000         1.3301823480         2.8426432957        -0.1795157754
        1.8755820000         2.5100000000         1.3301823480         2.8426432957        -0.1795157754
        1.8806672000         2.5100000000         1.3429439823         2.8554026830         0.1529208457
        1.8857387000         2.5100000000         1.3301823480         2.8426432957        -0.1795157754
        1.8906787000         2.5100000000         1.3429439823         2.8554026830         0.1529208457
        1.8956697000         2.5100000000         1.3378393285         2.8502989281         0.0199461973
        1.9006467000         2.5100000000         1.3454963091         2.8528508056         0.2194081699
        1.9057083000         2.5100000000         1.3352870017         2.8477470506        -0.0465411270
        1.9106948000         2.5100000000         1.3352870017         2.8528508056        -0.0465411270
        1.9155904000         2.5100000000         1.3352870017         2.8477470506        -0.0465411270
        1.9204768000         2.5100000000         1.3352870017         2.8477470506        -0.0465411270
        1.9257011000         2.5100000000         1.3480486360         2.8502989281         0.2858954942
        1.9305917000         2.5100000000         1.3352870017         2.8477470506        -0.0465411270
        1.9357394000         2.5100000000         1.3378393285         2.8477470506         0.0199461973
        1.9406291000         2.5100000000         1.3327346748         2.8451951732        -0.1130284512
        1.9454683000         2.5100000000         1.3378393285         2.8502989281         0.0199461973
        1.9505687000         2.5100000000         1.3327346748         2.8426432957        -0.1130284512
        1.9557899000         2.5100000000         1.3378393285         2.8477470506         0.0199461973
        1.9607941000         2.5100000000         1.3327346748         2.8426432957        -0.1130284512
        1.9657921000         2.5100000000         1.3378393285         2.8477470506         0.0199461973
        1.9707914000         2.5100000000         1.3378393285         2.8477470506         0.0199461973
        1.9758041000         2.5100000000         1.3378393285         2.8502989281         0.0199461973
        1.9806650000         2.5100000000         1.3429439823         2.8554026830         0.1529208457
        1.9857942000         2.5100000000         1.3378393285         2.8502989281         0.0199461973
        1.9907746000         2.5100000000         1.3403916554         2.8554026830         0.0864335215
        1.9956329000         2.5100000000         1.3378393285         2.8477470506         0.0199461973
        2.0005193000         2.5100000000         1.3352870017         2.8451951732        -0.0465411270
        2.0055890000         2.5100000000         1.3378393285         2.8477470506         0.0199461973
        2.0105129000         2.5100000000         1.3429439823         2.8554026830         0.1529208457
        2.0156820000         2.5100000000         1.3276300211         2.8426432957        -0.2460030996
        2.0207844000         2.5100000000         1.3403916554         2.8502989281         0.0864335215
        2.0257234000         2.5100000000         1.3352870017         2.8477470506        -0.0465411270
        2.0304774000         2.5100000000         1.3429439823         2.8554026830         0.1529208457
        2.0356071000         2.5100000000         1.3403916554         2.8528508056         0.0864335215
        2.0407770000         2.5100000000         1.3429439823         2.8528508056         0.1529208457
        2.0457933000         2.5100000000         1.3403916554         2.8554026830         0.0864335215
        2.0508024000         2.5100000000         1.3378393285         2.8477470506         0.0199461973
        2.0556933000         2.5100000000         1.3454963091         2.8554026830         0.2194081699
        2.0609379000         2.5100000000         1.3429439823         2.8528508056         0.1529208457
        2.0656605000         2.5100000000         1.3327346748         2.8400914183        -0.1130284512
        2.0706791000         2.5100000000         1.3301823480         2.8426432957        -0.1795157754
        2.0754846000         2.5100000000         1.3429439823         2.8528508056         0.1529208457
        2.0805901000         2.5100000000         1.3301823480         2.8426432957        -0.1795157754
        2.0855483000         2.5100000000         1.3352870017         2.8477470506        -0.0465411270
        2.0904789000         2.5100000000         1.3403916554         2.8528508056         0.0864335215
        2.0957090000         2.5100000000         1.3352870017         2.8477470506        -0.0465411270
        2.1005813000         2.5100000000         1.3480486360         2.8502989281         0.2858954942
        2.1055267000         2.5100000000         1.3608102703         2.8554026830         0.6183321153
        2.1105561000         2.5100000000         1.3301823480         2.8451951732        -0.1795157754
        2.1155591000         2.5100000000         1.3352870017         2.8477470506        -0.0465411270
        2.1205198000         2.5100000000         1.3352870017         2.8477470506        -0.0465411270
        2.1257152000         2.5100000000         1.3429439823         2.8554026830         0.1529208457
        2.1306772000         2.5100000000         1.3429439823         2.8528508056         0.1529208457
        2.1356879000         2.5100000000         1.3403916554         2.8477470506         0.0864335215
        2.1406753000         2.5100000000         1.3301823480         2.8426432957        -0.1795157754
        2.1457250000         2.5100000000         1.3378393285         2.8477470506         0.0199461973
        2.1507095000         2.5100000000         1.3378393285         2.8502989281         0.0199461973
        2.1556462000         2.5100000000         1.3327346748         2.8400914183        -0.1130284512
        2.1605258000         2.5100000000         1.3352870017         2.8502989281        -0.0465411270
        2.1655844000         2.5100000000         1.3378393285         2.8502989281         0.0199461973
        2.1705351000         2.5100000000         1.3378393285         2.8477470506         0.0199461973
        2.1759220000         2.5100000000         1.3454963091         2.8554026830         0.2194081699
        2.1806522000         2.5100000000         1.3352870017         2.8477470506        -0.0465411270
        2.1855809000         2.5100000000         1.3429439823         2.8528508056         0.1529208457
        2.1908708000         2.5100000000         1.3352870017         2.8502989281        -0.0465411270
        2.1955260000         2.5100000000         1.3327346748         2.8426432957        -0.1130284512
        2.2005869000         2.5100000000         1.3403916554         2.8554026830         0.0864335215
        2.2056873000         2.5100000000         1.3352870017         2.8477470506        -0.0465411270
        2.2106835000         2.5100000000         1.3429439823         2.8528508056         0.1529208457
        2.2157150000         2.5100000000         1.3276300211         2.8426432957        -0.2460030996
        2.2207842000         2.5100000000         1.3429439823         2.8528508056         0.1529208457
        2.2258104000         2.5100000000         1.3454963091         2.8554026830         0.2194081699
        2.2308067000         2.5100000000         1.3378393285         2.8502989281         0.0199461973
        2.2356948000         2.5100000000         1.3378393285         2.8502989281         0.0199461973
        2.2407038000         2.5100000000         1.3352870017         2.8477470506        -0.0465411270
        2.2457862000         2.5100000000         1.3327346748         2.8426432957        -0.1130284512
        2.2506298000         2.5100000000         1.3301823480         2.8426432957        -0.1795157754
        2.2555631000         2.5100000000         1.3352870017         2.8477470506        -0.0465411270
        2.2605862000         2.5100000000         1.3352870017         2.8502989281        -0.0465411270
        2.2654658000         2.5100000000         1.3301823480         2.8426432957        -0.1795157754
        2.2705624000         2.5100000000         1.3429439823         2.8554026830         0.1529208457
        2.2758034000         2.5100000000         1.3429439823         2.8554026830         0.1529208457
        2.2807934000         2.5100000000         1.3378393285         2.8477470506         0.0199461973
        2.2857851000         2.5100000000         1.3378393285         2.8477470506         0.0199461973
        2.2906445000         2.5100000000         1.3429439823         2.8528508056         0.1529208457
        2.2955092000         2.5100000000         1.3352870017         2.8477470506        -0.0465411270
        2.3005743000         2.5100000000         1.3429439823         2.8528508056         0.1529208457
        2.3056922000         2.5100000000         1.3378393285         2.8502989281         0.0199461973
        2.3105916000         2.5100000000         1.3378393285         2.8502989281         0.0199461973
        2.3154896000         2.5100000000         1.3352870017         2.8502989281        -0.0465411270
        2.3205642000         2.5100000000         1.3301823480         2.8426432957        -0.1795157754
        2.3257231000         2.5100000000         1.3352870017         2.8502989281        -0.0465411270
        2.3304962000         2.5100000000         1.3327346748         2.8426432957        -0.1130284512
        2.3355114000         2.5100000000         1.3352870017         2.8477470506        -0.0465411270
        2.3405599000         2.5100000000         1.3378393285         2.8477470506         0.0199461973
        2.3455639000         2.5100000000         1.3378393285         2.8477470506         0.0199461973
        2.3505112000         2.5100000000         1.3378393285         2.8477470506         0.0199461973
        2.3554663000         2.5100000000         1.3454963091         2.8477470506         0.2194081699
        2.3605906000         2.5100000000         1.3352870017         2.8502989281        -0.0465411270
        2.3655362000         2.5100000000         1.3378393285         2.8477470506         0.0199461973
        2.3704743000         2.5100000000         1.3301823480         2.8400914183        -0.1795157754
        2.3756971000         2.5100000000         1.3352870017         2.8502989281        -0.0465411270
        2.3805447000         2.5100000000         1.3403916554         2.8528508056         0.0864335215
        2.3854756000         2.5100000000         1.3327346748         2.8426432957        -0.1130284512
        2.3906753000         2.5100000000         1.3352870017         2.8477470506        -0.0465411270
        2.3955945000         2.5100000000         1.3506009628         2.8528508056         0.3523828184
        2.4004855000         2.5100000000         1.3352870017         2.8477470506        -0.0465411270
        2.4054914000         2.5100000000         1.3301823480         2.8426432957        -0.1795157754
        2.4104095000         2.5100000000         1.3378393285         2.8477470506         0.0199461973
        2.4155499000         2.5100000000         1.3429439823         2.8528508056         0.1529208457
        2.4204606000         2.5100000000         1.3378393285         2.8502989281         0.0199461973
        2.4256407000         2.5100000000         1.3429439823         2.8502989281         0.1529208457
        2.4306466000         2.5100000000         1.3582579434         2.8426432957         0.5518447911
        2.4355739000         2.5100000000         1.3378393285         2.8502989281         0.0199461973
        2.4406366000         2.5100000000         1.3378393285         2.8502989281         0.0199461973
        2.4455730000         2.5100000000         1.3429439823         2.8528508056         0.1529208457
        2.4505924000         2.5100000000         1.3301823480         2.8400914183        -0.1795157754
        2.4555810000         2.5100000000         1.3352870017         2.8477470506        -0.0465411270
        2.4606450000         2.5100000000         1.3378393285         2.8477470506         0.0199461973
        2.4655109000         2.5100000000         1.3352870017         2.8477470506        -0.0465411270
        2.4705630000         2.5100000000         1.3378393285         2.8502989281         0.0199461973
        2.4754801000         2.5100000000         1.3429439823         2.8528508056         0.1529208457
        2.4805078000         2.5100000000         1.3429439823         2.8554026830         0.1529208457
        2.4856815000         2.5100000000         1.3301823480         2.8426432957        -0.1795157754
        2.4904652000         2.5100000000         1.3352870017         2.8502989281        -0.0465411270
        2.4954410000         2.5100000000         1.3352870017         2.8477470506        -0.0465411270
        2.5005125000         2.5100000000         1.3429439823         2.8477470506         0.1529208457
        2.5055541000         2.5100000000         1.3557056165         2.8502989281         0.4853574669
        2.5104884000         2.5100000000         1.3327346748         2.8400914183        -0.1130284512
        2.5156741000         2.5100000000         1.3352870017         2.8502989281        -0.0465411270
        2.5205790000         2.5100000000         1.3429439823         2.8528508056         0.1529208457
        2.5254930000         2.5100000000         1.3378393285         2.8502989281         0.0199461973
        2.5304774000         2.5100000000         1.3301823480         2.8426432957        -0.1795157754
        2.5354787000         2.5100000000         1.3454963091         2.8554026830         0.2194081699
        2.5406534000         2.5100000000         1.3378393285         2.8477470506         0.0199461973
        2.5455711000         2.5100000000         1.3352870017         2.8477470506        -0.0465411270
        2.5506372000         2.5100000000         1.3352870017         2.8477470506        -0.0465411270
        2.5555523000         2.5100000000         1.3429439823         2.8554026830         0.1529208457
        2.5605484000         2.5100000000         1.3352870017         2.8477470506        -0.0465411270
        2.5655563000         2.5100000000         1.3429439823         2.8554026830         0.1529208457
        2.5704175000         2.5100000000         1.3378393285         2.8477470506         0.0199461973
        2.5756553000         2.5100000000         1.3454963091         2.8554026830         0.2194081699
        2.5805668000         2.5100000000         1.3327346748         2.8426432957        -0.1130284512
        2.5855541000         2.5100000000         1.3429439823         2.8554026830         0.1529208457
        2.5906152000         2.5100000000         1.3378393285         2.8502989281         0.0199461973
        2.5955113000         2.5100000000         1.3378393285         2.8477470506         0.0199461973
        2.6005013000         2.5100000000         1.3480486360         2.8502989281         0.2858954942
        2.6055609000         2.5100000000         1.3276300211         2.8502989281        -0.2460030996
        2.6105541000         2.5100000000         1.3352870017         2.8451951732        -0.0465411270
        2.6156765000         2.5100000000         1.3352870017         2.8502989281        -0.0465411270
        2.6207518000         2.5100000000         1.3429439823         2.8528508056         0.1529208457
        2.6255912000         2.5100000000         1.3301823480         2.8426432957        -0.1795157754
        2.6306553000         2.5100000000         1.3301823480         2.8451951732        -0.1795157754
        2.6356129000         2.5100000000         1.3429439823         2.8554026830         0.1529208457
        2.6405418000         2.5100000000         1.3403916554         2.8554026830         0.0864335215
        2.6455752000         2.5100000000         1.3378393285         2.8477470506         0.0199461973
        2.6504376000         2.5100000000         1.3276300211         2.8426432957        -0.2460030996
        2.6555785000         2.5100000000         1.3352870017         2.8477470506        -0.0465411270
        2.6605527000         2.5100000000         1.3378393285         2.8477470506         0.0199461973
        2.6656206000         2.5100000000         1.3301823480         2.8426432957        -0.1795157754
        2.6706367000         2.5100000000         1.3352870017         2.8502989281        -0.0465411270
        2.6755048000         2.5100000000         1.3454963091         2.8528508056         0.2194081699
        2.6805188000         2.5100000000         1.3378393285         2.8477470506         0.0199461973
        2.6855266000         2.5100000000         1.3378393285         2.8502989281         0.0199461973
        2.6905471000         2.5100000000         1.3429439823         2.8528508056         0.1529208457
        2.6955059000         2.5100000000         1.3301823480         2.8426432957        -0.1795157754
        2.7004828000         2.5100000000         1.3378393285         2.8477470506         0.0199461973
        2.7056242000         2.5100000000         1.3403916554         2.8477470506         0.0864335215
        2.7106313000         2.5100000000         1.3352870017         2.8502989281        -0.0465411270
        2.7155448000         2.5100000000         1.3327346748         2.8451951732        -0.1130284512
        2.7206572000         2.5100000000         1.3429439823         2.8528508056         0.1529208457
        2.7256162000         2.5100000000         1.3301823480         2.8426432957        -0.1795157754
        2.7306362000         2.5100000000         1.3378393285         2.8477470506         0.0199461973
        2.7356954000         2.5100000000         1.3352870017         2.8477470506        -0.0465411270
        2.7405454000         2.5100000000         1.3429439823         2.8554026830         0.1529208457
        2.7455315000         2.5100000000         1.3378393285         2.8426432957         0.0199461973
        2.7504362000         2.5100000000         1.3480486360         2.8477470506         0.2858954942
        2.7554742000         2.5100000000         1.3378393285         2.8502989281         0.0199461973
        2.7604229000         2.5100000000         1.3301823480         2.8477470506        -0.1795157754
        2.7656441000         2.5100000000         1.3301823480         2.8426432957        -0.1795157754
        2.7706383000         2.5100000000         1.3429439823         2.8528508056         0.1529208457
        2.7756507000         2.5100000000         1.3454963091         2.8554026830         0.2194081699
        2.7805899000         2.5100000000         1.3429439823         2.8528508056         0.1529208457
        2.7855773000         2.5100000000         1.3301823480         2.8400914183        -0.1795157754
        2.7907579000         2.5100000000         1.3327346748         2.8426432957        -0.1130284512
        2.7955666000         2.5100000000         1.3429439823         2.8554026830         0.1529208457
        2.8006905000         2.5100000000         1.3378393285         2.8502989281         0.0199461973
        2.8056817000         2.5100000000         1.3480486360         2.8528508056         0.2858954942
        2.8104958000         2.5100000000         1.3429439823         2.8554026830         0.1529208457
        2.8157115000         2.5100000000         1.3378393285         2.8477470506         0.0199461973
        2.8208263000         2.5100000000         1.3378393285         2.8502989281         0.0199461973
        2.8258161000         2.5100000000         1.3429439823         2.8554026830         0.1529208457
        2.8305252000         2.5100000000         1.3454963091         2.8477470506         0.2194081699
        2.8357710000         2.5100000000         1.3352870017         2.8477470506        -0.0465411270
        2.8405790000         2.5100000000         1.3403916554         2.8554026830         0.0864335215
        2.8456598000         2.5100000000         1.3327346748         2.8426432957        -0.1130284512
        2.8506116000         2.5100000000         1.3429439823         2.8528508056         0.1529208457
        2.8557828000         2.5100000000         1.3429439823         2.8554026830         0.1529208457
        2.8607597000         2.5100000000         1.3352870017         2.8477470506        -0.0465411270
        2.8658024000         2.5100000000         1.3301823480         2.8426432957        -0.1795157754
        2.8707728000         2.5100000000         1.3327346748         2.8426432957        -0.1130284512
        2.8755949000         2.5100000000         1.3403916554         2.8554026830         0.0864335215
        2.8806234000         2.5100000000         1.3403916554         2.8477470506         0.0864335215
        2.8856949000         2.5100000000         1.3454963091         2.8554026830         0.2194081699
        2.8906021000         2.5100000000         1.3301823480         2.8426432957        -0.1795157754
        2.8957374000         2.5100000000         1.3276300211         2.8400914183        -0.2460030996
        2.9006423000         2.5100000000         1.3352870017         2.8502989281        -0.0465411270
        2.9057086000         2.5100000000         1.3684672508         2.8528508056         0.8177940880
        2.9105306000         2.5100000000         1.3378393285         2.8477470506         0.0199461973
        2.9156576000         2.5100000000         1.3301823480         2.8400914183        -0.1795157754
        2.9206991000         2.5100000000         1.3352870017         2.8477470506        -0.0465411270
        2.9256844000         2.5100000000         1.3352870017         2.8451951732        -0.0465411270
        2.9306310000         2.5100000000         1.3327346748         2.8426432957        -0.1130284512
        2.9357623000         2.5100000000         1.3429439823         2.8554026830         0.1529208457
        2.9405103000         2.5100000000         1.3378393285         2.8502989281         0.0199461973
        2.9456669000         2.5100000000         1.3301823480         2.8426432957        -0.1795157754
        2.9507617000         2.5100000000         1.3403916554         2.8554026830         0.0864335215
        2.9555725000         2.5100000000         1.3352870017         2.8477470506        -0.0465411270
        2.9607190000         2.5100000000         1.3378393285         2.8477470506         0.0199461973
        2.9656160000         2.5100000000         1.3429439823         2.8528508056         0.1529208457
        2.9705523000         2.5100000000         1.3301823480         2.8426432957        -0.1795157754
        2.9755549000         2.5100000000         1.3429439823         2.8528508056         0.1529208457
        2.9805543000         2.5100000000         1.3301823480         2.8400914183        -0.1795157754
        2.9855214000         2.5100000000         1.3276300211         2.8426432957        -0.2460030996
        2.9906192000         2.5100000000         1.3352870017         2.8502989281        -0.0465411270
        2.9956227000         2.5100000000         1.3454963091         2.8528508056         0.2194081699
        3.0005197000         2.5100000000         1.3454963091         2.8477470506         0.2194081699
        3.0055563000         2.5100000000         1.3429439823         2.8426432957         0.1529208457
        3.0106175000         2.5100000000         1.3352870017         2.8502989281        -0.0465411270
        3.0155676000         2.5100000000         1.3352870017         2.8477470506        -0.0465411270
        3.0206571000         2.5100000000         1.3429439823         2.8554026830         0.1529208457
        3.0257282000         2.5100000000         1.3378393285         2.8502989281         0.0199461973
        3.0306305000         2.5100000000         1.3301823480         2.8451951732        -0.1795157754
        3.0356064000         2.5100000000         1.3352870017         2.8477470506        -0.0465411270
        3.0406516000         2.5100000000         1.3454963091         2.8554026830         0.2194081699
        3.0456380000         2.5100000000         1.3403916554         2.8528508056         0.0864335215
        3.0504446000         2.5100000000         1.3429439823         2.8528508056         0.1529208457
        3.0557892000         2.5100000000         1.3378393285         2.8502989281         0.0199461973
        3.0607971000         2.5100000000         1.3327346748         2.8400914183        -0.1130284512
        3.0657479000         2.5100000000         1.3378393285         2.8477470506         0.0199461973
        3.0707643000         2.5100000000         1.3378393285         2.8502989281         0.0199461973
        3.0757885000         2.5100000000         1.3429439823         2.8554026830         0.1529208457
        3.0807978000         2.5100000000         1.3352870017         2.8502989281        -0.0465411270
        3.0856188000         2.5100000000         1.3480486360         2.8477470506         0.2858954942
        3.0906287000         2.5100000000         1.3352870017         2.8477470506        -0.0465411270
        3.0957707000         2.5100000000         1.3276300211         2.8400914183        -0.2460030996
        3.1006364000         2.5100000000         1.3352870017         2.8477470506        -0.0465411270
        3.1057127000         2.5100000000         1.3378393285         2.8528508056         0.0199461973
        3.1107069000         2.5100000000         1.3378393285         2.8502989281         0.0199461973
        3.1156987000         2.5100000000         1.3378393285         2.8502989281         0.0199461973
        3.1207230000         2.5100000000         1.3429439823         2.8528508056         0.1529208457
        3.1255668000         2.5100000000         1.3352870017         2.8502989281        -0.0465411270
        3.1304082000         2.5100000000         1.3429439823         2.8528508056         0.1529208457
        3.1355339000         2.5100000000         1.3301823480         2.8426432957        -0.1795157754
        3.1406849000         2.5100000000         1.3352870017         2.8502989281        -0.0465411270
        3.1456990000         2.5100000000         1.3403916554         2.8528508056         0.0864335215
        3.1507003000         2.5100000000         1.3352870017         2.8477470506        -0.0465411270
        3.1557934000         2.5100000000         1.3429439823         2.8528508056         0.1529208457
        3.1607247000         2.5100000000         1.3301823480         2.8426432957        -0.1795157754
        3.1656863000         2.5100000000         1.3506009628         2.8528508056         0.3523828184
        3.1707046000         2.5100000000         1.3327346748         2.8400914183        -0.1130284512
        3.1756442000         2.5100000000         1.3352870017         2.8502989281        -0.0465411270
        3.1806385000         2.5100000000         1.3352870017         2.8502989281        -0.0465411270
        3.1855191000         2.5100000000         1.3352870017         2.8477470506        -0.0465411270
        3.1906831000         2.5100000000         1.3301823480         2.8451951732        -0.1795157754
        3.1955349000         2.5100000000         1.3378393285         2.8477470506         0.0199461973
        3.2006309000         2.5100000000         1.3378393285         2.8502989281         0.0199461973
        3.2061389000         2.5100000000         1.3352870017         2.8502989281        -0.0465411270
        3.2104821000         2.5100000000         1.3352870017         2.8477470506        -0.0465411270
        3.2156414000         2.5100000000         1.3352870017         2.8477470506        -0.0465411270
        3.2207383000         2.5100000000         1.3301823480         2.8426432957        -0.1795157754
        3.2258651000         2.5100000000         1.3352870017         2.8477470506        -0.0465411270
        3.2305378000         2.5100000000         1.3429439823         2.8528508056         0.1529208457
        3.2356268000         2.5100000000         1.3378393285         2.8477470506         0.0199461973
        3.2406380000         2.5100000000         1.3429439823         2.8528508056         0.1529208457
        3.2457274000         2.5100000000         1.3327346748         2.8426432957        -0.1130284512
        3.2506023000         2.5100000000         1.3352870017         2.8451951732        -0.0465411270
        3.2554802000         2.5100000000         1.3378393285         2.8477470506         0.0199461973
        3.2606478000         2.5100000000         1.3480486360         2.8502989281         0.2858954942
        3.2656271000         2.5100000000         1.3327346748         2.8426432957        -0.1130284512
        3.2706073000         2.5100000000         1.3352870017         2.8502989281        -0.0465411270
        3.2756151000         2.5100000000         1.3301823480         2.8477470506        -0.1795157754
        3.2807168000         2.5100000000         1.3301823480         2.8400914183        -0.1795157754
        3.2857395000         2.5100000000         1.3352870017         2.8502989281        -0.0465411270
        3.2905218000         2.5100000000         1.3352870017         2.8502989281        -0.0465411270
        3.2954754000         2.5100000000         1.3378393285         2.8502989281         0.0199461973
        3.3005419000         2.5100000000         1.3378393285         2.8477470506         0.0199461973
        3.3056551000         2.5100000000         1.3378393285         2.8477470506         0.0199461973
        3.3107298000         2.5100000000         1.3352870017         2.8502989281        -0.0465411270
        3.3156470000         2.5100000000         1.3378393285         2.8477470506         0.0199461973
        3.3207270000         2.5100000000         1.3378393285         2.8554026830         0.0199461973
        3.3257305000         2.5100000000         1.3378393285         2.8477470506         0.0199461973
        3.3307402000         2.5100000000         1.3378393285         2.8502989281         0.0199461973
        3.3357599000         2.5100000000         1.3429439823         2.8528508056         0.1529208457
        3.3407474000         2.5100000000         1.3557056165         2.8528508056         0.4853574669
        3.3456438000         2.5100000000         1.3378393285         2.8477470506         0.0199461973
        3.3505487000         2.5100000000         1.3429439823         2.8528508056         0.1529208457
        3.3555309000         2.5100000000         1.3378393285         2.8477470506         0.0199461973
        3.3606259000         2.5100000000         1.3327346748         2.8400914183        -0.1130284512
        3.3655354000         2.5100000000         1.3429439823         2.8554026830         0.1529208457
        3.3705032000         2.5100000000         1.3301823480         2.8426432957        -0.1795157754
        3.3757275000         2.5100000000         1.3429439823         2.8528508056         0.1529208457
        3.3807131000         2.5100000000         1.3327346748         2.8400914183        -0.1130284512
        3.3854615000         2.5100000000         1.3429439823         2.8554026830         0.1529208457
        3.3905026000         2.5100000000         1.3378393285         2.8502989281         0.0199461973
        3.3956339000         2.5100000000         1.3352870017         2.8477470506        -0.0465411270
        3.4007500000         2.5100000000         1.3327346748         2.8400914183        -0.1130284512
        3.4056379000         2.5100000000         1.3327346748         2.8451951732        -0.1130284512
        3.4106179000         2.5100000000         1.3352870017         2.8477470506        -0.0465411270
        3.4156191000         2.5100000000         1.3352870017         2.8477470506        -0.0465411270
        3.4206015000         2.5100000000         1.3429439823         2.8554026830         0.1529208457
        3.4255976000         2.5100000000         1.3276300211         2.8426432957        -0.2460030996
        3.4305601000         2.5100000000         1.3378393285         2.8502989281         0.0199461973
        3.4355784000         2.5100000000         1.3429439823         2.8554026830         0.1529208457
        3.4405386000         2.5100000000         1.3506009628         2.8400914183         0.3523828184
        3.4456199000         2.5100000000         1.3301823480         2.8400914183        -0.1795157754
        3.4505015000         2.5100000000         1.3352870017         2.8502989281        -0.0465411270
        3.4557256000         2.5100000000         1.3454963091         2.8528508056         0.2194081699
        3.4606171000         2.5100000000         1.3352870017         2.8477470506        -0.0465411270
        3.4654942000         2.5100000000         1.3403916554         2.8477470506         0.0864335215
        3.4706010000         2.5100000000         1.3403916554         2.8554026830         0.0864335215
        3.4757124000         2.5100000000         1.3352870017         2.8477470506        -0.0465411270
        3.4805260000         2.5100000000         1.3378393285         2.8451951732         0.0199461973
        3.4855065000         2.5100000000         1.3403916554         2.8502989281         0.0864335215
        3.4906708000         2.5100000000         1.3429439823         2.8554026830         0.1529208457
        3.4955695000         2.5100000000         1.3327346748         2.8451951732        -0.1130284512
        3.5005858000         2.5100000000         1.3352870017         2.8451951732        -0.0465411270
        3.5055092000         2.5100000000         1.3378393285         2.8477470506         0.0199461973
        3.5105599000         2.5100000000         1.3403916554         2.8477470506         0.0864335215
        3.5154285000         2.5100000000         1.3480486360         2.8502989281         0.2858954942
        3.5205565000         2.5100000000         1.3378393285         2.8477470506         0.0199461973
        3.5255423000         2.5100000000         1.3429439823         2.8502989281         0.1529208457
        3.5304869000         2.5100000000         1.3378393285         2.8477470506         0.0199461973
        3.5354461000         2.5100000000         1.3301823480         2.8426432957        -0.1795157754
        3.5404001000         2.5100000000         1.3352870017         2.8451951732        -0.0465411270
        3.5454152000         2.5100000000         1.3378393285         2.8502989281         0.0199461973
        3.5504051000         2.5100000000         1.3352870017         2.8477470506        -0.0465411270
        3.5554265000         2.5100000000         1.3429439823         2.8554026830         0.1529208457
        3.5605176000         2.5100000000         1.3378393285         2.8477470506         0.0199461973
        3.5654659000         2.5100000000         1.3429439823         2.8554026830         0.1529208457
        3.5704109000         2.5100000000         1.3301823480         2.8426432957        -0.1795157754
        3.5753993000         2.5100000000         1.3352870017         2.8502989281        -0.0465411270
        3.5804731000         2.5100000000         1.3378393285         2.8477470506         0.0199461973
        3.5855307000         2.5100000000         1.3403916554         2.8528508056         0.0864335215
        3.5904563000         2.5100000000         1.3352870017         2.8502989281        -0.0465411270
        3.5954352000         2.5100000000         1.3403916554         2.8554026830         0.0864335215
        3.6005437000         2.5100000000         1.3403916554         2.8502989281         0.0864335215
        3.6054087000         2.5100000000         1.3429439823         2.8554026830         0.1529208457
        3.6104108000         2.5100000000         1.3352870017         2.8502989281        -0.0465411270
        3.6154013000         2.5100000000         1.3506009628         2.8477470506         0.3523828184
        3.6204572000         2.5100000000         1.3454963091         2.8528508056         0.2194081699
        3.6255375000         2.5100000000         1.3352870017         2.8502989281        -0.0465411270
        3.6304737000         2.5100000000         1.3429439823         2.8528508056         0.1529208457
        3.6355618000         2.5100000000         1.3352870017         2.8502989281        -0.0465411270
        3.6405338000         2.5100000000         1.3327346748         2.8400914183        -0.1130284512
        3.6454796000         2.5100000000         1.3429439823         2.8554026830         0.1529208457
        3.6504418000         2.5100000000         1.3378393285         2.8502989281         0.0199461973
        3.6554180000         2.5100000000         1.3327346748         2.8400914183        -0.1130284512
        3.6604899000         2.5100000000         1.3429439823         2.8554026830         0.1529208457
        3.6654914000         2.5100000000         1.3301823480         2.8400914183        -0.1795157754
        3.6704215000         2.5100000000         1.3352870017         2.8502989281        -0.0465411270
        3.6754201000         2.5100000000         1.3327346748         2.8426432957        -0.1130284512
        3.6804316000         2.5100000000         1.3429439823         2.8477470506         0.1529208457
        3.6855321000         2.5100000000         1.3378393285         2.8400914183         0.0199461973
        3.6904119000         2.5100000000         1.3352870017         2.8451951732        -0.0465411270
        3.6954146000         2.5100000000         1.3301823480         2.8426432957        -0.1795157754
        3.7004914000         2.5100000000         1.3403916554         2.8502989281         0.0864335215
        3.7054009000         2.5100000000         1.3378393285         2.8502989281         0.0199461973
        3.7104080000         2.5100000000         1.3403916554         2.8528508056         0.0864335215
        3.7155602000         2.5100000000         1.3403916554         2.8554026830         0.0864335215
        3.7204116000         2.5100000000         1.3301823480         2.8426432957        -0.1795157754
        3.7254325000         2.5100000000         1.3403916554         2.8528508056         0.0864335215
        3.7304156000         2.5100000000         1.3378393285         2.8477470506         0.0199461973
        3.7354646000         2.5100000000         1.3301823480         2.8400914183        -0.1795157754
        3.7403999000         2.5100000000         1.3429439823         2.8528508056         0.1529208457
        3.7455313000         2.5100000000         1.3352870017         2.8477470506        -0.0465411270
        3.7503925000         2.5100000000         1.3506009628         2.8502989281         0.3523828184
        3.7554398000         2.5100000000         1.3352870017         2.8502989281        -0.0465411270
        3.7604503000         2.5100000000         1.3352870017         2.8477470506        -0.0465411270
        3.7654852000         2.5100000000         1.3301823480         2.8451951732        -0.1795157754
        3.7706317000         2.5100000000         1.3352870017         2.8477470506        -0.0465411270
        3.7754841000         2.5100000000         1.3378393285         2.8502989281         0.0199461973
        3.7805374000         2.5100000000         1.3301823480         2.8426432957        -0.1795157754
        3.7856576000         2.5100000000         1.3352870017         2.8502989281        -0.0465411270
        3.7905300000         2.5100000000         1.3378393285         2.8477470506         0.0199461973
        3.7954463000         2.5100000000         1.3301823480         2.8400914183        -0.1795157754
        3.8004571000         2.5100000000         1.3429439823         2.8528508056         0.1529208457
        3.8054872000         2.5100000000         1.3378393285         2.8477470506         0.0199461973
        3.8105233000         2.5100000000         1.3301823480         2.8426432957        -0.1795157754
        3.8154611000         2.5100000000         1.3378393285         2.8477470506         0.0199461973
        3.8205136000         2.5100000000         1.3403916554         2.8477470506         0.0864335215
        3.8254615000         2.5100000000         1.3327346748         2.8451951732        -0.1130284512
        3.8304469000         2.5100000000         1.3429439823         2.8528508056         0.1529208457
        3.8355673000         2.5100000000         1.3301823480         2.8426432957        -0.1795157754
        3.8405745000         2.5100000000         1.3454963091         2.8528508056         0.2194081699
        3.8454892000         2.5100000000         1.3378393285         2.8477470506         0.0199461973
        3.8505273000         2.5100000000         1.3378393285         2.8477470506         0.0199461973
        3.8556427000         2.5100000000         1.3352870017         2.8477470506        -0.0465411270
        3.8606466000         2.5100000000         1.3352870017         2.8451951732        -0.0465411270
        3.8655248000         2.5100000000         1.3378393285         2.8477470506         0.0199461973
        3.8706326000         2.5100000000         1.3378393285         2.8528508056         0.0199461973
        3.8756221000         2.5100000000         1.3352870017         2.8502989281        -0.0465411270
        3.8806667000         2.5100000000         1.3327346748         2.8451951732        -0.1130284512
        3.8855675000         2.5100000000         1.3378393285         2.8502989281         0.0199461973
        3.8906309000         2.5100000000         1.3352870017         2.8477470506        -0.0465411270
        3.8958590000         2.5100000000         1.3327346748         2.8426432957        -0.1130284512
        3.9004964000         2.5100000000         1.3429439823         2.8528508056         0.1529208457
        3.9054796000         2.5100000000         1.3327346748         2.8451951732        -0.1130284512
        3.9106738000         2.5100000000         1.3429439823         2.8528508056         0.1529208457
        3.9155295000         2.5100000000         1.3301823480         2.8426432957        -0.1795157754
        3.9205174000         2.5100000000         1.3454963091         2.8528508056         0.2194081699
        3.9255798000         2.5100000000         1.3352870017         2.8477470506        -0.0465411270
        3.9304652000         2.5100000000         1.3429439823         2.8528508056         0.1529208457
        3.9354315000         2.5100000000         1.3378393285         2.8502989281         0.0199461973
        3.9404476000         2.5100000000         1.3429439823         2.8554026830         0.1529208457
        3.9456412000         2.5100000000         1.3327346748         2.8426432957        -0.1130284512
        3.9506956000         2.5100000000         1.3454963091         2.8554026830         0.2194081699
        3.9557003000         2.5100000000         1.3454963091         2.8502989281         0.2194081699
        3.9607429000         2.5100000000         1.3531532897         2.8426432957         0.4188701426
        3.9657145000         2.5100000000         1.3352870017         2.8477470506        -0.0465411270
        3.9706763000         2.5100000000         1.3429439823         2.8554026830         0.1529208457
        3.9758087000         2.5100000000         1.3403916554         2.8477470506         0.0864335215
        3.9806959000         2.5100000000         1.3454963091         2.8554026830         0.2194081699
        3.9857689000         2.5100000000         1.3276300211         2.8426432957        -0.2460030996
        3.9906759000         2.5100000000         1.3378393285         2.8477470506         0.0199461973
        3.9956224000         2.5100000000         1.3378393285         2.8477470506         0.0199461973
        4.0005700000         2.5100000000         1.3301823480         2.8426432957        -0.1795157754
