% Sweep Step 123/200  Vcmd=3.6000V  CW 
% Vg_offset=1.338337V  K_gimbal=26.049690

Time[s]              Vcmd[V]              Vg_raw[V]            Pot[V]             Omega[rad/s]
        0.0038417000         3.6000000000         1.3633625971         5.0066353810         0.6519082140
        0.0056065000         3.6000000000         1.3429439823         5.0117391359         0.1200096202
        0.0106946000         3.6000000000         1.3352870017         5.0040835035        -0.0794523525
        0.0156045000         3.6000000000         1.3352870017         5.0015316260        -0.0794523525
        0.0205377000         3.6000000000         1.4093044805         5.0040835035         1.8486800501
        0.0255580000         3.6000000000         1.5930720142         5.0117391359         6.6357673944
        0.0305269000         3.6000000000         1.5190545354         4.9989797486         4.7076349919
        0.0356233000         3.6000000000         1.5624440919         5.0066353810         5.8379195037
        0.0406637000         3.6000000000         1.6007289948         4.9989797486         6.8352293671
        0.0456659000         3.6000000000         1.6007289948         1.1124703785         6.8352293671
        0.0506677000         3.6000000000         1.6083859753         1.1226778884         7.0346913398
        0.0556849000         3.6000000000         1.6441185513         0.0024036839         7.9655138790
        0.0605816000         3.6000000000         1.6492232050         0.0100593162         8.0984885274
        0.0657258000         3.6000000000         1.6390138976         0.0024036839         7.8325392305
        0.0705964000         3.6000000000         1.6670894930         0.0024036839         8.5638997970
        0.0757407000         3.6000000000         1.6619848393         0.0253705810         8.4309251486
        0.0806257000         3.6000000000         1.6696418199         0.0585449879         8.6303871212
        0.0855670000         3.6000000000         1.6798511273         0.0942712724         8.8963364182
        0.0905973000         3.6000000000         1.6798511273         0.1376531892         8.8963364182
        0.0956460000         3.6000000000         1.6926127616         0.1657238412         9.2287730393
        0.1006414000         3.6000000000         1.7028220690         0.2040020031         9.4947223362
        0.1056310000         3.6000000000         1.7028220690         0.2448320425         9.4947223362
        0.1107000000         3.6000000000         1.7028220690         0.2780064494         9.4947223362
        0.1156155000         3.6000000000         1.7002697422         0.3162846113         9.4282350120
        0.1206329000         3.6000000000         1.7155837033         0.3545627732         9.8271589573
        0.1256031000         3.6000000000         1.7079267227         0.3902890576         9.6276969846
        0.1305369000         3.6000000000         1.7104790496         0.4234634646         9.6941843089
        0.1357397000         3.6000000000         1.7232406839         0.4693972588        10.0266209300
        0.1406676000         3.6000000000         1.7232406839         0.5076754207        10.0266209300
        0.1457351000         3.6000000000         1.7257930107         0.5485054601        10.0931082542
        0.1506814000         3.6000000000         1.7283453376         0.5867836220        10.1595955785
        0.1556604000         3.6000000000         1.7308976644         0.6199580289        10.2260829027
        0.1606128000         3.6000000000         1.7334499913         0.6633399457        10.2925702269
        0.1657373000         3.6000000000         1.7232406839         0.6990662302        10.0266209300
        0.1706695000         3.6000000000         1.7589732599         0.7526556568        10.9574434692
        0.1756310000         3.6000000000         1.7411069719         0.7883819412        10.4920321996
        0.1807182000         3.6000000000         1.7513162793         0.8190044707        10.7579814965
        0.1857264000         3.6000000000         1.7538686061         0.8725938974        10.8244688207
        0.1906428000         3.6000000000         1.7436592987         0.9083201818        10.5585195238
        0.1956506000         3.6000000000         1.7436592987         0.9491502211        10.5585195238
        0.2006098000         3.6000000000         1.7538686061         0.9899802605        10.8244688207
        0.2056177000         3.6000000000         1.7513162793         1.0359140547        10.7579814965
        0.2106126000         3.6000000000         1.7462116256         1.0767440941        10.6250068480
        0.2154891000         3.6000000000         1.7513162793         1.1150222560        10.7579814965
        0.2204879000         3.6000000000         1.7615255867         1.1584041728        11.0239307934
        0.2255336000         3.6000000000         1.7436592987         1.1890267023        10.5585195238
        0.2305219000         3.6000000000         1.7538686061         1.2324086191        10.8244688207
        0.2357599000         3.6000000000         1.7513162793         1.2783424134        10.7579814965
        0.2406253000         3.6000000000         1.7615255867         1.3242762076        11.0239307934
        0.2455971000         3.6000000000         1.7666302404         1.3702100019        11.1569054419
        0.2506128000         3.6000000000         1.7742872210         1.4008325314        11.3563674145
        0.2555855000         3.6000000000         1.7615255867         1.4442144482        11.0239307934
        0.2606788000         3.6000000000         1.7640779136         1.4850444875        11.0904181176
        0.2661673000         3.6000000000         1.7742872210         1.5309782818        11.3563674145
        0.2705524000         3.6000000000         1.7513162793         1.5641526888        10.7579814965
        0.2755301000         3.6000000000         1.7640779136         1.6126383605        11.0904181176
        0.2805011000         3.6000000000         1.7691825673         1.6509165224        11.2233927661
        0.2857694000         3.6000000000         1.7615255867         1.6866428068        11.0239307934
        0.2906278000         3.6000000000         1.7691825673         1.7351284785        11.2233927661
        0.2955902000         3.6000000000         1.7717348941         1.7785103953        11.2898800903
        0.3006116000         3.6000000000         1.7640779136         1.8142366797        11.0904181176
        0.3056313000         3.6000000000         1.7742872210         1.8576185965        11.3563674145
        0.3106302000         3.6000000000         1.7742872210         1.9035523908        11.3563674145
        0.3157393000         3.6000000000         1.7819442016         1.9469343076        11.5558293872
        0.3205341000         3.6000000000         1.7742872210         1.9903162244        11.3563674145
        0.3254960000         3.6000000000         1.7896011821         2.0336981412        11.7552913599
        0.3305361000         3.6000000000         1.7793918747         2.0796319355        11.4893420630
        0.3355812000         3.6000000000         1.7844965284         2.1179100974        11.6223167114
        0.3404981000         3.6000000000         1.7844965284         2.1663957691        11.6223167114
        0.3454751000         3.6000000000         1.7717348941         2.2021220535        11.2898800903
        0.3505178000         3.6000000000         1.7947058358         2.2608152351        11.8882660084
        0.3555556000         3.6000000000         1.7947058358         2.2990933970        11.8882660084
        0.3605825000         3.6000000000         1.7742872210         2.3373715588        11.3563674145
        0.3655982000         3.6000000000         1.7998104896         2.3935128629        12.0212406568
        0.3704676000         3.6000000000         1.7742872210         2.4317910248        11.3563674145
        0.3755198000         3.6000000000         1.7717348941         2.4700691867        11.2898800903
        0.3804694000         3.6000000000         1.8023628164         2.5236586133        12.0877279810
        0.3855219000         3.6000000000         1.7640779136         2.5644886527        11.0904181176
        0.3905373000         3.6000000000         1.7768395479         2.6027668146        11.4228547388
        0.3955067000         3.6000000000         1.7921535090         2.6589081187        11.8217786841
        0.4005827000         3.6000000000         1.7742872210         2.6920825256        11.3563674145
        0.4055947000         3.6000000000         1.7768395479         2.7329125650        11.4228547388
        0.4104976000         3.6000000000         1.7819442016         2.7865019916        11.5558293872
        0.4154976000         3.6000000000         1.7896011821         2.8247801535        11.7552913599
        0.4205167000         3.6000000000         1.7717348941         2.8630583154        11.2898800903
        0.4254848000         3.6000000000         1.7998104896         2.9191996195        12.0212406568
        0.4306328000         3.6000000000         1.7742872210         2.9574777814        11.3563674145
        0.4355582000         3.6000000000         1.7793918747         3.0008596982        11.4893420630
        0.4405935000         3.6000000000         1.7972581627         3.0518972474        11.9547533326
        0.4455345000         3.6000000000         1.7870488553         3.0901754092        11.6888040357
        0.4508743000         3.6000000000         1.7768395479         3.1386610810        11.4228547388
        0.4555368000         3.6000000000         1.7921535090         3.1794911203        11.8217786841
        0.4605669000         3.6000000000         1.7844965284         3.2305286695        11.6223167114
        0.4655294000         3.6000000000         1.7844965284         3.2611511990        11.6223167114
        0.4705895000         3.6000000000         1.7947058358         3.3121887482        11.8882660084
        0.4755654000         3.6000000000         1.7844965284         3.3657781748        11.6223167114
        0.4808200000         3.6000000000         1.7998104896         3.3938488269        12.0212406568
        0.4857309000         3.6000000000         1.7768395479         3.4423344986        11.4228547388
        0.4908517000         3.6000000000         1.7870488553         3.4857164154        11.6888040357
        0.4956612000         3.6000000000         1.8176767776         3.5469614744        12.4866519264
        0.5006873000         3.6000000000         1.7844965284         3.5852396363        11.6223167114
        0.5056438000         3.6000000000         1.7921535090         3.6235177982        11.8217786841
        0.5106123000         3.6000000000         1.7998104896         3.6796591023        12.0212406568
        0.5155341000         3.6000000000         1.7896011821         3.7204891416        11.7552913599
        0.5205427000         3.6000000000         1.7998104896         3.7664229359        12.0212406568
        0.5255810000         3.6000000000         1.7921535090         3.8098048527        11.8217786841
        0.5305821000         3.6000000000         1.7972581627         3.8582905244        11.9547533326
        0.5354646000         3.6000000000         1.7972581627         3.9016724412        11.9547533326
        0.5404714000         3.6000000000         1.7768395479         3.9450543580        11.4228547388
        0.5455472000         3.6000000000         1.8023628164         3.9909881523        12.0877279810
        0.5505578000         3.6000000000         1.7768395479         4.0292663142        11.4228547388
        0.5555782000         3.6000000000         1.7921535090         4.0777519859        11.8217786841
        0.5606754000         3.6000000000         1.7972581627         4.1236857801        11.9547533326
        0.5656577000         3.6000000000         1.7896011821         4.1670676969        11.7552913599
        0.5705383000         3.6000000000         1.7844965284         4.2155533687        11.6223167114
        0.5756683000         3.6000000000         1.7921535090         4.2589352855        11.8217786841
        0.5806559000         3.6000000000         1.7972581627         4.3099728347        11.9547533326
        0.5857613000         3.6000000000         1.7870488553         4.3584585064        11.6888040357
        0.5907016000         3.6000000000         1.8023628164         4.4043923006        12.0877279810
        0.5956614000         3.6000000000         1.7972581627         4.4503260949        11.9547533326
        0.6006735000         3.6000000000         1.8049151433         4.4988117666        12.1542153053
        0.6055601000         3.6000000000         1.7921535090         4.5447455609        11.8217786841
        0.6106450000         3.6000000000         1.8100197970         4.5881274777        12.2871899537
        0.6156616000         3.6000000000         1.7896011821         4.6417169043        11.7552913599
        0.6206610000         3.6000000000         1.7819442016         4.6902025760        11.5558293872
        0.6255350000         3.6000000000         1.7998104896         4.7310326154        12.0212406568
        0.6306191000         3.6000000000         1.7947058358         4.7871739195        11.8882660084
        0.6355587000         3.6000000000         1.8023628164         4.8356595912        12.0877279810
        0.6406165000         3.6000000000         1.8049151433         4.8841452629        12.1542153053
        0.6456335000         3.6000000000         1.8176767776         4.9326309346        12.4866519264
        0.6506504000         3.6000000000         1.8074674701         4.9785647289        12.2207026295
        0.6556312000         3.6000000000         1.7947058358         5.0066353810        11.8882660084
        0.6606487000         3.6000000000         1.8023628164         5.0117391359        12.0877279810
        0.6656383000         3.6000000000         1.8023628164         4.9964278711        12.0877279810
        0.6706392000         3.6000000000         1.7921535090         1.1201260109        11.8217786841
        0.6755009000         3.6000000000         1.8176767776         0.0075074388        12.4866519264
        0.6804642000         3.6000000000         1.7998104896         0.0075074388        12.0212406568
        0.6855247000         3.6000000000         1.8100197970         0.0024036839        12.2871899537
        0.6904640000         3.6000000000         1.7947058358         0.0381299683        11.8882660084
        0.6956646000         3.6000000000         1.7947058358         0.0891675175        11.8882660084
        0.7004891000         3.6000000000         1.8151244507         0.1504125765        12.4201646022
        0.7055532000         3.6000000000         1.7947058358         0.1912426158        11.8882660084
        0.7105282000         3.6000000000         1.7998104896         0.2346245326        12.0212406568
        0.7154883000         3.6000000000         1.8074674701         0.2805583269        12.2207026295
        0.7204971000         3.6000000000         1.7998104896         0.3341477535        12.0212406568
        0.7255076000         3.6000000000         1.8049151433         0.3826334252        12.1542153053
        0.7304881000         3.6000000000         1.8151244507         0.4336709744        12.4201646022
        0.7354765000         3.6000000000         1.7896011821         0.4693972588        11.7552913599
        0.7404827000         3.6000000000         1.8176767776         0.5229866855        12.4866519264
        0.7455016000         3.6000000000         1.8023628164         0.5765761121        12.0877279810
        0.7504878000         3.6000000000         1.8100197970         0.6123023966        12.2871899537
        0.7555210000         3.6000000000         1.7972581627         0.6582361908        11.9547533326
        0.7604608000         3.6000000000         1.7947058358         0.7143774949        11.8882660084
        0.7655473000         3.6000000000         1.8023628164         0.7526556568        12.0877279810
        0.7704833000         3.6000000000         1.8100197970         0.8087969609        12.2871899537
        0.7754728000         3.6000000000         1.8023628164         0.8547307552        12.0877279810
        0.7804570000         3.6000000000         1.8074674701         0.8955607945        12.2207026295
        0.7854896000         3.6000000000         1.8074674701         0.9389427113        12.2207026295
        0.7904639000         3.6000000000         1.8023628164         1.0027396478        12.0877279810
        0.7954725000         3.6000000000         1.8125721238         1.0410178097        12.3536772779
        0.8004904000         3.6000000000         1.7947058358         1.0843997265        11.8882660084
        0.8055074000         3.6000000000         1.8049151433         1.1379891531        12.1542153053
        0.8104860000         3.6000000000         1.8176767776         1.1813710699        12.4866519264
        0.8155251000         3.6000000000         1.8125721238         1.2298567416        12.3536772779
        0.8204633000         3.6000000000         1.7896011821         1.2706867810        11.7552913599
        0.8254755000         3.6000000000         1.8023628164         1.3115168203        12.0877279810
        0.8306114000         3.6000000000         1.8023628164         1.3625543695        12.0877279810
        0.8354899000         3.6000000000         1.7998104896         1.4084881638        12.0212406568
        0.8404886000         3.6000000000         1.7947058358         1.4595257129        11.8882660084
        0.8454632000         3.6000000000         1.8023628164         1.4927001199        12.0877279810
        0.8504601000         3.6000000000         1.7998104896         1.5462895465        12.0212406568
        0.8554733000         3.6000000000         1.8125721238         1.5896714634        12.3536772779
        0.8605210000         3.6000000000         1.8125721238         1.6432608900        12.3536772779
        0.8656290000         3.6000000000         1.8202291044         1.6866428068        12.5531392506
        0.8705282000         3.6000000000         1.8100197970         1.7325766011        12.2871899537
        0.8754723000         3.6000000000         1.8049151433         1.7734066404        12.1542153053
        0.8805018000         3.6000000000         1.8125721238         1.8167885572        12.3536772779
        0.8854860000         3.6000000000         1.7947058358         1.8627223515        11.8882660084
        0.8904620000         3.6000000000         1.8074674701         1.9035523908        12.2207026295
        0.8955138000         3.6000000000         1.8100197970         1.9520380625        12.2871899537
        0.9004883000         3.6000000000         1.7947058358         1.9979718568        11.8882660084
        0.9054839000         3.6000000000         1.8049151433         2.0464575285        12.1542153053
        0.9106003000         3.6000000000         1.8100197970         2.1000469552        12.2871899537
        0.9155046000         3.6000000000         1.7998104896         2.1383251170        12.0212406568
        0.9205221000         3.6000000000         1.7972581627         2.1817070338        11.9547533326
        0.9255987000         3.6000000000         1.8125721238         2.2327445830        12.3536772779
        0.9305960000         3.6000000000         1.8074674701         2.2812302547        12.2207026295
        0.9356270000         3.6000000000         1.7947058358         2.3220602941        11.8882660084
        0.9406241000         3.6000000000         1.8176767776         2.3679940883        12.4866519264
        0.9455352000         3.6000000000         1.8074674701         2.4190316375        12.2207026295
        0.9505090000         3.6000000000         1.7972581627         2.4649654318        11.9547533326
        0.9554838000         3.6000000000         1.8100197970         2.5057954711        12.2871899537
        0.9605414000         3.6000000000         1.8049151433         2.5644886527        12.1542153053
        0.9655259000         3.6000000000         1.8100197970         2.6053186920        12.2871899537
        0.9704861000         3.6000000000         1.7947058358         2.6461487314        11.8882660084
        0.9755051000         3.6000000000         1.8100197970         2.7022900355        12.2871899537
        0.9804983000         3.6000000000         1.8023628164         2.7431200748        12.0877279810
        0.9854964000         3.6000000000         1.8074674701         2.7865019916        12.2207026295
        0.9904694000         3.6000000000         1.8049151433         2.8400914183        12.1542153053
        0.9955056000         3.6000000000         1.8125721238         2.8809214576        12.3536772779
        1.0006606000         3.6000000000         1.7998104896         2.9268552519        12.0212406568
        1.0054970000         3.6000000000         1.8100197970         2.9829965560        12.2871899537
        1.0104887000         3.6000000000         1.8023628164         3.0187228404        12.0877279810
        1.0155106000         3.6000000000         1.8125721238         3.0621047572        12.3536772779
        1.0205213000         3.6000000000         1.8125721238         3.1182460613        12.3536772779
        1.0256225000         3.6000000000         1.8176767776         3.1667317330        12.4866519264
        1.0305105000         3.6000000000         1.8329907387         3.2075617724        12.8855758718
        1.0355952000         3.6000000000         1.8100197970         3.2534955666        12.2871899537
        1.0406458000         3.6000000000         1.8151244507         3.3070849933        12.4201646022
        1.0455258000         3.6000000000         1.7972581627         3.3504669101        11.9547533326
        1.0504985000         3.6000000000         1.8253337581         3.4015044592        12.6861138991
        1.0555196000         3.6000000000         1.8023628164         3.4448863760        12.0877279810
        1.0604597000         3.6000000000         1.8151244507         3.4908201703        12.4201646022
        1.0655880000         3.6000000000         1.8176767776         3.5342020871        12.4866519264
        1.0705475000         3.6000000000         1.8100197970         3.5801358814        12.2871899537
        1.0755174000         3.6000000000         1.7998104896         3.6235177982        12.0212406568
        1.0804868000         3.6000000000         1.8151244507         3.6720034699        12.4201646022
        1.0856395000         3.6000000000         1.7947058358         3.7204891416        11.8882660084
        1.0905222000         3.6000000000         1.8151244507         3.7715266908        12.4201646022
        1.0955193000         3.6000000000         1.8202291044         3.8251161174        12.5531392506
        1.1004553000         3.6000000000         1.8202291044         3.8736017892        12.5531392506
        1.1054739000         3.6000000000         1.8125721238         3.9144318285        12.3536772779
        1.1105102000         3.6000000000         1.8227814313         3.9552618679        12.6196265748
        1.1155171000         3.6000000000         1.8100197970         4.0114031719        12.2871899537
        1.1204817000         3.6000000000         1.8125721238         4.0522332113        12.3536772779
        1.1254755000         3.6000000000         1.8125721238         4.0981670056        12.3536772779
        1.1304507000         3.6000000000         1.8151244507         4.1441007998        12.4201646022
        1.1355296000         3.6000000000         1.7998104896         4.1925864715        12.0212406568
        1.1404873000         3.6000000000         1.8278860850         4.2487277756        12.7526012233
        1.1455028000         3.6000000000         1.8125721238         4.2895578150        12.3536772779
        1.1504835000         3.6000000000         1.8100197970         4.3380434867        12.2871899537
        1.1554456000         3.6000000000         1.7896011821         4.3890810359        11.7552913599
        1.1604832000         3.6000000000         1.8227814313         4.4452223400        12.6196265748
        1.1656232000         3.6000000000         1.8125721238         4.4937080117        12.3536772779
        1.1705459000         3.6000000000         1.8074674701         4.5396418060        12.2207026295
        1.1754761000         3.6000000000         1.8278860850         4.5932312326        12.7526012233
        1.1804840000         3.6000000000         1.8125721238         4.6289575170        12.3536772779
        1.1855252000         3.6000000000         1.8074674701         4.6850988211        12.2207026295
        1.1904531000         3.6000000000         1.8125721238         4.7259288605        12.3536772779
        1.1955690000         3.6000000000         1.8049151433         4.7846220420        12.1542153053
        1.2005024000         3.6000000000         1.8125721238         4.8331077137        12.3536772779
        1.2055198000         3.6000000000         1.8100197970         4.8739377531        12.2871899537
        1.2105025000         3.6000000000         1.8049151433         4.9326309346        12.1542153053
        1.2155227000         3.6000000000         1.8227814313         4.9811166064        12.6196265748
        1.2205147000         3.6000000000         1.8049151433         4.9964278711        12.1542153053
        1.2254419000         3.6000000000         1.8278860850         5.0117391359        12.7526012233
        1.2305148000         3.6000000000         1.8125721238         4.9964278711        12.3536772779
        1.2354961000         3.6000000000         1.8100197970         1.1073666236        12.2871899537
        1.2404909000         3.6000000000         1.8202291044         0.0024036839        12.5531392506
        1.2455129000         3.6000000000         1.8049151433         0.0024036839        12.1542153053
        1.2505370000         3.6000000000         1.8227814313         0.0126111937        12.6196265748
        1.2556266000         3.6000000000         1.8074674701         0.0559931105        12.2207026295
        1.2604577000         3.6000000000         1.8125721238         0.1019269048        12.3536772779
        1.2655276000         3.6000000000         1.8151244507         0.1504125765        12.4201646022
        1.2704789000         3.6000000000         1.8202291044         0.2091057580        12.5531392506
        1.2755000000         3.6000000000         1.8176767776         0.2550395523        12.4866519264
        1.2805535000         3.6000000000         1.8100197970         0.2984214691        12.2871899537
        1.2855144000         3.6000000000         1.8100197970         0.3469071408        12.2871899537
        1.2905121000         3.6000000000         1.8227814313         0.4081521998        12.6196265748
        1.2954981000         3.6000000000         1.8074674701         0.4489822392        12.2207026295
        1.3004640000         3.6000000000         1.8227814313         0.4974679109        12.6196265748
        1.3055536000         3.6000000000         1.8023628164         0.5561610925        12.0877279810
        1.3105114000         3.6000000000         1.8176767776         0.5893354994        12.4866519264
        1.3155437000         3.6000000000         1.8049151433         0.6403730486        12.1542153053
        1.3206388000         3.6000000000         1.8176767776         0.6914105978        12.4866519264
        1.3256240000         3.6000000000         1.8049151433         0.7398962695        12.1542153053
        1.3305043000         3.6000000000         1.8355430655         0.7960375736        12.9520631960
        1.3356057000         3.6000000000         1.8023628164         0.8368676129        12.0877279810
        1.3404796000         3.6000000000         1.8151244507         0.8828014072        12.4201646022
        1.3457404000         3.6000000000         1.8176767776         0.9261833240        12.4866519264
        1.3505423000         3.6000000000         1.8049151433         0.9721171183        12.1542153053
        1.3555503000         3.6000000000         1.8202291044         1.0257065449        12.5531392506
        1.3604985000         3.6000000000         1.8176767776         1.0767440941        12.4866519264
        1.3654792000         3.6000000000         1.8176767776         1.1201260109        12.4866519264
        1.3704606000         3.6000000000         1.8227814313         1.1737154375        12.6196265748
        1.3754746000         3.6000000000         1.8151244507         1.2145454769        12.4201646022
        1.3804597000         3.6000000000         1.8253337581         1.2630311486        12.6861138991
        1.3854720000         3.6000000000         1.8176767776         1.3166205752        12.4866519264
        1.3904972000         3.6000000000         1.8278860850         1.3574506146        12.7526012233
        1.3955199000         3.6000000000         1.8100197970         1.3982806539        12.2871899537
        1.4004628000         3.6000000000         1.8125721238         1.4442144482        12.3536772779
        1.4055053000         3.6000000000         1.8151244507         1.4927001199        12.4201646022
        1.4104829000         3.6000000000         1.8074674701         1.5437376691        12.2207026295
        1.4154742000         3.6000000000         1.8176767776         1.5871195859        12.4866519264
        1.4204846000         3.6000000000         1.8151244507         1.6407090125        12.4201646022
        1.4255093000         3.6000000000         1.8304384118         1.6789871744        12.8190885475
        1.4305341000         3.6000000000         1.8176767776         1.7300247236        12.4866519264
        1.4354842000         3.6000000000         1.8100197970         1.7836141502        12.2871899537
        1.4404762000         3.6000000000         1.8074674701         1.8167885572        12.2207026295
        1.4455178000         3.6000000000         1.8151244507         1.8678261064        12.4201646022
        1.4504911000         3.6000000000         1.8125721238         1.9112080232        12.3536772779
        1.4555231000         3.6000000000         1.8202291044         1.9596936949        12.5531392506
        1.4604829000         3.6000000000         1.8100197970         2.0005237343        12.2871899537
        1.4654430000         3.6000000000         1.8151244507         2.0617687933        12.4201646022
        1.4704794000         3.6000000000         1.8151244507         2.1000469552        12.4201646022
        1.4755207000         3.6000000000         1.8202291044         2.1434288720        12.5531392506
        1.4804765000         3.6000000000         1.8074674701         2.1970182986        12.2207026295
        1.4854717000         3.6000000000         1.8125721238         2.2404002154        12.3536772779
        1.4904870000         3.6000000000         1.8151244507         2.2812302547        12.4201646022
        1.4955179000         3.6000000000         1.8151244507         2.3424753138        12.4201646022
        1.5005832000         3.6000000000         1.8304384118         2.3858572306        12.8190885475
        1.5054756000         3.6000000000         1.8202291044         2.4266872699        12.5531392506
        1.5106247000         3.6000000000         1.8151244507         2.4879323289        12.4201646022
        1.5155642000         3.6000000000         1.8202291044         2.5262104908        12.5531392506
        1.5205383000         3.6000000000         1.8074674701         2.5670405302        12.2207026295
        1.5255269000         3.6000000000         1.8125721238         2.6282855892        12.3536772779
        1.5304941000         3.6000000000         1.8176767776         2.6691156285        12.4866519264
        1.5355272000         3.6000000000         1.8074674701         2.7073937904        12.2207026295
        1.5404757000         3.6000000000         1.8125721238         2.7660869720        12.3536772779
        1.5455822000         3.6000000000         1.8329907387         2.8094688888        12.8855758718
        1.5505799000         3.6000000000         1.7998104896         2.8554026830        12.0212406568
        1.5555164000         3.6000000000         1.8176767776         2.9089921097        12.4866519264
        1.5605577000         3.6000000000         1.8227814313         2.9498221490        12.6196265748
        1.5654817000         3.6000000000         1.7998104896         2.9983078207        12.0212406568
        1.5705385000         3.6000000000         1.8253337581         3.0493453699        12.6861138991
        1.5755296000         3.6000000000         1.8304384118         3.0927272867        12.8190885475
        1.5804646000         3.6000000000         1.8125721238         3.1386610810        12.3536772779
        1.5856452000         3.6000000000         1.8202291044         3.1871467527        12.5531392506
        1.5906060000         3.6000000000         1.8253337581         3.2356324244        12.6861138991
        1.5955406000         3.6000000000         1.8049151433         3.2764624638        12.1542153053
        1.6005220000         3.6000000000         1.8151244507         3.3223962580        12.4201646022
        1.6055183000         3.6000000000         1.8151244507         3.3734338072        12.4201646022
        1.6106433000         3.6000000000         1.8151244507         3.4270232338        12.4201646022
        1.6155884000         3.6000000000         1.8151244507         3.4729570281        12.4201646022
        1.6205388000         3.6000000000         1.8355430655         3.5290983322        12.9520631960
        1.6255640000         3.6000000000         1.8125721238         3.5775840039        12.3536772779
        1.6306375000         3.6000000000         1.8329907387         3.6286215531        12.8855758718
        1.6356341000         3.6000000000         1.8176767776         3.6643478375        12.4866519264
        1.6406135000         3.6000000000         1.8202291044         3.7153853867        12.5531392506
        1.6456518000         3.6000000000         1.8278860850         3.7664229359        12.7526012233
        1.6505718000         3.6000000000         1.8125721238         3.8072529752        12.3536772779
        1.6556462000         3.6000000000         1.8253337581         3.8608424019        12.6861138991
        1.6606476000         3.6000000000         1.8253337581         3.9093280736        12.6861138991
        1.6656508000         3.6000000000         1.8151244507         3.9552618679        12.4201646022
        1.6706499000         3.6000000000         1.8253337581         4.0037475396        12.6861138991
        1.6756534000         3.6000000000         1.8176767776         4.0547850888        12.4866519264
        1.6805895000         3.6000000000         1.8151244507         4.0981670056        12.4201646022
        1.6856133000         3.6000000000         1.8151244507         4.1441007998        12.4201646022
        1.6906435000         3.6000000000         1.8074674701         4.1925864715        12.2207026295
        1.6958330000         3.6000000000         1.8253337581         4.2461758982        12.6861138991
        1.7005896000         3.6000000000         1.8253337581         4.2946615699        12.6861138991
        1.7055360000         3.6000000000         1.8202291044         4.3431472416        12.5531392506
        1.7105820000         3.6000000000         1.8176767776         4.3992885457        12.4866519264
        1.7155069000         3.6000000000         1.8329907387         4.4477742174        12.8855758718
        1.7204729000         3.6000000000         1.8202291044         4.4886042568        12.5531392506
        1.7255217000         3.6000000000         1.8125721238         4.5370899285        12.3536772779
        1.7305030000         3.6000000000         1.8227814313         4.5932312326        12.6196265748
        1.7356382000         3.6000000000         1.8227814313         4.6442687818        12.6196265748
        1.7406437000         3.6000000000         1.8151244507         4.6902025760        12.4201646022
        1.7458508000         3.6000000000         1.8304384118         4.7361363703        12.8190885475
        1.7505802000         3.6000000000         1.8227814313         4.7973814293        12.6196265748
        1.7555120000         3.6000000000         1.8329907387         4.8509708560        12.8855758718
        1.7604889000         3.6000000000         1.8100197970         4.8866971404        12.2871899537
        1.7655203000         3.6000000000         1.8278860850         4.9402865670        12.7526012233
        1.7705403000         3.6000000000         1.8176767776         4.9938759937        12.4866519264
        1.7756290000         3.6000000000         1.8253337581         4.9989797486        12.6861138991
        1.7804559000         3.6000000000         1.8329907387         5.0117391359        12.8855758718
        1.7855244000         3.6000000000         1.8278860850         1.1073666236        12.7526012233
        1.7904955000         3.6000000000         1.8227814313         0.0049555613        12.6196265748
        1.7957808000         3.6000000000         1.8253337581         0.0049555613        12.6861138991
        1.8004994000         3.6000000000         1.8202291044        -0.0001481936        12.5531392506
        1.8054620000         3.6000000000         1.8329907387         0.0279224584        12.8855758718
        1.8105299000         3.6000000000         1.8202291044         0.0866156400        12.5531392506
        1.8154852000         3.6000000000         1.8329907387         0.1299975568        12.8855758718
        1.8204895000         3.6000000000         1.8304384118         0.1784832285        12.8190885475
        1.8254930000         3.6000000000         1.8329907387         0.2320726552        12.8855758718
        1.8304831000         3.6000000000         1.8355430655         0.2907658367        12.9520631960
        1.8354903000         3.6000000000         1.8227814313         0.3392515084        12.6196265748
        1.8405234000         3.6000000000         1.8304384118         0.3826334252        12.8190885475
        1.8456023000         3.6000000000         1.8227814313         0.4311190970        12.6196265748
        1.8504525000         3.6000000000         1.8278860850         0.4872604011        12.7526012233
        1.8554747000         3.6000000000         1.8329907387         0.5357460728        12.8855758718
        1.8604886000         3.6000000000         1.8253337581         0.5791279896        12.6861138991
        1.8657773000         3.6000000000         1.8253337581         0.6352692937        12.6861138991
        1.8705327000         3.6000000000         1.8329907387         0.6786512105        12.8855758718
        1.8759534000         3.6000000000         1.8176767776         0.7322406371        12.4866519264
        1.8804553000         3.6000000000         1.8253337581         0.7730706765        12.6861138991
        1.8855116000         3.6000000000         1.8202291044         0.8215563482        12.5531392506
        1.8905066000         3.6000000000         1.8457523730         0.8802495297        13.2180124929
        1.8955043000         3.6000000000         1.8534093535         0.9312870789        13.4174744656
        1.9004908000         3.6000000000         1.8278860850         0.9772208732        12.7526012233
        1.9055257000         3.6000000000         1.8227814313         1.0129471576        12.6196265748
        1.9105363000         3.6000000000         1.8278860850         1.0741922166        12.7526012233
        1.9156203000         3.6000000000         1.8278860850         1.1175741334        12.7526012233
        1.9204574000         3.6000000000         1.8202291044         1.1635079277        12.5531392506
        1.9255283000         3.6000000000         1.8355430655         1.2222011093        12.9520631960
        1.9305901000         3.6000000000         1.8329907387         1.2655830261        12.8855758718
        1.9355740000         3.6000000000         1.8176767776         1.3089649429        12.4866519264
        1.9405908000         3.6000000000         1.8380953924         1.3625543695        13.0185505202
        1.9454681000         3.6000000000         1.8151244507         1.4033844088        12.4201646022
        1.9504997000         3.6000000000         1.8227814313         1.4493182031        12.6196265748
        1.9554912000         3.6000000000         1.8202291044         1.4978038748        12.5531392506
        1.9605832000         3.6000000000         1.8278860850         1.5386339142        12.7526012233
        1.9657860000         3.6000000000         1.8253337581         1.5845677084        12.6861138991
        1.9707188000         3.6000000000         1.8151244507         1.6356052576        12.4201646022
        1.9757164000         3.6000000000         1.8355430655         1.6891946843        12.9520631960
        1.9806759000         3.6000000000         1.8151244507         1.7351284785        12.4201646022
        1.9856891000         3.6000000000         1.8253337581         1.7785103953        12.6861138991
        1.9906360000         3.6000000000         1.8380953924         1.8346516994        13.0185505202
        1.9956048000         3.6000000000         1.8227814313         1.8831373711        12.6196265748
        2.0006414000         3.6000000000         1.8406477193         1.9316230429        13.0850378444
        2.0056399000         3.6000000000         1.8202291044         1.9699012047        12.5531392506
        2.0106426000         3.6000000000         1.8227814313         2.0209387539        12.6196265748
        2.0156292000         3.6000000000         1.8227814313         2.0694244256        12.6196265748
        2.0204752000         3.6000000000         1.8304384118         2.1077025875        12.8190885475
        2.0254753000         3.6000000000         1.8176767776         2.1587401367        12.4866519264
        2.0305760000         3.6000000000         1.8227814313         2.2123295633        12.6196265748
        2.0355457000         3.6000000000         1.8380953924         2.2608152351        13.0185505202
        2.0406584000         3.6000000000         1.8125721238         2.3093009068        12.3536772779
        2.0455385000         3.6000000000         1.8253337581         2.3628903334        12.6861138991
        2.0506581000         3.6000000000         1.8278860850         2.4088241277        12.7526012233
        2.0556182000         3.6000000000         1.8202291044         2.4547579220        12.5531392506
        2.0606320000         3.6000000000         1.8176767776         2.4981398388        12.4866519264
        2.0655773000         3.6000000000         1.8151244507         2.5389698781        12.4201646022
        2.0706512000         3.6000000000         1.8304384118         2.5925593047        12.8190885475
        2.0755704000         3.6000000000         1.8125721238         2.6435968539        12.3536772779
        2.0806887000         3.6000000000         1.8227814313         2.6895306482        12.6196265748
        2.0855553000         3.6000000000         1.8202291044         2.7380163199        12.5531392506
        2.0906401000         3.6000000000         1.8125721238         2.7813982367        12.3536772779
        2.0955291000         3.6000000000         1.8253337581         2.8298839084        12.6861138991
        2.1004696000         3.6000000000         1.8176767776         2.8732658252        12.4866519264
        2.1054840000         3.6000000000         1.8202291044         2.9191996195        12.5531392506
        2.1106865000         3.6000000000         1.8125721238         2.9702371687        12.3536772779
        2.1155860000         3.6000000000         1.8253337581         3.0289303502        12.6861138991
        2.1204990000         3.6000000000         1.8278860850         3.0774160220        12.7526012233
        2.1256254000         3.6000000000         1.8355430655         3.1233498162        12.9520631960
        2.1304681000         3.6000000000         1.8151244507         3.1667317330        12.4201646022
        2.1354940000         3.6000000000         1.8278860850         3.2152174047        12.7526012233
        2.1404854000         3.6000000000         1.8304384118         3.2713587088        12.8190885475
        2.1454756000         3.6000000000         1.8380953924         3.3198443806        13.0185505202
        2.1505115000         3.6000000000         1.8227814313         3.3683300523        12.6196265748
        2.1554727000         3.6000000000         1.8253337581         3.4117119691        12.6861138991
        2.1605049000         3.6000000000         1.8125721238         3.4550938859        12.3536772779
        2.1655196000         3.6000000000         1.8202291044         3.5010276801        12.5531392506
        2.1705082000         3.6000000000         1.8125721238         3.5520652293        12.3536772779
        2.1754728000         3.6000000000         1.8253337581         3.6031027785        12.6861138991
        2.1804855000         3.6000000000         1.8304384118         3.6592440826        12.8190885475
        2.1854430000         3.6000000000         1.8278860850         3.7077297543        12.7526012233
        2.1905006000         3.6000000000         1.8253337581         3.7460079162        12.6861138991
        2.1955028000         3.6000000000         1.8176767776         3.7893898330        12.4866519264
        2.2004604000         3.6000000000         1.8176767776         3.8455311371        12.4866519264
        2.2054819000         3.6000000000         1.8253337581         3.8914649314        12.6861138991
        2.2105308000         3.6000000000         1.8125721238         3.9373987256        12.3536772779
        2.2155295000         3.6000000000         1.8559616804         3.9935400297        13.4839617898
        2.2205285000         3.6000000000         1.8278860850         4.0445775789        12.7526012233
        2.2255841000         3.6000000000         1.8151244507         4.0828557408        12.4201646022
        2.2304567000         3.6000000000         1.8380953924         4.1389970449        13.0185505202
        2.2354739000         3.6000000000         1.8074674701         4.1747233293        12.2207026295
        2.2404965000         3.6000000000         1.8227814313         4.2283127560        12.6196265748
        2.2454706000         3.6000000000         1.8278860850         4.2793503051        12.7526012233
        2.2505357000         3.6000000000         1.8100197970         4.3201803445        12.2871899537
        2.2554743000         3.6000000000         1.8355430655         4.3839772810        12.9520631960
        2.2604561000         3.6000000000         1.8253337581         4.4248073203        12.6861138991
        2.2654759000         3.6000000000         1.8304384118         4.4758448695        12.8190885475
        2.2704450000         3.6000000000         1.8253337581         4.5243305412        12.6861138991
        2.2755046000         3.6000000000         1.8176767776         4.5677124580        12.4866519264
        2.2804835000         3.6000000000         1.8227814313         4.6238537621        12.6196265748
        2.2855119000         3.6000000000         1.8227814313         4.6697875564        12.6196265748
        2.2905077000         3.6000000000         1.8329907387         4.7284807379        12.8855758718
        2.2955079000         3.6000000000         1.8176767776         4.7846220420        12.4866519264
        2.3004853000         3.6000000000         1.8355430655         4.8229002039        12.9520631960
        2.3055068000         3.6000000000         1.8176767776         4.8790415080        12.4866519264
        2.3106352000         3.6000000000         1.8202291044         4.9377346896        12.5531392506
        2.3155228000         3.6000000000         1.8329907387         4.9734609740        12.8855758718
        2.3209223000         3.6000000000         1.8202291044         5.0066353810        12.5531392506
        2.3254774000         3.6000000000         1.8278860850         5.0066353810        12.7526012233
        2.3304749000         3.6000000000         1.8355430655         4.9964278711        12.9520631960
        2.3355232000         3.6000000000         1.8176767776         1.0971591138        12.4866519264
        2.3406902000         3.6000000000         1.8304384118        -0.0052519485        12.8190885475
        2.3455462000         3.6000000000         1.8176767776        -0.0052519485        12.4866519264
        2.3505365000         3.6000000000         1.8253337581         0.0151630711        12.6861138991
        2.3554774000         3.6000000000         1.8355430655         0.0764081302        12.9520631960
        2.3604794000         3.6000000000         1.8380953924         0.1172381695        13.0185505202
        2.3655200000         3.6000000000         1.8329907387         0.1708275961        12.8855758718
        2.3704879000         3.6000000000         1.8227814313         0.2167613904        12.6196265748
        2.3755572000         3.6000000000         1.8329907387         0.2729026945        12.8855758718
        2.3806112000         3.6000000000         1.8329907387         0.3213883662        12.8855758718
        2.3855487000         3.6000000000         1.8380953924         0.3775296703        13.0185505202
        2.3906079000         3.6000000000         1.8304384118         0.4260153420        12.8190885475
        2.3954792000         3.6000000000         1.8278860850         0.4745010138        12.7526012233
        2.4005173000         3.6000000000         1.8253337581         0.5178829306        12.6861138991
        2.4054776000         3.6000000000         1.8151244507         0.5663686023        12.4201646022
        2.4104813000         3.6000000000         1.8227814313         0.6148542740        12.6196265748
        2.4155581000         3.6000000000         1.8329907387         0.6709955781        12.8855758718
        2.4205382000         3.6000000000         1.8202291044         0.7220331273        12.5531392506
        2.4255836000         3.6000000000         1.8380953924         0.7756225539        13.0185505202
        2.4306422000         3.6000000000         1.8355430655         0.8241082257        12.9520631960
        2.4356647000         3.6000000000         1.8227814313         0.8725938974        12.6196265748
        2.4406507000         3.6000000000         1.8278860850         0.9134239367        12.7526012233
        2.4456486000         3.6000000000         1.8227814313         0.9619096084        12.6196265748
        2.4506555000         3.6000000000         1.8304384118         1.0154990351        12.8190885475
        2.4554828000         3.6000000000         1.8176767776         1.0563290744        12.4866519264
        2.4606476000         3.6000000000         1.8227814313         1.1048147461        12.6196265748
        2.4657070000         3.6000000000         1.8151244507         1.1507485404        12.4201646022
        2.4706699000         3.6000000000         1.8253337581         1.2043379670        12.6861138991
        2.4757282000         3.6000000000         1.8227814313         1.2528236388        12.6196265748
        2.4807043000         3.6000000000         1.8176767776         1.3013093105        12.4866519264
        2.4856921000         3.6000000000         1.8355430655         1.3548987371        12.9520631960
        2.4906814000         3.6000000000         1.8253337581         1.3931768990        12.6861138991
        2.4955451000         3.6000000000         1.8304384118         1.4442144482        12.8190885475
        2.5005847000         3.6000000000         1.8329907387         1.4927001199        12.8855758718
        2.5055927000         3.6000000000         1.8227814313         1.5411857916        12.6196265748
        2.5105864000         3.6000000000         1.8355430655         1.5947752183        12.9520631960
        2.5157091000         3.6000000000         1.8253337581         1.6381571351        12.6861138991
        2.5205453000         3.6000000000         1.8406477193         1.6866428068        13.0850378444
        2.5255724000         3.6000000000         1.8151244507         1.7249209687        12.4201646022
        2.5305435000         3.6000000000         1.8253337581         1.7785103953        12.6861138991
        2.5355845000         3.6000000000         1.8304384118         1.8218923121        12.8190885475
        2.5405483000         3.6000000000         1.8227814313         1.8729298613        12.6196265748
        2.5455373000         3.6000000000         1.8227814313         1.9188636556        12.6196265748
        2.5505523000         3.6000000000         1.8202291044         1.9647974498        12.5531392506
        2.5557032000         3.6000000000         1.8227814313         2.0107312441        12.6196265748
        2.5607354000         3.6000000000         1.8253337581         2.0643206707        12.6861138991
        2.5655744000         3.6000000000         1.8227814313         2.1077025875        12.6196265748
        2.5705380000         3.6000000000         1.8406477193         2.1510845043        13.0850378444
        2.5756873000         3.6000000000         1.8125721238         2.1995701761        12.3536772779
        2.5806694000         3.6000000000         1.8227814313         2.2480558478        12.6196265748
        2.5856107000         3.6000000000         1.8227814313         2.3016452744        12.6196265748
        2.5906888000         3.6000000000         1.8202291044         2.3475790687        12.5531392506
        2.5956559000         3.6000000000         1.8176767776         2.3858572306        12.4866519264
        2.6005920000         3.6000000000         1.8202291044         2.4394466572        12.5531392506
        2.6056276000         3.6000000000         1.8023628164         2.4853804515        12.0877279810
        2.6106154000         3.6000000000         1.8304384118         2.5415217556        12.8190885475
        2.6156144000         3.6000000000         1.8253337581         2.5874555498        12.6861138991
        2.6206897000         3.6000000000         1.8278860850         2.6384930990        12.7526012233
        2.6256193000         3.6000000000         1.8227814313         2.6818750158        12.6196265748
        2.6306381000         3.6000000000         1.8151244507         2.7329125650        12.4201646022
        2.6358061000         3.6000000000         1.8151244507         2.7711907269        12.4201646022
        2.6405654000         3.6000000000         1.8278860850         2.8324357859        12.7526012233
        2.6458526000         3.6000000000         1.8125721238         2.8707139478        12.3536772779
        2.6509172000         3.6000000000         1.8329907387         2.9140958646        12.8855758718
        2.6555923000         3.6000000000         1.8253337581         2.9753409236        12.6861138991
        2.6609951000         3.6000000000         1.8125721238         3.0187228404        12.3536772779
        2.6659260000         3.6000000000         1.8355430655         3.0723122670        12.9520631960
        2.6707055000         3.6000000000         1.8227814313         3.1131423064        12.6196265748
        2.6756840000         3.6000000000         1.8176767776         3.1616279781        12.4866519264
        2.6806698000         3.6000000000         1.8227814313         3.2075617724        12.6196265748
        2.6856237000         3.6000000000         1.8329907387         3.2585993215        12.8855758718
        2.6907466000         3.6000000000         1.8278860850         3.3121887482        12.7526012233
        2.6955921000         3.6000000000         1.8151244507         3.3479150326        12.4201646022
        2.7006396000         3.6000000000         1.8253337581         3.3964007043        12.6861138991
        2.7056263000         3.6000000000         1.8151244507         3.4499901310        12.4201646022
        2.7106612000         3.6000000000         1.8151244507         3.4959239252        12.4201646022
        2.7156637000         3.6000000000         1.8253337581         3.5444095970        12.6861138991
        2.7206333000         3.6000000000         1.8432000461         3.5954471461        13.1515251687
        2.7255489000         3.6000000000         1.8151244507         3.6413809404        12.4201646022
        2.7306417000         3.6000000000         1.8202291044         3.6924184896        12.5531392506
        2.7356644000         3.6000000000         1.8253337581         3.7409041613        12.6861138991
        2.7407551000         3.6000000000         1.8253337581         3.7842860781        12.6861138991
        2.7458684000         3.6000000000         1.8202291044         3.8378755047        12.5531392506
        2.7506229000         3.6000000000         1.8227814313         3.8812574215        12.6196265748
        2.7555630000         3.6000000000         1.8151244507         3.9348468482        12.4201646022
        2.7607166000         3.6000000000         1.8329907387         3.9909881523        12.8855758718
        2.7656602000         3.6000000000         1.8253337581         4.0394738240        12.6861138991
        2.7710086000         3.6000000000         1.8355430655         4.0879594957        12.9520631960
        2.7757945000         3.6000000000         1.8432000461         4.1338932900        13.1515251687
        2.7806062000         3.6000000000         1.8100197970         4.1721714519        12.2871899537
        2.7855817000         3.6000000000         1.8227814313         4.2257608785        12.6196265748
        2.7906376000         3.6000000000         1.8355430655         4.2767984277        12.9520631960
        2.7957012000         3.6000000000         1.8176767776         4.3252840994        12.4866519264
        2.8005926000         3.6000000000         1.8151244507         4.3737697711        12.4201646022
        2.8056523000         3.6000000000         1.8278860850         4.4222554428        12.7526012233
        2.8105848000         3.6000000000         1.8202291044         4.4681892371        12.5531392506
        2.8156418000         3.6000000000         1.8074674701         4.5217786637        12.2207026295
        2.8206389000         3.6000000000         1.8406477193         4.5702643355        13.0850378444
        2.8256421000         3.6000000000         1.8151244507         4.6187500072        12.4201646022
        2.8304603000         3.6000000000         1.8074674701         4.6672356789        12.2207026295
        2.8354498000         3.6000000000         1.8329907387         4.7259288605        12.8855758718
        2.8404526000         3.6000000000         1.8176767776         4.7744145322        12.4866519264
        2.8455102000         3.6000000000         1.8304384118         4.8254520814        12.8190885475
        2.8505208000         3.6000000000         1.8278860850         4.8790415080        12.7526012233
        2.8555350000         3.6000000000         1.8253337581         4.9300790572        12.6861138991
        2.8605410000         3.6000000000         1.8253337581         4.9862203613        12.6861138991
        2.8655326000         3.6000000000         1.8329907387         5.0066353810        12.8855758718
        2.8705335000         3.6000000000         1.8253337581         5.0040835035        12.6861138991
        2.8754856000         3.6000000000         1.8253337581         4.9887722387        12.6861138991
        2.8804540000         3.6000000000         1.8278860850         1.1150222560        12.7526012233
        2.8855345000         3.6000000000         1.8432000461         0.0049555613        13.1515251687
        2.8904961000         3.6000000000         1.8304384118         0.0024036839        12.8190885475
        2.8954841000         3.6000000000         1.8457523730         0.0228187035        13.2180124929
        2.9005367000         3.6000000000         1.8380953924         0.0789600076        13.0185505202
        2.9055007000         3.6000000000         1.8125721238         0.1146862920        12.3536772779
        2.9105311000         3.6000000000         1.8432000461         0.1708275961        13.1515251687
        2.9154788000         3.6000000000         1.8227814313         0.2269689002        12.6196265748
        2.9205037000         3.6000000000         1.8304384118         0.2754545720        12.8190885475
        2.9254766000         3.6000000000         1.8329907387         0.3290439986        12.8855758718
        2.9305385000         3.6000000000         1.8329907387         0.3749777929        12.8855758718
        2.9356550000         3.6000000000         1.8227814313         0.4234634646        12.6196265748
        2.9404616000         3.6000000000         1.8304384118         0.4796047687        12.8190885475
        2.9454829000         3.6000000000         1.8329907387         0.5229866855        12.8855758718
        2.9505134000         3.6000000000         1.8253337581         0.5765761121        12.6861138991
        2.9556960000         3.6000000000         1.8380953924         0.6250617838        13.0185505202
        2.9604828000         3.6000000000         1.8202291044         0.6684437007        12.5531392506
        2.9654763000         3.6000000000         1.8355430655         0.7296887597        12.9520631960
        2.9705363000         3.6000000000         1.8278860850         0.7705187990        12.7526012233
        2.9755179000         3.6000000000         1.8176767776         0.8190044707        12.4866519264
        2.9805020000         3.6000000000         1.8432000461         0.8751457748        13.1515251687
        2.9854739000         3.6000000000         1.8329907387         0.9210795691        12.8855758718
        2.9905039000         3.6000000000         1.8253337581         0.9695652408        12.6861138991
        2.9954717000         3.6000000000         1.8432000461         1.0257065449        13.1515251687
        3.0005401000         3.6000000000         1.8227814313         1.0690884617        12.6196265748
        3.0054832000         3.6000000000         1.8355430655         1.1175741334        12.9520631960
        3.0105187000         3.6000000000         1.8355430655         1.1711635601        12.9520631960
        3.0156251000         3.6000000000         1.8329907387         1.2094417220        12.8855758718
        3.0204752000         3.6000000000         1.8329907387         1.2604792711        12.8855758718
        3.0254810000         3.6000000000         1.8278860850         1.3089649429        12.7526012233
        3.0305079000         3.6000000000         1.8329907387         1.3574506146        12.8855758718
        3.0354846000         3.6000000000         1.8355430655         1.4008325314        12.9520631960
        3.0405312000         3.6000000000         1.8304384118         1.4620775904        12.8190885475
        3.0456258000         3.6000000000         1.8253337581         1.5029076297        12.6861138991
        3.0505884000         3.6000000000         1.8406477193         1.5539451789        13.0850378444
        3.0556312000         3.6000000000         1.8202291044         1.5973270957        12.5531392506
        3.0605941000         3.6000000000         1.8202291044         1.6381571351        12.5531392506
        3.0655846000         3.6000000000         1.8380953924         1.6942984392        13.0185505202
        3.0706369000         3.6000000000         1.8151244507         1.7376803560        12.4201646022
        3.0756382000         3.6000000000         1.8380953924         1.7963735375        13.0185505202
        3.0805838000         3.6000000000         1.8227814313         1.8397554543        12.6196265748
        3.0854732000         3.6000000000         1.8253337581         1.8831373711        12.6861138991
        3.0904963000         3.6000000000         1.8329907387         1.9316230429        12.8855758718
        3.0955027000         3.6000000000         1.8176767776         1.9724530822        12.4866519264
        3.1005308000         3.6000000000         1.8278860850         2.0260425088        12.7526012233
        3.1056244000         3.6000000000         1.8278860850         2.0745281806        12.7526012233
        3.1105376000         3.6000000000         1.8304384118         2.1179100974        12.8190885475
        3.1155283000         3.6000000000         1.8355430655         2.1791551564        12.9520631960
        3.1204986000         3.6000000000         1.8253337581         2.2199851957        12.6861138991
        3.1255775000         3.6000000000         1.8227814313         2.2684708674        12.6196265748
        3.1305284000         3.6000000000         1.8329907387         2.3220602941        12.8855758718
        3.1355095000         3.6000000000         1.8278860850         2.3654422109        12.7526012233
        3.1405307000         3.6000000000         1.8329907387         2.4139278826        12.8855758718
        3.1454418000         3.6000000000         1.8176767776         2.4624135543        12.4866519264
        3.1505110000         3.6000000000         1.8380953924         2.5185548584        13.0185505202
        3.1555034000         3.6000000000         1.8125721238         2.5542811429        12.3536772779
        3.1604993000         3.6000000000         1.8253337581         2.6053186920        12.6861138991
        3.1655187000         3.6000000000         1.8304384118         2.6589081187        12.8190885475
        3.1707387000         3.6000000000         1.8151244507         2.7022900355        12.4201646022
        3.1755034000         3.6000000000         1.8151244507         2.7431200748        12.4201646022
        3.1805369000         3.6000000000         1.8227814313         2.7916057465        12.6196265748
        3.1855117000         3.6000000000         1.8125721238         2.8451951732        12.3536772779
        3.1906172000         3.6000000000         1.8151244507         2.8834733351        12.4201646022
        3.1954737000         3.6000000000         1.8227814313         2.9370627617        12.6196265748
        3.2008314000         3.6000000000         1.8151244507         2.9855484334        12.4201646022
        3.2055289000         3.6000000000         1.8176767776         3.0314822277        12.4866519264
        3.2105137000         3.6000000000         1.8202291044         3.0774160220        12.5531392506
        3.2154921000         3.6000000000         1.8125721238         3.1284535711        12.3536772779
        3.2204941000         3.6000000000         1.8202291044         3.1743873654        12.5531392506
        3.2255258000         3.6000000000         1.8100197970         3.2228730371        12.2871899537
        3.2304572000         3.6000000000         1.8227814313         3.2764624638        12.6196265748
        3.2354884000         3.6000000000         1.8227814313         3.3198443806        12.6196265748
        3.2406332000         3.6000000000         1.8176767776         3.3734338072        12.4866519264
        3.2457180000         3.6000000000         1.8278860850         3.4295751113        12.7526012233
        3.2506358000         3.6000000000         1.8176767776         3.4704051506        12.4866519264
        3.2557419000         3.6000000000         1.8253337581         3.5163389449        12.6861138991
        3.2605774000         3.6000000000         1.8227814313         3.5673764941        12.6196265748
        3.2656426000         3.6000000000         1.8151244507         3.6133102883        12.4201646022
        3.2706364000         3.6000000000         1.8176767776         3.6541403277        12.4866519264
        3.2756434000         3.6000000000         1.8176767776         3.7128335092        12.4866519264
        3.2806318000         3.6000000000         1.8355430655         3.7587673035        12.9520631960
        3.2855295000         3.6000000000         1.8253337581         3.8072529752        12.6861138991
        3.2904839000         3.6000000000         1.8380953924         3.8608424019        13.0185505202
        3.2956747000         3.6000000000         1.8278860850         3.9042243187        12.7526012233
        3.3004906000         3.6000000000         1.8049151433         3.9527099904        12.1542153053
        3.3055157000         3.6000000000         1.8355430655         4.0062994170        12.9520631960
        3.3105886000         3.6000000000         1.8151244507         4.0471294564        12.4201646022
        3.3154990000         3.6000000000         1.8253337581         4.0956151281        12.6861138991
        3.3204590000         3.6000000000         1.8329907387         4.1492045547        12.8855758718
        3.3254867000         3.6000000000         1.8253337581         4.1976902265        12.6861138991
        3.3305055000         3.6000000000         1.8176767776         4.2359683883        12.4866519264
        3.3355339000         3.6000000000         1.8329907387         4.2895578150        12.8855758718
        3.3405222000         3.6000000000         1.8125721238         4.3329397318        12.3536772779
        3.3456455000         3.6000000000         1.8151244507         4.3839772810        12.4201646022
        3.3505194000         3.6000000000         1.8355430655         4.4452223400        12.9520631960
        3.3555212000         3.6000000000         1.8227814313         4.4860523793        12.6196265748
        3.3604795000         3.6000000000         1.8278860850         4.5370899285        12.7526012233
        3.3656053000         3.6000000000         1.8457523730         4.5983349875        13.2180124929
        3.3705060000         3.6000000000         1.8100197970         4.6315093945        12.2871899537
        3.3754770000         3.6000000000         1.8278860850         4.6902025760        12.7526012233
        3.3805408000         3.6000000000         1.8355430655         4.7488957576        12.9520631960
        3.3855116000         3.6000000000         1.8227814313         4.7922776744        12.6196265748
        3.3905132000         3.6000000000         1.8278860850         4.8458671010        12.7526012233
        3.3955767000         3.6000000000         1.8253337581         4.8892490178        12.6861138991
        3.4005202000         3.6000000000         1.8253337581         4.9453903219        12.6861138991
        3.4056060000         3.6000000000         1.8432000461         4.9989797486        13.1515251687
        3.4105288000         3.6000000000         1.8227814313         5.0066353810        12.6196265748
        3.4155190000         3.6000000000         1.8355430655         5.0066353810        12.9520631960
        3.4205253000         3.6000000000         1.8227814313         1.1073666236        12.6196265748
        3.4256165000         3.6000000000         1.8227814313         0.0024036839        12.6196265748
        3.4305531000         3.6000000000         1.8329907387         0.0075074388        12.8855758718
        3.4354762000         3.6000000000         1.8253337581        -0.0001481936        12.6861138991
        3.4404596000         3.6000000000         1.8253337581         0.0279224584        12.6861138991
        3.4454973000         3.6000000000         1.8253337581         0.0815118851        12.6861138991
        3.4505217000         3.6000000000         1.8202291044         0.1325494343        12.5531392506
        3.4554751000         3.6000000000         1.8329907387         0.1810351060        12.8855758718
        3.4605418000         3.6000000000         1.8125721238         0.2346245326        12.3536772779
        3.4655200000         3.6000000000         1.8304384118         0.2780064494        12.8190885475
        3.4704933000         3.6000000000         1.8151244507         0.3290439986        12.4201646022
        3.4754714000         3.6000000000         1.8253337581         0.3775296703        12.6861138991
        3.4804888000         3.6000000000         1.8253337581         0.4336709744        12.6861138991
        3.4855118000         3.6000000000         1.8227814313         0.4821566461        12.6196265748
        3.4905140000         3.6000000000         1.8457523730         0.5382979502        13.2180124929
        3.4954985000         3.6000000000         1.8151244507         0.5816798670        12.4201646022
        3.5004654000         3.6000000000         1.8406477193         0.6301655388        13.0850378444
        3.5054865000         3.6000000000         1.8227814313         0.6735474556        12.6196265748
        3.5105469000         3.6000000000         1.8355430655         0.7322406371        12.9520631960
        3.5155769000         3.6000000000         1.8278860850         0.7807263088        12.7526012233
        3.5205097000         3.6000000000         1.8253337581         0.8292119806        12.6861138991
        3.5254638000         3.6000000000         1.8329907387         0.8751457748        12.8855758718
        3.5306753000         3.6000000000         1.8278860850         0.9236314466        12.7526012233
        3.5355633000         3.6000000000         1.8329907387         0.9746689957        12.8855758718
        3.5404666000         3.6000000000         1.8176767776         1.0206027900        12.4866519264
        3.5454884000         3.6000000000         1.8202291044         1.0716403392        12.5531392506
        3.5505003000         3.6000000000         1.8278860850         1.1175741334        12.7526012233
        3.5555126000         3.6000000000         1.8227814313         1.1635079277        12.6196265748
        3.5604804000         3.6000000000         1.8380953924         1.2196492318        13.0185505202
        3.5654722000         3.6000000000         1.8202291044         1.2681349035        12.5531392506
        3.5705000000         3.6000000000         1.8355430655         1.3217243302        12.9520631960
        3.5756251000         3.6000000000         1.8253337581         1.3651062470        12.6861138991
        3.5805845000         3.6000000000         1.8355430655         1.4135919187        12.9520631960
        3.5856098000         3.6000000000         1.8253337581         1.4620775904        12.6861138991
        3.5906288000         3.6000000000         1.8304384118         1.5080113847        12.8190885475
        3.5955207000         3.6000000000         1.8176767776         1.5564970564        12.4866519264
        3.6006495000         3.6000000000         1.8253337581         1.5973270957        12.6861138991
        3.6056801000         3.6000000000         1.8329907387         1.6534683998        12.8855758718
        3.6106554000         3.6000000000         1.8406477193         1.7045059490        13.0850378444
        3.6157591000         3.6000000000         1.8278860850         1.7529916207        12.7526012233
        3.6207046000         3.6000000000         1.8253337581         1.7938216601        12.6861138991
        3.6256672000         3.6000000000         1.8304384118         1.8423073318        12.8190885475
        3.6307547000         3.6000000000         1.8227814313         1.8907930035        12.6196265748
        3.6357031000         3.6000000000         1.8406477193         1.9418305527        13.0850378444
        3.6404745000         3.6000000000         1.8329907387         1.9852124695        12.8855758718
        3.6455066000         3.6000000000         1.8355430655         2.0362500187        12.9520631960
        3.6508819000         3.6000000000         1.8380953924         2.0898394453        13.0185505202
        3.6557188000         3.6000000000         1.8329907387         2.1332213621        12.8855758718
        3.6607366000         3.6000000000         1.8355430655         2.1842589113        12.9520631960
        3.6656639000         3.6000000000         1.8253337581         2.2276408281        12.6861138991
        3.6706770000         3.6000000000         1.8355430655         2.2837821322        12.9520631960
        3.6756346000         3.6000000000         1.8304384118         2.3322678039        12.8190885475
        3.6809915000         3.6000000000         1.8457523730         2.3807534756        13.2180124929
        3.6856947000         3.6000000000         1.8278860850         2.4241353924        12.7526012233
        3.6906824000         3.6000000000         1.8202291044         2.4726210642        12.5531392506
        3.6954969000         3.6000000000         1.8253337581         2.5108992261        12.6861138991
        3.7006361000         3.6000000000         1.8202291044         2.5644886527        12.5531392506
        3.7057056000         3.6000000000         1.8253337581         2.6180780793        12.6861138991
        3.7105836000         3.6000000000         1.8329907387         2.6691156285        12.8855758718
        3.7155526000         3.6000000000         1.8227814313         2.7124975453        12.6196265748
        3.7206417000         3.6000000000         1.8329907387         2.7737426043        12.8855758718
        3.7255858000         3.6000000000         1.8253337581         2.8120207662        12.6861138991
        3.7305611000         3.6000000000         1.8278860850         2.8605064379        12.7526012233
        3.7356925000         3.6000000000         1.8329907387         2.9115439871        12.8855758718
        3.7406767000         3.6000000000         1.8329907387         2.9549259039        12.8855758718
        3.7455554000         3.6000000000         1.8227814313         3.0034115756        12.6196265748
        3.7506248000         3.6000000000         1.8227814313         3.0467934924        12.6196265748
        3.7556748000         3.6000000000         1.8712756415         3.1080385515        13.8828857352
        3.7606944000         3.6000000000         1.8355430655         3.1590761006        12.9520631960
        3.7655931000         3.6000000000         1.8151244507         3.1922505076        12.4201646022
        3.7706223000         3.6000000000         1.8329907387         3.2509436892        12.8855758718
        3.7755708000         3.6000000000         1.8355430655         3.3019812383        12.9520631960
        3.7806865000         3.6000000000         1.8151244507         3.3402594002        12.4201646022
        3.7856365000         3.6000000000         1.8329907387         3.3938488269        12.8855758718
        3.7906677000         3.6000000000         1.8329907387         3.4499901310        12.8855758718
        3.7955016000         3.6000000000         1.8176767776         3.4831645379        12.4866519264
        3.8006222000         3.6000000000         1.8380953924         3.5342020871        13.0185505202
        3.8057033000         3.6000000000         1.8100197970         3.5852396363        12.2871899537
        3.8108270000         3.6000000000         1.8329907387         3.6388290629        12.8855758718
        3.8156507000         3.6000000000         1.8278860850         3.6898666121        12.7526012233
        3.8207269000         3.6000000000         1.8227814313         3.7358004064        12.6196265748
        3.8256724000         3.6000000000         1.8508570267         3.7919417105        13.3509871413
        3.8306565000         3.6000000000         1.8406477193         3.8429792597        13.0850378444
        3.8357581000         3.6000000000         1.8380953924         3.8812574215        13.0185505202
        3.8407720000         3.6000000000         1.8202291044         3.9271912158        12.5531392506
        3.8455081000         3.6000000000         1.8329907387         3.9807806424        12.8855758718
        3.8505947000         3.6000000000         1.8227814313         4.0292663142        12.6196265748
        3.8557712000         3.6000000000         1.8304384118         4.0752001084        12.8190885475
        3.8606319000         3.6000000000         1.8278860850         4.1211339027        12.7526012233
        3.8656859000         3.6000000000         1.8202291044         4.1798270842        12.5531392506
        3.8706868000         3.6000000000         1.8278860850         4.2206571236        12.7526012233
        3.8757133000         3.6000000000         1.8304384118         4.2716946728        12.8190885475
        3.8806317000         3.6000000000         1.8253337581         4.3278359769        12.6861138991
        3.8855739000         3.6000000000         1.8023628164         4.3686660162        12.0877279810
        3.8906850000         3.6000000000         1.8355430655         4.4222554428        12.9520631960
        3.8955986000         3.6000000000         1.8202291044         4.4732929920        12.5531392506
        3.9007762000         3.6000000000         1.8253337581         4.5243305412        12.6861138991
        3.9057815000         3.6000000000         1.8253337581         4.5753680904        12.6861138991
        3.9107569000         3.6000000000         1.8278860850         4.6289575170        12.7526012233
        3.9158256000         3.6000000000         1.8380953924         4.6876506986        13.0185505202
        3.9208676000         3.6000000000         1.8355430655         4.7386882478        12.9520631960
        3.9257556000         3.6000000000         1.8227814313         4.7846220420        12.6196265748
        3.9306720000         3.6000000000         1.8304384118         4.8331077137        12.8190885475
        3.9357858000         3.6000000000         1.8304384118         4.8866971404        12.8190885475
        3.9407362000         3.6000000000         1.8406477193         4.9351828121        13.0850378444
        3.9455050000         3.6000000000         1.8355430655         4.9862203613        12.9520631960
        3.9506462000         3.6000000000         1.8227814313         4.9989797486        12.6196265748
        3.9555910000         3.6000000000         1.8227814313         5.0066353810        12.6196265748
        3.9607217000         3.6000000000         1.8278860850         1.1124703785        12.7526012233
        3.9659873000         3.6000000000         1.8202291044         1.1099185011        12.5531392506
        3.9705966000         3.6000000000         1.8253337581        -0.0078038260        12.6861138991
        3.9755932000         3.6000000000         1.8202291044        -0.0001481936        12.5531392506
        3.9805073000         3.6000000000         1.8355430655         0.0202668261        12.9520631960
        3.9855037000         3.6000000000         1.8227814313         0.0789600076        12.6196265748
        3.9906154000         3.6000000000         1.8176767776         0.1325494343        12.4866519264
        3.9956567000         3.6000000000         1.8508570267         0.1835869834        13.3509871413
        4.0006681000         3.6000000000         1.8304384118         0.2346245326        12.8190885475
