% Sweep Step 158/200  Vcmd=0.5500V  CCW 
% Vg_offset=1.337354V  K_gimbal=26.049690

Time[s]              Vcmd[V]              Vg_raw[V]            Pot[V]             Omega[rad/s]
        0.0020881000         0.5500000000         1.3403916554         1.1048147461         0.0791199158
        0.0054139000         0.5500000000         1.3352870017         1.1048147461        -0.0538547326
        0.0104236000         0.5500000000         1.3429439823         1.1099185011         0.1456072401
        0.0154271000         0.5500000000         1.2076706589         1.0971591138        -3.3782209440
        0.0204481000         0.5500000000         0.9447809927         1.0665365843       -10.2264153393
        0.0254787000         0.5500000000         1.0468740669         1.0410178097        -7.5669223702
        0.0304210000         0.5500000000         0.9218100509         0.9950840154       -10.8248012573
        0.0355441000         0.5500000000         0.9116007435         0.9517020986       -11.0907505543
        0.0404155000         0.5500000000         0.8375832647         0.9057683043       -13.0188829568
        0.0454157000         0.5500000000         0.8886298018         0.8649382650       -11.6891364723
        0.0504133000         0.5500000000         0.7763274201         0.8087969609       -14.6145787383
        0.0554122000         0.5500000000         0.7839844007         0.7552075343       -14.4151167656
        0.0604303000         0.5500000000         0.7865367276         0.6965143527       -14.3486294414
        0.0654501000         0.5500000000         0.7584611321         0.6301655388       -15.0799900079
        0.0704510000         0.5500000000         0.7227285561         0.5765761121       -16.0108125470
        0.0754844000         0.5500000000         0.7252808830         0.5102272982       -15.9443252228
        0.0805749000         0.5500000000         0.7023099413         0.4540859941       -16.5427111408
        0.0854338000         0.5500000000         0.7074145950         0.3826334252       -16.4097364924
        0.0904386000         0.5500000000         0.7074145950         0.3239402437       -16.4097364924
        0.0954113000         0.5500000000         0.6844436533         0.2550395523       -17.0081224104
        0.1004251000         0.5500000000         0.6818913264         0.1810351060       -17.0746097347
        0.1054010000         0.5500000000         0.6691296922         0.1172381695       -17.4070463558
        0.1104200000         0.5500000000         0.6665773653         0.0457856007       -17.4735336800
        0.1154254000         0.5500000000         0.6691296922         0.0024036839       -17.4070463558
        0.1204198000         0.5500000000         0.6563680579         0.0075074388       -17.7394829769
        0.1254578000         0.5500000000         0.6614727116         1.1048147461       -17.6065083285
        0.1304399000         0.5500000000         0.6461587505         5.0117391359       -18.0054322738
        0.1354236000         0.5500000000         0.6487110773         5.0015316260       -17.9389449496
        0.1404262000         0.5500000000         0.6308447893         4.9326309346       -18.4043562192
        0.1454591000         0.5500000000         0.6385017699         4.8535227334       -18.2048942465
        0.1505183000         0.5500000000         0.6410540967         4.7871739195       -18.1384069223
        0.1554414000         0.5500000000         0.6282924625         4.7131694732       -18.4708435434
        0.1604252000         0.5500000000         0.6104261745         4.6315093945       -18.9362548130
        0.1654264000         0.5500000000         0.6308447893         4.5575049482       -18.4043562192
        0.1704960000         0.5500000000         0.5951122133         4.4758448695       -19.3351787584
        0.1754294000         0.5500000000         0.6308447893         4.4094960556       -18.4043562192
        0.1804540000         0.5500000000         0.6104261745         4.3405953642       -18.9362548130
        0.1854213000         0.5500000000         0.6206354819         4.2589352855       -18.6703055161
        0.1904259000         0.5500000000         0.6002168670         4.1849308392       -19.2022041099
        0.1954351000         0.5500000000         0.6078738476         4.1058226379       -19.0027421372
        0.2004275000         0.5500000000         0.6027691939         4.0394738240       -19.1357167857
        0.2054383000         0.5500000000         0.6129785013         3.9654693777       -18.8697674888
        0.2104428000         0.5500000000         0.6002168670         3.8940168088       -19.2022041099
        0.2154267000         0.5500000000         0.6078738476         3.8200123625       -19.0027421372
        0.2204325000         0.5500000000         0.5951122133         3.7460079162       -19.3351787584
        0.2254213000         0.5500000000         0.5874552328         3.6643478375       -19.5346407310
        0.2304292000         0.5500000000         0.6206354819         3.6031027785       -18.6703055161
        0.2354374000         0.5500000000         0.5900075596         3.5188908224       -19.4681534068
        0.2405223000         0.5500000000         0.5976645402         3.4550938859       -19.2686914341
        0.2454436000         0.5500000000         0.6002168670         3.3785375621       -19.2022041099
        0.2504223000         0.5500000000         0.5874552328         3.2994293609       -19.5346407310
        0.2554340000         0.5500000000         0.5874552328         3.2203211597       -19.5346407310
        0.2604310000         0.5500000000         0.5976645402         3.1514204683       -19.2686914341
        0.2654285000         0.5500000000         0.5900075596         3.0825197769       -19.4681534068
        0.2704239000         0.5500000000         0.5925598865         3.0059634531       -19.4016660826
        0.2754040000         0.5500000000         0.5797982522         2.9345108842       -19.7341027037
        0.2804301000         0.5500000000         0.5951122133         2.8528508056       -19.3351787584
        0.2854214000         0.5500000000         0.5797982522         2.7762944818       -19.7341027037
        0.2904219000         0.5500000000         0.5746935985         2.7048419129       -19.8670773522
        0.2954922000         0.5500000000         0.5772459253         2.6206299568       -19.8005900279
        0.3003916000         0.5500000000         0.5772459253         2.5466255105       -19.8005900279
        0.3054073000         0.5500000000         0.5746935985         2.4751729416       -19.8670773522
        0.3104164000         0.5500000000         0.5925598865         2.4113760052       -19.4016660826
        0.3154005000         0.5500000000         0.5874552328         2.3322678039       -19.5346407310
        0.3204426000         0.5500000000         0.5746935985         2.2480558478       -19.8670773522
        0.3254100000         0.5500000000         0.5900075596         2.1791551564       -19.4681534068
        0.3304198000         0.5500000000         0.5721412716         2.0898394453       -19.9335646764
        0.3354059000         0.5500000000         0.5721412716         2.0234906314       -19.9335646764
        0.3404091000         0.5500000000         0.5695889448         1.9418305527       -20.0000520006
        0.3454025000         0.5500000000         0.5695889448         1.8703779838       -20.0000520006
        0.3504470000         0.5500000000         0.5695889448         1.7912697826       -20.0000520006
        0.3555430000         0.5500000000         0.5721412716         1.7121615814       -19.9335646764
        0.3603980000         0.5500000000         0.5593796373         1.6356052576       -20.2660012975
        0.3654118000         0.5500000000         0.5797982522         1.5667045662       -19.7341027037
        0.3704619000         0.5500000000         0.5721412716         1.4875963650       -19.9335646764
        0.3754008000         0.5500000000         0.5670366179         1.4135919187       -20.0665393249
        0.3804506000         0.5500000000         0.5721412716         1.3370355949       -19.9335646764
        0.3853964000         0.5500000000         0.5772459253         1.2630311486       -19.8005900279
        0.3904467000         0.5500000000         0.5772459253         1.1864748248       -19.8005900279
        0.3954068000         0.5500000000         0.5772459253         1.1124703785       -19.8005900279
        0.4004192000         0.5500000000         0.5695889448         1.0231546675       -20.0000520006
        0.4053781000         0.5500000000         0.5670366179         0.9465983437       -20.0665393249
        0.4104131000         0.5500000000         0.5721412716         0.8751457748       -19.9335646764
        0.4153950000         0.5500000000         0.5542749836         0.7909338187       -20.3989759460
        0.4204268000         0.5500000000         0.5823505790         0.7194812498       -19.6676153795
        0.4253939000         0.5500000000         0.5670366179         0.6378211711       -20.0665393249
        0.4303949000         0.5500000000         0.5772459253         0.5638167248       -19.8005900279
        0.4353993000         0.5500000000         0.5695889448         0.4821566461       -20.0000520006
        0.4405156000         0.5500000000         0.5695889448         0.4030484449       -20.0000520006
        0.4454568000         0.5500000000         0.5721412716         0.3290439986       -19.9335646764
        0.4505115000         0.5500000000         0.5721412716         0.2473839199       -19.9335646764
        0.4554536000         0.5500000000         0.5797982522         0.1682757187       -19.7341027037
        0.4604295000         0.5500000000         0.5644842910         0.0840637625       -20.1330266491
        0.4654133000         0.5500000000         0.5695889448         0.0049555613       -20.0000520006
        0.4704261000         0.5500000000         0.5491703299        -0.0001481936       -20.5319505944
        0.4754229000         0.5500000000         0.5746935985         1.1073666236       -19.8670773522
        0.4804033000         0.5500000000         0.5772459253         5.0066353810       -19.8005900279
        0.4855207000         0.5500000000         0.5670366179         4.9836684838       -20.0665393249
        0.4903890000         0.5500000000         0.5568273105         4.9122159150       -20.3324886218
        0.4954379000         0.5500000000         0.5746935985         4.8356595912       -19.8670773522
        0.5004403000         0.5500000000         0.5619319642         4.7412401252       -20.1995139733
        0.5054243000         0.5500000000         0.5721412716         4.6697875564       -19.9335646764
        0.5104073000         0.5500000000         0.5644842910         4.5906793551       -20.1330266491
        0.5154178000         0.5500000000         0.5619319642         4.5013636441       -20.1995139733
        0.5203986000         0.5500000000         0.5670366179         4.4273591978       -20.0665393249
        0.5254143000         0.5500000000         0.5670366179         4.3456991191       -20.0665393249
        0.5303897000         0.5500000000         0.5670366179         4.2614871629       -20.0665393249
        0.5354287000         0.5500000000         0.5746935985         4.1900345941       -19.8670773522
        0.5404154000         0.5500000000         0.5619319642         4.1134782703       -20.1995139733
        0.5454232000         0.5500000000         0.5619319642         4.0318181916       -20.1995139733
        0.5504019000         0.5500000000         0.5619319642         3.9527099904       -20.1995139733
        0.5554103000         0.5500000000         0.5772459253         3.8838092990       -19.8005900279
        0.5605436000         0.5500000000         0.5695889448         3.8047010978       -20.0000520006
        0.5655223000         0.5500000000         0.5644842910         3.7255928965       -20.1330266491
        0.5703942000         0.5500000000         0.5849029059         3.6541403277       -19.6011280553
        0.5754234000         0.5500000000         0.5772459253         3.5673764941       -19.8005900279
        0.5804745000         0.5500000000         0.5568273105         3.4908201703       -20.3324886218
        0.5854308000         0.5500000000         0.5695889448         3.4142638465       -20.0000520006
        0.5903992000         0.5500000000         0.5823505790         3.3453631551       -19.6676153795
        0.5954090000         0.5500000000         0.5644842910         3.2637030765       -20.1330266491
        0.6003908000         0.5500000000         0.5644842910         3.1896986301       -20.1330266491
        0.6054191000         0.5500000000         0.5772459253         3.1182460613       -19.8005900279
        0.6103870000         0.5500000000         0.5797982522         3.0416897375       -19.7341027037
        0.6154150000         0.5500000000         0.5491703299         2.9523740265       -20.5319505944
        0.6204067000         0.5500000000         0.5721412716         2.8783695801       -19.9335646764
        0.6254062000         0.5500000000         0.5593796373         2.8018132564       -20.2660012975
        0.6303905000         0.5500000000         0.5670366179         2.7278088101       -20.0665393249
        0.6354707000         0.5500000000         0.5721412716         2.6563562412       -19.9335646764
        0.6403903000         0.5500000000         0.5695889448         2.5849036724       -20.0000520006
        0.6454392000         0.5500000000         0.5644842910         2.5006917162       -20.1330266491
        0.6504082000         0.5500000000         0.5695889448         2.4164797601       -20.0000520006
        0.6554233000         0.5500000000         0.5593796373         2.3424753138       -20.2660012975
        0.6604244000         0.5500000000         0.5695889448         2.2786783773       -20.0000520006
        0.6655728000         0.5500000000         0.5721412716         2.1995701761       -19.9335646764
        0.6704475000         0.5500000000         0.5542749836         2.1153582199       -20.3989759460
        0.6754763000         0.5500000000         0.5797982522         2.0388018961       -19.7341027037
        0.6804073000         0.5500000000         0.5644842910         1.9622455724       -20.1330266491
        0.6854187000         0.5500000000         0.5644842910         1.8831373711       -20.1330266491
        0.6904244000         0.5500000000         0.5517226568         1.8091329248       -20.4654632702
        0.6954105000         0.5500000000         0.5823505790         1.7351284785       -19.6676153795
        0.7003965000         0.5500000000         0.5670366179         1.6636759097       -20.0665393249
        0.7054055000         0.5500000000         0.5670366179         1.5743601986       -20.0665393249
        0.7104126000         0.5500000000         0.5619319642         1.5080113847       -20.1995139733
        0.7154104000         0.5500000000         0.5670366179         1.4263513060       -20.0665393249
        0.7204028000         0.5500000000         0.5670366179         1.3421393498       -20.0665393249
        0.7253885000         0.5500000000         0.5695889448         1.2808942908       -20.0000520006
        0.7304183000         0.5500000000         0.5746935985         1.2043379670       -19.8670773522
        0.7354044000         0.5500000000         0.5619319642         1.1201260109       -20.1995139733
        0.7404079000         0.5500000000         0.5695889448         1.0435696871       -20.0000520006
        0.7453943000         0.5500000000         0.5695889448         0.9670133634       -20.0000520006
        0.7504066000         0.5500000000         0.5721412716         0.8776976523       -19.9335646764
        0.7554134000         0.5500000000         0.5644842910         0.8113488384       -20.1330266491
        0.7604239000         0.5500000000         0.5695889448         0.7245850047       -20.0000520006
        0.7653983000         0.5500000000         0.5619319642         0.6480286810       -20.1995139733
        0.7704193000         0.5500000000         0.5670366179         0.5714723572       -20.0665393249
        0.7754215000         0.5500000000         0.5670366179         0.4923641560       -20.0665393249
        0.7805134000         0.5500000000         0.5746935985         0.4209115871       -19.8670773522
        0.7853888000         0.5500000000         0.5695889448         0.3392515084       -20.0000520006
        0.7904185000         0.5500000000         0.5491703299         0.2473839199       -20.5319505944
        0.7954107000         0.5500000000         0.5568273105         0.1631719638       -20.3324886218
        0.8004411000         0.5500000000         0.5695889448         0.0942712724       -20.0000520006
        0.8053996000         0.5500000000         0.5670366179         0.0126111937       -20.0665393249
        0.8104289000         0.5500000000         0.5517226568        -0.0001481936       -20.4654632702
        0.8153923000         0.5500000000         0.5568273105         1.1073666236       -20.3324886218
        0.8204223000         0.5500000000         0.5746935985         5.0142910133       -19.8670773522
        0.8254043000         0.5500000000         0.5644842910         5.0015316260       -20.1330266491
        0.8304339000         0.5500000000         0.5670366179         4.9173196699       -20.0665393249
        0.8353964000         0.5500000000         0.5542749836         4.8280039588       -20.3989759460
        0.8405105000         0.5500000000         0.5695889448         4.7514476351       -20.0000520006
        0.8453951000         0.5500000000         0.5593796373         4.6697875564       -20.2660012975
        0.8504058000         0.5500000000         0.5619319642         4.5830237228       -20.1995139733
        0.8554082000         0.5500000000         0.5721412716         4.5064673990       -19.9335646764
        0.8603965000         0.5500000000         0.5542749836         4.4273591978       -20.3989759460
        0.8654028000         0.5500000000         0.5593796373         4.3482509965       -20.2660012975
        0.8704102000         0.5500000000         0.5695889448         4.2665909178       -20.0000520006
        0.8754557000         0.5500000000         0.5849029059         4.1976902265       -19.6011280553
        0.8805008000         0.5500000000         0.5466180030         4.1058226379       -20.5984379187
        0.8854597000         0.5500000000         0.5644842910         4.0343700691       -20.1330266491
        0.8904053000         0.5500000000         0.5517226568         3.9501581129       -20.4654632702
        0.8954027000         0.5500000000         0.5695889448         3.8812574215       -20.0000520006
        0.9004086000         0.5500000000         0.5644842910         3.8021492203       -20.1330266491
        0.9053974000         0.5500000000         0.5670366179         3.7281447740       -20.0665393249
        0.9104074000         0.5500000000         0.5466180030         3.6362771855       -20.5984379187
        0.9153910000         0.5500000000         0.5772459253         3.5724802490       -19.8005900279
        0.9204282000         0.5500000000         0.5568273105         3.4831645379       -20.3324886218
        0.9254115000         0.5500000000         0.5619319642         3.4117119691       -20.1995139733
        0.9304212000         0.5500000000         0.5644842910         3.3326037679       -20.1330266491
        0.9354043000         0.5500000000         0.5619319642         3.2509436892       -20.1995139733
        0.9404149000         0.5500000000         0.5644842910         3.1871467527       -20.1330266491
        0.9453959000         0.5500000000         0.5721412716         3.1054866740       -19.9335646764
        0.9504034000         0.5500000000         0.5797982522         3.0340341051       -19.7341027037
        0.9554122000         0.5500000000         0.5415133493         2.9447183941       -20.7314125671
        0.9603971000         0.5500000000         0.5746935985         2.8783695801       -19.8670773522
        0.9654011000         0.5500000000         0.5593796373         2.8018132564       -20.2660012975
        0.9704128000         0.5500000000         0.5593796373         2.7176013002       -20.2660012975
        0.9754006000         0.5500000000         0.5721412716         2.6487006088       -19.9335646764
        0.9804284000         0.5500000000         0.5593796373         2.5695924076       -20.2660012975
        0.9854145000         0.5500000000         0.5593796373         2.4930360838       -20.2660012975
        0.9904080000         0.5500000000         0.5568273105         2.4113760052       -20.3324886218
        0.9954332000         0.5500000000         0.5797982522         2.3450271912       -19.7341027037
        1.0004148000         0.5500000000         0.5568273105         2.2608152351       -20.3324886218
        1.0054250000         0.5500000000         0.5695889448         2.1842589113       -20.0000520006
        1.0104033000         0.5500000000         0.5797982522         2.1102544650       -19.7341027037
        1.0154105000         0.5500000000         0.5644842910         2.0209387539       -20.1330266491
        1.0204236000         0.5500000000         0.5670366179         1.9520380625       -20.0665393249
        1.0254056000         0.5500000000         0.5619319642         1.8729298613       -20.1995139733
        1.0304241000         0.5500000000         0.5517226568         1.7938216601       -20.4654632702
        1.0354062000         0.5500000000         0.5670366179         1.7198172138       -20.0665393249
        1.0404345000         0.5500000000         0.5466180030         1.6381571351       -20.5984379187
        1.0455277000         0.5500000000         0.5721412716         1.5718083211       -19.9335646764
        1.0504169000         0.5500000000         0.5644842910         1.4875963650       -20.1330266491
        1.0554099000         0.5500000000         0.5491703299         1.4059362863       -20.5319505944
        1.0604418000         0.5500000000         0.5568273105         1.3344837175       -20.3324886218
        1.0654082000         0.5500000000         0.5644842910         1.2553755162       -20.1330266491
        1.0704343000         0.5500000000         0.5644842910         1.1788191925       -20.1330266491
        1.0754172000         0.5500000000         0.5644842910         1.1099185011       -20.1330266491
        1.0804019000         0.5500000000         0.5797982522         1.0308102998       -19.7341027037
        1.0854111000         0.5500000000         0.5517226568         0.9414945888       -20.4654632702
        1.0904018000         0.5500000000         0.5721412716         0.8674901425       -19.9335646764
        1.0954037000         0.5500000000         0.5568273105         0.7909338187       -20.3324886218
        1.1003956000         0.5500000000         0.5823505790         0.7169293724       -19.6676153795
        1.1054051000         0.5500000000         0.5491703299         0.6276136613       -20.5319505944
        1.1104129000         0.5500000000         0.5721412716         0.5587129699       -19.9335646764
        1.1154594000         0.5500000000         0.5542749836         0.4668453814       -20.3989759460
        1.1203972000         0.5500000000         0.5644842910         0.3928409351       -20.1330266491
        1.1254105000         0.5500000000         0.5695889448         0.3060771015       -20.0000520006
        1.1303897000         0.5500000000         0.5619319642         0.2295207777       -20.1995139733
        1.1353981000         0.5500000000         0.5644842910         0.1529644539       -20.1330266491
        1.1404052000         0.5500000000         0.5517226568         0.0662006203       -20.4654632702
        1.1454228000         0.5500000000         0.5721412716        -0.0001481936       -19.9335646764
        1.1504018000         0.5500000000         0.5517226568        -0.0027000711       -20.4654632702
        1.1554405000         0.5500000000         0.5644842910         1.1073666236       -20.1330266491
        1.1604169000         0.5500000000         0.5491703299         5.0015316260       -20.5319505944
        1.1654278000         0.5500000000         0.5721412716         4.9836684838       -19.9335646764
        1.1704263000         0.5500000000         0.5593796373         4.8943527728       -20.2660012975
        1.1754179000         0.5500000000         0.5772459253         4.8203483265       -19.8005900279
        1.1804008000         0.5500000000         0.5466180030         4.7310326154       -20.5984379187
        1.1854098000         0.5500000000         0.5568273105         4.6493725367       -20.3324886218
        1.1904348000         0.5500000000         0.5644842910         4.5677124580       -20.1330266491
        1.1954656000         0.5500000000         0.5644842910         4.4886042568       -20.1330266491
        1.2004166000         0.5500000000         0.5644842910         4.4069441781       -20.1330266491
        1.2054234000         0.5500000000         0.5568273105         4.3278359769       -20.3324886218
        1.2104079000         0.5500000000         0.5772459253         4.2563834080       -19.8005900279
        1.2154090000         0.5500000000         0.5542749836         4.1645158195       -20.3989759460
        1.2203907000         0.5500000000         0.5746935985         4.0956151281       -19.8670773522
        1.2254251000         0.5500000000         0.5440656762         4.0088512945       -20.6649252429
        1.2304121000         0.5500000000         0.5644842910         3.9322949707       -20.1330266491
        1.2354240000         0.5500000000         0.5670366179         3.8608424019       -20.0665393249
        1.2404102000         0.5500000000         0.5593796373         3.7766304457       -20.2660012975
        1.2454063000         0.5500000000         0.5746935985         3.7102816318       -19.8670773522
        1.2503956000         0.5500000000         0.5568273105         3.6260696756       -20.3324886218
        1.2554245000         0.5500000000         0.5670366179         3.5520652293       -20.0665393249
        1.2604178000         0.5500000000         0.5670366179         3.4704051506       -20.0665393249
        1.2654181000         0.5500000000         0.5695889448         3.3938488269       -20.0000520006
        1.2704013000         0.5500000000         0.5593796373         3.3223962580       -20.2660012975
        1.2754590000         0.5500000000         0.5772459253         3.2381843019       -19.8005900279
        1.2803937000         0.5500000000         0.5517226568         3.1616279781       -20.4654632702
        1.2854054000         0.5500000000         0.5772459253         3.0850716543       -19.8005900279
        1.2904507000         0.5500000000         0.5797982522         3.0136190855       -19.7341027037
        1.2953971000         0.5500000000         0.5619319642         2.9345108842       -20.1995139733
        1.3004105000         0.5500000000         0.5542749836         2.8502989281       -20.3989759460
        1.3054358000         0.5500000000         0.5695889448         2.7865019916       -20.0000520006
        1.3104224000         0.5500000000         0.5593796373         2.7022900355       -20.2660012975
        1.3154587000         0.5500000000         0.5619319642         2.6206299568       -20.1995139733
        1.3204147000         0.5500000000         0.5593796373         2.5568330203       -20.2660012975
        1.3254304000         0.5500000000         0.5619319642         2.4726210642       -20.1995139733
        1.3304110000         0.5500000000         0.5644842910         2.3960647404       -20.1330266491
        1.3354219000         0.5500000000         0.5491703299         2.3118527843       -20.5319505944
        1.3403992000         0.5500000000         0.5670366179         2.2352964605       -20.0665393249
        1.3454121000         0.5500000000         0.5670366179         2.1638438916       -20.0665393249
        1.3503992000         0.5500000000         0.5644842910         2.0872875679       -20.1330266491
        1.3554021000         0.5500000000         0.5466180030         2.0030756117       -20.5984379187
        1.3604126000         0.5500000000         0.5644842910         1.9290711654       -20.1330266491
        1.3654241000         0.5500000000         0.5695889448         1.8627223515       -20.0000520006
        1.3704086000         0.5500000000         0.5849029059         1.7836141502       -19.6011280553
        1.3754150000         0.5500000000         0.5593796373         1.7045059490       -20.2660012975
        1.3803978000         0.5500000000         0.5542749836         1.6279496252       -20.3989759460
        1.3856224000         0.5500000000         0.5568273105         1.5411857916       -20.3324886218
        1.3904172000         0.5500000000         0.5721412716         1.4722851002       -19.9335646764
        1.3954620000         0.5500000000         0.5670366179         1.3957287765       -20.0665393249
        1.4004087000         0.5500000000         0.5644842910         1.3217243302       -20.1330266491
        1.4054207000         0.5500000000         0.5670366179         1.2375123740       -20.0665393249
        1.4103992000         0.5500000000         0.5568273105         1.1584041728       -20.3324886218
        1.4154042000         0.5500000000         0.5695889448         1.0869516039       -20.0000520006
        1.4203946000         0.5500000000         0.5568273105         1.0103952802       -20.3324886218
        1.4254004000         0.5500000000         0.5721412716         0.9363908338       -19.9335646764
        1.4304084000         0.5500000000         0.5619319642         0.8521788777       -20.1995139733
        1.4353925000         0.5500000000         0.5644842910         0.7730706765       -20.1330266491
        1.4404072000         0.5500000000         0.5670366179         0.6939624752       -20.0665393249
        1.4454465000         0.5500000000         0.5593796373         0.6174061515       -20.2660012975
        1.4504442000         0.5500000000         0.5568273105         0.5306423179       -20.3324886218
        1.4554090000         0.5500000000         0.5644842910         0.4591897490       -20.1330266491
        1.4604235000         0.5500000000         0.5644842910         0.3800815478       -20.1330266491
        1.4654501000         0.5500000000         0.5593796373         0.3009733466       -20.2660012975
        1.4704315000         0.5500000000         0.5670366179         0.2167613904       -20.0665393249
        1.4754265000         0.5500000000         0.5542749836         0.1325494343       -20.3989759460
        1.4804410000         0.5500000000         0.5542749836         0.0559931105       -20.3989759460
        1.4854466000         0.5500000000         0.5695889448         0.0024036839       -20.0000520006
        1.4904357000         0.5500000000         0.5517226568         0.0024036839       -20.4654632702
        1.4954660000         0.5500000000         0.5670366179         5.0091872584       -20.0665393249
        1.5004569000         0.5500000000         0.5517226568         4.9989797486       -20.4654632702
        1.5054479000         0.5500000000         0.5568273105         4.9607015867       -20.3324886218
        1.5104771000         0.5500000000         0.5517226568         4.8713858756       -20.4654632702
        1.5154799000         0.5500000000         0.5593796373         4.7948295519       -20.2660012975
        1.5204502000         0.5500000000         0.5593796373         4.7157213506       -20.2660012975
        1.5254466000         0.5500000000         0.5466180030         4.6238537621       -20.5984379187
        1.5304539000         0.5500000000         0.5670366179         4.5498493158       -20.0665393249
        1.5354467000         0.5500000000         0.5619319642         4.4656373597       -20.1995139733
        1.5404660000         0.5500000000         0.5593796373         4.3890810359       -20.2660012975
        1.5454754000         0.5500000000         0.5491703299         4.2997653248       -20.5319505944
        1.5504532000         0.5500000000         0.5466180030         4.2206571236       -20.5984379187
        1.5554618000         0.5500000000         0.5670366179         4.1543083097       -20.0665393249
        1.5604305000         0.5500000000         0.5746935985         4.0752001084       -19.8670773522
        1.5654235000         0.5500000000         0.5542749836         3.9935400297       -20.3989759460
        1.5704440000         0.5500000000         0.5568273105         3.9144318285       -20.3324886218
        1.5754482000         0.5500000000         0.5644842910         3.8353236273       -20.1330266491
        1.5805821000         0.5500000000         0.5491703299         3.7562154260       -20.5319505944
        1.5854426000         0.5500000000         0.5695889448         3.6847628572       -20.0000520006
        1.5904317000         0.5500000000         0.5695889448         3.5979990236       -20.0000520006
        1.5954302000         0.5500000000         0.5772459253         3.5214426998       -19.8005900279
        1.6004221000         0.5500000000         0.5517226568         3.4448863760       -20.4654632702
        1.6054329000         0.5500000000         0.5593796373         3.3632262974       -20.2660012975
        1.6104421000         0.5500000000         0.5644842910         3.2917737285       -20.1330266491
        1.6154688000         0.5500000000         0.5670366179         3.2203211597       -20.0665393249
        1.6204235000         0.5500000000         0.5644842910         3.1412129584       -20.1330266491
        1.6254089000         0.5500000000         0.5619319642         3.0646566347       -20.1995139733
        1.6304120000         0.5500000000         0.5542749836         2.9753409236       -20.3989759460
        1.6353985000         0.5500000000         0.5695889448         2.9038883547       -20.0000520006
        1.6404118000         0.5500000000         0.5568273105         2.8400914183       -20.3324886218
        1.6454128000         0.5500000000         0.5619319642         2.7507757072       -20.1995139733
        1.6504215000         0.5500000000         0.5568273105         2.6640118736       -20.3324886218
        1.6554084000         0.5500000000         0.5491703299         2.5900074273       -20.5319505944
        1.6604221000         0.5500000000         0.5670366179         2.5236586133       -20.0665393249
        1.6654055000         0.5500000000         0.5772459253         2.4471022896       -19.8005900279
        1.6704078000         0.5500000000         0.5491703299         2.3628903334       -20.5319505944
        1.6754136000         0.5500000000         0.5542749836         2.2812302547       -20.3989759460
        1.6804276000         0.5500000000         0.5517226568         2.2072258084       -20.4654632702
        1.6854154000         0.5500000000         0.5670366179         2.1306694847       -20.0665393249
        1.6904220000         0.5500000000         0.5644842910         2.0566650383       -20.1330266491
        1.6954051000         0.5500000000         0.5542749836         1.9775568371       -20.3989759460
        1.7004164000         0.5500000000         0.5568273105         1.8882411261       -20.3324886218
        1.7054193000         0.5500000000         0.5695889448         1.8269960670       -20.0000520006
        1.7104019000         0.5500000000         0.5644842910         1.7427841109       -20.1330266491
        1.7153912000         0.5500000000         0.5491703299         1.6611240322       -20.5319505944
        1.7204529000         0.5500000000         0.5568273105         1.5845677084       -20.3324886218
        1.7254070000         0.5500000000         0.5542749836         1.5054595072       -20.3989759460
        1.7304160000         0.5500000000         0.5644842910         1.4442144482       -20.1330266491
        1.7354198000         0.5500000000         0.5644842910         1.3548987371       -20.1330266491
        1.7404378000         0.5500000000         0.5440656762         1.2808942908       -20.6649252429
        1.7454108000         0.5500000000         0.5644842910         1.2043379670       -20.1330266491
        1.7504033000         0.5500000000         0.5440656762         1.1201260109       -20.6649252429
        1.7554005000         0.5500000000         0.5695889448         1.0537771970       -20.0000520006
        1.7604198000         0.5500000000         0.5517226568         0.9644614859       -20.4654632702
        1.7654024000         0.5500000000         0.5517226568         0.8930089170       -20.4654632702
        1.7705371000         0.5500000000         0.5466180030         0.8062450834       -20.5984379187
        1.7755009000         0.5500000000         0.5670366179         0.7296887597       -20.0665393249
        1.7805417000         0.5500000000         0.5619319642         0.6505805584       -20.1995139733
        1.7854011000         0.5500000000         0.5593796373         0.5714723572       -20.2660012975
        1.7904980000         0.5500000000         0.5491703299         0.4872604011       -20.5319505944
        1.7954211000         0.5500000000         0.5568273105         0.4107040773       -20.3324886218
        1.8004104000         0.5500000000         0.5823505790         0.3290439986       -19.6676153795
        1.8054490000         0.5500000000         0.5517226568         0.2448320425       -20.4654632702
        1.8105955000         0.5500000000         0.5644842910         0.1631719638       -20.1330266491
        1.8154403000         0.5500000000         0.5517226568         0.0917193949       -20.4654632702
        1.8204230000         0.5500000000         0.5746935985         0.0126111937       -19.8670773522
        1.8254370000         0.5500000000         0.5491703299         0.0024036839       -20.5319505944
        1.8304414000         0.5500000000         0.5568273105         1.1022628687       -20.3324886218
        1.8354406000         0.5500000000         0.5670366179         5.0066353810       -20.0665393249
        1.8404256000         0.5500000000         0.5644842910         4.9964278711       -20.1330266491
        1.8454330000         0.5500000000         0.5568273105         4.9122159150       -20.3324886218
        1.8504175000         0.5500000000         0.5619319642         4.8280039588       -20.1995139733
        1.8554263000         0.5500000000         0.5721412716         4.7514476351       -19.9335646764
        1.8604149000         0.5500000000         0.5670366179         4.6697875564       -20.0665393249
        1.8654220000         0.5500000000         0.5440656762         4.5830237228       -20.6649252429
        1.8704091000         0.5500000000         0.5568273105         4.4988117666       -20.3324886218
        1.8754182000         0.5500000000         0.5695889448         4.4197035654       -20.0000520006
        1.8804190000         0.5500000000         0.6053215207         4.3380434867       -19.0692294615
        1.8853950000         0.5500000000         0.5644842910         4.2614871629       -20.1330266491
        1.8904104000         0.5500000000         0.5619319642         4.1772752068       -20.1995139733
        1.8954246000         0.5500000000         0.5542749836         4.1032707605       -20.3989759460
        1.9004100000         0.5500000000         0.5619319642         4.0267144367       -20.1995139733
        1.9054115000         0.5500000000         0.5746935985         3.9527099904       -19.8670773522
        1.9103991000         0.5500000000         0.5721412716         3.8812574215       -19.9335646764
        1.9154065000         0.5500000000         0.5568273105         3.7919417105       -20.3324886218
        1.9204180000         0.5500000000         0.5644842910         3.7102816318       -20.1330266491
        1.9254030000         0.5500000000         0.5517226568         3.6311734306       -20.4654632702
        1.9304066000         0.5500000000         0.5721412716         3.5622727392       -19.9335646764
        1.9354186000         0.5500000000         0.5695889448         3.4857164154       -20.0000520006
        1.9404287000         0.5500000000         0.5542749836         3.4040563367       -20.3989759460
        1.9454332000         0.5500000000         0.5593796373         3.3198443806       -20.2660012975
        1.9504199000         0.5500000000         0.5925598865         3.2407361793       -19.4016660826
        1.9555059000         0.5500000000         0.5644842910         3.1743873654       -20.1330266491
        1.9604140000         0.5500000000         0.5695889448         3.1029347965       -20.0000520006
        1.9654410000         0.5500000000         0.5593796373         3.0136190855       -20.2660012975
        1.9704115000         0.5500000000         0.5440656762         2.9421665166       -20.6649252429
        1.9755524000         0.5500000000         0.5746935985         2.8656101929       -19.8670773522
        1.9804165000         0.5500000000         0.5517226568         2.7890538691       -20.4654632702
        1.9855638000         0.5500000000         0.5670366179         2.7150494228       -20.0665393249
        1.9905061000         0.5500000000         0.5619319642         2.6359412215       -20.1995139733
        1.9953961000         0.5500000000         0.5517226568         2.5517292654       -20.4654632702
        2.0005354000         0.5500000000         0.5644842910         2.4802766965       -20.1330266491
        2.0054078000         0.5500000000         0.5593796373         2.3986166179       -20.2660012975
        2.0104295000         0.5500000000         0.5644842910         2.3246121715       -20.1330266491
        2.0156689000         0.5500000000         0.5542749836         2.2429520929       -20.3989759460
        2.0204105000         0.5500000000         0.5695889448         2.1714995240       -20.0000520006
        2.0254016000         0.5500000000         0.5644842910         2.0923913228       -20.1330266491
        2.0304235000         0.5500000000         0.5593796373         2.0234906314       -20.2660012975
        2.0354186000         0.5500000000         0.5695889448         1.9341749203       -20.0000520006
        2.0404208000         0.5500000000         0.5517226568         1.8601704740       -20.4654632702
        2.0453912000         0.5500000000         0.5517226568         1.7785103953       -20.4654632702
        2.0504214000         0.5500000000         0.5670366179         1.7147134588       -20.0665393249
        2.0554001000         0.5500000000         0.5593796373         1.6330533802       -20.2660012975
        2.0604146000         0.5500000000         0.5568273105         1.5564970564       -20.3324886218
        2.0653877000         0.5500000000         0.5568273105         1.4799407326       -20.3324886218
        2.0704200000         0.5500000000         0.5593796373         1.4008325314       -20.2660012975
        2.0754108000         0.5500000000         0.5644842910         1.3242762076       -20.1330266491
        2.0806746000         0.5500000000         0.5568273105         1.2400642515       -20.3324886218
        2.0854011000         0.5500000000         0.5491703299         1.1635079277       -20.5319505944
        2.0904305000         0.5500000000         0.5568273105         1.0971591138       -20.3324886218
        2.0954153000         0.5500000000         0.5644842910         1.0052915252       -20.1330266491
        2.1004083000         0.5500000000         0.5619319642         0.9338389564       -20.1995139733
        2.1054072000         0.5500000000         0.5644842910         0.8623863875       -20.1330266491
        2.1103968000         0.5500000000         0.5440656762         0.7756225539       -20.6649252429
        2.1154007000         0.5500000000         0.5670366179         0.6990662302       -20.0665393249
        2.1204211000         0.5500000000         0.5568273105         0.6174061515       -20.3324886218
        2.1254257000         0.5500000000         0.5670366179         0.5408498277       -20.0665393249
        2.1304138000         0.5500000000         0.5593796373         0.4617416265       -20.2660012975
        2.1353909000         0.5500000000         0.5644842910         0.3826334252       -20.1330266491
        2.1404241000         0.5500000000         0.5466180030         0.2882139593       -20.5984379187
        2.1454070000         0.5500000000         0.5593796373         0.2065538806       -20.2660012975
        2.1504196000         0.5500000000         0.5644842910         0.1299975568       -20.1330266491
        2.1554054000         0.5500000000         0.5695889448         0.0483374781       -20.0000520006
        2.1604414000         0.5500000000         0.5593796373         0.0024036839       -20.2660012975
        2.1654184000         0.5500000000         0.5440656762         0.0049555613       -20.6649252429
        2.1706798000         0.5500000000         0.5593796373         5.0015316260       -20.2660012975
        2.1754089000         0.5500000000         0.5593796373         5.0040835035       -20.2660012975
        2.1804106000         0.5500000000         0.5568273105         4.9632534642       -20.3324886218
        2.1854938000         0.5500000000         0.5542749836         4.8790415080       -20.3989759460
        2.1904330000         0.5500000000         0.5568273105         4.7897257969       -20.3324886218
        2.1954244000         0.5500000000         0.5491703299         4.7055138408       -20.5319505944
        2.2004133000         0.5500000000         0.5670366179         4.6289575170       -20.0665393249
        2.2054267000         0.5500000000         0.5874552328         4.5421936834       -19.5346407310
        2.2103906000         0.5500000000         0.5593796373         4.4681892371       -20.2660012975
        2.2155029000         0.5500000000         0.5542749836         4.3865291584       -20.3989759460
        2.2204772000         0.5500000000         0.5568273105         4.2972134474       -20.3324886218
        2.2254702000         0.5500000000         0.5619319642         4.2283127560       -20.1995139733
        2.2304271000         0.5500000000         0.5491703299         4.1364451674       -20.5319505944
        2.2354117000         0.5500000000         0.5644842910         4.0649925986       -20.1330266491
        2.2403965000         0.5500000000         0.5517226568         3.9909881523       -20.4654632702
        2.2454276000         0.5500000000         0.5644842910         3.9093280736       -20.1330266491
        2.2504128000         0.5500000000         0.5695889448         3.8302198724       -20.0000520006
        2.2554151000         0.5500000000         0.5644842910         3.7613191810       -20.1330266491
        2.2604083000         0.5500000000         0.5568273105         3.6796591023       -20.3324886218
        2.2654111000         0.5500000000         0.5695889448         3.6005509010       -20.0000520006
        2.2704019000         0.5500000000         0.5670366179         3.5265464547       -20.0665393249
        2.2754339000         0.5500000000         0.6078738476         3.4448863760       -19.0027421372
        2.2804074000         0.5500000000         0.5746935985         3.3734338072       -19.8670773522
        2.2854217000         0.5500000000         0.5491703299         3.2866699736       -20.5319505944
        2.2904043000         0.5500000000         0.5593796373         3.2075617724       -20.2660012975
        2.2954228000         0.5500000000         0.5746935985         3.1412129584       -19.8670773522
        2.3004991000         0.5500000000         0.5644842910         3.0570010023       -20.1330266491
        2.3054090000         0.5500000000         0.5568273105         2.9855484334       -20.3324886218
        2.3104188000         0.5500000000         0.5670366179         2.9013364773       -20.0665393249
        2.3154230000         0.5500000000         0.5593796373         2.8324357859       -20.2660012975
        2.3204154000         0.5500000000         0.5695889448         2.7507757072       -20.0000520006
        2.3254228000         0.5500000000         0.5568273105         2.6691156285       -20.3324886218
        2.3304082000         0.5500000000         0.5491703299         2.5925593047       -20.5319505944
        2.3354232000         0.5500000000         0.5721412716         2.5262104908       -19.9335646764
        2.3404188000         0.5500000000         0.5568273105         2.4394466572       -20.3324886218
        2.3454325000         0.5500000000         0.5644842910         2.3654422109       -20.1330266491
        2.3504096000         0.5500000000         0.5670366179         2.2888858871       -20.0665393249
        2.3554049000         0.5500000000         0.5542749836         2.2097776859       -20.3989759460
        2.3604321000         0.5500000000         0.5466180030         2.1281176072       -20.5984379187
        2.3654053000         0.5500000000         0.5695889448         2.0592169158       -20.0000520006
        2.3703968000         0.5500000000         0.5517226568         1.9724530822       -20.4654632702
        2.3754053000         0.5500000000         0.5593796373         1.9035523908       -20.2660012975
        2.3804202000         0.5500000000         0.5695889448         1.8320998220       -20.0000520006
        2.3854012000         0.5500000000         0.5466180030         1.7478878658       -20.5984379187
        2.3904073000         0.5500000000         0.5670366179         1.6789871744       -20.0665393249
        2.3954117000         0.5500000000         0.5568273105         1.5896714634       -20.3324886218
        2.4004191000         0.5500000000         0.5695889448         1.5258745269       -20.0000520006
        2.4053991000         0.5500000000         0.5491703299         1.4340069384       -20.5319505944
        2.4108528000         0.5500000000         0.5517226568         1.3574506146       -20.4654632702
        2.4153996000         0.5500000000         0.5644842910         1.2808942908       -20.1330266491
        2.4204161000         0.5500000000         0.5593796373         1.2094417220       -20.2660012975
        2.4254149000         0.5500000000         0.5670366179         1.1379891531       -20.0665393249
        2.4304298000         0.5500000000         0.5568273105         1.0537771970       -20.3324886218
        2.4354050000         0.5500000000         0.5593796373         0.9746689957       -20.2660012975
        2.4404207000         0.5500000000         0.5593796373         0.9032164269       -20.2660012975
        2.4454015000         0.5500000000         0.5542749836         0.8087969609       -20.3989759460
        2.4504135000         0.5500000000         0.5593796373         0.7373443920       -20.2660012975
        2.4554140000         0.5500000000         0.5568273105         0.6607880683       -20.3324886218
        2.4604005000         0.5500000000         0.5568273105         0.5765761121       -20.3324886218
        2.4654047000         0.5500000000         0.5619319642         0.5025716658       -20.1995139733
        2.4704038000         0.5500000000         0.5670366179         0.4183597097       -20.0665393249
        2.4756707000         0.5500000000         0.5542749836         0.3366996310       -20.3989759460
        2.4805211000         0.5500000000         0.5517226568         0.2550395523       -20.4654632702
        2.4854211000         0.5500000000         0.5849029059         0.1708275961       -19.6011280553
        2.4904782000         0.5500000000         0.5517226568         0.0840637625       -20.4654632702
        2.4957689000         0.5500000000         0.5593796373         0.0100593162       -20.2660012975
        2.5004232000         0.5500000000         0.5440656762        -0.0027000711       -20.6649252429
        2.5054066000         0.5500000000         0.5517226568         1.1073666236       -20.4654632702
        2.5104468000         0.5500000000         0.5491703299         5.0015316260       -20.5319505944
        2.5154035000         0.5500000000         0.5568273105         4.9836684838       -20.3324886218
        2.5204861000         0.5500000000         0.5568273105         4.9122159150       -20.3324886218
        2.5254177000         0.5500000000         0.5593796373         4.8331077137       -20.2660012975
        2.5304021000         0.5500000000         0.5491703299         4.7412401252       -20.5319505944
        2.5354104000         0.5500000000         0.5517226568         4.6595800465       -20.4654632702
        2.5404544000         0.5500000000         0.5593796373         4.5830237228       -20.2660012975
        2.5454244000         0.5500000000         0.5593796373         4.4988117666       -20.2660012975
        2.5504112000         0.5500000000         0.5593796373         4.4197035654       -20.2660012975
        2.5553979000         0.5500000000         0.5415133493         4.3354916092       -20.7314125671
        2.5605016000         0.5500000000         0.5542749836         4.2538315306       -20.3989759460
        2.5654078000         0.5500000000         0.5644842910         4.1874827166       -20.1330266491
        2.5704039000         0.5500000000         0.5619319642         4.0981670056       -20.1995139733
        2.5754044000         0.5500000000         0.5517226568         4.0241625592       -20.4654632702
        2.5804650000         0.5500000000         0.5644842910         3.9450543580       -20.1330266491
        2.5854166000         0.5500000000         0.5568273105         3.8659461568       -20.3324886218
        2.5904017000         0.5500000000         0.5721412716         3.7970454654       -19.9335646764
        2.5954437000         0.5500000000         0.5644842910         3.7102816318       -20.1330266491
        2.6006471000         0.5500000000         0.5491703299         3.6286215531       -20.5319505944
        2.6054051000         0.5500000000         0.5619319642         3.5546171068       -20.1995139733
        2.6104171000         0.5500000000         0.5644842910         3.4780607830       -20.1330266491
        2.6153996000         0.5500000000         0.5619319642         3.3964007043       -20.1995139733
        2.6203893000         0.5500000000         0.5644842910         3.3249481355       -20.1330266491
        2.6254157000         0.5500000000         0.5593796373         3.2509436892       -20.2660012975
        2.6303951000         0.5500000000         0.5568273105         3.1590761006       -20.3324886218
        2.6354050000         0.5500000000         0.5695889448         3.0876235318       -20.0000520006
        2.6404155000         0.5500000000         0.5670366179         3.0110672080       -20.0665393249
        2.6454101000         0.5500000000         0.5568273105         2.9396146392       -20.3324886218
        2.6504119000         0.5500000000         0.5644842910         2.8528508056       -20.1330266491
        2.6554149000         0.5500000000         0.5568273105         2.7839501142       -20.3324886218
        2.6604070000         0.5500000000         0.6053215207         2.6997381580       -19.0692294615
        2.6654101000         0.5500000000         0.5619319642         2.6359412215       -20.1995139733
        2.6704032000         0.5500000000         0.5695889448         2.5568330203       -20.0000520006
        2.6754425000         0.5500000000         0.5440656762         2.4649654318       -20.6649252429
        2.6804146000         0.5500000000         0.5568273105         2.3884091080       -20.3324886218
        2.6854789000         0.5500000000         0.5568273105         2.3118527843       -20.3324886218
        2.6904051000         0.5500000000         0.5568273105         2.2404002154       -20.3324886218
        2.6954197000         0.5500000000         0.5593796373         2.1612920142       -20.2660012975
        2.7004224000         0.5500000000         0.5542749836         2.0847356904       -20.3989759460
        2.7054230000         0.5500000000         0.5593796373         2.0056274892       -20.2660012975
        2.7103906000         0.5500000000         0.5619319642         1.9290711654       -20.1995139733
        2.7154279000         0.5500000000         0.5568273105         1.8499629642       -20.3324886218
        2.7204249000         0.5500000000         0.5542749836         1.7759585179       -20.3989759460
        2.7254173000         0.5500000000         0.5619319642         1.7045059490       -20.1995139733
        2.7304007000         0.5500000000         0.5695889448         1.6228458703       -20.0000520006
        2.7354026000         0.5500000000         0.5568273105         1.5386339142       -20.3324886218
        2.7404168000         0.5500000000         0.5670366179         1.4748369777       -20.0665393249
        2.7454243000         0.5500000000         0.5517226568         1.3829693892       -20.4654632702
        2.7504096000         0.5500000000         0.5491703299         1.3140686978       -20.5319505944
        2.7554303000         0.5500000000         0.5670366179         1.2400642515       -20.0665393249
        2.7604079000         0.5500000000         0.5644842910         1.1609560502       -20.1330266491
        2.7654441000         0.5500000000         0.5517226568         1.0792959716       -20.4654632702
        2.7704238000         0.5500000000         0.5542749836         0.9950840154       -20.3989759460
        2.7753998000         0.5500000000         0.5466180030         0.9134239367       -20.5984379187
        2.7804070000         0.5500000000         0.5670366179         0.8470751228       -20.0665393249
        2.7854323000         0.5500000000         0.6078738476         0.7654150441       -19.0027421372
        2.7904018000         0.5500000000         0.5695889448         0.6863068429       -20.0000520006
        2.7954657000         0.5500000000         0.5466180030         0.5944392543       -20.5984379187
        2.8003928000         0.5500000000         0.5874552328         0.5229866855       -19.5346407310
        2.8053955000         0.5500000000         0.5593796373         0.4464303617       -20.2660012975
        2.8104067000         0.5500000000         0.5695889448         0.3622184056       -20.0000520006
        2.8153924000         0.5500000000         0.5542749836         0.2882139593       -20.3989759460
        2.8204014000         0.5500000000         0.5568273105         0.1963463707       -20.3324886218
        2.8254119000         0.5500000000         0.5542749836         0.1197900470       -20.3989759460
        2.8304118000         0.5500000000         0.5542749836         0.0304743359       -20.3989759460
        2.8353972000         0.5500000000         0.5644842910         0.0024036839       -20.1330266491
        2.8404120000         0.5500000000         0.5440656762         1.1022628687       -20.6649252429
        2.8453931000         0.5500000000         0.5619319642         5.0142910133       -20.1995139733
        2.8504060000         0.5500000000         0.5517226568         5.0015316260       -20.4654632702
        2.8554088000         0.5500000000         0.5568273105         4.9402865670       -20.3324886218
        2.8604201000         0.5500000000         0.5568273105         4.8611783658       -20.3324886218
        2.8654039000         0.5500000000         0.5695889448         4.7820701646       -20.0000520006
        2.8703946000         0.5500000000         0.5466180030         4.6927544535       -20.5984379187
        2.8754004000         0.5500000000         0.5695889448         4.6110943748       -20.0000520006
        2.8804116000         0.5500000000         0.5568273105         4.5268824187       -20.3324886218
        2.8854108000         0.5500000000         0.5619319642         4.4426704625       -20.1995139733
        2.8904265000         0.5500000000         0.5568273105         4.3661141388       -20.3324886218
        2.8954030000         0.5500000000         0.5695889448         4.2870059375       -20.0000520006
        2.9005427000         0.5500000000         0.5644842910         4.2053458588       -20.1330266491
        2.9054025000         0.5500000000         0.5542749836         4.1287895351       -20.3989759460
        2.9104084000         0.5500000000         0.5670366179         4.0522332113       -20.0665393249
        2.9154081000         0.5500000000         0.5517226568         3.9756768875       -20.4654632702
        2.9204074000         0.5500000000         0.5568273105         3.8965686863       -20.3324886218
        2.9254014000         0.5500000000         0.5517226568         3.8149086076       -20.4654632702
        2.9304221000         0.5500000000         0.5721412716         3.7434560388       -19.9335646764
        2.9354089000         0.5500000000         0.5568273105         3.6694515924       -20.3324886218
        2.9404070000         0.5500000000         0.5619319642         3.5775840039       -20.1995139733
        2.9454011000         0.5500000000         0.5951122133         3.5086833125       -19.3351787584
        2.9504329000         0.5500000000         0.5593796373         3.4270232338       -20.2660012975
        2.9554185000         0.5500000000         0.5721412716         3.3504669101       -19.9335646764
        2.9604500000         0.5500000000         0.5619319642         3.2739105863       -20.1995139733
        2.9654123000         0.5500000000         0.5364086956         3.1896986301       -20.8643872156
        2.9704110000         0.5500000000         0.5721412716         3.1259016937       -19.9335646764
        2.9754249000         0.5500000000         0.5491703299         3.0340341051       -20.5319505944
        2.9804044000         0.5500000000         0.5542749836         2.9651334138       -20.3989759460
        2.9854180000         0.5500000000         0.5695889448         2.8885770900       -20.0000520006
        2.9904059000         0.5500000000         0.5389610225         2.8094688888       -20.7978998914
        2.9954364000         0.5500000000         0.5593796373         2.7303606875       -20.2660012975
        3.0004155000         0.5500000000         0.5695889448         2.6538043638       -20.0000520006
        3.0054248000         0.5500000000         0.5568273105         2.5797999174       -20.3324886218
        3.0104058000         0.5500000000         0.5542749836         2.4981398388       -20.3989759460
        3.0154150000         0.5500000000         0.5695889448         2.4317910248       -20.0000520006
        3.0203992000         0.5500000000         0.5593796373         2.3552347011       -20.2660012975
        3.0254113000         0.5500000000         0.5619319642         2.2633671125       -20.1995139733
        3.0303918000         0.5500000000         0.5593796373         2.1893626662       -20.2660012975
        3.0354026000         0.5500000000         0.5695889448         2.1230138523       -20.0000520006
        3.0404101000         0.5500000000         0.5466180030         2.0311462638       -20.5984379187
        3.0454271000         0.5500000000         0.5721412716         1.9647974498       -19.9335646764
        3.0504024000         0.5500000000         0.5517226568         1.8805854937       -20.4654632702
        3.0554182000         0.5500000000         0.5619319642         1.8040291699       -20.1995139733
        3.0603980000         0.5500000000         0.5721412716         1.7351284785       -19.9335646764
        3.0654137000         0.5500000000         0.5389610225         1.6458127674       -20.7978998914
        3.0704136000         0.5500000000         0.5644842910         1.5794639535       -20.1330266491
        3.0754232000         0.5500000000         0.5517226568         1.4927001199       -20.4654632702
        3.0804091000         0.5500000000         0.5619319642         1.4186956736       -20.1995139733
        3.0854050000         0.5500000000         0.5593796373         1.3421393498       -20.2660012975
        3.0904125000         0.5500000000         0.5542749836         1.2630311486       -20.3989759460
        3.0971504000         0.5500000000         0.5619319642         1.1584041728       -20.1995139733
        3.1003868000         0.5500000000         0.5619319642         1.1150222560       -20.1995139733
        3.1055135000         0.5500000000         0.5619319642         1.0282584224       -20.1995139733
        3.1109335000         0.5500000000         0.5568273105         0.9542539761       -20.3324886218
        3.1154176000         0.5500000000         0.5644842910         0.8751457748       -20.1330266491
        3.1203891000         0.5500000000         0.5593796373         0.7985894511       -20.2660012975
        3.1254661000         0.5500000000         0.6053215207         0.7067218625       -19.0692294615
        3.1304159000         0.5500000000         0.5568273105         0.6276136613       -20.3324886218
        3.1354184000         0.5500000000         0.5619319642         0.5612648474       -20.1995139733
        3.1403873000         0.5500000000         0.5593796373         0.4796047687       -20.2660012975
        3.1454130000         0.5500000000         0.5695889448         0.4004965675       -20.0000520006
        3.1504048000         0.5500000000         0.5517226568         0.3086289789       -20.4654632702
        3.1554074000         0.5500000000         0.5644842910         0.2397282875       -20.1330266491
        3.1604166000         0.5500000000         0.5440656762         0.1453088216       -20.6649252429
        3.1654564000         0.5500000000         0.5491703299         0.0687524978       -20.5319505944
        3.1704130000         0.5500000000         0.5619319642         0.0024036839       -20.1995139733
        3.1754093000         0.5500000000         0.5542749836        -0.0001481936       -20.3989759460
        3.1804028000         0.5500000000         0.5593796373         1.1252297658       -20.2660012975
        3.1854043000         0.5500000000         0.5568273105         5.0091872584       -20.3324886218
        3.1903923000         0.5500000000         0.5593796373         4.9785647289       -20.2660012975
        3.1953995000         0.5500000000         0.5491703299         4.8866971404       -20.5319505944
        3.2004093000         0.5500000000         0.5670366179         4.8152445715       -20.0665393249
        3.2054696000         0.5500000000         0.5568273105         4.7284807379       -20.3324886218
        3.2104840000         0.5500000000         0.5491703299         4.6442687818       -20.5319505944
        3.2154143000         0.5500000000         0.5491703299         4.5549530707       -20.5319505944
        3.2204154000         0.5500000000         0.5670366179         4.4860523793       -20.0665393249
        3.2254091000         0.5500000000         0.5670366179         4.4069441781       -20.0665393249
        3.2304133000         0.5500000000         0.5593796373         4.3227322219       -20.2660012975
        3.2354218000         0.5500000000         0.5517226568         4.2410721433       -20.4654632702
        3.2404024000         0.5500000000         0.5619319642         4.1696195744       -20.1995139733
        3.2454086000         0.5500000000         0.5568273105         4.0828557408       -20.3324886218
        3.2504072000         0.5500000000         0.5568273105         4.0062994170       -20.3324886218
        3.2554136000         0.5500000000         0.5517226568         3.9220874609       -20.4654632702
        3.2604023000         0.5500000000         0.5542749836         3.8480830146       -20.3989759460
        3.2654039000         0.5500000000         0.5542749836         3.7715266908       -20.3989759460
        3.2704123000         0.5500000000         0.5593796373         3.6975222445       -20.2660012975
        3.2754556000         0.5500000000         0.5670366179         3.6107584109       -20.0665393249
        3.2804545000         0.5500000000         0.5695889448         3.5342020871       -20.0000520006
        3.2854360000         0.5500000000         0.5440656762         3.4550938859       -20.6649252429
        3.2904424000         0.5500000000         0.5568273105         3.3759856847       -20.3324886218
        3.2954485000         0.5500000000         0.5619319642         3.3045331158       -20.1995139733
        3.3004696000         0.5500000000         0.5721412716         3.2203211597       -19.9335646764
        3.3054531000         0.5500000000         0.5542749836         3.1488685908       -20.3989759460
        3.3104707000         0.5500000000         0.5542749836         3.0697603896       -20.3989759460
        3.3155153000         0.5500000000         0.5491703299         2.9881003109       -20.5319505944
        3.3204494000         0.5500000000         0.5619319642         2.9166477420       -20.1995139733
        3.3254335000         0.5500000000         0.5721412716         2.8400914183       -19.9335646764
        3.3304379000         0.5500000000         0.5695889448         2.7711907269       -20.0000520006
        3.3356643000         0.5500000000         0.5542749836         2.6793231383       -20.3989759460
        3.3404355000         0.5500000000         0.5568273105         2.6078705695       -20.3324886218
        3.3454624000         0.5500000000         0.5644842910         2.5313142457       -20.1330266491
        3.3504247000         0.5500000000         0.5670366179         2.4649654318       -20.0665393249
        3.3554365000         0.5500000000         0.5568273105         2.3782015982       -20.3324886218
        3.3604448000         0.5500000000         0.5491703299         2.2939896420       -20.5319505944
        3.3654375000         0.5500000000         0.5466180030         2.2148814408       -20.5984379187
        3.3704551000         0.5500000000         0.5695889448         2.1459807494       -20.0000520006
        3.3756870000         0.5500000000         0.5568273105         2.0617687933       -20.3324886218
        3.3804445000         0.5500000000         0.5542749836         1.9801087146       -20.3989759460
        3.3854365000         0.5500000000         0.5517226568         1.9010005134       -20.4654632702
        3.3904450000         0.5500000000         0.5619319642         1.8320998220       -20.1995139733
        3.3954433000         0.5500000000         0.5593796373         1.7555434982       -20.2660012975
        3.4004167000         0.5500000000         0.5568273105         1.6815390519       -20.3324886218
        3.4054339000         0.5500000000         0.5593796373         1.6126383605       -20.2660012975
        3.4104391000         0.5500000000         0.5593796373         1.5258745269       -20.2660012975
        3.4154603000         0.5500000000         0.5466180030         1.4442144482       -20.5984379187
        3.4204299000         0.5500000000         0.5593796373         1.3651062470       -20.2660012975
        3.4254033000         0.5500000000         0.5491703299         1.2885499232       -20.5319505944
        3.4304165000         0.5500000000         0.5772459253         1.2222011093       -19.8005900279
        3.4354021000         0.5500000000         0.5517226568         1.1456447855       -20.4654632702
        3.4404105000         0.5500000000         0.5542749836         1.0614328293       -20.3989759460
        3.4454180000         0.5500000000         0.5695889448         0.9823246281       -20.0000520006
        3.4504274000         0.5500000000         0.5593796373         0.9032164269       -20.2660012975
        3.4554127000         0.5500000000         0.5542749836         0.8241082257       -20.3989759460
        3.4604218000         0.5500000000         0.5517226568         0.7398962695       -20.4654632702
        3.4654012000         0.5500000000         0.5568273105         0.6607880683       -20.3324886218
        3.4704160000         0.5500000000         0.5619319642         0.5867836220       -20.1995139733
        3.4753890000         0.5500000000         0.5568273105         0.5076754207       -20.3324886218
        3.4804088000         0.5500000000         0.5593796373         0.4336709744       -20.2660012975
        3.4854147000         0.5500000000         0.5542749836         0.3392515084       -20.3989759460
        3.4904220000         0.5500000000         0.5644842910         0.2703508170       -20.1330266491
        3.4954061000         0.5500000000         0.5517226568         0.1759313511       -20.4654632702
        3.5004115000         0.5500000000         0.5568273105         0.1070306597       -20.3324886218
        3.5054169000         0.5500000000         0.5491703299         0.0228187035       -20.5319505944
        3.5104273000         0.5500000000         0.5491703299        -0.0027000711       -20.5319505944
        3.5154107000         0.5500000000         0.5542749836         1.1073666236       -20.3989759460
        3.5204258000         0.5500000000         0.5517226568         4.9989797486       -20.4654632702
        3.5254073000         0.5500000000         0.5644842910         5.0091872584       -20.1330266491
        3.5304201000         0.5500000000         0.5542749836         4.9249753023       -20.3989759460
        3.5354264000         0.5500000000         0.5466180030         4.8356595912       -20.5984379187
        3.5404156000         0.5500000000         0.5721412716         4.7667588998       -19.9335646764
        3.5454954000         0.5500000000         0.5619319642         4.6748913113       -20.1995139733
        3.5504206000         0.5500000000         0.5568273105         4.6034387424       -20.3324886218
        3.5554124000         0.5500000000         0.5542749836         4.5115711539       -20.3989759460
        3.5604250000         0.5500000000         0.5568273105         4.4324629527       -20.3324886218
        3.5654001000         0.5500000000         0.5542749836         4.3584585064       -20.3989759460
        3.5704093000         0.5500000000         0.5568273105         4.2665909178       -20.3324886218
        3.5753915000         0.5500000000         0.5593796373         4.1951383490       -20.2660012975
        3.5804892000         0.5500000000         0.5542749836         4.1160301478       -20.3989759460
        3.5854371000         0.5500000000         0.5593796373         4.0445775789       -20.2660012975
        3.5904154000         0.5500000000         0.5491703299         3.9578137453       -20.5319505944
        3.5954003000         0.5500000000         0.6231878087         3.8889130539       -18.6038181919
        3.6004305000         0.5500000000         0.5542749836         3.8021492203       -20.3989759460
        3.6054474000         0.5500000000         0.5542749836         3.7230410191       -20.3989759460
        3.6104020000         0.5500000000         0.5542749836         3.6515884502       -20.3989759460
        3.6154060000         0.5500000000         0.5695889448         3.5699283715       -20.0000520006
        3.6204308000         0.5500000000         0.5593796373         3.4857164154       -20.2660012975
        3.6254082000         0.5500000000         0.5415133493         3.4015044592       -20.7314125671
        3.6304756000         0.5500000000         0.5695889448         3.3377075228       -20.0000520006
        3.6354281000         0.5500000000         0.5542749836         3.2458399342       -20.3989759460
        3.6404036000         0.5500000000         0.5491703299         3.1743873654       -20.5319505944
        3.6454181000         0.5500000000         0.5695889448         3.0927272867       -20.0000520006
        3.6504038000         0.5500000000         0.5644842910         3.0263784728       -20.1330266491
        3.6554124000         0.5500000000         0.5466180030         2.9370627617       -20.5984379187
        3.6604138000         0.5500000000         0.5695889448         2.8732658252       -20.0000520006
        3.6654047000         0.5500000000         0.5772459253         2.7916057465       -19.8005900279
        3.6704099000         0.5500000000         0.5670366179         2.7176013002       -20.0665393249
        3.6754123000         0.5500000000         0.5593796373         2.6384930990       -20.2660012975
        3.6804026000         0.5500000000         0.5491703299         2.5542811429       -20.5319505944
        3.6854348000         0.5500000000         0.5542749836         2.4828285740       -20.3989759460
        3.6903906000         0.5500000000         0.5695889448         2.4062722502       -20.0000520006
        3.6954285000         0.5500000000         0.5542749836         2.3271640490       -20.3989759460
        3.7004081000         0.5500000000         0.5593796373         2.2506077252       -20.2660012975
        3.7054187000         0.5500000000         0.5670366179         2.1791551564       -20.0665393249
        3.7106344000         0.5500000000         0.5593796373         2.0974950777       -20.2660012975
        3.7154904000         0.5500000000         0.5568273105         2.0158349990       -20.3324886218
        3.7204577000         0.5500000000         0.5593796373         1.9367267978       -20.2660012975
        3.7254108000         0.5500000000         0.5440656762         1.8550667191       -20.6649252429
        3.7304124000         0.5500000000         0.5542749836         1.7836141502       -20.3989759460
        3.7354220000         0.5500000000         0.5644842910         1.7121615814       -20.1330266491
        3.7404082000         0.5500000000         0.5644842910         1.6381571351       -20.1330266491
        3.7454381000         0.5500000000         0.5466180030         1.5488414240       -20.5984379187
        3.7503996000         0.5500000000         0.5593796373         1.4773888552       -20.2660012975
        3.7554318000         0.5500000000         0.5542749836         1.3957287765       -20.3989759460
        3.7603990000         0.5500000000         0.5491703299         1.3166205752       -20.5319505944
        3.7654013000         0.5500000000         0.5695889448         1.2426161289       -20.0000520006
        3.7704266000         0.5500000000         0.5491703299         1.1660598052       -20.5319505944
        3.7754155000         0.5500000000         0.5670366179         1.0971591138       -20.0665393249
        3.7804022000         0.5500000000         0.5568273105         1.0154990351       -20.3324886218
        3.7854073000         0.5500000000         0.5619319642         0.9261833240       -20.1995139733
        3.7904195000         0.5500000000         0.5593796373         0.8521788777       -20.2660012975
        3.7954213000         0.5500000000         0.5593796373         0.7756225539       -20.2660012975
        3.8004116000         0.5500000000         0.5619319642         0.7016181076       -20.1995139733
        3.8054363000         0.5500000000         0.5466180030         0.6046467642       -20.5984379187
        3.8104039000         0.5500000000         0.5746935985         0.5357460728       -19.8670773522
        3.8154099000         0.5500000000         0.5568273105         0.4540859941       -20.3324886218
        3.8205375000         0.5500000000         0.5670366179         0.3800815478       -20.0665393249
        3.8254693000         0.5500000000         0.5491703299         0.2958695916       -20.5319505944
        3.8304125000         0.5500000000         0.5593796373         0.2065538806       -20.2660012975
        3.8354211000         0.5500000000         0.5568273105         0.1299975568       -20.3324886218
        3.8404233000         0.5500000000         0.5593796373         0.0508893556       -20.2660012975
        3.8455545000         0.5500000000         0.5619319642         0.0024036839       -20.1995139733
        3.8504000000         0.5500000000         0.5466180030         0.0049555613       -20.5984379187
        3.8554396000         0.5500000000         0.5568273105         4.9964278711       -20.3324886218
        3.8604201000         0.5500000000         0.5568273105         5.0015316260       -20.3324886218
        3.8654003000         0.5500000000         0.5568273105         4.9530459543       -20.3324886218
        3.8704058000         0.5500000000         0.5389610225         4.8637302433       -20.7978998914
        3.8753883000         0.5500000000         0.5517226568         4.7820701646       -20.4654632702
        3.8804248000         0.5500000000         0.5517226568         4.7106175957       -20.4654632702
        3.8854107000         0.5500000000         0.5695889448         4.6238537621       -20.0000520006
        3.8904138000         0.5500000000         0.5695889448         4.5472974383       -20.0000520006
        3.8954039000         0.5500000000         0.5593796373         4.4681892371       -20.2660012975
        3.9004350000         0.5500000000         0.5466180030         4.3788735260       -20.5984379187
        3.9053925000         0.5500000000         0.5619319642         4.3023172023       -20.1995139733
        3.9104532000         0.5500000000         0.5644842910         4.2206571236       -20.1330266491
        3.9154065000         0.5500000000         0.5517226568         4.1389970449       -20.4654632702
        3.9204269000         0.5500000000         0.5568273105         4.0573369662       -20.3324886218
        3.9253980000         0.5500000000         0.5466180030         3.9858843974       -20.5984379187
        3.9304129000         0.5500000000         0.5593796373         3.8991205638       -20.2660012975
        3.9353940000         0.5500000000         0.5542749836         3.8327717498       -20.3989759460
        3.9404022000         0.5500000000         0.5542749836         3.7511116711       -20.3989759460
        3.9454134000         0.5500000000         0.5466180030         3.6694515924       -20.5984379187
        3.9503958000         0.5500000000         0.5644842910         3.5928952687       -20.1330266491
        3.9554119000         0.5500000000         0.5491703299         3.5112351900       -20.5319505944
        3.9604179000         0.5500000000         0.6053215207         3.4321269888       -19.0692294615
        3.9653920000         0.5500000000         0.5746935985         3.3555706650       -19.8670773522
        3.9704052000         0.5500000000         0.5415133493         3.2764624638       -20.7314125671
        3.9753933000         0.5500000000         0.5619319642         3.2050098949       -20.1995139733
        3.9804232000         0.5500000000         0.5593796373         3.1284535711       -20.2660012975
        3.9854095000         0.5500000000         0.5670366179         3.0467934924       -20.0665393249
        3.9904125000         0.5500000000         0.5415133493         2.9702371687       -20.7314125671
        3.9954036000         0.5500000000         0.5593796373         2.8911289674       -20.2660012975
        4.0004119000         0.5500000000         0.5440656762         2.8120207662       -20.6649252429
