% Sweep Step 156/200  Vcmd=0.6000V  CCW 
% Vg_offset=1.337354V  K_gimbal=26.049690

Time[s]              Vcmd[V]              Vg_raw[V]            Pot[V]             Omega[rad/s]
        0.0019335000         0.6000000000         1.3352870017         3.5724802490        -0.0538547326
        0.0054068000         0.6000000000         1.3378393285         3.5801358814         0.0126325916
        0.0104340000         0.6000000000         1.3429439823         3.5852396363         0.1456072401
        0.0154404000         0.6000000000         1.1591764486         3.5648246166        -4.6414801043
        0.0204508000         0.6000000000         0.9830658955         3.5290983322        -9.2291054759
        0.0256139000         0.6000000000         1.0519787206         3.5010276801        -7.4339477218
        0.0304164000         0.6000000000         0.9218100509         3.4653013957       -10.8248012573
        0.0354008000         0.6000000000         0.9116007435         3.4219194789       -11.0907505543
        0.0404064000         0.6000000000         0.8835251481         3.3810894396       -11.8221111207
        0.0453937000         0.6000000000         0.8937344555         3.3377075228       -11.5561618238
        0.0504520000         0.6000000000         0.7814320738         3.2815662187       -14.4816040898
        0.0554686000         0.6000000000         0.8324786110         3.2356324244       -13.1518576053
        0.0604674000         0.6000000000         0.8018506887         3.1769392429       -13.9497054960
        0.0654336000         0.6000000000         0.7737750933         3.1233498162       -14.6810660625
        0.0704115000         0.6000000000         0.7405948441         3.0646566347       -15.5454012774
        0.0754134000         0.6000000000         0.7763274201         3.0161709629       -14.6145787383
        0.0804526000         0.6000000000         0.7125192487         2.9549259039       -16.2767618439
        0.0854109000         0.6000000000         0.7686704396         2.9013364773       -14.8140407109
        0.0904202000         0.6000000000         0.6972052876         2.8324357859       -16.6756857893
        0.0953994000         0.6000000000         0.7380425173         2.7660869720       -15.6118886017
        0.1004364000         0.6000000000         0.6818913264         2.7099456679       -17.0746097347
        0.1054188000         0.6000000000         0.7252808830         2.6435968539       -15.9443252228
        0.1104050000         0.6000000000         0.6691296922         2.5797999174       -17.4070463558
        0.1153992000         0.6000000000         0.7227285561         2.5287623683       -16.0108125470
        0.1204164000         0.6000000000         0.6767866727         2.4522060445       -17.2075843831
        0.1254420000         0.6000000000         0.6844436533         2.3909609855       -17.0081224104
        0.1304123000         0.6000000000         0.6895483070         2.3246121715       -16.8751477620
        0.1354121000         0.6000000000         0.6614727116         2.2582633576       -17.6065083285
        0.1404275000         0.6000000000         0.6869959802         2.1919145437       -16.9416350862
        0.1454079000         0.6000000000         0.6640250384         2.1306694847       -17.5400210042
        0.1504146000         0.6000000000         0.6742343459         2.0541131609       -17.2740717073
        0.1554018000         0.6000000000         0.6333971162         1.9826605920       -18.3378688950
        0.1604122000         0.6000000000         0.6716820190         1.9239674105       -17.3405590316
        0.1653999000         0.6000000000         0.6359494430         1.8576185965       -18.2713815707
        0.1704025000         0.6000000000         0.6487110773         1.7887179052       -17.9389449496
        0.1753845000         0.6000000000         0.6385017699         1.7198172138       -18.2048942465
        0.1804198000         0.6000000000         0.6461587505         1.6560202773       -18.0054322738
        0.1854075000         0.6000000000         0.6206354819         1.5820158310       -18.6703055161
        0.1904141000         0.6000000000         0.6487110773         1.5105632621       -17.9389449496
        0.1954035000         0.6000000000         0.6282924625         1.4416625707       -18.4708435434
        0.2004260000         0.6000000000         0.6359494430         1.3727618793       -18.2713815707
        0.2053917000         0.6000000000         0.6333971162         1.3064130654       -18.3378688950
        0.2104232000         0.6000000000         0.6308447893         1.2298567416       -18.4043562192
        0.2154096000         0.6000000000         0.6104261745         1.1533004179       -18.9362548130
        0.2203958000         0.6000000000         0.6308447893         1.0843997265       -18.4043562192
        0.2254704000         0.6000000000         0.6231878087         1.0154990351       -18.6038181919
        0.2304339000         0.6000000000         0.6308447893         0.9517020986       -18.4043562192
        0.2354135000         0.6000000000         0.6231878087         0.8700420199       -18.6038181919
        0.2403944000         0.6000000000         0.6104261745         0.8036932060       -18.9362548130
        0.2454084000         0.6000000000         0.6206354819         0.7169293724       -18.6703055161
        0.2504190000         0.6000000000         0.6155308282         0.6582361908       -18.8032801645
        0.2554221000         0.6000000000         0.6104261745         0.5714723572       -18.9362548130
        0.2604109000         0.6000000000         0.6104261745         0.5025716658       -18.9362548130
        0.2654617000         0.6000000000         0.6333971162         0.4260153420       -18.3378688950
        0.2704066000         0.6000000000         0.6002168670         0.3443552634       -19.2022041099
        0.2754061000         0.6000000000         0.6129785013         0.2831102043       -18.8697674888
        0.2803886000         0.6000000000         0.6155308282         0.1988982482       -18.8032801645
        0.2854071000         0.6000000000         0.6053215207         0.1223419244       -19.0692294615
        0.2904083000         0.6000000000         0.6027691939         0.0457856007       -19.1357167857
        0.2954138000         0.6000000000         0.6078738476         0.0024036839       -19.0027421372
        0.3003999000         0.6000000000         0.5976645402         0.0075074388       -19.2686914341
        0.3054300000         0.6000000000         0.6129785013         4.9964278711       -18.8697674888
        0.3104272000         0.6000000000         0.6155308282         5.0066353810       -18.8032801645
        0.3154300000         0.6000000000         0.5900075596         4.9709090965       -19.4681534068
        0.3204070000         0.6000000000         0.5976645402         4.8994565277       -19.2686914341
        0.3255032000         0.6000000000         0.6078738476         4.8203483265       -19.0027421372
        0.3303850000         0.6000000000         0.5925598865         4.7463438801       -19.4016660826
        0.3354309000         0.6000000000         0.6053215207         4.6595800465       -19.0692294615
        0.3406673000         0.6000000000         0.5874552328         4.5855756002       -19.5346407310
        0.3454118000         0.6000000000         0.6053215207         4.5192267863       -19.0692294615
        0.3504182000         0.6000000000         0.6027691939         4.4375667076       -19.1357167857
        0.3554234000         0.6000000000         0.6002168670         4.3610103838       -19.2022041099
        0.3604028000         0.6000000000         0.6002168670         4.2793503051       -19.2022041099
        0.3654153000         0.6000000000         0.6180831550         4.2181052461       -18.7367928403
        0.3703963000         0.6000000000         0.5823505790         4.1364451674       -19.6676153795
        0.3754063000         0.6000000000         0.6129785013         4.0700963535       -18.8697674888
        0.3804096000         0.6000000000         0.5874552328         3.9858843974       -19.5346407310
        0.3854033000         0.6000000000         0.6104261745         3.9144318285       -18.9362548130
        0.3903852000         0.6000000000         0.5976645402         3.8429792597       -19.2686914341
        0.3954152000         0.6000000000         0.5900075596         3.7587673035       -19.4681534068
        0.4003985000         0.6000000000         0.5849029059         3.6898666121       -19.6011280553
        0.4054067000         0.6000000000         0.6180831550         3.6082065334       -18.7367928403
        0.4104107000         0.6000000000         0.5900075596         3.5393058420       -19.4681534068
        0.4154075000         0.6000000000         0.5925598865         3.4653013957       -19.4016660826
        0.4203883000         0.6000000000         0.5874552328         3.3836413170       -19.5346407310
        0.4254248000         0.6000000000         0.5951122133         3.3147406256       -19.3351787584
        0.4304037000         0.6000000000         0.5925598865         3.2381843019       -19.4016660826
        0.4354968000         0.6000000000         0.5874552328         3.1743873654       -19.5346407310
        0.4404220000         0.6000000000         0.5976645402         3.0876235318       -19.2686914341
        0.4454492000         0.6000000000         0.5900075596         3.0212747179       -19.4681534068
        0.4504185000         0.6000000000         0.5772459253         2.9447183941       -19.8005900279
        0.4554151000         0.6000000000         0.5925598865         2.8681620703       -19.4016660826
        0.4605446000         0.6000000000         0.5951122133         2.8043651338       -19.3351787584
        0.4654086000         0.6000000000         0.5900075596         2.7252569326       -19.4681534068
        0.4704109000         0.6000000000         0.5900075596         2.6461487314       -19.4681534068
        0.4754898000         0.6000000000         0.5849029059         2.5746961625       -19.6011280553
        0.4804160000         0.6000000000         0.5849029059         2.5032435937       -19.6011280553
        0.4853980000         0.6000000000         0.5900075596         2.4215835150       -19.4681534068
        0.4904088000         0.6000000000         0.5951122133         2.3628903334       -19.3351787584
        0.4953989000         0.6000000000         0.5874552328         2.2837821322       -19.5346407310
        0.5004094000         0.6000000000         0.5874552328         2.2021220535       -19.5346407310
        0.5053864000         0.6000000000         0.5695889448         2.1204619748       -20.0000520006
        0.5104208000         0.6000000000         0.6053215207         2.0515612834       -19.0692294615
        0.5154064000         0.6000000000         0.5670366179         1.9699012047       -20.0665393249
        0.5204194000         0.6000000000         0.5976645402         1.9035523908       -19.2686914341
        0.5253956000         0.6000000000         0.5670366179         1.8269960670       -20.0665393249
        0.5304077000         0.6000000000         0.6078738476         1.7606472531       -19.0027421372
        0.5355599000         0.6000000000         0.5951122133         1.6866428068       -19.3351787584
        0.5404224000         0.6000000000         0.5849029059         1.6024308506       -19.6011280553
        0.5454048000         0.6000000000         0.5823505790         1.5335301593       -19.6676153795
        0.5504239000         0.6000000000         0.5900075596         1.4569738355       -19.4681534068
        0.5554230000         0.6000000000         0.5746935985         1.3778656343       -19.8670773522
        0.5604997000         0.6000000000         0.5874552328         1.3166205752       -19.5346407310
        0.5655845000         0.6000000000         0.5900075596         1.2324086191       -19.4681534068
        0.5704228000         0.6000000000         0.5874552328         1.1660598052       -19.5346407310
        0.5754118000         0.6000000000         0.5823505790         1.0946072363       -19.6676153795
        0.5804133000         0.6000000000         0.5900075596         1.0078434027       -19.4681534068
        0.5854005000         0.6000000000         0.5797982522         0.9312870789       -19.7341027037
        0.5904032000         0.6000000000         0.5900075596         0.8496270002       -19.4681534068
        0.5953974000         0.6000000000         0.5721412716         0.7705187990       -19.9335646764
        0.6004192000         0.6000000000         0.5874552328         0.6990662302       -19.5346407310
        0.6054054000         0.6000000000         0.5849029059         0.6250617838       -19.6011280553
        0.6104166000         0.6000000000         0.5823505790         0.5408498277       -19.6676153795
        0.6153975000         0.6000000000         0.6053215207         0.4693972588       -19.0692294615
        0.6204127000         0.6000000000         0.5849029059         0.3902890576       -19.6011280553
        0.6254164000         0.6000000000         0.5721412716         0.3035252240       -19.9335646764
        0.6304315000         0.6000000000         0.5823505790         0.2397282875       -19.6676153795
        0.6354101000         0.6000000000         0.5849029059         0.1529644539       -19.6011280553
        0.6404219000         0.6000000000         0.5874552328         0.0764081302       -19.5346407310
        0.6454930000         0.6000000000         0.5925598865         0.0024036839       -19.4016660826
        0.6504415000         0.6000000000         0.5772459253         0.0075074388       -19.8005900279
        0.6553999000         0.6000000000         0.5976645402         1.1124703785       -19.2686914341
        0.6606633000         0.6000000000         0.5797982522         5.0015316260       -19.7341027037
        0.6655195000         0.6000000000         0.5951122133         4.9938759937       -19.3351787584
        0.6704068000         0.6000000000         0.5900075596         4.9173196699       -19.4681534068
        0.6754009000         0.6000000000         0.5900075596         4.8382114687       -19.4681534068
        0.6804105000         0.6000000000         0.5874552328         4.7539995125       -19.5346407310
        0.6855116000         0.6000000000         0.5849029059         4.6723394338       -19.6011280553
        0.6904359000         0.6000000000         0.5976645402         4.6034387424       -19.2686914341
        0.6954371000         0.6000000000         0.5951122133         4.5243305412       -19.3351787584
        0.7004438000         0.6000000000         0.5976645402         4.4401185851       -19.2686914341
        0.7054704000         0.6000000000         0.5849029059         4.3635622613       -19.6011280553
        0.7104921000         0.6000000000         0.5874552328         4.2946615699       -19.5346407310
        0.7154330000         0.6000000000         0.5976645402         4.2104496138       -19.2686914341
        0.7204145000         0.6000000000         0.5849029059         4.1492045547       -19.6011280553
        0.7254255000         0.6000000000         0.6002168670         4.0649925986       -19.2022041099
        0.7304256000         0.6000000000         0.5695889448         3.9909881523       -20.0000520006
        0.7354469000         0.6000000000         0.6078738476         3.9246393383       -19.0027421372
        0.7404161000         0.6000000000         0.5874552328         3.8429792597       -19.5346407310
        0.7454570000         0.6000000000         0.6002168670         3.7740785683       -19.2022041099
        0.7504599000         0.6000000000         0.5721412716         3.6873147347       -19.9335646764
        0.7554802000         0.6000000000         0.5849029059         3.6107584109       -19.6011280553
        0.7604354000         0.6000000000         0.6002168670         3.5469614744       -19.2022041099
        0.7654441000         0.6000000000         0.5772459253         3.4627495183       -19.8005900279
        0.7704290000         0.6000000000         0.5874552328         3.3887450720       -19.5346407310
        0.7754065000         0.6000000000         0.5823505790         3.3223962580       -19.6676153795
        0.7805519000         0.6000000000         0.5925598865         3.2407361793       -19.4016660826
        0.7854305000         0.6000000000         0.5823505790         3.1692836105       -19.6676153795
        0.7904274000         0.6000000000         0.5951122133         3.0952791642       -19.3351787584
        0.7954468000         0.6000000000         0.5874552328         3.0110672080       -19.5346407310
        0.8004299000         0.6000000000         0.5619319642         2.9345108842       -20.1995139733
        0.8054373000         0.6000000000         0.5925598865         2.8707139478       -19.4016660826
        0.8104170000         0.6000000000         0.5874552328         2.7992613789       -19.5346407310
        0.8154340000         0.6000000000         0.5874552328         2.7201531777       -19.5346407310
        0.8204605000         0.6000000000         0.5925598865         2.6487006088       -19.4016660826
        0.8254155000         0.6000000000         0.5797982522         2.5721442851       -19.7341027037
        0.8303948000         0.6000000000         0.5874552328         2.4955879613       -19.5346407310
        0.8354049000         0.6000000000         0.5900075596         2.4266872699       -19.4681534068
        0.8403969000         0.6000000000         0.5951122133         2.3526828236       -19.3351787584
        0.8454274000         0.6000000000         0.5772459253         2.2608152351       -19.8005900279
        0.8504058000         0.6000000000         0.5900075596         2.1919145437       -19.4681534068
        0.8554191000         0.6000000000         0.5695889448         2.1230138523       -20.0000520006
        0.8604009000         0.6000000000         0.5976645402         2.0464575285       -19.2686914341
        0.8654060000         0.6000000000         0.5797982522         1.9596936949       -19.7341027037
        0.8703915000         0.6000000000         0.5772459253         1.8907930035       -19.8005900279
        0.8753998000         0.6000000000         0.5746935985         1.8167885572       -19.8670773522
        0.8804108000         0.6000000000         0.5925598865         1.7478878658       -19.4016660826
        0.8854141000         0.6000000000         0.5721412716         1.6662277871       -19.9335646764
        0.8904092000         0.6000000000         0.5925598865         1.5922233408       -19.4016660826
        0.8954140000         0.6000000000         0.5746935985         1.5131151396       -19.8670773522
        0.9003917000         0.6000000000         0.5746935985         1.4365588158       -19.8670773522
        0.9054090000         0.6000000000         0.5823505790         1.3676581244       -19.6676153795
        0.9103873000         0.6000000000         0.5772459253         1.2885499232       -19.8005900279
        0.9154166000         0.6000000000         0.5874552328         1.2145454769       -19.5346407310
        0.9204012000         0.6000000000         0.5849029059         1.1430929080       -19.6011280553
        0.9254191000         0.6000000000         0.5695889448         1.0614328293       -20.0000520006
        0.9303994000         0.6000000000         0.5746935985         0.9823246281       -19.8670773522
        0.9354744000         0.6000000000         0.5746935985         0.9108720593       -19.8670773522
        0.9403896000         0.6000000000         0.5874552328         0.8343157355       -19.5346407310
        0.9453948000         0.6000000000         0.5797982522         0.7654150441       -19.7341027037
        0.9504107000         0.6000000000         0.5849029059         0.6786512105       -19.6011280553
        0.9554186000         0.6000000000         0.5695889448         0.5969911318       -20.0000520006
        0.9603983000         0.6000000000         0.5695889448         0.5204348080       -20.0000520006
        0.9654116000         0.6000000000         0.5823505790         0.4464303617       -19.6676153795
        0.9703963000         0.6000000000         0.5797982522         0.3698740379       -19.7341027037
        0.9754103000         0.6000000000         0.5797982522         0.2958695916       -19.7341027037
        0.9803907000         0.6000000000         0.5874552328         0.2116576355       -19.5346407310
        0.9854604000         0.6000000000         0.5823505790         0.1274456793       -19.6676153795
        0.9903959000         0.6000000000         0.5772459253         0.0534412330       -19.8005900279
        0.9954141000         0.6000000000         0.5874552328        -0.0052519485       -19.5346407310
        1.0003920000         0.6000000000         0.5721412716        -0.0027000711       -19.9335646764
        1.0054002000         0.6000000000         0.5849029059         4.9964278711       -19.6011280553
        1.0103834000         0.6000000000         0.5721412716         5.0015316260       -19.9335646764
        1.0154236000         0.6000000000         0.5874552328         4.9760128515       -19.5346407310
        1.0203976000         0.6000000000         0.5849029059         4.8943527728       -19.6011280553
        1.0253852000         0.6000000000         0.5976645402         4.8152445715       -19.2686914341
        1.0303957000         0.6000000000         0.5695889448         4.7284807379       -20.0000520006
        1.0354062000         0.6000000000         0.5746935985         4.6417169043       -19.8670773522
        1.0404151000         0.6000000000         0.5823505790         4.5702643355       -19.6676153795
        1.0454196000         0.6000000000         0.5900075596         4.5013636441       -19.4681534068
        1.0504021000         0.6000000000         0.5849029059         4.4145998105       -19.6011280553
        1.0553942000         0.6000000000         0.5695889448         4.3303878543       -20.0000520006
        1.0604448000         0.6000000000         0.5900075596         4.2640390404       -19.4681534068
        1.0654051000         0.6000000000         0.5721412716         4.1772752068       -19.9335646764
        1.0704768000         0.6000000000         0.5874552328         4.1058226379       -19.5346407310
        1.0754049000         0.6000000000         0.5721412716         4.0292663142       -19.9335646764
        1.0803796000         0.6000000000         0.5695889448         3.9476062355       -20.0000520006
        1.0853919000         0.6000000000         0.5900075596         3.8889130539       -19.4681534068
        1.0903962000         0.6000000000         0.5797982522         3.7995973429       -19.7341027037
        1.0959281000         0.6000000000         0.5874552328         3.7281447740       -19.5346407310
        1.1004233000         0.6000000000         0.5619319642         3.6439328179       -20.1995139733
        1.1053974000         0.6000000000         0.5900075596         3.5750321265       -19.4681534068
        1.1104538000         0.6000000000         0.5746935985         3.5010276801       -19.8670773522
        1.1153945000         0.6000000000         0.5976645402         3.4168157240       -19.2686914341
        1.1204295000         0.6000000000         0.5772459253         3.3479150326       -19.8005900279
        1.1254090000         0.6000000000         0.5797982522         3.2662549539       -19.7341027037
        1.1303988000         0.6000000000         0.5695889448         3.1973542625       -20.0000520006
        1.1354032000         0.6000000000         0.5874552328         3.1156941838       -19.5346407310
        1.1404099000         0.6000000000         0.5823505790         3.0493453699       -19.6676153795
        1.1453953000         0.6000000000         0.5797982522         2.9727890461       -19.7341027037
        1.1503768000         0.6000000000         0.5925598865         2.8987845998       -19.4016660826
        1.1554056000         0.6000000000         0.5670366179         2.8222282761       -20.0665393249
        1.1604191000         0.6000000000         0.5900075596         2.7507757072       -19.4681534068
        1.1654038000         0.6000000000         0.5849029059         2.6716675060       -19.6011280553
        1.1704107000         0.6000000000         0.5951122133         2.6078705695       -19.3351787584
        1.1754008000         0.6000000000         0.5925598865         2.5287623683       -19.4016660826
        1.1804112000         0.6000000000         0.5772459253         2.4419985347       -19.8005900279
        1.1853916000         0.6000000000         0.5797982522         2.3756497207       -19.7341027037
        1.1904209000         0.6000000000         0.5797982522         2.2914377646       -19.7341027037
        1.1954058000         0.6000000000         0.5874552328         2.2225370732       -19.5346407310
        1.2003966000         0.6000000000         0.5849029059         2.1510845043       -19.6011280553
        1.2054027000         0.6000000000         0.5849029059         2.0719763031       -19.6011280553
        1.2104036000         0.6000000000         0.5593796373         1.9877643470       -20.2660012975
        1.2153914000         0.6000000000         0.5797982522         1.9112080232       -19.7341027037
        1.2204153000         0.6000000000         0.5772459253         1.8423073318       -19.8005900279
        1.2254119000         0.6000000000         0.5849029059         1.7734066404       -19.6011280553
        1.2304159000         0.6000000000         0.5721412716         1.6917465617       -19.9335646764
        1.2353971000         0.6000000000         0.5874552328         1.6279496252       -19.5346407310
        1.2404189000         0.6000000000         0.5721412716         1.5462895465       -19.9335646764
        1.2453998000         0.6000000000         0.5900075596         1.4697332228       -19.4681534068
        1.2504259000         0.6000000000         0.5772459253         1.3982806539       -19.8005900279
        1.2554094000         0.6000000000         0.5746935985         1.3166205752       -19.8670773522
        1.2604417000         0.6000000000         0.5849029059         1.2426161289       -19.6011280553
        1.2654235000         0.6000000000         0.5695889448         1.1635079277       -20.0000520006
        1.2704306000         0.6000000000         0.5823505790         1.0895034814       -19.6676153795
        1.2754229000         0.6000000000         0.5797982522         1.0231546675       -19.7341027037
        1.2803975000         0.6000000000         0.5797982522         0.9440464662       -19.7341027037
        1.2854104000         0.6000000000         0.5772459253         0.8674901425       -19.8005900279
        1.2904109000         0.6000000000         0.5721412716         0.7858300638       -19.9335646764
        1.2954021000         0.6000000000         0.5797982522         0.7016181076       -19.7341027037
        1.3004082000         0.6000000000         0.5695889448         0.6301655388       -20.0000520006
        1.3053995000         0.6000000000         0.5823505790         0.5536092150       -19.6676153795
        1.3105740000         0.6000000000         0.5746935985         0.4745010138       -19.8670773522
        1.3154170000         0.6000000000         0.5797982522         0.3928409351       -19.7341027037
        1.3203914000         0.6000000000         0.5670366179         0.3137327338       -20.0665393249
        1.3254097000         0.6000000000         0.5746935985         0.2320726552       -19.8670773522
        1.3304220000         0.6000000000         0.5721412716         0.1580682088       -19.9335646764
        1.3354063000         0.6000000000         0.5670366179         0.0764081302       -20.0665393249
        1.3404069000         0.6000000000         0.5849029059         0.0075074388       -19.6011280553
        1.3454466000         0.6000000000         0.5746935985        -0.0027000711       -19.8670773522
        1.3504217000         0.6000000000         0.5746935985         1.0997109912       -19.8670773522
        1.3554320000         0.6000000000         0.5746935985         5.0091872584       -19.8670773522
        1.3604415000         0.6000000000         0.5849029059         4.9964278711       -19.6011280553
        1.3654299000         0.6000000000         0.5823505790         4.9173196699       -19.6676153795
        1.3704571000         0.6000000000         0.5695889448         4.8280039588       -20.0000520006
        1.3754248000         0.6000000000         0.5797982522         4.7514476351       -19.7341027037
        1.3804328000         0.6000000000         0.5976645402         4.6697875564       -19.2686914341
        1.3854375000         0.6000000000         0.5772459253         4.5983349875       -19.8005900279
        1.3904255000         0.6000000000         0.5874552328         4.5166749088       -19.5346407310
        1.3954339000         0.6000000000         0.5849029059         4.4324629527       -19.6011280553
        1.4004303000         0.6000000000         0.5644842910         4.3482509965       -20.1330266491
        1.4054403000         0.6000000000         0.5721412716         4.2767984277       -19.9335646764
        1.4104550000         0.6000000000         0.5797982522         4.1976902265       -19.7341027037
        1.4154382000         0.6000000000         0.5695889448         4.1160301478       -20.0000520006
        1.4204497000         0.6000000000         0.5849029059         4.0445775789       -19.6011280553
        1.4254515000         0.6000000000         0.5797982522         3.9731250101       -19.7341027037
        1.4304406000         0.6000000000         0.5670366179         3.8914649314       -20.0665393249
        1.4354417000         0.6000000000         0.5849029059         3.8251161174       -19.6011280553
        1.4404609000         0.6000000000         0.5772459253         3.7460079162       -19.8005900279
        1.4454707000         0.6000000000         0.5772459253         3.6617959601       -19.8005900279
        1.4504530000         0.6000000000         0.5925598865         3.5903433912       -19.4016660826
        1.4554703000         0.6000000000         0.5721412716         3.5112351900       -19.9335646764
        1.4604698000         0.6000000000         0.5670366179         3.4321269888       -20.0665393249
        1.4654586000         0.6000000000         0.5925598865         3.3581225424       -19.4016660826
        1.4704587000         0.6000000000         0.5746935985         3.2790143412       -19.8670773522
        1.4754418000         0.6000000000         0.5772459253         3.1999061400       -19.8005900279
        1.4804539000         0.6000000000         0.5746935985         3.1284535711       -19.8670773522
        1.4854345000         0.6000000000         0.5695889448         3.0518972474       -20.0000520006
        1.4904362000         0.6000000000         0.5670366179         2.9829965560       -20.0665393249
        1.4957019000         0.6000000000         0.5925598865         2.9089921097       -19.4016660826
        1.5004439000         0.6000000000         0.5695889448         2.8324357859       -20.0000520006
        1.5054331000         0.6000000000         0.5772459253         2.7558794621       -19.8005900279
        1.5104273000         0.6000000000         0.5721412716         2.6818750158       -19.9335646764
        1.5154209000         0.6000000000         0.5721412716         2.6104224470       -19.9335646764
        1.5204353000         0.6000000000         0.5849029059         2.5287623683       -19.6011280553
        1.5254424000         0.6000000000         0.5849029059         2.4522060445       -19.6011280553
        1.5304152000         0.6000000000         0.5644842910         2.3833053531       -20.1330266491
        1.5354212000         0.6000000000         0.5772459253         2.3016452744       -19.8005900279
        1.5404010000         0.6000000000         0.5619319642         2.2276408281       -20.1995139733
        1.5454189000         0.6000000000         0.5823505790         2.1536363818       -19.6676153795
        1.5504033000         0.6000000000         0.5721412716         2.0694244256       -19.9335646764
        1.5554146000         0.6000000000         0.5619319642         1.9928681019       -20.1995139733
        1.5604693000         0.6000000000         0.5797982522         1.9188636556       -19.7341027037
        1.5657098000         0.6000000000         0.5721412716         1.8320998220       -19.9335646764
        1.5704315000         0.6000000000         0.5823505790         1.7708547629       -19.6676153795
        1.5754508000         0.6000000000         0.5849029059         1.6917465617       -19.6011280553
        1.5804094000         0.6000000000         0.5772459253         1.6228458703       -19.8005900279
        1.5854170000         0.6000000000         0.5721412716         1.5411857916       -19.9335646764
        1.5904039000         0.6000000000         0.5849029059         1.4671813453       -19.6011280553
        1.5954007000         0.6000000000         0.5746935985         1.3906250215       -19.8670773522
        1.6004125000         0.6000000000         0.5746935985         1.3166205752       -19.8670773522
        1.6054023000         0.6000000000         0.5721412716         1.2400642515       -19.9335646764
        1.6104117000         0.6000000000         0.5746935985         1.1584041728       -19.8670773522
        1.6153928000         0.6000000000         0.5772459253         1.0869516039       -19.8005900279
        1.6204288000         0.6000000000         0.5849029059         1.0052915252       -19.6011280553
        1.6255961000         0.6000000000         0.5644842910         0.9261833240       -20.1330266491
        1.6304297000         0.6000000000         0.5644842910         0.8470751228       -20.1330266491
        1.6353947000         0.6000000000         0.5644842910         0.7705187990       -20.1330266491
        1.6404110000         0.6000000000         0.5772459253         0.6965143527       -19.8005900279
        1.6453990000         0.6000000000         0.5670366179         0.6071986416       -20.0665393249
        1.6504232000         0.6000000000         0.5695889448         0.5408498277       -20.0000520006
        1.6554112000         0.6000000000         0.5593796373         0.4540859941       -20.2660012975
        1.6604270000         0.6000000000         0.5746935985         0.3877371802       -19.8670773522
        1.6654021000         0.6000000000         0.5721412716         0.3035252240       -19.9335646764
        1.6707165000         0.6000000000         0.5746935985         0.2193132679       -19.8670773522
        1.6755983000         0.6000000000         0.5695889448         0.1376531892       -20.0000520006
        1.6804225000         0.6000000000         0.5593796373         0.0610968654       -20.2660012975
        1.6854228000         0.6000000000         0.5874552328         0.0075074388       -19.5346407310
        1.6904186000         0.6000000000         0.5593796373         0.0024036839       -20.2660012975
        1.6953969000         0.6000000000         0.5823505790         4.9913241162       -19.6676153795
        1.7007869000         0.6000000000         0.5670366179         4.9964278711       -20.0665393249
        1.7053900000         0.6000000000         0.5670366179         4.9683572191       -20.0665393249
        1.7104288000         0.6000000000         0.5746935985         4.8969046502       -19.8670773522
        1.7154137000         0.6000000000         0.5797982522         4.8101408166       -19.7341027037
        1.7204192000         0.6000000000         0.5670366179         4.7259288605       -20.0665393249
        1.7254074000         0.6000000000         0.5746935985         4.6493725367       -19.8670773522
        1.7304181000         0.6000000000         0.5644842910         4.5677124580       -20.1330266491
        1.7353948000         0.6000000000         0.5695889448         4.4886042568       -20.0000520006
        1.7404080000         0.6000000000         0.5849029059         4.4094960556       -19.6011280553
        1.7454167000         0.6000000000         0.5746935985         4.3329397318       -19.8670773522
        1.7504200000         0.6000000000         0.5797982522         4.2538315306       -19.7341027037
        1.7554069000         0.6000000000         0.5644842910         4.1721714519       -20.1330266491
        1.7604205000         0.6000000000         0.5797982522         4.1058226379       -19.7341027037
        1.7658052000         0.6000000000         0.5746935985         4.0292663142       -19.8670773522
        1.7707468000         0.6000000000         0.5797982522         3.9450543580       -19.7341027037
        1.7756916000         0.6000000000         0.5772459253         3.8736017892       -19.8005900279
        1.7808841000         0.6000000000         0.5619319642         3.7842860781       -20.1995139733
        1.7856578000         0.6000000000         0.5746935985         3.7102816318       -19.8670773522
        1.7903946000         0.6000000000         0.5619319642         3.6362771855       -20.1995139733
        1.7954032000         0.6000000000         0.5951122133         3.5648246166       -19.3351787584
        1.8003987000         0.6000000000         0.5797982522         3.4959239252       -19.7341027037
        1.8054193000         0.6000000000         0.5568273105         3.4066082142       -20.3324886218
        1.8104542000         0.6000000000         0.5823505790         3.3377075228       -19.6676153795
        1.8154139000         0.6000000000         0.5849029059         3.2662549539       -19.6011280553
        1.8203975000         0.6000000000         0.5721412716         3.1922505076       -19.9335646764
        1.8254246000         0.6000000000         0.5695889448         3.1003829191       -20.0000520006
        1.8304152000         0.6000000000         0.5721412716         3.0263784728       -19.9335646764
        1.8354246000         0.6000000000         0.5542749836         2.9600296588       -20.3989759460
        1.8404022000         0.6000000000         0.5976645402         2.8885770900       -19.2686914341
        1.8454223000         0.6000000000         0.5568273105         2.8018132564       -20.3324886218
        1.8503965000         0.6000000000         0.5772459253         2.7303606875       -19.8005900279
        1.8554309000         0.6000000000         0.5721412716         2.6487006088       -19.9335646764
        1.8604081000         0.6000000000         0.5644842910         2.5823517949       -20.1330266491
        1.8654271000         0.6000000000         0.5797982522         2.5032435937       -19.7341027037
        1.8704297000         0.6000000000         0.5695889448         2.4292391474       -20.0000520006
        1.8754425000         0.6000000000         0.5695889448         2.3526828236       -20.0000520006
        1.8804994000         0.6000000000         0.5593796373         2.2710227449       -20.2660012975
        1.8855015000         0.6000000000         0.5823505790         2.2021220535       -19.6676153795
        1.8904620000         0.6000000000         0.5619319642         2.1153582199       -20.1995139733
        1.8954052000         0.6000000000         0.5772459253         2.0464575285       -19.8005900279
        1.9009178000         0.6000000000         0.5823505790         1.9647974498       -19.6676153795
        1.9055565000         0.6000000000         0.5644842910         1.8856892486       -20.1330266491
        1.9103967000         0.6000000000         0.5644842910         1.8116848023       -20.1330266491
        1.9154140000         0.6000000000         0.5772459253         1.7402322334       -19.8005900279
        1.9204164000         0.6000000000         0.5797982522         1.6713315420       -19.7341027037
        1.9254307000         0.6000000000         0.5746935985         1.5922233408       -19.8670773522
        1.9304067000         0.6000000000         0.5644842910         1.5156670170       -20.1330266491
        1.9354572000         0.6000000000         0.5644842910         1.4340069384       -20.1330266491
        1.9404026000         0.6000000000         0.5670366179         1.3574506146       -20.0665393249
        1.9454119000         0.6000000000         0.5695889448         1.2885499232       -20.0000520006
        1.9504239000         0.6000000000         0.5976645402         1.2119935994       -19.2686914341
        1.9554035000         0.6000000000         0.5466180030         1.1277816433       -20.5984379187
        1.9604157000         0.6000000000         0.5746935985         1.0563290744       -19.8670773522
        1.9654215000         0.6000000000         0.5874552328         0.9848765056       -19.5346407310
        1.9704038000         0.6000000000         0.5746935985         0.9083201818       -19.8670773522
        1.9754108000         0.6000000000         0.5619319642         0.8215563482       -20.1995139733
        1.9804200000         0.6000000000         0.5695889448         0.7450000244       -20.0000520006
        1.9854375000         0.6000000000         0.5772459253         0.6735474556       -19.8005900279
        1.9904135000         0.6000000000         0.5670366179         0.5918873769       -20.0665393249
        1.9954288000         0.6000000000         0.5721412716         0.5076754207       -19.9335646764
        2.0004088000         0.6000000000         0.5695889448         0.4311190970       -20.0000520006
        2.0054230000         0.6000000000         0.5644842910         0.3443552634       -20.1330266491
        2.0104053000         0.6000000000         0.5593796373         0.2626951847       -20.2660012975
        2.0154159000         0.6000000000         0.5823505790         0.1886907384       -19.6676153795
        2.0204135000         0.6000000000         0.5900075596         0.1146862920       -19.4681534068
        2.0254004000         0.6000000000         0.5695889448         0.0355780908       -20.0000520006
        2.0304080000         0.6000000000         0.5644842910         0.0024036839       -20.1330266491
        2.0354217000         0.6000000000         0.5593796373         1.1073666236       -20.2660012975
        2.0404090000         0.6000000000         0.5670366179         4.9964278711       -20.0665393249
        2.0454081000         0.6000000000         0.5721412716         5.0066353810       -19.9335646764
        2.0504012000         0.6000000000         0.5670366179         4.9402865670       -20.0665393249
        2.0554023000         0.6000000000         0.5644842910         4.8688339982       -20.1330266491
        2.0605104000         0.6000000000         0.5772459253         4.7820701646       -19.8005900279
        2.0654196000         0.6000000000         0.5644842910         4.6953063310       -20.1330266491
        2.0704151000         0.6000000000         0.5721412716         4.6161981297       -19.9335646764
        2.0755579000         0.6000000000         0.5772459253         4.5370899285       -19.8005900279
        2.0804014000         0.6000000000         0.5644842910         4.4554298498       -20.1330266491
        2.0854093000         0.6000000000         0.5644842910         4.3712178937       -20.1330266491
        2.0904149000         0.6000000000         0.6078738476         4.2946615699       -19.0027421372
        2.0954348000         0.6000000000         0.5772459253         4.2232090010       -19.8005900279
        2.1004038000         0.6000000000         0.5619319642         4.1364451674       -20.1995139733
        2.1054620000         0.6000000000         0.5797982522         4.0726482310       -19.7341027037
        2.1104019000         0.6000000000         0.5644842910         3.9858843974       -20.1330266491
        2.1154162000         0.6000000000         0.5797982522         3.9118799510       -19.7341027037
        2.1204214000         0.6000000000         0.5797982522         3.8302198724       -19.7341027037
        2.1254067000         0.6000000000         0.5670366179         3.7536635486       -20.0665393249
        2.1304198000         0.6000000000         0.5695889448         3.6847628572       -20.0000520006
        2.1354148000         0.6000000000         0.5746935985         3.6005509010       -19.8670773522
        2.1404067000         0.6000000000         0.5695889448         3.5265464547       -20.0000520006
        2.1454070000         0.6000000000         0.5849029059         3.4550938859       -19.6011280553
        2.1503962000         0.6000000000         0.5746935985         3.3785375621       -19.8670773522
        2.1554257000         0.6000000000         0.5670366179         3.3019812383       -20.0665393249
        2.1604111000         0.6000000000         0.5900075596         3.2254249146       -19.4681534068
        2.1654244000         0.6000000000         0.5695889448         3.1437648359       -20.0000520006
        2.1703978000         0.6000000000         0.5746935985         3.0697603896       -19.8670773522
        2.1754359000         0.6000000000         0.5721412716         3.0034115756       -19.9335646764
        2.1804188000         0.6000000000         0.5823505790         2.9268552519       -19.6676153795
        2.1854176000         0.6000000000         0.5797982522         2.8554026830       -19.7341027037
        2.1904118000         0.6000000000         0.5797982522         2.7737426043       -19.7341027037
        2.1954184000         0.6000000000         0.5695889448         2.6895306482       -20.0000520006
        2.2004052000         0.6000000000         0.5695889448         2.6155262019       -20.0000520006
        2.2054422000         0.6000000000         0.5746935985         2.5466255105       -19.8670773522
        2.2104002000         0.6000000000         0.5746935985         2.4751729416       -19.8670773522
        2.2155322000         0.6000000000         0.5695889448         2.3884091080       -20.0000520006
        2.2203881000         0.6000000000         0.5823505790         2.3169565392       -19.6676153795
        2.2254182000         0.6000000000         0.5593796373         2.2352964605       -20.2660012975
        2.2304046000         0.6000000000         0.5746935985         2.1638438916       -19.8670773522
        2.2354209000         0.6000000000         0.5746935985         2.0872875679       -19.8670773522
        2.2403939000         0.6000000000         0.5721412716         2.0107312441       -19.9335646764
        2.2454042000         0.6000000000         0.5797982522         1.9316230429       -19.7341027037
        2.2504132000         0.6000000000         0.5695889448         1.8627223515       -20.0000520006
        2.2554301000         0.6000000000         0.5721412716         1.7963735375       -19.9335646764
        2.2604117000         0.6000000000         0.5797982522         1.7172653363       -19.7341027037
        2.2654219000         0.6000000000         0.5670366179         1.6330533802       -20.0665393249
        2.2704007000         0.6000000000         0.5772459253         1.5616008113       -19.8005900279
        2.2754358000         0.6000000000         0.5695889448         1.4773888552       -20.0000520006
        2.2804120000         0.6000000000         0.5670366179         1.4084881638       -20.0665393249
        2.2854153000         0.6000000000         0.5772459253         1.3370355949       -19.8005900279
        2.2904540000         0.6000000000         0.5746935985         1.2502717613       -19.8670773522
        2.2954213000         0.6000000000         0.5721412716         1.1788191925       -19.9335646764
        2.3004056000         0.6000000000         0.5619319642         1.1048147461       -20.1995139733
        2.3054133000         0.6000000000         0.5695889448         1.0257065449       -20.0000520006
        2.3104501000         0.6000000000         0.5644842910         0.9465983437       -20.1330266491
        2.3156196000         0.6000000000         0.5721412716         0.8725938974       -19.9335646764
        2.3204189000         0.6000000000         0.5619319642         0.7934856961       -20.1995139733
        2.3254212000         0.6000000000         0.5772459253         0.7194812498       -19.8005900279
        2.3303996000         0.6000000000         0.5695889448         0.6403730486       -20.0000520006
        2.3354116000         0.6000000000         0.5644842910         0.5561610925       -20.1330266491
        2.3404225000         0.6000000000         0.5619319642         0.4719491363       -20.1995139733
        2.3454210000         0.6000000000         0.5670366179         0.3928409351       -20.0665393249
        2.3504101000         0.6000000000         0.5670366179         0.3264921211       -20.0665393249
        2.3554440000         0.6000000000         0.5542749836         0.2320726552       -20.3989759460
        2.3604325000         0.6000000000         0.5644842910         0.1478606990       -20.1330266491
        2.3654139000         0.6000000000         0.5619319642         0.0713043752       -20.1995139733
        2.3703963000         0.6000000000         0.5644842910        -0.0052519485       -20.1330266491
        2.3755046000         0.6000000000         0.5593796373         0.0049555613       -20.2660012975
        2.3804636000         0.6000000000         0.5695889448         1.1150222560       -20.0000520006
        2.3854844000         0.6000000000         0.5568273105         5.0015316260       -20.3324886218
        2.3904147000         0.6000000000         0.5695889448         4.9887722387       -20.0000520006
        2.3954908000         0.6000000000         0.5797982522         4.9122159150       -19.7341027037
        2.4004012000         0.6000000000         0.5797982522         4.8331077137       -19.7341027037
        2.4054103000         0.6000000000         0.5619319642         4.7386882478       -20.1995139733
        2.4103912000         0.6000000000         0.5670366179         4.6621319240       -20.0665393249
        2.4154301000         0.6000000000         0.5721412716         4.5728162129       -19.9335646764
        2.4203833000         0.6000000000         0.5644842910         4.4988117666       -20.1330266491
        2.4254242000         0.6000000000         0.5721412716         4.4248073203       -19.9335646764
        2.4304027000         0.6000000000         0.5491703299         4.3380434867       -20.5319505944
        2.4354451000         0.6000000000         0.5797982522         4.2716946728       -19.7341027037
        2.4404006000         0.6000000000         0.5746935985         4.1925864715       -19.8670773522
        2.4454240000         0.6000000000         0.5746935985         4.1083745154       -19.8670773522
        2.4503924000         0.6000000000         0.5644842910         4.0267144367       -20.1330266491
        2.4554076000         0.6000000000         0.5823505790         3.9654693777       -19.6676153795
        2.4604057000         0.6000000000         0.5644842910         3.8787055441       -20.1330266491
        2.4654153000         0.6000000000         0.5874552328         3.8149086076       -19.5346407310
        2.4703997000         0.6000000000         0.5797982522         3.7306966515       -19.7341027037
        2.4754091000         0.6000000000         0.5670366179         3.6515884502       -20.0665393249
        2.4804141000         0.6000000000         0.5797982522         3.5750321265       -19.7341027037
        2.4854259000         0.6000000000         0.5900075596         3.5010276801       -19.4681534068
        2.4904064000         0.6000000000         0.5797982522         3.4270232338       -19.7341027037
        2.4954082000         0.6000000000         0.5772459253         3.3402594002       -19.8005900279
        2.5004010000         0.6000000000         0.5644842910         3.2713587088       -20.1330266491
        2.5054092000         0.6000000000         0.5695889448         3.1922505076       -20.0000520006
        2.5103933000         0.6000000000         0.5823505790         3.1156941838       -19.6676153795
        2.5154188000         0.6000000000         0.5797982522         3.0416897375       -19.7341027037
        2.5205861000         0.6000000000         0.5619319642         2.9727890461       -20.1995139733
        2.5254128000         0.6000000000         0.5721412716         2.8860252125       -19.9335646764
        2.5304007000         0.6000000000         0.5542749836         2.8094688888       -20.3989759460
        2.5354295000         0.6000000000         0.5797982522         2.7431200748       -19.7341027037
        2.5403865000         0.6000000000         0.5721412716         2.6589081187       -19.9335646764
        2.5454264000         0.6000000000         0.5670366179         2.5874555498       -20.0665393249
        2.5504116000         0.6000000000         0.5772459253         2.5134511035       -19.8005900279
        2.5554181000         0.6000000000         0.5619319642         2.4317910248       -20.1995139733
        2.5604385000         0.6000000000         0.5695889448         2.3603384560       -20.0000520006
        2.5654154000         0.6000000000         0.5772459253         2.2863340097       -19.8005900279
        2.5704295000         0.6000000000         0.5644842910         2.2021220535       -20.1330266491
        2.5754399000         0.6000000000         0.5542749836         2.1255657297       -20.3989759460
        2.5804310000         0.6000000000         0.5797982522         2.0592169158       -19.7341027037
        2.5854126000         0.6000000000         0.5593796373         1.9724530822       -20.2660012975
        2.5903997000         0.6000000000         0.5823505790         1.8984486359       -19.6676153795
        2.5955736000         0.6000000000         0.5670366179         1.8269960670       -20.0665393249
        2.6005428000         0.6000000000         0.5746935985         1.7504397433       -19.8670773522
        2.6054022000         0.6000000000         0.5644842910         1.6764352970       -20.1330266491
        2.6104051000         0.6000000000         0.5568273105         1.5947752183       -20.3324886218
        2.6154406000         0.6000000000         0.5721412716         1.5156670170       -19.9335646764
        2.6204110000         0.6000000000         0.5746935985         1.4493182031       -19.8670773522
        2.6254217000         0.6000000000         0.5900075596         1.3727618793       -19.4681534068
        2.6304030000         0.6000000000         0.5517226568         1.2885499232       -20.4654632702
        2.6354088000         0.6000000000         0.5695889448         1.2196492318       -20.0000520006
        2.6403896000         0.6000000000         0.5695889448         1.1430929080       -20.0000520006
        2.6454264000         0.6000000000         0.5695889448         1.0716403392       -20.0000520006
        2.6503844000         0.6000000000         0.5670366179         0.9848765056       -20.0665393249
        2.6554222000         0.6000000000         0.5593796373         0.9057683043       -20.2660012975
        2.6604180000         0.6000000000         0.5670366179         0.8292119806       -20.0665393249
        2.6654197000         0.6000000000         0.5670366179         0.7475519019       -20.0665393249
        2.6704104000         0.6000000000         0.5695889448         0.6735474556       -20.0000520006
        2.6754302000         0.6000000000         0.5695889448         0.5995430093       -20.0000520006
        2.6804872000         0.6000000000         0.5695889448         0.5127791757       -20.0000520006
        2.6854357000         0.6000000000         0.5568273105         0.4311190970       -20.3324886218
        2.6904119000         0.6000000000         0.5951122133         0.3571146507       -19.3351787584
        2.6954766000         0.6000000000         0.5593796373         0.2831102043       -20.2660012975
        2.7004235000         0.6000000000         0.5670366179         0.1886907384       -20.0665393249
        2.7054282000         0.6000000000         0.5568273105         0.1070306597       -20.3324886218
        2.7104416000         0.6000000000         0.5619319642         0.0253705810       -20.1995139733
        2.7154550000         0.6000000000         0.5695889448        -0.0001481936       -20.0000520006
        2.7204414000         0.6000000000         0.5619319642         1.1073666236       -20.1995139733
        2.7254571000         0.6000000000         0.5721412716         5.0117391359       -19.9335646764
        2.7304220000         0.6000000000         0.5797982522         5.0117391359       -19.7341027037
        2.7354048000         0.6000000000         0.5670366179         4.9479421994       -20.0665393249
        2.7404147000         0.6000000000         0.5695889448         4.8662821207       -20.0000520006
        2.7453978000         0.6000000000         0.5721412716         4.7744145322       -19.9335646764
        2.7504092000         0.6000000000         0.5491703299         4.6978582084       -20.5319505944
        2.7553867000         0.6000000000         0.5695889448         4.6213018847       -20.0000520006
        2.7604256000         0.6000000000         0.5670366179         4.5345380510       -20.0665393249
        2.7654083000         0.6000000000         0.5695889448         4.4554298498       -20.0000520006
        2.7703976000         0.6000000000         0.5619319642         4.3763216486       -20.1995139733
        2.7754029000         0.6000000000         0.5746935985         4.3048690797       -19.8670773522
        2.7804152000         0.6000000000         0.5797982522         4.2359683883       -19.7341027037
        2.7855847000         0.6000000000         0.5644842910         4.1492045547       -20.1330266491
        2.7905374000         0.6000000000         0.5849029059         4.0700963535       -19.6011280553
        2.7954033000         0.6000000000         0.5644842910         3.9960919072       -20.1330266491
        2.8004109000         0.6000000000         0.5772459253         3.9246393383       -19.8005900279
        2.8054224000         0.6000000000         0.5797982522         3.8480830146       -19.7341027037
        2.8105197000         0.6000000000         0.5797982522         3.7638710584       -19.7341027037
        2.8155416000         0.6000000000         0.5695889448         3.6873147347       -20.0000520006
        2.8204193000         0.6000000000         0.5695889448         3.6031027785       -20.0000520006
        2.8253802000         0.6000000000         0.5695889448         3.5367539646       -20.0000520006
        2.8303906000         0.6000000000         0.5797982522         3.4653013957       -19.7341027037
        2.8354004000         0.6000000000         0.5823505790         3.3887450720       -19.6676153795
        2.8404033000         0.6000000000         0.5849029059         3.3096368707       -19.6011280553
        2.8453887000         0.6000000000         0.5721412716         3.2330805470       -19.9335646764
        2.8504395000         0.6000000000         0.5695889448         3.1565242232       -20.0000520006
        2.8554078000         0.6000000000         0.5670366179         3.0799678994       -20.0665393249
        2.8604187000         0.6000000000         0.5721412716         3.0008596982       -19.9335646764
        2.8653925000         0.6000000000         0.5695889448         2.9191996195       -20.0000520006
        2.8704055000         0.6000000000         0.5695889448         2.8528508056       -20.0000520006
        2.8754242000         0.6000000000         0.5695889448         2.7737426043       -20.0000520006
        2.8804041000         0.6000000000         0.5772459253         2.7048419129       -19.8005900279
        2.8856305000         0.6000000000         0.5900075596         2.6282855892       -19.4681534068
        2.8904184000         0.6000000000         0.5695889448         2.5415217556       -20.0000520006
        2.8953999000         0.6000000000         0.5721412716         2.4649654318       -19.9335646764
        2.9004417000         0.6000000000         0.5721412716         2.4011684953       -19.9335646764
        2.9053991000         0.6000000000         0.5823505790         2.3195084166       -19.6676153795
        2.9104242000         0.6000000000         0.5670366179         2.2429520929       -20.0665393249
        2.9155436000         0.6000000000         0.5746935985         2.1612920142       -19.8670773522
        2.9205430000         0.6000000000         0.5695889448         2.0923913228       -20.0000520006
        2.9253992000         0.6000000000         0.5670366179         2.0107312441       -20.0665393249
        2.9304242000         0.6000000000         0.5721412716         1.9367267978       -19.9335646764
        2.9354488000         0.6000000000         0.5772459253         1.8652742289       -19.8005900279
        2.9404300000         0.6000000000         0.5797982522         1.7836141502       -19.7341027037
        2.9454149000         0.6000000000         0.5695889448         1.7147134588       -20.0000520006
        2.9504270000         0.6000000000         0.5542749836         1.6279496252       -20.3989759460
        2.9554038000         0.6000000000         0.5593796373         1.5539451789       -20.2660012975
        2.9604214000         0.6000000000         0.5721412716         1.4850444875       -19.9335646764
        2.9654010000         0.6000000000         0.5644842910         1.4033844088       -20.1330266491
        2.9704172000         0.6000000000         0.5695889448         1.3268280851       -20.0000520006
        2.9754136000         0.6000000000         0.5644842910         1.2528236388       -20.1330266491
        2.9804009000         0.6000000000         0.5721412716         1.1660598052       -19.9335646764
        2.9854134000         0.6000000000         0.5670366179         1.0997109912       -20.0665393249
        2.9904270000         0.6000000000         0.5874552328         1.0282584224       -19.5346407310
        2.9954020000         0.6000000000         0.5721412716         0.9440464662       -19.9335646764
        3.0004204000         0.6000000000         0.5823505790         0.8725938974       -19.6676153795
        3.0054269000         0.6000000000         0.5644842910         0.7858300638       -20.1330266491
        3.0104315000         0.6000000000         0.5772459253         0.7041699851       -19.8005900279
        3.0154720000         0.6000000000         0.5695889448         0.6276136613       -20.0000520006
        3.0204212000         0.6000000000         0.5644842910         0.5536092150       -20.1330266491
        3.0254530000         0.6000000000         0.5721412716         0.4745010138       -19.9335646764
        3.0304511000         0.6000000000         0.5823505790         0.4030484449       -19.6676153795
        3.0353971000         0.6000000000         0.5772459253         0.3213883662       -19.8005900279
        3.0404095000         0.6000000000         0.5695889448         0.2397282875       -20.0000520006
        3.0453949000         0.6000000000         0.5670366179         0.1555163314       -20.0665393249
        3.0504306000         0.6000000000         0.5695889448         0.0764081302       -20.0000520006
        3.0554130000         0.6000000000         0.5772459253         0.0049555613       -19.8005900279
        3.0604065000         0.6000000000         0.5721412716         0.0075074388       -19.9335646764
        3.0653949000         0.6000000000         0.5797982522         1.1124703785       -19.7341027037
        3.0704103000         0.6000000000         0.5695889448         5.0091872584       -20.0000520006
        3.0754109000         0.6000000000         0.5644842910         4.9811166064       -20.1330266491
        3.0804037000         0.6000000000         0.5670366179         4.9020084051       -20.0665393249
        3.0854085000         0.6000000000         0.5695889448         4.8254520814       -20.0000520006
        3.0904223000         0.6000000000         0.5823505790         4.7514476351       -19.6676153795
        3.0954007000         0.6000000000         0.5695889448         4.6646838015       -20.0000520006
        3.1007765000         0.6000000000         0.5746935985         4.5881274777       -19.8670773522
        3.1055840000         0.6000000000         0.5695889448         4.4937080117       -20.0000520006
        3.1104358000         0.6000000000         0.5772459253         4.4248073203       -19.8005900279
        3.1153854000         0.6000000000         0.5772459253         4.3533547515       -19.8005900279
        3.1204290000         0.6000000000         0.5976645402         4.2742465502       -19.2686914341
        3.1254220000         0.6000000000         0.5644842910         4.1849308392       -20.1330266491
        3.1304025000         0.6000000000         0.5772459253         4.1211339027       -19.8005900279
        3.1354187000         0.6000000000         0.5797982522         4.0394738240       -19.7341027037
        3.1404012000         0.6000000000         0.5644842910         3.9552618679       -20.1330266491
        3.1454071000         0.6000000000         0.5797982522         3.8889130539       -19.7341027037
        3.1504174000         0.6000000000         0.5670366179         3.8098048527       -20.0665393249
        3.1554002000         0.6000000000         0.5746935985         3.7332485289       -19.8670773522
        3.1604112000         0.6000000000         0.5593796373         3.6490365728       -20.2660012975
        3.1654024000         0.6000000000         0.5900075596         3.5699283715       -19.4681534068
        3.1704059000         0.6000000000         0.5695889448         3.5061314351       -20.0000520006
        3.1753906000         0.6000000000         0.5542749836         3.4193676015       -20.3989759460
        3.1804240000         0.6000000000         0.5849029059         3.3530187875       -19.6011280553
        3.1853899000         0.6000000000         0.5772459253         3.2790143412       -19.8005900279
        3.1904139000         0.6000000000         0.5772459253         3.1948023851       -19.8005900279
        3.1955373000         0.6000000000         0.5797982522         3.1259016937       -19.7341027037
        3.2004105000         0.6000000000         0.5695889448         3.0442416150       -20.0000520006
        3.2055740000         0.6000000000         0.5746935985         2.9753409236       -19.8670773522
        3.2103925000         0.6000000000         0.5849029059         2.8936808449       -19.6011280553
        3.2154069000         0.6000000000         0.5695889448         2.8171245211       -20.0000520006
        3.2204252000         0.6000000000         0.5670366179         2.7380163199       -20.0665393249
        3.2253937000         0.6000000000         0.5670366179         2.6614599961       -20.0665393249
        3.2304043000         0.6000000000         0.5695889448         2.5925593047       -20.0000520006
        3.2355372000         0.6000000000         0.5797982522         2.5160029810       -19.7341027037
        3.2404055000         0.6000000000         0.5772459253         2.4496541670       -19.8005900279
        3.2454114000         0.6000000000         0.5695889448         2.3628903334       -20.0000520006
        3.2504170000         0.6000000000         0.5568273105         2.2786783773       -20.3324886218
        3.2554256000         0.6000000000         0.5772459253         2.2148814408       -19.8005900279
        3.2603848000         0.6000000000         0.5797982522         2.1357732396       -19.7341027037
        3.2654035000         0.6000000000         0.5746935985         2.0617687933       -19.8670773522
        3.2704270000         0.6000000000         0.5644842910         1.9750049597       -20.1330266491
        3.2753921000         0.6000000000         0.5772459253         1.9086561457       -19.8005900279
        3.2804229000         0.6000000000         0.5695889448         1.8244441896       -20.0000520006
        3.2854031000         0.6000000000         0.5670366179         1.7478878658       -20.0665393249
        3.2904157000         0.6000000000         0.5721412716         1.6789871744       -19.9335646764
        3.2958607000         0.6000000000         0.5695889448         1.5947752183       -20.0000520006
        3.3004285000         0.6000000000         0.5695889448         1.5207707720       -20.0000520006
        3.3054231000         0.6000000000         0.5619319642         1.4493182031       -20.1995139733
        3.3103982000         0.6000000000         0.5823505790         1.3829693892       -19.6676153795
        3.3154096000         0.6000000000         0.5568273105         1.2911018006       -20.3324886218
        3.3204286000         0.6000000000         0.5900075596         1.2273048642       -19.4681534068
        3.3254268000         0.6000000000         0.5517226568         1.1456447855       -20.4654632702
        3.3304295000         0.6000000000         0.5644842910         1.0639847068       -20.1330266491
        3.3354444000         0.6000000000         0.5849029059         0.9925321379       -19.6011280553
        3.3404083000         0.6000000000         0.5644842910         0.9108720593       -20.1330266491
        3.3454131000         0.6000000000         0.5644842910         0.8317638580       -20.1330266491
        3.3504411000         0.6000000000         0.5644842910         0.7654150441       -20.1330266491
        3.3554014000         0.6000000000         0.5823505790         0.6863068429       -19.6676153795
        3.3604114000         0.6000000000         0.5721412716         0.6020948867       -19.9335646764
        3.3653992000         0.6000000000         0.5670366179         0.5255385629       -20.0665393249
        3.3704215000         0.6000000000         0.5644842910         0.4438784843       -20.1330266491
        3.3754126000         0.6000000000         0.5644842910         0.3622184056       -20.1330266491
        3.3804255000         0.6000000000         0.5644842910         0.2805583269       -20.1330266491
        3.3854107000         0.6000000000         0.5670366179         0.1988982482       -20.0665393249
        3.3904363000         0.6000000000         0.5721412716         0.1274456793       -19.9335646764
        3.3954006000         0.6000000000         0.5568273105         0.0432337232       -20.3324886218
        3.4004002000         0.6000000000         0.6155308282         0.0024036839       -18.8032801645
        3.4054191000         0.6000000000         0.5517226568         0.0024036839       -20.4654632702
        3.4104482000         0.6000000000         0.5772459253         5.0091872584       -19.8005900279
        3.4154105000         0.6000000000         0.5670366179         5.0040835035       -20.0665393249
        3.4204119000         0.6000000000         0.5670366179         4.9530459543       -20.0665393249
        3.4254223000         0.6000000000         0.5568273105         4.8713858756       -20.3324886218
        3.4304146000         0.6000000000         0.5823505790         4.7973814293       -19.6676153795
        3.4354049000         0.6000000000         0.5695889448         4.7004100859       -20.0000520006
        3.4404292000         0.6000000000         0.5695889448         4.6340612719       -20.0000520006
        3.4454076000         0.6000000000         0.5695889448         4.5447455609       -20.0000520006
        3.4504376000         0.6000000000         0.5695889448         4.4656373597       -20.0000520006
        3.4553998000         0.6000000000         0.5644842910         4.3890810359       -20.1330266491
        3.4604116000         0.6000000000         0.5797982522         4.3150765896       -19.7341027037
        3.4653995000         0.6000000000         0.5772459253         4.2308646334       -19.8005900279
        3.4704144000         0.6000000000         0.5721412716         4.1492045547       -19.9335646764
        3.4754120000         0.6000000000         0.5772459253         4.0777519859       -19.8005900279
        3.4804396000         0.6000000000         0.5517226568         3.9986437847       -20.4654632702
        3.4854034000         0.6000000000         0.5772459253         3.9144318285       -19.8005900279
        3.4904111000         0.6000000000         0.5823505790         3.8404273822       -19.6676153795
        3.4953993000         0.6000000000         0.5695889448         3.7766304457       -20.0000520006
        3.5004514000         0.6000000000         0.5619319642         3.6924184896       -20.1995139733
        3.5054179000         0.6000000000         0.5721412716         3.6082065334       -19.9335646764
        3.5104235000         0.6000000000         0.5721412716         3.5393058420       -19.9335646764
        3.5154047000         0.6000000000         0.5746935985         3.4627495183       -19.8670773522
        3.5204156000         0.6000000000         0.5772459253         3.3836413170       -19.8005900279
        3.5253947000         0.6000000000         0.5593796373         3.3045331158       -20.2660012975
        3.5304324000         0.6000000000         0.5900075596         3.2305286695       -19.4681534068
        3.5354168000         0.6000000000         0.5670366179         3.1514204683       -20.0665393249
        3.5404231000         0.6000000000         0.5797982522         3.0774160220       -19.7341027037
        3.5454731000         0.6000000000         0.5874552328         3.0059634531       -19.5346407310
        3.5504118000         0.6000000000         0.5721412716         2.9268552519       -19.9335646764
        3.5554056000         0.6000000000         0.5619319642         2.8502989281       -20.1995139733
        3.5604417000         0.6000000000         0.5900075596         2.7890538691       -19.4681534068
        3.5654222000         0.6000000000         0.5849029059         2.7124975453       -19.6011280553
        3.5704284000         0.6000000000         0.5746935985         2.6308374666       -19.8670773522
        3.5754148000         0.6000000000         0.5721412716         2.5568330203       -19.9335646764
        3.5804262000         0.6000000000         0.5695889448         2.4726210642       -20.0000520006
        3.5854286000         0.6000000000         0.5823505790         2.4037203728       -19.6676153795
        3.5904155000         0.6000000000         0.5619319642         2.3220602941       -20.1995139733
        3.5954141000         0.6000000000         0.5746935985         2.2531596027       -19.8670773522
        3.6004241000         0.6000000000         0.5670366179         2.1689476465       -20.0665393249
        3.6054099000         0.6000000000         0.5797982522         2.0974950777       -19.7341027037
        3.6103993000         0.6000000000         0.5746935985         2.0209387539       -19.8670773522
        3.6154106000         0.6000000000         0.5644842910         1.9418305527       -20.1330266491
        3.6204107000         0.6000000000         0.5619319642         1.8627223515       -20.1995139733
        3.6254238000         0.6000000000         0.5670366179         1.7887179052       -20.0665393249
        3.6304338000         0.6000000000         0.5772459253         1.7223690912       -19.8005900279
        3.6355202000         0.6000000000         0.5670366179         1.6458127674       -20.0665393249
        3.6405314000         0.6000000000         0.5695889448         1.5667045662       -20.0000520006
        3.6457023000         0.6000000000         0.5721412716         1.4850444875       -19.9335646764
        3.6504204000         0.6000000000         0.5695889448         1.4212475511       -20.0000520006
        3.6554014000         0.6000000000         0.5721412716         1.3421393498       -19.9335646764
        3.6604091000         0.6000000000         0.5797982522         1.2579273937       -19.7341027037
        3.6654222000         0.6000000000         0.5593796373         1.1788191925       -20.2660012975
        3.6703998000         0.6000000000         0.5644842910         1.1022628687       -20.1330266491
        3.6754119000         0.6000000000         0.5619319642         1.0333621773       -20.1995139733
        3.6804239000         0.6000000000         0.5772459253         0.9568058535       -19.8005900279
        3.6854159000         0.6000000000         0.5746935985         0.8776976523       -19.8670773522
        3.6904370000         0.6000000000         0.5517226568         0.7909338187       -20.4654632702
        3.6954179000         0.6000000000         0.5695889448         0.7169293724       -20.0000520006
        3.7004035000         0.6000000000         0.5466180030         0.6352692937       -20.5984379187
        3.7054083000         0.6000000000         0.5849029059         0.5638167248       -19.6011280553
        3.7104258000         0.6000000000         0.5721412716         0.4872604011       -19.9335646764
        3.7154036000         0.6000000000         0.5823505790         0.4107040773       -19.6676153795
        3.7204156000         0.6000000000         0.5568273105         0.3239402437       -20.3324886218
        3.7253949000         0.6000000000         0.5746935985         0.2422801650       -19.8670773522
        3.7304083000         0.6000000000         0.5644842910         0.1580682088       -20.1330266491
        3.7354105000         0.6000000000         0.5721412716         0.0840637625       -19.9335646764
        3.7404934000         0.6000000000         0.5746935985         0.0049555613       -19.8670773522
        3.7456143000         0.6000000000         0.5568273105        -0.0001481936       -20.3324886218
        3.7505271000         0.6000000000         0.5644842910         1.1099185011       -20.1330266491
        3.7553961000         0.6000000000         0.5670366179         5.0015316260       -20.0665393249
        3.7604119000         0.6000000000         0.5823505790         4.9989797486       -19.6676153795
        3.7653889000         0.6000000000         0.5644842910         4.9147677924       -20.1330266491
        3.7704219000         0.6000000000         0.5925598865         4.8356595912       -19.4016660826
        3.7754072000         0.6000000000         0.5695889448         4.7514476351       -20.0000520006
        3.7804219000         0.6000000000         0.5695889448         4.6697875564       -20.0000520006
        3.7854028000         0.6000000000         0.5797982522         4.5881274777       -19.7341027037
        3.7904121000         0.6000000000         0.5695889448         4.5090192765       -20.0000520006
        3.7953925000         0.6000000000         0.5695889448         4.4299110752       -20.0000520006
        3.8004305000         0.6000000000         0.5644842910         4.3559066289       -20.1330266491
        3.8054143000         0.6000000000         0.5772459253         4.2691427953       -19.8005900279
        3.8104149000         0.6000000000         0.5644842910         4.1951383490       -20.1330266491
        3.8154241000         0.6000000000         0.5695889448         4.1160301478       -20.0000520006
        3.8204139000         0.6000000000         0.5568273105         4.0343700691       -20.3324886218
        3.8254616000         0.6000000000         0.5721412716         3.9629175002       -19.9335646764
        3.8304017000         0.6000000000         0.5670366179         3.8889130539       -20.0665393249
        3.8354238000         0.6000000000         0.5823505790         3.8123567301       -19.6676153795
        3.8404447000         0.6000000000         0.6155308282         3.7306966515       -18.8032801645
        3.8454370000         0.6000000000         0.5670366179         3.6515884502       -20.0665393249
        3.8505324000         0.6000000000         0.5670366179         3.5699283715       -20.0665393249
        3.8554430000         0.6000000000         0.5695889448         3.5010276801       -20.0000520006
        3.8605357000         0.6000000000         0.5644842910         3.4219194789       -20.1330266491
        3.8654477000         0.6000000000         0.5823505790         3.3428112777       -19.6676153795
        3.8705335000         0.6000000000         0.5644842910         3.2713587088       -20.1330266491
        3.8754303000         0.6000000000         0.5695889448         3.1896986301       -20.0000520006
        3.8804163000         0.6000000000         0.5823505790         3.1207979388       -19.6676153795
        3.8854242000         0.6000000000         0.5874552328         3.0518972474       -19.5346407310
        3.8904326000         0.6000000000         0.5619319642         2.9702371687       -20.1995139733
        3.8954396000         0.6000000000         0.5772459253         2.8936808449       -19.8005900279
        3.9004211000         0.6000000000         0.5568273105         2.8196763986       -20.3324886218
        3.9054336000         0.6000000000         0.5823505790         2.7380163199       -19.6676153795
        3.9104405000         0.6000000000         0.5746935985         2.6691156285       -19.8670773522
        3.9154296000         0.6000000000         0.5721412716         2.5925593047       -19.9335646764
        3.9204358000         0.6000000000         0.5721412716         2.5236586133       -19.9335646764
        3.9258835000         0.6000000000         0.5849029059         2.4343429023       -19.6011280553
        3.9304324000         0.6000000000         0.5695889448         2.3603384560       -20.0000520006
        3.9355257000         0.6000000000         0.5849029059         2.2837821322       -19.6011280553
        3.9404427000         0.6000000000         0.5644842910         2.2072258084       -20.1330266491
        3.9454235000         0.6000000000         0.5593796373         2.1306694847       -20.2660012975
        3.9504383000         0.6000000000         0.5772459253         2.0592169158       -19.8005900279
        3.9554417000         0.6000000000         0.5797982522         1.9903162244       -19.7341027037
        3.9604328000         0.6000000000         0.5644842910         1.9061042683       -20.1330266491
        3.9654293000         0.6000000000         0.5772459253         1.8320998220       -19.8005900279
        3.9704494000         0.6000000000         0.5619319642         1.7555434982       -20.1995139733
        3.9754161000         0.6000000000         0.5874552328         1.6866428068       -19.5346407310
        3.9804342000         0.6000000000         0.5721412716         1.6075346056       -19.9335646764
        3.9854031000         0.6000000000         0.5874552328         1.5386339142       -19.5346407310
        3.9904261000         0.6000000000         0.5644842910         1.4493182031       -20.1330266491
        3.9954185000         0.6000000000         0.5721412716         1.3727618793       -19.9335646764
        4.0004259000         0.6000000000         0.5619319642         1.3064130654       -20.1995139733
