% Sweep Step 144/200  Vcmd=0.9000V  CCW 
% Vg_offset=1.337354V  K_gimbal=26.049690

Time[s]              Vcmd[V]              Vg_raw[V]            Pot[V]             Omega[rad/s]
        0.0016128000         0.9000000000         1.3429439823         0.1274456793         0.1456072401
        0.0054547000         0.9000000000         1.3403916554         0.1248938019         0.0791199158
        0.0104355000         0.9000000000         1.3378393285         0.1274456793         0.0126325916
        0.0154167000         0.9000000000         1.2816881377         0.1223419244        -1.4500885414
        0.0204236000         0.9000000000         0.9932752029         0.1044787822        -8.9631561790
        0.0254348000         0.9000000000         1.0902636235         0.0636487429        -6.4366378584
        0.0304117000         0.9000000000         1.0034845104         0.0355780908        -8.6972068821
        0.0354194000         0.9000000000         1.0034845104         0.0075074388        -8.6972068821
        0.0404010000         0.9000000000         0.9269147047        -0.0001481936       -10.6918266089
        0.0454118000         0.9000000000         0.9703042612        -0.0052519485        -9.5615420970
        0.0503939000         0.9000000000         0.9039437630         0.0024036839       -11.2902125269
        0.0557271000         0.9000000000         0.8886298018         1.1226778884       -11.6891364723
        0.0604137000         0.9000000000         0.8962867824         5.0040835035       -11.4896744996
        0.0654199000         0.9000000000         0.8835251481         5.0117391359       -11.8221111207
        0.0704443000         0.9000000000         0.8503448990         5.0040835035       -12.6864463357
        0.0754963000         0.9000000000         0.8528972258         4.9555978318       -12.6199590115
        0.0804441000         0.9000000000         0.8426879184         4.9045602826       -12.8859083084
        0.0854489000         0.9000000000         0.8299262841         4.8509708560       -13.2183449295
        0.0904154000         0.9000000000         0.8299262841         4.8024851842       -13.2183449295
        0.0954935000         0.9000000000         0.8069553424         4.7386882478       -13.8167308475
        0.1004081000         0.9000000000         0.8146123230         4.6902025760       -13.6172688749
        0.1054228000         0.9000000000         0.7941937081         4.6340612719       -14.1491674687
        0.1104303000         0.9000000000         0.8018506887         4.5728162129       -13.9497054960
        0.1153958000         0.9000000000         0.7814320738         4.5217786637       -14.4816040898
        0.1204012000         0.9000000000         0.7941937081         4.4579817273       -14.1491674687
        0.1253994000         0.9000000000         0.7610134590         4.3941847908       -15.0135026836
        0.1304126000         0.9000000000         0.7814320738         4.3431472416       -14.4816040898
        0.1353987000         0.9000000000         0.7559088053         4.2844540601       -15.1464773321
        0.1404013000         0.9000000000         0.7737750933         4.2334165109       -14.6810660625
        0.1453879000         0.9000000000         0.7559088053         4.1721714519       -15.1464773321
        0.1504170000         0.9000000000         0.7533564784         4.1007188830       -15.2129646563
        0.1554081000         0.9000000000         0.7405948441         4.0445775789       -15.5454012774
        0.1604586000         0.9000000000         0.7456994979         3.9909881523       -15.4124266290
        0.1653949000         0.9000000000         0.7405948441         3.9297430933       -15.5454012774
        0.1703941000         0.9000000000         0.7354901904         3.8787055441       -15.6783759259
        0.1753869000         0.9000000000         0.7405948441         3.8174604851       -15.5454012774
        0.1804276000         0.9000000000         0.7278332099         3.7460079162       -15.8778378986
        0.1854030000         0.9000000000         0.7227285561         3.6847628572       -16.0108125470
        0.1904108000         0.9000000000         0.7278332099         3.6260696756       -15.8778378986
        0.1953977000         0.9000000000         0.7278332099         3.5673764941       -15.8778378986
        0.2004066000         0.9000000000         0.7227285561         3.5061314351       -16.0108125470
        0.2054105000         0.9000000000         0.7125192487         3.4397826211       -16.2767618439
        0.2103980000         0.9000000000         0.7303855367         3.3836413170       -15.8113505743
        0.2154108000         0.9000000000         0.7023099413         3.3121887482       -16.5427111408
        0.2204177000         0.9000000000         0.7150715756         3.2458399342       -16.2102745197
        0.2253958000         0.9000000000         0.6946529607         3.1845948752       -16.7421731135
        0.2304153000         0.9000000000         0.7125192487         3.1284535711       -16.2767618439
        0.2354170000         0.9000000000         0.6972052876         3.0697603896       -16.6756857893
        0.2404491000         0.9000000000         0.7150715756         3.0059634531       -16.2102745197
        0.2454693000         0.9000000000         0.6895483070         2.9319590068       -16.8751477620
        0.2504154000         0.9000000000         0.7099669219         2.8758177027       -16.3432491682
        0.2555164000         0.9000000000         0.6946529607         2.8196763986       -16.7421731135
        0.2604577000         0.9000000000         0.6921006339         2.7431200748       -16.8086604377
        0.2653980000         0.9000000000         0.6921006339         2.6818750158       -16.8086604377
        0.2704116000         0.9000000000         0.6946529607         2.6282855892       -16.7421731135
        0.2754135000         0.9000000000         0.6921006339         2.5542811429       -16.8086604377
        0.2804255000         0.9000000000         0.6972052876         2.4828285740       -16.6756857893
        0.2854023000         0.9000000000         0.6844436533         2.4241353924       -17.0081224104
        0.2904152000         0.9000000000         0.6818913264         2.3628903334       -17.0746097347
        0.2953902000         0.9000000000         0.7329378636         2.2990933970       -15.7448632501
        0.3004245000         0.9000000000         0.6716820190         2.2327445830       -17.3405590316
        0.3053980000         0.9000000000         0.6921006339         2.1638438916       -16.8086604377
        0.3104045000         0.9000000000         0.6869959802         2.1102544650       -16.9416350862
        0.3154054000         0.9000000000         0.6742343459         2.0336981412       -17.2740717073
        0.3203984000         0.9000000000         0.6767866727         1.9750049597       -17.2075843831
        0.3253960000         0.9000000000         0.6972052876         1.9086561457       -16.6756857893
        0.3304233000         0.9000000000         0.6691296922         1.8346516994       -17.4070463558
        0.3354123000         0.9000000000         0.6869959802         1.7785103953       -16.9416350862
        0.3404087000         0.9000000000         0.6895483070         1.7172653363       -16.8751477620
        0.3454116000         0.9000000000         0.6895483070         1.6560202773       -16.8751477620
        0.3503955000         0.9000000000         0.6665773653         1.5794639535       -17.4735336800
        0.3554051000         0.9000000000         0.6946529607         1.5284264043       -16.7421731135
        0.3604093000         0.9000000000         0.6691296922         1.4493182031       -17.4070463558
        0.3653974000         0.9000000000         0.6921006339         1.3855212666       -16.8086604377
        0.3704256000         0.9000000000         0.6895483070         1.3293799625       -16.8751477620
        0.3754110000         0.9000000000         0.6716820190         1.2655830261       -17.3405590316
        0.3804247000         0.9000000000         0.6742343459         1.1915785797       -17.2740717073
        0.3854230000         0.9000000000         0.6716820190         1.1277816433       -17.3405590316
        0.3904180000         0.9000000000         0.6818913264         1.0690884617       -17.0746097347
        0.3954203000         0.9000000000         0.6614727116         0.9899802605       -17.6065083285
        0.4004083000         0.9000000000         0.6716820190         0.9236314466       -17.3405590316
        0.4054158000         0.9000000000         0.6589203847         0.8623863875       -17.6729956527
        0.4103970000         0.9000000000         0.6742343459         0.7960375736       -17.2740717073
        0.4154124000         0.9000000000         0.6742343459         0.7194812498       -17.2740717073
        0.4204624000         0.9000000000         0.6665773653         0.6531324359       -17.4735336800
        0.4254225000         0.9000000000         0.6844436533         0.5918873769       -17.0081224104
        0.4304339000         0.9000000000         0.6614727116         0.5153310531       -17.6065083285
        0.4353883000         0.9000000000         0.7150715756         0.4566378716       -16.2102745197
        0.4404005000         0.9000000000         0.6665773653         0.3800815478       -17.4735336800
        0.4454099000         0.9000000000         0.6614727116         0.3060771015       -17.6065083285
        0.4504963000         0.9000000000         0.6716820190         0.2473839199       -17.3405590316
        0.4555384000         0.9000000000         0.6793389996         0.1708275961       -17.1410970589
        0.4604332000         0.9000000000         0.6614727116         0.1044787822       -17.6065083285
        0.4653999000         0.9000000000         0.6716820190         0.0228187035       -17.3405590316
        0.4704238000         0.9000000000         0.6716820190         0.0075074388       -17.3405590316
        0.4754177000         0.9000000000         0.6640250384        -0.0001481936       -17.5400210042
        0.4804227000         0.9000000000         0.6742343459         4.9504940769       -17.2740717073
        0.4854064000         0.9000000000         0.6793389996         5.0142910133       -17.1410970589
        0.4904213000         0.9000000000         0.6589203847         4.9938759937       -17.6729956527
        0.4954005000         0.9000000000         0.6665773653         4.9224234248       -17.4735336800
        0.5004174000         0.9000000000         0.6742343459         4.8535227334       -17.2740717073
        0.5053878000         0.9000000000         0.6716820190         4.7769664097       -17.3405590316
        0.5104160000         0.9000000000         0.6640250384         4.7182732281       -17.5400210042
        0.5154030000         0.9000000000         0.6767866727         4.6493725367       -17.2075843831
        0.5204109000         0.9000000000         0.6589203847         4.5728162129       -17.6729956527
        0.5253849000         0.9000000000         0.6614727116         4.5039155215       -17.6065083285
        0.5304062000         0.9000000000         0.6716820190         4.4324629527       -17.3405590316
        0.5354166000         0.9000000000         0.6640250384         4.3584585064       -17.5400210042
        0.5404055000         0.9000000000         0.6665773653         4.2946615699       -17.4735336800
        0.5454887000         0.9000000000         0.6691296922         4.2283127560       -17.4070463558
        0.5504103000         0.9000000000         0.7125192487         4.1670676969       -16.2767618439
        0.5554741000         0.9000000000         0.6665773653         4.0930632506       -17.4735336800
        0.5604209000         0.9000000000         0.6487110773         4.0165069269       -17.9389449496
        0.5653965000         0.9000000000         0.6742343459         3.9578137453       -17.2740717073
        0.5704276000         0.9000000000         0.6614727116         3.8914649314       -17.6065083285
        0.5754104000         0.9000000000         0.6665773653         3.8251161174       -17.4735336800
        0.5804216000         0.9000000000         0.6691296922         3.7613191810       -17.4070463558
        0.5853971000         0.9000000000         0.6614727116         3.6949703670       -17.6065083285
        0.5904498000         0.9000000000         0.6716820190         3.6107584109       -17.3405590316
        0.5954461000         0.9000000000         0.6640250384         3.5469614744       -17.5400210042
        0.6004261000         0.9000000000         0.6767866727         3.4857164154       -17.2075843831
        0.6054084000         0.9000000000         0.6461587505         3.4142638465       -18.0054322738
        0.6103980000         0.9000000000         0.6818913264         3.3504669101       -17.0746097347
        0.6154103000         0.9000000000         0.6614727116         3.2892218510       -17.6065083285
        0.6204111000         0.9000000000         0.6767866727         3.2177692822       -17.2075843831
        0.6253976000         0.9000000000         0.6563680579         3.1565242232       -17.7394829769
        0.6304285000         0.9000000000         0.6665773653         3.0774160220       -17.4735336800
        0.6354134000         0.9000000000         0.6563680579         3.0085153306       -17.7394829769
        0.6404152000         0.9000000000         0.6614727116         2.9472702715       -17.6065083285
        0.6454009000         0.9000000000         0.6793389996         2.8834733351       -17.1410970589
        0.6504187000         0.9000000000         0.6512634042         2.8145726437       -17.8724576254
        0.6553953000         0.9000000000         0.6716820190         2.7456719523       -17.3405590316
        0.6604029000         0.9000000000         0.6538157310         2.6818750158       -17.8059703011
        0.6654812000         0.9000000000         0.6742343459         2.6231818342       -17.2740717073
        0.6709641000         0.9000000000         0.6640250384         2.5364180006       -17.5400210042
        0.6754118000         0.9000000000         0.6742343459         2.4879323289       -17.2740717073
        0.6804245000         0.9000000000         0.6614727116         2.4190316375       -17.6065083285
        0.6854242000         0.9000000000         0.6614727116         2.3424753138       -17.6065083285
        0.6904134000         0.9000000000         0.6793389996         2.2786783773       -17.1410970589
        0.6954108000         0.9000000000         0.6614727116         2.2174333183       -17.6065083285
        0.7004015000         0.9000000000         0.6640250384         2.1459807494       -17.5400210042
        0.7054152000         0.9000000000         0.6818913264         2.0847356904       -17.0746097347
        0.7103921000         0.9000000000         0.6512634042         2.0158349990       -17.8724576254
        0.7153999000         0.9000000000         0.6921006339         1.9494861851       -16.8086604377
        0.7204291000         0.9000000000         0.6512634042         1.8805854937       -17.8724576254
        0.7253986000         0.9000000000         0.6742343459         1.8193404347       -17.2740717073
        0.7304281000         0.9000000000         0.6614727116         1.7427841109       -17.6065083285
        0.7353955000         0.9000000000         0.6691296922         1.6840909293       -17.4070463558
        0.7404021000         0.9000000000         0.6665773653         1.6151902379       -17.4735336800
        0.7453993000         0.9000000000         0.6512634042         1.5462895465       -17.8724576254
        0.7504108000         0.9000000000         0.6640250384         1.4824926101       -17.5400210042
        0.7554727000         0.9000000000         0.6589203847         1.4212475511       -17.6729956527
        0.7604295000         0.9000000000         0.6767866727         1.3472431047       -17.2075843831
        0.7654116000         0.9000000000         0.6512634042         1.2808942908       -17.8724576254
        0.7704510000         0.9000000000         0.6716820190         1.2094417220       -17.3405590316
        0.7754335000         0.9000000000         0.6487110773         1.1456447855       -17.9389449496
        0.7804515000         0.9000000000         0.6691296922         1.0792959716       -17.4070463558
        0.7854304000         0.9000000000         0.6716820190         1.0154990351       -17.3405590316
        0.7904846000         0.9000000000         0.6716820190         0.9414945888       -17.3405590316
        0.7954302000         0.9000000000         0.6563680579         0.8700420199       -17.7394829769
        0.8005572000         0.9000000000         0.6563680579         0.8113488384       -17.7394829769
        0.8054224000         0.9000000000         0.6665773653         0.7322406371       -17.4735336800
        0.8104604000         0.9000000000         0.6614727116         0.6709955781       -17.6065083285
        0.8154662000         0.9000000000         0.6614727116         0.5995430093       -17.6065083285
        0.8204699000         0.9000000000         0.6512634042         0.5280904404       -17.8724576254
        0.8254403000         0.9000000000         0.6742343459         0.4591897490       -17.2740717073
        0.8304207000         0.9000000000         0.6589203847         0.3953928125       -17.6729956527
        0.8354568000         0.9000000000         0.6589203847         0.3213883662       -17.6729956527
        0.8404502000         0.9000000000         0.6640250384         0.2499357974       -17.5400210042
        0.8454766000         0.9000000000         0.6716820190         0.1733794736       -17.3405590316
        0.8504631000         0.9000000000         0.6614727116         0.1070306597       -17.6065083285
        0.8554651000         0.9000000000         0.6691296922         0.0406818457       -17.4070463558
        0.8604880000         0.9000000000         0.6614727116        -0.0001481936       -17.6065083285
        0.8654654000         0.9000000000         0.6512634042         0.0049555613       -17.8724576254
        0.8704612000         0.9000000000         0.6614727116         1.1022628687       -17.6065083285
        0.8754930000         0.9000000000         0.6614727116         4.9989797486       -17.6065083285
        0.8805076000         0.9000000000         0.6563680579         4.9989797486       -17.7394829769
        0.8854564000         0.9000000000         0.6614727116         4.9300790572       -17.6065083285
        0.8905048000         0.9000000000         0.6589203847         4.8509708560       -17.6729956527
        0.8954690000         0.9000000000         0.6665773653         4.7846220420       -17.4735336800
        0.9004544000         0.9000000000         0.6512634042         4.7106175957       -17.8724576254
        0.9054666000         0.9000000000         0.6793389996         4.6544762916       -17.1410970589
        0.9104548000         0.9000000000         0.6716820190         4.5753680904       -17.3405590316
        0.9154918000         0.9000000000         0.6614727116         4.5064673990       -17.6065083285
        0.9204742000         0.9000000000         0.6614727116         4.4299110752       -17.6065083285
        0.9254460000         0.9000000000         0.6512634042         4.3610103838       -17.8724576254
        0.9304581000         0.9000000000         0.6818913264         4.3023172023       -17.0746097347
        0.9354599000         0.9000000000         0.6716820190         4.2283127560       -17.3405590316
        0.9404382000         0.9000000000         0.6563680579         4.1594120646       -17.7394829769
        0.9454264000         0.9000000000         0.6767866727         4.0956151281       -17.2075843831
        0.9504366000         0.9000000000         0.6487110773         4.0267144367       -17.9389449496
        0.9554672000         0.9000000000         0.6818913264         3.9680212551       -17.0746097347
        0.9604514000         0.9000000000         0.6716820190         3.8940168088       -17.3405590316
        0.9654781000         0.9000000000         0.6793389996         3.8302198724       -17.1410970589
        0.9704489000         0.9000000000         0.6640250384         3.7664229359       -17.5400210042
        0.9754522000         0.9000000000         0.6614727116         3.6873147347       -17.6065083285
        0.9804148000         0.9000000000         0.6640250384         3.6184140433       -17.5400210042
        0.9854400000         0.9000000000         0.6563680579         3.5597208617       -17.7394829769
        0.9904691000         0.9000000000         0.6793389996         3.4933720478       -17.1410970589
        0.9954405000         0.9000000000         0.6436064236         3.4142638465       -18.0719195981
        1.0004482000         0.9000000000         0.6793389996         3.3555706650       -17.1410970589
        1.0054302000         0.9000000000         0.6436064236         3.2892218510       -18.0719195981
        1.0104279000         0.9000000000         0.6742343459         3.2152174047       -17.2740717073
        1.0154280000         0.9000000000         0.6589203847         3.1539723457       -17.6729956527
        1.0204448000         0.9000000000         0.6742343459         3.0927272867       -17.2740717073
        1.0254260000         0.9000000000         0.6589203847         3.0238265953       -17.6729956527
        1.0304405000         0.9000000000         0.6614727116         2.9574777814       -17.6065083285
        1.0354296000         0.9000000000         0.6742343459         2.8834733351       -17.2740717073
        1.0404116000         0.9000000000         0.6385017699         2.8120207662       -18.2048942465
        1.0454160000         0.9000000000         0.6665773653         2.7431200748       -17.4735336800
        1.0503962000         0.9000000000         0.6614727116         2.6844268933       -17.6065083285
        1.0554167000         0.9000000000         0.6614727116         2.6180780793       -17.6065083285
        1.0604713000         0.9000000000         0.6614727116         2.5491773879       -17.6065083285
        1.0654282000         0.9000000000         0.6614727116         2.4828285740       -17.6065083285
        1.0704256000         0.9000000000         0.6640250384         2.4164797601       -17.5400210042
        1.0754411000         0.9000000000         0.6614727116         2.3501309461       -17.6065083285
        1.0804256000         0.9000000000         0.6614727116         2.2812302547       -17.6065083285
        1.0857284000         0.9000000000         0.6665773653         2.2174333183       -17.4735336800
        1.0904735000         0.9000000000         0.6563680579         2.1485326269       -17.7394829769
        1.0957032000         0.9000000000         0.6665773653         2.0770800580       -17.4735336800
        1.1004101000         0.9000000000         0.6461587505         2.0107312441       -18.0054322738
        1.1054448000         0.9000000000         0.6793389996         1.9469343076       -17.1410970589
        1.1104035000         0.9000000000         0.6410540967         1.8729298613       -18.1384069223
        1.1154261000         0.9000000000         0.6665773653         1.8116848023       -17.4735336800
        1.1203947000         0.9000000000         0.6538157310         1.7453359884       -17.8059703011
        1.1254296000         0.9000000000         0.6691296922         1.6789871744       -17.4070463558
        1.1304658000         0.9000000000         0.6665773653         1.6202939929       -17.4735336800
        1.1354196000         0.9000000000         0.6589203847         1.5411857916       -17.6729956527
        1.1404115000         0.9000000000         0.6512634042         1.4748369777       -17.8724576254
        1.1454380000         0.9000000000         0.6563680579         1.4186956736       -17.7394829769
        1.1504041000         0.9000000000         0.6538157310         1.3446912273       -17.8059703011
        1.1554307000         0.9000000000         0.6665773653         1.2757905359       -17.4735336800
        1.1604442000         0.9000000000         0.6487110773         1.2043379670       -17.9389449496
        1.1657119000         0.9000000000         0.6538157310         1.1328853982       -17.8059703011
        1.1705784000         0.9000000000         0.6436064236         1.0665365843       -18.0719195981
        1.1754926000         0.9000000000         0.6563680579         1.0052915252       -17.7394829769
        1.1804361000         0.9000000000         0.6538157310         0.9414945888       -17.8059703011
        1.1854398000         0.9000000000         0.6665773653         0.8649382650       -17.4735336800
        1.1904239000         0.9000000000         0.6410540967         0.7960375736       -18.1384069223
        1.1954310000         0.9000000000         0.6665773653         0.7220331273       -17.4735336800
        1.2004380000         0.9000000000         0.6538157310         0.6556843134       -17.8059703011
        1.2054408000         0.9000000000         0.6946529607         0.5944392543       -16.7421731135
        1.2104072000         0.9000000000         0.6512634042         0.5229866855       -17.8724576254
        1.2154139000         0.9000000000         0.6614727116         0.4413266068       -17.6065083285
        1.2203972000         0.9000000000         0.6512634042         0.3800815478       -17.8724576254
        1.2254145000         0.9000000000         0.6538157310         0.3086289789       -17.8059703011
        1.2303897000         0.9000000000         0.6461587505         0.2295207777       -18.0054322738
        1.2354196000         0.9000000000         0.6563680579         0.1631719638       -17.7394829769
        1.2403907000         0.9000000000         0.6589203847         0.0942712724       -17.6729956527
        1.2454141000         0.9000000000         0.6589203847         0.0279224584       -17.6729956527
        1.2504005000         0.9000000000         0.6538157310         0.0024036839       -17.8059703011
        1.2554144000         0.9000000000         0.6538157310         0.0202668261       -17.8059703011
        1.2603935000         0.9000000000         0.6538157310         4.9989797486       -17.8059703011
        1.2654237000         0.9000000000         0.6538157310         5.0015316260       -17.8059703011
        1.2704065000         0.9000000000         0.6589203847         4.9785647289       -17.6729956527
        1.2754260000         0.9000000000         0.6716820190         4.9147677924       -17.3405590316
        1.2804049000         0.9000000000         0.6691296922         4.8458671010       -17.4070463558
        1.2854103000         0.9000000000         0.6614727116         4.7642070224       -17.6065083285
        1.2903998000         0.9000000000         0.6691296922         4.6902025760       -17.4070463558
        1.2954872000         0.9000000000         0.6614727116         4.6289575170       -17.6065083285
        1.3003896000         0.9000000000         0.6869959802         4.5575049482       -16.9416350862
        1.3054351000         0.9000000000         0.6512634042         4.4886042568       -17.8724576254
        1.3106066000         0.9000000000         0.6818913264         4.4120479330       -17.0746097347
        1.3154563000         0.9000000000         0.6538157310         4.3456991191       -17.8059703011
        1.3204189000         0.9000000000         0.6793389996         4.2844540601       -17.1410970589
        1.3254470000         0.9000000000         0.6563680579         4.2053458588       -17.7394829769
        1.3305271000         0.9000000000         0.6640250384         4.1415489224       -17.5400210042
        1.3354238000         0.9000000000         0.6742343459         4.0726482310       -17.2740717073
        1.3404047000         0.9000000000         0.6563680579         4.0088512945       -17.7394829769
        1.3454024000         0.9000000000         0.6793389996         3.9425024806       -17.1410970589
        1.3504026000         0.9000000000         0.6614727116         3.8761536666       -17.6065083285
        1.3554136000         0.9000000000         0.6818913264         3.8098048527       -17.0746097347
        1.3604146000         0.9000000000         0.6589203847         3.7358004064       -17.6729956527
        1.3654596000         0.9000000000         0.6742343459         3.6822109797       -17.2740717073
        1.3704105000         0.9000000000         0.6640250384         3.6031027785       -17.5400210042
        1.3754226000         0.9000000000         0.6742343459         3.5367539646       -17.2740717073
        1.3804211000         0.9000000000         0.6767866727         3.4704051506       -17.2075843831
        1.3854104000         0.9000000000         0.6512634042         3.3989525818       -17.8724576254
        1.3903926000         0.9000000000         0.6640250384         3.3275000129       -17.5400210042
        1.3954056000         0.9000000000         0.6563680579         3.2764624638       -17.7394829769
        1.4004145000         0.9000000000         0.6563680579         3.1948023851       -17.7394829769
        1.4053975000         0.9000000000         0.6665773653         3.1284535711       -17.4735336800
        1.4104043000         0.9000000000         0.6589203847         3.0723122670       -17.6729956527
        1.4154173000         0.9000000000         0.6589203847         2.9957559433       -17.6729956527
        1.4203888000         0.9000000000         0.6512634042         2.9268552519       -17.8724576254
        1.4254085000         0.9000000000         0.6589203847         2.8656101929       -17.6729956527
        1.4303926000         0.9000000000         0.6538157310         2.7992613789       -17.8059703011
        1.4354273000         0.9000000000         0.6665773653         2.7329125650       -17.4735336800
        1.4403913000         0.9000000000         0.6691296922         2.6691156285       -17.4070463558
        1.4454203000         0.9000000000         0.6538157310         2.5900074273       -17.8059703011
        1.4504021000         0.9000000000         0.6665773653         2.5287623683       -17.4735336800
        1.4555003000         0.9000000000         0.6512634042         2.4624135543       -17.8724576254
        1.4604266000         0.9000000000         0.6614727116         2.3935128629       -17.6065083285
        1.4654110000         0.9000000000         0.6665773653         2.3297159265       -17.4735336800
        1.4704124000         0.9000000000         0.6589203847         2.2659189900       -17.6729956527
        1.4756270000         0.9000000000         0.6716820190         2.1893626662       -17.3405590316
        1.4804074000         0.9000000000         0.6512634042         2.1230138523       -17.8724576254
        1.4856075000         0.9000000000         0.6614727116         2.0515612834       -17.6065083285
        1.4904048000         0.9000000000         0.6385017699         1.9826605920       -18.2048942465
        1.4955315000         0.9000000000         0.6767866727         1.9239674105       -17.2075843831
        1.5004131000         0.9000000000         0.6512634042         1.8601704740       -17.8724576254
        1.5054041000         0.9000000000         0.6691296922         1.7963735375       -17.4070463558
        1.5104130000         0.9000000000         0.6538157310         1.7223690912       -17.8059703011
        1.5154145000         0.9000000000         0.6487110773         1.6483646449       -17.9389449496
        1.5204026000         0.9000000000         0.6385017699         1.5845677084       -18.2048942465
        1.5254105000         0.9000000000         0.6716820190         1.5233226494       -17.3405590316
        1.5303991000         0.9000000000         0.6512634042         1.4569738355       -17.8724576254
        1.5354011000         0.9000000000         0.6563680579         1.3880731441       -17.7394829769
        1.5404190000         0.9000000000         0.6436064236         1.3115168203       -18.0719195981
        1.5453879000         0.9000000000         0.6487110773         1.2451680064       -17.9389449496
        1.5504123000         0.9000000000         0.6487110773         1.1813710699       -17.9389449496
        1.5554091000         0.9000000000         0.6640250384         1.1175741334       -17.5400210042
        1.5604237000         0.9000000000         0.6512634042         1.0512253195       -17.8724576254
        1.5654024000         0.9000000000         0.6410540967         0.9746689957       -18.1384069223
        1.5704383000         0.9000000000         0.6538157310         0.9032164269       -17.8059703011
        1.5754208000         0.9000000000         0.6436064236         0.8343157355       -18.0719195981
        1.5806510000         0.9000000000         0.6538157310         0.7654150441       -17.8059703011
        1.5854187000         0.9000000000         0.6691296922         0.7041699851       -17.4070463558
        1.5904286000         0.9000000000         0.6512634042         0.6250617838       -17.8724576254
        1.5957557000         0.9000000000         0.6461587505         0.5561610925       -18.0054322738
        1.6005395000         0.9000000000         0.6563680579         0.4872604011       -17.7394829769
        1.6054038000         0.9000000000         0.6538157310         0.4183597097       -17.8059703011
        1.6104077000         0.9000000000         0.6614727116         0.3520108957       -17.6065083285
        1.6153978000         0.9000000000         0.6869959802         0.2805583269       -16.9416350862
        1.6204252000         0.9000000000         0.6512634042         0.1988982482       -17.8724576254
        1.6254325000         0.9000000000         0.6461587505         0.1299975568       -18.0054322738
        1.6304167000         0.9000000000         0.6538157310         0.0585449879       -17.8059703011
        1.6354042000         0.9000000000         0.6614727116        -0.0001481936       -17.6065083285
        1.6404297000         0.9000000000         0.6385017699         0.0024036839       -18.2048942465
        1.6454161000         0.9000000000         0.6589203847         1.1124703785       -17.6729956527
        1.6504079000         0.9000000000         0.6385017699         4.9989797486       -18.2048942465
        1.6553809000         0.9000000000         0.6614727116         4.9964278711       -17.6065083285
        1.6604115000         0.9000000000         0.6487110773         4.9530459543       -17.9389449496
        1.6654032000         0.9000000000         0.6665773653         4.8764896306       -17.4735336800
        1.6703975000         0.9000000000         0.6589203847         4.8024851842       -17.6729956527
        1.6753976000         0.9000000000         0.6385017699         4.7310326154       -18.2048942465
        1.6804242000         0.9000000000         0.6589203847         4.6570281691       -17.6729956527
        1.6854092000         0.9000000000         0.6512634042         4.5881274777       -17.8724576254
        1.6904117000         0.9000000000         0.6614727116         4.5141230314       -17.6065083285
        1.6954324000         0.9000000000         0.6614727116         4.4452223400       -17.6065083285
        1.7004159000         0.9000000000         0.6640250384         4.3737697711       -17.5400210042
        1.7053921000         0.9000000000         0.6691296922         4.3150765896       -17.4070463558
        1.7104075000         0.9000000000         0.6512634042         4.2308646334       -17.8724576254
        1.7153989000         0.9000000000         0.6487110773         4.1619639420       -17.9389449496
        1.7204268000         0.9000000000         0.6767866727         4.1058226379       -17.2075843831
        1.7254119000         0.9000000000         0.6563680579         4.0394738240       -17.7394829769
        1.7304197000         0.9000000000         0.6640250384         3.9654693777       -17.5400210042
        1.7354027000         0.9000000000         0.6461587505         3.8991205638       -18.0054322738
        1.7404313000         0.9000000000         0.6691296922         3.8225642400       -17.4070463558
        1.7454002000         0.9000000000         0.6665773653         3.7613191810       -17.4735336800
        1.7504263000         0.9000000000         0.6512634042         3.6898666121       -17.8724576254
        1.7554065000         0.9000000000         0.6614727116         3.6235177982       -17.6065083285
        1.7604257000         0.9000000000         0.6512634042         3.5546171068       -17.8724576254
        1.7654058000         0.9000000000         0.6589203847         3.4806126605       -17.6729956527
        1.7704155000         0.9000000000         0.6436064236         3.4168157240       -18.0719195981
        1.7753915000         0.9000000000         0.6793389996         3.3530187875       -17.1410970589
        1.7803998000         0.9000000000         0.6487110773         3.2917737285       -17.9389449496
        1.7854074000         0.9000000000         0.6512634042         3.2177692822       -17.8724576254
        1.7904210000         0.9000000000         0.6512634042         3.1437648359       -17.8724576254
        1.7954227000         0.9000000000         0.6461587505         3.0799678994       -18.0054322738
        1.8004499000         0.9000000000         0.6640250384         3.0161709629       -17.5400210042
        1.8055854000         0.9000000000         0.6538157310         2.9498221490       -17.8059703011
        1.8107664000         0.9000000000         0.6767866727         2.8809214576       -17.2075843831
        1.8154194000         0.9000000000         0.6461587505         2.8145726437       -18.0054322738
        1.8204264000         0.9000000000         0.6691296922         2.7456719523       -17.4070463558
        1.8254313000         0.9000000000         0.6614727116         2.6793231383       -17.6065083285
        1.8305090000         0.9000000000         0.6614727116         2.6129743244       -17.6065083285
        1.8354311000         0.9000000000         0.6665773653         2.5415217556       -17.4735336800
        1.8404256000         0.9000000000         0.6538157310         2.4700691867       -17.8059703011
        1.8454165000         0.9000000000         0.6563680579         2.4088241277       -17.7394829769
        1.8503970000         0.9000000000         0.6563680579         2.3297159265       -17.7394829769
        1.8554107000         0.9000000000         0.6512634042         2.2684708674       -17.8724576254
        1.8604324000         0.9000000000         0.6665773653         2.2046739310       -17.4735336800
        1.8654233000         0.9000000000         0.6589203847         2.1332213621       -17.6729956527
        1.8704076000         0.9000000000         0.6563680579         2.0643206707       -17.7394829769
        1.8754973000         0.9000000000         0.6385017699         1.9903162244       -18.2048942465
        1.8806128000         0.9000000000         0.6614727116         1.9239674105       -17.6065083285
        1.8853827000         0.9000000000         0.6487110773         1.8601704740       -17.9389449496
        1.8903967000         0.9000000000         0.6563680579         1.7938216601       -17.7394829769
        1.8955242000         0.9000000000         0.6614727116         1.7300247236       -17.6065083285
        1.9004245000         0.9000000000         0.6385017699         1.6534683998       -18.2048942465
        1.9054316000         0.9000000000         0.6589203847         1.5871195859       -17.6729956527
        1.9105275000         0.9000000000         0.6793389996         1.5284264043       -17.1410970589
        1.9156798000         0.9000000000         0.6691296922         1.4646294679       -17.4070463558
        1.9204400000         0.9000000000         0.6512634042         1.3957287765       -17.8724576254
        1.9253986000         0.9000000000         0.6665773653         1.3268280851       -17.4735336800
        1.9304096000         0.9000000000         0.6333971162         1.2451680064       -18.3378688950
        1.9353929000         0.9000000000         0.6614727116         1.1839229474       -17.6065083285
        1.9404115000         0.9000000000         0.6461587505         1.1150222560       -18.0054322738
        1.9453921000         0.9000000000         0.6512634042         1.0410178097       -17.8724576254
        1.9504039000         0.9000000000         0.6512634042         0.9848765056       -17.8724576254
        1.9553983000         0.9000000000         0.6589203847         0.9083201818       -17.6729956527
        1.9604155000         0.9000000000         0.6436064236         0.8368676129       -18.0719195981
        1.9654025000         0.9000000000         0.6563680579         0.7679669216       -17.7394829769
        1.9704096000         0.9000000000         0.6538157310         0.6990662302       -17.8059703011
        1.9753958000         0.9000000000         0.6563680579         0.6250617838       -17.7394829769
        1.9804639000         0.9000000000         0.6436064236         0.5612648474       -18.0719195981
        1.9854141000         0.9000000000         0.6869959802         0.4847085236       -16.9416350862
        1.9904444000         0.9000000000         0.6589203847         0.4209115871       -17.6729956527
        1.9954288000         0.9000000000         0.6538157310         0.3494590183       -17.8059703011
        2.0004103000         0.9000000000         0.6589203847         0.2805583269       -17.6729956527
        2.0054505000         0.9000000000         0.6614727116         0.2091057580       -17.6065083285
        2.0104066000         0.9000000000         0.6436064236         0.1325494343       -18.0719195981
        2.0154119000         0.9000000000         0.6512634042         0.0610968654       -17.8724576254
        2.0204211000         0.9000000000         0.6691296922         0.0024036839       -17.4070463558
        2.0254305000         0.9000000000         0.6436064236        -0.0052519485       -18.0719195981
        2.0304131000         0.9000000000         0.6640250384         1.1175741334       -17.5400210042
        2.0354026000         0.9000000000         0.6410540967         5.0015316260       -18.1384069223
        2.0404114000         0.9000000000         0.6640250384         5.0066353810       -17.5400210042
        2.0454248000         0.9000000000         0.6512634042         4.9555978318       -17.8724576254
        2.0504007000         0.9000000000         0.6589203847         4.8892490178       -17.6729956527
        2.0554392000         0.9000000000         0.6640250384         4.8126926941       -17.5400210042
        2.0604127000         0.9000000000         0.6665773653         4.7463438801       -17.4735336800
        2.0654254000         0.9000000000         0.6512634042         4.6621319240       -17.8724576254
        2.0704077000         0.9000000000         0.6589203847         4.5983349875       -17.6729956527
        2.0754206000         0.9000000000         0.6589203847         4.5243305412       -17.6729956527
        2.0804336000         0.9000000000         0.6512634042         4.4477742174       -17.8724576254
        2.0854106000         0.9000000000         0.6691296922         4.3916329133       -17.4070463558
        2.0904022000         0.9000000000         0.6614727116         4.3176284670       -17.6065083285
        2.0957452000         0.9000000000         0.6436064236         4.2385202658       -18.0719195981
        2.1003928000         0.9000000000         0.6487110773         4.1721714519       -17.9389449496
        2.1054235000         0.9000000000         0.6538157310         4.1032707605       -17.8059703011
        2.1104122000         0.9000000000         0.6487110773         4.0343700691       -17.9389449496
        2.1154145000         0.9000000000         0.6589203847         3.9756768875       -17.6729956527
        2.1203981000         0.9000000000         0.6563680579         3.8991205638       -17.7394829769
        2.1254124000         0.9000000000         0.6614727116         3.8404273822       -17.6065083285
        2.1304150000         0.9000000000         0.6538157310         3.7689748133       -17.8059703011
        2.1354045000         0.9000000000         0.6538157310         3.7051778769       -17.8059703011
        2.1404084000         0.9000000000         0.6589203847         3.6235177982       -17.6729956527
        2.1454382000         0.9000000000         0.6895483070         3.5622727392       -16.8751477620
        2.1503990000         0.9000000000         0.6538157310         3.5010276801       -17.8059703011
        2.1554137000         0.9000000000         0.6333971162         3.4244713564       -18.3378688950
        2.1603942000         0.9000000000         0.6844436533         3.3606744199       -17.0081224104
        2.1654034000         0.9000000000         0.6589203847         3.2866699736       -17.6729956527
        2.1704057000         0.9000000000         0.6563680579         3.2126655273       -17.7394829769
        2.1754694000         0.9000000000         0.6538157310         3.1488685908       -17.8059703011
        2.1804809000         0.9000000000         0.6461587505         3.0850716543       -18.0054322738
        2.1854493000         0.9000000000         0.6640250384         3.0161709629       -17.5400210042
        2.1904255000         0.9000000000         0.6385017699         2.9447183941       -18.2048942465
        2.1954090000         0.9000000000         0.6716820190         2.8809214576       -17.3405590316
        2.2004108000         0.9000000000         0.6461587505         2.8222282761       -18.0054322738
        2.2055024000         0.9000000000         0.6716820190         2.7507757072       -17.3405590316
        2.2104862000         0.9000000000         0.6512634042         2.6767712609       -17.8724576254
        2.2154113000         0.9000000000         0.6512634042         2.6053186920       -17.8724576254
        2.2204211000         0.9000000000         0.6461587505         2.5415217556       -18.0054322738
        2.2254070000         0.9000000000         0.6640250384         2.4853804515       -17.5400210042
        2.2304170000         0.9000000000         0.6563680579         2.4113760052       -17.7394829769
        2.2353993000         0.9000000000         0.6487110773         2.3348196814       -17.9389449496
        2.2404044000         0.9000000000         0.6461587505         2.2761264998       -18.0054322738
        2.2453963000         0.9000000000         0.6538157310         2.1970182986       -17.8059703011
        2.2504051000         0.9000000000         0.6589203847         2.1434288720       -17.6729956527
        2.2554142000         0.9000000000         0.6512634042         2.0694244256       -17.8724576254
        2.2604206000         0.9000000000         0.6461587505         2.0005237343       -18.0054322738
        2.2654103000         0.9000000000         0.6563680579         1.9265192879       -17.7394829769
        2.2704101000         0.9000000000         0.6512634042         1.8703779838       -17.8724576254
        2.2753973000         0.9000000000         0.6665773653         1.7963735375       -17.4735336800
        2.2804070000         0.9000000000         0.6665773653         1.7376803560       -17.4735336800
        2.2854128000         0.9000000000         0.6512634042         1.6662277871       -17.8724576254
        2.2904153000         0.9000000000         0.6436064236         1.5922233408       -18.0719195981
        2.2953958000         0.9000000000         0.6640250384         1.5360820367       -17.5400210042
        2.3005324000         0.9000000000         0.6487110773         1.4595257129       -17.9389449496
        2.3059400000         0.9000000000         0.6691296922         1.3906250215       -17.4070463558
        2.3104741000         0.9000000000         0.6538157310         1.3268280851       -17.8059703011
        2.3153945000         0.9000000000         0.6691296922         1.2655830261       -17.4070463558
        2.3204479000         0.9000000000         0.6563680579         1.1941304572       -17.7394829769
        2.3254072000         0.9000000000         0.6563680579         1.1252297658       -17.7394829769
        2.3304231000         0.9000000000         0.6589203847         1.0588809519       -17.6729956527
        2.3353966000         0.9000000000         0.6691296922         0.9950840154       -17.4070463558
        2.3404360000         0.9000000000         0.6589203847         0.9236314466       -17.6729956527
        2.3454119000         0.9000000000         0.6563680579         0.8521788777       -17.7394829769
        2.3504735000         0.9000000000         0.6461587505         0.7807263088       -18.0054322738
        2.3554120000         0.9000000000         0.6716820190         0.7194812498       -17.3405590316
        2.3603948000         0.9000000000         0.6512634042         0.6403730486       -17.8724576254
        2.3654280000         0.9000000000         0.6640250384         0.5765761121       -17.5400210042
        2.3704086000         0.9000000000         0.6410540967         0.5025716658       -18.1384069223
        2.3754194000         0.9000000000         0.6538157310         0.4336709744       -17.8059703011
        2.3804039000         0.9000000000         0.6946529607         0.3698740379       -16.7421731135
        2.3854120000         0.9000000000         0.6512634042         0.2831102043       -17.8724576254
        2.3903987000         0.9000000000         0.6538157310         0.2218651453       -17.8059703011
        2.3954297000         0.9000000000         0.6487110773         0.1478606990       -17.9389449496
        2.4005249000         0.9000000000         0.6385017699         0.0764081302       -18.2048942465
        2.4054754000         0.9000000000         0.6614727116         0.0126111937       -17.6065083285
        2.4103994000         0.9000000000         0.6410540967         0.0024036839       -18.1384069223
        2.4154403000         0.9000000000         0.6512634042         1.1226778884       -17.8724576254
        2.4205646000         0.9000000000         0.6436064236         5.0091872584       -18.0719195981
        2.4254073000         0.9000000000         0.6589203847         5.0091872584       -17.6729956527
        2.4304091000         0.9000000000         0.6385017699         4.9581497092       -18.2048942465
        2.4354233000         0.9000000000         0.6512634042         4.8841452629       -17.8724576254
        2.4403869000         0.9000000000         0.6563680579         4.8177964490       -17.7394829769
        2.4454189000         0.9000000000         0.6512634042         4.7361363703       -17.8724576254
        2.4504041000         0.9000000000         0.6614727116         4.6697875564       -17.6065083285
        2.4554107000         0.9000000000         0.6538157310         4.6034387424       -17.8059703011
        2.4603923000         0.9000000000         0.6589203847         4.5294342961       -17.6729956527
        2.4654532000         0.9000000000         0.6461587505         4.4554298498       -18.0054322738
        2.4704082000         0.9000000000         0.6385017699         4.3788735260       -18.2048942465
        2.4754172000         0.9000000000         0.6589203847         4.3125247121       -17.6729956527
        2.4804022000         0.9000000000         0.6487110773         4.2436240207       -17.9389449496
        2.4855526000         0.9000000000         0.6512634042         4.1772752068       -17.8724576254
        2.4903910000         0.9000000000         0.6487110773         4.1032707605       -17.9389449496
        2.4954107000         0.9000000000         0.6410540967         4.0343700691       -18.1384069223
        2.5004150000         0.9000000000         0.6461587505         3.9654693777       -18.0054322738
        2.5054171000         0.9000000000         0.6640250384         3.9016724412       -17.5400210042
        2.5103881000         0.9000000000         0.6589203847         3.8327717498       -17.6729956527
        2.5155657000         0.9000000000         0.6359494430         3.7587673035       -18.2713815707
        2.5204159000         0.9000000000         0.6385017699         3.6822109797       -18.2048942465
        2.5254065000         0.9000000000         0.6538157310         3.6158621658       -17.8059703011
        2.5304841000         0.9000000000         0.6385017699         3.5469614744       -18.2048942465
        2.5354163000         0.9000000000         0.6538157310         3.4806126605       -17.8059703011
        2.5404042000         0.9000000000         0.6410540967         3.4168157240       -18.1384069223
        2.5454102000         0.9000000000         0.6461587505         3.3326037679       -18.0054322738
        2.5504036000         0.9000000000         0.6436064236         3.2713587088       -18.0719195981
        2.5554269000         0.9000000000         0.6385017699         3.1973542625       -18.2048942465
        2.5604148000         0.9000000000         0.6563680579         3.1335573261       -17.7394829769
        2.5654214000         0.9000000000         0.6487110773         3.0672085121       -17.9389449496
        2.5704024000         0.9000000000         0.6282924625         2.9855484334       -18.4708435434
        2.5754403000         0.9000000000         0.6512634042         2.9268552519       -17.8724576254
        2.5804901000         0.9000000000         0.6359494430         2.8579545605       -18.2713815707
        2.5854174000         0.9000000000         0.6589203847         2.7916057465       -17.6729956527
        2.5904960000         0.9000000000         0.6385017699         2.7176013002       -18.2048942465
        2.5953951000         0.9000000000         0.6538157310         2.6563562412       -17.8059703011
        2.6004314000         0.9000000000         0.6359494430         2.5925593047       -18.2713815707
        2.6053890000         0.9000000000         0.6691296922         2.5262104908       -17.4070463558
        2.6105162000         0.9000000000         0.6461587505         2.4522060445       -18.0054322738
        2.6156857000         0.9000000000         0.6563680579         2.3858572306       -17.7394829769
        2.6204381000         0.9000000000         0.6512634042         2.3220602941       -17.8724576254
        2.6256984000         0.9000000000         0.6512634042         2.2455039703       -17.8724576254
        2.6304162000         0.9000000000         0.6614727116         2.1766032789       -17.6065083285
        2.6353933000         0.9000000000         0.6512634042         2.1077025875       -17.8724576254
        2.6404309000         0.9000000000         0.6818913264         2.0490094060       -17.0746097347
        2.6453889000         0.9000000000         0.6512634042         1.9750049597       -17.8724576254
        2.6504257000         0.9000000000         0.6436064236         1.8984486359       -18.0719195981
        2.6553994000         0.9000000000         0.6512634042         1.8372035769       -17.8724576254
        2.6604088000         0.9000000000         0.6461587505         1.7708547629       -18.0054322738
        2.6654219000         0.9000000000         0.6512634042         1.7045059490       -17.8724576254
        2.6704031000         0.9000000000         0.6589203847         1.6407090125       -17.6729956527
        2.6754118000         0.9000000000         0.6385017699         1.5616008113       -18.2048942465
        2.6807132000         0.9000000000         0.6512634042         1.4927001199       -17.8724576254
        2.6854419000         0.9000000000         0.6436064236         1.4314550609       -18.0719195981
        2.6904144000         0.9000000000         0.6640250384         1.3625543695       -17.5400210042
        2.6954003000         0.9000000000         0.6563680579         1.3013093105       -17.7394829769
        2.7006454000         0.9000000000         0.6614727116         1.2273048642       -17.6065083285
        2.7057164000         0.9000000000         0.6461587505         1.1558522953       -18.0054322738
        2.7104238000         0.9000000000         0.6538157310         1.0869516039       -17.8059703011
        2.7154129000         0.9000000000         0.6461587505         1.0231546675       -18.0054322738
        2.7207134000         0.9000000000         0.6563680579         0.9414945888       -17.7394829769
        2.7254040000         0.9000000000         0.6512634042         0.8776976523       -17.8724576254
        2.7304141000         0.9000000000         0.6538157310         0.8215563482       -17.8059703011
        2.7354176000         0.9000000000         0.6512634042         0.7424481470       -17.8724576254
        2.7404245000         0.9000000000         0.6512634042         0.6786512105       -17.8724576254
        2.7454090000         0.9000000000         0.6589203847         0.6071986416       -17.6729956527
        2.7504185000         0.9000000000         0.6589203847         0.5357460728       -17.6729956527
        2.7554298000         0.9000000000         0.6538157310         0.4642935039       -17.8059703011
        2.7604357000         0.9000000000         0.6487110773         0.3902890576       -17.9389449496
        2.7654156000         0.9000000000         0.6563680579         0.3315958761       -17.7394829769
        2.7704290000         0.9000000000         0.6512634042         0.2550395523       -17.8724576254
        2.7754118000         0.9000000000         0.6410540967         0.1759313511       -18.1384069223
        2.7803964000         0.9000000000         0.6563680579         0.1121344146       -17.7394829769
        2.7854121000         0.9000000000         0.6385017699         0.0381299683       -18.2048942465
        2.7903911000         0.9000000000         0.6512634042        -0.0052519485       -17.8724576254
        2.7953888000         0.9000000000         0.6410540967         0.0075074388       -18.1384069223
        2.8004256000         0.9000000000         0.6538157310         1.1124703785       -17.8059703011
        2.8054397000         0.9000000000         0.6563680579         5.0091872584       -17.7394829769
        2.8109289000         0.9000000000         0.6436064236         4.9862203613       -18.0719195981
        2.8154094000         0.9000000000         0.6436064236         4.9198715474       -18.0719195981
        2.8204123000         0.9000000000         0.6487110773         4.8458671010       -17.9389449496
        2.8254220000         0.9000000000         0.6538157310         4.7769664097       -17.8059703011
        2.8306078000         0.9000000000         0.6257401356         4.6927544535       -18.5373308676
        2.8354583000         0.9000000000         0.6589203847         4.6315093945       -17.6729956527
        2.8404020000         0.9000000000         0.6563680579         4.5600568256       -17.7394829769
        2.8454112000         0.9000000000         0.6385017699         4.4809486244       -18.2048942465
        2.8503952000         0.9000000000         0.6538157310         4.4248073203       -17.8059703011
        2.8553969000         0.9000000000         0.6308447893         4.3431472416       -18.4043562192
        2.8604120000         0.9000000000         0.6436064236         4.2691427953       -18.0719195981
        2.8654224000         0.9000000000         0.6461587505         4.2053458588       -18.0054322738
        2.8704079000         0.9000000000         0.6538157310         4.1338932900       -17.8059703011
        2.8753924000         0.9000000000         0.6487110773         4.0649925986       -17.9389449496
        2.8804350000         0.9000000000         0.6385017699         3.9909881523       -18.2048942465
        2.8854100000         0.9000000000         0.6563680579         3.9271912158       -17.7394829769
        2.8903923000         0.9000000000         0.6410540967         3.8608424019       -18.1384069223
        2.8954160000         0.9000000000         0.6461587505         3.7919417105       -18.0054322738
        2.9004032000         0.9000000000         0.6487110773         3.7204891416       -17.9389449496
        2.9054054000         0.9000000000         0.6359494430         3.6490365728       -18.2713815707
        2.9104219000         0.9000000000         0.6461587505         3.5852396363       -18.0054322738
        2.9160320000         0.9000000000         0.6385017699         3.4959239252       -18.2048942465
        2.9207020000         0.9000000000         0.6436064236         3.4397826211       -18.0719195981
        2.9255775000         0.9000000000         0.6589203847         3.3708819297       -17.6729956527
        2.9303960000         0.9000000000         0.6333971162         3.3019812383       -18.3378688950
        2.9354243000         0.9000000000         0.6538157310         3.2305286695       -17.8059703011
        2.9403904000         0.9000000000         0.6487110773         3.1692836105       -17.9389449496
        2.9454102000         0.9000000000         0.6461587505         3.0901754092       -18.0054322738
        2.9504105000         0.9000000000         0.6538157310         3.0314822277       -17.8059703011
        2.9554652000         0.9000000000         0.6410540967         2.9651334138       -18.1384069223
        2.9604054000         0.9000000000         0.6538157310         2.8885770900       -17.8059703011
        2.9654146000         0.9000000000         0.6359494430         2.8196763986       -18.2713815707
        2.9704141000         0.9000000000         0.6589203847         2.7507757072       -17.6729956527
        2.9754035000         0.9000000000         0.6410540967         2.6818750158       -18.1384069223
        2.9804138000         0.9000000000         0.6512634042         2.6129743244       -17.8724576254
        2.9853968000         0.9000000000         0.6436064236         2.5466255105       -18.0719195981
        2.9904116000         0.9000000000         0.6538157310         2.4751729416       -17.8059703011
        2.9954138000         0.9000000000         0.6487110773         2.4113760052       -17.9389449496
        3.0003974000         0.9000000000         0.6589203847         2.3373715588       -17.6729956527
        3.0054079000         0.9000000000         0.6512634042         2.2812302547       -17.8724576254
        3.0104205000         0.9000000000         0.6512634042         2.2021220535       -17.8724576254
        3.0154242000         0.9000000000         0.6385017699         2.1357732396       -18.2048942465
        3.0204148000         0.9000000000         0.6563680579         2.0694244256       -17.7394829769
        3.0253942000         0.9000000000         0.6385017699         2.0005237343       -18.2048942465
        3.0304268000         0.9000000000         0.6563680579         1.9316230429       -17.7394829769
        3.0354054000         0.9000000000         0.6487110773         1.8601704740       -17.9389449496
        3.0404377000         0.9000000000         0.6385017699         1.7912697826       -18.2048942465
        3.0454012000         0.9000000000         0.6665773653         1.7351284785       -17.4735336800
        3.0504074000         0.9000000000         0.6410540967         1.6636759097       -18.1384069223
        3.0554006000         0.9000000000         0.6614727116         1.5922233408       -17.6065083285
        3.0604120000         0.9000000000         0.6538157310         1.5258745269       -17.8059703011
        3.0654054000         0.9000000000         0.6563680579         1.4595257129       -17.7394829769
        3.0704301000         0.9000000000         0.6436064236         1.3855212666       -18.0719195981
        3.0754359000         0.9000000000         0.6538157310         1.3217243302       -17.8059703011
        3.0804196000         0.9000000000         0.6563680579         1.2528236388       -17.7394829769
        3.0854237000         0.9000000000         0.6691296922         1.1941304572       -17.4070463558
        3.0904370000         0.9000000000         0.6461587505         1.1175741334       -18.0054322738
        3.0955212000         0.9000000000         0.6614727116         1.0588809519       -17.6065083285
        3.1009406000         0.9000000000         0.6487110773         0.9746689957       -17.9389449496
        3.1056667000         0.9000000000         0.6589203847         0.9108720593       -17.6729956527
        3.1106108000         0.9000000000         0.6538157310         0.8394194904       -17.8059703011
        3.1154072000         0.9000000000         0.6538157310         0.7679669216       -17.8059703011
        3.1204357000         0.9000000000         0.6614727116         0.7092737400       -17.6065083285
        3.1254464000         0.9000000000         0.6563680579         0.6327174162       -17.7394829769
        3.1304288000         0.9000000000         0.6385017699         0.5638167248       -18.2048942465
        3.1356209000         0.9000000000         0.6512634042         0.4949160334       -17.8724576254
        3.1405668000         0.9000000000         0.6538157310         0.4183597097       -17.8059703011
        3.1454496000         0.9000000000         0.6538157310         0.3596665281       -17.8059703011
        3.1504511000         0.9000000000         0.6282924625         0.2754545720       -18.4708435434
        3.1554259000         0.9000000000         0.6538157310         0.2091057580       -17.8059703011
        3.1604117000         0.9000000000         0.6461587505         0.1376531892       -18.0054322738
        3.1654154000         0.9000000000         0.6385017699         0.0610968654       -18.2048942465
        3.1704019000         0.9000000000         0.6716820190         0.0075074388       -17.3405590316
        3.1754060000         0.9000000000         0.6359494430        -0.0027000711       -18.2713815707
        3.1804204000         0.9000000000         0.6487110773         1.0971591138       -17.9389449496
        3.1854062000         0.9000000000         0.6385017699         4.9989797486       -18.2048942465
        3.1904220000         0.9000000000         0.6563680579         5.0066353810       -17.7394829769
        3.1954167000         0.9000000000         0.6410540967         4.9504940769       -18.1384069223
        3.2004098000         0.9000000000         0.6512634042         4.8739377531       -17.8724576254
        3.2054183000         0.9000000000         0.6487110773         4.7999333068       -17.9389449496
        3.2104365000         0.9000000000         0.6282924625         4.7233769830       -18.4708435434
        3.2154446000         0.9000000000         0.6538157310         4.6570281691       -17.8059703011
        3.2204535000         0.9000000000         0.6512634042         4.5779199678       -17.8724576254
        3.2254728000         0.9000000000         0.6512634042         4.5141230314       -17.8724576254
        3.2306850000         0.9000000000         0.6487110773         4.4401185851       -17.9389449496
        3.2354327000         0.9000000000         0.6512634042         4.3712178937       -17.8724576254
        3.2404267000         0.9000000000         0.6665773653         4.3074209572       -17.4735336800
        3.2454222000         0.9000000000         0.6436064236         4.2308646334       -18.0719195981
        3.2504294000         0.9000000000         0.6487110773         4.1594120646       -17.9389449496
        3.2554132000         0.9000000000         0.6563680579         4.0930632506       -17.7394829769
        3.2604027000         0.9000000000         0.6410540967         4.0292663142       -18.1384069223
        3.2654606000         0.9000000000         0.6767866727         3.9629175002       -17.2075843831
        3.2704248000         0.9000000000         0.6436064236         3.8914649314       -18.0719195981
        3.2754331000         0.9000000000         0.6589203847         3.8225642400       -17.6729956527
        3.2804112000         0.9000000000         0.6818913264         3.7562154260       -17.0746097347
        3.2854220000         0.9000000000         0.6410540967         3.6796591023       -18.1384069223
        3.2904132000         0.9000000000         0.6487110773         3.6082065334       -17.9389449496
        3.2954480000         0.9000000000         0.6410540967         3.5393058420       -18.1384069223
        3.3003968000         0.9000000000         0.6563680579         3.4704051506       -17.7394829769
        3.3054387000         0.9000000000         0.6385017699         3.3938488269       -18.2048942465
        3.3108164000         0.9000000000         0.6512634042         3.3300518904       -17.8724576254
        3.3156073000         0.9000000000         0.6589203847         3.2713587088       -17.6729956527
        3.3208496000         0.9000000000         0.6333971162         3.1871467527       -18.3378688950
        3.3254184000         0.9000000000         0.6563680579         3.1233498162       -17.7394829769
        3.3306564000         0.9000000000         0.6538157310         3.0595528797       -17.8059703011
        3.3354737000         0.9000000000         0.6461587505         2.9855484334       -18.0054322738
        3.3403951000         0.9000000000         0.6538157310         2.9243033744       -17.8059703011
        3.3455176000         0.9000000000         0.6385017699         2.8528508056       -18.2048942465
        3.3504169000         0.9000000000         0.6563680579         2.7865019916       -17.7394829769
        3.3554319000         0.9000000000         0.6614727116         2.7252569326       -17.6065083285
        3.3604166000         0.9000000000         0.6742343459         2.6563562412       -17.2740717073
        3.3654379000         0.9000000000         0.6563680579         2.5823517949       -17.7394829769
        3.3704200000         0.9000000000         0.6436064236         2.5083473486       -18.0719195981
        3.3754089000         0.9000000000         0.6512634042         2.4471022896       -17.8724576254
        3.3804174000         0.9000000000         0.6359494430         2.3730978433       -18.2713815707
        3.3854405000         0.9000000000         0.6614727116         2.3118527843       -17.6065083285
        3.3904069000         0.9000000000         0.6359494430         2.2404002154       -18.2713815707
        3.3953852000         0.9000000000         0.6665773653         2.1740514015       -17.4735336800
        3.4004058000         0.9000000000         0.6410540967         2.1000469552       -18.1384069223
        3.4054061000         0.9000000000         0.6512634042         2.0362500187       -17.8724576254
        3.4104170000         0.9000000000         0.6538157310         1.9673493273       -17.8059703011
        3.4154274000         0.9000000000         0.6614727116         1.9061042683       -17.6065083285
        3.4204027000         0.9000000000         0.6512634042         1.8269960670       -17.8724576254
        3.4254203000         0.9000000000         0.6921006339         1.7734066404       -16.8086604377
        3.4304302000         0.9000000000         0.6436064236         1.6968503166       -18.0719195981
        3.4354036000         0.9000000000         0.6487110773         1.6330533802       -17.9389449496
        3.4404103000         0.9000000000         0.6563680579         1.5718083211       -17.7394829769
        3.4453966000         0.9000000000         0.6589203847         1.4978038748       -17.6729956527
        3.4504278000         0.9000000000         0.6538157310         1.4340069384       -17.8059703011
        3.4554010000         0.9000000000         0.6538157310         1.3651062470       -17.8059703011
        3.4604218000         0.9000000000         0.6436064236         1.2911018006       -18.0719195981
        3.4654177000         0.9000000000         0.6538157310         1.2222011093       -17.8059703011
        3.4704233000         0.9000000000         0.6436064236         1.1481966629       -18.0719195981
        3.4754365000         0.9000000000         0.6512634042         1.0869516039       -17.8724576254
        3.4804342000         0.9000000000         0.6589203847         1.0180509125       -17.6729956527
        3.4853988000         0.9000000000         0.6563680579         0.9491502211       -17.7394829769
        3.4904363000         0.9000000000         0.6538157310         0.8802495297       -17.8059703011
        3.4954128000         0.9000000000         0.6333971162         0.8113488384       -18.3378688950
        3.5004171000         0.9000000000         0.6691296922         0.7424481470       -17.4070463558
        3.5054097000         0.9000000000         0.6461587505         0.6709955781       -18.0054322738
        3.5104164000         0.9000000000         0.6563680579         0.6020948867       -17.7394829769
        3.5153978000         0.9000000000         0.6282924625         0.5255385629       -18.4708435434
        3.5204333000         0.9000000000         0.6614727116         0.4617416265       -17.6065083285
        3.5254179000         0.9000000000         0.6410540967         0.3826334252       -18.1384069223
        3.5304300000         0.9000000000         0.6614727116         0.3264921211       -17.6065083285
        3.5354029000         0.9000000000         0.6487110773         0.2422801650       -17.9389449496
        3.5405554000         0.9000000000         0.6512634042         0.1759313511       -17.8724576254
        3.5454039000         0.9000000000         0.6410540967         0.1044787822       -18.1384069223
        3.5504213000         0.9000000000         0.6538157310         0.0330262134       -17.8059703011
        3.5554194000         0.9000000000         0.6512634042         0.0049555613       -17.8724576254
        3.5603999000         0.9000000000         0.6359494430        -0.0027000711       -18.2713815707
        3.5654119000         0.9000000000         0.6563680579         4.9989797486       -17.7394829769
        3.5703941000         0.9000000000         0.6461587505         5.0040835035       -18.0054322738
        3.5754314000         0.9000000000         0.6512634042         4.9913241162       -17.8724576254
        3.5804068000         0.9000000000         0.6512634042         4.9198715474       -17.8724576254
        3.5854137000         0.9000000000         0.6538157310         4.8433152236       -17.8059703011
        3.5904039000         0.9000000000         0.6614727116         4.7769664097       -17.6065083285
        3.5954347000         0.9000000000         0.6410540967         4.6978582084       -18.1384069223
        3.6003916000         0.9000000000         0.6538157310         4.6238537621       -17.8059703011
        3.6054019000         0.9000000000         0.6538157310         4.5549530707       -17.8059703011
        3.6104140000         0.9000000000         0.6461587505         4.4835005019       -18.0054322738
        3.6154264000         0.9000000000         0.6589203847         4.4120479330       -17.6729956527
        3.6204264000         0.9000000000         0.6538157310         4.3405953642       -17.8059703011
        3.6254135000         0.9000000000         0.6436064236         4.2665909178       -18.0719195981
        3.6304163000         0.9000000000         0.6589203847         4.2078977363       -17.6729956527
        3.6354346000         0.9000000000         0.6461587505         4.1262376576       -18.0054322738
        3.6404105000         0.9000000000         0.6563680579         4.0649925986       -17.7394829769
        3.6454183000         0.9000000000         0.6512634042         4.0037475396       -17.8724576254
        3.6504086000         0.9000000000         0.6512634042         3.9348468482       -17.8724576254
        3.6554183000         0.9000000000         0.6538157310         3.8582905244       -17.8059703011
        3.6604028000         0.9000000000         0.6487110773         3.7919417105       -17.9389449496
        3.6654046000         0.9000000000         0.6487110773         3.7153853867       -17.9389449496
        3.6704106000         0.9000000000         0.6436064236         3.6515884502       -18.0719195981
        3.6754233000         0.9000000000         0.6640250384         3.5877915138       -17.5400210042
        3.6804094000         0.9000000000         0.6512634042         3.5214426998       -17.8724576254
        3.6854235000         0.9000000000         0.6359494430         3.4397826211       -18.2713815707
        3.6904038000         0.9000000000         0.6461587505         3.3657781748       -18.0054322738
        3.6954115000         0.9000000000         0.6512634042         3.3070849933       -17.8724576254
        3.7004200000         0.9000000000         0.6614727116         3.2509436892       -17.6065083285
        3.7054322000         0.9000000000         0.6436064236         3.1718354879       -18.0719195981
        3.7104097000         0.9000000000         0.6563680579         3.0978310416       -17.7394829769
        3.7154387000         0.9000000000         0.6487110773         3.0314822277       -17.9389449496
        3.7204288000         0.9000000000         0.6385017699         2.9625815363       -18.2048942465
        3.7264256000         0.9000000000         0.6742343459         2.9013364773       -17.2740717073
        3.7305950000         0.9000000000         0.6180831550         2.8196763986       -18.7367928403
        3.7360762000         0.9000000000         0.6614727116         2.7507757072       -17.6065083285
        3.7405095000         0.9000000000         0.6410540967         2.6920825256       -18.1384069223
        3.7454478000         0.9000000000         0.6640250384         2.6180780793       -17.5400210042
        3.7507466000         0.9000000000         0.6461587505         2.5542811429       -18.0054322738
        3.7560891000         0.9000000000         0.6512634042         2.4751729416       -17.8724576254
        3.7604157000         0.9000000000         0.6487110773         2.4113760052       -17.9389449496
        3.7654212000         0.9000000000         0.6512634042         2.3501309461       -17.8724576254
        3.7704175000         0.9000000000         0.6512634042         2.2837821322       -17.8724576254
        3.7754597000         0.9000000000         0.6461587505         2.2097776859       -18.0054322738
        3.7804033000         0.9000000000         0.6742343459         2.1536363818       -17.2740717073
        3.7858759000         0.9000000000         0.6563680579         2.0796319355       -17.7394829769
        3.7906985000         0.9000000000         0.6333971162         2.0005237343       -18.3378688950
        3.7954300000         0.9000000000         0.6614727116         1.9469343076       -17.6065083285
        3.8004142000         0.9000000000         0.6589203847         1.8780336162       -17.6729956527
        3.8055068000         0.9000000000         0.6487110773         1.8065810474       -17.9389449496
        3.8104049000         0.9000000000         0.6512634042         1.7325766011       -17.8724576254
        3.8154240000         0.9000000000         0.6410540967         1.6738834195       -18.1384069223
        3.8204252000         0.9000000000         0.6538157310         1.6100864830       -17.8059703011
        3.8254266000         0.9000000000         0.6410540967         1.5360820367       -18.1384069223
        3.8304465000         0.9000000000         0.6512634042         1.4620775904       -17.8724576254
        3.8354212000         0.9000000000         0.6333971162         1.3931768990       -18.3378688950
        3.8405486000         0.9000000000         0.6538157310         1.3242762076       -17.8059703011
        3.8454419000         0.9000000000         0.6487110773         1.2604792711       -17.9389449496
        3.8504000000         0.9000000000         0.6538157310         1.1890267023       -17.8059703011
        3.8554139000         0.9000000000         0.6436064236         1.1277816433       -18.0719195981
        3.8604025000         0.9000000000         0.6614727116         1.0614328293       -17.6065083285
        3.8654320000         0.9000000000         0.6436064236         0.9823246281       -18.0719195981
        3.8704335000         0.9000000000         0.6869959802         0.9236314466       -16.9416350862
        3.8754308000         0.9000000000         0.6436064236         0.8521788777       -18.0719195981
        3.8804111000         0.9000000000         0.6512634042         0.7781744314       -17.8724576254
        3.8854145000         0.9000000000         0.6563680579         0.7118256175       -17.7394829769
        3.8904060000         0.9000000000         0.6538157310         0.6352692937       -17.8059703011
        3.8954151000         0.9000000000         0.6487110773         0.5740242347       -17.9389449496
        3.9003997000         0.9000000000         0.6589203847         0.5051235433       -17.6729956527
        3.9054082000         0.9000000000         0.6563680579         0.4387747293       -17.7394829769
        3.9104103000         0.9000000000         0.6461587505         0.3571146507       -18.0054322738
        3.9154496000         0.9000000000         0.6614727116         0.2907658367       -17.6065083285
        3.9204296000         0.9000000000         0.6563680579         0.2218651453       -17.7394829769
        3.9254339000         0.9000000000         0.6512634042         0.1478606990       -17.8724576254
        3.9304178000         0.9000000000         0.6589203847         0.0764081302       -17.6729956527
        3.9353991000         0.9000000000         0.6589203847         0.0049555613       -17.6729956527
        3.9405017000         0.9000000000         0.6512634042         0.0049555613       -17.8724576254
        3.9454206000         0.9000000000         0.6512634042         1.1048147461       -17.8724576254
        3.9504117000         0.9000000000         0.6385017699         4.9989797486       -18.2048942465
        3.9553961000         0.9000000000         0.6614727116         5.0040835035       -17.6065083285
        3.9604227000         0.9000000000         0.6206354819         4.9581497092       -18.6703055161
        3.9654089000         0.9000000000         0.6563680579         4.8866971404       -17.7394829769
        3.9704136000         0.9000000000         0.6512634042         4.8075889392       -17.8724576254
        3.9754272000         0.9000000000         0.6436064236         4.7437920027       -18.0719195981
        3.9804035000         0.9000000000         0.6538157310         4.6697875564       -17.8059703011
        3.9854079000         0.9000000000         0.6538157310         4.6034387424       -17.8059703011
        3.9904292000         0.9000000000         0.6512634042         4.5294342961       -17.8724576254
        3.9954058000         0.9000000000         0.6487110773         4.4554298498       -17.9389449496
        4.0004098000         0.9000000000         0.6716820190         4.3814254035       -17.3405590316
