% Sweep Step 152/200  Vcmd=0.7000V  CCW 
% Vg_offset=1.337508V  K_gimbal=26.049690

Time[s]              Vcmd[V]              Vg_raw[V]            Pot[V]             Omega[rad/s]
        0.0021780000         0.7000000000         1.3531532897         4.9530459543         0.4075672975
        0.0054337000         0.7000000000         1.3352870017         4.9530459543        -0.0578439721
        0.0104381000         0.7000000000         1.3378393285         4.9530459543         0.0086433521
        0.0154838000         0.7000000000         1.2229846200         4.9453903219        -2.9832862381
        0.0205329000         0.7000000000         0.9600949538         4.9173196699        -9.8314806334
        0.0254603000         0.7000000000         1.0851589698         4.8892490178        -6.5736017463
        0.0304465000         0.7000000000         0.9345716852         4.8484189785       -10.4963538757
        0.0354534000         0.7000000000         0.9575426269         4.8075889392        -9.8979679576
        0.0404339000         0.7000000000         0.8758681675         4.7565513900       -12.0255623329
        0.0454192000         0.7000000000         0.8835251481         4.7055138408       -11.8261003602
        0.0505377000         0.7000000000         0.8528972258         4.6697875564       -12.6239482509
        0.0554299000         0.7000000000         0.8324786110         4.6187500072       -13.1558468447
        0.0604228000         0.7000000000         0.8707635138         4.5575049482       -12.1585369813
        0.0657059000         0.7000000000         0.7839844007         4.5013636441       -14.4191060050
        0.0703968000         0.7000000000         0.7941937081         4.4401185851       -14.1531567081
        0.0754011000         0.7000000000         0.7431471710         4.3839772810       -15.4829031927
        0.0803937000         0.7000000000         0.7839844007         4.3329397318       -14.4191060050
        0.0854608000         0.7000000000         0.7788797470         4.2716946728       -14.5520806535
        0.0904084000         0.7000000000         0.7559088053         4.2130014912       -15.1504665715
        0.0954340000         0.7000000000         0.7150715756         4.1466526773       -16.2142637592
        0.1003987000         0.7000000000         0.7431471710         4.0905113732       -15.4829031927
        0.1053987000         0.7000000000         0.6997576144         4.0267144367       -16.6131877045
        0.1103906000         0.7000000000         0.7176239024         3.9680212551       -16.1477764349
        0.1153926000         0.7000000000         0.7023099413         3.9093280736       -16.5467003803
        0.1204024000         0.7000000000         0.7150715756         3.8506348920       -16.2142637592
        0.1253942000         0.7000000000         0.6946529607         3.7868379556       -16.7461623530
        0.1304037000         0.7000000000         0.6895483070         3.7179372642       -16.8791370014
        0.1354058000         0.7000000000         0.6716820190         3.6439328179       -17.3445482710
        0.1403955000         0.7000000000         0.6818913264         3.5801358814       -17.0785989741
        0.1454861000         0.7000000000         0.6767866727         3.5188908224       -17.2115736226
        0.1504352000         0.7000000000         0.6793389996         3.4627495183       -17.1450862983
        0.1554230000         0.7000000000         0.6793389996         3.3938488269       -17.1450862983
        0.1605678000         0.7000000000         0.6589203847         3.3147406256       -17.6769848921
        0.1657247000         0.7000000000         0.6691296922         3.2560474441       -17.4110355952
        0.1703939000         0.7000000000         0.6589203847         3.1896986301       -17.6769848921
        0.1754008000         0.7000000000         0.6716820190         3.1284535711       -17.3445482710
        0.1803857000         0.7000000000         0.6563680579         3.0595528797       -17.7434722164
        0.1854227000         0.7000000000         0.6461587505         2.9855484334       -18.0094215133
        0.1904081000         0.7000000000         0.6512634042         2.9191996195       -17.8764468648
        0.1954214000         0.7000000000         0.6385017699         2.8528508056       -18.2088834860
        0.2004021000         0.7000000000         0.6563680579         2.7813982367       -17.7434722164
        0.2054554000         0.7000000000         0.6359494430         2.7201531777       -18.2753708102
        0.2104305000         0.7000000000         0.6563680579         2.6461487314       -17.7434722164
        0.2154547000         0.7000000000         0.6206354819         2.5772480400       -18.6742947555
        0.2204278000         0.7000000000         0.6436064236         2.5057954711       -18.0759088375
        0.2254215000         0.7000000000         0.6436064236         2.4419985347       -18.0759088375
        0.2304177000         0.7000000000         0.6742343459         2.3654422109       -17.2780609468
        0.2354010000         0.7000000000         0.6308447893         2.3016452744       -18.4083454586
        0.2404195000         0.7000000000         0.6206354819         2.2327445830       -18.6742947555
        0.2454303000         0.7000000000         0.6359494430         2.1663957691       -18.2753708102
        0.2504250000         0.7000000000         0.6206354819         2.0898394453       -18.6742947555
        0.2555303000         0.7000000000         0.6257401356         2.0158349990       -18.5413201071
        0.2604299000         0.7000000000         0.6129785013         1.9418305527       -18.8737567282
        0.2654339000         0.7000000000         0.6282924625         1.8831373711       -18.4748327829
        0.2704129000         0.7000000000         0.6155308282         1.8091329248       -18.8072694040
        0.2754214000         0.7000000000         0.6155308282         1.7351284785       -18.8072694040
        0.2804096000         0.7000000000         0.6104261745         1.6687796646       -18.9402440525
        0.2853975000         0.7000000000         0.6180831550         1.5973270957       -18.7407820798
        0.2904448000         0.7000000000         0.6206354819         1.5309782818       -18.6742947555
        0.2954095000         0.7000000000         0.6002168670         1.4518700806       -19.2061933494
        0.3005902000         0.7000000000         0.6104261745         1.3855212666       -18.9402440525
        0.3054045000         0.7000000000         0.6359494430         1.3115168203       -18.2753708102
        0.3104096000         0.7000000000         0.6129785013         1.2502717613       -18.8737567282
        0.3153972000         0.7000000000         0.6104261745         1.1686116826       -18.9402440525
        0.3204017000         0.7000000000         0.6002168670         1.0920553588       -19.2061933494
        0.3253924000         0.7000000000         0.6104261745         1.0282584224       -18.9402440525
        0.3304028000         0.7000000000         0.5976645402         0.9491502211       -19.2726806736
        0.3354151000         0.7000000000         0.6129785013         0.8828014072       -18.8737567282
        0.3403975000         0.7000000000         0.6053215207         0.8036932060       -19.0732187009
        0.3454957000         0.7000000000         0.6078738476         0.7296887597       -19.0067313767
        0.3504135000         0.7000000000         0.6027691939         0.6633399457       -19.1397060251
        0.3554676000         0.7000000000         0.5900075596         0.5765761121       -19.4721426463
        0.3603948000         0.7000000000         0.6027691939         0.5076754207       -19.1397060251
        0.3654065000         0.7000000000         0.6129785013         0.4438784843       -18.8737567282
        0.3703925000         0.7000000000         0.5951122133         0.3571146507       -19.3391679978
        0.3753992000         0.7000000000         0.5874552328         0.2831102043       -19.5386299705
        0.3803929000         0.7000000000         0.5951122133         0.1988982482       -19.3391679978
        0.3853891000         0.7000000000         0.6027691939         0.1299975568       -19.1397060251
        0.3903967000         0.7000000000         0.5976645402         0.0559931105       -19.2726806736
        0.3954037000         0.7000000000         0.6129785013        -0.0001481936       -18.8737567282
        0.4003908000         0.7000000000         0.5797982522         0.0024036839       -19.7380919432
        0.4053996000         0.7000000000         0.5976645402         1.1022628687       -19.2726806736
        0.4104094000         0.7000000000         0.6053215207         5.0142910133       -19.0732187009
        0.4153895000         0.7000000000         0.6053215207         4.9887722387       -19.0732187009
        0.4203967000         0.7000000000         0.6002168670         4.9096640375       -19.2061933494
        0.4253824000         0.7000000000         0.5925598865         4.8305558363       -19.4056553220
        0.4304020000         0.7000000000         0.5925598865         4.7437920027       -19.4056553220
        0.4353976000         0.7000000000         0.6002168670         4.6723394338       -19.2061933494
        0.4403932000         0.7000000000         0.5976645402         4.5983349875       -19.2726806736
        0.4455018000         0.7000000000         0.6078738476         4.5268824187       -19.0067313767
        0.4504319000         0.7000000000         0.5900075596         4.4452223400       -19.4721426463
        0.4554205000         0.7000000000         0.5976645402         4.3686660162       -19.2726806736
        0.4603976000         0.7000000000         0.5874552328         4.2895578150       -19.5386299705
        0.4655131000         0.7000000000         0.6078738476         4.2206571236       -19.0067313767
        0.4705981000         0.7000000000         0.5925598865         4.1441007998       -19.4056553220
        0.4753965000         0.7000000000         0.6104261745         4.0803038633       -18.9402440525
        0.4804023000         0.7000000000         0.5849029059         3.9986437847       -19.6051172947
        0.4853930000         0.7000000000         0.6180831550         3.9297430933       -18.7407820798
        0.4903998000         0.7000000000         0.6410540967         3.8582905244       -18.1423961617
        0.4953883000         0.7000000000         0.5925598865         3.7791823232       -19.4056553220
        0.5003957000         0.7000000000         0.5976645402         3.7026259994       -19.2726806736
        0.5054042000         0.7000000000         0.5900075596         3.6286215531       -19.4721426463
        0.5105581000         0.7000000000         0.6053215207         3.5546171068       -19.0732187009
        0.5154257000         0.7000000000         0.6002168670         3.4857164154       -19.2061933494
        0.5204381000         0.7000000000         0.6053215207         3.4117119691       -19.0732187009
        0.5254518000         0.7000000000         0.6053215207         3.3351556453       -19.0732187009
        0.5304384000         0.7000000000         0.5951122133         3.2611511990       -19.3391679978
        0.5354427000         0.7000000000         0.5849029059         3.1845948752       -19.6051172947
        0.5404207000         0.7000000000         0.6002168670         3.1182460613       -19.2061933494
        0.5454290000         0.7000000000         0.6053215207         3.0442416150       -19.0732187009
        0.5504299000         0.7000000000         0.5925598865         2.9778928011       -19.4056553220
        0.5554276000         0.7000000000         0.6155308282         2.9038883547       -18.8072694040
        0.5604501000         0.7000000000         0.5874552328         2.8222282761       -19.5386299705
        0.5654543000         0.7000000000         0.6129785013         2.7558794621       -18.8737567282
        0.5704204000         0.7000000000         0.6002168670         2.6818750158       -19.2061933494
        0.5754889000         0.7000000000         0.6053215207         2.6129743244       -19.0732187009
        0.5804960000         0.7000000000         0.5925598865         2.5287623683       -19.4056553220
        0.5855260000         0.7000000000         0.5797982522         2.4547579220       -19.7380919432
        0.5904611000         0.7000000000         0.6385017699         2.3833053531       -18.2088834860
        0.5954657000         0.7000000000         0.6104261745         2.3220602941       -18.9402440525
        0.6004205000         0.7000000000         0.5900075596         2.2455039703       -19.4721426463
        0.6054279000         0.7000000000         0.6002168670         2.1612920142       -19.2061933494
        0.6104175000         0.7000000000         0.5874552328         2.0898394453       -19.5386299705
        0.6154264000         0.7000000000         0.5874552328         2.0234906314       -19.5386299705
        0.6204285000         0.7000000000         0.6053215207         1.9494861851       -19.0732187009
        0.6254759000         0.7000000000         0.5900075596         1.8703779838       -19.4721426463
        0.6304233000         0.7000000000         0.5797982522         1.7989254150       -19.7380919432
        0.6354352000         0.7000000000         0.6027691939         1.7325766011       -19.1397060251
        0.6404169000         0.7000000000         0.5900075596         1.6662277871       -19.4721426463
        0.6454297000         0.7000000000         0.6104261745         1.5871195859       -18.9402440525
        0.6504863000         0.7000000000         0.5951122133         1.5156670170       -19.3391679978
        0.6553992000         0.7000000000         0.5874552328         1.4365588158       -19.5386299705
        0.6604244000         0.7000000000         0.5900075596         1.3702100019       -19.4721426463
        0.6654769000         0.7000000000         0.5951122133         1.3013093105       -19.3391679978
        0.6704275000         0.7000000000         0.5900075596         1.2170973543       -19.4721426463
        0.6757811000         0.7000000000         0.5849029059         1.1430929080       -19.6051172947
        0.6804388000         0.7000000000         0.5976645402         1.0792959716       -19.2726806736
        0.6855755000         0.7000000000         0.5900075596         0.9976358929       -19.4721426463
        0.6904335000         0.7000000000         0.5925598865         0.9312870789       -19.4056553220
        0.6954322000         0.7000000000         0.6002168670         0.8572826326       -19.2061933494
        0.7004185000         0.7000000000         0.6053215207         0.7883819412       -19.0732187009
        0.7054045000         0.7000000000         0.6104261745         0.7092737400       -18.9402440525
        0.7105120000         0.7000000000         0.5900075596         0.6276136613       -19.4721426463
        0.7154253000         0.7000000000         0.5976645402         0.5536092150       -19.2726806736
        0.7204327000         0.7000000000         0.6053215207         0.4847085236       -19.0732187009
        0.7254111000         0.7000000000         0.6129785013         0.4107040773       -18.8737567282
        0.7303924000         0.7000000000         0.5925598865         0.3264921211       -19.4056553220
        0.7353884000         0.7000000000         0.6155308282         0.2524876748       -18.8072694040
        0.7403964000         0.7000000000         0.5951122133         0.1682757187       -19.3391679978
        0.7454003000         0.7000000000         0.5925598865         0.0993750273       -19.4056553220
        0.7504073000         0.7000000000         0.6078738476         0.0279224584       -19.0067313767
        0.7555417000         0.7000000000         0.5951122133         0.0024036839       -19.3391679978
        0.7604015000         0.7000000000         0.5900075596         1.1099185011       -19.4721426463
        0.7653888000         0.7000000000         0.5900075596         5.0066353810       -19.4721426463
        0.7703905000         0.7000000000         0.6002168670         5.0066353810       -19.2061933494
        0.7756431000         0.7000000000         0.5976645402         4.9530459543       -19.2726806736
        0.7803876000         0.7000000000         0.6078738476         4.8790415080       -19.0067313767
        0.7853942000         0.7000000000         0.6104261745         4.8050370617       -18.9402440525
        0.7903686000         0.7000000000         0.5797982522         4.7208251056       -19.7380919432
        0.7953840000         0.7000000000         0.6053215207         4.6468206592       -19.0732187009
        0.8003999000         0.7000000000         0.6027691939         4.5728162129       -19.1397060251
        0.8054492000         0.7000000000         0.5976645402         4.4911561342       -19.2726806736
        0.8104085000         0.7000000000         0.6104261745         4.4197035654       -18.9402440525
        0.8154213000         0.7000000000         0.5849029059         4.3329397318       -19.6051172947
        0.8205833000         0.7000000000         0.6002168670         4.2614871629       -19.2061933494
        0.8254243000         0.7000000000         0.5951122133         4.1900345941       -19.3391679978
        0.8304290000         0.7000000000         0.5925598865         4.1109263928       -19.4056553220
        0.8354320000         0.7000000000         0.5951122133         4.0420257015       -19.3391679978
        0.8404574000         0.7000000000         0.5976645402         3.9705731326       -19.2726806736
        0.8454317000         0.7000000000         0.5925598865         3.9016724412       -19.4056553220
        0.8505470000         0.7000000000         0.6104261745         3.8276679949       -18.9402440525
        0.8554141000         0.7000000000         0.5976645402         3.7434560388       -19.2726806736
        0.8604372000         0.7000000000         0.5874552328         3.6745553474       -19.5386299705
        0.8654498000         0.7000000000         0.6104261745         3.6082065334       -18.9402440525
        0.8704251000         0.7000000000         0.5900075596         3.5265464547       -19.4721426463
        0.8754346000         0.7000000000         0.5874552328         3.4576457633       -19.5386299705
        0.8804668000         0.7000000000         0.6002168670         3.3785375621       -19.2061933494
        0.8857858000         0.7000000000         0.5976645402         3.3070849933       -19.2726806736
        0.8904855000         0.7000000000         0.5900075596         3.2254249146       -19.4721426463
        0.8954220000         0.7000000000         0.5874552328         3.1590761006       -19.5386299705
        0.9004260000         0.7000000000         0.6002168670         3.0901754092       -19.2061933494
        0.9054012000         0.7000000000         0.5874552328         3.0161709629       -19.5386299705
        0.9103881000         0.7000000000         0.5925598865         2.9319590068       -19.4056553220
        0.9154114000         0.7000000000         0.6002168670         2.8656101929       -19.2061933494
        0.9204016000         0.7000000000         0.5874552328         2.7967095015       -19.5386299705
        0.9254126000         0.7000000000         0.5849029059         2.7176013002       -19.6051172947
        0.9304232000         0.7000000000         0.6027691939         2.6512524863       -19.1397060251
        0.9354061000         0.7000000000         0.6002168670         2.5721442851       -19.2061933494
        0.9404172000         0.7000000000         0.5849029059         2.5006917162       -19.6051172947
        0.9455039000         0.7000000000         0.5900075596         2.4292391474       -19.4721426463
        0.9505037000         0.7000000000         0.5874552328         2.3501309461       -19.5386299705
        0.9553932000         0.7000000000         0.5925598865         2.2812302547       -19.4056553220
        0.9604247000         0.7000000000         0.6027691939         2.2097776859       -19.1397060251
        0.9654491000         0.7000000000         0.5951122133         2.1281176072       -19.3391679978
        0.9704196000         0.7000000000         0.5797982522         2.0566650383       -19.7380919432
        0.9754269000         0.7000000000         0.5772459253         1.9724530822       -19.8045792674
        0.9808421000         0.7000000000         0.5900075596         1.9137599006       -19.4721426463
        0.9854197000         0.7000000000         0.5925598865         1.8346516994       -19.4056553220
        0.9904321000         0.7000000000         0.5772459253         1.7555434982       -19.8045792674
        0.9954328000         0.7000000000         0.5874552328         1.6891946843       -19.5386299705
        1.0004199000         0.7000000000         0.5874552328         1.6151902379       -19.5386299705
        1.0054296000         0.7000000000         0.5823505790         1.5335301593       -19.6716046189
        1.0104309000         0.7000000000         0.5951122133         1.4697332228       -19.3391679978
        1.0154260000         0.7000000000         0.5823505790         1.3931768990       -19.6716046189
        1.0204549000         0.7000000000         0.5823505790         1.3140686978       -19.6716046189
        1.0254442000         0.7000000000         0.6002168670         1.2528236388       -19.2061933494
        1.0304210000         0.7000000000         0.5849029059         1.1711635601       -19.6051172947
        1.0354400000         0.7000000000         0.5900075596         1.1022628687       -19.4721426463
        1.0404416000         0.7000000000         0.5925598865         1.0282584224       -19.4056553220
        1.0454262000         0.7000000000         0.5746935985         0.9465983437       -19.8710665916
        1.0504298000         0.7000000000         0.5900075596         0.8776976523       -19.4721426463
        1.0554165000         0.7000000000         0.5772459253         0.8036932060       -19.8045792674
        1.0604285000         0.7000000000         0.5900075596         0.7194812498       -19.4721426463
        1.0654516000         0.7000000000         0.5925598865         0.6480286810       -19.4056553220
        1.0704551000         0.7000000000         0.5772459253         0.5663686023       -19.8045792674
        1.0754281000         0.7000000000         0.5874552328         0.5025716658       -19.5386299705
        1.0804119000         0.7000000000         0.5874552328         0.4209115871       -19.5386299705
        1.0854256000         0.7000000000         0.5900075596         0.3469071408       -19.4721426463
        1.0904269000         0.7000000000         0.5976645402         0.2780064494       -19.2726806736
        1.0954633000         0.7000000000         0.5925598865         0.1937944933       -19.4056553220
        1.1004160000         0.7000000000         0.5900075596         0.1146862920       -19.4721426463
        1.1054261000         0.7000000000         0.5874552328         0.0355780908       -19.5386299705
        1.1104331000         0.7000000000         0.6129785013         0.0075074388       -18.8737567282
        1.1154212000         0.7000000000         0.5849029059        -0.0027000711       -19.6051172947
        1.1204097000         0.7000000000         0.5925598865         4.9964278711       -19.4056553220
        1.1254169000         0.7000000000         0.6002168670         5.0117391359       -19.2061933494
        1.1304193000         0.7000000000         0.5849029059         4.9658053416       -19.6051172947
        1.1354035000         0.7000000000         0.6027691939         4.8866971404       -19.1397060251
        1.1404054000         0.7000000000         0.5976645402         4.8101408166       -19.2726806736
        1.1453892000         0.7000000000         0.5874552328         4.7310326154       -19.5386299705
        1.1504014000         0.7000000000         0.5976645402         4.6595800465       -19.2726806736
        1.1553849000         0.7000000000         0.5874552328         4.5702643355       -19.5386299705
        1.1603965000         0.7000000000         0.5951122133         4.5039155215       -19.3391679978
        1.1653818000         0.7000000000         0.6053215207         4.4248073203       -19.0732187009
        1.1703925000         0.7000000000         0.5925598865         4.3456991191       -19.4056553220
        1.1754002000         0.7000000000         0.5951122133         4.2742465502       -19.3391679978
        1.1804176000         0.7000000000         0.6027691939         4.2002421039       -19.1397060251
        1.1856555000         0.7000000000         0.5874552328         4.1185820252       -19.5386299705
        1.1903956000         0.7000000000         0.6155308282         4.0573369662       -18.8072694040
        1.1954308000         0.7000000000         0.6053215207         3.9909881523       -19.0732187009
        1.2004286000         0.7000000000         0.5925598865         3.9093280736       -19.4056553220
        1.2054283000         0.7000000000         0.6002168670         3.8353236273       -19.2061933494
        1.2104174000         0.7000000000         0.6129785013         3.7562154260       -18.8737567282
        1.2154280000         0.7000000000         0.5925598865         3.6796591023       -19.4056553220
        1.2205105000         0.7000000000         0.5951122133         3.6082065334       -19.3391679978
        1.2254119000         0.7000000000         0.5976645402         3.5444095970       -19.2726806736
        1.2304225000         0.7000000000         0.5976645402         3.4678532732       -19.2726806736
        1.2354420000         0.7000000000         0.5925598865         3.3938488269       -19.4056553220
        1.2404082000         0.7000000000         0.6053215207         3.3249481355       -19.0732187009
        1.2454299000         0.7000000000         0.6002168670         3.2534955666       -19.2061933494
        1.2504611000         0.7000000000         0.5976645402         3.1794911203       -19.2726806736
        1.2553991000         0.7000000000         0.6053215207         3.1003829191       -19.0732187009
        1.2603972000         0.7000000000         0.5874552328         3.0238265953       -19.5386299705
        1.2654052000         0.7000000000         0.5976645402         2.9600296588       -19.2726806736
        1.2703905000         0.7000000000         0.6053215207         2.8809214576       -19.0732187009
        1.2754025000         0.7000000000         0.5874552328         2.8094688888       -19.5386299705
        1.2803794000         0.7000000000         0.5849029059         2.7303606875       -19.6051172947
        1.2853840000         0.7000000000         0.6410540967         2.6614599961       -18.1423961617
        1.2903824000         0.7000000000         0.5925598865         2.5874555498       -19.4056553220
        1.2954103000         0.7000000000         0.5900075596         2.5160029810       -19.4721426463
        1.3003898000         0.7000000000         0.5951122133         2.4368947797       -19.3391679978
        1.3054050000         0.7000000000         0.5874552328         2.3705459658       -19.5386299705
        1.3104502000         0.7000000000         0.5874552328         2.2888858871       -19.5386299705
        1.3154527000         0.7000000000         0.5874552328         2.2250889506       -19.5386299705
        1.3205679000         0.7000000000         0.6002168670         2.1459807494       -19.2061933494
        1.3254105000         0.7000000000         0.6002168670         2.0796319355       -19.2061933494
        1.3304218000         0.7000000000         0.5823505790         1.9979718568       -19.6716046189
        1.3354022000         0.7000000000         0.5900075596         1.9239674105       -19.4721426463
        1.3405591000         0.7000000000         0.5849029059         1.8499629642       -19.6051172947
        1.3454098000         0.7000000000         0.5823505790         1.7759585179       -19.6716046189
        1.3504079000         0.7000000000         0.5900075596         1.7070578265       -19.4721426463
        1.3554060000         0.7000000000         0.5772459253         1.6356052576       -19.8045792674
        1.3604267000         0.7000000000         0.5849029059         1.5616008113       -19.6051172947
        1.3653770000         0.7000000000         0.5951122133         1.4875963650       -19.3391679978
        1.3704207000         0.7000000000         0.5874552328         1.4110400412       -19.5386299705
        1.3755465000         0.7000000000         0.5849029059         1.3421393498       -19.6051172947
        1.3804385000         0.7000000000         0.5874552328         1.2681349035       -19.5386299705
        1.3854403000         0.7000000000         0.5772459253         1.1890267023       -19.8045792674
        1.3904003000         0.7000000000         0.5900075596         1.1252297658       -19.4721426463
        1.3954822000         0.7000000000         0.5849029059         1.0435696871       -19.6051172947
        1.4004860000         0.7000000000         0.5925598865         0.9721171183       -19.4056553220
        1.4054084000         0.7000000000         0.6002168670         0.9032164269       -19.2061933494
        1.4104029000         0.7000000000         0.5695889448         0.8164525933       -20.0040412401
        1.4153940000         0.7000000000         0.5976645402         0.7475519019       -19.2726806736
        1.4203993000         0.7000000000         0.5925598865         0.6735474556       -19.4056553220
        1.4254128000         0.7000000000         0.5976645402         0.5995430093       -19.2726806736
        1.4304049000         0.7000000000         0.6002168670         0.5306423179       -19.2061933494
        1.4353988000         0.7000000000         0.5976645402         0.4515341166       -19.2726806736
        1.4403858000         0.7000000000         0.5874552328         0.3698740379       -19.5386299705
        1.4453926000         0.7000000000         0.5874552328         0.2933177142       -19.5386299705
        1.4504016000         0.7000000000         0.6053215207         0.2167613904       -19.0732187009
        1.4553890000         0.7000000000         0.5849029059         0.1325494343       -19.6051172947
        1.4603924000         0.7000000000         0.5823505790         0.0559931105       -19.6716046189
        1.4654031000         0.7000000000         0.5976645402        -0.0052519485       -19.2726806736
        1.4704123000         0.7000000000         0.5721412716        -0.0027000711       -19.9375539159
        1.4754065000         0.7000000000         0.6410540967         1.1048147461       -18.1423961617
        1.4804094000         0.7000000000         0.6053215207         5.0066353810       -19.0732187009
        1.4853925000         0.7000000000         0.5951122133         4.9989797486       -19.3391679978
        1.4904043000         0.7000000000         0.6002168670         4.9224234248       -19.2061933494
        1.4953846000         0.7000000000         0.5900075596         4.8356595912       -19.4721426463
        1.5003899000         0.7000000000         0.6002168670         4.7591032674       -19.2061933494
        1.5054046000         0.7000000000         0.6002168670         4.6850988211       -19.2061933494
        1.5103942000         0.7000000000         0.5874552328         4.6008868650       -19.5386299705
        1.5154206000         0.7000000000         0.5900075596         4.5243305412       -19.4721426463
        1.5204037000         0.7000000000         0.6002168670         4.4503260949       -19.2061933494
        1.5254373000         0.7000000000         0.5823505790         4.3712178937       -19.6716046189
        1.5304305000         0.7000000000         0.6078738476         4.3023172023       -19.0067313767
        1.5354276000         0.7000000000         0.5976645402         4.2308646334       -19.2726806736
        1.5404161000         0.7000000000         0.5976645402         4.1594120646       -19.2726806736
        1.5454239000         0.7000000000         0.6129785013         4.0905113732       -18.8737567282
        1.5507416000         0.7000000000         0.5874552328         4.0062994170       -19.5386299705
        1.5554494000         0.7000000000         0.6512634042         3.9373987256       -17.8764468648
        1.5604267000         0.7000000000         0.5925598865         3.8557386469       -19.4056553220
        1.5654331000         0.7000000000         0.5976645402         3.7970454654       -19.2726806736
        1.5704164000         0.7000000000         0.5951122133         3.7128335092       -19.3391679978
        1.5754299000         0.7000000000         0.5925598865         3.6413809404       -19.4056553220
        1.5804549000         0.7000000000         0.6053215207         3.5597208617       -19.0732187009
        1.5854588000         0.7000000000         0.5849029059         3.4857164154       -19.6051172947
        1.5904309000         0.7000000000         0.5823505790         3.4117119691       -19.6716046189
        1.5954140000         0.7000000000         0.6002168670         3.3428112777       -19.2061933494
        1.6003904000         0.7000000000         0.5874552328         3.2688068314       -19.5386299705
        1.6054027000         0.7000000000         0.5925598865         3.1948023851       -19.4056553220
        1.6103882000         0.7000000000         0.5874552328         3.1259016937       -19.5386299705
        1.6153912000         0.7000000000         0.5849029059         3.0442416150       -19.6051172947
        1.6204012000         0.7000000000         0.5849029059         2.9753409236       -19.6051172947
        1.6254203000         0.7000000000         0.5925598865         2.9038883547       -19.4056553220
        1.6304288000         0.7000000000         0.5976645402         2.8349876633       -19.2726806736
        1.6354448000         0.7000000000         0.5900075596         2.7584313396       -19.4721426463
        1.6404226000         0.7000000000         0.5797982522         2.6767712609       -19.7380919432
        1.6454171000         0.7000000000         0.5900075596         2.6104224470       -19.4721426463
        1.6504361000         0.7000000000         0.5900075596         2.5364180006       -19.4721426463
        1.6554424000         0.7000000000         0.5874552328         2.4649654318       -19.5386299705
        1.6604289000         0.7000000000         0.5849029059         2.3833053531       -19.6051172947
        1.6654259000         0.7000000000         0.5900075596         2.3093009068       -19.4721426463
        1.6703925000         0.7000000000         0.5670366179         2.2404002154       -20.0705285643
        1.6754331000         0.7000000000         0.5925598865         2.1638438916       -19.4056553220
        1.6804048000         0.7000000000         0.5874552328         2.0949432002       -19.5386299705
        1.6854104000         0.7000000000         0.5823505790         2.0234906314       -19.6716046189
        1.6904043000         0.7000000000         0.5925598865         1.9520380625       -19.4056553220
        1.6954062000         0.7000000000         0.5823505790         1.8754817388       -19.6716046189
        1.7003883000         0.7000000000         0.5797982522         1.7989254150       -19.7380919432
        1.7054395000         0.7000000000         0.5900075596         1.7198172138       -19.4721426463
        1.7103847000         0.7000000000         0.5746935985         1.6458127674       -19.8710665916
        1.7153957000         0.7000000000         0.5746935985         1.5743601986       -19.8710665916
        1.7204056000         0.7000000000         0.5721412716         1.5003557523       -19.9375539159
        1.7254205000         0.7000000000         0.5746935985         1.4237994285       -19.8710665916
        1.7304220000         0.7000000000         0.5874552328         1.3574506146       -19.5386299705
        1.7354188000         0.7000000000         0.5849029059         1.2808942908       -19.6051172947
        1.7404152000         0.7000000000         0.5874552328         1.2094417220       -19.5386299705
        1.7454075000         0.7000000000         0.5849029059         1.1405410306       -19.6051172947
        1.7504043000         0.7000000000         0.5925598865         1.0665365843       -19.4056553220
        1.7554192000         0.7000000000         0.6002168670         0.9925321379       -19.2061933494
        1.7603923000         0.7000000000         0.5823505790         0.9083201818       -19.6716046189
        1.7654371000         0.7000000000         0.5874552328         0.8368676129       -19.5386299705
        1.7704237000         0.7000000000         0.5874552328         0.7603112892       -19.5386299705
        1.7754037000         0.7000000000         0.5849029059         0.6786512105       -19.6051172947
        1.7804015000         0.7000000000         0.5900075596         0.6020948867       -19.4721426463
        1.7854300000         0.7000000000         0.5900075596         0.5331941953       -19.4721426463
        1.7904053000         0.7000000000         0.5951122133         0.4566378716       -19.3391679978
        1.7954097000         0.7000000000         0.5874552328         0.3826334252       -19.5386299705
        1.8004620000         0.7000000000         0.5976645402         0.3086289789       -19.2726806736
        1.8060649000         0.7000000000         0.5951122133         0.2346245326       -19.3391679978
        1.8109582000         0.7000000000         0.5951122133         0.1555163314       -19.3391679978
        1.8154069000         0.7000000000         0.6002168670         0.0738562527       -19.2061933494
        1.8204050000         0.7000000000         0.6053215207         0.0049555613       -19.0732187009
        1.8254078000         0.7000000000         0.5797982522         0.0024036839       -19.7380919432
        1.8303940000         0.7000000000         0.5976645402         1.1124703785       -19.2726806736
        1.8354028000         0.7000000000         0.6078738476         5.0117391359       -19.0067313767
        1.8403890000         0.7000000000         0.5951122133         4.9989797486       -19.3391679978
        1.8453875000         0.7000000000         0.5951122133         4.9249753023       -19.3391679978
        1.8504011000         0.7000000000         0.5900075596         4.8484189785       -19.4721426463
        1.8553895000         0.7000000000         0.5976645402         4.7642070224       -19.2726806736
        1.8603948000         0.7000000000         0.5900075596         4.6850988211       -19.4721426463
        1.8654028000         0.7000000000         0.5951122133         4.6085424974       -19.3391679978
        1.8703898000         0.7000000000         0.6385017699         4.5447455609       -18.2088834860
        1.8754023000         0.7000000000         0.6104261745         4.4681892371       -18.9402440525
        1.8803854000         0.7000000000         0.5951122133         4.3839772810       -19.3391679978
        1.8854771000         0.7000000000         0.6027691939         4.3125247121       -19.1397060251
        1.8904051000         0.7000000000         0.6078738476         4.2410721433       -19.0067313767
        1.8954352000         0.7000000000         0.6078738476         4.1721714519       -19.0067313767
        1.9004181000         0.7000000000         0.5925598865         4.0854076183       -19.4056553220
        1.9054252000         0.7000000000         0.5874552328         4.0114031719       -19.5386299705
        1.9103844000         0.7000000000         0.6104261745         3.9527099904       -18.9402440525
        1.9154900000         0.7000000000         0.6104261745         3.8787055441       -18.9402440525
        1.9204046000         0.7000000000         0.5976645402         3.7970454654       -19.2726806736
        1.9253828000         0.7000000000         0.5900075596         3.7281447740       -19.4721426463
        1.9303960000         0.7000000000         0.5849029059         3.6439328179       -19.6051172947
        1.9354025000         0.7000000000         0.6129785013         3.5775840039       -18.8737567282
        1.9403914000         0.7000000000         0.5976645402         3.5061314351       -19.2726806736
        1.9453977000         0.7000000000         0.6027691939         3.4346788662       -19.1397060251
        1.9504326000         0.7000000000         0.6410540967         3.3606744199       -18.1423961617
        1.9554354000         0.7000000000         0.5746935985         3.2790143412       -19.8710665916
        1.9604559000         0.7000000000         0.5951122133         3.2075617724       -19.3391679978
        1.9654554000         0.7000000000         0.5976645402         3.1386610810       -19.2726806736
        1.9704736000         0.7000000000         0.6002168670         3.0697603896       -19.2061933494
        1.9755421000         0.7000000000         0.5900075596         2.9957559433       -19.4721426463
        1.9804644000         0.7000000000         0.5849029059         2.9140958646       -19.6051172947
        1.9854440000         0.7000000000         0.5874552328         2.8375395408       -19.5386299705
        1.9904477000         0.7000000000         0.5976645402         2.7711907269       -19.2726806736
        1.9955312000         0.7000000000         0.5874552328         2.6920825256       -19.5386299705
        2.0004292000         0.7000000000         0.6027691939         2.6333893441       -19.1397060251
        2.0053965000         0.7000000000         0.5823505790         2.5466255105       -19.6716046189
        2.0103990000         0.7000000000         0.5900075596         2.4853804515       -19.4721426463
        2.0153959000         0.7000000000         0.6002168670         2.4113760052       -19.2061933494
        2.0204006000         0.7000000000         0.6002168670         2.3322678039       -19.2061933494
        2.0254141000         0.7000000000         0.6078738476         2.2506077252       -19.0067313767
        2.0303916000         0.7000000000         0.5874552328         2.1791551564       -19.5386299705
        2.0354003000         0.7000000000         0.5721412716         2.1077025875       -19.9375539159
        2.0404106000         0.7000000000         0.5874552328         2.0336981412       -19.5386299705
        2.0455015000         0.7000000000         0.5900075596         1.9571418174       -19.4721426463
        2.0504033000         0.7000000000         0.5874552328         1.8933448810       -19.5386299705
        2.0553929000         0.7000000000         0.5772459253         1.8116848023       -19.8045792674
        2.0603995000         0.7000000000         0.5849029059         1.7402322334       -19.6051172947
        2.0654057000         0.7000000000         0.5797982522         1.6662277871       -19.7380919432
        2.0703910000         0.7000000000         0.5976645402         1.5998789732       -19.2726806736
        2.0753997000         0.7000000000         0.5900075596         1.5258745269       -19.4721426463
        2.0804061000         0.7000000000         0.5721412716         1.4467663256       -19.9375539159
        2.0853922000         0.7000000000         0.5900075596         1.3702100019       -19.4721426463
        2.0904584000         0.7000000000         0.5721412716         1.2962055556       -19.9375539159
        2.0954052000         0.7000000000         0.5976645402         1.2247529867       -19.2726806736
        2.1003961000         0.7000000000         0.5900075596         1.1481966629       -19.4721426463
        2.1054240000         0.7000000000         0.5670366179         1.0767440941       -20.0705285643
        2.1104185000         0.7000000000         0.6002168670         1.0078434027       -19.2061933494
        2.1153914000         0.7000000000         0.5849029059         0.9287352015       -19.6051172947
        2.1204005000         0.7000000000         0.6002168670         0.8547307552       -19.2061933494
        2.1254071000         0.7000000000         0.5823505790         0.7781744314       -19.6716046189
        2.1303918000         0.7000000000         0.5925598865         0.6990662302       -19.4056553220
        2.1354948000         0.7000000000         0.5849029059         0.6276136613       -19.6051172947
        2.1403939000         0.7000000000         0.5797982522         0.5382979502       -19.7380919432
        2.1453942000         0.7000000000         0.5823505790         0.4642935039       -19.6716046189
        2.1504840000         0.7000000000         0.5772459253         0.3851853027       -19.8045792674
        2.1554100000         0.7000000000         0.5849029059         0.3086289789       -19.6051172947
        2.1603928000         0.7000000000         0.5874552328         0.2422801650       -19.5386299705
        2.1654073000         0.7000000000         0.5976645402         0.1631719638       -19.2726806736
        2.1704084000         0.7000000000         0.5797982522         0.0866156400       -19.7380919432
        2.1753920000         0.7000000000         0.6053215207         0.0024036839       -19.0732187009
        2.1804032000         0.7000000000         0.5772459253         0.0024036839       -19.8045792674
        2.1854098000         0.7000000000         0.5874552328         1.1124703785       -19.5386299705
        2.1903942000         0.7000000000         0.5797982522         5.0015316260       -19.7380919432
        2.1954297000         0.7000000000         0.5823505790         4.9964278711       -19.6716046189
        2.2003895000         0.7000000000         0.5849029059         4.9224234248       -19.6051172947
        2.2054011000         0.7000000000         0.5900075596         4.8484189785       -19.4721426463
        2.2103994000         0.7000000000         0.6002168670         4.7795182871       -19.2061933494
        2.2153916000         0.7000000000         0.5772459253         4.6953063310       -19.8045792674
        2.2203927000         0.7000000000         0.5976645402         4.6238537621       -19.2726806736
        2.2254011000         0.7000000000         0.6078738476         4.5472974383       -19.0067313767
        2.2303940000         0.7000000000         0.5900075596         4.4630854822       -19.4721426463
        2.2354019000         0.7000000000         0.5900075596         4.3865291584       -19.4721426463
        2.2403917000         0.7000000000         0.5797982522         4.3048690797       -19.7380919432
        2.2454157000         0.7000000000         0.6027691939         4.2359683883       -19.1397060251
        2.2504349000         0.7000000000         0.5823505790         4.1670676969       -19.6716046189
        2.2554339000         0.7000000000         0.6129785013         4.0930632506       -18.8737567282
        2.2604207000         0.7000000000         0.5797982522         4.0114031719       -19.7380919432
        2.2654258000         0.7000000000         0.6002168670         3.9450543580       -19.2061933494
        2.2704321000         0.7000000000         0.5976645402         3.8736017892       -19.2726806736
        2.2754289000         0.7000000000         0.6308447893         3.7893898330       -18.4083454586
        2.2804093000         0.7000000000         0.6078738476         3.7230410191       -19.0067313767
        2.2854355000         0.7000000000         0.5746935985         3.6362771855       -19.8710665916
        2.2903944000         0.7000000000         0.5900075596         3.5622727392       -19.4721426463
        2.2953976000         0.7000000000         0.5823505790         3.4882682929       -19.6716046189
        2.3003970000         0.7000000000         0.5925598865         3.4168157240       -19.4056553220
        2.3054475000         0.7000000000         0.5925598865         3.3453631551       -19.4056553220
        2.3104308000         0.7000000000         0.5900075596         3.2713587088       -19.4721426463
        2.3160217000         0.7000000000         0.5849029059         3.1999061400       -19.6051172947
        2.3204318000         0.7000000000         0.5951122133         3.1233498162       -19.3391679978
        2.3255204000         0.7000000000         0.5951122133         3.0518972474       -19.3391679978
        2.3304308000         0.7000000000         0.5874552328         2.9804446785       -19.5386299705
        2.3356538000         0.7000000000         0.5951122133         2.9038883547       -19.3391679978
        2.3405572000         0.7000000000         0.6308447893         2.8273320310       -18.4083454586
        2.3455311000         0.7000000000         0.5874552328         2.7533275847       -19.5386299705
        2.3504324000         0.7000000000         0.6002168670         2.6920825256       -19.2061933494
        2.3554431000         0.7000000000         0.5925598865         2.6180780793       -19.4056553220
        2.3605683000         0.7000000000         0.5900075596         2.5364180006       -19.4721426463
        2.3654294000         0.7000000000         0.5772459253         2.4649654318       -19.8045792674
        2.3704177000         0.7000000000         0.5797982522         2.3807534756       -19.7380919432
        2.3754277000         0.7000000000         0.5797982522         2.3093009068       -19.7380919432
        2.3804108000         0.7000000000         0.5849029059         2.2404002154       -19.6051172947
        2.3854219000         0.7000000000         0.5951122133         2.1689476465       -19.3391679978
        2.3904264000         0.7000000000         0.5823505790         2.0949432002       -19.6716046189
        2.3954305000         0.7000000000         0.5900075596         2.0183868765       -19.4721426463
        2.4004166000         0.7000000000         0.5925598865         1.9494861851       -19.4056553220
        2.4054301000         0.7000000000         0.5951122133         1.8805854937       -19.3391679978
        2.4105129000         0.7000000000         0.5849029059         1.7989254150       -19.6051172947
        2.4153933000         0.7000000000         0.5925598865         1.7325766011       -19.4056553220
        2.4203984000         0.7000000000         0.5849029059         1.6585721547       -19.6051172947
        2.4254851000         0.7000000000         0.5925598865         1.5845677084       -19.4056553220
        2.4303926000         0.7000000000         0.5849029059         1.5054595072       -19.6051172947
        2.4354031000         0.7000000000         0.5900075596         1.4340069384       -19.4721426463
        2.4403816000         0.7000000000         0.5721412716         1.3523468597       -19.9375539159
        2.4453923000         0.7000000000         0.5772459253         1.2783424134       -19.8045792674
        2.4503861000         0.7000000000         0.5849029059         1.2094417220       -19.6051172947
        2.4553829000         0.7000000000         0.5900075596         1.1354372756       -19.4721426463
        2.4604231000         0.7000000000         0.5849029059         1.0614328293       -19.6051172947
        2.4654325000         0.7000000000         0.5823505790         0.9823246281       -19.6716046189
        2.4704208000         0.7000000000         0.5874552328         0.9159758142       -19.5386299705
        2.4753936000         0.7000000000         0.5900075596         0.8394194904       -19.4721426463
        2.4803803000         0.7000000000         0.5925598865         0.7603112892       -19.4056553220
        2.4854910000         0.7000000000         0.5900075596         0.6914105978       -19.4721426463
        2.4903925000         0.7000000000         0.5849029059         0.6097505191       -19.6051172947
        2.4955112000         0.7000000000         0.5849029059         0.5306423179       -19.6051172947
        2.5004384000         0.7000000000         0.5951122133         0.4489822392       -19.3391679978
        2.5054437000         0.7000000000         0.5874552328         0.3800815478       -19.5386299705
        2.5105102000         0.7000000000         0.5797982522         0.3009733466       -19.7380919432
        2.5155126000         0.7000000000         0.5900075596         0.2269689002       -19.4721426463
        2.5204509000         0.7000000000         0.5823505790         0.1453088216       -19.6716046189
        2.5254389000         0.7000000000         0.5772459253         0.0662006203       -19.8045792674
        2.5305963000         0.7000000000         0.6308447893        -0.0052519485       -18.4083454586
        2.5354296000         0.7000000000         0.5874552328        -0.0001481936       -19.5386299705
        2.5404870000         0.7000000000         0.5900075596         1.1022628687       -19.4721426463
        2.5453933000         0.7000000000         0.5925598865         5.0117391359       -19.4056553220
        2.5503949000         0.7000000000         0.5951122133         4.9989797486       -19.3391679978
        2.5553920000         0.7000000000         0.5823505790         4.9173196699       -19.6716046189
        2.5603958000         0.7000000000         0.5976645402         4.8356595912       -19.2726806736
        2.5653777000         0.7000000000         0.5849029059         4.7591032674       -19.6051172947
        2.5703927000         0.7000000000         0.5874552328         4.6799950662       -19.5386299705
        2.5753907000         0.7000000000         0.5849029059         4.6034387424       -19.6051172947
        2.5804025000         0.7000000000         0.5874552328         4.5268824187       -19.5386299705
        2.5855098000         0.7000000000         0.5976645402         4.4503260949       -19.2726806736
        2.5903943000         0.7000000000         0.5900075596         4.3814254035       -19.4721426463
        2.5954303000         0.7000000000         0.6002168670         4.3074209572       -19.2061933494
        2.6003908000         0.7000000000         0.5874552328         4.2257608785       -19.5386299705
        2.6053975000         0.7000000000         0.6206354819         4.1492045547       -18.6742947555
        2.6104830000         0.7000000000         0.6078738476         4.0777519859       -19.0067313767
        2.6154189000         0.7000000000         0.5797982522         4.0037475396       -19.7380919432
        2.6204023000         0.7000000000         0.5976645402         3.9271912158       -19.2726806736
        2.6253915000         0.7000000000         0.5951122133         3.8531867695       -19.3391679978
        2.6303858000         0.7000000000         0.6027691939         3.7868379556       -19.1397060251
        2.6354000000         0.7000000000         0.6104261745         3.7128335092       -18.9402440525
        2.6404794000         0.7000000000         0.5976645402         3.6337253080       -19.2726806736
        2.6453952000         0.7000000000         0.5925598865         3.5546171068       -19.4056553220
        2.6503964000         0.7000000000         0.5951122133         3.4831645379       -19.3391679978
        2.6553925000         0.7000000000         0.6002168670         3.4193676015       -19.2061933494
        2.6605150000         0.7000000000         0.6053215207         3.3377075228       -19.0732187009
        2.6654952000         0.7000000000         0.6053215207         3.2637030765       -19.0732187009
        2.6704862000         0.7000000000         0.6002168670         3.1973542625       -19.2061933494
        2.6754238000         0.7000000000         0.5951122133         3.1207979388       -19.3391679978
        2.6804039000         0.7000000000         0.5976645402         3.0467934924       -19.2726806736
        2.6853920000         0.7000000000         0.5874552328         2.9676852912       -19.5386299705
        2.6903952000         0.7000000000         0.6002168670         2.8962327224       -19.2061933494
        2.6954804000         0.7000000000         0.5772459253         2.8222282761       -19.8045792674
        2.7004818000         0.7000000000         0.5900075596         2.7507757072       -19.4721426463
        2.7054236000         0.7000000000         0.5900075596         2.6844268933       -19.4721426463
        2.7104023000         0.7000000000         0.6002168670         2.6078705695       -19.2061933494
        2.7153928000         0.7000000000         0.5976645402         2.5415217556       -19.2726806736
        2.7204917000         0.7000000000         0.6027691939         2.4649654318       -19.1397060251
        2.7254861000         0.7000000000         0.5900075596         2.3960647404       -19.4721426463
        2.7304080000         0.7000000000         0.5976645402         2.3195084166       -19.2726806736
        2.7353998000         0.7000000000         0.5849029059         2.2429520929       -19.6051172947
        2.7403851000         0.7000000000         0.5925598865         2.1663957691       -19.4056553220
        2.7453936000         0.7000000000         0.5951122133         2.0949432002       -19.3391679978
        2.7503980000         0.7000000000         0.5772459253         2.0158349990       -19.8045792674
        2.7554178000         0.7000000000         0.5951122133         1.9571418174       -19.3391679978
        2.7604192000         0.7000000000         0.5976645402         1.8831373711       -19.2726806736
        2.7655087000         0.7000000000         0.5849029059         1.8040291699       -19.6051172947
        2.7704075000         0.7000000000         0.6027691939         1.7325766011       -19.1397060251
        2.7754206000         0.7000000000         0.5695889448         1.6534683998       -20.0040412401
        2.7804328000         0.7000000000         0.6002168670         1.5947752183       -19.2061933494
        2.7855387000         0.7000000000         0.6002168670         1.5182188945       -19.2061933494
        2.7905092000         0.7000000000         0.5951122133         1.4416625707       -19.3391679978
        2.7955074000         0.7000000000         0.5976645402         1.3702100019       -19.2726806736
        2.8004149000         0.7000000000         0.5849029059         1.2962055556       -19.6051172947
        2.8054201000         0.7000000000         0.5874552328         1.2196492318       -19.5386299705
        2.8105437000         0.7000000000         0.6002168670         1.1558522953       -19.2061933494
        2.8154263000         0.7000000000         0.5823505790         1.0690884617       -19.6716046189
        2.8204214000         0.7000000000         0.6002168670         1.0001877703       -19.2061933494
        2.8255400000         0.7000000000         0.5721412716         0.9185276916       -19.9375539159
        2.8303959000         0.7000000000         0.5976645402         0.8496270002       -19.2726806736
        2.8354799000         0.7000000000         0.5874552328         0.7730706765       -19.5386299705
        2.8403938000         0.7000000000         0.5951122133         0.6914105978       -19.3391679978
        2.8453921000         0.7000000000         0.5849029059         0.6174061515       -19.6051172947
        2.8504747000         0.7000000000         0.5900075596         0.5459535826       -19.4721426463
        2.8554827000         0.7000000000         0.5976645402         0.4796047687       -19.2726806736
        2.8603913000         0.7000000000         0.5925598865         0.4030484449       -19.4056553220
        2.8654855000         0.7000000000         0.6027691939         0.3264921211       -19.1397060251
        2.8703903000         0.7000000000         0.5874552328         0.2397282875       -19.5386299705
        2.8754805000         0.7000000000         0.5976645402         0.1657238412       -19.2726806736
        2.8803821000         0.7000000000         0.5772459253         0.0891675175       -19.8045792674
        2.8854849000         0.7000000000         0.6104261745         0.0177149486       -18.9402440525
        2.8904773000         0.7000000000         0.5925598865        -0.0001481936       -19.4056553220
        2.8954800000         0.7000000000         0.6002168670         1.1124703785       -19.2061933494
        2.9003928000         0.7000000000         0.6053215207         5.0040835035       -19.0732187009
        2.9053987000         0.7000000000         0.6002168670         5.0117391359       -19.2061933494
        2.9104764000         0.7000000000         0.6002168670         4.9453903219       -19.2061933494
        2.9153978000         0.7000000000         0.5951122133         4.8739377531       -19.3391679978
        2.9204765000         0.7000000000         0.6129785013         4.7897257969       -18.8737567282
        2.9253973000         0.7000000000         0.5951122133         4.7106175957       -19.3391679978
        2.9304734000         0.7000000000         0.6002168670         4.6315093945       -19.2061933494
        2.9354021000         0.7000000000         0.6206354819         4.5600568256       -18.6742947555
        2.9404739000         0.7000000000         0.6053215207         4.4886042568       -19.0732187009
        2.9454193000         0.7000000000         0.6155308282         4.4145998105       -18.8072694040
        2.9504775000         0.7000000000         0.6078738476         4.3354916092       -19.0067313767
        2.9554248000         0.7000000000         0.6002168670         4.2640390404       -19.2061933494
        2.9604197000         0.7000000000         0.5976645402         4.1798270842       -19.2726806736
        2.9655084000         0.7000000000         0.5925598865         4.1109263928       -19.4056553220
        2.9704161000         0.7000000000         0.6053215207         4.0394738240       -19.0732187009
        2.9754233000         0.7000000000         0.6078738476         3.9654693777       -19.0067313767
        2.9805074000         0.7000000000         0.5951122133         3.8863611765       -19.3391679978
        2.9854234000         0.7000000000         0.5976645402         3.8225642400       -19.2726806736
        2.9905035000         0.7000000000         0.5976645402         3.7485597937       -19.2726806736
        2.9955071000         0.7000000000         0.5849029059         3.6668997150       -19.6051172947
        3.0004132000         0.7000000000         0.6078738476         3.5954471461       -19.0067313767
        3.0054222000         0.7000000000         0.5925598865         3.5316502097       -19.4056553220
        3.0105024000         0.7000000000         0.5900075596         3.4627495183       -19.4721426463
        3.0154200000         0.7000000000         0.6002168670         3.3810894396       -19.2061933494
        3.0205317000         0.7000000000         0.5976645402         3.3096368707       -19.2726806736
        3.0255021000         0.7000000000         0.6078738476         3.2330805470       -19.0067313767
        3.0305025000         0.7000000000         0.5849029059         3.1590761006       -19.6051172947
        3.0354978000         0.7000000000         0.5925598865         3.0876235318       -19.4056553220
        3.0404154000         0.7000000000         0.5900075596         3.0110672080       -19.4721426463
        3.0454809000         0.7000000000         0.5900075596         2.9472702715       -19.4721426463
        3.0505010000         0.7000000000         0.6078738476         2.8707139478       -19.0067313767
        3.0554954000         0.7000000000         0.5874552328         2.7967095015       -19.5386299705
        3.0605264000         0.7000000000         0.5823505790         2.7176013002       -19.6716046189
        3.0654393000         0.7000000000         0.6002168670         2.6512524863       -19.2061933494
        3.0704161000         0.7000000000         0.5900075596         2.5849036724       -19.4721426463
        3.0756392000         0.7000000000         0.5976645402         2.5134511035       -19.2726806736
        3.0805102000         0.7000000000         0.6027691939         2.4368947797       -19.1397060251
        3.0856403000         0.7000000000         0.5823505790         2.3577865785       -19.6716046189
        3.0905351000         0.7000000000         0.5925598865         2.2837821322       -19.4056553220
        3.0955088000         0.7000000000         0.5874552328         2.2148814408       -19.5386299705
        3.1004996000         0.7000000000         0.5976645402         2.1332213621       -19.2726806736
        3.1055100000         0.7000000000         0.5849029059         2.0566650383       -19.6051172947
        3.1105648000         0.7000000000         0.5721412716         1.9801087146       -19.9375539159
        3.1154187000         0.7000000000         0.6155308282         1.9112080232       -18.8072694040
        3.1205054000         0.7000000000         0.5772459253         1.8346516994       -19.8045792674
        3.1254170000         0.7000000000         0.5925598865         1.7708547629       -19.4056553220
        3.1311542000         0.7000000000         0.5925598865         1.6968503166       -19.4056553220
        3.1354808000         0.7000000000         0.5874552328         1.6279496252       -19.5386299705
        3.1403899000         0.7000000000         0.5849029059         1.5564970564       -19.6051172947
        3.1453910000         0.7000000000         0.5900075596         1.4850444875       -19.4721426463
        3.1504692000         0.7000000000         0.5951122133         1.4084881638       -19.3391679978
        3.1554724000         0.7000000000         0.5900075596         1.3344837175       -19.4721426463
        3.1603894000         0.7000000000         0.5823505790         1.2528236388       -19.6716046189
        3.1654792000         0.7000000000         0.5900075596         1.1864748248       -19.4721426463
        3.1703907000         0.7000000000         0.5721412716         1.1048147461       -19.9375539159
        3.1753912000         0.7000000000         0.5925598865         1.0333621773       -19.4056553220
        3.1804983000         0.7000000000         0.5874552328         0.9542539761       -19.5386299705
        3.1854717000         0.7000000000         0.5874552328         0.8802495297       -19.5386299705
        3.1904748000         0.7000000000         0.5849029059         0.7960375736       -19.6051172947
        3.1954773000         0.7000000000         0.5874552328         0.7220331273       -19.5386299705
        3.2003904000         0.7000000000         0.5797982522         0.6556843134       -19.7380919432
        3.2054753000         0.7000000000         0.5925598865         0.5765761121       -19.4056553220
        3.2104708000         0.7000000000         0.5746935985         0.5000197884       -19.8710665916
        3.2154792000         0.7000000000         0.5849029059         0.4183597097       -19.6051172947
        3.2204762000         0.7000000000         0.5746935985         0.3418033859       -19.8710665916
        3.2253934000         0.7000000000         0.5849029059         0.2626951847       -19.6051172947
        3.2303928000         0.7000000000         0.5976645402         0.1912426158       -19.2726806736
        3.2355476000         0.7000000000         0.5900075596         0.1172381695       -19.4721426463
        3.2403781000         0.7000000000         0.5976645402         0.0406818457       -19.2726806736
        3.2454993000         0.7000000000         0.5900075596         0.0024036839       -19.4721426463
        3.2504981000         0.7000000000         0.5874552328         0.0126111937       -19.5386299705
        3.2555072000         0.7000000000         0.6027691939         5.0040835035       -19.1397060251
        3.2605279000         0.7000000000         0.6410540967         5.0117391359       -18.1423961617
        3.2655290000         0.7000000000         0.5925598865         4.9734609740       -19.4056553220
        3.2704195000         0.7000000000         0.5849029059         4.8866971404       -19.6051172947
        3.2755991000         0.7000000000         0.5976645402         4.8075889392       -19.2726806736
        3.2804747000         0.7000000000         0.5823505790         4.7284807379       -19.6716046189
        3.2855075000         0.7000000000         0.6053215207         4.6493725367       -19.0732187009
        3.2904916000         0.7000000000         0.5900075596         4.5830237228       -19.4721426463
        3.2955063000         0.7000000000         0.5925598865         4.4962598892       -19.4056553220
        3.3004925000         0.7000000000         0.5976645402         4.4248073203       -19.2726806736
        3.3055536000         0.7000000000         0.5849029059         4.3431472416       -19.6051172947
        3.3105235000         0.7000000000         0.6053215207         4.2665909178       -19.0732187009
        3.3155084000         0.7000000000         0.6129785013         4.2053458588       -18.8737567282
        3.3204446000         0.7000000000         0.5874552328         4.1160301478       -19.5386299705
        3.3255052000         0.7000000000         0.5951122133         4.0522332113       -19.3391679978
        3.3305056000         0.7000000000         0.5976645402         3.9782287650       -19.2726806736
        3.3358703000         0.7000000000         0.6053215207         3.9016724412       -19.0732187009
        3.3408323000         0.7000000000         0.6053215207         3.8327717498       -19.0732187009
        3.3453872000         0.7000000000         0.5976645402         3.7562154260       -19.2726806736
        3.3504678000         0.7000000000         0.5823505790         3.6796591023       -19.6716046189
        3.3554722000         0.7000000000         0.6002168670         3.6056546560       -19.2061933494
        3.3604739000         0.7000000000         0.5976645402         3.5393058420       -19.2726806736
        3.3654700000         0.7000000000         0.6053215207         3.4678532732       -19.0732187009
        3.3704679000         0.7000000000         0.6002168670         3.3989525818       -19.2061933494
        3.3753744000         0.7000000000         0.5976645402         3.3198443806       -19.2726806736
        3.3804677000         0.7000000000         0.6104261745         3.2509436892       -18.9402440525
        3.3854649000         0.7000000000         0.5951122133         3.1743873654       -19.3391679978
        3.3904670000         0.7000000000         0.6027691939         3.1054866740       -19.1397060251
        3.3954675000         0.7000000000         0.5925598865         3.0289303502       -19.4056553220
        3.4004691000         0.7000000000         0.5746935985         2.9523740265       -19.8710665916
        3.4054694000         0.7000000000         0.6078738476         2.8758177027       -19.0067313767
        3.4104684000         0.7000000000         0.5797982522         2.8043651338       -19.7380919432
        3.4154672000         0.7000000000         0.6027691939         2.7329125650       -19.1397060251
        3.4205094000         0.7000000000         0.5925598865         2.6640118736       -19.4056553220
        3.4254911000         0.7000000000         0.5849029059         2.5874555498       -19.6051172947
        3.4304758000         0.7000000000         0.6027691939         2.5262104908       -19.1397060251
        3.4354684000         0.7000000000         0.6027691939         2.4522060445       -19.1397060251
        3.4404698000         0.7000000000         0.5976645402         2.3782015982       -19.2726806736
        3.4454655000         0.7000000000         0.6027691939         2.2990933970       -19.1397060251
        3.4504802000         0.7000000000         0.5849029059         2.2225370732       -19.6051172947
        3.4554743000         0.7000000000         0.6002168670         2.1536363818       -19.2061933494
        3.4605415000         0.7000000000         0.5874552328         2.0719763031       -19.5386299705
        3.4654781000         0.7000000000         0.5849029059         2.0005237343       -19.6051172947
        3.4703810000         0.7000000000         0.5951122133         1.9341749203       -19.3391679978
        3.4754662000         0.7000000000         0.5874552328         1.8601704740       -19.5386299705
        3.4804715000         0.7000000000         0.5900075596         1.7938216601       -19.4721426463
        3.4854716000         0.7000000000         0.6027691939         1.7198172138       -19.1397060251
        3.4904656000         0.7000000000         0.5874552328         1.6381571351       -19.5386299705
        3.4953815000         0.7000000000         0.5849029059         1.5692564437       -19.6051172947
        3.5004633000         0.7000000000         0.5900075596         1.4952519974       -19.4721426463
        3.5054700000         0.7000000000         0.5772459253         1.4212475511       -19.8045792674
        3.5104686000         0.7000000000         0.5874552328         1.3472431047       -19.5386299705
        3.5154653000         0.7000000000         0.5900075596         1.2757905359       -19.4721426463
        3.5204633000         0.7000000000         0.6053215207         1.2094417220       -19.0732187009
        3.5254682000         0.7000000000         0.5849029059         1.1328853982       -19.6051172947
        3.5304649000         0.7000000000         0.5925598865         1.0537771970       -19.4056553220
        3.5354755000         0.7000000000         0.5976645402         0.9848765056       -19.2726806736
        3.5404612000         0.7000000000         0.5976645402         0.9032164269       -19.2726806736
        3.5456467000         0.7000000000         0.5849029059         0.8241082257       -19.6051172947
        3.5504686000         0.7000000000         0.5874552328         0.7475519019       -19.5386299705
        3.5554711000         0.7000000000         0.5951122133         0.6709955781       -19.3391679978
        3.5604639000         0.7000000000         0.5900075596         0.6020948867       -19.4721426463
        3.5653785000         0.7000000000         0.5976645402         0.5280904404       -19.2726806736
        3.5703832000         0.7000000000         0.5976645402         0.4540859941       -19.2726806736
        3.5754830000         0.7000000000         0.5976645402         0.3775296703       -19.2726806736
        3.5804922000         0.7000000000         0.5976645402         0.3086289789       -19.2726806736
        3.5855051000         0.7000000000         0.6002168670         0.2295207777       -19.2061933494
        3.5905575000         0.7000000000         0.6359494430         0.1427569441       -18.2753708102
        3.5954657000         0.7000000000         0.5976645402         0.0764081302       -19.2726806736
        3.6004624000         0.7000000000         0.6053215207        -0.0001481936       -19.0732187009
        3.6054698000         0.7000000000         0.5849029059         0.0075074388       -19.6051172947
        3.6104628000         0.7000000000         0.6053215207         1.1175741334       -19.0732187009
        3.6154658000         0.7000000000         0.5900075596         4.9989797486       -19.4721426463
        3.6204597000         0.7000000000         0.5849029059         4.9938759937       -19.6051172947
        3.6254938000         0.7000000000         0.6002168670         4.9198715474       -19.2061933494
        3.6303968000         0.7000000000         0.5976645402         4.8535227334       -19.2726806736
        3.6354882000         0.7000000000         0.6053215207         4.7693107773       -19.0732187009
        3.6404929000         0.7000000000         0.5951122133         4.6927544535       -19.3391679978
        3.6454960000         0.7000000000         0.6053215207         4.6238537621       -19.0732187009
        3.6505004000         0.7000000000         0.6129785013         4.5498493158       -18.8737567282
        3.6554964000         0.7000000000         0.5976645402         4.4707411146       -19.2726806736
        3.6604746000         0.7000000000         0.6027691939         4.3967366683       -19.1397060251
        3.6654612000         0.7000000000         0.5925598865         4.3150765896       -19.4056553220
        3.6704699000         0.7000000000         0.6027691939         4.2334165109       -19.1397060251
        3.6754976000         0.7000000000         0.5849029059         4.1594120646       -19.6051172947
        3.6805018000         0.7000000000         0.6027691939         4.0879594957       -19.1397060251
        3.6854981000         0.7000000000         0.5797982522         4.0114031719       -19.7380919432
        3.6904629000         0.7000000000         0.6027691939         3.9450543580       -19.1397060251
        3.6953786000         0.7000000000         0.6359494430         3.8787055441       -18.2753708102
        3.7004675000         0.7000000000         0.6078738476         3.8072529752       -19.0067313767
        3.7054710000         0.7000000000         0.6078738476         3.7306966515       -19.0067313767
        3.7104643000         0.7000000000         0.5925598865         3.6541403277       -19.4056553220
        3.7154698000         0.7000000000         0.6002168670         3.5826877588       -19.2061933494
        3.7204722000         0.7000000000         0.6027691939         3.5086833125       -19.1397060251
        3.7254679000         0.7000000000         0.5849029059         3.4295751113       -19.6051172947
        3.7304616000         0.7000000000         0.6053215207         3.3530187875       -19.0732187009
        3.7354651000         0.7000000000         0.5772459253         3.2764624638       -19.8045792674
        3.7404711000         0.7000000000         0.5797982522         3.2050098949       -19.7380919432
        3.7456712000         0.7000000000         0.5976645402         3.1335573261       -19.2726806736
        3.7504687000         0.7000000000         0.5976645402         3.0595528797       -19.2726806736
        3.7554667000         0.7000000000         0.5874552328         2.9932040658       -19.5386299705
        3.7604860000         0.7000000000         0.5900075596         2.9140958646       -19.4721426463
        3.7654720000         0.7000000000         0.5823505790         2.8400914183       -19.6716046189
        3.7704673000         0.7000000000         0.5900075596         2.7609832170       -19.4721426463
        3.7754652000         0.7000000000         0.5925598865         2.6946344031       -19.4056553220
        3.7804629000         0.7000000000         0.5874552328         2.6129743244       -19.5386299705
        3.7854661000         0.7000000000         0.5874552328         2.5415217556       -19.5386299705
        3.7904663000         0.7000000000         0.5797982522         2.4751729416       -19.7380919432
        3.7954653000         0.7000000000         0.5925598865         2.4011684953       -19.4056553220
        3.8004648000         0.7000000000         0.5925598865         2.3220602941       -19.4056553220
        3.8054647000         0.7000000000         0.5925598865         2.2608152351       -19.4056553220
        3.8104647000         0.7000000000         0.5951122133         2.1791551564       -19.3391679978
        3.8154661000         0.7000000000         0.5874552328         2.1077025875       -19.5386299705
        3.8204684000         0.7000000000         0.5874552328         2.0311462638       -19.5386299705
        3.8254785000         0.7000000000         0.5823505790         1.9520380625       -19.6716046189
        3.8304634000         0.7000000000         0.5874552328         1.8882411261       -19.5386299705
        3.8354646000         0.7000000000         0.5951122133         1.8193404347       -19.3391679978
        3.8404628000         0.7000000000         0.5951122133         1.7478878658       -19.3391679978
        3.8454652000         0.7000000000         0.5849029059         1.6662277871       -19.6051172947
        3.8504624000         0.7000000000         0.5797982522         1.5973270957       -19.7380919432
        3.8554720000         0.7000000000         0.6002168670         1.5233226494       -19.2061933494
        3.8604670000         0.7000000000         0.5900075596         1.4518700806       -19.4721426463
        3.8654765000         0.7000000000         0.5849029059         1.3676581244       -19.6051172947
        3.8704595000         0.7000000000         0.5925598865         1.3013093105       -19.4056553220
        3.8754617000         0.7000000000         0.6002168670         1.2349604965       -19.2061933494
        3.8804721000         0.7000000000         0.5900075596         1.1558522953       -19.4721426463
        3.8854800000         0.7000000000         0.5849029059         1.0843997265       -19.6051172947
        3.8904761000         0.7000000000         0.5951122133         1.0078434027       -19.3391679978
        3.8954594000         0.7000000000         0.5874552328         0.9338389564       -19.5386299705
        3.9004662000         0.7000000000         0.5925598865         0.8572826326       -19.4056553220
        3.9054642000         0.7000000000         0.5900075596         0.7832781863       -19.4721426463
        3.9104572000         0.7000000000         0.6002168670         0.7016181076       -19.2061933494
        3.9154749000         0.7000000000         0.5823505790         0.6301655388       -19.6716046189
        3.9204584000         0.7000000000         0.5951122133         0.5561610925       -19.3391679978
        3.9254659000         0.7000000000         0.5900075596         0.4847085236       -19.4721426463
        3.9304572000         0.7000000000         0.6027691939         0.4056003224       -19.1397060251
        3.9355563000         0.7000000000         0.5849029059         0.3239402437       -19.6051172947
        3.9405007000         0.7000000000         0.5849029059         0.2473839199       -19.6051172947
        3.9454950000         0.7000000000         0.5900075596         0.1708275961       -19.4721426463
        3.9505007000         0.7000000000         0.5874552328         0.0968231498       -19.5386299705
        3.9554841000         0.7000000000         0.5951122133         0.0177149486       -19.3391679978
        3.9604896000         0.7000000000         0.5900075596         0.0024036839       -19.4721426463
        3.9654902000         0.7000000000         0.5823505790         1.1022628687       -19.6716046189
        3.9704840000         0.7000000000         0.5976645402         5.0040835035       -19.2726806736
        3.9754937000         0.7000000000         0.6002168670         5.0066353810       -19.2061933494
        3.9805117000         0.7000000000         0.5874552328         4.9479421994       -19.5386299705
        3.9854835000         0.7000000000         0.5900075596         4.8739377531       -19.4721426463
        3.9904893000         0.7000000000         0.6002168670         4.7922776744       -19.2061933494
        3.9954894000         0.7000000000         0.5874552328         4.7131694732       -19.5386299705
        4.0004840000         0.7000000000         0.6078738476         4.6442687818       -19.0067313767
