% Sweep Step 69/200  Vcmd=2.8500V  CW 
% Vg_offset=1.337354V  K_gimbal=26.049690

Time[s]              Vcmd[V]              Vg_raw[V]            Pot[V]             Omega[rad/s]
        0.0018821000         2.8500000000         1.3378393285         5.0040835035         0.0126325916
        0.0054063000         2.8500000000         1.3352870017         5.0066353810        -0.0538547326
        0.0104979000         2.8500000000         1.3403916554         5.0066353810         0.0791199158
        0.0154557000         2.8500000000         1.3429439823         5.0117391359         0.1456072401
        0.0204362000         2.8500000000         1.3352870017         5.0091872584        -0.0538547326
        0.0254248000         2.8500000000         1.3301823480         5.0015316260        -0.1868293811
        0.0304873000         2.8500000000         1.3327346748         4.9989797486        -0.1203420569
        0.0354168000         2.8500000000         1.3633625971         5.0117391359         0.6775058339
        0.0404183000         2.8500000000         1.4041998268         5.0066353810         1.7413030215
        0.0454219000         2.8500000000         1.3786765582         4.9989797486         1.0764297792
        0.0504181000         2.8500000000         1.3914381925         5.0142910133         1.4088664004
        0.0554170000         2.8500000000         1.4067521537         5.0117391359         1.8077903457
        0.0603955000         2.8500000000         1.3914381925         5.0015316260         1.4088664004
        0.0653900000         2.8500000000         1.3888858657         5.0066353810         1.3423790761
        0.0704216000         2.8500000000         1.4041998268         4.9989797486         1.7413030215
        0.0754082000         2.8500000000         1.4067521537         5.0117391359         1.8077903457
        0.0803816000         2.8500000000         1.3990951731         5.0066353810         1.6083283730
        0.0854009000         2.8500000000         1.3990951731         4.9989797486         1.6083283730
        0.0904034000         2.8500000000         1.3965428462         4.9760128515         1.5418410488
        0.0954150000         2.8500000000         1.3990951731         1.1099185011         1.6083283730
        0.1004233000         2.8500000000         1.3965428462         1.1022628687         1.5418410488
        0.1054066000         2.8500000000         1.3914381925         1.1048147461         1.4088664004
        0.1104187000         2.8500000000         1.4041998268         1.1099185011         1.7413030215
        0.1154047000         2.8500000000         1.4067521537         1.0997109912         1.8077903457
        0.1203979000         2.8500000000         1.4067521537         1.0971591138         1.8077903457
        0.1254122000         2.8500000000         1.4041998268         1.0920553588         1.7413030215
        0.1303865000         2.8500000000         1.4016475000         1.1099185011         1.6748156973
        0.1354067000         2.8500000000         1.4093044805         0.0049555613         1.8742776700
        0.1403850000         2.8500000000         1.4041998268        -0.0052519485         1.7413030215
        0.1454091000         2.8500000000         1.4271707685         0.0024036839         2.3396889395
        0.1504012000         2.8500000000         1.4067521537         0.0024036839         1.8077903457
        0.1553957000         2.8500000000         1.4093044805         0.0024036839         1.8742776700
        0.1603925000         2.8500000000         1.4144091342         0.0075074388         2.0072523184
        0.1654105000         2.8500000000         1.4093044805         0.0024036839         1.8742776700
        0.1703958000         2.8500000000         1.4220661148         0.0049555613         2.2067142911
        0.1754005000         2.8500000000         1.4169614611         0.0075074388         2.0737396426
        0.1804014000         2.8500000000         1.4093044805         0.0024036839         1.8742776700
        0.1854157000         2.8500000000         1.4144091342        -0.0052519485         2.0072523184
        0.1903999000         2.8500000000         1.4067521537         0.0049555613         1.8077903457
        0.1953942000         2.8500000000         1.4067521537        -0.0052519485         1.8077903457
        0.2003939000         2.8500000000         1.4041998268        -0.0052519485         1.7413030215
        0.2053999000         2.8500000000         1.4093044805        -0.0052519485         1.8742776700
        0.2103922000         2.8500000000         1.4118568074        -0.0001481936         1.9407649942
        0.2154003000         2.8500000000         1.4195137880         0.0049555613         2.1402269669
        0.2204053000         2.8500000000         1.4195137880         0.0177149486         2.1402269669
        0.2254182000         2.8500000000         1.4118568074         0.0228187035         1.9407649942
        0.2303936000         2.8500000000         1.4169614611         0.0253705810         2.0737396426
        0.2354101000         2.8500000000         1.4195137880         0.0330262134         2.1402269669
        0.2403902000         2.8500000000         1.4118568074         0.0330262134         1.9407649942
        0.2454527000         2.8500000000         1.4144091342         0.0508893556         2.0072523184
        0.2504064000         2.8500000000         1.4093044805         0.0483374781         1.8742776700
        0.2554077000         2.8500000000         1.4220661148         0.0713043752         2.2067142911
        0.2603980000         2.8500000000         1.4220661148         0.0815118851         2.2067142911
        0.2654133000         2.8500000000         1.4246184417         0.0917193949         2.2732016153
        0.2703972000         2.8500000000         1.4067521537         0.0866156400         1.8077903457
        0.2754354000         2.8500000000         1.4093044805         0.0917193949         1.8742776700
        0.2804157000         2.8500000000         1.4118568074         0.0993750273         1.9407649942
        0.2854184000         2.8500000000         1.4067521537         0.1121344146         1.8077903457
        0.2903997000         2.8500000000         1.4144091342         0.1223419244         2.0072523184
        0.2953895000         2.8500000000         1.4144091342         0.1351013117         2.0072523184
        0.3004227000         2.8500000000         1.4144091342         0.1376531892         2.0072523184
        0.3054003000         2.8500000000         1.4169614611         0.1504125765         2.0737396426
        0.3104025000         2.8500000000         1.4067521537         0.1529644539         1.8077903457
        0.3153955000         2.8500000000         1.4169614611         0.1606200863         2.0737396426
        0.3204011000         2.8500000000         1.4118568074         0.1682757187         1.9407649942
        0.3254067000         2.8500000000         1.4169614611         0.1759313511         2.0737396426
        0.3304176000         2.8500000000         1.4322754222         0.1912426158         2.4726635880
        0.3353953000         2.8500000000         1.4016475000         0.1861388609         1.6748156973
        0.3404113000         2.8500000000         1.4118568074         0.1963463707         1.9407649942
        0.3454233000         2.8500000000         1.4093044805         0.2065538806         1.8742776700
        0.3504072000         2.8500000000         1.4118568074         0.2167613904         1.9407649942
        0.3554136000         2.8500000000         1.4093044805         0.2269689002         1.8742776700
        0.3603963000         2.8500000000         1.4195137880         0.2397282875         2.1402269669
        0.3653981000         2.8500000000         1.4169614611         0.2473839199         2.0737396426
        0.3704081000         2.8500000000         1.4195137880         0.2524876748         2.1402269669
        0.3757391000         2.8500000000         1.4016475000         0.2499357974         1.6748156973
        0.3804016000         2.8500000000         1.4144091342         0.2601433072         2.0072523184
        0.3854204000         2.8500000000         1.4041998268         0.2652470621         1.7413030215
        0.3904261000         2.8500000000         1.4067521537         0.2703508170         1.8077903457
        0.3954212000         2.8500000000         1.4067521537         0.2805583269         1.8077903457
        0.4003888000         2.8500000000         1.4169614611         0.3009733466         2.0737396426
        0.4053942000         2.8500000000         1.4144091342         0.3086289789         2.0072523184
        0.4104062000         2.8500000000         1.4169614611         0.3162846113         2.0737396426
        0.4153826000         2.8500000000         1.3965428462         0.3162846113         1.5418410488
        0.4205102000         2.8500000000         1.4169614611         0.3188364888         2.0737396426
        0.4255487000         2.8500000000         1.4041998268         0.3341477535         1.7413030215
        0.4303882000         2.8500000000         1.4144091342         0.3418033859         2.0072523184
        0.4359702000         2.8500000000         1.4067521537         0.3418033859         1.8077903457
        0.4404106000         2.8500000000         1.4195137880         0.3622184056         2.1402269669
        0.4454024000         2.8500000000         1.4144091342         0.3622184056         2.0072523184
        0.4503994000         2.8500000000         1.4144091342         0.3698740379         2.0072523184
        0.4554107000         2.8500000000         1.4067521537         0.3749777929         1.8077903457
        0.4603892000         2.8500000000         1.4220661148         0.3902890576         2.2067142911
        0.4654087000         2.8500000000         1.4450370565         0.4030484449         2.8051002091
        0.4704775000         2.8500000000         1.4067521537         0.3979446900         1.8077903457
        0.4754234000         2.8500000000         1.4169614611         0.4107040773         2.0737396426
        0.4804037000         2.8500000000         1.4067521537         0.4183597097         1.8077903457
        0.4854103000         2.8500000000         1.4220661148         0.4362228519         2.2067142911
        0.4903956000         2.8500000000         1.4169614611         0.4260153420         2.0737396426
        0.4954329000         2.8500000000         1.4195137880         0.4489822392         2.1402269669
        0.5004094000         2.8500000000         1.4144091342         0.4438784843         2.0072523184
        0.5053835000         2.8500000000         1.4144091342         0.4591897490         2.0072523184
        0.5104010000         2.8500000000         1.4144091342         0.4668453814         2.0072523184
        0.5154367000         2.8500000000         1.4169614611         0.4745010138         2.0737396426
        0.5206624000         2.8500000000         1.4246184417         0.4898122785         2.2732016153
        0.5254456000         2.8500000000         1.4093044805         0.4847085236         1.8742776700
        0.5304358000         2.8500000000         1.4093044805         0.4949160334         1.8742776700
        0.5354347000         2.8500000000         1.4195137880         0.5127791757         2.1402269669
        0.5404119000         2.8500000000         1.4118568074         0.5153310531         1.9407649942
        0.5454387000         2.8500000000         1.4118568074         0.5229866855         1.9407649942
        0.5503991000         2.8500000000         1.4118568074         0.5229866855         1.9407649942
        0.5554081000         2.8500000000         1.4067521537         0.5382979502         1.8077903457
        0.5603959000         2.8500000000         1.4016475000         0.5485054601         1.6748156973
        0.5654093000         2.8500000000         1.4067521537         0.5459535826         1.8077903457
        0.5704318000         2.8500000000         1.4093044805         0.5587129699         1.8742776700
        0.5753844000         2.8500000000         1.4169614611         0.5740242347         2.0737396426
        0.5804070000         2.8500000000         1.4169614611         0.5765761121         2.0737396426
        0.5854018000         2.8500000000         1.4041998268         0.5765761121         1.7413030215
        0.5907610000         2.8500000000         1.4093044805         0.5893354994         1.8742776700
        0.5954100000         2.8500000000         1.4169614611         0.6071986416         2.0737396426
        0.6004126000         2.8500000000         1.4195137880         0.6123023966         2.1402269669
        0.6054389000         2.8500000000         1.4118568074         0.6148542740         1.9407649942
        0.6104073000         2.8500000000         1.4067521537         0.6225099064         1.8077903457
        0.6154228000         2.8500000000         1.4041998268         0.6225099064         1.7413030215
        0.6205479000         2.8500000000         1.4118568074         0.6327174162         1.9407649942
        0.6254669000         2.8500000000         1.4016475000         0.6352692937         1.6748156973
        0.6304374000         2.8500000000         1.3939905194         0.6531324359         1.4753537246
        0.6354284000         2.8500000000         1.4144091342         0.6582361908         2.0072523184
        0.6404151000         2.8500000000         1.4041998268         0.6582361908         1.7413030215
        0.6454238000         2.8500000000         1.4093044805         0.6658918232         1.8742776700
        0.6503937000         2.8500000000         1.4118568074         0.6786512105         1.9407649942
        0.6554215000         2.8500000000         1.4424847297         0.6863068429         2.7386128849
        0.6605282000         2.8500000000         1.4118568074         0.6965143527         1.9407649942
        0.6654208000         2.8500000000         1.4271707685         0.7118256175         2.3396889395
        0.6704562000         2.8500000000         1.4041998268         0.7092737400         1.7413030215
        0.6754382000         2.8500000000         1.4144091342         0.7245850047         2.0072523184
        0.6803996000         2.8500000000         1.4041998268         0.7245850047         1.7413030215
        0.6854164000         2.8500000000         1.4144091342         0.7322406371         2.0072523184
        0.6904131000         2.8500000000         1.4093044805         0.7475519019         1.8742776700
        0.6953954000         2.8500000000         1.4169614611         0.7501037793         2.0737396426
        0.7004202000         2.8500000000         1.4118568074         0.7603112892         1.9407649942
        0.7054257000         2.8500000000         1.4118568074         0.7679669216         1.9407649942
        0.7104183000         2.8500000000         1.4169614611         0.7756225539         2.0737396426
        0.7154124000         2.8500000000         1.4118568074         0.7858300638         1.9407649942
        0.7203889000         2.8500000000         1.4169614611         0.7985894511         2.0737396426
        0.7253996000         2.8500000000         1.4169614611         0.8036932060         2.0737396426
        0.7304370000         2.8500000000         1.4450370565         0.8036932060         2.8051002091
        0.7353917000         2.8500000000         1.4144091342         0.8164525933         2.0072523184
        0.7404008000         2.8500000000         1.4169614611         0.8215563482         2.0737396426
        0.7454107000         2.8500000000         1.4118568074         0.8292119806         1.9407649942
        0.7503942000         2.8500000000         1.4093044805         0.8368676129         1.8742776700
        0.7554318000         2.8500000000         1.4144091342         0.8470751228         2.0072523184
        0.7604035000         2.8500000000         1.4093044805         0.8496270002         1.8742776700
        0.7653942000         2.8500000000         1.4093044805         0.8623863875         1.8742776700
        0.7704018000         2.8500000000         1.4144091342         0.8700420199         2.0072523184
        0.7753979000         2.8500000000         1.4144091342         0.8725938974         2.0072523184
        0.7803946000         2.8500000000         1.4169614611         0.8802495297         2.0737396426
        0.7854079000         2.8500000000         1.4144091342         0.8930089170         2.0072523184
        0.7903905000         2.8500000000         1.4169614611         0.9006645494         2.0737396426
        0.7953933000         2.8500000000         1.4093044805         0.9083201818         1.8742776700
        0.8004052000         2.8500000000         1.4144091342         0.9134239367         2.0072523184
        0.8054120000         2.8500000000         1.4118568074         0.9287352015         1.9407649942
        0.8104058000         2.8500000000         1.4067521537         0.9312870789         1.8077903457
        0.8153881000         2.8500000000         1.4093044805         0.9312870789         1.8742776700
        0.8203947000         2.8500000000         1.4220661148         0.9389427113         2.2067142911
        0.8254201000         2.8500000000         1.3990951731         0.9465983437         1.6083283730
        0.8304710000         2.8500000000         1.3990951731         0.9517020986         1.6083283730
        0.8353985000         2.8500000000         1.4041998268         0.9644614859         1.7413030215
        0.8404043000         2.8500000000         1.4093044805         0.9746689957         1.8742776700
        0.8454176000         2.8500000000         1.4118568074         0.9848765056         1.9407649942
        0.8504394000         2.8500000000         1.4169614611         0.9899802605         2.0737396426
        0.8554018000         2.8500000000         1.4118568074         0.9976358929         1.9407649942
        0.8604146000         2.8500000000         1.4144091342         1.0103952802         2.0072523184
        0.8653961000         2.8500000000         1.4041998268         1.0103952802         1.7413030215
        0.8704007000         2.8500000000         1.4093044805         1.0154990351         1.8742776700
        0.8755396000         2.8500000000         1.3990951731         1.0154990351         1.6083283730
        0.8804042000         2.8500000000         1.4067521537         1.0231546675         1.8077903457
        0.8854391000         2.8500000000         1.4016475000         1.0384659322         1.6748156973
        0.8903892000         2.8500000000         1.4041998268         1.0435696871         1.7413030215
        0.8954047000         2.8500000000         1.4093044805         1.0537771970         1.8742776700
        0.9003889000         2.8500000000         1.4144091342         1.0639847068         2.0072523184
        0.9054391000         2.8500000000         1.4016475000         1.0588809519         1.6748156973
        0.9104046000         2.8500000000         1.4118568074         1.0818478490         1.9407649942
        0.9153938000         2.8500000000         1.3965428462         1.0818478490         1.5418410488
        0.9204152000         2.8500000000         1.4093044805         1.0946072363         1.8742776700
        0.9254244000         2.8500000000         1.4067521537         1.0946072363         1.8077903457
        0.9304089000         2.8500000000         1.4041998268         1.0997109912         1.7413030215
        0.9353879000         2.8500000000         1.3965428462         1.0997109912         1.5418410488
        0.9404014000         2.8500000000         1.4041998268         1.1150222560         1.7413030215
        0.9453902000         2.8500000000         1.3990951731         1.1150222560         1.6083283730
        0.9504869000         2.8500000000         1.3965428462         1.1277816433         1.5418410488
        0.9554188000         2.8500000000         1.4169614611         1.1379891531         2.0737396426
        0.9604158000         2.8500000000         1.4093044805         1.1430929080         1.8742776700
        0.9653931000         2.8500000000         1.3990951731         1.1430929080         1.6083283730
        0.9704026000         2.8500000000         1.4016475000         1.1481966629         1.6748156973
        0.9753847000         2.8500000000         1.4067521537         1.1635079277         1.8077903457
        0.9804000000         2.8500000000         1.4067521537         1.1711635601         1.8077903457
        0.9854043000         2.8500000000         1.4067521537         1.1737154375         1.8077903457
        0.9904150000         2.8500000000         1.4067521537         1.1813710699         1.8077903457
        0.9953962000         2.8500000000         1.4195137880         1.1966823347         2.1402269669
        1.0006833000         2.8500000000         1.4067521537         1.1941304572         1.8077903457
        1.0054623000         2.8500000000         1.4041998268         1.1992342121         1.7413030215
        1.0104108000         2.8500000000         1.4195137880         1.2170973543         2.1402269669
        1.0154114000         2.8500000000         1.4118568074         1.2170973543         1.9407649942
        1.0204091000         2.8500000000         1.4067521537         1.2247529867         1.8077903457
        1.0255855000         2.8500000000         1.4118568074         1.2349604965         1.9407649942
        1.0304160000         2.8500000000         1.4041998268         1.2349604965         1.7413030215
        1.0354709000         2.8500000000         1.4144091342         1.2553755162         2.0072523184
        1.0404021000         2.8500000000         1.4118568074         1.2604792711         1.9407649942
        1.0454034000         2.8500000000         1.4144091342         1.2655830261         2.0072523184
        1.0503992000         2.8500000000         1.4118568074         1.2706867810         1.9407649942
        1.0554337000         2.8500000000         1.4093044805         1.2757905359         1.8742776700
        1.0604146000         2.8500000000         1.4144091342         1.2911018006         2.0072523184
        1.0654200000         2.8500000000         1.4144091342         1.2936536781         2.0072523184
        1.0704268000         2.8500000000         1.4144091342         1.3013093105         2.0072523184
        1.0754103000         2.8500000000         1.4118568074         1.3115168203         1.9407649942
        1.0804179000         2.8500000000         1.4169614611         1.3166205752         2.0737396426
        1.0854448000         2.8500000000         1.4118568074         1.3217243302         1.9407649942
        1.0904375000         2.8500000000         1.4118568074         1.3319318400         1.9407649942
        1.0954444000         2.8500000000         1.4118568074         1.3421393498         1.9407649942
        1.1004027000         2.8500000000         1.4220661148         1.3523468597         2.2067142911
        1.1053924000         2.8500000000         1.4144091342         1.3548987371         2.0072523184
        1.1104024000         2.8500000000         1.4169614611         1.3625543695         2.0737396426
        1.1153986000         2.8500000000         1.4118568074         1.3727618793         1.9407649942
        1.1204115000         2.8500000000         1.4169614611         1.3778656343         2.0737396426
        1.1253986000         2.8500000000         1.4041998268         1.3855212666         1.7413030215
        1.1304063000         2.8500000000         1.4220661148         1.3982806539         2.2067142911
        1.1354353000         2.8500000000         1.4220661148         1.4033844088         2.2067142911
        1.1405250000         2.8500000000         1.4195137880         1.4135919187         2.1402269669
        1.1454165000         2.8500000000         1.4220661148         1.4212475511         2.2067142911
        1.1504435000         2.8500000000         1.4144091342         1.4212475511         2.0072523184
        1.1553974000         2.8500000000         1.4144091342         1.4289031834         2.0072523184
        1.1604241000         2.8500000000         1.4195137880         1.4442144482         2.1402269669
        1.1653907000         2.8500000000         1.4195137880         1.4518700806         2.1402269669
        1.1703992000         2.8500000000         1.4067521537         1.4544219580         1.8077903457
        1.1754037000         2.8500000000         1.4144091342         1.4544219580         2.0072523184
        1.1804215000         2.8500000000         1.3990951731         1.4671813453         1.6083283730
        1.1854009000         2.8500000000         1.4041998268         1.4722851002         1.7413030215
        1.1903847000         2.8500000000         1.4144091342         1.4850444875         2.0072523184
        1.1953988000         2.8500000000         1.4195137880         1.4952519974         2.1402269669
        1.2004511000         2.8500000000         1.4093044805         1.4901482425         1.8742776700
        1.2054123000         2.8500000000         1.4093044805         1.5029076297         1.8742776700
        1.2104026000         2.8500000000         1.4118568074         1.5182188945         1.9407649942
        1.2154053000         2.8500000000         1.4169614611         1.5258745269         2.0737396426
        1.2204737000         2.8500000000         1.4041998268         1.5207707720         1.7413030215
        1.2254063000         2.8500000000         1.4118568074         1.5335301593         1.9407649942
        1.2303990000         2.8500000000         1.4144091342         1.5411857916         2.0072523184
        1.2354083000         2.8500000000         1.4093044805         1.5488414240         1.8742776700
        1.2404609000         2.8500000000         1.4144091342         1.5564970564         2.0072523184
        1.2454034000         2.8500000000         1.4195137880         1.5692564437         2.1402269669
        1.2504275000         2.8500000000         1.4016475000         1.5718083211         1.6748156973
        1.2554065000         2.8500000000         1.4067521537         1.5769120761         1.8077903457
        1.2604756000         2.8500000000         1.4067521537         1.5845677084         1.8077903457
        1.2654385000         2.8500000000         1.4144091342         1.6024308506         2.0072523184
        1.2703967000         2.8500000000         1.3965428462         1.5947752183         1.5418410488
        1.2753870000         2.8500000000         1.4067521537         1.6075346056         1.8077903457
        1.2803908000         2.8500000000         1.4067521537         1.6151902379         1.8077903457
        1.2853977000         2.8500000000         1.4067521537         1.6177421154         1.8077903457
        1.2903935000         2.8500000000         1.4093044805         1.6305015027         1.8742776700
        1.2954116000         2.8500000000         1.4348277491         1.6356052576         2.5391509122
        1.3004002000         2.8500000000         1.4118568074         1.6432608900         1.9407649942
        1.3054090000         2.8500000000         1.4144091342         1.6560202773         2.0072523184
        1.3103942000         2.8500000000         1.4144091342         1.6560202773         2.0072523184
        1.3154061000         2.8500000000         1.4169614611         1.6687796646         2.0737396426
        1.3204049000         2.8500000000         1.4093044805         1.6789871744         1.8742776700
        1.3253979000         2.8500000000         1.4093044805         1.6789871744         1.8742776700
        1.3303961000         2.8500000000         1.4067521537         1.6866428068         1.8077903457
        1.3354270000         2.8500000000         1.4093044805         1.6942984392         1.8742776700
        1.3404043000         2.8500000000         1.4041998268         1.6942984392         1.7413030215
        1.3455222000         2.8500000000         1.4067521537         1.7070578265         1.8077903457
        1.3504188000         2.8500000000         1.4118568074         1.7198172138         1.9407649942
        1.3553928000         2.8500000000         1.4144091342         1.7249209687         2.0072523184
        1.3605322000         2.8500000000         1.4297230954         1.7300247236         2.4061762638
        1.3654174000         2.8500000000         1.4067521537         1.7300247236         1.8077903457
        1.3703921000         2.8500000000         1.3965428462         1.7351284785         1.5418410488
        1.3754072000         2.8500000000         1.4041998268         1.7478878658         1.7413030215
        1.3803945000         2.8500000000         1.4067521537         1.7555434982         1.8077903457
        1.3854030000         2.8500000000         1.4093044805         1.7657510080         1.8742776700
        1.3903845000         2.8500000000         1.4041998268         1.7708547629         1.7413030215
        1.3954313000         2.8500000000         1.4041998268         1.7734066404         1.7413030215
        1.4004332000         2.8500000000         1.4016475000         1.7734066404         1.6748156973
        1.4054033000         2.8500000000         1.3990951731         1.7836141502         1.6083283730
        1.4104149000         2.8500000000         1.4016475000         1.7861660277         1.6748156973
        1.4154009000         2.8500000000         1.3965428462         1.7938216601         1.5418410488
        1.4204025000         2.8500000000         1.3990951731         1.8065810474         1.6083283730
        1.4254141000         2.8500000000         1.4118568074         1.8193404347         1.9407649942
        1.4303991000         2.8500000000         1.3990951731         1.8193404347         1.6083283730
        1.4354144000         2.8500000000         1.4093044805         1.8320998220         1.8742776700
        1.4404372000         2.8500000000         1.4093044805         1.8372035769         1.8742776700
        1.4454020000         2.8500000000         1.3990951731         1.8295479445         1.6083283730
        1.4506472000         2.8500000000         1.4067521537         1.8448592093         1.8077903457
        1.4554494000         2.8500000000         1.3990951731         1.8474110867         1.6083283730
        1.4604008000         2.8500000000         1.4093044805         1.8652742289         1.8742776700
        1.4653876000         2.8500000000         1.4067521537         1.8703779838         1.8077903457
        1.4704189000         2.8500000000         1.4144091342         1.8780336162         2.0072523184
        1.4754327000         2.8500000000         1.4118568074         1.8831373711         1.9407649942
        1.4803879000         2.8500000000         1.3965428462         1.8805854937         1.5418410488
        1.4853946000         2.8500000000         1.4016475000         1.8856892486         1.6748156973
        1.4904075000         2.8500000000         1.3965428462         1.8958967584         1.5418410488
        1.4953921000         2.8500000000         1.4118568074         1.9061042683         1.9407649942
        1.5004012000         2.8500000000         1.4297230954         1.9112080232         2.4061762638
        1.5054083000         2.8500000000         1.4144091342         1.9239674105         2.0072523184
        1.5103910000         2.8500000000         1.4067521537         1.9290711654         1.8077903457
        1.5153945000         2.8500000000         1.4093044805         1.9341749203         1.8742776700
        1.5204046000         2.8500000000         1.4067521537         1.9418305527         1.8077903457
        1.5253892000         2.8500000000         1.3863335388         1.9418305527         1.2758917519
        1.5304287000         2.8500000000         1.4016475000         1.9469343076         1.6748156973
        1.5354074000         2.8500000000         1.3990951731         1.9545899400         1.6083283730
        1.5403967000         2.8500000000         1.4067521537         1.9673493273         1.8077903457
        1.5453963000         2.8500000000         1.4041998268         1.9750049597         1.7413030215
        1.5503809000         2.8500000000         1.4093044805         1.9877643470         1.8742776700
        1.5555391000         2.8500000000         1.4093044805         1.9954199793         1.8742776700
        1.5604016000         2.8500000000         1.4093044805         1.9979718568         1.8742776700
        1.5654057000         2.8500000000         1.4144091342         2.0005237343         2.0072523184
        1.5704027000         2.8500000000         1.4144091342         2.0158349990         2.0072523184
        1.5753979000         2.8500000000         1.4067521537         2.0209387539         1.8077903457
        1.5803891000         2.8500000000         1.4041998268         2.0209387539         1.7413030215
        1.5854145000         2.8500000000         1.4041998268         2.0362500187         1.7413030215
        1.5904062000         2.8500000000         1.4016475000         2.0362500187         1.6748156973
        1.5954464000         2.8500000000         1.3965428462         2.0413537736         1.5418410488
        1.6004037000         2.8500000000         1.4016475000         2.0413537736         1.6748156973
        1.6053969000         2.8500000000         1.4067521537         2.0541131609         1.8077903457
        1.6104123000         2.8500000000         1.4067521537         2.0643206707         1.8077903457
        1.6154214000         2.8500000000         1.4118568074         2.0668725482         1.9407649942
        1.6203963000         2.8500000000         1.4144091342         2.0770800580         2.0072523184
        1.6253869000         2.8500000000         1.4067521537         2.0796319355         1.8077903457
        1.6304087000         2.8500000000         1.4067521537         2.0872875679         1.8077903457
        1.6354540000         2.8500000000         1.4118568074         2.1025988326         1.9407649942
        1.6403835000         2.8500000000         1.3939905194         2.0949432002         1.4753537246
        1.6454068000         2.8500000000         1.3965428462         2.1025988326         1.5418410488
        1.6504015000         2.8500000000         1.3990951731         2.1102544650         1.6083283730
        1.6553862000         2.8500000000         1.4093044805         2.1255657297         1.8742776700
        1.6604243000         2.8500000000         1.4169614611         2.1383251170         2.0737396426
        1.6654439000         2.8500000000         1.4118568074         2.1408769945         1.9407649942
        1.6703976000         2.8500000000         1.4144091342         2.1485326269         2.0072523184
        1.6753990000         2.8500000000         1.4067521537         2.1485326269         1.8077903457
        1.6804016000         2.8500000000         1.4093044805         2.1587401367         1.8742776700
        1.6853892000         2.8500000000         1.4016475000         2.1612920142         1.6748156973
        1.6904039000         2.8500000000         1.4041998268         2.1663957691         1.7413030215
        1.6953862000         2.8500000000         1.4041998268         2.1817070338         1.7413030215
        1.7003955000         2.8500000000         1.4067521537         2.1868107888         1.8077903457
        1.7053998000         2.8500000000         1.4041998268         2.1817070338         1.7413030215
        1.7104125000         2.8500000000         1.4041998268         2.1970182986         1.7413030215
        1.7153917000         2.8500000000         1.4348277491         2.2097776859         2.5391509122
        1.7204034000         2.8500000000         1.4093044805         2.2097776859         1.8742776700
        1.7254192000         2.8500000000         1.4041998268         2.2199851957         1.7413030215
        1.7303968000         2.8500000000         1.4016475000         2.2199851957         1.6748156973
        1.7354128000         2.8500000000         1.4016475000         2.2301927056         1.6748156973
        1.7408008000         2.8500000000         1.4297230954         2.2404002154         2.4061762638
        1.7454825000         2.8500000000         1.4041998268         2.2404002154         1.7413030215
        1.7505337000         2.8500000000         1.4041998268         2.2582633576         1.7413030215
        1.7554889000         2.8500000000         1.4041998268         2.2633671125         1.7413030215
        1.7604872000         2.8500000000         1.4041998268         2.2659189900         1.7413030215
        1.7654624000         2.8500000000         1.4067521537         2.2812302547         1.8077903457
        1.7704486000         2.8500000000         1.3990951731         2.2761264998         1.6083283730
        1.7754451000         2.8500000000         1.4067521537         2.2888858871         1.8077903457
        1.7805245000         2.8500000000         1.3990951731         2.2939896420         1.6083283730
        1.7854424000         2.8500000000         1.4041998268         2.3041971519         1.7413030215
        1.7906645000         2.8500000000         1.4093044805         2.3144046617         1.8742776700
        1.7954193000         2.8500000000         1.4041998268         2.3169565392         1.7413030215
        1.8004542000         2.8500000000         1.3965428462         2.3220602941         1.5418410488
        1.8054699000         2.8500000000         1.4067521537         2.3297159265         1.8077903457
        1.8105371000         2.8500000000         1.3965428462         2.3297159265         1.5418410488
        1.8154551000         2.8500000000         1.4246184417         2.3399234363         2.2732016153
        1.8204521000         2.8500000000         1.4041998268         2.3526828236         1.7413030215
        1.8255127000         2.8500000000         1.4067521537         2.3628903334         1.8077903457
        1.8304667000         2.8500000000         1.4041998268         2.3628903334         1.7413030215
        1.8354934000         2.8500000000         1.3939905194         2.3654422109         1.4753537246
        1.8404546000         2.8500000000         1.4093044805         2.3782015982         1.8742776700
        1.8454550000         2.8500000000         1.3965428462         2.3756497207         1.5418410488
        1.8504689000         2.8500000000         1.4144091342         2.3884091080         2.0072523184
        1.8554847000         2.8500000000         1.4016475000         2.4011684953         1.6748156973
        1.8605915000         2.8500000000         1.4016475000         2.3960647404         1.6748156973
        1.8654179000         2.8500000000         1.4041998268         2.4088241277         1.7413030215
        1.8704368000         2.8500000000         1.4041998268         2.4164797601         1.7413030215
        1.8756458000         2.8500000000         1.3914381925         2.4190316375         1.4088664004
        1.8804237000         2.8500000000         1.4067521537         2.4292391474         1.8077903457
        1.8854530000         2.8500000000         1.4118568074         2.4368947797         1.9407649942
        1.8904458000         2.8500000000         1.4016475000         2.4445504121         1.6748156973
        1.8955541000         2.8500000000         1.4016475000         2.4445504121         1.6748156973
        1.9004475000         2.8500000000         1.3990951731         2.4573097994         1.6083283730
        1.9054676000         2.8500000000         1.4093044805         2.4649654318         1.8742776700
        1.9105113000         2.8500000000         1.4016475000         2.4675173092         1.6748156973
        1.9154409000         2.8500000000         1.4041998268         2.4828285740         1.7413030215
        1.9204809000         2.8500000000         1.3965428462         2.4751729416         1.5418410488
        1.9254912000         2.8500000000         1.4041998268         2.4930360838         1.7413030215
        1.9305230000         2.8500000000         1.3965428462         2.4879323289         1.5418410488
        1.9354874000         2.8500000000         1.4220661148         2.4981398388         2.2067142911
        1.9404462000         2.8500000000         1.4093044805         2.5134511035         1.8742776700
        1.9457925000         2.8500000000         1.4067521537         2.5108992261         1.8077903457
        1.9504622000         2.8500000000         1.3939905194         2.5134511035         1.4753537246
        1.9554422000         2.8500000000         1.4118568074         2.5262104908         1.9407649942
        1.9604524000         2.8500000000         1.4016475000         2.5287623683         1.6748156973
        1.9654786000         2.8500000000         1.4093044805         2.5466255105         1.8742776700
        1.9704567000         2.8500000000         1.3990951731         2.5466255105         1.6083283730
        1.9754706000         2.8500000000         1.4016475000         2.5517292654         1.6748156973
        1.9806186000         2.8500000000         1.4169614611         2.5619367752         2.0737396426
        1.9855426000         2.8500000000         1.3990951731         2.5568330203         1.6083283730
        1.9904614000         2.8500000000         1.3990951731         2.5670405302         1.6083283730
        1.9954589000         2.8500000000         1.4016475000         2.5772480400         1.6748156973
        2.0004600000         2.8500000000         1.4016475000         2.5849036724         1.6748156973
        2.0056606000         2.8500000000         1.3965428462         2.5874555498         1.5418410488
        2.0104601000         2.8500000000         1.4016475000         2.5976630597         1.6748156973
        2.0154594000         2.8500000000         1.3939905194         2.6002149371         1.4753537246
        2.0204875000         2.8500000000         1.3965428462         2.6027668146         1.5418410488
        2.0254747000         2.8500000000         1.3965428462         2.6231818342         1.5418410488
        2.0304309000         2.8500000000         1.3990951731         2.6206299568         1.6083283730
        2.0354654000         2.8500000000         1.3965428462         2.6231818342         1.5418410488
        2.0404112000         2.8500000000         1.3939905194         2.6308374666         1.4753537246
        2.0454419000         2.8500000000         1.3965428462         2.6384930990         1.5418410488
        2.0504536000         2.8500000000         1.4067521537         2.6487006088         1.8077903457
        2.0554831000         2.8500000000         1.3965428462         2.6487006088         1.5418410488
        2.0604911000         2.8500000000         1.4067521537         2.6640118736         1.8077903457
        2.0654718000         2.8500000000         1.4016475000         2.6691156285         1.6748156973
        2.0706294000         2.8500000000         1.4144091342         2.6691156285         2.0072523184
        2.0754643000         2.8500000000         1.4118568074         2.6818750158         1.9407649942
        2.0804279000         2.8500000000         1.3939905194         2.6818750158         1.4753537246
        2.0854828000         2.8500000000         1.3965428462         2.6920825256         1.5418410488
        2.0906245000         2.8500000000         1.3965428462         2.6946344031         1.5418410488
        2.0956607000         2.8500000000         1.4271707685         2.7022900355         2.3396889395
        2.1004602000         2.8500000000         1.4041998268         2.7150494228         1.7413030215
        2.1054889000         2.8500000000         1.4093044805         2.7252569326         1.8742776700
        2.1104955000         2.8500000000         1.4016475000         2.7227050552         1.6748156973
        2.1154297000         2.8500000000         1.4067521537         2.7354644424         1.8077903457
        2.1204534000         2.8500000000         1.4093044805         2.7507757072         1.8742776700
        2.1254050000         2.8500000000         1.3990951731         2.7431200748         1.6083283730
        2.1303916000         2.8500000000         1.3939905194         2.7482238297         1.4753537246
        2.1354204000         2.8500000000         1.4041998268         2.7609832170         1.7413030215
        2.1406185000         2.8500000000         1.4016475000         2.7686388494         1.6748156973
        2.1454797000         2.8500000000         1.4016475000         2.7762944818         1.6748156973
        2.1504895000         2.8500000000         1.4016475000         2.7813982367         1.6748156973
        2.1554514000         2.8500000000         1.4093044805         2.7967095015         1.8742776700
        2.1604325000         2.8500000000         1.4041998268         2.7967095015         1.7413030215
        2.1654560000         2.8500000000         1.4016475000         2.7967095015         1.6748156973
        2.1704283000         2.8500000000         1.4093044805         2.8145726437         1.8742776700
        2.1754621000         2.8500000000         1.4067521537         2.8171245211         1.8077903457
        2.1804480000         2.8500000000         1.4067521537         2.8298839084         1.8077903457
        2.1854620000         2.8500000000         1.4067521537         2.8349876633         1.8077903457
        2.1906556000         2.8500000000         1.4016475000         2.8349876633         1.6748156973
        2.1954670000         2.8500000000         1.4093044805         2.8477470506         1.8742776700
        2.2005022000         2.8500000000         1.4016475000         2.8528508056         1.6748156973
        2.2054752000         2.8500000000         1.3990951731         2.8477470506         1.6083283730
        2.2106110000         2.8500000000         1.4067521537         2.8630583154         1.8077903457
        2.2156526000         2.8500000000         1.4118568074         2.8758177027         1.9407649942
        2.2204650000         2.8500000000         1.3990951731         2.8732658252         1.6083283730
        2.2254782000         2.8500000000         1.4169614611         2.8860252125         2.0737396426
        2.2304790000         2.8500000000         1.3990951731         2.8860252125         1.6083283730
        2.2354929000         2.8500000000         1.3990951731         2.8885770900         1.6083283730
        2.2404763000         2.8500000000         1.3939905194         2.8987845998         1.4753537246
        2.2456122000         2.8500000000         1.4067521537         2.9064402322         1.8077903457
        2.2505207000         2.8500000000         1.4067521537         2.9191996195         1.8077903457
        2.2556199000         2.8500000000         1.4093044805         2.9217514970         1.8742776700
        2.2605042000         2.8500000000         1.3990951731         2.9294071293         1.6083283730
        2.2654715000         2.8500000000         1.4041998268         2.9345108842         1.7413030215
        2.2704969000         2.8500000000         1.4093044805         2.9447183941         1.8742776700
        2.2754688000         2.8500000000         1.4093044805         2.9498221490         1.8742776700
        2.2804562000         2.8500000000         1.4016475000         2.9574777814         1.6748156973
        2.2854552000         2.8500000000         1.4067521537         2.9676852912         1.8077903457
        2.2904498000         2.8500000000         1.4067521537         2.9778928011         1.8077903457
        2.2954860000         2.8500000000         1.3939905194         2.9727890461         1.4753537246
        2.3004752000         2.8500000000         1.3965428462         2.9804446785         1.5418410488
        2.3054805000         2.8500000000         1.4041998268         2.9881003109         1.7413030215
        2.3108010000         2.8500000000         1.4271707685         3.0008596982         2.3396889395
        2.3154768000         2.8500000000         1.4016475000         2.9932040658         1.6748156973
        2.3204416000         2.8500000000         1.4118568074         3.0136190855         1.9407649942
        2.3254314000         2.8500000000         1.4067521537         3.0187228404         1.8077903457
        2.3304608000         2.8500000000         1.3990951731         3.0212747179         1.6083283730
        2.3354347000         2.8500000000         1.4093044805         3.0263784728         1.8742776700
        2.3404414000         2.8500000000         1.4093044805         3.0416897375         1.8742776700
        2.3454128000         2.8500000000         1.4041998268         3.0391378601         1.7413030215
        2.3504567000         2.8500000000         1.4041998268         3.0493453699         1.7413030215
        2.3554716000         2.8500000000         1.3990951731         3.0518972474         1.6083283730
        2.3604401000         2.8500000000         1.3990951731         3.0570010023         1.6083283730
        2.3654194000         2.8500000000         1.4041998268         3.0646566347         1.7413030215
        2.3704098000         2.8500000000         1.3965428462         3.0697603896         1.5418410488
        2.3754089000         2.8500000000         1.3990951731         3.0748641445         1.6083283730
        2.3805009000         2.8500000000         1.4041998268         3.0825197769         1.7413030215
        2.3854126000         2.8500000000         1.3965428462         3.0876235318         1.5418410488
        2.3904224000         2.8500000000         1.4169614611         3.0978310416         2.0737396426
        2.3954257000         2.8500000000         1.4093044805         3.1080385515         1.8742776700
        2.4004587000         2.8500000000         1.4067521537         3.1182460613         1.8077903457
        2.4054432000         2.8500000000         1.3914381925         3.1207979388         1.4088664004
        2.4104257000         2.8500000000         1.4016475000         3.1233498162         1.6748156973
        2.4154371000         2.8500000000         1.3990951731         3.1284535711         1.6083283730
        2.4204453000         2.8500000000         1.3965428462         3.1361092035         1.5418410488
        2.4254218000         2.8500000000         1.4067521537         3.1488685908         1.8077903457
        2.4304251000         2.8500000000         1.4016475000         3.1488685908         1.6748156973
        2.4353907000         2.8500000000         1.3990951731         3.1514204683         1.6083283730
        2.4403993000         2.8500000000         1.4016475000         3.1616279781         1.6748156973
        2.4454113000         2.8500000000         1.4067521537         3.1667317330         1.8077903457
        2.4503932000         2.8500000000         1.3939905194         3.1692836105         1.4753537246
        2.4554275000         2.8500000000         1.3965428462         3.1743873654         1.5418410488
        2.4604089000         2.8500000000         1.4041998268         3.1922505076         1.7413030215
        2.4653977000         2.8500000000         1.4220661148         3.1896986301         2.2067142911
        2.4704394000         2.8500000000         1.3863335388         3.1948023851         1.2758917519
        2.4754184000         2.8500000000         1.3914381925         3.1999061400         1.4088664004
        2.4803922000         2.8500000000         1.3914381925         3.2177692822         1.4088664004
        2.4854065000         2.8500000000         1.4016475000         3.2177692822         1.6748156973
        2.4904128000         2.8500000000         1.3990951731         3.2203211597         1.6083283730
        2.4954298000         2.8500000000         1.3786765582         3.2228730371         1.0764297792
        2.5004248000         2.8500000000         1.4016475000         3.2279767920         1.6748156973
        2.5053941000         2.8500000000         1.3990951731         3.2432880568         1.6083283730
        2.5104907000         2.8500000000         1.4016475000         3.2483918117         1.6748156973
        2.5154113000         2.8500000000         1.3965428462         3.2483918117         1.5418410488
        2.5204224000         2.8500000000         1.4016475000         3.2611511990         1.6748156973
        2.5254238000         2.8500000000         1.4041998268         3.2739105863         1.7413030215
        2.5304342000         2.8500000000         1.4041998268         3.2815662187         1.7413030215
        2.5354515000         2.8500000000         1.3939905194         3.2790143412         1.4753537246
        2.5404351000         2.8500000000         1.3888858657         3.2841180961         1.3423790761
        2.5454053000         2.8500000000         1.4220661148         3.2892218510         2.2067142911
        2.5504206000         2.8500000000         1.3965428462         3.2968774834         1.5418410488
        2.5554065000         2.8500000000         1.3990951731         3.3019812383         1.6083283730
        2.5604148000         2.8500000000         1.3914381925         3.3096368707         1.4088664004
        2.5654165000         2.8500000000         1.4016475000         3.3147406256         1.6748156973
        2.5704868000         2.8500000000         1.4041998268         3.3223962580         1.7413030215
        2.5754393000         2.8500000000         1.4016475000         3.3326037679         1.6748156973
        2.5803923000         2.8500000000         1.3939905194         3.3326037679         1.4753537246
        2.5854080000         2.8500000000         1.3914381925         3.3402594002         1.4088664004
        2.5904143000         2.8500000000         1.3888858657         3.3428112777         1.3423790761
        2.5954095000         2.8500000000         1.3888858657         3.3453631551         1.3423790761
        2.6004068000         2.8500000000         1.3914381925         3.3530187875         1.4088664004
        2.6054231000         2.8500000000         1.3863335388         3.3555706650         1.2758917519
        2.6103959000         2.8500000000         1.3939905194         3.3657781748         1.4753537246
        2.6154068000         2.8500000000         1.4016475000         3.3734338072         1.6748156973
        2.6204190000         2.8500000000         1.3914381925         3.3759856847         1.4088664004
        2.6254294000         2.8500000000         1.3990951731         3.3861931945         1.6083283730
        2.6304249000         2.8500000000         1.4016475000         3.3938488269         1.6748156973
        2.6354360000         2.8500000000         1.3939905194         3.3989525818         1.4753537246
        2.6403960000         2.8500000000         1.3710195777         3.3938488269         0.8769678065
        2.6454060000         2.8500000000         1.3914381925         3.3964007043         1.4088664004
        2.6503965000         2.8500000000         1.3914381925         3.4117119691         1.4088664004
        2.6553957000         2.8500000000         1.3965428462         3.4142638465         1.5418410488
        2.6603978000         2.8500000000         1.3990951731         3.4270232338         1.6083283730
        2.6656268000         2.8500000000         1.3888858657         3.4193676015         1.3423790761
        2.6704966000         2.8500000000         1.3990951731         3.4397826211         1.6083283730
        2.6754217000         2.8500000000         1.4067521537         3.4423344986         1.8077903457
        2.6804185000         2.8500000000         1.4041998268         3.4499901310         1.7413030215
        2.6853968000         2.8500000000         1.3990951731         3.4525420084         1.6083283730
        2.6903827000         2.8500000000         1.4016475000         3.4653013957         1.6748156973
        2.6954176000         2.8500000000         1.4016475000         3.4678532732         1.6748156973
        2.7004096000         2.8500000000         1.3965428462         3.4755089056         1.5418410488
        2.7054468000         2.8500000000         1.4067521537         3.4806126605         1.8077903457
        2.7103959000         2.8500000000         1.3914381925         3.4831645379         1.4088664004
        2.7154053000         2.8500000000         1.3888858657         3.4857164154         1.3423790761
        2.7204723000         2.8500000000         1.3863335388         3.4857164154         1.2758917519
        2.7254022000         2.8500000000         1.3863335388         3.4933720478         1.2758917519
        2.7304038000         2.8500000000         1.3939905194         3.5061314351         1.4753537246
        2.7353899000         2.8500000000         1.3965428462         3.5086833125         1.5418410488
        2.7403984000         2.8500000000         1.3888858657         3.5137870674         1.3423790761
        2.7453873000         2.8500000000         1.4093044805         3.5137870674         1.8742776700
        2.7503951000         2.8500000000         1.3939905194         3.5265464547         1.4753537246
        2.7553865000         2.8500000000         1.3990951731         3.5342020871         1.6083283730
        2.7604008000         2.8500000000         1.4016475000         3.5444095970         1.6748156973
        2.7653924000         2.8500000000         1.3939905194         3.5469614744         1.4753537246
        2.7703940000         2.8500000000         1.3965428462         3.5495133519         1.5418410488
        2.7754154000         2.8500000000         1.3965428462         3.5495133519         1.5418410488
        2.7804177000         2.8500000000         1.3914381925         3.5622727392         1.4088664004
        2.7857092000         2.8500000000         1.3914381925         3.5622727392         1.4088664004
        2.7904670000         2.8500000000         1.3914381925         3.5724802490         1.4088664004
        2.7954591000         2.8500000000         1.3990951731         3.5852396363         1.6083283730
        2.8004344000         2.8500000000         1.3990951731         3.5826877588         1.6083283730
        2.8054564000         2.8500000000         1.3939905194         3.5877915138         1.4753537246
        2.8104703000         2.8500000000         1.3965428462         3.5877915138         1.5418410488
        2.8154806000         2.8500000000         1.3888858657         3.5954471461         1.3423790761
        2.8204365000         2.8500000000         1.4041998268         3.6133102883         1.7413030215
        2.8254684000         2.8500000000         1.4041998268         3.6209659207         1.7413030215
        2.8304487000         2.8500000000         1.3914381925         3.6184140433         1.4088664004
        2.8354551000         2.8500000000         1.3863335388         3.6184140433         1.2758917519
        2.8404421000         2.8500000000         1.3863335388         3.6235177982         1.2758917519
        2.8454278000         2.8500000000         1.3914381925         3.6388290629         1.4088664004
        2.8504396000         2.8500000000         1.3914381925         3.6413809404         1.4088664004
        2.8554416000         2.8500000000         1.3939905194         3.6439328179         1.4753537246
        2.8604594000         2.8500000000         1.4016475000         3.6541403277         1.6748156973
        2.8654610000         2.8500000000         1.4016475000         3.6643478375         1.6748156973
        2.8704382000         2.8500000000         1.3863335388         3.6592440826         1.2758917519
        2.8754378000         2.8500000000         1.3684672508         3.6643478375         0.8104804823
        2.8804923000         2.8500000000         1.3939905194         3.6745553474         1.4753537246
        2.8854493000         2.8500000000         1.3939905194         3.6822109797         1.4753537246
        2.8904472000         2.8500000000         1.3888858657         3.6796591023         1.3423790761
        2.8954589000         2.8500000000         1.3965428462         3.6924184896         1.5418410488
        2.9004465000         2.8500000000         1.3888858657         3.6924184896         1.3423790761
        2.9054469000         2.8500000000         1.3837812120         3.6975222445         1.2094044277
        2.9104986000         2.8500000000         1.3965428462         3.7153853867         1.5418410488
        2.9154180000         2.8500000000         1.3939905194         3.7153853867         1.4753537246
        2.9204275000         2.8500000000         1.3939905194         3.7230410191         1.4753537246
        2.9253871000         2.8500000000         1.3965428462         3.7255928965         1.5418410488
        2.9304370000         2.8500000000         1.3914381925         3.7306966515         1.4088664004
        2.9354592000         2.8500000000         1.3939905194         3.7383522838         1.4753537246
        2.9404430000         2.8500000000         1.3863335388         3.7332485289         1.2758917519
        2.9454428000         2.8500000000         1.3990951731         3.7511116711         1.6083283730
        2.9503852000         2.8500000000         1.3965428462         3.7613191810         1.5418410488
        2.9554415000         2.8500000000         1.3939905194         3.7613191810         1.4753537246
        2.9604650000         2.8500000000         1.4016475000         3.7740785683         1.6748156973
        2.9654571000         2.8500000000         1.4016475000         3.7817342006         1.6748156973
        2.9704268000         2.8500000000         1.3914381925         3.7791823232         1.4088664004
        2.9754540000         2.8500000000         1.3914381925         3.7842860781         1.4088664004
        2.9804350000         2.8500000000         1.3837812120         3.7817342006         1.2094044277
        2.9854218000         2.8500000000         1.3914381925         3.7919417105         1.4088664004
        2.9903997000         2.8500000000         1.3965428462         3.8072529752         1.5418410488
        2.9955217000         2.8500000000         1.3888858657         3.8047010978         1.3423790761
        3.0004470000         2.8500000000         1.3990951731         3.8174604851         1.6083283730
        3.0054162000         2.8500000000         1.3939905194         3.8200123625         1.4753537246
        3.0104107000         2.8500000000         1.3888858657         3.8251161174         1.3423790761
        3.0154018000         2.8500000000         1.3939905194         3.8276679949         1.4753537246
        3.0203783000         2.8500000000         1.3990951731         3.8378755047         1.6083283730
        3.0256912000         2.8500000000         1.4016475000         3.8480830146         1.6748156973
        3.0303948000         2.8500000000         1.3837812120         3.8531867695         1.2094044277
        3.0354056000         2.8500000000         1.3939905194         3.8506348920         1.4753537246
        3.0404296000         2.8500000000         1.3939905194         3.8582905244         1.4753537246
        3.0454078000         2.8500000000         1.3863335388         3.8582905244         1.2758917519
        3.0504054000         2.8500000000         1.3914381925         3.8633942793         1.4088664004
        3.0554167000         2.8500000000         1.3914381925         3.8761536666         1.4088664004
        3.0604309000         2.8500000000         1.3914381925         3.8812574215         1.4088664004
        3.0654143000         2.8500000000         1.3914381925         3.8889130539         1.4088664004
        3.0703869000         2.8500000000         1.4144091342         3.8991205638         2.0072523184
        3.0754076000         2.8500000000         1.4016475000         3.9042243187         1.6748156973
        3.0803822000         2.8500000000         1.3939905194         3.9042243187         1.4753537246
        3.0854258000         2.8500000000         1.4016475000         3.9144318285         1.6748156973
        3.0903978000         2.8500000000         1.3939905194         3.9144318285         1.4753537246
        3.0955125000         2.8500000000         1.4016475000         3.9297430933         1.6748156973
        3.1004067000         2.8500000000         1.3914381925         3.9220874609         1.4088664004
        3.1054002000         2.8500000000         1.3965428462         3.9322949707         1.5418410488
        3.1103826000         2.8500000000         1.3914381925         3.9373987256         1.4088664004
        3.1153975000         2.8500000000         1.4041998268         3.9527099904         1.7413030215
        3.1204009000         2.8500000000         1.4067521537         3.9552618679         1.8077903457
        3.1254076000         2.8500000000         1.3990951731         3.9603656228         1.6083283730
        3.1303789000         2.8500000000         1.4041998268         3.9680212551         1.7413030215
        3.1354102000         2.8500000000         1.4041998268         3.9756768875         1.7413030215
        3.1403851000         2.8500000000         1.3965428462         3.9705731326         1.5418410488
        3.1454146000         2.8500000000         1.3939905194         3.9782287650         1.4753537246
        3.1504083000         2.8500000000         1.4067521537         3.9935400297         1.8077903457
        3.1554226000         2.8500000000         1.3965428462         3.9960919072         1.5418410488
        3.1604294000         2.8500000000         1.3965428462         4.0011956621         1.5418410488
        3.1653909000         2.8500000000         1.4041998268         4.0139550494         1.7413030215
        3.1704131000         2.8500000000         1.4067521537         4.0190588043         1.8077903457
        3.1753967000         2.8500000000         1.3990951731         4.0190588043         1.6083283730
        3.1804035000         2.8500000000         1.4067521537         4.0318181916         1.8077903457
        3.1854344000         2.8500000000         1.3990951731         4.0343700691         1.6083283730
        3.1903816000         2.8500000000         1.4067521537         4.0471294564         1.8077903457
        3.1954147000         2.8500000000         1.4041998268         4.0445775789         1.7413030215
        3.2004054000         2.8500000000         1.4067521537         4.0547850888         1.8077903457
        3.2054047000         2.8500000000         1.3965428462         4.0573369662         1.5418410488
        3.2104079000         2.8500000000         1.3939905194         4.0573369662         1.4753537246
        3.2154036000         2.8500000000         1.3990951731         4.0649925986         1.6083283730
        3.2204201000         2.8500000000         1.3914381925         4.0726482310         1.4088664004
        3.2254762000         2.8500000000         1.3939905194         4.0777519859         1.4753537246
        3.2303922000         2.8500000000         1.4067521537         4.0981670056         1.8077903457
        3.2354297000         2.8500000000         1.3939905194         4.0956151281         1.4753537246
        3.2404161000         2.8500000000         1.4067521537         4.1058226379         1.8077903457
        3.2454230000         2.8500000000         1.4041998268         4.1083745154         1.7413030215
        3.2504156000         2.8500000000         1.3990951731         4.1083745154         1.6083283730
        3.2553865000         2.8500000000         1.3965428462         4.1160301478         1.5418410488
        3.2603975000         2.8500000000         1.4067521537         4.1287895351         1.8077903457
        3.2653886000         2.8500000000         1.3939905194         4.1287895351         1.4753537246
        3.2703940000         2.8500000000         1.3965428462         4.1364451674         1.5418410488
        3.2753965000         2.8500000000         1.3990951731         4.1466526773         1.6083283730
        3.2803922000         2.8500000000         1.4093044805         4.1568601871         1.8742776700
        3.2853986000         2.8500000000         1.3990951731         4.1619639420         1.6083283730
        3.2903972000         2.8500000000         1.4093044805         4.1670676969         1.8742776700
        3.2954063000         2.8500000000         1.4016475000         4.1696195744         1.6748156973
        3.3003887000         2.8500000000         1.4016475000         4.1798270842         1.6748156973
        3.3054597000         2.8500000000         1.4067521537         4.1925864715         1.8077903457
        3.3103980000         2.8500000000         1.4041998268         4.1925864715         1.7413030215
        3.3155728000         2.8500000000         1.4016475000         4.2002421039         1.6748156973
        3.3204018000         2.8500000000         1.4016475000         4.2078977363         1.6748156973
        3.3254113000         2.8500000000         1.3761242314         4.2078977363         1.0099424550
        3.3303981000         2.8500000000         1.4016475000         4.2283127560         1.6748156973
        3.3354056000         2.8500000000         1.4041998268         4.2283127560         1.7413030215
        3.3404491000         2.8500000000         1.3990951731         4.2334165109         1.6083283730
        3.3454040000         2.8500000000         1.3939905194         4.2334165109         1.4753537246
        3.3504105000         2.8500000000         1.3965428462         4.2385202658         1.5418410488
        3.3553946000         2.8500000000         1.4041998268         4.2512796531         1.7413030215
        3.3604240000         2.8500000000         1.3990951731         4.2512796531         1.6083283730
        3.3654080000         2.8500000000         1.4195137880         4.2665909178         2.1402269669
        3.3704175000         2.8500000000         1.4016475000         4.2716946728         1.6748156973
        3.3754020000         2.8500000000         1.4093044805         4.2767984277         1.8742776700
        3.3803883000         2.8500000000         1.3990951731         4.2767984277         1.6083283730
        3.3853935000         2.8500000000         1.3914381925         4.2870059375         1.4088664004
        3.3904266000         2.8500000000         1.4016475000         4.2997653248         1.6748156973
        3.3955124000         2.8500000000         1.3990951731         4.3048690797         1.6083283730
        3.4003918000         2.8500000000         1.4144091342         4.3201803445         2.0072523184
        3.4054008000         2.8500000000         1.4016475000         4.3227322219         1.6748156973
        3.4104070000         2.8500000000         1.4093044805         4.3303878543         1.8742776700
        3.4154165000         2.8500000000         1.4067521537         4.3380434867         1.8077903457
        3.4204065000         2.8500000000         1.4093044805         4.3431472416         1.8742776700
        3.4253838000         2.8500000000         1.3990951731         4.3431472416         1.6083283730
        3.4303954000         2.8500000000         1.4118568074         4.3559066289         1.9407649942
        3.4353759000         2.8500000000         1.4067521537         4.3610103838         1.8077903457
        3.4403845000         2.8500000000         1.3990951731         4.3635622613         1.6083283730
        3.4453950000         2.8500000000         1.4041998268         4.3737697711         1.7413030215
        3.4504055000         2.8500000000         1.3965428462         4.3763216486         1.5418410488
        3.4553915000         2.8500000000         1.3965428462         4.3814254035         1.5418410488
        3.4603960000         2.8500000000         1.3914381925         4.3814254035         1.4088664004
        3.4654104000         2.8500000000         1.3990951731         4.3890810359         1.6083283730
        3.4704298000         2.8500000000         1.3914381925         4.3967366683         1.4088664004
        3.4754080000         2.8500000000         1.4067521537         4.4069441781         1.8077903457
        3.4804022000         2.8500000000         1.4067521537         4.4222554428         1.8077903457
        3.4854094000         2.8500000000         1.4093044805         4.4299110752         1.8742776700
        3.4903984000         2.8500000000         1.4041998268         4.4273591978         1.7413030215
        3.4954062000         2.8500000000         1.4118568074         4.4426704625         1.9407649942
        3.5004195000         2.8500000000         1.3965428462         4.4452223400         1.5418410488
        3.5054037000         2.8500000000         1.4118568074         4.4554298498         1.9407649942
        3.5103869000         2.8500000000         1.3990951731         4.4554298498         1.6083283730
        3.5154151000         2.8500000000         1.4016475000         4.4707411146         1.6748156973
        3.5204522000         2.8500000000         1.3990951731         4.4681892371         1.6083283730
        3.5255081000         2.8500000000         1.3990951731         4.4707411146         1.6083283730
        3.5303982000         2.8500000000         1.3939905194         4.4732929920         1.4753537246
        3.5354241000         2.8500000000         1.4144091342         4.4962598892         2.0072523184
        3.5404094000         2.8500000000         1.4093044805         4.5013636441         1.8742776700
        3.5453906000         2.8500000000         1.4041998268         4.5064673990         1.7413030215
        3.5505897000         2.8500000000         1.3990951731         4.5039155215         1.6083283730
        3.5553909000         2.8500000000         1.4067521537         4.5166749088         1.8077903457
        3.5603884000         2.8500000000         1.4041998268         4.5243305412         1.7413030215
        3.5654025000         2.8500000000         1.4067521537         4.5268824187         1.8077903457
        3.5704091000         2.8500000000         1.4041998268         4.5421936834         1.7413030215
        3.5753960000         2.8500000000         1.4144091342         4.5472974383         2.0072523184
        3.5804392000         2.8500000000         1.4297230954         4.5472974383         2.4061762638
        3.5854309000         2.8500000000         1.4067521537         4.5575049482         1.8077903457
        3.5904085000         2.8500000000         1.4067521537         4.5651605806         1.8077903457
        3.5954417000         2.8500000000         1.3965428462         4.5677124580         1.5418410488
        3.6003955000         2.8500000000         1.3965428462         4.5753680904         1.5418410488
        3.6054027000         2.8500000000         1.4041998268         4.5830237228         1.7413030215
        3.6104037000         2.8500000000         1.4016475000         4.5957831101         1.6748156973
        3.6153918000         2.8500000000         1.3965428462         4.5906793551         1.5418410488
        3.6203976000         2.8500000000         1.3990951731         4.6008868650         1.6083283730
        3.6254073000         2.8500000000         1.4016475000         4.6110943748         1.6748156973
        3.6305745000         2.8500000000         1.3965428462         4.6085424974         1.5418410488
        3.6354007000         2.8500000000         1.3965428462         4.6187500072         1.5418410488
        3.6404082000         2.8500000000         1.3965428462         4.6289575170         1.5418410488
        3.6453982000         2.8500000000         1.4016475000         4.6391650269         1.6748156973
        3.6504182000         2.8500000000         1.4118568074         4.6468206592         1.9407649942
        3.6554129000         2.8500000000         1.4118568074         4.6519244142         1.9407649942
        3.6603872000         2.8500000000         1.4144091342         4.6672356789         2.0072523184
        3.6654288000         2.8500000000         1.4067521537         4.6697875564         1.8077903457
        3.6704657000         2.8500000000         1.4041998268         4.6672356789         1.7413030215
        3.6754481000         2.8500000000         1.4041998268         4.6825469437         1.7413030215
        3.6805167000         2.8500000000         1.4067521537         4.6876506986         1.8077903457
        3.6854643000         2.8500000000         1.4016475000         4.6953063310         1.6748156973
        3.6907005000         2.8500000000         1.4093044805         4.7055138408         1.8742776700
        3.6958764000         2.8500000000         1.4016475000         4.7029619633         1.6748156973
        3.7004400000         2.8500000000         1.4067521537         4.7182732281         1.8077903457
        3.7054530000         2.8500000000         1.4118568074         4.7259288605         1.9407649942
        3.7104500000         2.8500000000         1.4041998268         4.7335844928         1.7413030215
        3.7154514000         2.8500000000         1.4093044805         4.7412401252         1.8742776700
        3.7204519000         2.8500000000         1.4144091342         4.7565513900         2.0072523184
        3.7254606000         2.8500000000         1.4067521537         4.7642070224         1.8077903457
        3.7305987000         2.8500000000         1.3939905194         4.7539995125         1.4753537246
        3.7354312000         2.8500000000         1.4144091342         4.7693107773         2.0072523184
        3.7404495000         2.8500000000         1.4093044805         4.7769664097         1.8742776700
        3.7454666000         2.8500000000         1.4118568074         4.7820701646         1.9407649942
        3.7504505000         2.8500000000         1.3990951731         4.7846220420         1.6083283730
        3.7554529000         2.8500000000         1.4016475000         4.7922776744         1.6748156973
        3.7604769000         2.8500000000         1.3965428462         4.7973814293         1.5418410488
        3.7654758000         2.8500000000         1.4041998268         4.8050370617         1.7413030215
        3.7704799000         2.8500000000         1.4016475000         4.8101408166         1.6748156973
        3.7755099000         2.8500000000         1.4067521537         4.8305558363         1.8077903457
        3.7804597000         2.8500000000         1.4144091342         4.8433152236         2.0072523184
        3.7854369000         2.8500000000         1.4093044805         4.8458671010         1.8742776700
        3.7905885000         2.8500000000         1.4169614611         4.8535227334         2.0737396426
        3.7954422000         2.8500000000         1.4093044805         4.8560746109         1.8742776700
        3.8004517000         2.8500000000         1.4144091342         4.8662821207         2.0072523184
        3.8054873000         2.8500000000         1.4067521537         4.8739377531         1.8077903457
        3.8104642000         2.8500000000         1.4016475000         4.8764896306         1.6748156973
        3.8154961000         2.8500000000         1.4093044805         4.8892490178         1.8742776700
        3.8204786000         2.8500000000         1.4169614611         4.8918008953         2.0737396426
        3.8254738000         2.8500000000         1.4041998268         4.8994565277         1.7413030215
        3.8304449000         2.8500000000         1.4067521537         4.9122159150         1.8077903457
        3.8354874000         2.8500000000         1.4093044805         4.9198715474         1.8742776700
        3.8404657000         2.8500000000         1.4041998268         4.9224234248         1.7413030215
        3.8454453000         2.8500000000         1.4424847297         4.9377346896         2.7386128849
        3.8504704000         2.8500000000         1.4093044805         4.9428384445         1.8742776700
        3.8555922000         2.8500000000         1.4041998268         4.9504940769         1.7413030215
        3.8604694000         2.8500000000         1.4144091342         4.9632534642         2.0072523184
        3.8654564000         2.8500000000         1.4067521537         4.9683572191         1.8077903457
        3.8704257000         2.8500000000         1.4016475000         4.9760128515         1.6748156973
        3.8754330000         2.8500000000         1.4144091342         4.9887722387         2.0072523184
        3.8804177000         2.8500000000         1.4144091342         4.9964278711         2.0072523184
        3.8854429000         2.8500000000         1.4093044805         4.9938759937         1.8742776700
        3.8904554000         2.8500000000         1.4041998268         4.9964278711         1.7413030215
        3.8954904000         2.8500000000         1.4450370565         5.0142910133         2.8051002091
        3.9004623000         2.8500000000         1.4271707685         5.0142910133         2.3396889395
        3.9054643000         2.8500000000         1.4144091342         5.0066353810         2.0072523184
        3.9104177000         2.8500000000         1.4450370565         5.0040835035         2.8051002091
        3.9154144000         2.8500000000         1.4118568074         5.0066353810         1.9407649942
        3.9203965000         2.8500000000         1.4144091342         5.0091872584         2.0072523184
        3.9253997000         2.8500000000         1.4169614611         5.0117391359         2.0737396426
        3.9303900000         2.8500000000         1.4169614611         5.0117391359         2.0737396426
        3.9353977000         2.8500000000         1.4093044805         5.0066353810         1.8742776700
        3.9403971000         2.8500000000         1.4144091342         5.0066353810         2.0072523184
        3.9453908000         2.8500000000         1.4067521537         4.9989797486         1.8077903457
        3.9504002000         2.8500000000         1.4093044805         4.9964278711         1.8742776700
        3.9554070000         2.8500000000         1.4144091342         5.0040835035         2.0072523184
        3.9604072000         2.8500000000         1.4195137880         5.0117391359         2.1402269669
        3.9654009000         2.8500000000         1.4169614611         5.0091872584         2.0737396426
        3.9703959000         2.8500000000         1.4246184417         4.9913241162         2.2732016153
        3.9753904000         2.8500000000         1.4093044805         1.0946072363         1.8742776700
        3.9803984000         2.8500000000         1.4144091342         1.0946072363         2.0072523184
        3.9853812000         2.8500000000         1.4067521537         1.1073666236         1.8077903457
        3.9903865000         2.8500000000         1.4220661148         1.1175741334         2.2067142911
        3.9954032000         2.8500000000         1.4144091342         1.1048147461         2.0072523184
        4.0004059000         2.8500000000         1.4271707685         1.1175741334         2.3396889395
