% Sweep Step 28/200  Vcmd=2.3600V  CCW 
% Vg_offset=1.337354V  K_gimbal=26.049690

Time[s]              Vcmd[V]              Vg_raw[V]            Pot[V]             Omega[rad/s]
        0.0016221000         2.3600000000         1.3352870017         2.0592169158        -0.0538547326
        0.0062513000         2.3600000000         1.3378393285         2.0592169158         0.0126325916
        0.0104850000         2.3600000000         1.3429439823         2.0643206707         0.1456072401
        0.0154797000         2.3600000000         1.3429439823         2.0643206707         0.1456072401
        0.0204845000         2.3600000000         1.3429439823         2.0643206707         0.1456072401
        0.0274165000         2.3600000000         1.3403916554         2.0643206707         0.0791199158
        0.0358491000         2.3600000000         1.3378393285         2.0566650383         0.0126325916
        0.0365865000         2.3600000000         1.3352870017         2.0566650383        -0.0538547326
        0.0406579000         2.3600000000         1.3301823480         2.0515612834        -0.1868293811
        0.0456325000         2.3600000000         1.3429439823         2.0643206707         0.1456072401
        0.0528241000         2.3600000000         1.3403916554         2.0719763031         0.0791199158
        0.0557866000         2.3600000000         1.3429439823         2.0643206707         0.1456072401
        0.0607130000         2.3600000000         1.3327346748         2.0515612834        -0.1203420569
        0.0656402000         2.3600000000         1.3352870017         2.0566650383        -0.0538547326
        0.0704734000         2.3600000000         1.3352870017         2.0566650383        -0.0538547326
        0.0754635000         2.3600000000         1.3301823480         2.0566650383        -0.1868293811
        0.0804476000         2.3600000000         1.3352870017         2.0566650383        -0.0538547326
        0.0854745000         2.3600000000         1.3276300211         2.0515612834        -0.2533167053
        0.0904604000         2.3600000000         1.3352870017         2.0566650383        -0.0538547326
        0.0954698000         2.3600000000         1.3276300211         2.0592169158        -0.2533167053
        0.1004425000         2.3600000000         1.3327346748         2.0541131609        -0.1203420569
        0.1054931000         2.3600000000         1.3276300211         2.0566650383        -0.2533167053
        0.1104781000         2.3600000000         1.3378393285         2.0617687933         0.0126325916
        0.1155095000         2.3600000000         1.3352870017         2.0541131609        -0.0538547326
        0.1204694000         2.3600000000         1.3352870017         2.0566650383        -0.0538547326
        0.1254768000         2.3600000000         1.3429439823         2.0617687933         0.1456072401
        0.1304775000         2.3600000000         1.3378393285         2.0541131609         0.0126325916
        0.1354768000         2.3600000000         1.3327346748         2.0490094060        -0.1203420569
        0.1404749000         2.3600000000         1.3301823480         2.0490094060        -0.1868293811
        0.1454476000         2.3600000000         1.3301823480         2.0490094060        -0.1868293811
        0.1504442000         2.3600000000         1.3327346748         2.0490094060        -0.1203420569
        0.1554496000         2.3600000000         1.3378393285         2.0566650383         0.0126325916
        0.1604652000         2.3600000000         1.3429439823         2.0617687933         0.1456072401
        0.1654166000         2.3600000000         1.3378393285         2.0490094060         0.0126325916
        0.1704280000         2.3600000000         1.3301823480         2.0490094060        -0.1868293811
        0.1754660000         2.3600000000         1.3429439823         2.0592169158         0.1456072401
        0.1804481000         2.3600000000         1.3378393285         2.0566650383         0.0126325916
        0.1854796000         2.3600000000         1.3454963091         2.0592169158         0.2120945643
        0.1904850000         2.3600000000         1.3429439823         2.0617687933         0.1456072401
        0.1954548000         2.3600000000         1.3301823480         2.0515612834        -0.1868293811
        0.2004335000         2.3600000000         1.3352870017         2.0566650383        -0.0538547326
        0.2054567000         2.3600000000         1.3378393285         2.0566650383         0.0126325916
        0.2104724000         2.3600000000         1.3352870017         2.0541131609        -0.0538547326
        0.2154683000         2.3600000000         1.3429439823         2.0668725482         0.1456072401
        0.2204578000         2.3600000000         1.3429439823         2.0592169158         0.1456072401
        0.2254874000         2.3600000000         1.3378393285         2.0566650383         0.0126325916
        0.2304869000         2.3600000000         1.3301823480         2.0490094060        -0.1868293811
        0.2355307000         2.3600000000         1.3352870017         2.0566650383        -0.0538547326
        0.2404642000         2.3600000000         1.3659149240         2.0490094060         0.7439931581
        0.2455026000         2.3600000000         1.3378393285         2.0566650383         0.0126325916
        0.2504638000         2.3600000000         1.3378393285         2.0566650383         0.0126325916
        0.2554541000         2.3600000000         1.3429439823         2.0617687933         0.1456072401
        0.2606262000         2.3600000000         1.3454963091         2.0592169158         0.2120945643
        0.2667090000         2.3600000000         1.3352870017         2.0566650383        -0.0538547326
        0.2717142000         2.3600000000         1.3378393285         2.0541131609         0.0126325916
        0.2754876000         2.3600000000         1.3429439823         2.0566650383         0.1456072401
        0.2804928000         2.3600000000         1.3429439823         2.0617687933         0.1456072401
        0.2854977000         2.3600000000         1.3454963091         2.0617687933         0.2120945643
        0.2904814000         2.3600000000         1.3352870017         2.0566650383        -0.0538547326
        0.2954832000         2.3600000000         1.3301823480         2.0490094060        -0.1868293811
        0.3004985000         2.3600000000         1.3352870017         2.0566650383        -0.0538547326
        0.3054827000         2.3600000000         1.3301823480         2.0490094060        -0.1868293811
        0.3105099000         2.3600000000         1.3403916554         2.0592169158         0.0791199158
        0.3155105000         2.3600000000         1.3352870017         2.0566650383        -0.0538547326
        0.3206381000         2.3600000000         1.3352870017         2.0566650383        -0.0538547326
        0.3255598000         2.3600000000         1.3429439823         2.0617687933         0.1456072401
        0.3314855000         2.3600000000         1.3454963091         2.0566650383         0.2120945643
        0.3359864000         2.3600000000         1.3378393285         2.0541131609         0.0126325916
        0.3410122000         2.3600000000         1.3352870017         2.0541131609        -0.0538547326
        0.3459161000         2.3600000000         1.3429439823         2.0592169158         0.1456072401
        0.3506316000         2.3600000000         1.3429439823         2.0617687933         0.1456072401
        0.3554932000         2.3600000000         1.3378393285         2.0566650383         0.0126325916
        0.3606435000         2.3600000000         1.3352870017         2.0515612834        -0.0538547326
        0.3654647000         2.3600000000         1.3301823480         2.0490094060        -0.1868293811
        0.3705043000         2.3600000000         1.3429439823         2.0668725482         0.1456072401
        0.3754753000         2.3600000000         1.3429439823         2.0617687933         0.1456072401
        0.3804328000         2.3600000000         1.3429439823         2.0592169158         0.1456072401
        0.3854742000         2.3600000000         1.3327346748         2.0515612834        -0.1203420569
        0.3904339000         2.3600000000         1.3352870017         2.0566650383        -0.0538547326
        0.3954660000         2.3600000000         1.3301823480         2.0413537736        -0.1868293811
        0.4004810000         2.3600000000         1.3352870017         2.0566650383        -0.0538547326
        0.4054533000         2.3600000000         1.3378393285         2.0566650383         0.0126325916
        0.4104367000         2.3600000000         1.3506009628         2.0566650383         0.3450692127
        0.4169881000         2.3600000000         1.3429439823         2.0617687933         0.1456072401
        0.4206870000         2.3600000000         1.3378393285         2.0541131609         0.0126325916
        0.4257159000         2.3600000000         1.3429439823         2.0592169158         0.1456072401
        0.4308540000         2.3600000000         1.3327346748         2.0490094060        -0.1203420569
        0.4358669000         2.3600000000         1.3352870017         2.0490094060        -0.0538547326
        0.4407342000         2.3600000000         1.3429439823         2.0643206707         0.1456072401
        0.4456196000         2.3600000000         1.3378393285         2.0592169158         0.0126325916
        0.4505052000         2.3600000000         1.3352870017         2.0541131609        -0.0538547326
        0.4555060000         2.3600000000         1.3301823480         2.0490094060        -0.1868293811
        0.4606234000         2.3600000000         1.3403916554         2.0592169158         0.0791199158
        0.4655019000         2.3600000000         1.3454963091         2.0617687933         0.2120945643
        0.4705034000         2.3600000000         1.3480486360         2.0464575285         0.2785818885
        0.4755346000         2.3600000000         1.3378393285         2.0541131609         0.0126325916
        0.4805031000         2.3600000000         1.3378393285         2.0566650383         0.0126325916
        0.4854979000         2.3600000000         1.3429439823         2.0592169158         0.1456072401
        0.4905096000         2.3600000000         1.3352870017         2.0592169158        -0.0538547326
        0.4955581000         2.3600000000         1.3352870017         2.0566650383        -0.0538547326
        0.5011027000         2.3600000000         1.3480486360         2.0592169158         0.2785818885
        0.5063442000         2.3600000000         1.3378393285         2.0515612834         0.0126325916
        0.5108622000         2.3600000000         1.3429439823         2.0566650383         0.1456072401
        0.5158831000         2.3600000000         1.3301823480         2.0515612834        -0.1868293811
        0.5205207000         2.3600000000         1.3276300211         2.0515612834        -0.2533167053
        0.5255053000         2.3600000000         1.3378393285         2.0566650383         0.0126325916
        0.5306954000         2.3600000000         1.3301823480         2.0439056511        -0.1868293811
        0.5357538000         2.3600000000         1.3403916554         2.0566650383         0.0791199158
        0.5410149000         2.3600000000         1.3352870017         2.0566650383        -0.0538547326
        0.5454912000         2.3600000000         1.3429439823         2.0592169158         0.1456072401
        0.5505169000         2.3600000000         1.3378393285         2.0541131609         0.0126325916
        0.5556589000         2.3600000000         1.3352870017         2.0566650383        -0.0538547326
        0.5611923000         2.3600000000         1.3378393285         2.0541131609         0.0126325916
        0.5666746000         2.3600000000         1.3301823480         2.0464575285        -0.1868293811
        0.5720309000         2.3600000000         1.3301823480         2.0490094060        -0.1868293811
        0.5841555000         2.3600000000         1.3352870017         2.0541131609        -0.0538547326
        0.5850785000         2.3600000000         1.3327346748         2.0490094060        -0.1203420569
        0.5861607000         2.3600000000         1.3352870017         2.0566650383        -0.0538547326
        0.5905387000         2.3600000000         1.3352870017         2.0566650383        -0.0538547326
        0.5954720000         2.3600000000         1.3378393285         2.0541131609         0.0126325916
        0.6005148000         2.3600000000         1.3352870017         2.0566650383        -0.0538547326
        0.6054971000         2.3600000000         1.3378393285         2.0566650383         0.0126325916
        0.6106408000         2.3600000000         1.3301823480         2.0515612834        -0.1868293811
        0.6154951000         2.3600000000         1.3378393285         2.0617687933         0.0126325916
        0.6205137000         2.3600000000         1.3454963091         2.0617687933         0.2120945643
        0.6254852000         2.3600000000         1.3429439823         2.0592169158         0.1456072401
        0.6304921000         2.3600000000         1.3352870017         2.0566650383        -0.0538547326
        0.6354868000         2.3600000000         1.3429439823         2.0592169158         0.1456072401
        0.6404575000         2.3600000000         1.3403916554         2.0592169158         0.0791199158
        0.6454203000         2.3600000000         1.3403916554         2.0566650383         0.0791199158
        0.6504303000         2.3600000000         1.3352870017         2.0566650383        -0.0538547326
        0.6556503000         2.3600000000         1.3352870017         2.0490094060        -0.0538547326
        0.6604956000         2.3600000000         1.3301823480         2.0515612834        -0.1868293811
        0.6654199000         2.3600000000         1.3327346748         2.0490094060        -0.1203420569
        0.6706133000         2.3600000000         1.3327346748         2.0464575285        -0.1203420569
        0.6757346000         2.3600000000         1.3480486360         2.0617687933         0.2785818885
        0.6867973000         2.3600000000         1.3327346748         2.0464575285        -0.1203420569
        0.6876165000         2.3600000000         1.3429439823         2.0617687933         0.1456072401
        0.6912734000         2.3600000000         1.3480486360         2.0592169158         0.2785818885
        0.7111766000         2.3600000000         1.3378393285         2.0541131609         0.0126325916
        0.7136061000         2.3600000000         1.3429439823         2.0617687933         0.1456072401
        0.7161190000         2.3600000000         1.3301823480         2.0464575285        -0.1868293811
        0.7239908000         2.3600000000         1.3403916554         2.0566650383         0.0791199158
        0.7267396000         2.3600000000         1.3352870017         2.0566650383        -0.0538547326
        0.7272915000         2.3600000000         1.3480486360         2.0617687933         0.2785818885
        0.7281927000         2.3600000000         1.3480486360         2.0592169158         0.2785818885
        0.7362299000         2.3600000000         1.3378393285         2.0541131609         0.0126325916
        0.7369486000         2.3600000000         1.3429439823         2.0592169158         0.1456072401
        0.7406682000         2.3600000000         1.3327346748         2.0464575285        -0.1203420569
        0.7456098000         2.3600000000         1.3378393285         2.0490094060         0.0126325916
        0.7541446000         2.3600000000         1.3378393285         2.0566650383         0.0126325916
        0.7609378000         2.3600000000         1.3403916554         2.0566650383         0.0791199158
        0.7615207000         2.3600000000         1.3429439823         2.0592169158         0.1456072401
        0.7673722000         2.3600000000         1.3301823480         2.0490094060        -0.1868293811
        0.7724790000         2.3600000000         1.3276300211         2.0490094060        -0.2533167053
        0.7769064000         2.3600000000         1.3352870017         2.0490094060        -0.0538547326
        0.7827198000         2.3600000000         1.3429439823         2.0592169158         0.1456072401
        0.7858924000         2.3600000000         1.3352870017         2.0541131609        -0.0538547326
        0.8143897000         2.3600000000         1.3276300211         2.0566650383        -0.2533167053
        0.8159933000         2.3600000000         1.3429439823         2.0617687933         0.1456072401
        0.8168170000         2.3600000000         1.3352870017         2.0490094060        -0.0538547326
        0.8174725000         2.3600000000         1.3301823480         2.0490094060        -0.1868293811
        0.8179234000         2.3600000000         1.3352870017         2.0541131609        -0.0538547326
        0.8183417000         2.3600000000         1.3403916554         2.0617687933         0.0791199158
        0.8204866000         2.3600000000         1.3403916554         2.0592169158         0.0791199158
        0.8255343000         2.3600000000         1.3301823480         2.0515612834        -0.1868293811
        0.8307750000         2.3600000000         1.3352870017         2.0566650383        -0.0538547326
        0.8354806000         2.3600000000         1.3352870017         2.0464575285        -0.0538547326
        0.8404659000         2.3600000000         1.3301823480         2.0464575285        -0.1868293811
        0.8454902000         2.3600000000         1.3429439823         2.0617687933         0.1456072401
        0.8504969000         2.3600000000         1.3454963091         2.0617687933         0.2120945643
        0.8554861000         2.3600000000         1.3378393285         2.0566650383         0.0126325916
        0.8605084000         2.3600000000         1.3301823480         2.0464575285        -0.1868293811
        0.8654882000         2.3600000000         1.3301823480         2.0490094060        -0.1868293811
        0.8704853000         2.3600000000         1.3352870017         2.0592169158        -0.0538547326
        0.8754716000         2.3600000000         1.3352870017         2.0566650383        -0.0538547326
        0.8805201000         2.3600000000         1.3454963091         2.0592169158         0.2120945643
        0.8854826000         2.3600000000         1.3480486360         2.0541131609         0.2785818885
        0.8904732000         2.3600000000         1.3454963091         2.0541131609         0.2120945643
        0.8954987000         2.3600000000         1.3403916554         2.0566650383         0.0791199158
        0.9005008000         2.3600000000         1.3659149240         2.0541131609         0.7439931581
        0.9054704000         2.3600000000         1.3327346748         2.0490094060        -0.1203420569
        0.9105006000         2.3600000000         1.3327346748         2.0490094060        -0.1203420569
        0.9154822000         2.3600000000         1.3301823480         2.0490094060        -0.1868293811
        0.9204738000         2.3600000000         1.3301823480         2.0490094060        -0.1868293811
        0.9255029000         2.3600000000         1.3454963091         2.0617687933         0.2120945643
        0.9304964000         2.3600000000         1.3378393285         2.0566650383         0.0126325916
        0.9354834000         2.3600000000         1.3352870017         2.0541131609        -0.0538547326
        0.9404891000         2.3600000000         1.3429439823         2.0592169158         0.1456072401
        0.9454656000         2.3600000000         1.3327346748         2.0490094060        -0.1203420569
        0.9505006000         2.3600000000         1.3352870017         2.0515612834        -0.0538547326
        0.9554902000         2.3600000000         1.3327346748         2.0490094060        -0.1203420569
        0.9604551000         2.3600000000         1.3429439823         2.0617687933         0.1456072401
        0.9654805000         2.3600000000         1.3506009628         2.0490094060         0.3450692127
        0.9704662000         2.3600000000         1.3352870017         2.0541131609        -0.0538547326
        0.9754907000         2.3600000000         1.3301823480         2.0464575285        -0.1868293811
        0.9804934000         2.3600000000         1.3301823480         2.0464575285        -0.1868293811
        0.9855026000         2.3600000000         1.3301823480         2.0464575285        -0.1868293811
        0.9904786000         2.3600000000         1.3352870017         2.0566650383        -0.0538547326
        0.9954517000         2.3600000000         1.3429439823         2.0592169158         0.1456072401
        1.0004621000         2.3600000000         1.3403916554         2.0617687933         0.0791199158
        1.0054471000         2.3600000000         1.3429439823         2.0566650383         0.1456072401
        1.0104894000         2.3600000000         1.3301823480         2.0490094060        -0.1868293811
        1.0154680000         2.3600000000         1.3378393285         2.0541131609         0.0126325916
        1.0204555000         2.3600000000         1.3429439823         2.0617687933         0.1456072401
        1.0254889000         2.3600000000         1.3301823480         2.0566650383        -0.1868293811
        1.0304605000         2.3600000000         1.3429439823         2.0617687933         0.1456072401
        1.0354804000         2.3600000000         1.3429439823         2.0617687933         0.1456072401
        1.0404684000         2.3600000000         1.3378393285         2.0566650383         0.0126325916
        1.0454683000         2.3600000000         1.3429439823         2.0668725482         0.1456072401
        1.0504445000         2.3600000000         1.3403916554         2.0592169158         0.0791199158
        1.0554614000         2.3600000000         1.3352870017         2.0566650383        -0.0538547326
        1.0605646000         2.3600000000         1.3429439823         2.0617687933         0.1456072401
        1.0654763000         2.3600000000         1.3454963091         2.0617687933         0.2120945643
        1.0704665000         2.3600000000         1.3608102703         2.0592169158         0.6110185096
        1.0754703000         2.3600000000         1.3352870017         2.0566650383        -0.0538547326
        1.0804640000         2.3600000000         1.3378393285         2.0541131609         0.0126325916
        1.0854388000         2.3600000000         1.3352870017         2.0566650383        -0.0538547326
        1.0904502000         2.3600000000         1.3327346748         2.0490094060        -0.1203420569
        1.0954611000         2.3600000000         1.3378393285         2.0566650383         0.0126325916
        1.1004670000         2.3600000000         1.3352870017         2.0566650383        -0.0538547326
        1.1054809000         2.3600000000         1.3352870017         2.0566650383        -0.0538547326
        1.1104901000         2.3600000000         1.3378393285         2.0541131609         0.0126325916
        1.1155042000         2.3600000000         1.3327346748         2.0490094060        -0.1203420569
        1.1204711000         2.3600000000         1.3352870017         2.0541131609        -0.0538547326
        1.1254874000         2.3600000000         1.3378393285         2.0566650383         0.0126325916
        1.1304672000         2.3600000000         1.3378393285         2.0541131609         0.0126325916
        1.1354698000         2.3600000000         1.3301823480         2.0490094060        -0.1868293811
        1.1404416000         2.3600000000         1.3378393285         2.0490094060         0.0126325916
        1.1457705000         2.3600000000         1.3352870017         2.0566650383        -0.0538547326
        1.1504517000         2.3600000000         1.3352870017         2.0566650383        -0.0538547326
        1.1554750000         2.3600000000         1.3378393285         2.0566650383         0.0126325916
        1.1604745000         2.3600000000         1.3378393285         2.0541131609         0.0126325916
        1.1654623000         2.3600000000         1.3352870017         2.0566650383        -0.0538547326
        1.1705025000         2.3600000000         1.3327346748         2.0515612834        -0.1203420569
        1.1754821000         2.3600000000         1.3454963091         2.0592169158         0.2120945643
        1.1804505000         2.3600000000         1.3352870017         2.0617687933        -0.0538547326
        1.1855314000         2.3600000000         1.3352870017         2.0541131609        -0.0538547326
        1.1904453000         2.3600000000         1.3327346748         2.0566650383        -0.1203420569
        1.1957728000         2.3600000000         1.3429439823         2.0592169158         0.1456072401
        1.2004586000         2.3600000000         1.3429439823         2.0592169158         0.1456072401
        1.2055192000         2.3600000000         1.3301823480         2.0490094060        -0.1868293811
        1.2104508000         2.3600000000         1.3557056165         2.0541131609         0.4780438612
        1.2154374000         2.3600000000         1.3301823480         2.0490094060        -0.1868293811
        1.2204438000         2.3600000000         1.3301823480         2.0490094060        -0.1868293811
        1.2255869000         2.3600000000         1.3301823480         2.0515612834        -0.1868293811
        1.2306786000         2.3600000000         1.3378393285         2.0566650383         0.0126325916
        1.2354710000         2.3600000000         1.3301823480         2.0464575285        -0.1868293811
        1.2404851000         2.3600000000         1.3301823480         2.0490094060        -0.1868293811
        1.2454849000         2.3600000000         1.3352870017         2.0566650383        -0.0538547326
        1.2504711000         2.3600000000         1.3403916554         2.0515612834         0.0791199158
        1.2554629000         2.3600000000         1.3327346748         2.0592169158        -0.1203420569
        1.2604840000         2.3600000000         1.3352870017         2.0643206707        -0.0538547326
        1.2654860000         2.3600000000         1.3352870017         2.0566650383        -0.0538547326
        1.2704714000         2.3600000000         1.3301823480         2.0464575285        -0.1868293811
        1.2754826000         2.3600000000         1.3378393285         2.0541131609         0.0126325916
        1.2804803000         2.3600000000         1.3429439823         2.0617687933         0.1456072401
        1.2854658000         2.3600000000         1.3454963091         2.0617687933         0.2120945643
        1.2905512000         2.3600000000         1.3786765582         2.0617687933         1.0764297792
        1.2954603000         2.3600000000         1.3429439823         2.0617687933         0.1456072401
        1.3004599000         2.3600000000         1.3352870017         2.0541131609        -0.0538547326
        1.3054941000         2.3600000000         1.3378393285         2.0566650383         0.0126325916
        1.3104638000         2.3600000000         1.3327346748         2.0541131609        -0.1203420569
        1.3154837000         2.3600000000         1.3378393285         2.0541131609         0.0126325916
        1.3204697000         2.3600000000         1.3352870017         2.0566650383        -0.0538547326
        1.3254346000         2.3600000000         1.3276300211         2.0515612834        -0.2533167053
        1.3304647000         2.3600000000         1.3352870017         2.0617687933        -0.0538547326
        1.3354743000         2.3600000000         1.3301823480         2.0490094060        -0.1868293811
        1.3404566000         2.3600000000         1.3327346748         2.0515612834        -0.1203420569
        1.3454645000         2.3600000000         1.3352870017         2.0541131609        -0.0538547326
        1.3504631000         2.3600000000         1.3403916554         2.0541131609         0.0791199158
        1.3556025000         2.3600000000         1.3378393285         2.0566650383         0.0126325916
        1.3604649000         2.3600000000         1.3659149240         2.0490094060         0.7439931581
        1.3654410000         2.3600000000         1.3301823480         2.0490094060        -0.1868293811
        1.3704845000         2.3600000000         1.3378393285         2.0566650383         0.0126325916
        1.3755065000         2.3600000000         1.3378393285         2.0541131609         0.0126325916
        1.3804792000         2.3600000000         1.3327346748         2.0464575285        -0.1203420569
        1.3854812000         2.3600000000         1.3352870017         2.0566650383        -0.0538547326
        1.3904714000         2.3600000000         1.3352870017         2.0566650383        -0.0538547326
        1.3954720000         2.3600000000         1.3429439823         2.0617687933         0.1456072401
        1.4004604000         2.3600000000         1.3429439823         2.0592169158         0.1456072401
        1.4056078000         2.3600000000         1.3276300211         2.0592169158        -0.2533167053
        1.4104659000         2.3600000000         1.3352870017         2.0541131609        -0.0538547326
        1.4154636000         2.3600000000         1.3276300211         2.0490094060        -0.2533167053
        1.4205188000         2.3600000000         1.3352870017         2.0566650383        -0.0538547326
        1.4254548000         2.3600000000         1.3352870017         2.0541131609        -0.0538547326
        1.4304766000         2.3600000000         1.3761242314         2.0541131609         1.0099424550
        1.4354445000         2.3600000000         1.3301823480         2.0490094060        -0.1868293811
        1.4404483000         2.3600000000         1.3301823480         2.0464575285        -0.1868293811
        1.4454461000         2.3600000000         1.3352870017         2.0566650383        -0.0538547326
        1.4504485000         2.3600000000         1.3327346748         2.0490094060        -0.1203420569
        1.4554189000         2.3600000000         1.3429439823         2.0617687933         0.1456072401
        1.4604683000         2.3600000000         1.3301823480         2.0490094060        -0.1868293811
        1.4654755000         2.3600000000         1.3378393285         2.0541131609         0.0126325916
        1.4704969000         2.3600000000         1.3327346748         2.0566650383        -0.1203420569
        1.4754740000         2.3600000000         1.3301823480         2.0490094060        -0.1868293811
        1.4804771000         2.3600000000         1.3301823480         2.0490094060        -0.1868293811
        1.4855125000         2.3600000000         1.3582579434         2.0566650383         0.5445311854
        1.4905001000         2.3600000000         1.3327346748         2.0490094060        -0.1203420569
        1.4954829000         2.3600000000         1.3327346748         2.0490094060        -0.1203420569
        1.5011193000         2.3600000000         1.3454963091         2.0643206707         0.2120945643
        1.5057301000         2.3600000000         1.3301823480         2.0515612834        -0.1868293811
        1.5104756000         2.3600000000         1.3327346748         2.0541131609        -0.1203420569
        1.5154944000         2.3600000000         1.3327346748         2.0515612834        -0.1203420569
        1.5204927000         2.3600000000         1.3352870017         2.0566650383        -0.0538547326
        1.5254606000         2.3600000000         1.3301823480         2.0464575285        -0.1868293811
        1.5304978000         2.3600000000         1.3429439823         2.0617687933         0.1456072401
        1.5354783000         2.3600000000         1.3429439823         2.0617687933         0.1456072401
        1.5404708000         2.3600000000         1.3429439823         2.0592169158         0.1456072401
        1.5454668000         2.3600000000         1.3352870017         2.0566650383        -0.0538547326
        1.5504441000         2.3600000000         1.3352870017         2.0541131609        -0.0538547326
        1.5554958000         2.3600000000         1.3403916554         2.0592169158         0.0791199158
        1.5604866000         2.3600000000         1.3429439823         2.0566650383         0.1456072401
        1.5655281000         2.3600000000         1.3301823480         2.0490094060        -0.1868293811
        1.5705004000         2.3600000000         1.3301823480         2.0490094060        -0.1868293811
        1.5754808000         2.3600000000         1.3327346748         2.0490094060        -0.1203420569
        1.5804903000         2.3600000000         1.3352870017         2.0566650383        -0.0538547326
        1.5854580000         2.3600000000         1.3301823480         2.0490094060        -0.1868293811
        1.5905960000         2.3600000000         1.3378393285         2.0566650383         0.0126325916
        1.5954639000         2.3600000000         1.3352870017         2.0566650383        -0.0538547326
        1.6004586000         2.3600000000         1.3352870017         2.0566650383        -0.0538547326
        1.6055948000         2.3600000000         1.3429439823         2.0566650383         0.1456072401
        1.6106775000         2.3600000000         1.3378393285         2.0541131609         0.0126325916
        1.6154935000         2.3600000000         1.3378393285         2.0541131609         0.0126325916
        1.6205313000         2.3600000000         1.3378393285         2.0617687933         0.0126325916
        1.6255903000         2.3600000000         1.3429439823         2.0592169158         0.1456072401
        1.6310335000         2.3600000000         1.3378393285         2.0566650383         0.0126325916
        1.6356068000         2.3600000000         1.3378393285         2.0541131609         0.0126325916
        1.6404715000         2.3600000000         1.3301823480         2.0464575285        -0.1868293811
        1.6455197000         2.3600000000         1.3352870017         2.0541131609        -0.0538547326
        1.6504730000         2.3600000000         1.3378393285         2.0566650383         0.0126325916
        1.6555964000         2.3600000000         1.3454963091         2.0592169158         0.2120945643
        1.6604604000         2.3600000000         1.3378393285         2.0541131609         0.0126325916
        1.6656028000         2.3600000000         1.3352870017         2.0541131609        -0.0538547326
        1.6706778000         2.3600000000         1.3250776943         2.0490094060        -0.3198040295
        1.6756369000         2.3600000000         1.3378393285         2.0566650383         0.0126325916
        1.6806269000         2.3600000000         1.3429439823         2.0592169158         0.1456072401
        1.6854981000         2.3600000000         1.3378393285         2.0566650383         0.0126325916
        1.6904550000         2.3600000000         1.3301823480         2.0541131609        -0.1868293811
        1.6955020000         2.3600000000         1.3378393285         2.0566650383         0.0126325916
        1.7005251000         2.3600000000         1.3301823480         2.0464575285        -0.1868293811
        1.7054729000         2.3600000000         1.3378393285         2.0541131609         0.0126325916
        1.7106004000         2.3600000000         1.3327346748         2.0515612834        -0.1203420569
        1.7155397000         2.3600000000         1.3378393285         2.0541131609         0.0126325916
        1.7204839000         2.3600000000         1.3301823480         2.0515612834        -0.1868293811
        1.7254703000         2.3600000000         1.3352870017         2.0566650383        -0.0538547326
        1.7304805000         2.3600000000         1.3352870017         2.0541131609        -0.0538547326
        1.7356057000         2.3600000000         1.3301823480         2.0490094060        -0.1868293811
        1.7404929000         2.3600000000         1.3454963091         2.0643206707         0.2120945643
        1.7454975000         2.3600000000         1.3403916554         2.0617687933         0.0791199158
        1.7506000000         2.3600000000         1.3378393285         2.0541131609         0.0126325916
        1.7554891000         2.3600000000         1.3378393285         2.0592169158         0.0126325916
        1.7604830000         2.3600000000         1.3352870017         2.0490094060        -0.0538547326
        1.7655046000         2.3600000000         1.3378393285         2.0541131609         0.0126325916
        1.7704834000         2.3600000000         1.3454963091         2.0617687933         0.2120945643
        1.7754888000         2.3600000000         1.3429439823         2.0617687933         0.1456072401
        1.7804744000         2.3600000000         1.3429439823         2.0617687933         0.1456072401
        1.7854669000         2.3600000000         1.3352870017         2.0566650383        -0.0538547326
        1.7905145000         2.3600000000         1.3327346748         2.0515612834        -0.1203420569
        1.7956264000         2.3600000000         1.3531532897         2.0617687933         0.4115565370
        1.8004652000         2.3600000000         1.3352870017         2.0566650383        -0.0538547326
        1.8055047000         2.3600000000         1.3352870017         2.0566650383        -0.0538547326
        1.8104635000         2.3600000000         1.3301823480         2.0490094060        -0.1868293811
        1.8154670000         2.3600000000         1.3378393285         2.0566650383         0.0126325916
        1.8204637000         2.3600000000         1.3327346748         2.0490094060        -0.1203420569
        1.8254777000         2.3600000000         1.3403916554         2.0566650383         0.0791199158
        1.8304926000         2.3600000000         1.3454963091         2.0592169158         0.2120945643
        1.8358701000         2.3600000000         1.3429439823         2.0592169158         0.1456072401
        1.8406372000         2.3600000000         1.3352870017         2.0566650383        -0.0538547326
        1.8454896000         2.3600000000         1.3352870017         2.0541131609        -0.0538547326
        1.8506392000         2.3600000000         1.3352870017         2.0541131609        -0.0538547326
        1.8556074000         2.3600000000         1.3352870017         2.0566650383        -0.0538547326
        1.8604903000         2.3600000000         1.3378393285         2.0541131609         0.0126325916
        1.8658433000         2.3600000000         1.3403916554         2.0617687933         0.0791199158
        1.8704838000         2.3600000000         1.3378393285         2.0566650383         0.0126325916
        1.8755849000         2.3600000000         1.3352870017         2.0566650383        -0.0538547326
        1.8805073000         2.3600000000         1.3301823480         2.0566650383        -0.1868293811
        1.8855074000         2.3600000000         1.3327346748         2.0490094060        -0.1203420569
        1.8904883000         2.3600000000         1.3352870017         2.0566650383        -0.0538547326
        1.8955897000         2.3600000000         1.3403916554         2.0617687933         0.0791199158
        1.9004904000         2.3600000000         1.3301823480         2.0515612834        -0.1868293811
        1.9054884000         2.3600000000         1.3684672508         2.0464575285         0.8104804823
        1.9104644000         2.3600000000         1.3352870017         2.0566650383        -0.0538547326
        1.9155840000         2.3600000000         1.3327346748         2.0541131609        -0.1203420569
        1.9205029000         2.3600000000         1.3429439823         2.0566650383         0.1456072401
        1.9255914000         2.3600000000         1.3378393285         2.0541131609         0.0126325916
        1.9305002000         2.3600000000         1.3352870017         2.0566650383        -0.0538547326
        1.9355989000         2.3600000000         1.3429439823         2.0694244256         0.1456072401
        1.9404649000         2.3600000000         1.3403916554         2.0566650383         0.0791199158
        1.9454520000         2.3600000000         1.3403916554         2.0592169158         0.0791199158
        1.9505830000         2.3600000000         1.3352870017         2.0515612834        -0.0538547326
        1.9554656000         2.3600000000         1.3378393285         2.0541131609         0.0126325916
        1.9605097000         2.3600000000         1.3378393285         2.0515612834         0.0126325916
        1.9655806000         2.3600000000         1.3352870017         2.0566650383        -0.0538547326
        1.9704822000         2.3600000000         1.3403916554         2.0566650383         0.0791199158
        1.9754806000         2.3600000000         1.3454963091         2.0617687933         0.2120945643
        1.9804387000         2.3600000000         1.3352870017         2.0566650383        -0.0538547326
        1.9855758000         2.3600000000         1.3429439823         2.0617687933         0.1456072401
        1.9905749000         2.3600000000         1.3429439823         2.0617687933         0.1456072401
        1.9954694000         2.3600000000         1.3301823480         2.0541131609        -0.1868293811
        2.0005811000         2.3600000000         1.3429439823         2.0617687933         0.1456072401
        2.0055778000         2.3600000000         1.3352870017         2.0541131609        -0.0538547326
        2.0104698000         2.3600000000         1.3403916554         2.0592169158         0.0791199158
        2.0154884000         2.3600000000         1.3378393285         2.0566650383         0.0126325916
        2.0205781000         2.3600000000         1.3352870017         2.0490094060        -0.0538547326
        2.0255913000         2.3600000000         1.3301823480         2.0413537736        -0.1868293811
        2.0304621000         2.3600000000         1.3301823480         2.0464575285        -0.1868293811
        2.0355862000         2.3600000000         1.3429439823         2.0592169158         0.1456072401
        2.0407336000         2.3600000000         1.3301823480         2.0515612834        -0.1868293811
        2.0455806000         2.3600000000         1.3352870017         2.0566650383        -0.0538547326
        2.0504363000         2.3600000000         1.3378393285         2.0566650383         0.0126325916
        2.0554864000         2.3600000000         1.3735719045         2.0541131609         0.9434551308
        2.0604800000         2.3600000000         1.3403916554         2.0617687933         0.0791199158
        2.0654602000         2.3600000000         1.3429439823         2.0617687933         0.1456072401
        2.0705930000         2.3600000000         1.3301823480         2.0490094060        -0.1868293811
        2.0755236000         2.3600000000         1.3378393285         2.0566650383         0.0126325916
        2.0804873000         2.3600000000         1.3429439823         2.0592169158         0.1456072401
        2.0854793000         2.3600000000         1.3378393285         2.0541131609         0.0126325916
        2.0904952000         2.3600000000         1.3352870017         2.0566650383        -0.0538547326
        2.0954893000         2.3600000000         1.3429439823         2.0592169158         0.1456072401
        2.1004634000         2.3600000000         1.3378393285         2.0566650383         0.0126325916
        2.1054594000         2.3600000000         1.3454963091         2.0617687933         0.2120945643
        2.1105882000         2.3600000000         1.3352870017         2.0566650383        -0.0538547326
        2.1154634000         2.3600000000         1.3378393285         2.0541131609         0.0126325916
        2.1204706000         2.3600000000         1.3352870017         2.0464575285        -0.0538547326
        2.1254507000         2.3600000000         1.3352870017         2.0541131609        -0.0538547326
        2.1306442000         2.3600000000         1.3378393285         2.0541131609         0.0126325916
        2.1354613000         2.3600000000         1.3352870017         2.0566650383        -0.0538547326
        2.1404922000         2.3600000000         1.3301823480         2.0490094060        -0.1868293811
        2.1455848000         2.3600000000         1.3429439823         2.0566650383         0.1456072401
        2.1504840000         2.3600000000         1.3378393285         2.0541131609         0.0126325916
        2.1554621000         2.3600000000         1.3454963091         2.0592169158         0.2120945643
        2.1605057000         2.3600000000         1.3403916554         2.0541131609         0.0791199158
        2.1654608000         2.3600000000         1.3378393285         2.0541131609         0.0126325916
        2.1705040000         2.3600000000         1.3429439823         2.0592169158         0.1456072401
        2.1754912000         2.3600000000         1.3429439823         2.0592169158         0.1456072401
        2.1804999000         2.3600000000         1.3378393285         2.0566650383         0.0126325916
        2.1854970000         2.3600000000         1.3403916554         2.0541131609         0.0791199158
        2.1904647000         2.3600000000         1.3301823480         2.0464575285        -0.1868293811
        2.1954817000         2.3600000000         1.3812288851         2.0592169158         1.1429171035
        2.2004800000         2.3600000000         1.3403916554         2.0617687933         0.0791199158
        2.2054787000         2.3600000000         1.3276300211         2.0490094060        -0.2533167053
        2.2104689000         2.3600000000         1.3301823480         2.0490094060        -0.1868293811
        2.2167341000         2.3600000000         1.3327346748         2.0515612834        -0.1203420569
        2.2204818000         2.3600000000         1.3429439823         2.0592169158         0.1456072401
        2.2256770000         2.3600000000         1.3352870017         2.0566650383        -0.0538547326
        2.2304635000         2.3600000000         1.3352870017         2.0541131609        -0.0538547326
        2.2356229000         2.3600000000         1.3378393285         2.0566650383         0.0126325916
        2.2406057000         2.3600000000         1.3454963091         2.0592169158         0.2120945643
        2.2454914000         2.3600000000         1.3352870017         2.0541131609        -0.0538547326
        2.2504585000         2.3600000000         1.3250776943         2.0566650383        -0.3198040295
        2.2554921000         2.3600000000         1.3378393285         2.0541131609         0.0126325916
        2.2605093000         2.3600000000         1.3352870017         2.0566650383        -0.0538547326
        2.2654691000         2.3600000000         1.3352870017         2.0541131609        -0.0538547326
        2.2705805000         2.3600000000         1.3352870017         2.0515612834        -0.0538547326
        2.2754785000         2.3600000000         1.3378393285         2.0541131609         0.0126325916
        2.2804795000         2.3600000000         1.3352870017         2.0566650383        -0.0538547326
        2.2856131000         2.3600000000         1.3327346748         2.0541131609        -0.1203420569
        2.2905006000         2.3600000000         1.3352870017         2.0541131609        -0.0538547326
        2.2954917000         2.3600000000         1.3378393285         2.0541131609         0.0126325916
        2.3005855000         2.3600000000         1.3429439823         2.0617687933         0.1456072401
        2.3055779000         2.3600000000         1.3327346748         2.0464575285        -0.1203420569
        2.3106295000         2.3600000000         1.3429439823         2.0566650383         0.1456072401
        2.3155926000         2.3600000000         1.3352870017         2.0566650383        -0.0538547326
        2.3207431000         2.3600000000         1.3301823480         2.0490094060        -0.1868293811
        2.3254987000         2.3600000000         1.3301823480         2.0490094060        -0.1868293811
        2.3305834000         2.3600000000         1.3403916554         2.0617687933         0.0791199158
        2.3358362000         2.3600000000         1.3378393285         2.0541131609         0.0126325916
        2.3423372000         2.3600000000         1.3327346748         2.0490094060        -0.1203420569
        2.3454782000         2.3600000000         1.3429439823         2.0617687933         0.1456072401
        2.3505923000         2.3600000000         1.3301823480         2.0490094060        -0.1868293811
        2.3555793000         2.3600000000         1.3301823480         2.0490094060        -0.1868293811
        2.3605848000         2.3600000000         1.3352870017         2.0541131609        -0.0538547326
        2.3654878000         2.3600000000         1.3429439823         2.0592169158         0.1456072401
        2.3704997000         2.3600000000         1.3429439823         2.0617687933         0.1456072401
        2.3755742000         2.3600000000         1.3352870017         2.0566650383        -0.0538547326
        2.3805840000         2.3600000000         1.3403916554         2.0541131609         0.0791199158
        2.3854643000         2.3600000000         1.3378393285         2.0541131609         0.0126325916
        2.3904665000         2.3600000000         1.3454963091         2.0617687933         0.2120945643
        2.3954710000         2.3600000000         1.3454963091         2.0617687933         0.2120945643
        2.4004927000         2.3600000000         1.3378393285         2.0566650383         0.0126325916
        2.4054822000         2.3600000000         1.3352870017         2.0541131609        -0.0538547326
        2.4104647000         2.3600000000         1.3378393285         2.0541131609         0.0126325916
        2.4154732000         2.3600000000         1.3429439823         2.0592169158         0.1456072401
        2.4204844000         2.3600000000         1.3352870017         2.0566650383        -0.0538547326
        2.4254759000         2.3600000000         1.3352870017         2.0566650383        -0.0538547326
        2.4305171000         2.3600000000         1.3276300211         2.0515612834        -0.2533167053
        2.4355407000         2.3600000000         1.3378393285         2.0566650383         0.0126325916
        2.4404425000         2.3600000000         1.3301823480         2.0490094060        -0.1868293811
        2.4454620000         2.3600000000         1.3429439823         2.0617687933         0.1456072401
        2.4504421000         2.3600000000         1.3352870017         2.0541131609        -0.0538547326
        2.4554906000         2.3600000000         1.3301823480         2.0490094060        -0.1868293811
        2.4604742000         2.3600000000         1.3301823480         2.0490094060        -0.1868293811
        2.4654680000         2.3600000000         1.3378393285         2.0566650383         0.0126325916
        2.4704675000         2.3600000000         1.3403916554         2.0566650383         0.0791199158
        2.4754688000         2.3600000000         1.3352870017         2.0617687933        -0.0538547326
        2.4804710000         2.3600000000         1.3429439823         2.0668725482         0.1456072401
        2.4854870000         2.3600000000         1.3403916554         2.0515612834         0.0791199158
        2.4904446000         2.3600000000         1.3352870017         2.0541131609        -0.0538547326
        2.4954749000         2.3600000000         1.3301823480         2.0490094060        -0.1868293811
        2.5004658000         2.3600000000         1.3403916554         2.0592169158         0.0791199158
        2.5054587000         2.3600000000         1.3582579434         2.0592169158         0.5445311854
        2.5104779000         2.3600000000         1.3429439823         2.0592169158         0.1456072401
        2.5154532000         2.3600000000         1.3352870017         2.0490094060        -0.0538547326
        2.5209626000         2.3600000000         1.3608102703         2.0566650383         0.6110185096
        2.5254839000         2.3600000000         1.3301823480         2.0515612834        -0.1868293811
        2.5304689000         2.3600000000         1.3276300211         2.0490094060        -0.2533167053
        2.5355715000         2.3600000000         1.3352870017         2.0566650383        -0.0538547326
        2.5406810000         2.3600000000         1.3378393285         2.0566650383         0.0126325916
        2.5456477000         2.3600000000         1.3378393285         2.0541131609         0.0126325916
        2.5504888000         2.3600000000         1.3352870017         2.0566650383        -0.0538547326
        2.5555331000         2.3600000000         1.3429439823         2.0592169158         0.1456072401
        2.5605798000         2.3600000000         1.3301823480         2.0490094060        -0.1868293811
        2.5654708000         2.3600000000         1.3429439823         2.0617687933         0.1456072401
        2.5705921000         2.3600000000         1.3531532897         2.0566650383         0.4115565370
        2.5754865000         2.3600000000         1.3378393285         2.0541131609         0.0126325916
        2.5804841000         2.3600000000         1.3429439823         2.0617687933         0.1456072401
        2.5854690000         2.3600000000         1.3454963091         2.0617687933         0.2120945643
        2.5905819000         2.3600000000         1.3378393285         2.0566650383         0.0126325916
        2.5954797000         2.3600000000         1.3352870017         2.0490094060        -0.0538547326
        2.6004994000         2.3600000000         1.3378393285         2.0566650383         0.0126325916
        2.6055774000         2.3600000000         1.3403916554         2.0617687933         0.0791199158
        2.6104714000         2.3600000000         1.3429439823         2.0643206707         0.1456072401
        2.6155847000         2.3600000000         1.3301823480         2.0566650383        -0.1868293811
        2.6204829000         2.3600000000         1.3378393285         2.0566650383         0.0126325916
        2.6255113000         2.3600000000         1.3301823480         2.0490094060        -0.1868293811
        2.6305686000         2.3600000000         1.3327346748         2.0490094060        -0.1203420569
        2.6354718000         2.3600000000         1.3352870017         2.0541131609        -0.0538547326
        2.6404216000         2.3600000000         1.3327346748         2.0515612834        -0.1203420569
        2.6453983000         2.3600000000         1.3301823480         2.0566650383        -0.1868293811
        2.6504082000         2.3600000000         1.3352870017         2.0541131609        -0.0538547326
        2.6554149000         2.3600000000         1.3352870017         2.0566650383        -0.0538547326
        2.6604819000         2.3600000000         1.3403916554         2.0566650383         0.0791199158
        2.6654337000         2.3600000000         1.3352870017         2.0566650383        -0.0538547326
        2.6704461000         2.3600000000         1.3327346748         2.0464575285        -0.1203420569
        2.6753977000         2.3600000000         1.3429439823         2.0617687933         0.1456072401
        2.6804285000         2.3600000000         1.3429439823         2.0592169158         0.1456072401
        2.6854136000         2.3600000000         1.3454963091         2.0617687933         0.2120945643
        2.6904276000         2.3600000000         1.3429439823         2.0617687933         0.1456072401
        2.6954267000         2.3600000000         1.3403916554         2.0592169158         0.0791199158
        2.7004164000         2.3600000000         1.3352870017         2.0541131609        -0.0538547326
        2.7054051000         2.3600000000         1.3327346748         2.0490094060        -0.1203420569
        2.7104379000         2.3600000000         1.3403916554         2.0617687933         0.0791199158
        2.7154341000         2.3600000000         1.3352870017         2.0566650383        -0.0538547326
        2.7204526000         2.3600000000         1.3378393285         2.0541131609         0.0126325916
        2.7254510000         2.3600000000         1.3276300211         2.0490094060        -0.2533167053
        2.7304711000         2.3600000000         1.3429439823         2.0566650383         0.1456072401
        2.7354319000         2.3600000000         1.3327346748         2.0490094060        -0.1203420569
        2.7404335000         2.3600000000         1.3378393285         2.0490094060         0.0126325916
        2.7454728000         2.3600000000         1.3352870017         2.0541131609        -0.0538547326
        2.7504422000         2.3600000000         1.3352870017         2.0490094060        -0.0538547326
        2.7554174000         2.3600000000         1.3429439823         2.0566650383         0.1456072401
        2.7604579000         2.3600000000         1.3557056165         2.0566650383         0.4780438612
        2.7654478000         2.3600000000         1.3761242314         2.0592169158         1.0099424550
        2.7704419000         2.3600000000         1.3378393285         2.0566650383         0.0126325916
        2.7754198000         2.3600000000         1.3301823480         2.0515612834        -0.1868293811
        2.7804498000         2.3600000000         1.3352870017         2.0566650383        -0.0538547326
        2.7854413000         2.3600000000         1.3301823480         2.0515612834        -0.1868293811
        2.7904018000         2.3600000000         1.3352870017         2.0541131609        -0.0538547326
        2.7954122000         2.3600000000         1.3327346748         2.0490094060        -0.1203420569
        2.8004131000         2.3600000000         1.3378393285         2.0566650383         0.0126325916
        2.8054305000         2.3600000000         1.3429439823         2.0592169158         0.1456072401
        2.8104304000         2.3600000000         1.3352870017         2.0566650383        -0.0538547326
        2.8154224000         2.3600000000         1.3378393285         2.0566650383         0.0126325916
        2.8204501000         2.3600000000         1.3378393285         2.0541131609         0.0126325916
        2.8254215000         2.3600000000         1.3301823480         2.0490094060        -0.1868293811
        2.8305329000         2.3600000000         1.3378393285         2.0566650383         0.0126325916
        2.8355702000         2.3600000000         1.3378393285         2.0566650383         0.0126325916
        2.8404726000         2.3600000000         1.3429439823         2.0541131609         0.1456072401
        2.8454483000         2.3600000000         1.3403916554         2.0617687933         0.0791199158
        2.8505185000         2.3600000000         1.3352870017         2.0566650383        -0.0538547326
        2.8554671000         2.3600000000         1.3786765582         2.0592169158         1.0764297792
        2.8604808000         2.3600000000         1.3301823480         2.0490094060        -0.1868293811
        2.8654701000         2.3600000000         1.3301823480         2.0490094060        -0.1868293811
        2.8704622000         2.3600000000         1.3301823480         2.0490094060        -0.1868293811
        2.8754838000         2.3600000000         1.3276300211         2.0566650383        -0.2533167053
        2.8804874000         2.3600000000         1.3327346748         2.0490094060        -0.1203420569
        2.8854684000         2.3600000000         1.3301823480         2.0490094060        -0.1868293811
        2.8904247000         2.3600000000         1.3352870017         2.0617687933        -0.0538547326
        2.8954295000         2.3600000000         1.3429439823         2.0541131609         0.1456072401
        2.9004154000         2.3600000000         1.3378393285         2.0541131609         0.0126325916
        2.9055793000         2.3600000000         1.3378393285         2.0566650383         0.0126325916
        2.9104812000         2.3600000000         1.3352870017         2.0541131609        -0.0538547326
        2.9154334000         2.3600000000         1.3352870017         2.0566650383        -0.0538547326
        2.9204472000         2.3600000000         1.3352870017         2.0566650383        -0.0538547326
        2.9254255000         2.3600000000         1.3429439823         2.0617687933         0.1456072401
        2.9304196000         2.3600000000         1.3352870017         2.0541131609        -0.0538547326
        2.9354820000         2.3600000000         1.3429439823         2.0566650383         0.1456072401
        2.9404328000         2.3600000000         1.3352870017         2.0566650383        -0.0538547326
        2.9454509000         2.3600000000         1.3378393285         2.0541131609         0.0126325916
        2.9504392000         2.3600000000         1.3403916554         2.0617687933         0.0791199158
        2.9554434000         2.3600000000         1.3378393285         2.0592169158         0.0126325916
        2.9604255000         2.3600000000         1.3403916554         2.0566650383         0.0791199158
        2.9654360000         2.3600000000         1.3378393285         2.0592169158         0.0126325916
        2.9704347000         2.3600000000         1.3378393285         2.0566650383         0.0126325916
        2.9754570000         2.3600000000         1.3659149240         2.0541131609         0.7439931581
        2.9804777000         2.3600000000         1.3378393285         2.0566650383         0.0126325916
        2.9854468000         2.3600000000         1.3301823480         2.0515612834        -0.1868293811
        2.9905751000         2.3600000000         1.3429439823         2.0617687933         0.1456072401
        2.9955753000         2.3600000000         1.3378393285         2.0566650383         0.0126325916
        3.0004991000         2.3600000000         1.3301823480         2.0515612834        -0.1868293811
        3.0054875000         2.3600000000         1.3352870017         2.0566650383        -0.0538547326
        3.0104664000         2.3600000000         1.3429439823         2.0617687933         0.1456072401
        3.0154509000         2.3600000000         1.3378393285         2.0515612834         0.0126325916
        3.0204712000         2.3600000000         1.3429439823         2.0643206707         0.1456072401
        3.0254842000         2.3600000000         1.3352870017         2.0541131609        -0.0538547326
        3.0304467000         2.3600000000         1.3352870017         2.0541131609        -0.0538547326
        3.0354287000         2.3600000000         1.3378393285         2.0566650383         0.0126325916
        3.0404625000         2.3600000000         1.3352870017         2.0490094060        -0.0538547326
        3.0454515000         2.3600000000         1.3735719045         2.0541131609         0.9434551308
        3.0504581000         2.3600000000         1.3429439823         2.0617687933         0.1456072401
        3.0554504000         2.3600000000         1.3352870017         2.0566650383        -0.0538547326
        3.0605354000         2.3600000000         1.3378393285         2.0541131609         0.0126325916
        3.0658441000         2.3600000000         1.3327346748         2.0490094060        -0.1203420569
        3.0708611000         2.3600000000         1.3352870017         2.0566650383        -0.0538547326
        3.0754699000         2.3600000000         1.3378393285         2.0566650383         0.0126325916
        3.0804615000         2.3600000000         1.3327346748         2.0490094060        -0.1203420569
        3.0854161000         2.3600000000         1.3429439823         2.0592169158         0.1456072401
        3.0904589000         2.3600000000         1.3352870017         2.0541131609        -0.0538547326
        3.0954575000         2.3600000000         1.3327346748         2.0515612834        -0.1203420569
        3.1004542000         2.3600000000         1.3301823480         2.0490094060        -0.1868293811
        3.1054765000         2.3600000000         1.3403916554         2.0617687933         0.0791199158
        3.1104606000         2.3600000000         1.3429439823         2.0617687933         0.1456072401
        3.1154320000         2.3600000000         1.3352870017         2.0541131609        -0.0538547326
        3.1204562000         2.3600000000         1.3378393285         2.0566650383         0.0126325916
        3.1254093000         2.3600000000         1.3378393285         2.0541131609         0.0126325916
        3.1304426000         2.3600000000         1.3352870017         2.0566650383        -0.0538547326
        3.1354438000         2.3600000000         1.3454963091         2.0617687933         0.2120945643
        3.1404609000         2.3600000000         1.3429439823         2.0643206707         0.1456072401
        3.1454541000         2.3600000000         1.3352870017         2.0541131609        -0.0538547326
        3.1504624000         2.3600000000         1.3403916554         2.0566650383         0.0791199158
        3.1554534000         2.3600000000         1.3301823480         2.0490094060        -0.1868293811
        3.1604452000         2.3600000000         1.3352870017         2.0566650383        -0.0538547326
        3.1654401000         2.3600000000         1.3403916554         2.0617687933         0.0791199158
        3.1704496000         2.3600000000         1.3352870017         2.0541131609        -0.0538547326
        3.1754437000         2.3600000000         1.3352870017         2.0566650383        -0.0538547326
        3.1804588000         2.3600000000         1.3378393285         2.0541131609         0.0126325916
        3.1854423000         2.3600000000         1.3454963091         2.0617687933         0.2120945643
        3.1911957000         2.3600000000         1.3429439823         2.0592169158         0.1456072401
        3.1954307000         2.3600000000         1.3378393285         2.0541131609         0.0126325916
        3.2004612000         2.3600000000         1.3454963091         2.0592169158         0.2120945643
        3.2054494000         2.3600000000         1.3352870017         2.0566650383        -0.0538547326
        3.2104578000         2.3600000000         1.3378393285         2.0566650383         0.0126325916
        3.2154159000         2.3600000000         1.3378393285         2.0541131609         0.0126325916
        3.2207712000         2.3600000000         1.3352870017         2.0566650383        -0.0538547326
        3.2254572000         2.3600000000         1.3403916554         2.0592169158         0.0791199158
        3.2304874000         2.3600000000         1.3327346748         2.0541131609        -0.1203420569
        3.2354530000         2.3600000000         1.3378393285         2.0566650383         0.0126325916
        3.2404763000         2.3600000000         1.3403916554         2.0617687933         0.0791199158
        3.2454473000         2.3600000000         1.3301823480         2.0490094060        -0.1868293811
        3.2504648000         2.3600000000         1.3378393285         2.0490094060         0.0126325916
        3.2554625000         2.3600000000         1.3378393285         2.0541131609         0.0126325916
        3.2604556000         2.3600000000         1.3327346748         2.0490094060        -0.1203420569
        3.2654958000         2.3600000000         1.3301823480         2.0490094060        -0.1868293811
        3.2704598000         2.3600000000         1.3352870017         2.0541131609        -0.0538547326
        3.2754465000         2.3600000000         1.3352870017         2.0541131609        -0.0538547326
        3.2804472000         2.3600000000         1.3403916554         2.0617687933         0.0791199158
        3.2854660000         2.3600000000         1.3352870017         2.0566650383        -0.0538547326
        3.2905683000         2.3600000000         1.3429439823         2.0617687933         0.1456072401
        3.2954858000         2.3600000000         1.3378393285         2.0541131609         0.0126325916
        3.3004397000         2.3600000000         1.3301823480         2.0439056511        -0.1868293811
        3.3054765000         2.3600000000         1.3403916554         2.0617687933         0.0791199158
        3.3104707000         2.3600000000         1.3403916554         2.0643206707         0.0791199158
        3.3154743000         2.3600000000         1.3352870017         2.0541131609        -0.0538547326
        3.3204534000         2.3600000000         1.3403916554         2.0617687933         0.0791199158
        3.3254575000         2.3600000000         1.3403916554         2.0617687933         0.0791199158
        3.3304485000         2.3600000000         1.3352870017         2.0541131609        -0.0538547326
        3.3354584000         2.3600000000         1.3378393285         2.0566650383         0.0126325916
        3.3404346000         2.3600000000         1.3327346748         2.0490094060        -0.1203420569
        3.3454406000         2.3600000000         1.3301823480         2.0464575285        -0.1868293811
        3.3504523000         2.3600000000         1.3301823480         2.0490094060        -0.1868293811
        3.3554688000         2.3600000000         1.3301823480         2.0490094060        -0.1868293811
        3.3604140000         2.3600000000         1.3454963091         2.0617687933         0.2120945643
        3.3654535000         2.3600000000         1.3378393285         2.0541131609         0.0126325916
        3.3704120000         2.3600000000         1.3327346748         2.0490094060        -0.1203420569
        3.3754309000         2.3600000000         1.3352870017         2.0566650383        -0.0538547326
        3.3804351000         2.3600000000         1.3429439823         2.0541131609         0.1456072401
        3.3854406000         2.3600000000         1.3378393285         2.0566650383         0.0126325916
        3.3904483000         2.3600000000         1.3352870017         2.0566650383        -0.0538547326
        3.3954281000         2.3600000000         1.3506009628         2.0515612834         0.3450692127
        3.4004564000         2.3600000000         1.3429439823         2.0592169158         0.1456072401
        3.4054316000         2.3600000000         1.3327346748         2.0515612834        -0.1203420569
        3.4104548000         2.3600000000         1.3352870017         2.0566650383        -0.0538547326
        3.4154170000         2.3600000000         1.3352870017         2.0541131609        -0.0538547326
        3.4204207000         2.3600000000         1.3378393285         2.0541131609         0.0126325916
        3.4254839000         2.3600000000         1.3378393285         2.0541131609         0.0126325916
        3.4304327000         2.3600000000         1.3378393285         2.0541131609         0.0126325916
        3.4354210000         2.3600000000         1.3429439823         2.0617687933         0.1456072401
        3.4404140000         2.3600000000         1.3378393285         2.0566650383         0.0126325916
        3.4454474000         2.3600000000         1.3352870017         2.0541131609        -0.0538547326
        3.4504481000         2.3600000000         1.3301823480         2.0439056511        -0.1868293811
        3.4554370000         2.3600000000         1.3378393285         2.0541131609         0.0126325916
        3.4604661000         2.3600000000         1.3352870017         2.0541131609        -0.0538547326
        3.4654021000         2.3600000000         1.3352870017         2.0541131609        -0.0538547326
        3.4704097000         2.3600000000         1.3301823480         2.0515612834        -0.1868293811
        3.4754302000         2.3600000000         1.3352870017         2.0566650383        -0.0538547326
        3.4804477000         2.3600000000         1.3352870017         2.0541131609        -0.0538547326
        3.4854532000         2.3600000000         1.3301823480         2.0464575285        -0.1868293811
        3.4904197000         2.3600000000         1.3352870017         2.0566650383        -0.0538547326
        3.4954569000         2.3600000000         1.3378393285         2.0566650383         0.0126325916
        3.5004375000         2.3600000000         1.3276300211         2.0541131609        -0.2533167053
        3.5054771000         2.3600000000         1.3352870017         2.0566650383        -0.0538547326
        3.5104594000         2.3600000000         1.3301823480         2.0490094060        -0.1868293811
        3.5154366000         2.3600000000         1.3352870017         2.0541131609        -0.0538547326
        3.5204680000         2.3600000000         1.3735719045         2.0541131609         0.9434551308
        3.5254529000         2.3600000000         1.3378393285         2.0541131609         0.0126325916
        3.5304350000         2.3600000000         1.3301823480         2.0490094060        -0.1868293811
        3.5354444000         2.3600000000         1.3301823480         2.0490094060        -0.1868293811
        3.5405114000         2.3600000000         1.3352870017         2.0566650383        -0.0538547326
        3.5454383000         2.3600000000         1.3301823480         2.0515612834        -0.1868293811
        3.5504674000         2.3600000000         1.3429439823         2.0617687933         0.1456072401
        3.5554228000         2.3600000000         1.3378393285         2.0541131609         0.0126325916
        3.5604901000         2.3600000000         1.3352870017         2.0566650383        -0.0538547326
        3.5655181000         2.3600000000         1.3352870017         2.0541131609        -0.0538547326
        3.5704491000         2.3600000000         1.3327346748         2.0490094060        -0.1203420569
        3.5754595000         2.3600000000         1.3352870017         2.0541131609        -0.0538547326
        3.5804462000         2.3600000000         1.3327346748         2.0490094060        -0.1203420569
        3.5854687000         2.3600000000         1.3735719045         2.0464575285         0.9434551308
        3.5904424000         2.3600000000         1.3378393285         2.0541131609         0.0126325916
        3.5954430000         2.3600000000         1.3301823480         2.0515612834        -0.1868293811
        3.6004523000         2.3600000000         1.3352870017         2.0566650383        -0.0538547326
        3.6054212000         2.3600000000         1.3352870017         2.0541131609        -0.0538547326
        3.6104811000         2.3600000000         1.3352870017         2.0566650383        -0.0538547326
        3.6154351000         2.3600000000         1.3352870017         2.0566650383        -0.0538547326
        3.6204141000         2.3600000000         1.3429439823         2.0592169158         0.1456072401
        3.6254439000         2.3600000000         1.3352870017         2.0566650383        -0.0538547326
        3.6304479000         2.3600000000         1.3378393285         2.0541131609         0.0126325916
        3.6354467000         2.3600000000         1.3429439823         2.0592169158         0.1456072401
        3.6404551000         2.3600000000         1.3454963091         2.0617687933         0.2120945643
        3.6454550000         2.3600000000         1.3429439823         2.0592169158         0.1456072401
        3.6504544000         2.3600000000         1.3531532897         2.0566650383         0.4115565370
        3.6557846000         2.3600000000         1.3429439823         2.0592169158         0.1456072401
        3.6607972000         2.3600000000         1.3403916554         2.0617687933         0.0791199158
        3.6654854000         2.3600000000         1.3352870017         2.0566650383        -0.0538547326
        3.6704602000         2.3600000000         1.3327346748         2.0490094060        -0.1203420569
        3.6756506000         2.3600000000         1.3352870017         2.0566650383        -0.0538547326
        3.6805504000         2.3600000000         1.3327346748         2.0464575285        -0.1203420569
        3.6854352000         2.3600000000         1.3429439823         2.0617687933         0.1456072401
        3.6905564000         2.3600000000         1.3480486360         2.0566650383         0.2785818885
        3.6954539000         2.3600000000         1.3378393285         2.0566650383         0.0126325916
        3.7005711000         2.3600000000         1.3429439823         2.0592169158         0.1456072401
        3.7054560000         2.3600000000         1.3327346748         2.0490094060        -0.1203420569
        3.7104241000         2.3600000000         1.3378393285         2.0617687933         0.0126325916
        3.7154413000         2.3600000000         1.3454963091         2.0617687933         0.2120945643
        3.7204027000         2.3600000000         1.3429439823         2.0592169158         0.1456072401
        3.7254077000         2.3600000000         1.3403916554         2.0592169158         0.0791199158
        3.7304304000         2.3600000000         1.3327346748         2.0490094060        -0.1203420569
        3.7354300000         2.3600000000         1.3301823480         2.0490094060        -0.1868293811
        3.7403969000         2.3600000000         1.3710195777         2.0490094060         0.8769678065
        3.7454486000         2.3600000000         1.3301823480         2.0490094060        -0.1868293811
        3.7504237000         2.3600000000         1.3403916554         2.0617687933         0.0791199158
        3.7554116000         2.3600000000         1.3403916554         2.0592169158         0.0791199158
        3.7604289000         2.3600000000         1.3429439823         2.0617687933         0.1456072401
        3.7654173000         2.3600000000         1.3454963091         2.0592169158         0.2120945643
        3.7704095000         2.3600000000         1.3378393285         2.0541131609         0.0126325916
        3.7754087000         2.3600000000         1.3352870017         2.0566650383        -0.0538547326
        3.7804233000         2.3600000000         1.3327346748         2.0541131609        -0.1203420569
        3.7854133000         2.3600000000         1.3378393285         2.0617687933         0.0126325916
        3.7904139000         2.3600000000         1.3301823480         2.0464575285        -0.1868293811
        3.7954148000         2.3600000000         1.3378393285         2.0490094060         0.0126325916
        3.8004026000         2.3600000000         1.3378393285         2.0566650383         0.0126325916
        3.8054226000         2.3600000000         1.3403916554         2.0566650383         0.0791199158
        3.8104273000         2.3600000000         1.3378393285         2.0566650383         0.0126325916
        3.8154411000         2.3600000000         1.3327346748         2.0490094060        -0.1203420569
        3.8204230000         2.3600000000         1.3352870017         2.0566650383        -0.0538547326
        3.8254182000         2.3600000000         1.3378393285         2.0566650383         0.0126325916
        3.8304070000         2.3600000000         1.3378393285         2.0566650383         0.0126325916
        3.8354251000         2.3600000000         1.3429439823         2.0617687933         0.1456072401
        3.8404203000         2.3600000000         1.3352870017         2.0566650383        -0.0538547326
        3.8454255000         2.3600000000         1.3429439823         2.0668725482         0.1456072401
        3.8504134000         2.3600000000         1.3352870017         2.0490094060        -0.0538547326
        3.8554210000         2.3600000000         1.3301823480         2.0439056511        -0.1868293811
        3.8604613000         2.3600000000         1.3352870017         2.0541131609        -0.0538547326
        3.8654210000         2.3600000000         1.3429439823         2.0592169158         0.1456072401
        3.8705743000         2.3600000000         1.3352870017         2.0515612834        -0.0538547326
        3.8754051000         2.3600000000         1.3429439823         2.0592169158         0.1456072401
        3.8804230000         2.3600000000         1.3429439823         2.0617687933         0.1456072401
        3.8854227000         2.3600000000         1.3327346748         2.0490094060        -0.1203420569
        3.8904351000         2.3600000000         1.3378393285         2.0515612834         0.0126325916
        3.8954179000         2.3600000000         1.3352870017         2.0566650383        -0.0538547326
        3.9004077000         2.3600000000         1.3352870017         2.0541131609        -0.0538547326
        3.9054263000         2.3600000000         1.3429439823         2.0617687933         0.1456072401
        3.9104275000         2.3600000000         1.3429439823         2.0592169158         0.1456072401
        3.9154419000         2.3600000000         1.3301823480         2.0490094060        -0.1868293811
        3.9204358000         2.3600000000         1.3378393285         2.0541131609         0.0126325916
        3.9254020000         2.3600000000         1.3301823480         2.0490094060        -0.1868293811
        3.9304347000         2.3600000000         1.3327346748         2.0464575285        -0.1203420569
        3.9354418000         2.3600000000         1.3301823480         2.0490094060        -0.1868293811
        3.9404234000         2.3600000000         1.3352870017         2.0566650383        -0.0538547326
        3.9454373000         2.3600000000         1.3378393285         2.0541131609         0.0126325916
        3.9504230000         2.3600000000         1.3429439823         2.0617687933         0.1456072401
        3.9553981000         2.3600000000         1.3429439823         2.0617687933         0.1456072401
        3.9604212000         2.3600000000         1.3352870017         2.0566650383        -0.0538547326
        3.9656376000         2.3600000000         1.3403916554         2.0592169158         0.0791199158
        3.9703949000         2.3600000000         1.3378393285         2.0541131609         0.0126325916
        3.9754333000         2.3600000000         1.3378393285         2.0566650383         0.0126325916
        3.9803932000         2.3600000000         1.3429439823         2.0490094060         0.1456072401
        3.9853974000         2.3600000000         1.3429439823         2.0490094060         0.1456072401
        3.9903886000         2.3600000000         1.3352870017         2.0541131609        -0.0538547326
        3.9954545000         2.3600000000         1.3378393285         2.0541131609         0.0126325916
        4.0004204000         2.3600000000         1.3301823480         2.0515612834        -0.1868293811
