% Sweep Step 165/200  Vcmd=4.6500V  CW 
% Vg_offset=1.337354V  K_gimbal=26.049690

Time[s]              Vcmd[V]              Vg_raw[V]            Pot[V]             Omega[rad/s]
        0.0014847000         4.6500000000         1.3378393285         4.7667588998         0.0126325916
        0.0054439000         4.6500000000         1.3429439823         4.7795182871         0.1456072401
        0.0104566000         4.6500000000         1.3454963091         4.7744145322         0.2120945643
        0.0154926000         4.6500000000         1.4909789399         4.7718626547         4.0018720452
        0.0204551000         4.6500000000         1.7538686061         4.8152445715        10.8500664406
        0.0254579000         4.6500000000         1.7104790496         4.8509708560         9.7197819287
        0.0304574000         4.6500000000         1.7487639524         4.8969046502        10.7170917921
        0.0354631000         4.6500000000         1.8355430655         4.9402865670        12.9776608158
        0.0405019000         4.6500000000         1.8712756415         4.9964278711        13.9084833550
        0.0454545000         4.6500000000         1.8534093535         5.0091872584        13.4430720854
        0.0504540000         4.6500000000         1.9427407935         5.0091872584        15.7701284333
        0.0554895000         4.6500000000         1.9886826769         1.1124703785        16.9669002694
        0.0604540000         4.6500000000         1.9835780232         0.0075074388        16.8339256210
        0.0654757000         4.6500000000         1.9810256964         0.0024036839        16.7674382967
        0.0704593000         4.6500000000         2.0091012918         0.0687524978        17.4987988632
        0.0754628000         4.6500000000         1.9861303501         0.1351013117        16.9004129452
        0.0804382000         4.6500000000         2.0499385215         0.1988982482        18.5625960508
        0.0854367000         4.6500000000         2.0499385215         0.2831102043        18.5625960508
        0.0904340000         4.6500000000         2.0575955021         0.3622184056        18.7620580235
        0.0954396000         4.6500000000         2.0601478289         0.4234634646        18.8285453478
        0.1004369000         4.6500000000         2.0627001558         0.4974679109        18.8950326720
        0.1054350000         4.6500000000         2.0856710975         0.5842317445        19.4934185900
        0.1104376000         4.6500000000         2.0856710975         0.6556843134        19.4934185900
        0.1154349000         4.6500000000         2.1009850586         0.7322406371        19.8923425354
        0.1204375000         4.6500000000         2.0882234243         0.8190044707        19.5599059142
        0.1254387000         4.6500000000         2.1162990198         0.8904570396        20.2912664807
        0.1304317000         4.6500000000         2.1137466929         0.9721171183        20.2247791565
        0.1354348000         4.6500000000         2.1035373855         1.0435696871        19.9588298596
        0.1404309000         4.6500000000         2.1060897123         1.1175741334        20.0253171838
        0.1454331000         4.6500000000         2.1162990198         1.2017860896        20.2912664807
        0.1504330000         4.6500000000         2.1188513466         1.2808942908        20.3577538050
        0.1554782000         4.6500000000         2.1214036735         1.3625543695        20.4242411292
        0.1604340000         4.6500000000         2.1316129809         1.4391106933        20.6901904261
        0.1654347000         4.6500000000         2.1239560003         1.5156670170        20.4907284534
        0.1704360000         4.6500000000         2.1290606540         1.5973270957        20.6237031019
        0.1754317000         4.6500000000         2.1188513466         1.6738834195        20.3577538050
        0.1804316000         4.6500000000         2.1341653078         1.7529916207        20.7566777503
        0.1854338000         4.6500000000         2.1341653078         1.8346516994        20.7566777503
        0.1904442000         4.6500000000         2.1520315957         1.9086561457        21.2220890199
        0.1954353000         4.6500000000         2.1418222883         1.9954199793        20.9561397230
        0.2004353000         4.6500000000         2.1239560003         2.0643206707        20.4907284534
        0.2054414000         4.6500000000         2.1367176346         2.1485326269        20.8231650746
        0.2104323000         4.6500000000         2.1392699615         2.2301927056        20.8896523988
        0.2154806000         4.6500000000         2.1520315957         2.3118527843        21.2220890199
        0.2204391000         4.6500000000         2.1316129809         2.3935128629        20.6901904261
        0.2254864000         4.6500000000         2.1443746152         2.4751729416        21.0226270472
        0.2304455000         4.6500000000         2.1341653078         2.5542811429        20.7566777503
        0.2354351000         4.6500000000         2.1469269420         2.6359412215        21.0891143715
        0.2404376000         4.6500000000         2.1418222883         2.7150494228        20.9561397230
        0.2454629000         4.6500000000         2.1418222883         2.7967095015        20.9561397230
        0.2504321000         4.6500000000         2.1443746152         2.8783695801        21.0226270472
        0.2554298000         4.6500000000         2.1418222883         2.9600296588        20.9561397230
        0.2605047000         4.6500000000         2.1622409032         3.0493453699        21.4880383168
        0.2654378000         4.6500000000         2.1571362495         3.1310054486        21.3550636684
        0.2704392000         4.6500000000         2.1494792689         3.1973542625        21.1556016957
        0.2754309000         4.6500000000         2.1545839226         3.2917737285        21.2885763441
        0.2804612000         4.6500000000         2.1494792689         3.3632262974        21.1556016957
        0.2854699000         4.6500000000         2.1469269420         3.4448863760        21.0891143715
        0.2904467000         4.6500000000         2.1469269420         3.5316502097        21.0891143715
        0.2954314000         4.6500000000         2.1494792689         3.6056546560        21.1556016957
        0.3004379000         4.6500000000         2.1545839226         3.7000741219        21.2885763441
        0.3054315000         4.6500000000         2.1596885763         3.7766304457        21.4215509926
        0.3104328000         4.6500000000         2.1698978837         3.8684980342        21.6875002895
        0.3154737000         4.6500000000         2.1545839226         3.9450543580        21.2885763441
        0.3204377000         4.6500000000         2.1545839226         4.0292663142        21.2885763441
        0.3254317000         4.6500000000         2.1622409032         4.1083745154        21.4880383168
        0.3304306000         4.6500000000         2.1596885763         4.1874827166        21.4215509926
        0.3354360000         4.6500000000         2.1494792689         4.2793503051        21.1556016957
        0.3404300000         4.6500000000         2.1622409032         4.3610103838        21.4880383168
        0.3454312000         4.6500000000         2.1596885763         4.4452223400        21.4215509926
        0.3504385000         4.6500000000         2.1750025375         4.5294342961        21.8204749380
        0.3554291000         4.6500000000         2.1469269420         4.6136462523        21.0891143715
        0.3604290000         4.6500000000         2.1571362495         4.6978582084        21.3550636684
        0.3654287000         4.6500000000         2.1571362495         4.7897257969        21.3550636684
        0.3710058000         4.6500000000         2.1698978837         4.8790415080        21.6875002895
        0.3754307000         4.6500000000         2.1673455569         4.9683572191        21.6210129653
        0.3804359000         4.6500000000         2.1903164986         5.0091872584        22.2193988833
        0.3854279000         4.6500000000         2.1647932300         1.1175741334        21.5545256410
        0.3904672000         4.6500000000         2.1545839226         0.0024036839        21.2885763441
        0.3954363000         4.6500000000         2.1724502106         0.0075074388        21.7539876137
        0.4004353000         4.6500000000         2.1750025375         0.0764081302        21.8204749380
        0.4054627000         4.6500000000         2.1545839226         0.1580682088        21.2885763441
        0.4104355000         4.6500000000         2.1750025375         0.2550395523        21.8204749380
        0.4154275000         4.6500000000         2.1571362495         0.3418033859        21.3550636684
        0.4204351000         4.6500000000         2.1775548643         0.4260153420        21.8869622622
        0.4254286000         4.6500000000         2.1698978837         0.5127791757        21.6875002895
        0.4304393000         4.6500000000         2.1724502106         0.6020948867        21.7539876137
        0.4354341000         4.6500000000         2.1596885763         0.6914105978        21.4215509926
        0.4404672000         4.6500000000         2.1724502106         0.7781744314        21.7539876137
        0.4454406000         4.6500000000         2.1750025375         0.8547307552        21.8204749380
        0.4504425000         4.6500000000         2.1724502106         0.9465983437        21.7539876137
        0.4554364000         4.6500000000         2.1622409032         1.0257065449        21.4880383168
        0.4604299000         4.6500000000         2.1596885763         1.0997109912        21.4215509926
        0.4654345000         4.6500000000         2.1801071912         1.1992342121        21.9534495864
        0.4704243000         4.6500000000         2.1801071912         1.2808942908        21.9534495864
        0.4755089000         4.6500000000         2.1622409032         1.3523468597        21.4880383168
        0.4804314000         4.6500000000         2.1596885763         1.4442144482        21.4215509926
        0.4854242000         4.6500000000         2.1750025375         1.5207707720        21.8204749380
        0.4904248000         4.6500000000         2.1801071912         1.6126383605        21.9534495864
        0.4954346000         4.6500000000         2.1698978837         1.6891946843        21.6875002895
        0.5004244000         4.6500000000         2.1622409032         1.7708547629        21.4880383168
        0.5054270000         4.6500000000         2.1596885763         1.8474110867        21.4215509926
        0.5104306000         4.6500000000         2.1698978837         1.9367267978        21.6875002895
        0.5154282000         4.6500000000         2.1673455569         2.0183868765        21.6210129653
        0.5204244000         4.6500000000         2.1647932300         2.0974950777        21.5545256410
        0.5254322000         4.6500000000         2.1647932300         2.1842589113        21.5545256410
        0.5304491000         4.6500000000         2.1571362495         2.2633671125        21.3550636684
        0.5354276000         4.6500000000         2.1622409032         2.3526828236        21.4880383168
        0.5404308000         4.6500000000         2.1724502106         2.4368947797        21.7539876137
        0.5454333000         4.6500000000         2.1520315957         2.5160029810        21.2220890199
        0.5504808000         4.6500000000         2.1673455569         2.6104224470        21.6210129653
        0.5554257000         4.6500000000         2.1673455569         2.6895306482        21.6210129653
        0.5604240000         4.6500000000         2.1647932300         2.7711907269        21.5545256410
        0.5654325000         4.6500000000         2.1622409032         2.8579545605        21.4880383168
        0.5704305000         4.6500000000         2.1596885763         2.9243033744        21.4215509926
        0.5754300000         4.6500000000         2.1673455569         3.0161709629        21.6210129653
        0.5804238000         4.6500000000         2.1647932300         3.1054866740        21.5545256410
        0.5854253000         4.6500000000         2.1775548643         3.1820429978        21.8869622622
        0.5904253000         4.6500000000         2.1673455569         3.2637030765        21.6210129653
        0.5954321000         4.6500000000         2.1571362495         3.3428112777        21.3550636684
        0.6004323000         4.6500000000         2.1571362495         3.4244713564        21.3550636684
        0.6054258000         4.6500000000         2.1673455569         3.5137870674        21.6210129653
        0.6104284000         4.6500000000         2.1647932300         3.6005509010        21.5545256410
        0.6154265000         4.6500000000         2.1647932300         3.6847628572        21.5545256410
        0.6204293000         4.6500000000         2.1647932300         3.7638710584        21.5545256410
        0.6254237000         4.6500000000         2.1724502106         3.8480830146        21.7539876137
        0.6304293000         4.6500000000         2.1698978837         3.9220874609        21.6875002895
        0.6354260000         4.6500000000         2.1443746152         4.0062994170        21.0226270472
        0.6404297000         4.6500000000         2.1596885763         4.0930632506        21.4215509926
        0.6454254000         4.6500000000         2.1622409032         4.1823789617        21.4880383168
        0.6504251000         4.6500000000         2.1647932300         4.2640390404        21.5545256410
        0.6554315000         4.6500000000         2.1852118449         4.3559066289        22.0864242349
        0.6604247000         4.6500000000         2.1647932300         4.4401185851        21.5545256410
        0.6654288000         4.6500000000         2.1724502106         4.5243305412        21.7539876137
        0.6704207000         4.6500000000         2.1724502106         4.6085424974        21.7539876137
        0.6754414000         4.6500000000         2.1673455569         4.6953063310        21.6210129653
        0.6804338000         4.6500000000         2.1622409032         4.7820701646        21.4880383168
        0.6854264000         4.6500000000         2.1673455569         4.8637302433        21.6210129653
        0.6904299000         4.6500000000         2.1596885763         4.9581497092        21.4215509926
        0.6954282000         4.6500000000         2.1750025375         5.0066353810        21.8204749380
        0.7004242000         4.6500000000         2.1801071912         4.9964278711        21.9534495864
        0.7054265000         4.6500000000         2.1698978837         0.0049555613        21.6875002895
        0.7104231000         4.6500000000         2.1724502106         0.0024036839        21.7539876137
        0.7154213000         4.6500000000         2.1826595180         0.0840637625        22.0199369106
        0.7204294000         4.6500000000         2.1724502106         0.1631719638        21.7539876137
        0.7254630000         4.6500000000         2.2030781329         0.2550395523        22.5518355045
        0.7304311000         4.6500000000         2.1647932300         0.3366996310        21.5545256410
        0.7354212000         4.6500000000         2.1724502106         0.4285672195        21.7539876137
        0.7404295000         4.6500000000         2.1775548643         0.5127791757        21.8869622622
        0.7454204000         4.6500000000         2.1724502106         0.5995430093        21.7539876137
        0.7504223000         4.6500000000         2.1775548643         0.6863068429        21.8869622622
        0.7554274000         4.6500000000         2.1698978837         0.7654150441        21.6875002895
        0.7604642000         4.6500000000         2.1647932300         0.8470751228        21.5545256410
        0.7654256000         4.6500000000         2.1801071912         0.9363908338        21.9534495864
        0.7704211000         4.6500000000         2.1724502106         1.0154990351        21.7539876137
        0.7754255000         4.6500000000         2.1647932300         1.1073666236        21.5545256410
        0.7804339000         4.6500000000         2.1622409032         1.1941304572        21.4880383168
        0.7854208000         4.6500000000         2.1928688255         1.2706867810        22.2858862075
        0.7904228000         4.6500000000         2.1622409032         1.3497949822        21.4880383168
        0.7954254000         4.6500000000         2.1520315957         1.4340069384        21.2220890199
        0.8004240000         4.6500000000         2.1698978837         1.5233226494        21.6875002895
        0.8054285000         4.6500000000         2.1852118449         1.6075346056        22.0864242349
        0.8104233000         4.6500000000         2.1673455569         1.6840909293        21.6210129653
        0.8154274000         4.6500000000         2.1698978837         1.7683028855        21.6875002895
        0.8204277000         4.6500000000         2.1698978837         1.8499629642        21.6875002895
        0.8254197000         4.6500000000         2.1647932300         1.9341749203        21.5545256410
        0.8304225000         4.6500000000         2.1724502106         2.0158349990        21.7539876137
        0.8354207000         4.6500000000         2.1775548643         2.1051507101        21.8869622622
        0.8404207000         4.6500000000         2.1596885763         2.1868107888        21.4215509926
        0.8454200000         4.6500000000         2.1545839226         2.2633671125        21.2885763441
        0.8504226000         4.6500000000         2.1698978837         2.3552347011        21.6875002895
        0.8554265000         4.6500000000         2.1673455569         2.4317910248        21.6210129653
        0.8604252000         4.6500000000         2.1622409032         2.5211067359        21.4880383168
        0.8654199000         4.6500000000         2.1724502106         2.6104224470        21.7539876137
        0.8704501000         4.6500000000         2.1647932300         2.6895306482        21.5545256410
        0.8754211000         4.6500000000         2.1596885763         2.7660869720        21.4215509926
        0.8804220000         4.6500000000         2.1673455569         2.8528508056        21.6210129653
        0.8854539000         4.6500000000         2.1647932300         2.9396146392        21.5545256410
        0.8904221000         4.6500000000         2.1673455569         3.0263784728        21.6210129653
        0.8954246000         4.6500000000         2.1622409032         3.1080385515        21.4880383168
        0.9004523000         4.6500000000         2.1852118449         3.1922505076        22.0864242349
        0.9054572000         4.6500000000         2.1571362495         3.2688068314        21.3550636684
        0.9104378000         4.6500000000         2.1724502106         3.3555706650        21.7539876137
        0.9154187000         4.6500000000         2.1698978837         3.4372307437        21.6875002895
        0.9204177000         4.6500000000         2.1698978837         3.5137870674        21.6875002895
        0.9254243000         4.6500000000         2.1724502106         3.6056546560        21.7539876137
        0.9304163000         4.6500000000         2.1698978837         3.6822109797        21.6875002895
        0.9354194000         4.6500000000         2.1622409032         3.7715266908        21.4880383168
        0.9404272000         4.6500000000         2.1698978837         3.8506348920        21.6875002895
        0.9454200000         4.6500000000         2.1647932300         3.9373987256        21.5545256410
        0.9504159000         4.6500000000         2.1698978837         4.0216106818        21.6875002895
        0.9554191000         4.6500000000         2.1622409032         4.1032707605        21.4880383168
        0.9604213000         4.6500000000         2.1622409032         4.1823789617        21.4880383168
        0.9654246000         4.6500000000         2.1622409032         4.2665909178        21.4880383168
        0.9704209000         4.6500000000         2.1724502106         4.3508028740        21.7539876137
        0.9755202000         4.6500000000         2.1673455569         4.4426704625        21.6210129653
        0.9804159000         4.6500000000         2.1750025375         4.5268824187        21.8204749380
        0.9854267000         4.6500000000         2.1724502106         4.6085424974        21.7539876137
        0.9904654000         4.6500000000         2.1647932300         4.6927544535        21.5545256410
        0.9954185000         4.6500000000         2.1750025375         4.7846220420        21.8204749380
        1.0004204000         4.6500000000         2.1750025375         4.8764896306        21.8204749380
        1.0054200000         4.6500000000         2.1622409032         4.9607015867        21.4880383168
        1.0104157000         4.6500000000         2.1622409032         5.0015316260        21.4880383168
        1.0154174000         4.6500000000         2.1750025375         4.9581497092        21.8204749380
        1.0204168000         4.6500000000         2.1673455569        -0.0052519485        21.6210129653
        1.0254230000         4.6500000000         2.1596885763        -0.0052519485        21.4215509926
        1.0304355000         4.6500000000         2.1750025375         0.0764081302        21.8204749380
        1.0354246000         4.6500000000         2.1673455569         0.1657238412        21.6210129653
        1.0404166000         4.6500000000         2.1801071912         0.2524876748        21.9534495864
        1.0454246000         4.6500000000         2.1622409032         0.3392515084        21.4880383168
        1.0504169000         4.6500000000         2.1750025375         0.4285672195        21.8204749380
        1.0554227000         4.6500000000         2.1826595180         0.5153310531        22.0199369106
        1.0604160000         4.6500000000         2.1826595180         0.6046467642        22.0199369106
        1.0654291000         4.6500000000         2.1750025375         0.6786512105        21.8204749380
        1.0704181000         4.6500000000         2.1724502106         0.7679669216        21.7539876137
        1.0754178000         4.6500000000         2.1622409032         0.8470751228        21.4880383168
        1.0804165000         4.6500000000         2.1673455569         0.9312870789        21.6210129653
        1.0854712000         4.6500000000         2.1826595180         1.0231546675        22.0199369106
        1.0904155000         4.6500000000         2.1673455569         1.1073666236        21.6210129653
        1.0954361000         4.6500000000         2.1673455569         1.1890267023        21.6210129653
        1.1004241000         4.6500000000         2.1750025375         1.2732386584        21.8204749380
        1.1054194000         4.6500000000         2.1750025375         1.3574506146        21.8204749380
        1.1104212000         4.6500000000         2.1775548643         1.4416625707        21.8869622622
        1.1154140000         4.6500000000         2.1698978837         1.5156670170        21.6875002895
        1.1204208000         4.6500000000         2.1698978837         1.6075346056        21.6875002895
        1.1254178000         4.6500000000         2.1750025375         1.6891946843        21.8204749380
        1.1304151000         4.6500000000         2.2056304597         1.7734066404        22.6183228287
        1.1354136000         4.6500000000         2.1724502106         1.8601704740        21.7539876137
        1.1404199000         4.6500000000         2.1698978837         1.9443824302        21.6875002895
        1.1454120000         4.6500000000         2.1698978837         2.0209387539        21.6875002895
        1.1504161000         4.6500000000         2.1724502106         2.1051507101        21.7539876137
        1.1554203000         4.6500000000         2.1698978837         2.1893626662        21.6875002895
        1.1604217000         4.6500000000         2.1647932300         2.2735746224        21.5545256410
        1.1654096000         4.6500000000         2.1622409032         2.3475790687        21.4880383168
        1.1704297000         4.6500000000         2.1622409032         2.4317910248        21.4880383168
        1.1754167000         4.6500000000         2.1724502106         2.5160029810        21.7539876137
        1.1804195000         4.6500000000         2.1673455569         2.6053186920        21.6210129653
        1.1854115000         4.6500000000         2.1622409032         2.6895306482        21.4880383168
        1.1904250000         4.6500000000         2.1750025375         2.7788463592        21.8204749380
        1.1954112000         4.6500000000         2.1928688255         2.8630583154        22.2858862075
        1.2004184000         4.6500000000         2.1724502106         2.9396146392        21.7539876137
        1.2054115000         4.6500000000         2.1622409032         3.0212747179        21.4880383168
        1.2104160000         4.6500000000         2.1673455569         3.1029347965        21.6210129653
        1.2154121000         4.6500000000         2.1622409032         3.1845948752        21.4880383168
        1.2204213000         4.6500000000         2.1698978837         3.2662549539        21.6875002895
        1.2254543000         4.6500000000         2.1698978837         3.3581225424        21.6875002895
        1.2304279000         4.6500000000         2.1647932300         3.4372307437        21.5545256410
        1.2354190000         4.6500000000         2.1622409032         3.5265464547        21.4880383168
        1.2404215000         4.6500000000         2.1673455569         3.6056546560        21.6210129653
        1.2454194000         4.6500000000         2.1673455569         3.6924184896        21.6210129653
        1.2504202000         4.6500000000         2.1673455569         3.7766304457        21.6210129653
        1.2554119000         4.6500000000         2.1673455569         3.8582905244        21.6210129653
        1.2604159000         4.6500000000         2.1622409032         3.9373987256        21.4880383168
        1.2654237000         4.6500000000         2.1622409032         4.0139550494        21.4880383168
        1.2704185000         4.6500000000         2.1775548643         4.0981670056        21.8869622622
        1.2754134000         4.6500000000         2.1647932300         4.1874827166        21.5545256410
        1.2804446000         4.6500000000         2.1622409032         4.2716946728        21.4880383168
        1.2854209000         4.6500000000         2.1673455569         4.3610103838        21.6210129653
        1.2904621000         4.6500000000         2.1698978837         4.4452223400        21.6875002895
        1.2954186000         4.6500000000         2.1724502106         4.5370899285        21.7539876137
        1.3003973000         4.6500000000         2.1801071912         4.6238537621        21.9534495864
        1.3054118000         4.6500000000         2.1571362495         4.7029619633        21.3550636684
        1.3104158000         4.6500000000         2.1852118449         4.7999333068        22.0864242349
        1.3154221000         4.6500000000         2.1775548643         4.8866971404        21.8869622622
        1.3204177000         4.6500000000         2.1622409032         4.9760128515        21.4880383168
        1.3254122000         4.6500000000         2.1673455569         4.9989797486        21.6210129653
        1.3304160000         4.6500000000         2.1750025375         1.1022628687        21.8204749380
        1.3354186000         4.6500000000         2.1928688255         0.0075074388        22.2858862075
        1.3404150000         4.6500000000         2.1750025375         0.0151630711        21.8204749380
        1.3455049000         4.6500000000         2.1750025375         0.0840637625        21.8204749380
        1.3504134000         4.6500000000         2.1647932300         0.1759313511        21.5545256410
        1.3554132000         4.6500000000         2.1826595180         0.2652470621        22.0199369106
        1.3604131000         4.6500000000         2.1724502106         0.3520108957        21.7539876137
        1.3654199000         4.6500000000         2.1826595180         0.4387747293        22.0199369106
        1.3704120000         4.6500000000         2.1647932300         0.5204348080        21.5545256410
        1.3758133000         4.6500000000         2.1775548643         0.6071986416        21.8869622622
        1.3804155000         4.6500000000         2.1801071912         0.6939624752        21.9534495864
        1.3854692000         4.6500000000         2.1724502106         0.7807263088        21.7539876137
        1.3904177000         4.6500000000         2.1724502106         0.8725938974        21.7539876137
        1.3954218000         4.6500000000         2.1877641717         0.9491502211        22.1529115591
        1.4004118000         4.6500000000         2.1750025375         1.0461215646        21.8204749380
        1.4054271000         4.6500000000         2.1852118449         1.1277816433        22.0864242349
        1.4104753000         4.6500000000         2.1724502106         1.2068898445        21.7539876137
        1.4154147000         4.6500000000         2.1801071912         1.2885499232        21.9534495864
        1.4204113000         4.6500000000         2.1647932300         1.3676581244        21.5545256410
        1.4254123000         4.6500000000         2.1775548643         1.4518700806        21.8869622622
        1.4304156000         4.6500000000         2.1673455569         1.5335301593        21.6210129653
        1.4354169000         4.6500000000         2.1673455569         1.6228458703        21.6210129653
        1.4404220000         4.6500000000         2.1698978837         1.7070578265        21.6875002895
        1.4454224000         4.6500000000         2.1724502106         1.7861660277        21.7539876137
        1.4504142000         4.6500000000         2.1724502106         1.8703779838        21.7539876137
        1.4554062000         4.6500000000         2.1801071912         1.9596936949        21.9534495864
        1.4604162000         4.6500000000         2.1622409032         2.0362500187        21.4880383168
        1.4654077000         4.6500000000         2.1724502106         2.1179100974        21.7539876137
        1.4704090000         4.6500000000         2.1801071912         2.2072258084        21.9534495864
        1.4754067000         4.6500000000         2.1775548643         2.2837821322        21.8869622622
        1.4804148000         4.6500000000         2.1596885763         2.3730978433        21.4215509926
        1.4854121000         4.6500000000         2.1801071912         2.4624135543        21.9534495864
        1.4904108000         4.6500000000         2.1724502106         2.5389698781        21.7539876137
        1.4954117000         4.6500000000         2.1775548643         2.6282855892        21.8869622622
        1.5007310000         4.6500000000         2.1750025375         2.7099456679        21.8204749380
        1.5055076000         4.6500000000         2.1647932300         2.7941576240        21.5545256410
        1.5105811000         4.6500000000         2.1698978837         2.8732658252        21.6875002895
        1.5154113000         4.6500000000         2.1801071912         2.9600296588        21.9534495864
        1.5204142000         4.6500000000         2.1673455569         3.0365859826        21.6210129653
        1.5254108000         4.6500000000         2.1647932300         3.1207979388        21.5545256410
        1.5304309000         4.6500000000         2.1622409032         3.2024580174        21.4880383168
        1.5354162000         4.6500000000         2.1596885763         3.2866699736        21.4215509926
        1.5404143000         4.6500000000         2.1673455569         3.3683300523        21.6210129653
        1.5454115000         4.6500000000         2.1596885763         3.4525420084        21.4215509926
        1.5504131000         4.6500000000         2.1622409032         3.5444095970        21.4880383168
        1.5554116000         4.6500000000         2.1775548643         3.6260696756        21.8869622622
        1.5604091000         4.6500000000         2.1698978837         3.7102816318        21.6875002895
        1.5654116000         4.6500000000         2.1775548643         3.8021492203        21.8869622622
        1.5704142000         4.6500000000         2.1750025375         3.8863611765        21.8204749380
        1.5754108000         4.6500000000         2.1724502106         3.9680212551        21.7539876137
        1.5806326000         4.6500000000         2.1647932300         4.0471294564        21.5545256410
        1.5854429000         4.6500000000         2.1801071912         4.1262376576        21.9534495864
        1.5904116000         4.6500000000         2.1596885763         4.2053458588        21.4215509926
        1.5954104000         4.6500000000         2.1520315957         4.2895578150        21.2220890199
        1.6004107000         4.6500000000         2.1647932300         4.3763216486        21.5545256410
        1.6054099000         4.6500000000         2.1622409032         4.4630854822        21.4880383168
        1.6104109000         4.6500000000         2.1750025375         4.5498493158        21.8204749380
        1.6154097000         4.6500000000         2.1596885763         4.6417169043        21.4215509926
        1.6204068000         4.6500000000         2.1724502106         4.7310326154        21.7539876137
        1.6254096000         4.6500000000         2.1750025375         4.8229002039        21.8204749380
        1.6304109000         4.6500000000         2.1903164986         4.9096640375        22.2193988833
        1.6354220000         4.6500000000         2.1520315957         4.9887722387        21.2220890199
        1.6404169000         4.6500000000         2.1826595180         5.0117391359        22.0199369106
        1.6454146000         4.6500000000         2.1673455569         1.1175741334        21.6210129653
        1.6504269000         4.6500000000         2.1647932300        -0.0027000711        21.5545256410
        1.6554455000         4.6500000000         2.1698978837         0.0202668261        21.6875002895
        1.6604138000         4.6500000000         2.1673455569         0.1121344146        21.6210129653
        1.6654122000         4.6500000000         2.1647932300         0.1988982482        21.5545256410
        1.6704094000         4.6500000000         2.1903164986         0.2907658367        22.2193988833
        1.6754133000         4.6500000000         2.1698978837         0.3775296703        21.6875002895
        1.6804085000         4.6500000000         2.1852118449         0.4668453814        22.0864242349
        1.6854122000         4.6500000000         2.1673455569         0.5459535826        21.6210129653
        1.6904074000         4.6500000000         2.1724502106         0.6301655388        21.7539876137
        1.6954050000         4.6500000000         2.1673455569         0.7092737400        21.6210129653
        1.7004028000         4.6500000000         2.1852118449         0.8011413285        22.0864242349
        1.7054089000         4.6500000000         2.1698978837         0.8879051621        21.6875002895
        1.7104077000         4.6500000000         2.1801071912         0.9772208732        21.9534495864
        1.7155255000         4.6500000000         2.1724502106         1.0588809519        21.7539876137
        1.7204048000         4.6500000000         2.1775548643         1.1405410306        21.8869622622
        1.7254170000         4.6500000000         2.1724502106         1.2196492318        21.7539876137
        1.7304116000         4.6500000000         2.1698978837         1.3038611879        21.6875002895
        1.7354147000         4.6500000000         2.1622409032         1.3880731441        21.4880383168
        1.7404035000         4.6500000000         2.1698978837         1.4773888552        21.6875002895
        1.7454074000         4.6500000000         2.1801071912         1.5590489338        21.9534495864
        1.7504092000         4.6500000000         2.1647932300         1.6381571351        21.5545256410
        1.7554083000         4.6500000000         2.1673455569         1.7198172138        21.6210129653
        1.7604112000         4.6500000000         2.1622409032         1.8040291699        21.4880383168
        1.7654116000         4.6500000000         2.1698978837         1.8831373711        21.6875002895
        1.7704074000         4.6500000000         2.1852118449         1.9801087146        22.0864242349
        1.7754281000         4.6500000000         2.1724502106         2.0643206707        21.7539876137
        1.7804311000         4.6500000000         2.1647932300         2.1434288720        21.5545256410
        1.7854609000         4.6500000000         2.1775548643         2.2352964605        21.8869622622
        1.7904025000         4.6500000000         2.1647932300         2.3041971519        21.5545256410
        1.7954879000         4.6500000000         2.1647932300         2.3909609855        21.5545256410
        1.8005855000         4.6500000000         2.1647932300         2.4726210642        21.5545256410
        1.8054077000         4.6500000000         2.1596885763         2.5568330203        21.4215509926
        1.8104076000         4.6500000000         2.1698978837         2.6461487314        21.6875002895
        1.8154155000         4.6500000000         2.1826595180         2.7380163199        22.0199369106
        1.8204853000         4.6500000000         2.1622409032         2.8145726437        21.4880383168
        1.8254187000         4.6500000000         2.1673455569         2.8936808449        21.6210129653
        1.8305732000         4.6500000000         2.1775548643         2.9804446785        21.8869622622
        1.8354076000         4.6500000000         2.1750025375         3.0672085121        21.8204749380
        1.8404383000         4.6500000000         2.1647932300         3.1412129584        21.5545256410
        1.8454447000         4.6500000000         2.1520315957         3.2254249146        21.2220890199
        1.8504081000         4.6500000000         2.1775548643         3.3121887482        21.8869622622
        1.8554298000         4.6500000000         2.1622409032         3.3938488269        21.4880383168
        1.8604010000         4.6500000000         2.1852118449         3.4882682929        22.0864242349
        1.8654087000         4.6500000000         2.1698978837         3.5724802490        21.6875002895
        1.8704010000         4.6500000000         2.1673455569         3.6439328179        21.6210129653
        1.8754293000         4.6500000000         2.1903164986         3.7306966515        22.2193988833
        1.8804083000         4.6500000000         2.1750025375         3.8174604851        21.8204749380
        1.8854002000         4.6500000000         2.1673455569         3.9016724412        21.6210129653
        1.8904010000         4.6500000000         2.1673455569         3.9884362748        21.6210129653
        1.8954022000         4.6500000000         2.1750025375         4.0675444760        21.8204749380
        1.9004040000         4.6500000000         2.1724502106         4.1466526773        21.7539876137
        1.9054464000         4.6500000000         2.1673455569         4.2359683883        21.6210129653
        1.9104090000         4.6500000000         2.1724502106         4.3176284670        21.7539876137
        1.9154014000         4.6500000000         2.1698978837         4.4043923006        21.6875002895
        1.9204004000         4.6500000000         2.1775548643         4.4937080117        21.8869622622
        1.9253989000         4.6500000000         2.1673455569         4.5728162129        21.6210129653
        1.9304001000         4.6500000000         2.1801071912         4.6621319240        21.9534495864
        1.9354001000         4.6500000000         2.1520315957         4.7437920027        21.2220890199
        1.9404092000         4.6500000000         2.1596885763         4.8331077137        21.4215509926
        1.9454293000         4.6500000000         2.1698978837         4.9198715474        21.6875002895
        1.9504043000         4.6500000000         2.1724502106         4.9989797486        21.7539876137
        1.9554283000         4.6500000000         2.1673455569         5.0040835035        21.6210129653
        1.9604821000         4.6500000000         2.1724502106         1.1124703785        21.7539876137
        1.9654278000         4.6500000000         2.1801071912        -0.0001481936        21.9534495864
        1.9704656000         4.6500000000         2.1852118449         0.0457856007        22.0864242349
        1.9756363000         4.6500000000         2.1673455569         0.1376531892        21.6210129653
        1.9804373000         4.6500000000         2.1724502106         0.2218651453        21.7539876137
        1.9854427000         4.6500000000         2.1673455569         0.3009733466        21.6210129653
        1.9904395000         4.6500000000         2.1647932300         0.3928409351        21.5545256410
        1.9954213000         4.6500000000         2.1801071912         0.4821566461        21.9534495864
        2.0004098000         4.6500000000         2.1775548643         0.5740242347        21.8869622622
        2.0054002000         4.6500000000         2.1775548643         0.6556843134        21.8869622622
        2.0104178000         4.6500000000         2.1775548643         0.7373443920        21.8869622622
        2.0154050000         4.6500000000         2.1775548643         0.8215563482        21.8869622622
        2.0203966000         4.6500000000         2.1826595180         0.9032164269        22.0199369106
        2.0254049000         4.6500000000         2.1775548643         0.9899802605        21.8869622622
        2.0304502000         4.6500000000         2.1750025375         1.0716403392        21.8204749380
        2.0354057000         4.6500000000         2.1596885763         1.1558522953        21.4215509926
        2.0404029000         4.6500000000         2.1826595180         1.2426161289        22.0199369106
        2.0453982000         4.6500000000         2.1775548643         1.3395874724        21.8869622622
        2.0503981000         4.6500000000         2.1622409032         1.4059362863        21.4880383168
        2.0554053000         4.6500000000         2.1596885763         1.4927001199        21.4215509926
        2.0604022000         4.6500000000         2.1698978837         1.5718083211        21.6875002895
        2.0654098000         4.6500000000         2.1673455569         1.6560202773        21.6210129653
        2.0704007000         4.6500000000         2.1724502106         1.7478878658        21.7539876137
        2.0754045000         4.6500000000         2.1750025375         1.8295479445        21.8204749380
        2.0804033000         4.6500000000         2.1596885763         1.9035523908        21.4215509926
        2.0854018000         4.6500000000         2.1775548643         1.9877643470        21.8869622622
        2.0904762000         4.6500000000         2.1622409032         2.0719763031        21.4880383168
        2.0954022000         4.6500000000         2.1852118449         2.1612920142        22.0864242349
        2.1003966000         4.6500000000         2.1673455569         2.2455039703        21.6210129653
        2.1054024000         4.6500000000         2.1750025375         2.3322678039        21.8204749380
        2.1103953000         4.6500000000         2.1801071912         2.4164797601        21.9534495864
        2.1153976000         4.6500000000         2.1622409032         2.4981398388        21.4880383168
        2.1203950000         4.6500000000         2.1698978837         2.5823517949        21.6875002895
        2.1253955000         4.6500000000         2.1750025375         2.6665637511        21.8204749380
        2.1303959000         4.6500000000         2.1801071912         2.7584313396        21.9534495864
        2.1353971000         4.6500000000         2.1775548643         2.8375395408        21.8869622622
        2.1403959000         4.6500000000         2.1724502106         2.9140958646        21.7539876137
        2.1453950000         4.6500000000         2.1596885763         2.9932040658        21.4215509926
        2.1504011000         4.6500000000         2.1647932300         3.0799678994        21.5545256410
        2.1554087000         4.6500000000         2.1775548643         3.1667317330        21.8869622622
        2.1603964000         4.6500000000         2.1698978837         3.2560474441        21.6875002895
        2.1654047000         4.6500000000         2.1928688255         3.3351556453        22.2858862075
        2.1703947000         4.6500000000         2.1622409032         3.4142638465        21.4880383168
        2.1753964000         4.6500000000         2.1698978837         3.5061314351        21.6875002895
        2.1804007000         4.6500000000         2.1750025375         3.5877915138        21.8204749380
        2.1854047000         4.6500000000         2.1698978837         3.6745553474        21.6875002895
        2.1904000000         4.6500000000         2.1520315957         3.7460079162        21.2220890199
        2.1954779000         4.6500000000         2.1801071912         3.8404273822        21.9534495864
        2.2004022000         4.6500000000         2.1801071912         3.9246393383        21.9534495864
        2.2053979000         4.6500000000         2.1596885763         3.9960919072        21.4215509926
        2.2104094000         4.6500000000         2.1698978837         4.0854076183        21.6875002895
        2.2153981000         4.6500000000         2.1724502106         4.1670676969        21.7539876137
        2.2203967000         4.6500000000         2.1673455569         4.2589352855        21.6210129653
        2.2254017000         4.6500000000         2.1852118449         4.3431472416        22.0864242349
        2.2304012000         4.6500000000         2.1673455569         4.4273591978        21.6210129653
        2.2353979000         4.6500000000         2.1494792689         4.5039155215        21.1556016957
        2.2404108000         4.6500000000         2.1750025375         4.6034387424        21.8204749380
        2.2453997000         4.6500000000         2.1954211523         4.6850988211        22.3523735318
        2.2504072000         4.6500000000         2.1647932300         4.7718626547        21.5545256410
        2.2553984000         4.6500000000         2.1596885763         4.8509708560        21.4215509926
        2.2603984000         4.6500000000         2.1724502106         4.9504940769        21.7539876137
        2.2654033000         4.6500000000         2.1750025375         5.0117391359        21.8204749380
        2.2704071000         4.6500000000         2.1852118449         5.0040835035        22.0864242349
        2.2753981000         4.6500000000         2.1698978837        -0.0001481936        21.6875002895
        2.2804213000         4.6500000000         2.1545839226        -0.0052519485        21.2885763441
        2.2853989000         4.6500000000         2.1750025375         0.0610968654        21.8204749380
        2.2907597000         4.6500000000         2.1647932300         0.1529644539        21.5545256410
        2.2953983000         4.6500000000         2.1801071912         0.2422801650        21.9534495864
        2.3005357000         4.6500000000         2.1724502106         0.3341477535        21.7539876137
        2.3054056000         4.6500000000         2.1750025375         0.4132559548        21.8204749380
        2.3104054000         4.6500000000         2.1673455569         0.4974679109        21.6210129653
        2.3154025000         4.6500000000         2.1775548643         0.5816798670        21.8869622622
        2.3204044000         4.6500000000         2.1954211523         0.6709955781        22.3523735318
        2.3253929000         4.6500000000         2.1698978837         0.7577594117        21.6875002895
        2.3303931000         4.6500000000         2.1750025375         0.8419713679        21.8204749380
        2.3354028000         4.6500000000         2.1724502106         0.9261833240        21.7539876137
        2.3403932000         4.6500000000         2.1750025375         1.0103952802        21.8204749380
        2.3453984000         4.6500000000         2.1698978837         1.1022628687        21.6875002895
        2.3504081000         4.6500000000         2.1775548643         1.1813710699        21.8869622622
        2.3553976000         4.6500000000         2.1698978837         1.2655830261        21.6875002895
        2.3603986000         4.6500000000         2.1750025375         1.3446912273        21.8204749380
        2.3653962000         4.6500000000         2.1596885763         1.4237994285        21.4215509926
        2.3703994000         4.6500000000         2.1750025375         1.5131151396        21.8204749380
        2.3753969000         4.6500000000         2.1724502106         1.6049827281        21.7539876137
        2.3804063000         4.6500000000         2.1647932300         1.6789871744        21.5545256410
        2.3853990000         4.6500000000         2.1903164986         1.7631991306        22.2193988833
        2.3904757000         4.6500000000         2.1647932300         1.8499629642        21.5545256410
        2.3954414000         4.6500000000         2.1673455569         1.9290711654        21.6210129653
        2.4004082000         4.6500000000         2.1724502106         2.0107312441        21.7539876137
        2.4054122000         4.6500000000         2.1801071912         2.1000469552        21.9534495864
        2.4105569000         4.6500000000         2.1673455569         2.1791551564        21.6210129653
        2.4154207000         4.6500000000         2.1647932300         2.2633671125        21.5545256410
        2.4204006000         4.6500000000         2.1673455569         2.3399234363        21.6210129653
        2.4253912000         4.6500000000         2.1698978837         2.4292391474        21.6875002895
        2.4303951000         4.6500000000         2.1673455569         2.5057954711        21.6210129653
        2.4353994000         4.6500000000         2.1571362495         2.5925593047        21.3550636684
        2.4404110000         4.6500000000         2.1571362495         2.6742193834        21.3550636684
        2.4453988000         4.6500000000         2.1698978837         2.7635350945        21.6875002895
        2.4503995000         4.6500000000         2.1801071912         2.8528508056        21.9534495864
        2.4553905000         4.6500000000         2.1852118449         2.9370627617        22.0864242349
        2.4603892000         4.6500000000         2.1622409032         3.0136190855        21.4880383168
        2.4654042000         4.6500000000         2.1673455569         3.0927272867        21.6210129653
        2.4703958000         4.6500000000         2.1673455569         3.1743873654        21.6210129653
        2.4754196000         4.6500000000         2.1724502106         3.2713587088        21.7539876137
        2.4803966000         4.6500000000         2.1698978837         3.3504669101        21.6875002895
        2.4853969000         4.6500000000         2.1724502106         3.4321269888        21.7539876137
        2.4903912000         4.6500000000         2.1545839226         3.5086833125        21.2885763441
        2.4956237000         4.6500000000         2.1698978837         3.5928952687        21.6875002895
        2.5004208000         4.6500000000         2.1698978837         3.6822109797        21.6875002895
        2.5053918000         4.6500000000         2.1647932300         3.7638710584        21.5545256410
        2.5104005000         4.6500000000         2.1775548643         3.8531867695        21.8869622622
        2.5154137000         4.6500000000         2.1673455569         3.9322949707        21.6210129653
        2.5203994000         4.6500000000         2.1724502106         4.0139550494        21.7539876137
        2.5253910000         4.6500000000         2.1801071912         4.1032707605        21.9534495864
        2.5303963000         4.6500000000         2.1673455569         4.1874827166        21.6210129653
        2.5353936000         4.6500000000         2.1596885763         4.2640390404        21.4215509926
        2.5404059000         4.6500000000         2.1724502106         4.3431472416        21.7539876137
        2.5453876000         4.6500000000         2.1545839226         4.4324629527        21.2885763441
        2.5504000000         4.6500000000         2.1750025375         4.5217786637        21.8204749380
        2.5553918000         4.6500000000         2.1647932300         4.6110943748        21.5545256410
        2.5603903000         4.6500000000         2.1724502106         4.7055138408        21.7539876137
        2.5654029000         4.6500000000         2.1750025375         4.7846220420        21.8204749380
        2.5704071000         4.6500000000         2.1673455569         4.8688339982        21.6210129653
        2.5753864000         4.6500000000         2.1545839226         4.9530459543        21.2885763441
        2.5803993000         4.6500000000         2.1724502106         5.0066353810        21.7539876137
        2.5853872000         4.6500000000         2.1877641717         1.1252297658        22.1529115591
        2.5903885000         4.6500000000         2.1571362495        -0.0052519485        21.3550636684
        2.5953961000         4.6500000000         2.1673455569         0.0024036839        21.6210129653
        2.6004038000         4.6500000000         2.1852118449         0.0866156400        22.0864242349
        2.6053924000         4.6500000000         2.1647932300         0.1708275961        21.5545256410
        2.6104002000         4.6500000000         2.1903164986         0.2524876748        22.2193988833
        2.6153853000         4.6500000000         2.1698978837         0.3469071408        21.6875002895
        2.6203979000         4.6500000000         2.1775548643         0.4285672195        21.8869622622
        2.6253848000         4.6500000000         2.1698978837         0.5127791757        21.6875002895
        2.6303876000         4.6500000000         2.1698978837         0.5944392543        21.6875002895
        2.6353858000         4.6500000000         2.1698978837         0.6837549654        21.6875002895
        2.6404511000         4.6500000000         2.1750025375         0.7679669216        21.8204749380
        2.6453861000         4.6500000000         2.1647932300         0.8547307552        21.5545256410
        2.6504140000         4.6500000000         2.1801071912         0.9363908338        21.9534495864
        2.6554028000         4.6500000000         2.1724502106         1.0231546675        21.7539876137
        2.6604093000         4.6500000000         2.1775548643         1.1124703785        21.8869622622
        2.6653915000         4.6500000000         2.1596885763         1.1941304572        21.4215509926
        2.6704096000         4.6500000000         2.1826595180         1.2757905359        22.0199369106
        2.6753867000         4.6500000000         2.1673455569         1.3600024920        21.6210129653
        2.6803979000         4.6500000000         2.1750025375         1.4518700806        21.8204749380
        2.6853857000         4.6500000000         2.1775548643         1.5335301593        21.8869622622
        2.6904050000         4.6500000000         2.1622409032         1.6126383605        21.4880383168
        2.6954023000         4.6500000000         2.1673455569         1.6917465617        21.6210129653
        2.7004009000         4.6500000000         2.1724502106         1.7759585179        21.7539876137
        2.7053859000         4.6500000000         2.1724502106         1.8550667191        21.7539876137
        2.7103992000         4.6500000000         2.1724502106         1.9316230429        21.7539876137
        2.7153846000         4.6500000000         2.1673455569         2.0260425088        21.6210129653
        2.7204399000         4.6500000000         2.1724502106         2.1153582199        21.7539876137
        2.7253957000         4.6500000000         2.1775548643         2.1842589113        21.8869622622
        2.7304003000         4.6500000000         2.1698978837         2.2735746224        21.6875002895
        2.7354053000         4.6500000000         2.1571362495         2.3501309461        21.3550636684
        2.7403991000         4.6500000000         2.1622409032         2.4445504121        21.4880383168
        2.7453914000         4.6500000000         2.1724502106         2.5287623683        21.7539876137
        2.7503955000         4.6500000000         2.1724502106         2.6104224470        21.7539876137
        2.7554082000         4.6500000000         2.1647932300         2.6920825256        21.5545256410
        2.7604106000         4.6500000000         2.1545839226         2.7660869720        21.2885763441
        2.7653958000         4.6500000000         2.1647932300         2.8528508056        21.5545256410
        2.7703836000         4.6500000000         2.1698978837         2.9345108842        21.6875002895
        2.7753853000         4.6500000000         2.1698978837         3.0263784728        21.6875002895
        2.7803998000         4.6500000000         2.1622409032         3.1080385515        21.4880383168
        2.7854028000         4.6500000000         2.1698978837         3.1845948752        21.6875002895
        2.7903885000         4.6500000000         2.1571362495         3.2662549539        21.3550636684
        2.7953846000         4.6500000000         2.1750025375         3.3530187875        21.8204749380
        2.8007911000         4.6500000000         2.1622409032         3.4423344986        21.4880383168
        2.8055040000         4.6500000000         2.1622409032         3.5239945773        21.4880383168
        2.8103988000         4.6500000000         2.1622409032         3.6082065334        21.4880383168
        2.8154001000         4.6500000000         2.1724502106         3.6847628572        21.7539876137
        2.8203941000         4.6500000000         2.1647932300         3.7740785683        21.5545256410
        2.8253996000         4.6500000000         2.1724502106         3.8608424019        21.7539876137
        2.8303832000         4.6500000000         2.1647932300         3.9373987256        21.5545256410
        2.8353938000         4.6500000000         2.1596885763         4.0267144367        21.4215509926
        2.8403980000         4.6500000000         2.1724502106         4.1083745154        21.7539876137
        2.8454066000         4.6500000000         2.1647932300         4.1951383490        21.5545256410
        2.8503889000         4.6500000000         2.1596885763         4.2716946728        21.4215509926
        2.8553999000         4.6500000000         2.1724502106         4.3635622613        21.7539876137
        2.8603872000         4.6500000000         2.1724502106         4.4477742174        21.7539876137
        2.8653976000         4.6500000000         2.1775548643         4.5370899285        21.8869622622
        2.8703887000         4.6500000000         2.1724502106         4.6289575170        21.7539876137
        2.8753897000         4.6500000000         2.1673455569         4.7055138408        21.6210129653
        2.8803994000         4.6500000000         2.1622409032         4.7897257969        21.4880383168
        2.8853884000         4.6500000000         2.1647932300         4.8764896306        21.5545256410
        2.8904013000         4.6500000000         2.1571362495         4.9734609740        21.3550636684
        2.8954252000         4.6500000000         2.1724502106         5.0066353810        21.7539876137
        2.9004319000         4.6500000000         2.1673455569         1.1022628687        21.6210129653
        2.9054218000         4.6500000000         2.1673455569        -0.0052519485        21.6210129653
        2.9104427000         4.6500000000         2.1826595180         0.0100593162        22.0199369106
        2.9154250000         4.6500000000         2.1673455569         0.0917193949        21.6210129653
        2.9203862000         4.6500000000         2.1698978837         0.1759313511        21.6875002895
        2.9254200000         4.6500000000         2.1826595180         0.2703508170        22.0199369106
        2.9304055000         4.6500000000         2.1954211523         0.3545627732        22.3523735318
        2.9353873000         4.6500000000         2.1673455569         0.4387747293        21.6210129653
        2.9404000000         4.6500000000         2.1698978837         0.5255385629        21.6875002895
        2.9454029000         4.6500000000         2.1673455569         0.6071986416        21.6210129653
        2.9503936000         4.6500000000         2.1750025375         0.6914105978        21.8204749380
        2.9554014000         4.6500000000         2.1673455569         0.7781744314        21.6210129653
        2.9603819000         4.6500000000         2.1647932300         0.8572826326        21.5545256410
        2.9653987000         4.6500000000         2.1647932300         0.9491502211        21.5545256410
        2.9704649000         4.6500000000         2.1826595180         1.0359140547        22.0199369106
        2.9754561000         4.6500000000         2.1775548643         1.1201260109        21.8869622622
        2.9804718000         4.6500000000         2.1673455569         1.2043379670        21.6210129653
        2.9854301000         4.6500000000         2.1724502106         1.2834461683        21.7539876137
        2.9904116000         4.6500000000         2.1673455569         1.3676581244        21.6210129653
        2.9953990000         4.6500000000         2.1724502106         1.4493182031        21.7539876137
        3.0004043000         4.6500000000         2.1775548643         1.5360820367        21.8869622622
        3.0053984000         4.6500000000         2.1750025375         1.6279496252        21.8204749380
        3.0104079000         4.6500000000         2.1724502106         1.7019540715        21.7539876137
        3.0154488000         4.6500000000         2.1801071912         1.7912697826        21.9534495864
        3.0204155000         4.6500000000         2.1801071912         1.8729298613        21.9534495864
        3.0253957000         4.6500000000         2.1775548643         1.9520380625        21.8869622622
        3.0304414000         4.6500000000         2.1673455569         2.0285943863        21.6210129653
        3.0353934000         4.6500000000         2.1596885763         2.1128063424        21.4215509926
        3.0403974000         4.6500000000         2.1801071912         2.2123295633        21.9534495864
        3.0453831000         4.6500000000         2.1826595180         2.2914377646        22.0199369106
        3.0503909000         4.6500000000         2.1622409032         2.3730978433        21.4880383168
        3.0553987000         4.6500000000         2.1673455569         2.4496541670        21.6210129653
        3.0604015000         4.6500000000         2.1647932300         2.5364180006        21.5545256410
        3.0653990000         4.6500000000         2.1801071912         2.6282855892        21.9534495864
        3.0704031000         4.6500000000         2.1775548643         2.7048419129        21.8869622622
        3.0753827000         4.6500000000         2.1596885763         2.7839501142        21.4215509926
        3.0803896000         4.6500000000         2.1622409032         2.8732658252        21.4880383168
        3.0853853000         4.6500000000         2.1750025375         2.9625815363        21.8204749380
        3.0903907000         4.6500000000         2.1750025375         3.0365859826        21.8204749380
        3.0953938000         4.6500000000         2.1622409032         3.1182460613        21.4880383168
        3.1004221000         4.6500000000         2.1647932300         3.2075617724        21.5545256410
        3.1053824000         4.6500000000         2.1673455569         3.2866699736        21.6210129653
        3.1104028000         4.6500000000         2.1775548643         3.3810894396        21.8869622622
        3.1153949000         4.6500000000         2.1775548643         3.4653013957        21.8869622622
        3.1203849000         4.6500000000         2.1647932300         3.5444095970        21.5545256410
        3.1253826000         4.6500000000         2.1673455569         3.6235177982        21.6210129653
        3.1304074000         4.6500000000         2.1724502106         3.7102816318        21.7539876137
        3.1353890000         4.6500000000         2.1622409032         3.7868379556        21.4880383168
        3.1403990000         4.6500000000         2.1647932300         3.8684980342        21.5545256410
        3.1453754000         4.6500000000         2.1545839226         3.9552618679        21.2885763441
        3.1503890000         4.6500000000         2.1698978837         4.0420257015        21.6875002895
        3.1554007000         4.6500000000         2.1596885763         4.1160301478        21.4215509926
        3.1604177000         4.6500000000         2.1775548643         4.2104496138        21.8869622622
        3.1653929000         4.6500000000         2.1545839226         4.2921096924        21.2885763441
        3.1703980000         4.6500000000         2.1724502106         4.3763216486        21.7539876137
        3.1753883000         4.6500000000         2.1596885763         4.4554298498        21.4215509926
        3.1803881000         4.6500000000         2.1596885763         4.5421936834        21.4215509926
        3.1853775000         4.6500000000         2.1698978837         4.6366131494        21.6875002895
        3.1903949000         4.6500000000         2.1545839226         4.7157213506        21.2885763441
        3.1953936000         4.6500000000         2.1596885763         4.8024851842        21.4215509926
        3.2004041000         4.6500000000         2.1724502106         4.8943527728        21.7539876137
        3.2053826000         4.6500000000         2.1622409032         4.9811166064        21.4880383168
        3.2104041000         4.6500000000         2.1826595180         5.0066353810        22.0199369106
        3.2153997000         4.6500000000         2.1801071912         1.1073666236        21.9534495864
        3.2203904000         4.6500000000         2.1801071912         0.0075074388        21.9534495864
        3.2253974000         4.6500000000         2.1775548643         0.0202668261        21.8869622622
        3.2303806000         4.6500000000         2.1852118449         0.1146862920        22.0864242349
        3.2353934000         4.6500000000         2.1622409032         0.1988982482        21.4880383168
        3.2404302000         4.6500000000         2.1750025375         0.2831102043        21.8204749380
        3.2454678000         4.6500000000         2.1673455569         0.3673221605        21.6210129653
        3.2503973000         4.6500000000         2.1775548643         0.4464303617        21.8869622622
        3.2553924000         4.6500000000         2.1494792689         0.5331941953        21.1556016957
        3.2603850000         4.6500000000         2.1647932300         0.6174061515        21.5545256410
        3.2653947000         4.6500000000         2.1673455569         0.7016181076        21.6210129653
        3.2704027000         4.6500000000         2.1724502106         0.7909338187        21.7539876137
        3.2753870000         4.6500000000         2.1698978837         0.8802495297        21.6875002895
        3.2804039000         4.6500000000         2.1673455569         0.9568058535        21.6210129653
        3.2853983000         4.6500000000         2.1750025375         1.0512253195        21.8204749380
        3.2903783000         4.6500000000         2.1724502106         1.1303335207        21.7539876137
        3.2953914000         4.6500000000         2.1801071912         1.2196492318        21.9534495864
        3.3004023000         4.6500000000         2.1801071912         1.2987574330        21.9534495864
        3.3053877000         4.6500000000         2.1622409032         1.3804175117        21.4880383168
        3.3103956000         4.6500000000         2.1724502106         1.4620775904        21.7539876137
        3.3153786000         4.6500000000         2.1724502106         1.5513933015        21.7539876137
        3.3204763000         4.6500000000         2.1673455569         1.6279496252        21.6210129653
        3.3253978000         4.6500000000         2.1750025375         1.7172653363        21.8204749380
        3.3304012000         4.6500000000         2.1750025375         1.7989254150        21.8204749380
        3.3353949000         4.6500000000         2.1622409032         1.8805854937        21.4880383168
        3.3406126000         4.6500000000         2.1801071912         1.9699012047        21.9534495864
        3.3454810000         4.6500000000         2.1724502106         2.0566650383        21.7539876137
        3.3503856000         4.6500000000         2.1775548643         2.1383251170        21.8869622622
        3.3554493000         4.6500000000         2.1698978837         2.2148814408        21.6875002895
        3.3603842000         4.6500000000         2.1596885763         2.2990933970        21.4215509926
        3.3654090000         4.6500000000         2.1877641717         2.3858572306        22.1529115591
        3.3704398000         4.6500000000         2.1673455569         2.4624135543        21.6210129653
        3.3754019000         4.6500000000         2.1622409032         2.5440736330        21.4880383168
        3.3803964000         4.6500000000         2.1494792689         2.6282855892        21.1556016957
        3.3853753000         4.6500000000         2.1724502106         2.7124975453        21.7539876137
        3.3903782000         4.6500000000         2.1596885763         2.8018132564        21.4215509926
        3.3954196000         4.6500000000         2.1622409032         2.8834733351        21.4880383168
        3.4003945000         4.6500000000         2.1698978837         2.9651334138        21.6875002895
        3.4054063000         4.6500000000         2.1750025375         3.0570010023        21.8204749380
        3.4103897000         4.6500000000         2.1750025375         3.1386610810        21.8204749380
        3.4153949000         4.6500000000         2.1750025375         3.2228730371        21.8204749380
        3.4203884000         4.6500000000         2.1647932300         3.3019812383        21.5545256410
        3.4253946000         4.6500000000         2.1673455569         3.3836413170        21.6210129653
        3.4303992000         4.6500000000         2.1903164986         3.4678532732        22.2193988833
        3.4353927000         4.6500000000         2.1622409032         3.5495133519        21.4880383168
        3.4403955000         4.6500000000         2.1622409032         3.6311734306        21.4880383168
        3.4453983000         4.6500000000         2.1596885763         3.7179372642        21.4215509926
        3.4503841000         4.6500000000         2.1775548643         3.8021492203        21.8869622622
        3.4553976000         4.6500000000         2.1698978837         3.8838092990        21.6875002895
        3.4603787000         4.6500000000         2.1571362495         3.9731250101        21.3550636684
        3.4653813000         4.6500000000         2.1724502106         4.0547850888        21.7539876137
        3.4703931000         4.6500000000         2.1724502106         4.1364451674        21.7539876137
        3.4753756000         4.6500000000         2.1698978837         4.2155533687        21.6875002895
        3.4803935000         4.6500000000         2.1750025375         4.3074209572        21.8204749380
        3.4853926000         4.6500000000         2.1596885763         4.3814254035        21.4215509926
        3.4904054000         4.6500000000         2.1571362495         4.4630854822        21.3550636684
        3.4953876000         4.6500000000         2.1698978837         4.5600568256        21.6875002895
        3.5004009000         4.6500000000         2.1775548643         4.6442687818        21.8869622622
        3.5053880000         4.6500000000         2.1545839226         4.7259288605        21.2885763441
        3.5104115000         4.6500000000         2.1801071912         4.8203483265        21.9534495864
        3.5153979000         4.6500000000         2.1673455569         4.9020084051        21.6210129653
        3.5203838000         4.6500000000         2.1647932300         4.9964278711        21.5545256410
        3.5253897000         4.6500000000         2.1750025375         5.0066353810        21.8204749380
        3.5304759000         4.6500000000         2.1724502106         1.1099185011        21.7539876137
        3.5354146000         4.6500000000         2.1596885763        -0.0001481936        21.4215509926
        3.5404172000         4.6500000000         2.1801071912         0.0279224584        21.9534495864
        3.5453785000         4.6500000000         2.1724502106         0.1044787822        21.7539876137
        3.5503876000         4.6500000000         2.1750025375         0.2040020031        21.8204749380
        3.5554140000         4.6500000000         2.1750025375         0.2958695916        21.8204749380
        3.5603749000         4.6500000000         2.1647932300         0.3775296703        21.5545256410
        3.5653969000         4.6500000000         2.1852118449         0.4668453814        22.0864242349
        3.5703988000         4.6500000000         2.1826595180         0.5536092150        22.0199369106
        3.5753854000         4.6500000000         2.1698978837         0.6352692937        21.6875002895
        3.5803874000         4.6500000000         2.1750025375         0.7194812498        21.8204749380
        3.5853754000         4.6500000000         2.1647932300         0.7985894511        21.5545256410
        3.5903868000         4.6500000000         2.1673455569         0.8828014072        21.6210129653
        3.5953857000         4.6500000000         2.1750025375         0.9670133634        21.8204749380
        3.6003950000         4.6500000000         2.1698978837         1.0614328293        21.6875002895
        3.6054081000         4.6500000000         2.1775548643         1.1533004179        21.8869622622
        3.6103921000         4.6500000000         2.1775548643         1.2273048642        21.8869622622
        3.6153954000         4.6500000000         2.1877641717         1.3115168203        22.1529115591
        3.6205206000         4.6500000000         2.1775548643         1.4008325314        21.8869622622
        3.6254225000         4.6500000000         2.1698978837         1.4824926101        21.6875002895
        3.6304036000         4.6500000000         2.1724502106         1.5616008113        21.7539876137
        3.6354294000         4.6500000000         2.1724502106         1.6483646449        21.7539876137
        3.6403958000         4.6500000000         2.1775548643         1.7198172138        21.8869622622
        3.6453953000         4.6500000000         2.1801071912         1.8116848023        21.9534495864
        3.6503841000         4.6500000000         2.1673455569         1.8831373711        21.6210129653
        3.6554280000         4.6500000000         2.1724502106         1.9750049597        21.7539876137
        3.6603951000         4.6500000000         2.1775548643         2.0592169158        21.8869622622
        3.6653846000         4.6500000000         2.1750025375         2.1459807494        21.8204749380
        3.6703872000         4.6500000000         2.1698978837         2.2378483379        21.6875002895
        3.6753845000         4.6500000000         2.1775548643         2.3118527843        21.8869622622
        3.6803820000         4.6500000000         2.1698978837         2.3986166179        21.6875002895
        3.6853950000         4.6500000000         2.1801071912         2.4828285740        21.9534495864
        3.6904092000         4.6500000000         2.1647932300         2.5721442851        21.5545256410
        3.6954080000         4.6500000000         2.1698978837         2.6487006088        21.6875002895
        3.7003977000         4.6500000000         2.1698978837         2.7354644424        21.6875002895
        3.7053840000         4.6500000000         2.1724502106         2.8171245211        21.7539876137
        3.7103825000         4.6500000000         2.1750025375         2.8987845998        21.8204749380
        3.7154010000         4.6500000000         2.1750025375         2.9829965560        21.8204749380
        3.7203984000         4.6500000000         2.1801071912         3.0672085121        21.9534495864
        3.7253907000         4.6500000000         2.1826595180         3.1565242232        22.0199369106
        3.7303993000         4.6500000000         2.1724502106         3.2330805470        21.7539876137
        3.7353835000         4.6500000000         2.1647932300         3.3223962580        21.5545256410
        3.7403863000         4.6500000000         2.1545839226         3.3938488269        21.2885763441
        3.7454706000         4.6500000000         2.1622409032         3.4755089056        21.4880383168
        3.7504116000         4.6500000000         2.1775548643         3.5673764941        21.8869622622
        3.7553879000         4.6500000000         2.1571362495         3.6439328179        21.3550636684
        3.7603824000         4.6500000000         2.1596885763         3.7332485289        21.4215509926
        3.7653920000         4.6500000000         2.1622409032         3.8123567301        21.4880383168
        3.7703943000         4.6500000000         2.1622409032         3.8940168088        21.4880383168
        3.7754035000         4.6500000000         2.1698978837         3.9782287650        21.6875002895
        3.7804173000         4.6500000000         2.1622409032         4.0675444760        21.4880383168
        3.7853961000         4.6500000000         2.1750025375         4.1543083097        21.8204749380
        3.7903778000         4.6500000000         2.1545839226         4.2359683883        21.2885763441
        3.7953942000         4.6500000000         2.1826595180         4.3201803445        22.0199369106
        3.8003984000         4.6500000000         2.1673455569         4.4120479330        21.6210129653
        3.8054034000         4.6500000000         2.1724502106         4.4962598892        21.7539876137
        3.8103940000         4.6500000000         2.1724502106         4.5830237228        21.7539876137
        3.8154093000         4.6500000000         2.1801071912         4.6697875564        21.9534495864
        3.8203991000         4.6500000000         2.1673455569         4.7539995125        21.6210129653
        3.8253875000         4.6500000000         2.1698978837         4.8356595912        21.6875002895
        3.8303923000         4.6500000000         2.1801071912         4.9351828121        21.9534495864
        3.8353822000         4.6500000000         2.1571362495         5.0066353810        21.3550636684
        3.8403872000         4.6500000000         2.1877641717         5.0117391359        22.1529115591
        3.8454475000         4.6500000000         2.1673455569         1.1073666236        21.6210129653
        3.8503873000         4.6500000000         2.1775548643         0.0075074388        21.8869622622
        3.8553894000         4.6500000000         2.1698978837         0.0457856007        21.6875002895
        3.8603992000         4.6500000000         2.1673455569         0.1325494343        21.6210129653
        3.8653787000         4.6500000000         2.1801071912         0.2218651453        21.9534495864
        3.8703975000         4.6500000000         2.1724502106         0.3111808564        21.7539876137
        3.8753737000         4.6500000000         2.1724502106         0.3979446900        21.7539876137
        3.8803933000         4.6500000000         2.1724502106         0.4821566461        21.7539876137
        3.8853944000         4.6500000000         2.1750025375         0.5689204797        21.8204749380
        3.8903983000         4.6500000000         2.1673455569         0.6480286810        21.6210129653
        3.8953886000         4.6500000000         2.1724502106         0.7475519019        21.7539876137
        3.9004058000         4.6500000000         2.1826595180         0.8292119806        22.0199369106
        3.9054062000         4.6500000000         2.1698978837         0.9083201818        21.6875002895
        3.9104155000         4.6500000000         2.1852118449         0.9950840154        22.0864242349
        3.9153947000         4.6500000000         2.1724502106         1.0792959716        21.7539876137
        3.9203860000         4.6500000000         2.1698978837         1.1635079277        21.6875002895
        3.9253839000         4.6500000000         2.1724502106         1.2400642515        21.7539876137
        3.9303971000         4.6500000000         2.1750025375         1.3268280851        21.8204749380
        3.9353840000         4.6500000000         2.1698978837         1.4135919187        21.6875002895
        3.9403909000         4.6500000000         2.1826595180         1.5054595072        22.0199369106
        3.9453946000         4.6500000000         2.1673455569         1.5820158310        21.6210129653
        3.9504088000         4.6500000000         2.1724502106         1.6662277871        21.7539876137
        3.9553954000         4.6500000000         2.1775548643         1.7402322334        21.8869622622
        3.9603927000         4.6500000000         2.1775548643         1.8295479445        21.8869622622
        3.9653995000         4.6500000000         2.1647932300         1.9137599006        21.5545256410
        3.9703996000         4.6500000000         2.1801071912         2.0030756117        21.9534495864
        3.9754327000         4.6500000000         2.1826595180         2.0796319355        22.0199369106
        3.9803903000         4.6500000000         2.1750025375         2.1612920142        21.8204749380
        3.9853955000         4.6500000000         2.1698978837         2.2429520929        21.6875002895
        3.9904021000         4.6500000000         2.1750025375         2.3399234363        21.8204749380
        3.9954636000         4.6500000000         2.1826595180         2.4266872699        22.0199369106
        4.0004006000         4.6500000000         2.1775548643         2.5032435937        21.8869622622
