% Sweep Step 97/200  Vcmd=2.9900V  CW 
% Vg_offset=1.337354V  K_gimbal=26.049690

Time[s]              Vcmd[V]              Vg_raw[V]            Pot[V]             Omega[rad/s]
        0.0017540000         2.9900000000         1.3352870017         1.7427841109        -0.0538547326
        0.0053661000         2.9900000000         1.3403916554         1.7453359884         0.0791199158
        0.0104000000         2.9900000000         1.3378393285         1.7427841109         0.0126325916
        0.0154269000         2.9900000000         1.3480486360         1.7427841109         0.2785818885
        0.0205038000         2.9900000000         1.3352870017         1.7402322334        -0.0538547326
        0.0254207000         2.9900000000         1.3403916554         1.7453359884         0.0791199158
        0.0303869000         2.9900000000         1.4373800759         1.7504397433         2.6056382364
        0.0354457000         2.9900000000         1.4144091342         1.7504397433         2.0072523184
        0.0405702000         2.9900000000         1.3990951731         1.7555434982         1.6083283730
        0.0454245000         2.9900000000         1.4322754222         1.7785103953         2.4726635880
        0.0503977000         2.9900000000         1.4526940371         1.7836141502         3.0045621818
        0.0554807000         2.9900000000         1.4271707685         1.7861660277         2.3396889395
        0.0603857000         2.9900000000         1.4348277491         1.7912697826         2.5391509122
        0.0653984000         2.9900000000         1.4322754222         1.8014772924         2.4726635880
        0.0703807000         2.9900000000         1.4399324028         1.8167885572         2.6721255607
        0.0753928000         2.9900000000         1.4450370565         1.8269960670         2.8051002091
        0.0804021000         2.9900000000         1.4450370565         1.8372035769         2.8051002091
        0.0853868000         2.9900000000         1.4603510177         1.8550667191         3.2040241545
        0.0903962000         2.9900000000         1.4577986908         1.8703779838         3.1375368303
        0.0954236000         2.9900000000         1.4475893834         1.8678261064         2.8715875334
        0.1003916000         2.9900000000         1.4450370565         1.8780336162         2.8051002091
        0.1053930000         2.9900000000         1.4577986908         1.8958967584         3.1375368303
        0.1104020000         2.9900000000         1.4577986908         1.9086561457         3.1375368303
        0.1154961000         2.9900000000         1.4526940371         1.9163117781         3.0045621818
        0.1204225000         2.9900000000         1.4654556714         1.9341749203         3.3369988029
        0.1254932000         2.9900000000         1.4577986908         1.9443824302         3.1375368303
        0.1304055000         2.9900000000         1.4603510177         1.9520380625         3.2040241545
        0.1355147000         2.9900000000         1.4629033445         1.9647974498         3.2705114787
        0.1404293000         2.9900000000         1.4705603251         1.9852124695         3.4699734514
        0.1453886000         2.9900000000         1.4705603251         1.9979718568         3.4699734514
        0.1504331000         2.9900000000         1.4552463639         2.0107312441         3.0710495060
        0.1554040000         2.9900000000         1.4731126519         2.0209387539         3.5364607756
        0.1603905000         2.9900000000         1.4680079982         2.0336981412         3.4034861272
        0.1653959000         2.9900000000         1.4654556714         2.0464575285         3.3369988029
        0.1704073000         2.9900000000         1.4756649788         2.0566650383         3.6029480998
        0.1753875000         2.9900000000         1.4680079982         2.0719763031         3.4034861272
        0.1803955000         2.9900000000         1.4680079982         2.0796319355         3.4034861272
        0.1853792000         2.9900000000         1.4705603251         2.0974950777         3.4699734514
        0.1904073000         2.9900000000         1.4705603251         2.1051507101         3.4699734514
        0.1953982000         2.9900000000         1.4756649788         2.1281176072         3.6029480998
        0.2003799000         2.9900000000         1.4884266131         2.1408769945         3.9353847210
        0.2053872000         2.9900000000         1.4807696325         2.1612920142         3.7359227483
        0.2103789000         2.9900000000         1.4782173056         2.1689476465         3.6694354241
        0.2154059000         2.9900000000         1.4807696325         2.1842589113         3.7359227483
        0.2204172000         2.9900000000         1.4577986908         2.1995701761         3.1375368303
        0.2254062000         2.9900000000         1.4909789399         2.2123295633         4.0018720452
        0.2305408000         2.9900000000         1.4782173056         2.2301927056         3.6694354241
        0.2353850000         2.9900000000         1.4731126519         2.2378483379         3.5364607756
        0.2404023000         2.9900000000         1.4833219594         2.2531596027         3.8024100725
        0.2453838000         2.9900000000         1.4833219594         2.2735746224         3.8024100725
        0.2504009000         2.9900000000         1.4807696325         2.2863340097         3.7359227483
        0.2554029000         2.9900000000         1.4833219594         2.3016452744         3.8024100725
        0.2604114000         2.9900000000         1.4807696325         2.3169565392         3.7359227483
        0.2653988000         2.9900000000         1.4909789399         2.3399234363         4.0018720452
        0.2704068000         2.9900000000         1.5011882474         2.3526828236         4.2678213421
        0.2753889000         2.9900000000         1.4909789399         2.3603384560         4.0018720452
        0.2804051000         2.9900000000         1.4833219594         2.3756497207         3.8024100725
        0.2854119000         2.9900000000         1.4858742862         2.3909609855         3.8688973968
        0.2903943000         2.9900000000         1.4858742862         2.4037203728         3.8688973968
        0.2953937000         2.9900000000         1.4756649788         2.4215835150         3.6029480998
        0.3003877000         2.9900000000         1.4782173056         2.4292391474         3.6694354241
        0.3053877000         2.9900000000         1.4782173056         2.4445504121         3.6694354241
        0.3103999000         2.9900000000         1.4833219594         2.4675173092         3.8024100725
        0.3153873000         2.9900000000         1.4884266131         2.4777248191         3.9353847210
        0.3203949000         2.9900000000         1.4833219594         2.4955879613         3.8024100725
        0.3253757000         2.9900000000         1.4909789399         2.5108992261         4.0018720452
        0.3303993000         2.9900000000         1.4705603251         2.5160029810         3.4699734514
        0.3353924000         2.9900000000         1.4833219594         2.5313142457         3.8024100725
        0.3404040000         2.9900000000         1.4782173056         2.5491773879         3.6694354241
        0.3453970000         2.9900000000         1.4909789399         2.5619367752         4.0018720452
        0.3504292000         2.9900000000         1.4807696325         2.5823517949         3.7359227483
        0.3554069000         2.9900000000         1.4858742862         2.5976630597         3.8688973968
        0.3604017000         2.9900000000         1.4858742862         2.6129743244         3.8688973968
        0.3653934000         2.9900000000         1.4960835936         2.6282855892         4.1348466937
        0.3703840000         2.9900000000         1.4807696325         2.6384930990         3.7359227483
        0.3753918000         2.9900000000         1.4884266131         2.6563562412         3.9353847210
        0.3804027000         2.9900000000         1.4731126519         2.6665637511         3.5364607756
        0.3854076000         2.9900000000         1.4858742862         2.6818750158         3.8688973968
        0.3903837000         2.9900000000         1.4782173056         2.6971862806         3.6694354241
        0.3954064000         2.9900000000         1.4884266131         2.7124975453         3.9353847210
        0.4004084000         2.9900000000         1.4807696325         2.7354644424         3.7359227483
        0.4054160000         2.9900000000         1.4884266131         2.7507757072         3.9353847210
        0.4104058000         2.9900000000         1.4782173056         2.7584313396         3.6694354241
        0.4154276000         2.9900000000         1.4960835936         2.7762944818         4.1348466937
        0.4204214000         2.9900000000         1.5139498816         2.7890538691         4.6002579632
        0.4255639000         2.9900000000         1.4909789399         2.8120207662         4.0018720452
        0.4303852000         2.9900000000         1.4884266131         2.8298839084         3.9353847210
        0.4354821000         2.9900000000         1.4960835936         2.8426432957         4.1348466937
        0.4403944000         2.9900000000         1.4858742862         2.8630583154         3.8688973968
        0.4455426000         2.9900000000         1.5062929011         2.8809214576         4.4007959906
        0.4504133000         2.9900000000         1.4935312668         2.8936808449         4.0683593694
        0.4557823000         2.9900000000         1.5062929011         2.9089921097         4.4007959906
        0.4603869000         2.9900000000         1.4909789399         2.9191996195         4.0018720452
        0.4654211000         2.9900000000         1.5088452279         2.9421665166         4.4672833148
        0.4704228000         2.9900000000         1.4960835936         2.9549259039         4.1348466937
        0.4754146000         2.9900000000         1.4935312668         2.9702371687         4.0683593694
        0.4804176000         2.9900000000         1.4960835936         2.9829965560         4.1348466937
        0.4854073000         2.9900000000         1.4935312668         2.9932040658         4.0683593694
        0.4903884000         2.9900000000         1.5165022085         3.0212747179         4.6667452875
        0.4953963000         2.9900000000         1.4909789399         3.0365859826         4.0018720452
        0.5004080000         2.9900000000         1.5062929011         3.0518972474         4.4007959906
        0.5053956000         2.9900000000         1.4935312668         3.0621047572         4.0683593694
        0.5104182000         2.9900000000         1.5139498816         3.0876235318         4.6002579632
        0.5154071000         2.9900000000         1.5011882474         3.0978310416         4.2678213421
        0.5203962000         2.9900000000         1.4833219594         3.1080385515         3.8024100725
        0.5254056000         2.9900000000         1.4960835936         3.1259016937         4.1348466937
        0.5304062000         2.9900000000         1.4909789399         3.1386610810         4.0018720452
        0.5353916000         2.9900000000         1.5062929011         3.1616279781         4.4007959906
        0.5404994000         2.9900000000         1.4884266131         3.1769392429         3.9353847210
        0.5454067000         2.9900000000         1.4960835936         3.1896986301         4.1348466937
        0.5503951000         2.9900000000         1.4986359205         3.2152174047         4.2013340179
        0.5554008000         2.9900000000         1.5113975548         3.2305286695         4.5337706390
        0.5603883000         2.9900000000         1.4884266131         3.2381843019         3.9353847210
        0.5653887000         2.9900000000         1.4986359205         3.2509436892         4.2013340179
        0.5704006000         2.9900000000         1.4858742862         3.2713587088         3.8688973968
        0.5753858000         2.9900000000         1.5037405742         3.2917737285         4.3343086663
        0.5803988000         2.9900000000         1.4960835936         3.3096368707         4.1348466937
        0.5853995000         2.9900000000         1.4833219594         3.3249481355         3.8024100725
        0.5903820000         2.9900000000         1.4935312668         3.3377075228         4.0683593694
        0.5954206000         2.9900000000         1.4884266131         3.3504669101         3.9353847210
        0.6004078000         2.9900000000         1.4960835936         3.3683300523         4.1348466937
        0.6053947000         2.9900000000         1.4858742862         3.3785375621         3.8688973968
        0.6103983000         2.9900000000         1.4884266131         3.3912969494         3.9353847210
        0.6154726000         2.9900000000         1.4858742862         3.4091600916         3.8688973968
        0.6204083000         2.9900000000         1.4833219594         3.4219194789         3.8024100725
        0.6254561000         2.9900000000         1.4935312668         3.4474382535         4.0683593694
        0.6303894000         2.9900000000         1.4909789399         3.4601976408         4.0018720452
        0.6353855000         2.9900000000         1.4807696325         3.4704051506         3.7359227483
        0.6403708000         2.9900000000         1.4884266131         3.4831645379         3.9353847210
        0.6453839000         2.9900000000         1.4680079982         3.4959239252         3.4034861272
        0.6503918000         2.9900000000         1.4960835936         3.5188908224         4.1348466937
        0.6553947000         2.9900000000         1.4807696325         3.5393058420         3.7359227483
        0.6603874000         2.9900000000         1.4858742862         3.5495133519         3.8688973968
        0.6653886000         2.9900000000         1.4858742862         3.5724802490         3.8688973968
        0.6703838000         2.9900000000         1.4833219594         3.5750321265         3.8024100725
        0.6753781000         2.9900000000         1.4782173056         3.5877915138         3.6694354241
        0.6803980000         2.9900000000         1.4884266131         3.6056546560         3.9353847210
        0.6853939000         2.9900000000         1.4731126519         3.6184140433         3.5364607756
        0.6903818000         2.9900000000         1.4833219594         3.6286215531         3.8024100725
        0.6953939000         2.9900000000         1.4705603251         3.6464846953         3.4699734514
        0.7003752000         2.9900000000         1.4858742862         3.6668997150         3.8688973968
        0.7053847000         2.9900000000         1.4731126519         3.6796591023         3.5364607756
        0.7103910000         2.9900000000         1.4782173056         3.6898666121         3.6694354241
        0.7154043000         2.9900000000         1.4680079982         3.7026259994         3.4034861272
        0.7204228000         2.9900000000         1.4884266131         3.7255928965         3.9353847210
        0.7254028000         2.9900000000         1.4807696325         3.7409041613         3.7359227483
        0.7304058000         2.9900000000         1.4782173056         3.7511116711         3.6694354241
        0.7353896000         2.9900000000         1.4833219594         3.7715266908         3.8024100725
        0.7406005000         2.9900000000         1.4833219594         3.7893898330         3.8024100725
        0.7454050000         2.9900000000         1.4731126519         3.8021492203         3.5364607756
        0.7503913000         2.9900000000         1.4858742862         3.8098048527         3.8688973968
        0.7553794000         2.9900000000         1.4629033445         3.8200123625         3.2705114787
        0.7604016000         2.9900000000         1.4833219594         3.8378755047         3.8024100725
        0.7653896000         2.9900000000         1.4705603251         3.8480830146         3.4699734514
        0.7706501000         2.9900000000         1.4858742862         3.8710499117         3.8688973968
        0.7753793000         2.9900000000         1.4731126519         3.8812574215         3.5364607756
        0.7804149000         2.9900000000         1.4807696325         3.8940168088         3.7359227483
        0.7853794000         2.9900000000         1.4705603251         3.9067761961         3.4699734514
        0.7903889000         2.9900000000         1.4705603251         3.9220874609         3.4699734514
        0.7953962000         2.9900000000         1.4858742862         3.9348468482         3.8688973968
        0.8005028000         2.9900000000         1.4680079982         3.9476062355         3.4034861272
        0.8054079000         2.9900000000         1.4705603251         3.9578137453         3.4699734514
        0.8103990000         2.9900000000         1.4705603251         3.9782287650         3.4699734514
        0.8154041000         2.9900000000         1.4807696325         3.9986437847         3.7359227483
        0.8203841000         2.9900000000         1.4731126519         4.0062994170         3.5364607756
        0.8254015000         2.9900000000         1.4731126519         4.0190588043         3.5364607756
        0.8308004000         2.9900000000         1.4705603251         4.0292663142         3.4699734514
        0.8353906000         2.9900000000         1.4782173056         4.0394738240         3.6694354241
        0.8404199000         2.9900000000         1.4680079982         4.0598888437         3.4034861272
        0.8454641000         2.9900000000         1.4680079982         4.0675444760         3.4034861272
        0.8504181000         2.9900000000         1.4705603251         4.0803038633         3.4699734514
        0.8553956000         2.9900000000         1.4731126519         4.0981670056         3.5364607756
        0.8603751000         2.9900000000         1.4782173056         4.1160301478         3.6694354241
        0.8653882000         2.9900000000         1.4680079982         4.1211339027         3.4034861272
        0.8703726000         2.9900000000         1.4858742862         4.1364451674         3.8688973968
        0.8753909000         2.9900000000         1.4654556714         4.1568601871         3.3369988029
        0.8803758000         2.9900000000         1.4833219594         4.1670676969         3.8024100725
        0.8854004000         2.9900000000         1.4705603251         4.1849308392         3.4699734514
        0.8904015000         2.9900000000         1.4756649788         4.1951383490         3.6029480998
        0.8953871000         2.9900000000         1.4654556714         4.2078977363         3.3369988029
        0.9003831000         2.9900000000         1.4782173056         4.2206571236         3.6694354241
        0.9054079000         2.9900000000         1.4756649788         4.2461758982         3.6029480998
        0.9104084000         2.9900000000         1.4807696325         4.2512796531         3.7359227483
        0.9154000000         2.9900000000         1.4756649788         4.2640390404         3.6029480998
        0.9204083000         2.9900000000         1.4782173056         4.2767984277         3.6694354241
        0.9253938000         2.9900000000         1.4731126519         4.2972134474         3.5364607756
        0.9303769000         2.9900000000         1.4705603251         4.3099728347         3.4699734514
        0.9354011000         2.9900000000         1.4782173056         4.3201803445         3.6694354241
        0.9403964000         2.9900000000         1.4782173056         4.3431472416         3.6694354241
        0.9453968000         2.9900000000         1.4833219594         4.3584585064         3.8024100725
        0.9503853000         2.9900000000         1.4858742862         4.3788735260         3.8688973968
        0.9554276000         2.9900000000         1.4756649788         4.3839772810         3.6029480998
        0.9603808000         2.9900000000         1.4680079982         4.3967366683         3.4034861272
        0.9653922000         2.9900000000         1.4909789399         4.4043923006         4.0018720452
        0.9705094000         2.9900000000         1.4680079982         4.4248073203         3.4034861272
        0.9754062000         2.9900000000         1.4884266131         4.4452223400         3.9353847210
        0.9804070000         2.9900000000         1.4782173056         4.4605336047         3.6694354241
        0.9853908000         2.9900000000         1.4884266131         4.4732929920         3.9353847210
        0.9903853000         2.9900000000         1.4680079982         4.4783967469         3.4034861272
        0.9954244000         2.9900000000         1.4884266131         4.4962598892         3.9353847210
        1.0003922000         2.9900000000         1.4680079982         4.5141230314         3.4034861272
        1.0054731000         2.9900000000         1.4884266131         4.5243305412         3.9353847210
        1.0104174000         2.9900000000         1.4654556714         4.5370899285         3.3369988029
        1.0154098000         2.9900000000         1.4909789399         4.5677124580         4.0018720452
        1.0203861000         2.9900000000         1.4756649788         4.5702643355         3.6029480998
        1.0253884000         2.9900000000         1.4833219594         4.5906793551         3.8024100725
        1.0304039000         2.9900000000         1.4807696325         4.6110943748         3.7359227483
        1.0354174000         2.9900000000         1.4858742862         4.6213018847         3.8688973968
        1.0403946000         2.9900000000         1.4884266131         4.6391650269         3.9353847210
        1.0453938000         2.9900000000         1.4909789399         4.6519244142         4.0018720452
        1.0503853000         2.9900000000         1.4858742862         4.6697875564         3.8688973968
        1.0553932000         2.9900000000         1.5062929011         4.6799950662         4.4007959906
        1.0604275000         2.9900000000         1.5037405742         4.6953063310         4.3343086663
        1.0654065000         2.9900000000         1.5190545354         4.7157213506         4.7332326117
        1.0703906000         2.9900000000         1.4833219594         4.7310326154         3.8024100725
        1.0753770000         2.9900000000         1.4909789399         4.7463438801         4.0018720452
        1.0803864000         2.9900000000         1.4782173056         4.7565513900         3.6694354241
        1.0853982000         2.9900000000         1.4603510177         4.7667588998         3.2040241545
        1.0904025000         2.9900000000         1.4909789399         4.7871739195         4.0018720452
        1.0954126000         2.9900000000         1.4756649788         4.8024851842         3.6029480998
        1.1004049000         2.9900000000         1.4960835936         4.8229002039         4.1348466937
        1.1054034000         2.9900000000         1.4782173056         4.8331077137         3.6694354241
        1.1103963000         2.9900000000         1.4833219594         4.8509708560         3.8024100725
        1.1153931000         2.9900000000         1.4807696325         4.8586264883         3.7359227483
        1.1204004000         2.9900000000         1.4909789399         4.8790415080         4.0018720452
        1.1253888000         2.9900000000         1.4909789399         4.8918008953         4.0018720452
        1.1304033000         2.9900000000         1.4986359205         4.9173196699         4.2013340179
        1.1353837000         2.9900000000         1.4782173056         4.9249753023         3.6694354241
        1.1403950000         2.9900000000         1.5037405742         4.9504940769         4.3343086663
        1.1453717000         2.9900000000         1.4935312668         4.9658053416         4.0683593694
        1.1503831000         2.9900000000         1.4705603251         4.9734609740         3.4699734514
        1.1553873000         2.9900000000         1.4807696325         4.9836684838         3.7359227483
        1.1603983000         2.9900000000         1.4858742862         5.0040835035         3.8688973968
        1.1653816000         2.9900000000         1.4909789399         5.0091872584         4.0018720452
        1.1703887000         2.9900000000         1.5011882474         5.0117391359         4.2678213421
        1.1754035000         2.9900000000         1.4807696325         5.0066353810         3.7359227483
        1.1804064000         2.9900000000         1.4858742862         5.0015316260         3.8688973968
        1.1853869000         2.9900000000         1.4833219594         5.0015316260         3.8024100725
        1.1903952000         2.9900000000         1.4909789399         4.9989797486         4.0018720452
        1.1954065000         2.9900000000         1.4909789399         5.0091872584         4.0018720452
        1.2003977000         2.9900000000         1.5190545354         4.9836684838         4.7332326117
        1.2053978000         2.9900000000         1.4884266131         1.1150222560         3.9353847210
        1.2103924000         2.9900000000         1.5011882474         1.1073666236         4.2678213421
        1.2153935000         2.9900000000         1.4909789399         1.1022628687         4.0018720452
        1.2204068000         2.9900000000         1.4756649788         0.0024036839         3.6029480998
        1.2253975000         2.9900000000         1.4858742862        -0.0052519485         3.8688973968
        1.2304007000         2.9900000000         1.4909789399         0.0024036839         4.0018720452
        1.2353872000         2.9900000000         1.4960835936         0.0024036839         4.1348466937
        1.2403852000         2.9900000000         1.5037405742         0.0075074388         4.3343086663
        1.2453955000         2.9900000000         1.4960835936         0.0024036839         4.1348466937
        1.2503788000         2.9900000000         1.4986359205         0.0075074388         4.2013340179
        1.2553775000         2.9900000000         1.4986359205        -0.0001481936         4.2013340179
        1.2603906000         2.9900000000         1.5011882474         0.0202668261         4.2678213421
        1.2654648000         2.9900000000         1.5062929011         0.0355780908         4.4007959906
        1.2703857000         2.9900000000         1.4960835936         0.0483374781         4.1348466937
        1.2754040000         2.9900000000         1.4960835936         0.0559931105         4.1348466937
        1.2805685000         2.9900000000         1.4884266131         0.0815118851         3.9353847210
        1.2853938000         2.9900000000         1.4935312668         0.0942712724         4.0683593694
        1.2904177000         2.9900000000         1.4960835936         0.1146862920         4.1348466937
        1.2954077000         2.9900000000         1.4986359205         0.1325494343         4.2013340179
        1.3003894000         2.9900000000         1.5011882474         0.1504125765         4.2678213421
        1.3054050000         2.9900000000         1.5011882474         0.1708275961         4.2678213421
        1.3103904000         2.9900000000         1.4986359205         0.1759313511         4.2013340179
        1.3154405000         2.9900000000         1.4884266131         0.1988982482         3.9353847210
        1.3204025000         2.9900000000         1.5113975548         0.2244170228         4.5337706390
        1.3253874000         2.9900000000         1.4960835936         0.2346245326         4.1348466937
        1.3303902000         2.9900000000         1.5062929011         0.2499357974         4.4007959906
        1.3354045000         2.9900000000         1.4986359205         0.2754545720         4.2013340179
        1.3403891000         2.9900000000         1.5394731502         0.2933177142         5.2651312055
        1.3454343000         2.9900000000         1.4960835936         0.3035252240         4.1348466937
        1.3504099000         2.9900000000         1.4960835936         0.3111808564         4.1348466937
        1.3554077000         2.9900000000         1.5011882474         0.3392515084         4.2678213421
        1.3603948000         2.9900000000         1.4960835936         0.3469071408         4.1348466937
        1.3654031000         2.9900000000         1.5011882474         0.3724259154         4.2678213421
        1.3703811000         2.9900000000         1.4935312668         0.3902890576         4.0683593694
        1.3755664000         2.9900000000         1.5062929011         0.4132559548         4.4007959906
        1.3803964000         2.9900000000         1.4909789399         0.4158078322         4.0018720452
        1.3853986000         2.9900000000         1.5037405742         0.4387747293         4.3343086663
        1.3903996000         2.9900000000         1.5062929011         0.4617416265         4.4007959906
        1.3954102000         2.9900000000         1.5062929011         0.4745010138         4.4007959906
        1.4004176000         2.9900000000         1.4960835936         0.4821566461         4.1348466937
        1.4053976000         2.9900000000         1.5011882474         0.5076754207         4.2678213421
        1.4103891000         2.9900000000         1.5062929011         0.5306423179         4.4007959906
        1.4153982000         2.9900000000         1.5062929011         0.5459535826         4.4007959906
        1.4203829000         2.9900000000         1.5011882474         0.5561610925         4.2678213421
        1.4253940000         2.9900000000         1.4960835936         0.5714723572         4.1348466937
        1.4304158000         2.9900000000         1.5062929011         0.5944392543         4.4007959906
        1.4353987000         2.9900000000         1.4986359205         0.6071986416         4.2013340179
        1.4403917000         2.9900000000         1.4935312668         0.6148542740         4.0683593694
        1.4453861000         2.9900000000         1.4858742862         0.6327174162         3.8688973968
        1.4503992000         2.9900000000         1.5011882474         0.6505805584         4.2678213421
        1.4553801000         2.9900000000         1.4935312668         0.6684437007         4.0683593694
        1.4604624000         2.9900000000         1.4960835936         0.6888587203         4.1348466937
        1.4653815000         2.9900000000         1.4960835936         0.7092737400         4.1348466937
        1.4704224000         2.9900000000         1.5011882474         0.7220331273         4.2678213421
        1.4754059000         2.9900000000         1.4960835936         0.7322406371         4.1348466937
        1.4803995000         2.9900000000         1.5011882474         0.7526556568         4.2678213421
        1.4853901000         2.9900000000         1.4935312668         0.7705187990         4.0683593694
        1.4903881000         2.9900000000         1.4935312668         0.7807263088         4.0683593694
        1.4953794000         2.9900000000         1.4960835936         0.8011413285         4.1348466937
        1.5003970000         2.9900000000         1.4884266131         0.8164525933         3.9353847210
        1.5053753000         2.9900000000         1.5037405742         0.8368676129         4.3343086663
        1.5103887000         2.9900000000         1.4935312668         0.8521788777         4.0683593694
        1.5153850000         2.9900000000         1.4909789399         0.8623863875         4.0018720452
        1.5204070000         2.9900000000         1.5011882474         0.8853532847         4.2678213421
        1.5253793000         2.9900000000         1.4884266131         0.8955607945         3.9353847210
        1.5303919000         2.9900000000         1.4986359205         0.9185276916         4.2013340179
        1.5353972000         2.9900000000         1.5037405742         0.9440464662         4.3343086663
        1.5403880000         2.9900000000         1.4960835936         0.9440464662         4.1348466937
        1.5453960000         2.9900000000         1.4884266131         0.9593577310         3.9353847210
        1.5503968000         2.9900000000         1.5037405742         0.9772208732         4.3343086663
        1.5553847000         2.9900000000         1.4960835936         1.0001877703         4.1348466937
        1.5604058000         2.9900000000         1.4960835936         1.0154990351         4.1348466937
        1.5653798000         2.9900000000         1.4909789399         1.0257065449         4.0018720452
        1.5703868000         2.9900000000         1.4960835936         1.0435696871         4.1348466937
        1.5753962000         2.9900000000         1.4986359205         1.0639847068         4.2013340179
        1.5803987000         2.9900000000         1.5088452279         1.0869516039         4.4672833148
        1.5853853000         2.9900000000         1.4884266131         1.0920553588         3.9353847210
        1.5903985000         2.9900000000         1.4884266131         1.1099185011         3.9353847210
        1.5954594000         2.9900000000         1.5037405742         1.1328853982         4.3343086663
        1.6003958000         2.9900000000         1.4986359205         1.1481966629         4.2013340179
        1.6053921000         2.9900000000         1.5037405742         1.1609560502         4.3343086663
        1.6103908000         2.9900000000         1.5037405742         1.1813710699         4.3343086663
        1.6153925000         2.9900000000         1.5088452279         1.2017860896         4.4672833148
        1.6204075000         2.9900000000         1.5037405742         1.2119935994         4.3343086663
        1.6253848000         2.9900000000         1.5088452279         1.2349604965         4.4672833148
        1.6303731000         2.9900000000         1.4986359205         1.2451680064         4.2013340179
        1.6354025000         2.9900000000         1.5011882474         1.2604792711         4.2678213421
        1.6404059000         2.9900000000         1.5037405742         1.2706867810         4.3343086663
        1.6453911000         2.9900000000         1.4884266131         1.2885499232         3.9353847210
        1.6504214000         2.9900000000         1.5037405742         1.3089649429         4.3343086663
        1.6553854000         2.9900000000         1.5011882474         1.3293799625         4.2678213421
        1.6604755000         2.9900000000         1.5062929011         1.3497949822         4.4007959906
        1.6653733000         2.9900000000         1.5088452279         1.3676581244         4.4672833148
        1.6703814000         2.9900000000         1.5037405742         1.3804175117         4.3343086663
        1.6753898000         2.9900000000         1.5011882474         1.3931768990         4.2678213421
        1.6803981000         2.9900000000         1.4935312668         1.4033844088         4.0683593694
        1.6853891000         2.9900000000         1.5062929011         1.4212475511         4.4007959906
        1.6903865000         2.9900000000         1.5011882474         1.4442144482         4.2678213421
        1.6954014000         2.9900000000         1.5165022085         1.4646294679         4.6667452875
        1.7003812000         2.9900000000         1.5062929011         1.4773888552         4.4007959906
        1.7053994000         2.9900000000         1.5113975548         1.5029076297         4.5337706390
        1.7103784000         2.9900000000         1.5216068622         1.5182188945         4.7997199359
        1.7153844000         2.9900000000         1.5037405742         1.5258745269         4.3343086663
        1.7204309000         2.9900000000         1.5062929011         1.5411857916         4.4007959906
        1.7254130000         2.9900000000         1.5088452279         1.5641526888         4.4672833148
        1.7304090000         2.9900000000         1.5139498816         1.5871195859         4.6002579632
        1.7353990000         2.9900000000         1.5062929011         1.6024308506         4.4007959906
        1.7403865000         2.9900000000         1.5139498816         1.6202939929         4.6002579632
        1.7453887000         2.9900000000         1.5113975548         1.6356052576         4.5337706390
        1.7503922000         2.9900000000         1.5165022085         1.6509165224         4.6667452875
        1.7553948000         2.9900000000         1.5088452279         1.6636759097         4.4672833148
        1.7604089000         2.9900000000         1.5037405742         1.6866428068         4.3343086663
        1.7653977000         2.9900000000         1.5011882474         1.6968503166         4.2678213421
        1.7703887000         2.9900000000         1.5190545354         1.7070578265         4.7332326117
        1.7753889000         2.9900000000         1.4935312668         1.7249209687         4.0683593694
        1.7804024000         2.9900000000         1.5037405742         1.7427841109         4.3343086663
        1.7853875000         2.9900000000         1.4909789399         1.7555434982         4.0018720452
        1.7903965000         2.9900000000         1.5062929011         1.7785103953         4.4007959906
        1.7954043000         2.9900000000         1.5088452279         1.8014772924         4.4672833148
        1.8003885000         2.9900000000         1.5062929011         1.8167885572         4.4007959906
        1.8054294000         2.9900000000         1.4960835936         1.8218923121         4.1348466937
        1.8104054000         2.9900000000         1.4986359205         1.8474110867         4.2013340179
        1.8154392000         2.9900000000         1.5088452279         1.8601704740         4.4672833148
        1.8203973000         2.9900000000         1.4884266131         1.8754817388         3.9353847210
        1.8253791000         2.9900000000         1.4935312668         1.8882411261         4.0683593694
        1.8303944000         2.9900000000         1.4909789399         1.8984486359         4.0018720452
        1.8353892000         2.9900000000         1.5037405742         1.9214155330         4.3343086663
        1.8403809000         2.9900000000         1.4960835936         1.9367267978         4.1348466937
        1.8454113000         2.9900000000         1.5139498816         1.9571418174         4.6002579632
        1.8504295000         2.9900000000         1.4756649788         1.9647974498         3.6029480998
        1.8554221000         2.9900000000         1.4960835936         1.9826605920         4.1348466937
        1.8603958000         2.9900000000         1.4960835936         2.0030756117         4.1348466937
        1.8653956000         2.9900000000         1.4935312668         2.0132831215         4.0683593694
        1.8704113000         2.9900000000         1.4909789399         2.0336981412         4.0018720452
        1.8753948000         2.9900000000         1.4960835936         2.0490094060         4.1348466937
        1.8804107000         2.9900000000         1.4858742862         2.0617687933         3.8688973968
        1.8854060000         2.9900000000         1.4909789399         2.0821838129         4.0018720452
        1.8904524000         2.9900000000         1.4935312668         2.1051507101         4.0683593694
        1.8953995000         2.9900000000         1.5037405742         2.1179100974         4.3343086663
        1.9003874000         2.9900000000         1.4960835936         2.1281176072         4.1348466937
        1.9053933000         2.9900000000         1.5011882474         2.1485326269         4.2678213421
        1.9104060000         2.9900000000         1.4960835936         2.1638438916         4.1348466937
        1.9153972000         2.9900000000         1.4986359205         2.1766032789         4.2013340179
        1.9204000000         2.9900000000         1.5216068622         2.1893626662         4.7997199359
        1.9253792000         2.9900000000         1.4960835936         2.2021220535         4.1348466937
        1.9303872000         2.9900000000         1.4960835936         2.2250889506         4.1348466937
        1.9354031000         2.9900000000         1.4884266131         2.2404002154         3.9353847210
        1.9404073000         2.9900000000         1.4935312668         2.2480558478         4.0683593694
        1.9453896000         2.9900000000         1.4986359205         2.2710227449         4.2013340179
        1.9504000000         2.9900000000         1.4858742862         2.2812302547         3.8688973968
        1.9553803000         2.9900000000         1.4858742862         2.2990933970         3.8688973968
        1.9604198000         2.9900000000         1.4858742862         2.3118527843         3.8688973968
        1.9654614000         2.9900000000         1.4884266131         2.3322678039         3.9353847210
        1.9704124000         2.9900000000         1.4935312668         2.3501309461         4.0683593694
        1.9753971000         2.9900000000         1.4960835936         2.3654422109         4.1348466937
        1.9804072000         2.9900000000         1.4935312668         2.3833053531         4.0683593694
        1.9853878000         2.9900000000         1.5216068622         2.4037203728         4.7997199359
        1.9903999000         2.9900000000         1.4986359205         2.4190316375         4.2013340179
        1.9953938000         2.9900000000         1.4960835936         2.4317910248         4.1348466937
        2.0003880000         2.9900000000         1.4884266131         2.4445504121         3.9353847210
        2.0053956000         2.9900000000         1.4884266131         2.4547579220         3.9353847210
        2.0105158000         2.9900000000         1.4884266131         2.4675173092         3.9353847210
        2.0154126000         2.9900000000         1.5062929011         2.5006917162         4.4007959906
        2.0204113000         2.9900000000         1.4909789399         2.5083473486         4.0018720452
        2.0253830000         2.9900000000         1.4986359205         2.5287623683         4.2013340179
        2.0303929000         2.9900000000         1.4935312668         2.5364180006         4.0683593694
        2.0353944000         2.9900000000         1.4833219594         2.5466255105         3.8024100725
        2.0403999000         2.9900000000         1.4909789399         2.5644886527         4.0018720452
        2.0454123000         2.9900000000         1.4986359205         2.5900074273         4.2013340179
        2.0503971000         2.9900000000         1.4884266131         2.6053186920         3.9353847210
        2.0553781000         2.9900000000         1.5292638428         2.6206299568         4.9991819086
        2.0603857000         2.9900000000         1.4935312668         2.6257337117         4.0683593694
        2.0653770000         2.9900000000         1.4935312668         2.6461487314         4.0683593694
        2.0703864000         2.9900000000         1.4884266131         2.6614599961         3.9353847210
        2.0753900000         2.9900000000         1.4858742862         2.6767712609         3.8688973968
        2.0803964000         2.9900000000         1.4909789399         2.6895306482         4.0018720452
        2.0853792000         2.9900000000         1.4909789399         2.7124975453         4.0018720452
        2.0903902000         2.9900000000         1.4986359205         2.7227050552         4.2013340179
        2.0954287000         2.9900000000         1.4884266131         2.7380163199         3.9353847210
        2.1004159000         2.9900000000         1.4884266131         2.7507757072         3.9353847210
        2.1053878000         2.9900000000         1.5011882474         2.7711907269         4.2678213421
        2.1104012000         2.9900000000         1.4986359205         2.7916057465         4.2013340179
        2.1154095000         2.9900000000         1.4960835936         2.8043651338         4.1348466937
        2.1203906000         2.9900000000         1.4909789399         2.8145726437         4.0018720452
        2.1253812000         2.9900000000         1.4960835936         2.8324357859         4.1348466937
        2.1304158000         2.9900000000         1.5011882474         2.8477470506         4.2678213421
        2.1354073000         2.9900000000         1.4960835936         2.8630583154         4.1348466937
        2.1403952000         2.9900000000         1.4884266131         2.8783695801         3.9353847210
        2.1453919000         2.9900000000         1.4986359205         2.9013364773         4.2013340179
        2.1503916000         2.9900000000         1.4960835936         2.9140958646         4.1348466937
        2.1554024000         2.9900000000         1.4986359205         2.9294071293         4.2013340179
        2.1603944000         2.9900000000         1.4960835936         2.9396146392         4.1348466937
        2.1653969000         2.9900000000         1.4935312668         2.9549259039         4.0683593694
        2.1703856000         2.9900000000         1.4884266131         2.9676852912         3.9353847210
        2.1754235000         2.9900000000         1.4884266131         2.9804446785         3.9353847210
        2.1805308000         2.9900000000         1.4833219594         2.9957559433         3.8024100725
        2.1854094000         2.9900000000         1.4909789399         3.0161709629         4.0018720452
        2.1903930000         2.9900000000         1.4833219594         3.0340341051         3.8024100725
        2.1953979000         2.9900000000         1.4986359205         3.0467934924         4.2013340179
        2.2003792000         2.9900000000         1.4833219594         3.0697603896         3.8024100725
        2.2053989000         2.9900000000         1.5037405742         3.0876235318         4.3343086663
        2.2104010000         2.9900000000         1.4986359205         3.1029347965         4.2013340179
        2.2157352000         2.9900000000         1.4909789399         3.1105904289         4.0018720452
        2.2204700000         2.9900000000         1.4680079982         3.1284535711         3.4034861272
        2.2254077000         2.9900000000         1.4884266131         3.1412129584         3.9353847210
        2.2303859000         2.9900000000         1.4909789399         3.1514204683         4.0018720452
        2.2353880000         2.9900000000         1.4858742862         3.1743873654         3.8688973968
        2.2404020000         2.9900000000         1.4858742862         3.1948023851         3.8688973968
        2.2453874000         2.9900000000         1.4807696325         3.2024580174         3.7359227483
        2.2503942000         2.9900000000         1.4884266131         3.2152174047         3.9353847210
        2.2554124000         2.9900000000         1.4782173056         3.2279767920         3.6694354241
        2.2603991000         2.9900000000         1.4858742862         3.2407361793         3.8688973968
        2.2654004000         2.9900000000         1.4731126519         3.2560474441         3.5364607756
        2.2704611000         2.9900000000         1.4833219594         3.2688068314         3.8024100725
        2.2753906000         2.9900000000         1.4833219594         3.2892218510         3.8024100725
        2.2804000000         2.9900000000         1.4935312668         3.3045331158         4.0683593694
        2.2853775000         2.9900000000         1.4833219594         3.3249481355         3.8024100725
        2.2903920000         2.9900000000         1.4960835936         3.3428112777         4.1348466937
        2.2953979000         2.9900000000         1.4807696325         3.3581225424         3.7359227483
        2.3004063000         2.9900000000         1.4986359205         3.3708819297         4.2013340179
        2.3053916000         2.9900000000         1.4807696325         3.3810894396         3.7359227483
        2.3103854000         2.9900000000         1.5088452279         3.3989525818         4.4672833148
        2.3153858000         2.9900000000         1.4909789399         3.4168157240         4.0018720452
        2.3203894000         2.9900000000         1.4935312668         3.4321269888         4.0683593694
        2.3253806000         2.9900000000         1.4807696325         3.4397826211         3.7359227483
        2.3304061000         2.9900000000         1.4960835936         3.4627495183         4.1348466937
        2.3353858000         2.9900000000         1.4756649788         3.4704051506         3.6029480998
        2.3403789000         2.9900000000         1.4833219594         3.4806126605         3.8024100725
        2.3454162000         2.9900000000         1.4756649788         3.4933720478         3.6029480998
        2.3504275000         2.9900000000         1.4807696325         3.5086833125         3.7359227483
        2.3554034000         2.9900000000         1.4833219594         3.5290983322         3.8024100725
        2.3603929000         2.9900000000         1.4884266131         3.5495133519         3.9353847210
        2.3653966000         2.9900000000         1.4807696325         3.5622727392         3.7359227483
        2.3703842000         2.9900000000         1.4909789399         3.5724802490         4.0018720452
        2.3753866000         2.9900000000         1.4756649788         3.5877915138         3.6029480998
        2.3804102000         2.9900000000         1.4935312668         3.5979990236         4.0683593694
        2.3854107000         2.9900000000         1.4782173056         3.6133102883         3.6694354241
        2.3905967000         2.9900000000         1.4884266131         3.6311734306         3.9353847210
        2.3955869000         2.9900000000         1.4782173056         3.6464846953         3.6694354241
        2.4004147000         2.9900000000         1.4909789399         3.6668997150         4.0018720452
        2.4054230000         2.9900000000         1.4858742862         3.6796591023         3.8688973968
        2.4104065000         2.9900000000         1.4884266131         3.6924184896         3.9353847210
        2.4154006000         2.9900000000         1.4756649788         3.7000741219         3.6029480998
        2.4204183000         2.9900000000         1.4858742862         3.7204891416         3.8688973968
        2.4254039000         2.9900000000         1.4858742862         3.7281447740         3.8688973968
        2.4304183000         2.9900000000         1.4960835936         3.7434560388         4.1348466937
        2.4353992000         2.9900000000         1.4858742862         3.7664229359         3.8688973968
        2.4404048000         2.9900000000         1.4807696325         3.7791823232         3.7359227483
        2.4453816000         2.9900000000         1.4884266131         3.7995973429         3.9353847210
        2.4504171000         2.9900000000         1.4884266131         3.8123567301         3.9353847210
        2.4554017000         2.9900000000         1.4884266131         3.8302198724         3.9353847210
        2.4604123000         2.9900000000         1.4909789399         3.8429792597         4.0018720452
        2.4653927000         2.9900000000         1.4858742862         3.8557386469         3.8688973968
        2.4704220000         2.9900000000         1.4782173056         3.8608424019         3.6694354241
        2.4754165000         2.9900000000         1.4833219594         3.8812574215         3.8024100725
        2.4803961000         2.9900000000         1.4782173056         3.8914649314         3.6694354241
        2.4853841000         2.9900000000         1.4782173056         3.9118799510         3.6694354241
        2.4904061000         2.9900000000         1.4833219594         3.9246393383         3.8024100725
        2.4953997000         2.9900000000         1.4782173056         3.9348468482         3.6694354241
        2.5004263000         2.9900000000         1.4935312668         3.9527099904         4.0683593694
        2.5054158000         2.9900000000         1.4884266131         3.9680212551         3.9353847210
        2.5108105000         2.9900000000         1.4731126519         3.9756768875         3.5364607756
        2.5153795000         2.9900000000         1.4884266131         4.0037475396         3.9353847210
        2.5203902000         2.9900000000         1.4807696325         4.0190588043         3.7359227483
        2.5254343000         2.9900000000         1.4858742862         4.0318181916         3.8688973968
        2.5304081000         2.9900000000         1.4782173056         4.0420257015         3.6694354241
        2.5354426000         2.9900000000         1.4909789399         4.0598888437         4.0018720452
        2.5404340000         2.9900000000         1.4680079982         4.0700963535         3.4034861272
        2.5454304000         2.9900000000         1.4884266131         4.0854076183         3.9353847210
        2.5504200000         2.9900000000         1.4629033445         4.0879594957         3.2705114787
        2.5554445000         2.9900000000         1.4884266131         4.1083745154         3.9353847210
        2.5604471000         2.9900000000         1.4680079982         4.1236857801         3.4034861272
        2.5654182000         2.9900000000         1.4858742862         4.1441007998         3.8688973968
        2.5704334000         2.9900000000         1.4782173056         4.1568601871         3.6694354241
        2.5753858000         2.9900000000         1.4960835936         4.1696195744         4.1348466937
        2.5804194000         2.9900000000         1.4705603251         4.1823789617         3.4699734514
        2.5853780000         2.9900000000         1.4807696325         4.1900345941         3.7359227483
        2.5903876000         2.9900000000         1.4756649788         4.2104496138         3.6029480998
        2.5954209000         2.9900000000         1.4782173056         4.2232090010         3.6694354241
        2.6004085000         2.9900000000         1.4833219594         4.2461758982         3.8024100725
        2.6054108000         2.9900000000         1.4884266131         4.2614871629         3.9353847210
        2.6104001000         2.9900000000         1.4782173056         4.2767984277         3.6694354241
        2.6153770000         2.9900000000         1.4884266131         4.2870059375         3.9353847210
        2.6203868000         2.9900000000         1.4807696325         4.2972134474         3.7359227483
        2.6253772000         2.9900000000         1.4756649788         4.3201803445         3.6029480998
        2.6303889000         2.9900000000         1.4858742862         4.3329397318         3.8688973968
        2.6353904000         2.9900000000         1.4807696325         4.3431472416         3.7359227483
        2.6403999000         2.9900000000         1.4680079982         4.3508028740         3.4034861272
        2.6453896000         2.9900000000         1.4833219594         4.3737697711         3.8024100725
        2.6503876000         2.9900000000         1.4756649788         4.3839772810         3.6029480998
        2.6554375000         2.9900000000         1.4782173056         4.4018404232         3.6694354241
        2.6604100000         2.9900000000         1.4858742862         4.4145998105         3.8688973968
        2.6653883000         2.9900000000         1.4807696325         4.4350148301         3.7359227483
        2.6703812000         2.9900000000         1.5165022085         4.4452223400         4.6667452875
        2.6753896000         2.9900000000         1.4705603251         4.4605336047         3.4699734514
        2.6803942000         2.9900000000         1.4833219594         4.4783967469         3.8024100725
        2.6853810000         2.9900000000         1.4731126519         4.4809486244         3.5364607756
        2.6903861000         2.9900000000         1.4807696325         4.4962598892         3.7359227483
        2.6954036000         2.9900000000         1.4654556714         4.5090192765         3.3369988029
        2.7004048000         2.9900000000         1.4833219594         4.5294342961         3.8024100725
        2.7053853000         2.9900000000         1.4705603251         4.5447455609         3.4699734514
        2.7105603000         2.9900000000         1.4909789399         4.5575049482         4.0018720452
        2.7160073000         2.9900000000         1.4731126519         4.5779199678         3.5364607756
        2.7204420000         2.9900000000         1.4935312668         4.6008868650         4.0683593694
        2.7254010000         2.9900000000         1.4756649788         4.6059906199         3.6029480998
        2.7304064000         2.9900000000         1.4884266131         4.6136462523         3.9353847210
        2.7353897000         2.9900000000         1.4731126519         4.6340612719         3.5364607756
        2.7403968000         2.9900000000         1.4909789399         4.6519244142         4.0018720452
        2.7453835000         2.9900000000         1.4782173056         4.6672356789         3.6694354241
        2.7503854000         2.9900000000         1.4935312668         4.6902025760         4.0683593694
        2.7554085000         2.9900000000         1.4960835936         4.7080657183         4.1348466937
        2.7604186000         2.9900000000         1.4858742862         4.7131694732         3.8688973968
        2.7653940000         2.9900000000         1.4756649788         4.7284807379         3.6029480998
        2.7704026000         2.9900000000         1.4909789399         4.7488957576         4.0018720452
        2.7756226000         2.9900000000         1.4782173056         4.7591032674         3.6694354241
        2.7803975000         2.9900000000         1.4986359205         4.7846220420         4.2013340179
        2.7853997000         2.9900000000         1.4960835936         4.7948295519         4.1348466937
        2.7904038000         2.9900000000         1.4884266131         4.8126926941         3.9353847210
        2.7953934000         2.9900000000         1.4884266131         4.8229002039         3.9353847210
        2.8003851000         2.9900000000         1.4858742862         4.8356595912         3.8688973968
        2.8054164000         2.9900000000         1.4960835936         4.8611783658         4.1348466937
        2.8103977000         2.9900000000         1.4858742862         4.8713858756         3.8688973968
        2.8154043000         2.9900000000         1.4909789399         4.8918008953         4.0018720452
        2.8203933000         2.9900000000         1.4960835936         4.9122159150         4.1348466937
        2.8254000000         2.9900000000         1.5241591891         4.9351828121         4.8662072602
        2.8304072000         2.9900000000         1.5037405742         4.9428384445         4.3343086663
        2.8353845000         2.9900000000         1.4884266131         4.9607015867         3.9353847210
        2.8403946000         2.9900000000         1.4935312668         4.9709090965         4.0683593694
        2.8454111000         2.9900000000         1.4960835936         4.9938759937         4.1348466937
        2.8504262000         2.9900000000         1.4909789399         5.0015316260         4.0018720452
        2.8553950000         2.9900000000         1.5037405742         5.0117391359         4.3343086663
        2.8604075000         2.9900000000         1.4960835936         5.0040835035         4.1348466937
        2.8653939000         2.9900000000         1.4884266131         4.9989797486         3.9353847210
        2.8703948000         2.9900000000         1.4909789399         4.9989797486         4.0018720452
        2.8753887000         2.9900000000         1.4986359205         5.0040835035         4.2013340179
        2.8803998000         2.9900000000         1.4935312668         4.9964278711         4.0683593694
        2.8853942000         2.9900000000         1.4986359205         4.9938759937         4.2013340179
        2.8903956000         2.9900000000         1.4935312668         1.1150222560         4.0683593694
        2.8953880000         2.9900000000         1.5394731502         1.1201260109         5.2651312055
        2.9004039000         2.9900000000         1.5011882474         1.1150222560         4.2678213421
        2.9053840000         2.9900000000         1.5011882474         0.0024036839         4.2678213421
        2.9104595000         2.9900000000         1.4884266131        -0.0052519485         3.9353847210
        2.9154032000         2.9900000000         1.4960835936        -0.0001481936         4.1348466937
        2.9204133000         2.9900000000         1.4986359205        -0.0052519485         4.2013340179
        2.9254193000         2.9900000000         1.4909789399        -0.0052519485         4.0018720452
        2.9304169000         2.9900000000         1.4960835936        -0.0001481936         4.1348466937
        2.9354147000         2.9900000000         1.5037405742         0.0100593162         4.3343086663
        2.9404413000         2.9900000000         1.5011882474         0.0024036839         4.2678213421
        2.9454281000         2.9900000000         1.5088452279         0.0228187035         4.4672833148
        2.9504291000         2.9900000000         1.5037405742         0.0381299683         4.3343086663
        2.9554217000         2.9900000000         1.5011882474         0.0508893556         4.2678213421
        2.9604237000         2.9900000000         1.4986359205         0.0662006203         4.2013340179
        2.9654094000         2.9900000000         1.5216068622         0.0764081302         4.7997199359
        2.9704025000         2.9900000000         1.4909789399         0.0993750273         4.0018720452
        2.9755086000         2.9900000000         1.5011882474         0.1172381695         4.2678213421
        2.9804123000         2.9900000000         1.5037405742         0.1402050666         4.3343086663
        2.9854258000         2.9900000000         1.5088452279         0.1580682088         4.4672833148
        2.9904106000         2.9900000000         1.4960835936         0.1733794736         4.1348466937
        2.9953920000         2.9900000000         1.5062929011         0.1861388609         4.4007959906
        3.0006133000         2.9900000000         1.4884266131         0.2014501257         3.9353847210
        3.0056495000         2.9900000000         1.5011882474         0.2142095129         4.2678213421
        3.0105953000         2.9900000000         1.4807696325         0.2320726552         3.7359227483
        3.0154052000         2.9900000000         1.5037405742         0.2550395523         4.3343086663
        3.0205115000         2.9900000000         1.4807696325         0.2652470621         3.7359227483
        3.0253925000         2.9900000000         1.4935312668         0.2805583269         4.0683593694
        3.0304023000         2.9900000000         1.4858742862         0.3009733466         3.8688973968
        3.0353936000         2.9900000000         1.4960835936         0.3188364888         4.1348466937
        3.0403906000         2.9900000000         1.4960835936         0.3366996310         4.1348466937
        3.0454025000         2.9900000000         1.4960835936         0.3520108957         4.1348466937
        3.0503891000         2.9900000000         1.5011882474         0.3749777929         4.2678213421
        3.0553923000         2.9900000000         1.4986359205         0.3928409351         4.2013340179
        3.0603870000         2.9900000000         1.4986359205         0.4030484449         4.2013340179
        3.0653924000         2.9900000000         1.4909789399         0.4132559548         4.0018720452
        3.0703959000         2.9900000000         1.5011882474         0.4336709744         4.2678213421
        3.0753859000         2.9900000000         1.4884266131         0.4515341166         3.9353847210
        3.0803868000         2.9900000000         1.5165022085         0.4745010138         4.6667452875
        3.0853956000         2.9900000000         1.4909789399         0.4847085236         4.0018720452
        3.0903918000         2.9900000000         1.5062929011         0.5000197884         4.4007959906
        3.0954322000         2.9900000000         1.4884266131         0.5127791757         3.9353847210
        3.1003977000         2.9900000000         1.5037405742         0.5357460728         4.3343086663
        3.1054008000         2.9900000000         1.5011882474         0.5561610925         4.2678213421
        3.1103917000         2.9900000000         1.4960835936         0.5689204797         4.1348466937
        3.1154062000         2.9900000000         1.4986359205         0.5867836220         4.2013340179
        3.1204044000         2.9900000000         1.4935312668         0.6020948867         4.0683593694
        3.1253957000         2.9900000000         1.4884266131         0.6123023966         3.9353847210
        3.1303852000         2.9900000000         1.4986359205         0.6327174162         4.2013340179
        3.1353918000         2.9900000000         1.5011882474         0.6480286810         4.2678213421
        3.1403950000         2.9900000000         1.4884266131         0.6582361908         3.9353847210
        3.1453795000         2.9900000000         1.4909789399         0.6786512105         4.0018720452
        3.1503885000         2.9900000000         1.4960835936         0.6990662302         4.1348466937
        3.1553979000         2.9900000000         1.5062929011         0.7220331273         4.4007959906
        3.1603982000         2.9900000000         1.4986359205         0.7322406371         4.2013340179
        3.1654438000         2.9900000000         1.4986359205         0.7398962695         4.2013340179
        3.1704299000         2.9900000000         1.4909789399         0.7577594117         4.0018720452
        3.1754252000         2.9900000000         1.5113975548         0.7807263088         4.5337706390
        3.1804311000         2.9900000000         1.5011882474         0.7960375736         4.2678213421
        3.1854278000         2.9900000000         1.4884266131         0.8113488384         3.9353847210
        3.1903781000         2.9900000000         1.5037405742         0.8317638580         4.3343086663
        3.1953874000         2.9900000000         1.5011882474         0.8521788777         4.2678213421
        3.2003993000         2.9900000000         1.5011882474         0.8623863875         4.2678213421
        3.2053747000         2.9900000000         1.5037405742         0.8879051621         4.3343086663
        3.2103963000         2.9900000000         1.5088452279         0.9032164269         4.4672833148
        3.2153961000         2.9900000000         1.5088452279         0.9210795691         4.4672833148
        3.2204148000         2.9900000000         1.4960835936         0.9338389564         4.1348466937
        3.2254001000         2.9900000000         1.5011882474         0.9465983437         4.2678213421
        3.2304006000         2.9900000000         1.4986359205         0.9644614859         4.2013340179
        3.2353854000         2.9900000000         1.4986359205         0.9823246281         4.2013340179
        3.2404014000         2.9900000000         1.4986359205         0.9976358929         4.2013340179
        3.2453969000         2.9900000000         1.4935312668         1.0154990351         4.0683593694
        3.2503872000         2.9900000000         1.5011882474         1.0257065449         4.2678213421
        3.2553835000         2.9900000000         1.4884266131         1.0410178097         3.9353847210
        3.2604047000         2.9900000000         1.4986359205         1.0639847068         4.2013340179
        3.2653851000         2.9900000000         1.4960835936         1.0767440941         4.1348466937
        3.2703976000         2.9900000000         1.4986359205         1.0971591138         4.2013340179
        3.2753744000         2.9900000000         1.5037405742         1.1175741334         4.3343086663
        3.2803966000         2.9900000000         1.4986359205         1.1277816433         4.2013340179
        3.2853960000         2.9900000000         1.4909789399         1.1354372756         4.0018720452
        3.2904066000         2.9900000000         1.4960835936         1.1558522953         4.1348466937
        3.2953976000         2.9900000000         1.4858742862         1.1660598052         3.8688973968
        3.3003976000         2.9900000000         1.4935312668         1.1864748248         4.0683593694
        3.3053747000         2.9900000000         1.5011882474         1.2068898445         4.2678213421
        3.3103699000         2.9900000000         1.4960835936         1.2170973543         4.1348466937
        3.3153932000         2.9900000000         1.5011882474         1.2400642515         4.2678213421
        3.3204015000         2.9900000000         1.4909789399         1.2553755162         4.0018720452
        3.3253912000         2.9900000000         1.5011882474         1.2681349035         4.2678213421
        3.3303997000         2.9900000000         1.4909789399         1.2834461683         4.0018720452
        3.3353850000         2.9900000000         1.4986359205         1.3064130654         4.2013340179
        3.3403911000         2.9900000000         1.4960835936         1.3217243302         4.1348466937
        3.3454246000         2.9900000000         1.5011882474         1.3421393498         4.2678213421
        3.3504411000         2.9900000000         1.5011882474         1.3548987371         4.2678213421
        3.3553959000         2.9900000000         1.4960835936         1.3651062470         4.1348466937
        3.3603987000         2.9900000000         1.5037405742         1.3829693892         4.3343086663
        3.3653867000         2.9900000000         1.4986359205         1.4059362863         4.2013340179
        3.3703913000         2.9900000000         1.5011882474         1.4161437961         4.2678213421
        3.3753735000         2.9900000000         1.4960835936         1.4314550609         4.1348466937
        3.3804054000         2.9900000000         1.4986359205         1.4544219580         4.2013340179
        3.3853977000         2.9900000000         1.5062929011         1.4748369777         4.4007959906
        3.3904144000         2.9900000000         1.5062929011         1.4850444875         4.4007959906
        3.3953892000         2.9900000000         1.4986359205         1.5003557523         4.2013340179
        3.4004105000         2.9900000000         1.4960835936         1.5131151396         4.1348466937
        3.4054004000         2.9900000000         1.4884266131         1.5360820367         3.9353847210
        3.4103832000         2.9900000000         1.5062929011         1.5513933015         4.4007959906
        3.4153904000         2.9900000000         1.5088452279         1.5718083211         4.4672833148
        3.4204329000         2.9900000000         1.5011882474         1.5845677084         4.2678213421
        3.4253922000         2.9900000000         1.4986359205         1.5998789732         4.2013340179
        3.4303874000         2.9900000000         1.5088452279         1.6075346056         4.4672833148
        3.4354032000         2.9900000000         1.4909789399         1.6279496252         4.0018720452
        3.4403889000         2.9900000000         1.4909789399         1.6407090125         4.0018720452
        3.4453992000         2.9900000000         1.4909789399         1.6585721547         4.0018720452
        3.4503862000         2.9900000000         1.5011882474         1.6789871744         4.2678213421
        3.4553827000         2.9900000000         1.4960835936         1.6891946843         4.1348466937
        3.4603982000         2.9900000000         1.4986359205         1.7045059490         4.2013340179
        3.4654046000         2.9900000000         1.4986359205         1.7249209687         4.2013340179
        3.4704271000         2.9900000000         1.4960835936         1.7325766011         4.1348466937
        3.4754089000         2.9900000000         1.4884266131         1.7529916207         3.9353847210
        3.4803868000         2.9900000000         1.4858742862         1.7683028855         3.8688973968
        3.4854049000         2.9900000000         1.4986359205         1.7912697826         4.2013340179
        3.4904284000         2.9900000000         1.4884266131         1.8014772924         3.9353847210
        3.4953918000         2.9900000000         1.5088452279         1.8193404347         4.4672833148
        3.5003958000         2.9900000000         1.5011882474         1.8346516994         4.2678213421
        3.5054097000         2.9900000000         1.4960835936         1.8525148416         4.1348466937
        3.5103888000         2.9900000000         1.4909789399         1.8627223515         4.0018720452
        3.5153902000         2.9900000000         1.4884266131         1.8754817388         3.9353847210
        3.5204041000         2.9900000000         1.4986359205         1.8984486359         4.2013340179
        3.5253913000         2.9900000000         1.4935312668         1.9112080232         4.0683593694
        3.5303932000         2.9900000000         1.4935312668         1.9239674105         4.0683593694
        3.5354094000         2.9900000000         1.4935312668         1.9443824302         4.0683593694
        3.5404009000         2.9900000000         1.4909789399         1.9596936949         4.0018720452
        3.5454188000         2.9900000000         1.4986359205         1.9750049597         4.2013340179
        3.5504110000         2.9900000000         1.4909789399         1.9928681019         4.0018720452
        3.5554149000         2.9900000000         1.4884266131         1.9979718568         3.9353847210
        3.5604241000         2.9900000000         1.4935312668         2.0234906314         4.0683593694
        3.5654121000         2.9900000000         1.4884266131         2.0388018961         3.9353847210
        3.5703996000         2.9900000000         1.4935312668         2.0515612834         4.0683593694
        3.5754006000         2.9900000000         1.4833219594         2.0643206707         3.8024100725
        3.5803907000         2.9900000000         1.4884266131         2.0770800580         3.9353847210
        3.5853978000         2.9900000000         1.4884266131         2.0974950777         3.9353847210
        3.5904071000         2.9900000000         1.4960835936         2.1204619748         4.1348466937
        3.5954294000         2.9900000000         1.5037405742         2.1357732396         4.3343086663
        3.6004870000         2.9900000000         1.4884266131         2.1434288720         3.9353847210
        3.6054057000         2.9900000000         1.4833219594         2.1561882593         3.8024100725
        3.6103918000         2.9900000000         1.4858742862         2.1714995240         3.8688973968
        3.6154022000         2.9900000000         1.4884266131         2.1919145437         3.9353847210
        3.6204402000         2.9900000000         1.4986359205         2.2123295633         4.2013340179
        3.6253886000         2.9900000000         1.4833219594         2.2174333183         3.8024100725
        3.6304461000         2.9900000000         1.4884266131         2.2455039703         3.9353847210
        3.6354761000         2.9900000000         1.4935312668         2.2557114802         4.0683593694
        3.6404782000         2.9900000000         1.4858742862         2.2659189900         3.8688973968
        3.6454232000         2.9900000000         1.4858742862         2.2761264998         3.8688973968
        3.6504343000         2.9900000000         1.4884266131         2.3016452744         3.9353847210
        3.6554149000         2.9900000000         1.4884266131         2.3169565392         3.9353847210
        3.6604011000         2.9900000000         1.4884266131         2.3297159265         3.9353847210
        3.6653942000         2.9900000000         1.4935312668         2.3450271912         4.0683593694
        3.6704168000         2.9900000000         1.4960835936         2.3679940883         4.1348466937
        3.6753955000         2.9900000000         1.4935312668         2.3807534756         4.0683593694
        3.6804330000         2.9900000000         1.4960835936         2.3986166179         4.1348466937
        3.6853928000         2.9900000000         1.4884266131         2.4011684953         3.9353847210
        3.6903762000         2.9900000000         1.4960835936         2.4241353924         4.1348466937
        3.6953846000         2.9900000000         1.4858742862         2.4394466572         3.8688973968
        3.7003973000         2.9900000000         1.4858742862         2.4522060445         3.8688973968
        3.7054086000         2.9900000000         1.4935312668         2.4700691867         4.0683593694
        3.7103767000         2.9900000000         1.4858742862         2.4777248191         3.8688973968
        3.7153953000         2.9900000000         1.4960835936         2.4955879613         4.1348466937
        3.7204199000         2.9900000000         1.4884266131         2.5160029810         3.9353847210
        3.7254141000         2.9900000000         1.4884266131         2.5389698781         3.9353847210
        3.7303917000         2.9900000000         1.4807696325         2.5440736330         3.7359227483
        3.7353941000         2.9900000000         1.4884266131         2.5619367752         3.9353847210
        3.7403909000         2.9900000000         1.4884266131         2.5797999174         3.9353847210
        3.7453888000         2.9900000000         1.4807696325         2.5874555498         3.7359227483
        3.7503739000         2.9900000000         1.4935312668         2.6155262019         4.0683593694
        3.7553897000         2.9900000000         1.4858742862         2.6257337117         3.8688973968
        3.7603906000         2.9900000000         1.4858742862         2.6333893441         3.8688973968
        3.7653825000         2.9900000000         1.4986359205         2.6589081187         4.2013340179
        3.7703859000         2.9900000000         1.4884266131         2.6716675060         3.9353847210
        3.7753934000         2.9900000000         1.4935312668         2.6895306482         4.0683593694
        3.7803915000         2.9900000000         1.4782173056         2.6946344031         3.6694354241
        3.7853839000         2.9900000000         1.4960835936         2.7150494228         4.1348466937
        3.7903932000         2.9900000000         1.5241591891         2.7380163199         4.8662072602
        3.7953846000         2.9900000000         1.4884266131         2.7456719523         3.9353847210
        3.8003900000         2.9900000000         1.4858742862         2.7660869720         3.8688973968
        3.8054899000         2.9900000000         1.4884266131         2.7711907269         3.9353847210
        3.8103950000         2.9900000000         1.4909789399         2.7916057465         4.0018720452
        3.8154462000         2.9900000000         1.4960835936         2.8069170113         4.1348466937
        3.8203972000         2.9900000000         1.4782173056         2.8171245211         3.6694354241
        3.8253840000         2.9900000000         1.4807696325         2.8298839084         3.7359227483
        3.8303903000         2.9900000000         1.4756649788         2.8477470506         3.6029480998
        3.8354001000         2.9900000000         1.4909789399         2.8605064379         4.0018720452
        3.8403796000         2.9900000000         1.4731126519         2.8758177027         3.5364607756
        3.8454279000         2.9900000000         1.4909789399         2.8936808449         4.0018720452
        3.8503976000         2.9900000000         1.4833219594         2.9089921097         3.8024100725
        3.8554116000         2.9900000000         1.4960835936         2.9243033744         4.1348466937
        3.8603901000         2.9900000000         1.4858742862         2.9421665166         3.8688973968
        3.8653821000         2.9900000000         1.4909789399         2.9574777814         4.0018720452
        3.8703790000         2.9900000000         1.4833219594         2.9727890461         3.8024100725
        3.8753919000         2.9900000000         1.4935312668         2.9829965560         4.0683593694
        3.8803851000         2.9900000000         1.4858742862         2.9983078207         3.8688973968
        3.8853875000         2.9900000000         1.5011882474         3.0161709629         4.2678213421
        3.8903949000         2.9900000000         1.4731126519         3.0365859826         3.5364607756
        3.8953867000         2.9900000000         1.4935312668         3.0493453699         4.0683593694
        3.9003873000         2.9900000000         1.4756649788         3.0544491248         3.6029480998
        3.9053699000         2.9900000000         1.4986359205         3.0825197769         4.2013340179
        3.9103838000         2.9900000000         1.4833219594         3.0850716543         3.8024100725
        3.9153914000         2.9900000000         1.4986359205         3.1131423064         4.2013340179
        3.9207554000         2.9900000000         1.4705603251         3.1156941838         3.4699734514
        3.9254140000         2.9900000000         1.4986359205         3.1437648359         4.2013340179
        3.9303889000         2.9900000000         1.4833219594         3.1514204683         3.8024100725
        3.9353970000         2.9900000000         1.5062929011         3.1718354879         4.4007959906
        3.9403811000         2.9900000000         1.4680079982         3.1794911203         3.4034861272
        3.9453895000         2.9900000000         1.4960835936         3.2024580174         4.1348466937
        3.9503959000         2.9900000000         1.4782173056         3.2101136498         3.6694354241
        3.9553871000         2.9900000000         1.4884266131         3.2254249146         3.9353847210
        3.9603950000         2.9900000000         1.4858742862         3.2483918117         3.8688973968
        3.9653978000         2.9900000000         1.4935312668         3.2585993215         4.0683593694
        3.9704136000         2.9900000000         1.4782173056         3.2662549539         3.6694354241
        3.9754037000         2.9900000000         1.4858742862         3.2815662187         3.8688973968
        3.9803958000         2.9900000000         1.4807696325         3.2968774834         3.7359227483
        3.9854093000         2.9900000000         1.4756649788         3.3070849933         3.6029480998
        3.9903902000         2.9900000000         1.4833219594         3.3300518904         3.8024100725
        3.9953990000         2.9900000000         1.4909789399         3.3530187875         4.0018720452
        4.0003899000         2.9900000000         1.4960835936         3.3555706650         4.1348466937
