% Sweep Step 114/200  Vcmd=1.6500V  CCW 
% Vg_offset=1.337508V  K_gimbal=26.049690

Time[s]              Vcmd[V]              Vg_raw[V]            Pot[V]             Omega[rad/s]
        0.0022521000         1.6500000000         1.3378393285         0.6760993330         0.0086433521
        0.0054137000         1.6500000000         1.3429439823         0.6812030879         0.1416180006
        0.0104325000         1.6500000000         1.3378393285         0.6837549654         0.0086433521
        0.0154437000         1.6500000000         1.3327346748         0.6709955781        -0.1243312963
        0.0204148000         1.6500000000         1.3199730405         0.6684437007        -0.4567679174
        0.0254045000         1.6500000000         1.1132345652         0.6556843134        -5.8422411798
        0.0304766000         1.6500000000         1.1974613514         0.6454768035        -3.6481594803
        0.0354257000         1.6500000000         1.2051183320         0.6378211711        -3.4486975076
        0.0404260000         1.6500000000         1.1438624875         0.6250617838        -5.0443932891
        0.0453838000         1.6500000000         1.1489671412         0.5969911318        -4.9114186406
        0.0503902000         1.6500000000         1.1132345652         0.5765761121        -5.8422411798
        0.0554319000         1.6500000000         1.1489671412         0.5536092150        -4.9114186406
        0.0604243000         1.6500000000         1.1004729309         0.5255385629        -6.1746778009
        0.0654508000         1.6500000000         1.1311008532         0.5127791757        -5.3768299102
        0.0704315000         1.6500000000         1.0928159503         0.4872604011        -6.3741397736
        0.0754027000         1.6500000000         1.1132345652         0.4719491363        -5.8422411798
        0.0807297000         1.6500000000         1.0928159503         0.4413266068        -6.3741397736
        0.0854308000         1.6500000000         1.0851589698         0.4107040773        -6.5736017463
        0.0904426000         1.6500000000         1.0902636235         0.3826334252        -6.4406270978
        0.0954967000         1.6500000000         1.0698450086         0.3647702830        -6.9725256917
        0.1004358000         1.6500000000         1.0800543160         0.3392515084        -6.7065763947
        0.1054194000         1.6500000000         1.0826066429         0.3188364888        -6.6400890705
        0.1103994000         1.6500000000         1.0826066429         0.2907658367        -6.6400890705
        0.1154220000         1.6500000000         1.0596357012         0.2575914298        -7.2384749886
        0.1203943000         1.6500000000         1.0672926818         0.2244170228        -7.0390130159
        0.1253999000         1.6500000000         1.0519787206         0.1937944933        -7.4379369612
        0.1303789000         1.6500000000         1.0570833743         0.1708275961        -7.3049623128
        0.1354239000         1.6500000000         1.0621880280         0.1427569441        -7.1719876643
        0.1404240000         1.6500000000         1.0392170863         0.1121344146        -7.7703735824
        0.1454347000         1.6500000000         1.0545310475         0.0840637625        -7.3714496370
        0.1504197000         1.6500000000         1.0545310475         0.0610968654        -7.3714496370
        0.1554287000         1.6500000000         1.0494263938         0.0304743359        -7.5044242855
        0.1604385000         1.6500000000         1.0417694132         0.0075074388        -7.7038862581
        0.1654170000         1.6500000000         1.0315601058         0.0024036839        -7.9698355551
        0.1704275000         1.6500000000         1.0366647595        -0.0052519485        -7.8368609066
        0.1754110000         1.6500000000         1.0341124326         0.0075074388        -7.9033482308
        0.1804812000         1.6500000000         1.0494263938         1.1150222560        -7.5044242855
        0.1854410000         1.6500000000         1.0187984715         1.1124703785        -8.3022721762
        0.1904102000         1.6500000000         1.0290077789         5.0015316260        -8.0363228793
        0.1954210000         1.6500000000         1.0494263938         5.0040835035        -7.5044242855
        0.2004107000         1.6500000000         1.0264554521         5.0142910133        -8.1028102035
        0.2054102000         1.6500000000         1.0392170863         5.0142910133        -7.7703735824
        0.2104242000         1.6500000000         1.0366647595         4.9964278711        -7.8368609066
        0.2154451000         1.6500000000         1.0366647595         4.9709090965        -7.8368609066
        0.2204195000         1.6500000000         1.0366647595         4.9351828121        -7.8368609066
        0.2254258000         1.6500000000         1.0085891641         4.8969046502        -8.5682214731
        0.2304365000         1.6500000000         1.0392170863         4.8662821207        -7.7703735824
        0.2353930000         1.6500000000         1.0213507983         4.8382114687        -8.2357848520
        0.2403939000         1.6500000000         1.0290077789         4.8050370617        -8.0363228793
        0.2454038000         1.6500000000         1.0290077789         4.7718626547        -8.0363228793
        0.2503885000         1.6500000000         1.0085891641         4.7310326154        -8.5682214731
        0.2553972000         1.6500000000         1.0290077789         4.7029619633        -8.0363228793
        0.2604081000         1.6500000000         1.0009321835         4.6748913113        -8.7676834458
        0.2653923000         1.6500000000         1.0239031252         4.6315093945        -8.1692975277
        0.2704051000         1.6500000000         0.9983798566         4.6008868650        -8.8341707700
        0.2753813000         1.6500000000         1.0187984715         4.5575049482        -8.3022721762
        0.2803918000         1.6500000000         1.0060368372         4.5268824187        -8.6347087973
        0.2854036000         1.6500000000         1.0111414909         4.4962598892        -8.5017341489
        0.2904333000         1.6500000000         1.0187984715         4.4605336047        -8.3022721762
        0.2953924000         1.6500000000         1.0009321835         4.4401185851        -8.7676834458
        0.3004042000         1.6500000000         1.0213507983         4.4018404232        -8.2357848520
        0.3053832000         1.6500000000         1.0009321835         4.3661141388        -8.7676834458
        0.3104155000         1.6500000000         1.0162461446         4.3329397318        -8.3687595004
        0.3154306000         1.6500000000         1.0060368372         4.2997653248        -8.6347087973
        0.3204195000         1.6500000000         1.0085891641         4.2742465502        -8.5682214731
        0.3254215000         1.6500000000         1.0187984715         4.2359683883        -8.3022721762
        0.3304113000         1.6500000000         0.9881705492         4.2002421039        -9.1001200669
        0.3353871000         1.6500000000         1.0136938178         4.1670676969        -8.4352468246
        0.3404048000         1.6500000000         0.9958275298         4.1287895351        -8.9006580942
        0.3454349000         1.6500000000         1.0111414909         4.1007188830        -8.5017341489
        0.3503967000         1.6500000000         0.9881705492         4.0700963535        -9.1001200669
        0.3554064000         1.6500000000         1.0085891641         4.0343700691        -8.5682214731
        0.3604066000         1.6500000000         0.9856182224         4.0011956621        -9.1666073911
        0.3653915000         1.6500000000         1.0111414909         3.9756768875        -8.5017341489
        0.3704019000         1.6500000000         1.0111414909         3.9399506031        -8.5017341489
        0.3753911000         1.6500000000         0.9958275298         3.9016724412        -8.9006580942
        0.3803904000         1.6500000000         1.0085891641         3.8710499117        -8.5682214731
        0.3854014000         1.6500000000         0.9830658955         3.8353236273        -9.2330947154
        0.3904111000         1.6500000000         1.0009321835         3.7944935879        -8.7676834458
        0.3953908000         1.6500000000         0.9983798566         3.7689748133        -8.8341707700
        0.4004031000         1.6500000000         1.0034845104         3.7434560388        -8.7011961215
        0.4054323000         1.6500000000         0.9856182224         3.7051778769        -9.1666073911
        0.4104256000         1.6500000000         1.0009321835         3.6643478375        -8.7676834458
        0.4154268000         1.6500000000         1.0034845104         3.6311734306        -8.7011961215
        0.4203921000         1.6500000000         0.9805135686         3.5979990236        -9.2995820396
        0.4253929000         1.6500000000         0.9983798566         3.5622727392        -8.8341707700
        0.4304022000         1.6500000000         0.9856182224         3.5316502097        -9.1666073911
        0.4353868000         1.6500000000         1.0060368372         3.5061314351        -8.6347087973
        0.4403939000         1.6500000000         0.9754089149         3.4653013957        -9.4325566880
        0.4454047000         1.6500000000         1.0443217401         3.4295751113        -7.6373989339
        0.4504131000         1.6500000000         0.9856182224         3.3912969494        -9.1666073911
        0.4554388000         1.6500000000         0.9932752029         3.3581225424        -8.9671454185
        0.4604440000         1.6500000000         0.9779612418         3.3249481355        -9.3660693638
        0.4654170000         1.6500000000         1.0111414909         3.2917737285        -8.5017341489
        0.4704284000         1.6500000000         0.9703042612         3.2509436892        -9.5655313365
        0.4754330000         1.6500000000         0.9907228761         3.2203211597        -9.0336327427
        0.4803953000         1.6500000000         0.9958275298         3.1871467527        -8.9006580942
        0.4854279000         1.6500000000         0.9830658955         3.1488685908        -9.2330947154
        0.4903798000         1.6500000000         0.9881705492         3.1259016937        -9.1001200669
        0.4954170000         1.6500000000         0.9983798566         3.0876235318        -8.8341707700
        0.5004054000         1.6500000000         1.0034845104         3.0544491248        -8.7011961215
        0.5054062000         1.6500000000         0.9651996075         3.0187228404        -9.6985059849
        0.5104032000         1.6500000000         1.0034845104         2.9855484334        -8.7011961215
        0.5154269000         1.6500000000         0.9958275298         2.9523740265        -8.9006580942
        0.5207406000         1.6500000000         1.0034845104         2.9243033744        -8.7011961215
        0.5270541000         1.6500000000         0.9907228761         2.8911289674        -9.0336327427
        0.5304400000         1.6500000000         1.0085891641         2.8528508056        -8.5682214731
        0.5354456000         1.6500000000         1.0009321835         2.8222282761        -8.7676834458
        0.5404249000         1.6500000000         0.9983798566         2.7865019916        -8.8341707700
        0.5454764000         1.6500000000         0.9805135686         2.7456719523        -9.2995820396
        0.5504123000         1.6500000000         1.0009321835         2.7150494228        -8.7676834458
        0.5554156000         1.6500000000         0.9856182224         2.6767712609        -9.1666073911
        0.5604059000         1.6500000000         1.0060368372         2.6538043638        -8.6347087973
        0.5654113000         1.6500000000         0.9830658955         2.6155262019        -9.2330947154
        0.5703894000         1.6500000000         0.9932752029         2.5772480400        -8.9671454185
        0.5754026000         1.6500000000         0.9983798566         2.5440736330        -8.8341707700
        0.5804177000         1.6500000000         0.9703042612         2.5134511035        -9.5655313365
        0.5854307000         1.6500000000         1.0136938178         2.4828285740        -8.4352468246
        0.5904332000         1.6500000000         0.9779612418         2.4547579220        -9.3660693638
        0.5953994000         1.6500000000         1.0009321835         2.4139278826        -8.7676834458
        0.6003839000         1.6500000000         0.9830658955         2.3730978433        -9.2330947154
        0.6054053000         1.6500000000         0.9932752029         2.3450271912        -8.9671454185
        0.6103910000         1.6500000000         0.9754089149         2.3093009068        -9.4325566880
        0.6154020000         1.6500000000         0.9983798566         2.2710227449        -8.8341707700
        0.6203860000         1.6500000000         1.0213507983         2.2429520929        -8.2357848520
        0.6253870000         1.6500000000         1.0060368372         2.2148814408        -8.6347087973
        0.6304268000         1.6500000000         0.9779612418         2.1766032789        -9.3660693638
        0.6354100000         1.6500000000         0.9932752029         2.1408769945        -8.9671454185
        0.6404910000         1.6500000000         0.9958275298         2.1077025875        -8.9006580942
        0.6454317000         1.6500000000         0.9805135686         2.0719763031        -9.2995820396
        0.6504138000         1.6500000000         0.9907228761         2.0388018961        -9.0336327427
        0.6554873000         1.6500000000         0.9856182224         2.0030756117        -9.1666073911
        0.6604382000         1.6500000000         1.0009321835         1.9699012047        -8.7676834458
        0.6654099000         1.6500000000         0.9677519344         1.9290711654        -9.6320186607
        0.6703964000         1.6500000000         0.9983798566         1.8933448810        -8.8341707700
        0.6754048000         1.6500000000         0.9805135686         1.8703779838        -9.2995820396
        0.6803950000         1.6500000000         1.0060368372         1.8346516994        -8.6347087973
        0.6853861000         1.6500000000         0.9779612418         1.8065810474        -9.3660693638
        0.6904054000         1.6500000000         1.0162461446         1.7683028855        -8.3687595004
        0.6953997000         1.6500000000         1.0136938178         1.7376803560        -8.4352468246
        0.7004018000         1.6500000000         0.9932752029         1.6968503166        -8.9671454185
        0.7054072000         1.6500000000         0.9932752029         1.6687796646        -8.9671454185
        0.7103960000         1.6500000000         1.0034845104         1.6407090125        -8.7011961215
        0.7154024000         1.6500000000         0.9881705492         1.6100864830        -9.1001200669
        0.7204240000         1.6500000000         1.0009321835         1.5692564437        -8.7676834458
        0.7254186000         1.6500000000         1.0162461446         1.5462895465        -8.3687595004
        0.7304271000         1.6500000000         0.9932752029         1.5131151396        -8.9671454185
        0.7354617000         1.6500000000         1.0136938178         1.4748369777        -8.4352468246
        0.7404123000         1.6500000000         0.9881705492         1.4340069384        -9.1001200669
        0.7453821000         1.6500000000         1.0136938178         1.4084881638        -8.4352468246
        0.7504153000         1.6500000000         0.9881705492         1.3702100019        -9.1001200669
        0.7554012000         1.6500000000         1.0162461446         1.3421393498        -8.3687595004
        0.7603993000         1.6500000000         0.9958275298         1.3140686978        -8.9006580942
        0.7653873000         1.6500000000         1.0213507983         1.2808942908        -8.2357848520
        0.7703988000         1.6500000000         1.0034845104         1.2451680064        -8.7011961215
        0.7754032000         1.6500000000         1.0085891641         1.2145454769        -8.5682214731
        0.7803962000         1.6500000000         1.0034845104         1.1788191925        -8.7011961215
        0.7854274000         1.6500000000         0.9958275298         1.1456447855        -8.9006580942
        0.7903889000         1.6500000000         0.9907228761         1.1022628687        -9.0336327427
        0.7954153000         1.6500000000         0.9958275298         1.0716403392        -8.9006580942
        0.8004689000         1.6500000000         1.0060368372         1.0461215646        -8.6347087973
        0.8054248000         1.6500000000         0.9932752029         1.0103952802        -8.9671454185
        0.8104612000         1.6500000000         1.0060368372         0.9746689957        -8.6347087973
        0.8155675000         1.6500000000         0.9932752029         0.9440464662        -8.9671454185
        0.8204099000         1.6500000000         1.0162461446         0.9134239367        -8.3687595004
        0.8254682000         1.6500000000         0.9932752029         0.8700420199        -8.9671454185
        0.8304433000         1.6500000000         1.0009321835         0.8470751228        -8.7676834458
        0.8354112000         1.6500000000         1.0111414909         0.8036932060        -8.5017341489
        0.8404083000         1.6500000000         1.0060368372         0.7705187990        -8.6347087973
        0.8454066000         1.6500000000         1.0009321835         0.7322406371        -8.7676834458
        0.8503906000         1.6500000000         0.9779612418         0.6990662302        -9.3660693638
        0.8553978000         1.6500000000         1.0060368372         0.6633399457        -8.6347087973
        0.8603989000         1.6500000000         0.9983798566         0.6301655388        -8.8341707700
        0.8653929000         1.6500000000         1.0111414909         0.6123023966        -8.5017341489
        0.8703923000         1.6500000000         1.0060368372         0.5689204797        -8.6347087973
        0.8754034000         1.6500000000         1.0060368372         0.5357460728        -8.6347087973
        0.8803867000         1.6500000000         1.0085891641         0.5025716658        -8.5682214731
        0.8853995000         1.6500000000         1.0085891641         0.4770528912        -8.5682214731
        0.8904349000         1.6500000000         1.0085891641         0.4362228519        -8.5682214731
        0.8953929000         1.6500000000         1.0111414909         0.4107040773        -8.5017341489
        0.9004344000         1.6500000000         1.0085891641         0.3698740379        -8.5682214731
        0.9054039000         1.6500000000         0.9932752029         0.3264921211        -8.9671454185
        0.9103908000         1.6500000000         1.0060368372         0.2907658367        -8.6347087973
        0.9154253000         1.6500000000         1.0392170863         0.2677989396        -7.7703735824
        0.9204116000         1.6500000000         0.9907228761         0.2320726552        -9.0336327427
        0.9254145000         1.6500000000         1.0136938178         0.1963463707        -8.4352468246
        0.9304308000         1.6500000000         0.9958275298         0.1708275961        -8.9006580942
        0.9353922000         1.6500000000         1.0187984715         0.1351013117        -8.3022721762
        0.9404352000         1.6500000000         0.9932752029         0.0942712724        -8.9671454185
        0.9453980000         1.6500000000         1.0009321835         0.0559931105        -8.7676834458
        0.9504093000         1.6500000000         1.0009321835         0.0228187035        -8.7676834458
        0.9554000000         1.6500000000         0.9958275298         0.0024036839        -8.9006580942
        0.9604069000         1.6500000000         1.0009321835         0.0075074388        -8.7676834458
        0.9654442000         1.6500000000         1.0136938178         0.0049555613        -8.4352468246
        0.9704466000         1.6500000000         0.9983798566         0.0024036839        -8.8341707700
        0.9754077000         1.6500000000         1.0111414909         1.1124703785        -8.5017341489
        0.9804183000         1.6500000000         0.9958275298         4.9989797486        -8.9006580942
        0.9854032000         1.6500000000         1.0009321835         4.9989797486        -8.7676834458
        0.9904040000         1.6500000000         0.9881705492         5.0066353810        -9.1001200669
        0.9953851000         1.6500000000         0.9932752029         5.0015316260        -8.9671454185
        1.0004287000         1.6500000000         0.9958275298         4.9887722387        -8.9006580942
        1.0054300000         1.6500000000         0.9881705492         4.9479421994        -9.1001200669
        1.0104487000         1.6500000000         1.0136938178         4.9249753023        -8.4352468246
        1.0154264000         1.6500000000         0.9881705492         4.8866971404        -9.1001200669
        1.0204191000         1.6500000000         1.0111414909         4.8535227334        -8.5017341489
        1.0254650000         1.6500000000         0.9856182224         4.8101408166        -9.1666073911
        1.0304281000         1.6500000000         0.9958275298         4.7718626547        -8.9006580942
        1.0354144000         1.6500000000         0.9830658955         4.7361363703        -9.2330947154
        1.0404235000         1.6500000000         1.0085891641         4.7055138408        -8.5682214731
        1.0454195000         1.6500000000         0.9754089149         4.6621319240        -9.4325566880
        1.0504116000         1.6500000000         0.9856182224         4.6289575170        -9.1666073911
        1.0554769000         1.6500000000         1.0085891641         4.5983349875        -8.5682214731
        1.0604333000         1.6500000000         0.9856182224         4.5626087031        -9.1666073911
        1.0654093000         1.6500000000         0.9881705492         4.5268824187        -9.1001200669
        1.0703892000         1.6500000000         0.9881705492         4.4886042568        -9.1001200669
        1.0754018000         1.6500000000         0.9958275298         4.4579817273        -8.9006580942
        1.0804081000         1.6500000000         0.9779612418         4.4248073203        -9.3660693638
        1.0853977000         1.6500000000         0.9983798566         4.3814254035        -8.8341707700
        1.0903826000         1.6500000000         0.9779612418         4.3584585064        -9.3660693638
        1.0953874000         1.6500000000         1.0009321835         4.3201803445        -8.7676834458
        1.1003941000         1.6500000000         0.9932752029         4.2870059375        -8.9671454185
        1.1054034000         1.6500000000         1.0085891641         4.2512796531        -8.5682214731
        1.1103941000         1.6500000000         0.9830658955         4.2104496138        -9.2330947154
        1.1155000000         1.6500000000         0.9983798566         4.1772752068        -8.8341707700
        1.1204336000         1.6500000000         0.9881705492         4.1466526773        -9.1001200669
        1.1253887000         1.6500000000         0.9958275298         4.1007188830        -8.9006580942
        1.1304040000         1.6500000000         0.9881705492         4.0675444760        -9.1001200669
        1.1353979000         1.6500000000         0.9703042612         4.0292663142        -9.5655313365
        1.1403983000         1.6500000000         1.0085891641         4.0011956621        -8.5682214731
        1.1453977000         1.6500000000         0.9830658955         3.9680212551        -9.2330947154
        1.1504105000         1.6500000000         0.9779612418         3.9348468482        -9.3660693638
        1.1553912000         1.6500000000         0.9881705492         3.9016724412        -9.1001200669
        1.1604052000         1.6500000000         0.9958275298         3.8684980342        -8.9006580942
        1.1653914000         1.6500000000         0.9626472806         3.8276679949        -9.7649933092
        1.1703970000         1.6500000000         0.9958275298         3.7944935879        -8.9006580942
        1.1754039000         1.6500000000         0.9779612418         3.7613191810        -9.3660693638
        1.1804296000         1.6500000000         0.9907228761         3.7306966515        -9.0336327427
        1.1854252000         1.6500000000         0.9651996075         3.6949703670        -9.6985059849
        1.1904483000         1.6500000000         1.0034845104         3.6566922051        -8.7011961215
        1.1954366000         1.6500000000         1.0060368372         3.6209659207        -8.6347087973
        1.2004077000         1.6500000000         0.9575426269         3.5801358814        -9.8979679576
        1.2054257000         1.6500000000         1.0366647595         3.5469614744        -7.8368609066
        1.2104019000         1.6500000000         0.9754089149         3.5086833125        -9.4325566880
        1.2154213000         1.6500000000         0.9830658955         3.4806126605        -9.2330947154
        1.2204059000         1.6500000000         0.9779612418         3.4372307437        -9.3660693638
        1.2254298000         1.6500000000         1.0009321835         3.4091600916        -8.7676834458
        1.2304560000         1.6500000000         0.9728565881         3.3759856847        -9.4990440123
        1.2354262000         1.6500000000         0.9907228761         3.3453631551        -9.0336327427
        1.2403942000         1.6500000000         0.9907228761         3.3096368707        -9.0336327427
        1.2453973000         1.6500000000         0.9983798566         3.2713587088        -8.8341707700
        1.2504043000         1.6500000000         0.9575426269         3.2279767920        -9.8979679576
        1.2553986000         1.6500000000         1.0034845104         3.2075617724        -8.7011961215
        1.2603990000         1.6500000000         0.9805135686         3.1616279781        -9.2995820396
        1.2653925000         1.6500000000         0.9958275298         3.1361092035        -8.9006580942
        1.2704637000         1.6500000000         0.9600949538         3.0901754092        -9.8314806334
        1.2754019000         1.6500000000         1.0213507983         3.0646566347        -8.2357848520
        1.2804081000         1.6500000000         0.9728565881         3.0340341051        -9.4990440123
        1.2853924000         1.6500000000         0.9830658955         2.9906521883        -9.2330947154
        1.2904354000         1.6500000000         0.9881705492         2.9600296588        -9.1001200669
        1.2953906000         1.6500000000         0.9754089149         2.9243033744        -9.4325566880
        1.3003913000         1.6500000000         0.9728565881         2.8885770900        -9.4990440123
        1.3054033000         1.6500000000         0.9881705492         2.8554026830        -9.1001200669
        1.3103798000         1.6500000000         0.9907228761         2.8273320310        -9.0336327427
        1.3153910000         1.6500000000         0.9881705492         2.7890538691        -9.1001200669
        1.3204074000         1.6500000000         0.9728565881         2.7507757072        -9.4990440123
        1.3254885000         1.6500000000         0.9932752029         2.7201531777        -8.9671454185
        1.3304073000         1.6500000000         0.9856182224         2.6895306482        -9.1666073911
        1.3354031000         1.6500000000         0.9830658955         2.6487006088        -9.2330947154
        1.3404229000         1.6500000000         0.9856182224         2.6231818342        -9.1666073911
        1.3458434000         1.6500000000         0.9754089149         2.5746961625        -9.4325566880
        1.3504094000         1.6500000000         0.9983798566         2.5517292654        -8.8341707700
        1.3556977000         1.6500000000         0.9754089149         2.5083473486        -9.4325566880
        1.3604007000         1.6500000000         0.9881705492         2.4675173092        -9.1001200669
        1.3654022000         1.6500000000         0.9754089149         2.4419985347        -9.4325566880
        1.3703885000         1.6500000000         0.9983798566         2.4113760052        -8.8341707700
        1.3753986000         1.6500000000         0.9805135686         2.3782015982        -9.2995820396
        1.3803889000         1.6500000000         0.9958275298         2.3297159265        -8.9006580942
        1.3853919000         1.6500000000         0.9651996075         2.3016452744        -9.6985059849
        1.3903975000         1.6500000000         1.0034845104         2.2684708674        -8.7011961215
        1.3954067000         1.6500000000         0.9754089149         2.2352964605        -9.4325566880
        1.4004174000         1.6500000000         1.0085891641         2.2046739310        -8.5682214731
        1.4054036000         1.6500000000         0.9651996075         2.1587401367        -9.6985059849
        1.4103937000         1.6500000000         1.0060368372         2.1383251170        -8.6347087973
        1.4153980000         1.6500000000         0.9983798566         2.0974950777        -8.8341707700
        1.4203824000         1.6500000000         0.9805135686         2.0566650383        -9.2995820396
        1.4253848000         1.6500000000         0.9856182224         2.0234906314        -9.1666073911
        1.4303932000         1.6500000000         1.0085891641         1.9954199793        -8.5682214731
        1.4354026000         1.6500000000         0.9805135686         1.9622455724        -9.2995820396
        1.4403926000         1.6500000000         1.0085891641         1.9367267978        -8.5682214731
        1.4453913000         1.6500000000         1.0009321835         1.9035523908        -8.7676834458
        1.4503816000         1.6500000000         0.9881705492         1.8601704740        -9.1001200669
        1.4553858000         1.6500000000         0.9932752029         1.8269960670        -8.9671454185
        1.4603963000         1.6500000000         0.9907228761         1.7938216601        -9.0336327427
        1.4654019000         1.6500000000         1.0060368372         1.7580953756        -8.6347087973
        1.4704199000         1.6500000000         0.9703042612         1.7300247236        -9.5655313365
        1.4753977000         1.6500000000         1.0060368372         1.6968503166        -8.6347087973
        1.4804048000         1.6500000000         0.9830658955         1.6611240322        -9.2330947154
        1.4853901000         1.6500000000         1.0009321835         1.6279496252        -8.7676834458
        1.4904100000         1.6500000000         0.9728565881         1.5973270957        -9.4990440123
        1.4954076000         1.6500000000         1.0162461446         1.5743601986        -8.3687595004
        1.5003909000         1.6500000000         1.0060368372         1.5335301593        -8.6347087973
        1.5053984000         1.6500000000         0.9856182224         1.4901482425        -9.1666073911
        1.5103904000         1.6500000000         0.9958275298         1.4595257129        -8.9006580942
        1.5153966000         1.6500000000         0.9907228761         1.4314550609        -9.0336327427
        1.5204216000         1.6500000000         0.9932752029         1.3931768990        -8.9671454185
        1.5254189000         1.6500000000         0.9983798566         1.3676581244        -8.8341707700
        1.5304219000         1.6500000000         1.0009321835         1.3319318400        -8.7676834458
        1.5354725000         1.6500000000         1.0009321835         1.2987574330        -8.7676834458
        1.5404106000         1.6500000000         0.9983798566         1.2604792711        -8.8341707700
        1.5454240000         1.6500000000         0.9932752029         1.2247529867        -8.9671454185
        1.5504320000         1.6500000000         1.0034845104         1.1966823347        -8.7011961215
        1.5554135000         1.6500000000         1.0009321835         1.1609560502        -8.7676834458
        1.5603991000         1.6500000000         0.9958275298         1.1252297658        -8.9006580942
        1.5653848000         1.6500000000         0.9958275298         1.0971591138        -8.9006580942
        1.5703955000         1.6500000000         1.0009321835         1.0588809519        -8.7676834458
        1.5754195000         1.6500000000         0.9958275298         1.0231546675        -8.9006580942
        1.5804056000         1.6500000000         0.9983798566         0.9950840154        -8.8341707700
        1.5853898000         1.6500000000         1.0034845104         0.9542539761        -8.7011961215
        1.5904294000         1.6500000000         0.9907228761         0.9236314466        -9.0336327427
        1.5953879000         1.6500000000         1.0519787206         0.8955607945        -7.4379369612
        1.6003965000         1.6500000000         0.9983798566         0.8623863875        -8.8341707700
        1.6054008000         1.6500000000         0.9983798566         0.8266601031        -8.8341707700
        1.6104068000         1.6500000000         1.0162461446         0.7934856961        -8.3687595004
        1.6153900000         1.6500000000         1.0060368372         0.7679669216        -8.6347087973
        1.6203853000         1.6500000000         1.0060368372         0.7296887597        -8.6347087973
        1.6253836000         1.6500000000         1.0034845104         0.7041699851        -8.7011961215
        1.6303956000         1.6500000000         1.0162461446         0.6684437007        -8.3687595004
        1.6353894000         1.6500000000         0.9958275298         0.6276136613        -8.9006580942
        1.6404388000         1.6500000000         1.0136938178         0.6020948867        -8.4352468246
        1.6454295000         1.6500000000         1.0060368372         0.5612648474        -8.6347087973
        1.6507923000         1.6500000000         1.0009321835         0.5280904404        -8.7676834458
        1.6555869000         1.6500000000         1.0009321835         0.4923641560        -8.7676834458
        1.6603960000         1.6500000000         0.9958275298         0.4566378716        -8.9006580942
        1.6654298000         1.6500000000         1.0009321835         0.4234634646        -8.7676834458
        1.6703889000         1.6500000000         1.0009321835         0.3928409351        -8.7676834458
        1.6753981000         1.6500000000         1.0009321835         0.3596665281        -8.7676834458
        1.6803825000         1.6500000000         0.9958275298         0.3315958761        -8.9006580942
        1.6853919000         1.6500000000         1.0162461446         0.2958695916        -8.3687595004
        1.6903934000         1.6500000000         1.0060368372         0.2601433072        -8.6347087973
        1.6953817000         1.6500000000         1.0034845104         0.2218651453        -8.7011961215
        1.7003877000         1.6500000000         0.9983798566         0.1886907384        -8.8341707700
        1.7053955000         1.6500000000         0.9983798566         0.1529644539        -8.8341707700
        1.7104044000         1.6500000000         0.9983798566         0.1172381695        -8.8341707700
        1.7153902000         1.6500000000         0.9907228761         0.0764081302        -9.0336327427
        1.7204321000         1.6500000000         1.0085891641         0.0406818457        -8.5682214731
        1.7254070000         1.6500000000         1.0009321835         0.0177149486        -8.7676834458
        1.7303946000         1.6500000000         0.9983798566        -0.0001481936        -8.8341707700
        1.7353974000         1.6500000000         0.9983798566        -0.0001481936        -8.8341707700
        1.7403818000         1.6500000000         1.0060368372         0.0075074388        -8.6347087973
        1.7453922000         1.6500000000         1.0009321835         1.1022628687        -8.7676834458
        1.7503819000         1.6500000000         0.9958275298         1.1022628687        -8.9006580942
        1.7553878000         1.6500000000         0.9830658955         4.9964278711        -9.2330947154
        1.7603960000         1.6500000000         1.0136938178         5.0066353810        -8.4352468246
        1.7654492000         1.6500000000         0.9805135686         5.0040835035        -9.2995820396
        1.7704627000         1.6500000000         1.0085891641         5.0040835035        -8.5682214731
        1.7774544000         1.6500000000         0.9856182224         4.9632534642        -9.1666073911
        1.7809510000         1.6500000000         0.9983798566         4.9351828121        -8.8341707700
        1.7854231000         1.6500000000         1.0009321835         4.9096640375        -8.7676834458
        1.7909616000         1.6500000000         0.9932752029         4.8688339982        -8.9671454185
        1.7965473000         1.6500000000         0.9881705492         4.8280039588        -9.1001200669
        1.8005152000         1.6500000000         0.9779612418         4.7922776744        -9.3660693638
        1.8055225000         1.6500000000         0.9830658955         4.7616551449        -9.2330947154
        1.8104483000         1.6500000000         0.9856182224         4.7259288605        -9.1666073911
        1.8154638000         1.6500000000         0.9932752029         4.6825469437        -8.9671454185
        1.8204258000         1.6500000000         0.9677519344         4.6595800465        -9.6320186607
        1.8254121000         1.6500000000         0.9958275298         4.6110943748        -8.9006580942
        1.8303878000         1.6500000000         0.9830658955         4.5830237228        -9.2330947154
        1.8354080000         1.6500000000         0.9856182224         4.5472974383        -9.1666073911
        1.8405344000         1.6500000000         0.9728565881         4.5039155215        -9.4990440123
        1.8454461000         1.6500000000         1.0009321835         4.4809486244        -8.7676834458
        1.8512264000         1.6500000000         0.9779612418         4.4324629527        -9.3660693638
        1.8562808000         1.6500000000         0.9728565881         4.3992885457        -9.4990440123
        1.8605240000         1.6500000000         0.9907228761         4.3635622613        -9.0336327427
        1.8655237000         1.6500000000         0.9830658955         4.3303878543        -9.2330947154
        1.8704721000         1.6500000000         0.9958275298         4.2972134474        -8.9006580942
        1.8754372000         1.6500000000         0.9830658955         4.2538315306        -9.2330947154
        1.8804341000         1.6500000000         0.9754089149         4.2206571236        -9.4325566880
        1.8854394000         1.6500000000         0.9651996075         4.1849308392        -9.6985059849
        1.8904055000         1.6500000000         1.0009321835         4.1594120646        -8.7676834458
        1.8955326000         1.6500000000         0.9779612418         4.1160301478        -9.3660693638
        1.9004098000         1.6500000000         0.9856182224         4.0854076183        -9.1666073911
        1.9054413000         1.6500000000         0.9600949538         4.0471294564        -9.8314806334
        1.9104122000         1.6500000000         0.9932752029         4.0088512945        -8.9671454185
        1.9154415000         1.6500000000         0.9881705492         3.9782287650        -9.1001200669
        1.9203809000         1.6500000000         0.9728565881         3.9450543580        -9.4990440123
        1.9254171000         1.6500000000         0.9754089149         3.9118799510        -9.4325566880
        1.9304192000         1.6500000000         0.9932752029         3.8761536666        -8.9671454185
        1.9354230000         1.6500000000         0.9626472806         3.8455311371        -9.7649933092
        1.9404149000         1.6500000000         0.9830658955         3.7970454654        -9.2330947154
        1.9454217000         1.6500000000         0.9881705492         3.7664229359        -9.1001200669
        1.9503989000         1.6500000000         0.9677519344         3.7306966515        -9.6320186607
        1.9562195000         1.6500000000         0.9626472806         3.6873147347        -9.7649933092
        1.9604358000         1.6500000000         0.9779612418         3.6566922051        -9.3660693638
        1.9654530000         1.6500000000         0.9856182224         3.6260696756        -9.1666073911
        1.9704234000         1.6500000000         0.9651996075         3.5928952687        -9.6985059849
        1.9754226000         1.6500000000         0.9856182224         3.5571689842        -9.1666073911
        1.9804331000         1.6500000000         0.9754089149         3.5188908224        -9.4325566880
        1.9854282000         1.6500000000         0.9677519344         3.4780607830        -9.6320186607
        1.9904589000         1.6500000000         0.9677519344         3.4448863760        -9.6320186607
        1.9954508000         1.6500000000         0.9907228761         3.4040563367        -9.0336327427
        2.0004376000         1.6500000000         0.9677519344         3.3759856847        -9.6320186607
        2.0054288000         1.6500000000         0.9805135686         3.3504669101        -9.2995820396
        2.0104714000         1.6500000000         0.9856182224         3.3121887482        -9.1666073911
        2.0155317000         1.6500000000         0.9830658955         3.2688068314        -9.2330947154
        2.0205739000         1.6500000000         0.9626472806         3.2305286695        -9.7649933092
        2.0254237000         1.6500000000         0.9830658955         3.2024580174        -9.2330947154
        2.0304623000         1.6500000000         0.9677519344         3.1590761006        -9.6320186607
        2.0354664000         1.6500000000         0.9881705492         3.1284535711        -9.1001200669
        2.0404553000         1.6500000000         0.9626472806         3.1003829191        -9.7649933092
        2.0454014000         1.6500000000         1.0009321835         3.0595528797        -8.7676834458
        2.0504517000         1.6500000000         0.9677519344         3.0289303502        -9.6320186607
        2.0554099000         1.6500000000         0.9779612418         2.9829965560        -9.3660693638
        2.0604244000         1.6500000000         0.9754089149         2.9549259039        -9.4325566880
        2.0654052000         1.6500000000         0.9907228761         2.9191996195        -9.0336327427
        2.0704439000         1.6500000000         0.9549903001         2.8834733351        -9.9644552819
        2.0754866000         1.6500000000         0.9932752029         2.8554026830        -8.9671454185
        2.0805385000         1.6500000000         0.9703042612         2.8120207662        -9.5655313365
        2.0854474000         1.6500000000         0.9830658955         2.7762944818        -9.2330947154
        2.0904423000         1.6500000000         0.9703042612         2.7431200748        -9.5655313365
        2.0954365000         1.6500000000         0.9983798566         2.7150494228        -8.8341707700
        2.1004172000         1.6500000000         0.9805135686         2.6742193834        -9.2995820396
        2.1054994000         1.6500000000         0.9856182224         2.6487006088        -9.1666073911
        2.1109789000         1.6500000000         0.9779612418         2.5976630597        -9.3660693638
        2.1154199000         1.6500000000         0.9830658955         2.5695924076        -9.2330947154
        2.1204120000         1.6500000000         0.9754089149         2.5389698781        -9.4325566880
        2.1254013000         1.6500000000         0.9907228761         2.5006917162        -9.0336327427
        2.1303916000         1.6500000000         0.9830658955         2.4649654318        -9.2330947154
        2.1353846000         1.6500000000         0.9703042612         2.4266872699        -9.5655313365
        2.1404067000         1.6500000000         0.9881705492         2.3909609855        -9.1001200669
        2.1453908000         1.6500000000         0.9856182224         2.3679940883        -9.1666073911
        2.1515775000         1.6500000000         0.9779612418         2.3169565392        -9.3660693638
        2.1554083000         1.6500000000         0.9728565881         2.2965415195        -9.4990440123
        2.1604256000         1.6500000000         0.9983798566         2.2582633576        -8.8341707700
        2.1654018000         1.6500000000         0.9881705492         2.2276408281        -9.1001200669
        2.1703811000         1.6500000000         0.9881705492         2.1919145437        -9.1001200669
        2.1753974000         1.6500000000         0.9651996075         2.1536363818        -9.6985059849
        2.1813640000         1.6500000000         0.9983798566         2.1077025875        -8.8341707700
        2.1854179000         1.6500000000         0.9677519344         2.0796319355        -9.6320186607
        2.1904032000         1.6500000000         0.9856182224         2.0490094060        -9.1666073911
        2.1953784000         1.6500000000         0.9830658955         2.0132831215        -9.2330947154
        2.2004139000         1.6500000000         0.9856182224         1.9801087146        -9.1666073911
        2.2054266000         1.6500000000         0.9703042612         1.9392786752        -9.5655313365
        2.2107005000         1.6500000000         0.9983798566         1.9035523908        -8.8341707700
        2.2154315000         1.6500000000         0.9856182224         1.8780336162        -9.1666073911
        2.2204282000         1.6500000000         0.9779612418         1.8372035769        -9.3660693638
        2.2254248000         1.6500000000         0.9805135686         1.8040291699        -9.2995820396
        2.2304163000         1.6500000000         0.9881705492         1.7631991306        -9.1001200669
        2.2354229000         1.6500000000         0.9575426269         1.7300247236        -9.8979679576
        2.2404068000         1.6500000000         1.0060368372         1.7070578265        -8.6347087973
        2.2455042000         1.6500000000         0.9754089149         1.6662277871        -9.4325566880
        2.2504498000         1.6500000000         0.9932752029         1.6330533802        -8.9671454185
        2.2554129000         1.6500000000         0.9805135686         1.6049827281        -9.2995820396
        2.2604417000         1.6500000000         1.0187984715         1.5641526888        -8.3022721762
        2.2653907000         1.6500000000         0.9881705492         1.5335301593        -9.1001200669
        2.2707038000         1.6500000000         0.9958275298         1.4875963650        -8.9006580942
        2.2754323000         1.6500000000         0.9983798566         1.4697332228        -8.8341707700
        2.2804107000         1.6500000000         0.9830658955         1.4314550609        -9.2330947154
        2.2854399000         1.6500000000         0.9983798566         1.3957287765        -8.8341707700
        2.2905063000         1.6500000000         0.9779612418         1.3523468597        -9.3660693638
        2.2954281000         1.6500000000         0.9958275298         1.3268280851        -8.9006580942
        2.3004394000         1.6500000000         0.9754089149         1.2885499232        -9.4325566880
        2.3056507000         1.6500000000         0.9881705492         1.2528236388        -9.1001200669
        2.3105069000         1.6500000000         0.9830658955         1.2273048642        -9.2330947154
        2.3154104000         1.6500000000         1.0034845104         1.1864748248        -8.7011961215
        2.3203989000         1.6500000000         0.9830658955         1.1660598052        -9.2330947154
        2.3254317000         1.6500000000         1.0136938178         1.1303335207        -8.4352468246
        2.3304134000         1.6500000000         0.9983798566         1.0997109912        -8.8341707700
        2.3354309000         1.6500000000         0.9856182224         1.0563290744        -9.1666073911
        2.3405142000         1.6500000000         1.0009321835         1.0308102998        -8.7676834458
        2.3454195000         1.6500000000         0.9907228761         0.9874283830        -9.0336327427
        2.3504095000         1.6500000000         0.9983798566         0.9542539761        -8.8341707700
        2.3554137000         1.6500000000         0.9830658955         0.9134239367        -9.2330947154
        2.3604009000         1.6500000000         1.0341124326         0.8930089170        -7.9033482308
        2.3655839000         1.6500000000         0.9779612418         0.8496270002        -9.3660693638
        2.3704252000         1.6500000000         0.9983798566         0.8113488384        -8.8341707700
        2.3754216000         1.6500000000         0.9881705492         0.7781744314        -9.1001200669
        2.3804050000         1.6500000000         0.9983798566         0.7501037793        -8.8341707700
        2.3854145000         1.6500000000         0.9805135686         0.7067218625        -9.2995820396
        2.3903913000         1.6500000000         1.0111414909         0.6837549654        -8.5017341489
        2.3954262000         1.6500000000         0.9983798566         0.6480286810        -8.8341707700
        2.4003901000         1.6500000000         0.9881705492         0.6123023966        -9.1001200669
        2.4053882000         1.6500000000         0.9958275298         0.5740242347        -8.9006580942
        2.4104111000         1.6500000000         0.9779612418         0.5331941953        -9.3660693638
        2.4154086000         1.6500000000         0.9958275298         0.4974679109        -8.9006580942
        2.4203965000         1.6500000000         0.9881705492         0.4719491363        -9.1001200669
        2.4254003000         1.6500000000         1.0034845104         0.4362228519        -8.7011961215
        2.4303895000         1.6500000000         0.9881705492         0.4081521998        -9.1001200669
        2.4353970000         1.6500000000         1.0136938178         0.3724259154        -8.4352468246
        2.4404153000         1.6500000000         0.9805135686         0.3264921211        -9.2995820396
        2.4454211000         1.6500000000         1.0060368372         0.2984214691        -8.6347087973
        2.4503997000         1.6500000000         0.9881705492         0.2575914298        -9.1001200669
        2.4553842000         1.6500000000         0.9805135686         0.2167613904        -9.2995820396
        2.4603937000         1.6500000000         0.9805135686         0.1835869834        -9.2995820396
        2.4653792000         1.6500000000         0.9856182224         0.1529644539        -9.1666073911
        2.4703830000         1.6500000000         0.9907228761         0.1121344146        -9.0336327427
        2.4754081000         1.6500000000         0.9779612418         0.0789600076        -9.3660693638
        2.4804083000         1.6500000000         0.9958275298         0.0406818457        -8.9006580942
        2.4854082000         1.6500000000         0.9932752029         0.0075074388        -8.9671454185
        2.4903934000         1.6500000000         0.9830658955         0.0075074388        -9.2330947154
        2.4953995000         1.6500000000         0.9983798566         0.0075074388        -8.8341707700
        2.5003881000         1.6500000000         0.9881705492        -0.0001481936        -9.1001200669
        2.5053937000         1.6500000000         0.9830658955         1.1201260109        -9.2330947154
        2.5103986000         1.6500000000         0.9754089149         1.1099185011        -9.4325566880
        2.5153928000         1.6500000000         0.9805135686         4.9989797486        -9.2995820396
        2.5203977000         1.6500000000         0.9856182224         5.0015316260        -9.1666073911
        2.5254101000         1.6500000000         0.9651996075         5.0015316260        -9.6985059849
        2.5304413000         1.6500000000         0.9907228761         4.9862203613        -9.0336327427
        2.5354091000         1.6500000000         0.9779612418         4.9555978318        -9.3660693638
        2.5403991000         1.6500000000         0.9856182224         4.9173196699        -9.1666073911
        2.5453922000         1.6500000000         0.9651996075         4.8764896306        -9.6985059849
        2.5503978000         1.6500000000         0.9932752029         4.8484189785        -8.9671454185
        2.5553873000         1.6500000000         0.9728565881         4.8126926941        -9.4990440123
        2.5604148000         1.6500000000         0.9881705492         4.7693107773        -9.1001200669
        2.5653867000         1.6500000000         0.9728565881         4.7437920027        -9.4990440123
        2.5704041000         1.6500000000         0.9881705492         4.6978582084        -9.1001200669
        2.5753977000         1.6500000000         0.9754089149         4.6646838015        -9.4325566880
        2.5804069000         1.6500000000         0.9805135686         4.6289575170        -9.2995820396
        2.5853870000         1.6500000000         0.9958275298         4.5932312326        -8.9006580942
        2.5904000000         1.6500000000         0.9728565881         4.5575049482        -9.4990440123
        2.5953957000         1.6500000000         0.9907228761         4.5141230314        -9.0336327427
        2.6003962000         1.6500000000         0.9856182224         4.4860523793        -9.1666073911
        2.6053965000         1.6500000000         0.9907228761         4.4503260949        -9.0336327427
        2.6103983000         1.6500000000         0.9728565881         4.4094960556        -9.4990440123
        2.6153859000         1.6500000000         0.9932752029         4.3788735260        -8.9671454185
        2.6203970000         1.6500000000         0.9856182224         4.3405953642        -9.1666073911
        2.6254058000         1.6500000000         0.9932752029         4.3074209572        -8.9671454185
        2.6306148000         1.6500000000         0.9677519344         4.2538315306        -9.6320186607
        2.6354044000         1.6500000000         0.9881705492         4.2232090010        -9.1001200669
        2.6404097000         1.6500000000         0.9473333195         4.1874827166       -10.1639172545
        2.6453947000         1.6500000000         0.9907228761         4.1594120646        -9.0336327427
        2.6504060000         1.6500000000         0.9856182224         4.1211339027        -9.1666073911
        2.6554447000         1.6500000000         0.9703042612         4.0854076183        -9.5655313365
        2.6604241000         1.6500000000         0.9575426269         4.0394738240        -9.8979679576
        2.6653984000         1.6500000000         0.9932752029         4.0165069269        -8.9671454185
        2.6704063000         1.6500000000         0.9473333195         3.9680212551       -10.1639172545
        2.6753974000         1.6500000000         0.9728565881         3.9322949707        -9.4990440123
        2.6804080000         1.6500000000         0.9651996075         3.9042243187        -9.6985059849
        2.6853868000         1.6500000000         0.9856182224         3.8659461568        -9.1666073911
        2.6904084000         1.6500000000         0.9498856464         3.8302198724       -10.0974299303
        2.6954123000         1.6500000000         0.9779612418         3.7919417105        -9.3660693638
        2.7004129000         1.6500000000         0.9779612418         3.7511116711        -9.3660693638
        2.7053772000         1.6500000000         0.9703042612         3.7230410191        -9.5655313365
        2.7103891000         1.6500000000         0.9677519344         3.6847628572        -9.6320186607
        2.7154201000         1.6500000000         0.9958275298         3.6541403277        -8.9006580942
        2.7204083000         1.6500000000         0.9524379732         3.6107584109       -10.0309426061
        2.7254141000         1.6500000000         0.9805135686         3.5750321265        -9.2995820396
        2.7304028000         1.6500000000         0.9651996075         3.5342020871        -9.6985059849
        2.7354039000         1.6500000000         0.9728565881         3.4984758027        -9.4990440123
        2.7404159000         1.6500000000         0.9498856464         3.4627495183       -10.0974299303
        2.7454230000         1.6500000000         0.9728565881         3.4219194789        -9.4990440123
        2.7504269000         1.6500000000         0.9856182224         3.4015044592        -9.1666073911
        2.7554169000         1.6500000000         0.9728565881         3.3657781748        -9.4990440123
        2.7603995000         1.6500000000         0.9703042612         3.3249481355        -9.5655313365
        2.7653996000         1.6500000000         0.9907228761         3.2943256060        -9.0336327427
        2.7703887000         1.6500000000         0.9524379732         3.2432880568       -10.0309426061
        2.7753703000         1.6500000000         0.9779612418         3.2152174047        -9.3660693638
        2.7808263000         1.6500000000         0.9830658955         3.1845948752        -9.2330947154
        2.7854235000         1.6500000000         0.9677519344         3.1488685908        -9.6320186607
        2.7903940000         1.6500000000         0.9728565881         3.1029347965        -9.4990440123
        2.7954083000         1.6500000000         0.9651996075         3.0697603896        -9.6985059849
        2.8003927000         1.6500000000         0.9728565881         3.0314822277        -9.4990440123
        2.8054025000         1.6500000000         0.9728565881         3.0034115756        -9.4990440123
        2.8104035000         1.6500000000         0.9805135686         2.9727890461        -9.2995820396
        2.8153904000         1.6500000000         0.9830658955         2.9345108842        -9.2330947154
        2.8203980000         1.6500000000         0.9779612418         2.9038883547        -9.3660693638
        2.8254207000         1.6500000000         0.9677519344         2.8605064379        -9.6320186607
        2.8303927000         1.6500000000         0.9983798566         2.8298839084        -8.8341707700
        2.8354019000         1.6500000000         0.9651996075         2.7941576240        -9.6985059849
        2.8404041000         1.6500000000         0.9754089149         2.7533275847        -9.4325566880
        2.8454185000         1.6500000000         0.9677519344         2.7201531777        -9.6320186607
        2.8504093000         1.6500000000         0.9856182224         2.6895306482        -9.1666073911
        2.8554160000         1.6500000000         0.9651996075         2.6538043638        -9.6985059849
        2.8603873000         1.6500000000         0.9932752029         2.6282855892        -8.9671454185
        2.8654000000         1.6500000000         0.9728565881         2.5900074273        -9.4990440123
        2.8703898000         1.6500000000         0.9728565881         2.5466255105        -9.4990440123
        2.8753962000         1.6500000000         0.9728565881         2.5108992261        -9.4990440123
        2.8803997000         1.6500000000         1.0034845104         2.4802766965        -8.7011961215
        2.8854180000         1.6500000000         0.9703042612         2.4496541670        -9.5655313365
        2.8903992000         1.6500000000         0.9830658955         2.4088241277        -9.2330947154
        2.8954069000         1.6500000000         0.9703042612         2.3756497207        -9.5655313365
        2.9004140000         1.6500000000         0.9958275298         2.3373715588        -8.9006580942
        2.9054258000         1.6500000000         0.9473333195         2.2990933970       -10.1639172545
        2.9104128000         1.6500000000         0.9881705492         2.2633671125        -9.1001200669
        2.9153964000         1.6500000000         0.9805135686         2.2352964605        -9.2995820396
        2.9203965000         1.6500000000         0.9805135686         2.1970182986        -9.2995820396
        2.9254041000         1.6500000000         0.9779612418         2.1663957691        -9.3660693638
        2.9304068000         1.6500000000         0.9983798566         2.1357732396        -8.8341707700
        2.9354055000         1.6500000000         0.9830658955         2.0923913228        -9.2330947154
        2.9404157000         1.6500000000         0.9779612418         2.0566650383        -9.3660693638
        2.9454223000         1.6500000000         0.9932752029         2.0285943863        -8.9671454185
        2.9503968000         1.6500000000         0.9983798566         1.9979718568        -8.8341707700
        2.9554079000         1.6500000000         0.9779612418         1.9545899400        -9.3660693638
        2.9603909000         1.6500000000         1.0009321835         1.9265192879        -8.7676834458
        2.9654148000         1.6500000000         0.9932752029         1.8958967584        -8.9671454185
        2.9703858000         1.6500000000         1.0034845104         1.8601704740        -8.7011961215
        2.9753923000         1.6500000000         0.9779612418         1.8218923121        -9.3660693638
        2.9803796000         1.6500000000         0.9958275298         1.7938216601        -8.9006580942
        2.9853894000         1.6500000000         1.0136938178         1.7606472531        -8.4352468246
        2.9903898000         1.6500000000         0.9779612418         1.7198172138        -9.3660693638
        2.9954001000         1.6500000000         0.9932752029         1.6815390519        -8.9671454185
        3.0003896000         1.6500000000         0.9779612418         1.6483646449        -9.3660693638
        3.0053887000         1.6500000000         1.0009321835         1.6202939929        -8.7676834458
        3.0104083000         1.6500000000         0.9754089149         1.5947752183        -9.4325566880
        3.0154128000         1.6500000000         0.9983798566         1.5539451789        -8.8341707700
        3.0203901000         1.6500000000         0.9907228761         1.5207707720        -9.0336327427
        3.0254002000         1.6500000000         1.0239031252         1.4850444875        -8.1692975277
        3.0304210000         1.6500000000         0.9932752029         1.4595257129        -8.9671454185
        3.0354034000         1.6500000000         1.0009321835         1.4237994285        -8.7676834458
        3.0404065000         1.6500000000         0.9881705492         1.3906250215        -9.1001200669
        3.0453890000         1.6500000000         0.9983798566         1.3497949822        -8.8341707700
        3.0504001000         1.6500000000         0.9805135686         1.3166205752        -9.2995820396
        3.0553878000         1.6500000000         0.9881705492         1.2757905359        -9.1001200669
        3.0603941000         1.6500000000         0.9830658955         1.2426161289        -9.2330947154
        3.0654126000         1.6500000000         0.9958275298         1.2196492318        -8.9006580942
        3.0704155000         1.6500000000         0.9958275298         1.1788191925        -8.9006580942
        3.0753932000         1.6500000000         0.9856182224         1.1507485404        -9.1666073911
        3.0804012000         1.6500000000         0.9983798566         1.1175741334        -8.8341707700
        3.0853862000         1.6500000000         1.0009321835         1.0818478490        -8.7676834458
        3.0903952000         1.6500000000         0.9907228761         1.0486734420        -9.0336327427
        3.0953818000         1.6500000000         0.9830658955         1.0052915252        -9.2330947154
        3.1003905000         1.6500000000         0.9932752029         0.9695652408        -8.9671454185
        3.1053967000         1.6500000000         0.9881705492         0.9414945888        -9.1001200669
        3.1104065000         1.6500000000         1.0060368372         0.9134239367        -8.6347087973
        3.1153932000         1.6500000000         0.9830658955         0.8700420199        -9.2330947154
        3.1204001000         1.6500000000         0.9651996075         0.8343157355        -9.6985059849
        3.1253944000         1.6500000000         1.0009321835         0.8062450834        -8.7676834458
        3.1303940000         1.6500000000         0.9881705492         0.7628631666        -9.1001200669
        3.1353990000         1.6500000000         1.0009321835         0.7373443920        -8.7676834458
        3.1403910000         1.6500000000         0.9830658955         0.6965143527        -9.2330947154
        3.1453927000         1.6500000000         1.0060368372         0.6684437007        -8.6347087973
        3.1503984000         1.6500000000         0.9958275298         0.6327174162        -8.9006580942
        3.1554214000         1.6500000000         0.9907228761         0.6020948867        -9.0336327427
        3.1604188000         1.6500000000         0.9983798566         0.5663686023        -8.8341707700
        3.1654033000         1.6500000000         0.9983798566         0.5306423179        -8.8341707700
        3.1704145000         1.6500000000         1.0009321835         0.4974679109        -8.7676834458
        3.1754825000         1.6500000000         0.9932752029         0.4642935039        -8.9671454185
        3.1803967000         1.6500000000         0.9983798566         0.4285672195        -8.8341707700
        3.1853865000         1.6500000000         1.0009321835         0.3928409351        -8.7676834458
        3.1903925000         1.6500000000         1.0060368372         0.3596665281        -8.6347087973
        3.1954028000         1.6500000000         0.9983798566         0.3239402437        -8.8341707700
        3.2004039000         1.6500000000         1.0085891641         0.2907658367        -8.5682214731
        3.2053922000         1.6500000000         1.0519787206         0.2626951847        -7.4379369612
        3.2103787000         1.6500000000         1.0085891641         0.2320726552        -8.5682214731
        3.2153881000         1.6500000000         0.9983798566         0.1886907384        -8.8341707700
        3.2203904000         1.6500000000         0.9983798566         0.1478606990        -8.8341707700
        3.2254090000         1.6500000000         0.9932752029         0.1172381695        -8.9671454185
        3.2303858000         1.6500000000         0.9958275298         0.0866156400        -8.9006580942
        3.2353943000         1.6500000000         1.0136938178         0.0534412330        -8.4352468246
        3.2403837000         1.6500000000         1.0060368372         0.0151630711        -8.6347087973
        3.2453934000         1.6500000000         0.9907228761         0.0024036839        -9.0336327427
        3.2503952000         1.6500000000         1.0060368372         0.0024036839        -8.6347087973
        3.2554065000         1.6500000000         1.0034845104        -0.0001481936        -8.7011961215
        3.2603936000         1.6500000000         1.0034845104         1.1048147461        -8.7011961215
        3.2653971000         1.6500000000         0.9983798566         1.1073666236        -8.8341707700
        3.2703775000         1.6500000000         1.0009321835         5.0015316260        -8.7676834458
        3.2753908000         1.6500000000         1.0417694132         5.0066353810        -7.7038862581
        3.2804259000         1.6500000000         0.9907228761         5.0015316260        -9.0336327427
        3.2854167000         1.6500000000         1.0085891641         5.0015316260        -8.5682214731
        3.2903957000         1.6500000000         0.9958275298         4.9938759937        -8.9006580942
        3.2953966000         1.6500000000         1.0213507983         4.9607015867        -8.2357848520
        3.3003893000         1.6500000000         0.9932752029         4.9198715474        -8.9671454185
        3.3053977000         1.6500000000         1.0009321835         4.8764896306        -8.7676834458
        3.3104908000         1.6500000000         1.0162461446         4.8458671010        -8.3687595004
        3.3154455000         1.6500000000         0.9932752029         4.8101408166        -8.9671454185
        3.3204064000         1.6500000000         1.0213507983         4.7846220420        -8.2357848520
        3.3254087000         1.6500000000         0.9881705492         4.7412401252        -9.1001200669
        3.3303843000         1.6500000000         1.0162461446         4.7055138408        -8.3687595004
        3.3354018000         1.6500000000         0.9754089149         4.6646838015        -9.4325566880
        3.3404068000         1.6500000000         1.0034845104         4.6315093945        -8.7011961215
        3.3454193000         1.6500000000         0.9907228761         4.6034387424        -9.0336327427
        3.3503977000         1.6500000000         0.9907228761         4.5702643355        -9.0336327427
        3.3554078000         1.6500000000         0.9983798566         4.5370899285        -8.8341707700
        3.3603956000         1.6500000000         0.9983798566         4.4962598892        -8.8341707700
        3.3654963000         1.6500000000         1.0111414909         4.4630854822        -8.5017341489
        3.3704080000         1.6500000000         0.9830658955         4.4324629527        -9.2330947154
        3.3754516000         1.6500000000         1.0162461446         4.3941847908        -8.3687595004
        3.3804022000         1.6500000000         0.9881705492         4.3610103838        -9.1001200669
        3.3853875000         1.6500000000         1.0034845104         4.3201803445        -8.7011961215
        3.3903950000         1.6500000000         0.9932752029         4.2921096924        -8.9671454185
        3.3953989000         1.6500000000         1.0034845104         4.2589352855        -8.7011961215
        3.4003854000         1.6500000000         0.9907228761         4.2181052461        -9.0336327427
        3.4054152000         1.6500000000         0.9983798566         4.1925864715        -8.8341707700
        3.4104145000         1.6500000000         1.0060368372         4.1568601871        -8.6347087973
        3.4153930000         1.6500000000         1.0060368372         4.1287895351        -8.6347087973
        3.4204254000         1.6500000000         1.0060368372         4.0956151281        -8.6347087973
        3.4253976000         1.6500000000         0.9651996075         4.0522332113        -9.6985059849
        3.4304176000         1.6500000000         1.0162461446         4.0267144367        -8.3687595004
        3.4353919000         1.6500000000         0.9907228761         3.9884362748        -9.0336327427
        3.4404141000         1.6500000000         0.9958275298         3.9552618679        -8.9006580942
        3.4454011000         1.6500000000         1.0060368372         3.9297430933        -8.6347087973
        3.4504046000         1.6500000000         1.0009321835         3.8914649314        -8.7676834458
        3.4553904000         1.6500000000         0.9958275298         3.8531867695        -8.9006580942
        3.4603939000         1.6500000000         1.0187984715         3.8225642400        -8.3022721762
        3.4653959000         1.6500000000         1.0085891641         3.7944935879        -8.5682214731
        3.4703820000         1.6500000000         0.9703042612         3.7485597937        -9.5655313365
        3.4754228000         1.6500000000         1.0034845104         3.7204891416        -8.7011961215
        3.4804058000         1.6500000000         0.9881705492         3.6898666121        -9.1001200669
        3.4853909000         1.6500000000         1.0060368372         3.6464846953        -8.6347087973
        3.4903941000         1.6500000000         0.9779612418         3.6158621658        -9.3660693638
        3.4954030000         1.6500000000         1.0034845104         3.5801358814        -8.7011961215
        3.5003894000         1.6500000000         0.9830658955         3.5469614744        -9.2330947154
        3.5053929000         1.6500000000         0.9932752029         3.5137870674        -8.9671454185
        3.5103930000         1.6500000000         0.9728565881         3.4704051506        -9.4990440123
        3.5153876000         1.6500000000         1.0009321835         3.4499901310        -8.7676834458
        3.5203957000         1.6500000000         1.0009321835         3.4091600916        -8.7676834458
        3.5253876000         1.6500000000         0.9881705492         3.3759856847        -9.1001200669
        3.5304548000         1.6500000000         0.9651996075         3.3351556453        -9.6985059849
        3.5354780000         1.6500000000         0.9856182224         3.3045331158        -9.1666073911
        3.5404037000         1.6500000000         1.0162461446         3.2739105863        -8.3687595004
        3.5454124000         1.6500000000         0.9830658955         3.2407361793        -9.2330947154
        3.5504066000         1.6500000000         1.0009321835         3.1999061400        -8.7676834458
        3.5554030000         1.6500000000         0.9830658955         3.1743873654        -9.2330947154
        3.5604195000         1.6500000000         1.0111414909         3.1488685908        -8.5017341489
        3.5654329000         1.6500000000         0.9728565881         3.1054866740        -9.4990440123
        3.5704331000         1.6500000000         1.0060368372         3.0697603896        -8.6347087973
        3.5754113000         1.6500000000         0.9856182224         3.0442416150        -9.1666073911
        3.5804095000         1.6500000000         0.9907228761         3.0034115756        -9.0336327427
        3.5854151000         1.6500000000         0.9983798566         2.9778928011        -8.8341707700
        3.5903942000         1.6500000000         0.9881705492         2.9396146392        -9.1001200669
        3.5953862000         1.6500000000         0.9983798566         2.9038883547        -8.8341707700
        3.6003759000         1.6500000000         0.9856182224         2.8783695801        -9.1666073911
        3.6054134000         1.6500000000         1.0060368372         2.8426432957        -8.6347087973
        3.6103838000         1.6500000000         0.9856182224         2.7992613789        -9.1666073911
        3.6153989000         1.6500000000         0.9932752029         2.7635350945        -8.9671454185
        3.6203937000         1.6500000000         0.9779612418         2.7303606875        -9.3660693638
        3.6254040000         1.6500000000         1.0136938178         2.6997381580        -8.4352468246
        3.6303941000         1.6500000000         0.9856182224         2.6767712609        -9.1666073911
        3.6354049000         1.6500000000         0.9881705492         2.6384930990        -9.1001200669
        3.6404204000         1.6500000000         0.9881705492         2.6027668146        -9.1001200669
        3.6453912000         1.6500000000         1.0085891641         2.5670405302        -8.5682214731
        3.6504066000         1.6500000000         0.9779612418         2.5313142457        -9.3660693638
        3.6554166000         1.6500000000         1.0085891641         2.5108992261        -8.5682214731
        3.6603997000         1.6500000000         1.0162461446         2.4802766965        -8.3687595004
        3.6654024000         1.6500000000         0.9881705492         2.4445504121        -9.1001200669
        3.6703940000         1.6500000000         1.0034845104         2.4062722502        -8.7011961215
        3.6754024000         1.6500000000         0.9958275298         2.3730978433        -8.9006580942
        3.6804002000         1.6500000000         1.0111414909         2.3399234363        -8.5017341489
        3.6853918000         1.6500000000         0.9754089149         2.3041971519        -9.4325566880
        3.6903970000         1.6500000000         1.0290077789         2.2812302547        -8.0363228793
        3.6954251000         1.6500000000         0.9881705492         2.2352964605        -9.1001200669
        3.7003894000         1.6500000000         1.0136938178         2.2046739310        -8.4352468246
        3.7053798000         1.6500000000         0.9830658955         2.1714995240        -9.2330947154
        3.7103990000         1.6500000000         1.0034845104         2.1357732396        -8.7011961215
        3.7153955000         1.6500000000         1.0085891641         2.1128063424        -8.5682214731
        3.7203986000         1.6500000000         1.0111414909         2.0745281806        -8.5017341489
        3.7254410000         1.6500000000         0.9881705492         2.0413537736        -9.1001200669
        3.7303895000         1.6500000000         0.9958275298         2.0030756117        -8.9006580942
        3.7354837000         1.6500000000         1.0034845104         1.9750049597        -8.7011961215
        3.7404096000         1.6500000000         0.9881705492         1.9418305527        -9.1001200669
        3.7453969000         1.6500000000         0.9958275298         1.9035523908        -8.9006580942
        3.7503982000         1.6500000000         0.9830658955         1.8703779838        -9.2330947154
        3.7553973000         1.6500000000         1.0009321835         1.8423073318        -8.7676834458
        3.7604111000         1.6500000000         0.9779612418         1.8065810474        -9.3660693638
        3.7653980000         1.6500000000         1.0085891641         1.7759585179        -8.5682214731
        3.7703876000         1.6500000000         0.9830658955         1.7427841109        -9.2330947154
        3.7753976000         1.6500000000         1.0009321835         1.7096097039        -8.7676834458
        3.7804159000         1.6500000000         0.9856182224         1.6687796646        -9.1666073911
        3.7854336000         1.6500000000         0.9856182224         1.6407090125        -9.1666073911
        3.7904215000         1.6500000000         0.9881705492         1.6100864830        -9.1001200669
        3.7953750000         1.6500000000         0.9958275298         1.5718083211        -8.9006580942
        3.8004113000         1.6500000000         0.9983798566         1.5411857916        -8.8341707700
        3.8053979000         1.6500000000         0.9881705492         1.5003557523        -9.1001200669
        3.8103869000         1.6500000000         0.9907228761         1.4722851002        -9.0336327427
        3.8153974000         1.6500000000         0.9983798566         1.4467663256        -8.8341707700
        3.8204077000         1.6500000000         1.0009321835         1.4059362863        -8.7676834458
        3.8254082000         1.6500000000         0.9881705492         1.3778656343        -9.1001200669
        3.8303981000         1.6500000000         1.0009321835         1.3421393498        -8.7676834458
        3.8353962000         1.6500000000         0.9958275298         1.3064130654        -8.9006580942
        3.8403855000         1.6500000000         1.0136938178         1.2808942908        -8.4352468246
        3.8453956000         1.6500000000         1.0034845104         1.2451680064        -8.7011961215
        3.8503861000         1.6500000000         1.0111414909         1.2145454769        -8.5017341489
        3.8553854000         1.6500000000         1.0009321835         1.1762673150        -8.7676834458
        3.8603953000         1.6500000000         0.9983798566         1.1430929080        -8.8341707700
        3.8653800000         1.6500000000         0.9958275298         1.1022628687        -8.9006580942
        3.8704161000         1.6500000000         1.0085891641         1.0767440941        -8.5682214731
        3.8753962000         1.6500000000         0.9983798566         1.0384659322        -8.8341707700
        3.8804087000         1.6500000000         1.0034845104         1.0027396478        -8.7011961215
        3.8854469000         1.6500000000         1.0111414909         0.9797727506        -8.5017341489
        3.8904199000         1.6500000000         1.0085891641         0.9440464662        -8.5682214731
        3.8954283000         1.6500000000         1.0009321835         0.9134239367        -8.7676834458
        3.9004778000         1.6500000000         1.0136938178         0.8853532847        -8.4352468246
        3.9054063000         1.6500000000         0.9983798566         0.8521788777        -8.8341707700
        3.9104411000         1.6500000000         1.0213507983         0.8190044707        -8.2357848520
        3.9154427000         1.6500000000         0.9932752029         0.7832781863        -8.9671454185
        3.9203891000         1.6500000000         1.0162461446         0.7501037793        -8.3687595004
        3.9254267000         1.6500000000         0.9932752029         0.7092737400        -8.9671454185
        3.9304134000         1.6500000000         1.0213507983         0.6863068429        -8.2357848520
        3.9354528000         1.6500000000         1.0060368372         0.6531324359        -8.6347087973
        3.9404746000         1.6500000000         1.0111414909         0.6071986416        -8.5017341489
        3.9454169000         1.6500000000         1.0009321835         0.5842317445        -8.7676834458
        3.9503977000         1.6500000000         1.0162461446         0.5536092150        -8.3687595004
        3.9554746000         1.6500000000         1.0034845104         0.5076754207        -8.7011961215
        3.9603925000         1.6500000000         1.0085891641         0.4847085236        -8.5682214731
        3.9654078000         1.6500000000         1.0060368372         0.4540859941        -8.6347087973
        3.9703841000         1.6500000000         1.0085891641         0.4132559548        -8.5682214731
        3.9753996000         1.6500000000         1.0085891641         0.3826334252        -8.5682214731
        3.9804069000         1.6500000000         0.9932752029         0.3443552634        -8.9671454185
        3.9853848000         1.6500000000         1.0085891641         0.3111808564        -8.5682214731
        3.9903919000         1.6500000000         1.0085891641         0.2780064494        -8.5682214731
        3.9953840000         1.6500000000         1.0009321835         0.2499357974        -8.7676834458
        4.0003815000         1.6500000000         1.0060368372         0.2091057580        -8.6347087973
