% Sweep Step 4/200  Vcmd=2.4800V  CCW 
% Vg_offset=1.338950V  K_gimbal=26.049690

Time[s]              Vcmd[V]              Vg_raw[V]            Pot[V]             Omega[rad/s]
        0.0020282000         2.4800000000         1.3301823480         2.1587401367        -0.2283839587
        0.0055164000         2.4800000000         1.3301823480         2.1561882593        -0.2283839587
        0.0107043000         2.4800000000         1.3352870017         2.1638438916        -0.0954093103
        0.0155300000         2.4800000000         1.3506009628         2.1612920142         0.3035146351
        0.0204880000         2.4800000000         1.3327346748         2.1561882593        -0.1618966345
        0.0255608000         2.4800000000         1.3378393285         2.1612920142        -0.0289219860
        0.0305353000         2.4800000000         1.3352870017         2.1612920142        -0.0954093103
        0.0355605000         2.4800000000         1.3454963091         2.1663957691         0.1705399866
        0.0405037000         2.4800000000         1.3454963091         2.1689476465         0.1705399866
        0.0455687000         2.4800000000         1.3403916554         2.1612920142         0.0375653382
        0.0505855000         2.4800000000         1.3429439823         2.1689476465         0.1040526624
        0.0555474000         2.4800000000         1.3378393285         2.1612920142        -0.0289219860
        0.0612295000         2.4800000000         1.3429439823         2.1689476465         0.1040526624
        0.0656265000         2.4800000000         1.3327346748         2.1561882593        -0.1618966345
        0.0707145000         2.4800000000         1.3352870017         2.1612920142        -0.0954093103
        0.0757524000         2.4800000000         1.3454963091         2.1689476465         0.1705399866
        0.0805835000         2.4800000000         1.3454963091         2.1663957691         0.1705399866
        0.0855317000         2.4800000000         1.3454963091         2.1663957691         0.1705399866
        0.0904924000         2.4800000000         1.3352870017         2.1612920142        -0.0954093103
        0.0955754000         2.4800000000         1.3429439823         2.1689476465         0.1040526624
        0.1005843000         2.4800000000         1.3301823480         2.1561882593        -0.2283839587
        0.1055640000         2.4800000000         1.3454963091         2.1689476465         0.1705399866
        0.1106148000         2.4800000000         1.3378393285         2.1638438916        -0.0289219860
        0.1155658000         2.4800000000         1.3378393285         2.1638438916        -0.0289219860
        0.1204345000         2.4800000000         1.3378393285         2.1612920142        -0.0289219860
        0.1256037000         2.4800000000         1.3327346748         2.1561882593        -0.1618966345
        0.1305188000         2.4800000000         1.3352870017         2.1612920142        -0.0954093103
        0.1355640000         2.4800000000         1.3378393285         2.1612920142        -0.0289219860
        0.1405039000         2.4800000000         1.3454963091         2.1689476465         0.1705399866
        0.1455487000         2.4800000000         1.3301823480         2.1561882593        -0.2283839587
        0.1505037000         2.4800000000         1.3378393285         2.1638438916        -0.0289219860
        0.1556028000         2.4800000000         1.3378393285         2.1612920142        -0.0289219860
        0.1605144000         2.4800000000         1.3429439823         2.1663957691         0.1040526624
        0.1655265000         2.4800000000         1.3327346748         2.1561882593        -0.1618966345
        0.1705398000         2.4800000000         1.3454963091         2.1689476465         0.1705399866
        0.1754608000         2.4800000000         1.3327346748         2.1561882593        -0.1618966345
        0.1805288000         2.4800000000         1.3429439823         2.1689476465         0.1040526624
        0.1854400000         2.4800000000         1.3327346748         2.1561882593        -0.1618966345
        0.1905008000         2.4800000000         1.3429439823         2.1689476465         0.1040526624
        0.1955114000         2.4800000000         1.3403916554         2.1612920142         0.0375653382
        0.2004913000         2.4800000000         1.3378393285         2.1612920142        -0.0289219860
        0.2054988000         2.4800000000         1.3352870017         2.1612920142        -0.0954093103
        0.2105010000         2.4800000000         1.3301823480         2.1561882593        -0.2283839587
        0.2155053000         2.4800000000         1.3378393285         2.1612920142        -0.0289219860
        0.2204575000         2.4800000000         1.3327346748         2.1561882593        -0.1618966345
        0.2254719000         2.4800000000         1.3454963091         2.1689476465         0.1705399866
        0.2304296000         2.4800000000         1.3429439823         2.1689476465         0.1040526624
        0.2355269000         2.4800000000         1.3327346748         2.1561882593        -0.1618966345
        0.2405329000         2.4800000000         1.3429439823         2.1689476465         0.1040526624
        0.2455099000         2.4800000000         1.3352870017         2.1612920142        -0.0954093103
        0.2504983000         2.4800000000         1.3429439823         2.1663957691         0.1040526624
        0.2555055000         2.4800000000         1.3378393285         2.1612920142        -0.0289219860
        0.2604849000         2.4800000000         1.3378393285         2.1612920142        -0.0289219860
        0.2654939000         2.4800000000         1.3378393285         2.1638438916        -0.0289219860
        0.2704933000         2.4800000000         1.3327346748         2.1561882593        -0.1618966345
        0.2755278000         2.4800000000         1.3378393285         2.1612920142        -0.0289219860
        0.2805025000         2.4800000000         1.3352870017         2.1638438916        -0.0954093103
        0.2854917000         2.4800000000         1.3327346748         2.1561882593        -0.1618966345
        0.2905073000         2.4800000000         1.3454963091         2.1689476465         0.1705399866
        0.2955266000         2.4800000000         1.3454963091         2.1663957691         0.1705399866
        0.3004918000         2.4800000000         1.3557056165         2.1638438916         0.4364892835
        0.3055010000         2.4800000000         1.3352870017         2.1612920142        -0.0954093103
        0.3104844000         2.4800000000         1.3378393285         2.1612920142        -0.0289219860
        0.3155884000         2.4800000000         1.3327346748         2.1612920142        -0.1618966345
        0.3204723000         2.4800000000         1.3608102703         2.1587401367         0.5694639320
        0.3254693000         2.4800000000         1.3378393285         2.1612920142        -0.0289219860
        0.3304957000         2.4800000000         1.3352870017         2.1638438916        -0.0954093103
        0.3354339000         2.4800000000         1.3378393285         2.1612920142        -0.0289219860
        0.3404680000         2.4800000000         1.3454963091         2.1689476465         0.1705399866
        0.3455048000         2.4800000000         1.3378393285         2.1612920142        -0.0289219860
        0.3504666000         2.4800000000         1.3454963091         2.1740514015         0.1705399866
        0.3554828000         2.4800000000         1.3403916554         2.1587401367         0.0375653382
        0.3605557000         2.4800000000         1.3454963091         2.1689476465         0.1705399866
        0.3655215000         2.4800000000         1.3352870017         2.1612920142        -0.0954093103
        0.3705126000         2.4800000000         1.3454963091         2.1689476465         0.1705399866
        0.3756042000         2.4800000000         1.3327346748         2.1561882593        -0.1618966345
        0.3805152000         2.4800000000         1.3378393285         2.1612920142        -0.0289219860
        0.3855348000         2.4800000000         1.3327346748         2.1587401367        -0.1618966345
        0.3905260000         2.4800000000         1.3429439823         2.1689476465         0.1040526624
        0.3955363000         2.4800000000         1.3506009628         2.1689476465         0.3035146351
        0.4004573000         2.4800000000         1.3327346748         2.1561882593        -0.1618966345
        0.4058034000         2.4800000000         1.3352870017         2.1587401367        -0.0954093103
        0.4105054000         2.4800000000         1.3327346748         2.1561882593        -0.1618966345
        0.4154619000         2.4800000000         1.3378393285         2.1612920142        -0.0289219860
        0.4204684000         2.4800000000         1.3378393285         2.1612920142        -0.0289219860
        0.4254414000         2.4800000000         1.3454963091         2.1663957691         0.1705399866
        0.4304651000         2.4800000000         1.3301823480         2.1561882593        -0.2283839587
        0.4356262000         2.4800000000         1.3429439823         2.1689476465         0.1040526624
        0.4404230000         2.4800000000         1.3352870017         2.1612920142        -0.0954093103
        0.4454653000         2.4800000000         1.3454963091         2.1689476465         0.1705399866
        0.4504425000         2.4800000000         1.3301823480         2.1587401367        -0.2283839587
        0.4554276000         2.4800000000         1.3378393285         2.1638438916        -0.0289219860
        0.4604563000         2.4800000000         1.3403916554         2.1612920142         0.0375653382
        0.4654583000         2.4800000000         1.3378393285         2.1612920142        -0.0289219860
        0.4704962000         2.4800000000         1.3633625971         2.1561882593         0.6359512562
        0.4754980000         2.4800000000         1.3429439823         2.1689476465         0.1040526624
        0.4804972000         2.4800000000         1.3378393285         2.1612920142        -0.0289219860
        0.4854957000         2.4800000000         1.3378393285         2.1612920142        -0.0289219860
        0.4904575000         2.4800000000         1.3327346748         2.1561882593        -0.1618966345
        0.4954708000         2.4800000000         1.3454963091         2.1689476465         0.1705399866
        0.5004973000         2.4800000000         1.3378393285         2.1638438916        -0.0289219860
        0.5054527000         2.4800000000         1.3327346748         2.1561882593        -0.1618966345
        0.5104840000         2.4800000000         1.3352870017         2.1612920142        -0.0954093103
        0.5154997000         2.4800000000         1.3327346748         2.1561882593        -0.1618966345
        0.5204458000         2.4800000000         1.3378393285         2.1612920142        -0.0289219860
        0.5254904000         2.4800000000         1.3378393285         2.1612920142        -0.0289219860
        0.5304715000         2.4800000000         1.3378393285         2.1612920142        -0.0289219860
        0.5355172000         2.4800000000         1.3378393285         2.1587401367        -0.0289219860
        0.5404824000         2.4800000000         1.3454963091         2.1689476465         0.1705399866
        0.5454751000         2.4800000000         1.3378393285         2.1612920142        -0.0289219860
        0.5504453000         2.4800000000         1.3403916554         2.1612920142         0.0375653382
        0.5554821000         2.4800000000         1.3378393285         2.1612920142        -0.0289219860
        0.5604589000         2.4800000000         1.3378393285         2.1612920142        -0.0289219860
        0.5654553000         2.4800000000         1.3301823480         2.1561882593        -0.2283839587
        0.5704437000         2.4800000000         1.3352870017         2.1638438916        -0.0954093103
        0.5755147000         2.4800000000         1.3352870017         2.1663957691        -0.0954093103
        0.5804954000         2.4800000000         1.3429439823         2.1689476465         0.1040526624
        0.5854961000         2.4800000000         1.3301823480         2.1561882593        -0.2283839587
        0.5904914000         2.4800000000         1.3378393285         2.1638438916        -0.0289219860
        0.5954398000         2.4800000000         1.3378393285         2.1638438916        -0.0289219860
        0.6004192000         2.4800000000         1.3352870017         2.1638438916        -0.0954093103
        0.6055194000         2.4800000000         1.3378393285         2.1612920142        -0.0289219860
        0.6105081000         2.4800000000         1.3403916554         2.1638438916         0.0375653382
        0.6155031000         2.4800000000         1.3608102703         2.1612920142         0.5694639320
        0.6204801000         2.4800000000         1.3454963091         2.1689476465         0.1705399866
        0.6254707000         2.4800000000         1.3352870017         2.1612920142        -0.0954093103
        0.6304343000         2.4800000000         1.3378393285         2.1612920142        -0.0289219860
        0.6354947000         2.4800000000         1.3378393285         2.1612920142        -0.0289219860
        0.6404459000         2.4800000000         1.3378393285         2.1612920142        -0.0289219860
        0.6455037000         2.4800000000         1.3378393285         2.1638438916        -0.0289219860
        0.6504984000         2.4800000000         1.3429439823         2.1689476465         0.1040526624
        0.6554711000         2.4800000000         1.3378393285         2.1612920142        -0.0289219860
        0.6605524000         2.4800000000         1.3378393285         2.1612920142        -0.0289219860
        0.6654815000         2.4800000000         1.3378393285         2.1612920142        -0.0289219860
        0.6704181000         2.4800000000         1.3378393285         2.1612920142        -0.0289219860
        0.6755344000         2.4800000000         1.3352870017         2.1638438916        -0.0954093103
        0.6804475000         2.4800000000         1.3454963091         2.1689476465         0.1705399866
        0.6854285000         2.4800000000         1.3327346748         2.1561882593        -0.1618966345
        0.6904442000         2.4800000000         1.3378393285         2.1638438916        -0.0289219860
        0.6955642000         2.4800000000         1.3403916554         2.1663957691         0.0375653382
        0.7005149000         2.4800000000         1.3378393285         2.1638438916        -0.0289219860
        0.7054657000         2.4800000000         1.3429439823         2.1689476465         0.1040526624
        0.7106289000         2.4800000000         1.3327346748         2.1561882593        -0.1618966345
        0.7154391000         2.4800000000         1.3352870017         2.1612920142        -0.0954093103
        0.7204300000         2.4800000000         1.3378393285         2.1612920142        -0.0289219860
        0.7255319000         2.4800000000         1.3327346748         2.1561882593        -0.1618966345
        0.7304284000         2.4800000000         1.3378393285         2.1561882593        -0.0289219860
        0.7354638000         2.4800000000         1.3403916554         2.1612920142         0.0375653382
        0.7404065000         2.4800000000         1.3378393285         2.1612920142        -0.0289219860
        0.7454460000         2.4800000000         1.3454963091         2.1689476465         0.1705399866
        0.7504886000         2.4800000000         1.3378393285         2.1638438916        -0.0289219860
        0.7555187000         2.4800000000         1.3352870017         2.1638438916        -0.0954093103
        0.7604357000         2.4800000000         1.3454963091         2.1638438916         0.1705399866
        0.7654203000         2.4800000000         1.3378393285         2.1638438916        -0.0289219860
        0.7704605000         2.4800000000         1.3403916554         2.1612920142         0.0375653382
        0.7754341000         2.4800000000         1.3429439823         2.1689476465         0.1040526624
        0.7804035000         2.4800000000         1.3327346748         2.1561882593        -0.1618966345
        0.7854110000         2.4800000000         1.3378393285         2.1612920142        -0.0289219860
        0.7904548000         2.4800000000         1.3454963091         2.1689476465         0.1705399866
        0.7954486000         2.4800000000         1.3378393285         2.1612920142        -0.0289219860
        0.8004109000         2.4800000000         1.3454963091         2.1689476465         0.1705399866
        0.8055002000         2.4800000000         1.3327346748         2.1561882593        -0.1618966345
        0.8105695000         2.4800000000         1.3429439823         2.1663957691         0.1040526624
        0.8156447000         2.4800000000         1.3352870017         2.1638438916        -0.0954093103
        0.8204616000         2.4800000000         1.3429439823         2.1663957691         0.1040526624
        0.8255535000         2.4800000000         1.3301823480         2.1561882593        -0.2283839587
        0.8306596000         2.4800000000         1.3378393285         2.1612920142        -0.0289219860
        0.8356240000         2.4800000000         1.3480486360         2.1612920142         0.2370273109
        0.8405220000         2.4800000000         1.3327346748         2.1561882593        -0.1618966345
        0.8456332000         2.4800000000         1.3429439823         2.1689476465         0.1040526624
        0.8506437000         2.4800000000         1.3378393285         2.1612920142        -0.0289219860
        0.8558077000         2.4800000000         1.3378393285         2.1612920142        -0.0289219860
        0.8606441000         2.4800000000         1.3403916554         2.1612920142         0.0375653382
        0.8655624000         2.4800000000         1.3301823480         2.1561882593        -0.2283839587
        0.8705821000         2.4800000000         1.3454963091         2.1689476465         0.1705399866
        0.8755985000         2.4800000000         1.3352870017         2.1587401367        -0.0954093103
        0.8805409000         2.4800000000         1.3378393285         2.1612920142        -0.0289219860
        0.8855269000         2.4800000000         1.3378393285         2.1638438916        -0.0289219860
        0.8906491000         2.4800000000         1.3327346748         2.1561882593        -0.1618966345
        0.8955068000         2.4800000000         1.3327346748         2.1561882593        -0.1618966345
        0.9004914000         2.4800000000         1.3403916554         2.1612920142         0.0375653382
        0.9055929000         2.4800000000         1.3710195777         2.1638438916         0.8354132289
        0.9106830000         2.4800000000         1.3378393285         2.1587401367        -0.0289219860
        0.9155566000         2.4800000000         1.3378393285         2.1612920142        -0.0289219860
        0.9204750000         2.4800000000         1.3327346748         2.1561882593        -0.1618966345
        0.9254852000         2.4800000000         1.3531532897         2.1561882593         0.3700019593
        0.9305531000         2.4800000000         1.3352870017         2.1612920142        -0.0954093103
        0.9355654000         2.4800000000         1.3378393285         2.1612920142        -0.0289219860
        0.9405192000         2.4800000000         1.3378393285         2.1638438916        -0.0289219860
        0.9455981000         2.4800000000         1.3327346748         2.1612920142        -0.1618966345
        0.9505935000         2.4800000000         1.3301823480         2.1561882593        -0.2283839587
        0.9556126000         2.4800000000         1.3327346748         2.1561882593        -0.1618966345
        0.9605408000         2.4800000000         1.3378393285         2.1612920142        -0.0289219860
        0.9657383000         2.4800000000         1.3429439823         2.1689476465         0.1040526624
        0.9705863000         2.4800000000         1.3378393285         2.1612920142        -0.0289219860
        0.9754744000         2.4800000000         1.3378393285         2.1612920142        -0.0289219860
        0.9805809000         2.4800000000         1.3352870017         2.1612920142        -0.0954093103
        0.9854478000         2.4800000000         1.3403916554         2.1612920142         0.0375653382
        0.9904389000         2.4800000000         1.3403916554         2.1663957691         0.0375653382
        0.9955130000         2.4800000000         1.3352870017         2.1612920142        -0.0954093103
        1.0005159000         2.4800000000         1.3403916554         2.1587401367         0.0375653382
        1.0055452000         2.4800000000         1.3429439823         2.1689476465         0.1040526624
        1.0107391000         2.4800000000         1.3454963091         2.1689476465         0.1705399866
        1.0155707000         2.4800000000         1.3812288851         2.1689476465         1.1013625258
        1.0205984000         2.4800000000         1.3378393285         2.1638438916        -0.0289219860
        1.0255092000         2.4800000000         1.3352870017         2.1612920142        -0.0954093103
        1.0305601000         2.4800000000         1.3327346748         2.1561882593        -0.1618966345
        1.0355755000         2.4800000000         1.3352870017         2.1612920142        -0.0954093103
        1.0405572000         2.4800000000         1.3327346748         2.1561882593        -0.1618966345
        1.0455462000         2.4800000000         1.3403916554         2.1638438916         0.0375653382
        1.0506010000         2.4800000000         1.3327346748         2.1536363818        -0.1618966345
        1.0554523000         2.4800000000         1.3378393285         2.1612920142        -0.0289219860
        1.0606061000         2.4800000000         1.3429439823         2.1612920142         0.1040526624
        1.0655830000         2.4800000000         1.3454963091         2.1689476465         0.1705399866
        1.0705836000         2.4800000000         1.3378393285         2.1612920142        -0.0289219860
        1.0756048000         2.4800000000         1.3378393285         2.1638438916        -0.0289219860
        1.0805521000         2.4800000000         1.3352870017         2.1561882593        -0.0954093103
        1.0854917000         2.4800000000         1.3888858657         2.1612920142         1.3008244985
        1.0905661000         2.4800000000         1.3327346748         2.1587401367        -0.1618966345
        1.0955482000         2.4800000000         1.3352870017         2.1612920142        -0.0954093103
        1.1004947000         2.4800000000         1.3454963091         2.1689476465         0.1705399866
        1.1054961000         2.4800000000         1.3327346748         2.1561882593        -0.1618966345
        1.1105538000         2.4800000000         1.3301823480         2.1561882593        -0.2283839587
        1.1155958000         2.4800000000         1.3378393285         2.1587401367        -0.0289219860
        1.1206337000         2.4800000000         1.3301823480         2.1561882593        -0.2283839587
        1.1255407000         2.4800000000         1.3327346748         2.1561882593        -0.1618966345
        1.1306782000         2.4800000000         1.3378393285         2.1612920142        -0.0289219860
        1.1355879000         2.4800000000         1.3327346748         2.1561882593        -0.1618966345
        1.1405438000         2.4800000000         1.3352870017         2.1612920142        -0.0954093103
        1.1455355000         2.4800000000         1.3454963091         2.1663957691         0.1705399866
        1.1505234000         2.4800000000         1.3378393285         2.1612920142        -0.0289219860
        1.1555652000         2.4800000000         1.3429439823         2.1689476465         0.1040526624
        1.1604581000         2.4800000000         1.3352870017         2.1612920142        -0.0954093103
        1.1654238000         2.4800000000         1.3429439823         2.1689476465         0.1040526624
        1.1706021000         2.4800000000         1.3378393285         2.1612920142        -0.0289219860
        1.1754886000         2.4800000000         1.3352870017         2.1612920142        -0.0954093103
        1.1804264000         2.4800000000         1.3429439823         2.1689476465         0.1040526624
        1.1854443000         2.4800000000         1.3327346748         2.1561882593        -0.1618966345
        1.1904325000         2.4800000000         1.3378393285         2.1612920142        -0.0289219860
        1.1954254000         2.4800000000         1.3327346748         2.1561882593        -0.1618966345
        1.2004444000         2.4800000000         1.3352870017         2.1612920142        -0.0954093103
        1.2054593000         2.4800000000         1.3327346748         2.1561882593        -0.1618966345
        1.2105010000         2.4800000000         1.3378393285         2.1612920142        -0.0289219860
        1.2154925000         2.4800000000         1.3378393285         2.1612920142        -0.0289219860
        1.2204991000         2.4800000000         1.3352870017         2.1638438916        -0.0954093103
        1.2254942000         2.4800000000         1.3684672508         2.1663957691         0.7689259047
        1.2305203000         2.4800000000         1.3429439823         2.1689476465         0.1040526624
        1.2354457000         2.4800000000         1.3378393285         2.1638438916        -0.0289219860
        1.2404402000         2.4800000000         1.3378393285         2.1612920142        -0.0289219860
        1.2454208000         2.4800000000         1.3301823480         2.1561882593        -0.2283839587
        1.2504310000         2.4800000000         1.3327346748         2.1561882593        -0.1618966345
        1.2554301000         2.4800000000         1.3327346748         2.1561882593        -0.1618966345
        1.2605535000         2.4800000000         1.3352870017         2.1612920142        -0.0954093103
        1.2655110000         2.4800000000         1.3301823480         2.1561882593        -0.2283839587
        1.2706021000         2.4800000000         1.3378393285         2.1612920142        -0.0289219860
        1.2755467000         2.4800000000         1.3454963091         2.1689476465         0.1705399866
        1.2805741000         2.4800000000         1.3378393285         2.1638438916        -0.0289219860
        1.2855784000         2.4800000000         1.3429439823         2.1663957691         0.1040526624
        1.2905186000         2.4800000000         1.3378393285         2.1638438916        -0.0289219860
        1.2955117000         2.4800000000         1.3301823480         2.1561882593        -0.2283839587
        1.3004981000         2.4800000000         1.3352870017         2.1612920142        -0.0954093103
        1.3055586000         2.4800000000         1.3454963091         2.1689476465         0.1705399866
        1.3106204000         2.4800000000         1.3378393285         2.1638438916        -0.0289219860
        1.3155726000         2.4800000000         1.3378393285         2.1638438916        -0.0289219860
        1.3204687000         2.4800000000         1.3429439823         2.1689476465         0.1040526624
        1.3254755000         2.4800000000         1.3454963091         2.1689476465         0.1705399866
        1.3304776000         2.4800000000         1.3378393285         2.1612920142        -0.0289219860
        1.3355271000         2.4800000000         1.3301823480         2.1561882593        -0.2283839587
        1.3407157000         2.4800000000         1.3429439823         2.1689476465         0.1040526624
        1.3456710000         2.4800000000         1.3327346748         2.1561882593        -0.1618966345
        1.3507904000         2.4800000000         1.3403916554         2.1536363818         0.0375653382
        1.3555350000         2.4800000000         1.3429439823         2.1689476465         0.1040526624
        1.3605687000         2.4800000000         1.3327346748         2.1561882593        -0.1618966345
        1.3655320000         2.4800000000         1.3454963091         2.1689476465         0.1705399866
        1.3705678000         2.4800000000         1.3710195777         2.1561882593         0.8354132289
        1.3755832000         2.4800000000         1.3378393285         2.1587401367        -0.0289219860
        1.3806266000         2.4800000000         1.3378393285         2.1638438916        -0.0289219860
        1.3855484000         2.4800000000         1.3378393285         2.1612920142        -0.0289219860
        1.3905715000         2.4800000000         1.3454963091         2.1689476465         0.1705399866
        1.3956330000         2.4800000000         1.3327346748         2.1561882593        -0.1618966345
        1.4007059000         2.4800000000         1.3378393285         2.1612920142        -0.0289219860
        1.4055883000         2.4800000000         1.3301823480         2.1561882593        -0.2283839587
        1.4108356000         2.4800000000         1.3352870017         2.1612920142        -0.0954093103
        1.4155270000         2.4800000000         1.3454963091         2.1663957691         0.1705399866
        1.4205999000         2.4800000000         1.3378393285         2.1612920142        -0.0289219860
        1.4255739000         2.4800000000         1.3301823480         2.1561882593        -0.2283839587
        1.4306058000         2.4800000000         1.3429439823         2.1663957691         0.1040526624
        1.4356415000         2.4800000000         1.3378393285         2.1612920142        -0.0289219860
        1.4405883000         2.4800000000         1.3378393285         2.1612920142        -0.0289219860
        1.4456377000         2.4800000000         1.3429439823         2.1689476465         0.1040526624
        1.4506698000         2.4800000000         1.3378393285         2.1612920142        -0.0289219860
        1.4556633000         2.4800000000         1.3352870017         2.1612920142        -0.0954093103
        1.4606386000         2.4800000000         1.3327346748         2.1587401367        -0.1618966345
        1.4655724000         2.4800000000         1.3352870017         2.1638438916        -0.0954093103
        1.4706037000         2.4800000000         1.3378393285         2.1612920142        -0.0289219860
        1.4756276000         2.4800000000         1.3378393285         2.1612920142        -0.0289219860
        1.4805548000         2.4800000000         1.3327346748         2.1561882593        -0.1618966345
        1.4856158000         2.4800000000         1.3378393285         2.1587401367        -0.0289219860
        1.4907711000         2.4800000000         1.3684672508         2.1587401367         0.7689259047
        1.4954858000         2.4800000000         1.3378393285         2.1612920142        -0.0289219860
        1.5005832000         2.4800000000         1.3403916554         2.1612920142         0.0375653382
        1.5055423000         2.4800000000         1.3301823480         2.1561882593        -0.2283839587
        1.5104825000         2.4800000000         1.3429439823         2.1689476465         0.1040526624
        1.5155542000         2.4800000000         1.3301823480         2.1561882593        -0.2283839587
        1.5204874000         2.4800000000         1.3403916554         2.1612920142         0.0375653382
        1.5255276000         2.4800000000         1.3429439823         2.1689476465         0.1040526624
        1.5305349000         2.4800000000         1.3378393285         2.1612920142        -0.0289219860
        1.5355423000         2.4800000000         1.3352870017         2.1612920142        -0.0954093103
        1.5404740000         2.4800000000         1.3352870017         2.1612920142        -0.0954093103
        1.5454666000         2.4800000000         1.3454963091         2.1663957691         0.1705399866
        1.5505617000         2.4800000000         1.3454963091         2.1612920142         0.1705399866
        1.5554603000         2.4800000000         1.3327346748         2.1561882593        -0.1618966345
        1.5605712000         2.4800000000         1.3403916554         2.1612920142         0.0375653382
        1.5654722000         2.4800000000         1.3352870017         2.1638438916        -0.0954093103
        1.5705500000         2.4800000000         1.3863335388         2.1689476465         1.2343371743
        1.5754646000         2.4800000000         1.3327346748         2.1587401367        -0.1618966345
        1.5805500000         2.4800000000         1.3429439823         2.1689476465         0.1040526624
        1.5856364000         2.4800000000         1.3378393285         2.1587401367        -0.0289219860
        1.5905870000         2.4800000000         1.3327346748         2.1561882593        -0.1618966345
        1.5955905000         2.4800000000         1.3429439823         2.1689476465         0.1040526624
        1.6005527000         2.4800000000         1.3327346748         2.1561882593        -0.1618966345
        1.6056268000         2.4800000000         1.3352870017         2.1612920142        -0.0954093103
        1.6106125000         2.4800000000         1.3454963091         2.1689476465         0.1705399866
        1.6156365000         2.4800000000         1.3863335388         2.1612920142         1.2343371743
        1.6205791000         2.4800000000         1.3301823480         2.1561882593        -0.2283839587
        1.6255554000         2.4800000000         1.3378393285         2.1587401367        -0.0289219860
        1.6305926000         2.4800000000         1.3378393285         2.1638438916        -0.0289219860
        1.6355375000         2.4800000000         1.3378393285         2.1612920142        -0.0289219860
        1.6405625000         2.4800000000         1.3327346748         2.1561882593        -0.1618966345
        1.6455205000         2.4800000000         1.3327346748         2.1561882593        -0.1618966345
        1.6505962000         2.4800000000         1.3352870017         2.1612920142        -0.0954093103
        1.6555387000         2.4800000000         1.3403916554         2.1561882593         0.0375653382
        1.6604748000         2.4800000000         1.3378393285         2.1612920142        -0.0289219860
        1.6654737000         2.4800000000         1.3378393285         2.1612920142        -0.0289219860
        1.6705928000         2.4800000000         1.3403916554         2.1612920142         0.0375653382
        1.6755470000         2.4800000000         1.3378393285         2.1612920142        -0.0289219860
        1.6804502000         2.4800000000         1.3454963091         2.1663957691         0.1705399866
        1.6855248000         2.4800000000         1.3429439823         2.1689476465         0.1040526624
        1.6905214000         2.4800000000         1.3327346748         2.1561882593        -0.1618966345
        1.6954373000         2.4800000000         1.3301823480         2.1561882593        -0.2283839587
        1.7006184000         2.4800000000         1.3454963091         2.1689476465         0.1705399866
        1.7058220000         2.4800000000         1.3327346748         2.1561882593        -0.1618966345
        1.7105823000         2.4800000000         1.3403916554         2.1612920142         0.0375653382
        1.7157914000         2.4800000000         1.3352870017         2.1689476465        -0.0954093103
        1.7207080000         2.4800000000         1.3352870017         2.1638438916        -0.0954093103
        1.7256734000         2.4800000000         1.3327346748         2.1561882593        -0.1618966345
        1.7306605000         2.4800000000         1.3429439823         2.1689476465         0.1040526624
        1.7355256000         2.4800000000         1.3378393285         2.1612920142        -0.0289219860
        1.7406613000         2.4800000000         1.3352870017         2.1612920142        -0.0954093103
        1.7457049000         2.4800000000         1.3352870017         2.1612920142        -0.0954093103
        1.7504956000         2.4800000000         1.3352870017         2.1638438916        -0.0954093103
        1.7556155000         2.4800000000         1.3429439823         2.1689476465         0.1040526624
        1.7609064000         2.4800000000         1.3429439823         2.1689476465         0.1040526624
        1.7656166000         2.4800000000         1.3378393285         2.1612920142        -0.0289219860
        1.7707149000         2.4800000000         1.3378393285         2.1561882593        -0.0289219860
        1.7756841000         2.4800000000         1.3378393285         2.1561882593        -0.0289219860
        1.7805875000         2.4800000000         1.3378393285         2.1612920142        -0.0289219860
        1.7855101000         2.4800000000         1.3454963091         2.1689476465         0.1705399866
        1.7906631000         2.4800000000         1.3454963091         2.1689476465         0.1705399866
        1.7956472000         2.4800000000         1.3378393285         2.1612920142        -0.0289219860
        1.8006305000         2.4800000000         1.3352870017         2.1612920142        -0.0954093103
        1.8056329000         2.4800000000         1.3301823480         2.1587401367        -0.2283839587
        1.8106947000         2.4800000000         1.3378393285         2.1612920142        -0.0289219860
        1.8155100000         2.4800000000         1.3454963091         2.1689476465         0.1705399866
        1.8206040000         2.4800000000         1.3429439823         2.1714995240         0.1040526624
        1.8255874000         2.4800000000         1.3429439823         2.1689476465         0.1040526624
        1.8305361000         2.4800000000         1.3327346748         2.1561882593        -0.1618966345
        1.8356667000         2.4800000000         1.3352870017         2.1638438916        -0.0954093103
        1.8405908000         2.4800000000         1.3633625971         2.1612920142         0.6359512562
        1.8456197000         2.4800000000         1.3352870017         2.1663957691        -0.0954093103
        1.8505451000         2.4800000000         1.3378393285         2.1612920142        -0.0289219860
        1.8557342000         2.4800000000         1.3429439823         2.1689476465         0.1040526624
        1.8606143000         2.4800000000         1.3378393285         2.1612920142        -0.0289219860
        1.8654320000         2.4800000000         1.3352870017         2.1638438916        -0.0954093103
        1.8708516000         2.4800000000         1.3378393285         2.1638438916        -0.0289219860
        1.8756396000         2.4800000000         1.3429439823         2.1689476465         0.1040526624
        1.8805867000         2.4800000000         1.3378393285         2.1612920142        -0.0289219860
        1.8856188000         2.4800000000         1.3301823480         2.1587401367        -0.2283839587
        1.8904926000         2.4800000000         1.3378393285         2.1612920142        -0.0289219860
        1.8955365000         2.4800000000         1.3327346748         2.1587401367        -0.1618966345
        1.9004876000         2.4800000000         1.3378393285         2.1612920142        -0.0289219860
        1.9056003000         2.4800000000         1.3429439823         2.1689476465         0.1040526624
        1.9105420000         2.4800000000         1.3378393285         2.1612920142        -0.0289219860
        1.9155853000         2.4800000000         1.3403916554         2.1612920142         0.0375653382
        1.9206472000         2.4800000000         1.3429439823         2.1689476465         0.1040526624
        1.9257440000         2.4800000000         1.3429439823         2.1689476465         0.1040526624
        1.9307407000         2.4800000000         1.3429439823         2.1689476465         0.1040526624
        1.9357422000         2.4800000000         1.3301823480         2.1561882593        -0.2283839587
        1.9407298000         2.4800000000         1.3403916554         2.1612920142         0.0375653382
        1.9455571000         2.4800000000         1.3378393285         2.1638438916        -0.0289219860
        1.9505553000         2.4800000000         1.3301823480         2.1561882593        -0.2283839587
        1.9555215000         2.4800000000         1.3327346748         2.1587401367        -0.1618966345
        1.9606172000         2.4800000000         1.3429439823         2.1689476465         0.1040526624
        1.9655357000         2.4800000000         1.3378393285         2.1638438916        -0.0289219860
        1.9705107000         2.4800000000         1.3352870017         2.1612920142        -0.0954093103
        1.9756055000         2.4800000000         1.3378393285         2.1612920142        -0.0289219860
        1.9804964000         2.4800000000         1.3378393285         2.1612920142        -0.0289219860
        1.9855673000         2.4800000000         1.3301823480         2.1561882593        -0.2283839587
        1.9905564000         2.4800000000         1.3429439823         2.1689476465         0.1040526624
        1.9955746000         2.4800000000         1.3378393285         2.1561882593        -0.0289219860
        2.0005059000         2.4800000000         1.3378393285         2.1638438916        -0.0289219860
        2.0054799000         2.4800000000         1.3352870017         2.1587401367        -0.0954093103
        2.0106440000         2.4800000000         1.3429439823         2.1663957691         0.1040526624
        2.0155785000         2.4800000000         1.3327346748         2.1536363818        -0.1618966345
        2.0206268000         2.4800000000         1.3454963091         2.1663957691         0.1705399866
        2.0255367000         2.4800000000         1.3454963091         2.1689476465         0.1705399866
        2.0305580000         2.4800000000         1.3327346748         2.1561882593        -0.1618966345
        2.0355383000         2.4800000000         1.3429439823         2.1689476465         0.1040526624
        2.0405561000         2.4800000000         1.3327346748         2.1561882593        -0.1618966345
        2.0456315000         2.4800000000         1.3378393285         2.1689476465        -0.0289219860
        2.0506236000         2.4800000000         1.3327346748         2.1536363818        -0.1618966345
        2.0556432000         2.4800000000         1.3378393285         2.1612920142        -0.0289219860
        2.0606048000         2.4800000000         1.3429439823         2.1689476465         0.1040526624
        2.0656833000         2.4800000000         1.3378393285         2.1612920142        -0.0289219860
        2.0706545000         2.4800000000         1.3403916554         2.1612920142         0.0375653382
        2.0755100000         2.4800000000         1.3352870017         2.1612920142        -0.0954093103
        2.0805725000         2.4800000000         1.3301823480         2.1561882593        -0.2283839587
        2.0855228000         2.4800000000         1.3429439823         2.1689476465         0.1040526624
        2.0905401000         2.4800000000         1.3582579434         2.1612920142         0.5029766078
        2.0955706000         2.4800000000         1.3352870017         2.1612920142        -0.0954093103
        2.1005919000         2.4800000000         1.3327346748         2.1561882593        -0.1618966345
        2.1055421000         2.4800000000         1.3301823480         2.1561882593        -0.2283839587
        2.1106354000         2.4800000000         1.3429439823         2.1689476465         0.1040526624
        2.1155917000         2.4800000000         1.3454963091         2.1663957691         0.1705399866
        2.1205146000         2.4800000000         1.3327346748         2.1561882593        -0.1618966345
        2.1255971000         2.4800000000         1.3301823480         2.1561882593        -0.2283839587
        2.1306128000         2.4800000000         1.3378393285         2.1714995240        -0.0289219860
        2.1356544000         2.4800000000         1.3378393285         2.1612920142        -0.0289219860
        2.1405904000         2.4800000000         1.3301823480         2.1587401367        -0.2283839587
        2.1455881000         2.4800000000         1.3327346748         2.1561882593        -0.1618966345
        2.1506014000         2.4800000000         1.3378393285         2.1638438916        -0.0289219860
        2.1555974000         2.4800000000         1.3378393285         2.1612920142        -0.0289219860
        2.1606337000         2.4800000000         1.3301823480         2.1587401367        -0.2283839587
        2.1657195000         2.4800000000         1.3403916554         2.1612920142         0.0375653382
        2.1705410000         2.4800000000         1.3812288851         2.1612920142         1.1013625258
        2.1754875000         2.4800000000         1.3301823480         2.1612920142        -0.2283839587
        2.1805996000         2.4800000000         1.3327346748         2.1561882593        -0.1618966345
        2.1855750000         2.4800000000         1.3454963091         2.1663957691         0.1705399866
        2.1906212000         2.4800000000         1.3378393285         2.1638438916        -0.0289219860
        2.1956306000         2.4800000000         1.3327346748         2.1561882593        -0.1618966345
        2.2007012000         2.4800000000         1.3378393285         2.1612920142        -0.0289219860
        2.2056714000         2.4800000000         1.3327346748         2.1561882593        -0.1618966345
        2.2106647000         2.4800000000         1.3429439823         2.1689476465         0.1040526624
        2.2158277000         2.4800000000         1.3352870017         2.1638438916        -0.0954093103
        2.2206769000         2.4800000000         1.3352870017         2.1587401367        -0.0954093103
        2.2258770000         2.4800000000         1.3301823480         2.1561882593        -0.2283839587
        2.2306249000         2.4800000000         1.3429439823         2.1663957691         0.1040526624
        2.2358032000         2.4800000000         1.3378393285         2.1587401367        -0.0289219860
        2.2405749000         2.4800000000         1.3531532897         2.1689476465         0.3700019593
        2.2456139000         2.4800000000         1.3429439823         2.1689476465         0.1040526624
        2.2504995000         2.4800000000         1.3378393285         2.1612920142        -0.0289219860
        2.2554472000         2.4800000000         1.3301823480         2.1612920142        -0.2283839587
        2.2606572000         2.4800000000         1.3531532897         2.1561882593         0.3700019593
        2.2655353000         2.4800000000         1.3378393285         2.1612920142        -0.0289219860
        2.2706283000         2.4800000000         1.3352870017         2.1638438916        -0.0954093103
        2.2755862000         2.4800000000         1.3429439823         2.1689476465         0.1040526624
        2.2805648000         2.4800000000         1.3301823480         2.1587401367        -0.2283839587
        2.2856162000         2.4800000000         1.3454963091         2.1663957691         0.1705399866
        2.2906235000         2.4800000000         1.3301823480         2.1587401367        -0.2283839587
        2.2954817000         2.4800000000         1.3454963091         2.1689476465         0.1705399866
        2.3006373000         2.4800000000         1.3378393285         2.1638438916        -0.0289219860
        2.3057744000         2.4800000000         1.3429439823         2.1689476465         0.1040526624
        2.3106292000         2.4800000000         1.3480486360         2.1612920142         0.2370273109
        2.3156460000         2.4800000000         1.3352870017         2.1612920142        -0.0954093103
        2.3206971000         2.4800000000         1.3327346748         2.1561882593        -0.1618966345
        2.3256335000         2.4800000000         1.3429439823         2.1689476465         0.1040526624
        2.3306632000         2.4800000000         1.3327346748         2.1561882593        -0.1618966345
        2.3356337000         2.4800000000         1.3378393285         2.1638438916        -0.0289219860
        2.3406354000         2.4800000000         1.3327346748         2.1561882593        -0.1618966345
        2.3454417000         2.4800000000         1.3378393285         2.1638438916        -0.0289219860
        2.3505870000         2.4800000000         1.3429439823         2.1689476465         0.1040526624
        2.3556106000         2.4800000000         1.3378393285         2.1638438916        -0.0289219860
        2.3604655000         2.4800000000         1.3403916554         2.1612920142         0.0375653382
        2.3656061000         2.4800000000         1.3454963091         2.1663957691         0.1705399866
        2.3706344000         2.4800000000         1.3352870017         2.1638438916        -0.0954093103
        2.3755342000         2.4800000000         1.3429439823         2.1612920142         0.1040526624
        2.3804690000         2.4800000000         1.3327346748         2.1561882593        -0.1618966345
        2.3855240000         2.4800000000         1.3429439823         2.1689476465         0.1040526624
        2.3904987000         2.4800000000         1.3403916554         2.1689476465         0.0375653382
        2.3955432000         2.4800000000         1.3403916554         2.1612920142         0.0375653382
        2.4004707000         2.4800000000         1.3378393285         2.1612920142        -0.0289219860
        2.4055378000         2.4800000000         1.3429439823         2.1689476465         0.1040526624
        2.4105421000         2.4800000000         1.3403916554         2.1612920142         0.0375653382
        2.4156437000         2.4800000000         1.3454963091         2.1689476465         0.1705399866
        2.4204556000         2.4800000000         1.3403916554         2.1638438916         0.0375653382
        2.4255385000         2.4800000000         1.3352870017         2.1638438916        -0.0954093103
        2.4307734000         2.4800000000         1.3352870017         2.1612920142        -0.0954093103
        2.4355644000         2.4800000000         1.3403916554         2.1612920142         0.0375653382
        2.4404342000         2.4800000000         1.3403916554         2.1689476465         0.0375653382
        2.4455873000         2.4800000000         1.3352870017         2.1638438916        -0.0954093103
        2.4504707000         2.4800000000         1.3429439823         2.1689476465         0.1040526624
        2.4555373000         2.4800000000         1.3352870017         2.1612920142        -0.0954093103
        2.4607261000         2.4800000000         1.3378393285         2.1612920142        -0.0289219860
        2.4655407000         2.4800000000         1.3378393285         2.1587401367        -0.0289219860
        2.4707848000         2.4800000000         1.3454963091         2.1689476465         0.1705399866
        2.4755543000         2.4800000000         1.3506009628         2.1587401367         0.3035146351
        2.4806262000         2.4800000000         1.3378393285         2.1689476465        -0.0289219860
        2.4855225000         2.4800000000         1.3327346748         2.1561882593        -0.1618966345
        2.4905458000         2.4800000000         1.3454963091         2.1689476465         0.1705399866
        2.4955020000         2.4800000000         1.3378393285         2.1587401367        -0.0289219860
        2.5005151000         2.4800000000         1.3327346748         2.1561882593        -0.1618966345
        2.5055109000         2.4800000000         1.3429439823         2.1714995240         0.1040526624
        2.5104813000         2.4800000000         1.3352870017         2.1612920142        -0.0954093103
        2.5155863000         2.4800000000         1.3378393285         2.1612920142        -0.0289219860
        2.5205301000         2.4800000000         1.3352870017         2.1638438916        -0.0954093103
        2.5255334000         2.4800000000         1.3429439823         2.1689476465         0.1040526624
        2.5305500000         2.4800000000         1.3352870017         2.1612920142        -0.0954093103
        2.5356207000         2.4800000000         1.3301823480         2.1561882593        -0.2283839587
        2.5404593000         2.4800000000         1.3403916554         2.1612920142         0.0375653382
        2.5454617000         2.4800000000         1.3378393285         2.1612920142        -0.0289219860
        2.5505558000         2.4800000000         1.3378393285         2.1663957691        -0.0289219860
        2.5555345000         2.4800000000         1.3506009628         2.1612920142         0.3035146351
        2.5605376000         2.4800000000         1.3327346748         2.1561882593        -0.1618966345
        2.5656003000         2.4800000000         1.3429439823         2.1689476465         0.1040526624
        2.5705566000         2.4800000000         1.3327346748         2.1638438916        -0.1618966345
        2.5755191000         2.4800000000         1.3378393285         2.1612920142        -0.0289219860
        2.5805274000         2.4800000000         1.3863335388         2.1561882593         1.2343371743
        2.5855031000         2.4800000000         1.3352870017         2.1612920142        -0.0954093103
        2.5905051000         2.4800000000         1.3352870017         2.1612920142        -0.0954093103
        2.5955221000         2.4800000000         1.3378393285         2.1612920142        -0.0289219860
        2.6004940000         2.4800000000         1.3352870017         2.1612920142        -0.0954093103
        2.6055417000         2.4800000000         1.3327346748         2.1561882593        -0.1618966345
        2.6105591000         2.4800000000         1.3429439823         2.1689476465         0.1040526624
        2.6155529000         2.4800000000         1.3301823480         2.1561882593        -0.2283839587
        2.6206696000         2.4800000000         1.3327346748         2.1536363818        -0.1618966345
        2.6256066000         2.4800000000         1.3378393285         2.1638438916        -0.0289219860
        2.6305836000         2.4800000000         1.3454963091         2.1689476465         0.1705399866
        2.6355902000         2.4800000000         1.3480486360         2.1561882593         0.2370273109
        2.6406196000         2.4800000000         1.3378393285         2.1612920142        -0.0289219860
        2.6456060000         2.4800000000         1.3301823480         2.1561882593        -0.2283839587
        2.6505874000         2.4800000000         1.3429439823         2.1663957691         0.1040526624
        2.6555316000         2.4800000000         1.3403916554         2.1587401367         0.0375653382
        2.6606437000         2.4800000000         1.3403916554         2.1638438916         0.0375653382
        2.6654995000         2.4800000000         1.3378393285         2.1612920142        -0.0289219860
        2.6705446000         2.4800000000         1.3327346748         2.1561882593        -0.1618966345
        2.6755109000         2.4800000000         1.3378393285         2.1612920142        -0.0289219860
        2.6805196000         2.4800000000         1.3327346748         2.1561882593        -0.1618966345
        2.6855901000         2.4800000000         1.3429439823         2.1689476465         0.1040526624
        2.6906338000         2.4800000000         1.3378393285         2.1612920142        -0.0289219860
        2.6955694000         2.4800000000         1.3352870017         2.1612920142        -0.0954093103
        2.7006126000         2.4800000000         1.3327346748         2.1587401367        -0.1618966345
        2.7055144000         2.4800000000         1.3301823480         2.1561882593        -0.2283839587
        2.7106396000         2.4800000000         1.3429439823         2.1689476465         0.1040526624
        2.7156110000         2.4800000000         1.3557056165         2.1638438916         0.4364892835
        2.7206192000         2.4800000000         1.3403916554         2.1612920142         0.0375653382
        2.7259561000         2.4800000000         1.3352870017         2.1612920142        -0.0954093103
        2.7308238000         2.4800000000         1.3378393285         2.1612920142        -0.0289219860
        2.7356362000         2.4800000000         1.3327346748         2.1561882593        -0.1618966345
        2.7407824000         2.4800000000         1.3454963091         2.1689476465         0.1705399866
        2.7455699000         2.4800000000         1.3327346748         2.1561882593        -0.1618966345
        2.7505335000         2.4800000000         1.3301823480         2.1561882593        -0.2283839587
        2.7556368000         2.4800000000         1.3429439823         2.1689476465         0.1040526624
        2.7605310000         2.4800000000         1.3301823480         2.1561882593        -0.2283839587
        2.7656661000         2.4800000000         1.3352870017         2.1612920142        -0.0954093103
        2.7707869000         2.4800000000         1.3327346748         2.1561882593        -0.1618966345
        2.7756159000         2.4800000000         1.3378393285         2.1612920142        -0.0289219860
        2.7805182000         2.4800000000         1.3378393285         2.1612920142        -0.0289219860
        2.7856251000         2.4800000000         1.3352870017         2.1612920142        -0.0954093103
        2.7906895000         2.4800000000         1.3378393285         2.1587401367        -0.0289219860
        2.7956372000         2.4800000000         1.3301823480         2.1587401367        -0.2283839587
        2.8007976000         2.4800000000         1.3429439823         2.1663957691         0.1040526624
        2.8055627000         2.4800000000         1.3327346748         2.1587401367        -0.1618966345
        2.8106015000         2.4800000000         1.3352870017         2.1612920142        -0.0954093103
        2.8154664000         2.4800000000         1.3429439823         2.1689476465         0.1040526624
        2.8206788000         2.4800000000         1.3378393285         2.1638438916        -0.0289219860
        2.8255759000         2.4800000000         1.3352870017         2.1612920142        -0.0954093103
        2.8305960000         2.4800000000         1.3352870017         2.1612920142        -0.0954093103
        2.8355753000         2.4800000000         1.3301823480         2.1561882593        -0.2283839587
        2.8406094000         2.4800000000         1.3378393285         2.1612920142        -0.0289219860
        2.8456027000         2.4800000000         1.3378393285         2.1612920142        -0.0289219860
        2.8505682000         2.4800000000         1.3327346748         2.1561882593        -0.1618966345
        2.8556275000         2.4800000000         1.3403916554         2.1612920142         0.0375653382
        2.8605777000         2.4800000000         1.3429439823         2.1689476465         0.1040526624
        2.8656821000         2.4800000000         1.3327346748         2.1561882593        -0.1618966345
        2.8705925000         2.4800000000         1.3429439823         2.1689476465         0.1040526624
        2.8756754000         2.4800000000         1.3531532897         2.1612920142         0.3700019593
        2.8806130000         2.4800000000         1.3837812120         2.1612920142         1.1678498500
        2.8855907000         2.4800000000         1.3429439823         2.1689476465         0.1040526624
        2.8905336000         2.4800000000         1.3301823480         2.1561882593        -0.2283839587
        2.8954976000         2.4800000000         1.3352870017         2.1638438916        -0.0954093103
        2.9006367000         2.4800000000         1.3403916554         2.1612920142         0.0375653382
        2.9055189000         2.4800000000         1.3301823480         2.1561882593        -0.2283839587
        2.9107086000         2.4800000000         1.3454963091         2.1689476465         0.1705399866
        2.9156431000         2.4800000000         1.3403916554         2.1587401367         0.0375653382
        2.9205287000         2.4800000000         1.3378393285         2.1612920142        -0.0289219860
        2.9255359000         2.4800000000         1.3454963091         2.1663957691         0.1705399866
        2.9306503000         2.4800000000         1.3327346748         2.1561882593        -0.1618966345
        2.9354930000         2.4800000000         1.3429439823         2.1689476465         0.1040526624
        2.9405731000         2.4800000000         1.3352870017         2.1612920142        -0.0954093103
        2.9456495000         2.4800000000         1.3429439823         2.1689476465         0.1040526624
        2.9506219000         2.4800000000         1.3352870017         2.1638438916        -0.0954093103
        2.9557360000         2.4800000000         1.3403916554         2.1689476465         0.0375653382
        2.9607313000         2.4800000000         1.3429439823         2.1689476465         0.1040526624
        2.9657391000         2.4800000000         1.3454963091         2.1638438916         0.1705399866
        2.9707736000         2.4800000000         1.3429439823         2.1689476465         0.1040526624
        2.9756391000         2.4800000000         1.3301823480         2.1561882593        -0.2283839587
        2.9807252000         2.4800000000         1.3429439823         2.1689476465         0.1040526624
        2.9855848000         2.4800000000         1.3327346748         2.1587401367        -0.1618966345
        2.9906084000         2.4800000000         1.3454963091         2.1689476465         0.1705399866
        2.9955901000         2.4800000000         1.3454963091         2.1714995240         0.1705399866
        3.0006580000         2.4800000000         1.3378393285         2.1612920142        -0.0289219860
        3.0056328000         2.4800000000         1.3352870017         2.1638438916        -0.0954093103
        3.0108379000         2.4800000000         1.3429439823         2.1689476465         0.1040526624
        3.0155955000         2.4800000000         1.3378393285         2.1612920142        -0.0289219860
        3.0204974000         2.4800000000         1.3301823480         2.1587401367        -0.2283839587
        3.0255251000         2.4800000000         1.3301823480         2.1561882593        -0.2283839587
        3.0305399000         2.4800000000         1.3454963091         2.1689476465         0.1705399866
        3.0356350000         2.4800000000         1.3531532897         2.1689476465         0.3700019593
        3.0405418000         2.4800000000         1.3378393285         2.1612920142        -0.0289219860
        3.0455680000         2.4800000000         1.3378393285         2.1638438916        -0.0289219860
        3.0505845000         2.4800000000         1.3327346748         2.1587401367        -0.1618966345
        3.0555309000         2.4800000000         1.3327346748         2.1561882593        -0.1618966345
        3.0606264000         2.4800000000         1.3403916554         2.1612920142         0.0375653382
        3.0655378000         2.4800000000         1.3352870017         2.1638438916        -0.0954093103
        3.0705856000         2.4800000000         1.3327346748         2.1561882593        -0.1618966345
        3.0756062000         2.4800000000         1.3454963091         2.1689476465         0.1705399866
        3.0805247000         2.4800000000         1.3352870017         2.1638438916        -0.0954093103
        3.0855396000         2.4800000000         1.3429439823         2.1689476465         0.1040526624
        3.0905664000         2.4800000000         1.3352870017         2.1612920142        -0.0954093103
        3.0956457000         2.4800000000         1.3378393285         2.1612920142        -0.0289219860
        3.1006800000         2.4800000000         1.3378393285         2.1638438916        -0.0289219860
        3.1057468000         2.4800000000         1.3684672508         2.1612920142         0.7689259047
        3.1105726000         2.4800000000         1.3429439823         2.1638438916         0.1040526624
        3.1154591000         2.4800000000         1.3352870017         2.1638438916        -0.0954093103
        3.1207812000         2.4800000000         1.3429439823         2.1689476465         0.1040526624
        3.1259128000         2.4800000000         1.3352870017         2.1638438916        -0.0954093103
        3.1307062000         2.4800000000         1.3812288851         2.1638438916         1.1013625258
        3.1355402000         2.4800000000         1.3327346748         2.1561882593        -0.1618966345
        3.1405703000         2.4800000000         1.3429439823         2.1689476465         0.1040526624
        3.1455466000         2.4800000000         1.3454963091         2.1612920142         0.1705399866
        3.1505053000         2.4800000000         1.3327346748         2.1561882593        -0.1618966345
        3.1555659000         2.4800000000         1.3429439823         2.1689476465         0.1040526624
        3.1605517000         2.4800000000         1.3378393285         2.1638438916        -0.0289219860
        3.1657211000         2.4800000000         1.3378393285         2.1612920142        -0.0289219860
        3.1704675000         2.4800000000         1.3352870017         2.1638438916        -0.0954093103
        3.1754719000         2.4800000000         1.3429439823         2.1689476465         0.1040526624
        3.1804618000         2.4800000000         1.3327346748         2.1561882593        -0.1618966345
        3.1854451000         2.4800000000         1.3378393285         2.1638438916        -0.0289219860
        3.1904888000         2.4800000000         1.3327346748         2.1561882593        -0.1618966345
        3.1954616000         2.4800000000         1.3378393285         2.1612920142        -0.0289219860
        3.2004862000         2.4800000000         1.3454963091         2.1663957691         0.1705399866
        3.2054947000         2.4800000000         1.3378393285         2.1612920142        -0.0289219860
        3.2104495000         2.4800000000         1.3327346748         2.1536363818        -0.1618966345
        3.2154323000         2.4800000000         1.3327346748         2.1561882593        -0.1618966345
        3.2204811000         2.4800000000         1.3301823480         2.1561882593        -0.2283839587
        3.2255300000         2.4800000000         1.3352870017         2.1638438916        -0.0954093103
        3.2304838000         2.4800000000         1.3327346748         2.1561882593        -0.1618966345
        3.2355088000         2.4800000000         1.3301823480         2.1561882593        -0.2283839587
        3.2404983000         2.4800000000         1.3327346748         2.1561882593        -0.1618966345
        3.2455178000         2.4800000000         1.3429439823         2.1689476465         0.1040526624
        3.2505653000         2.4800000000         1.3378393285         2.1612920142        -0.0289219860
        3.2554621000         2.4800000000         1.3378393285         2.1612920142        -0.0289219860
        3.2605492000         2.4800000000         1.3454963091         2.1663957691         0.1705399866
        3.2655099000         2.4800000000         1.3327346748         2.1587401367        -0.1618966345
        3.2704814000         2.4800000000         1.3506009628         2.1689476465         0.3035146351
        3.2755935000         2.4800000000         1.3327346748         2.1561882593        -0.1618966345
        3.2805404000         2.4800000000         1.3429439823         2.1689476465         0.1040526624
        3.2855148000         2.4800000000         1.3454963091         2.1689476465         0.1705399866
        3.2904968000         2.4800000000         1.3454963091         2.1689476465         0.1705399866
        3.2954597000         2.4800000000         1.3403916554         2.1612920142         0.0375653382
        3.3004595000         2.4800000000         1.3352870017         2.1612920142        -0.0954093103
        3.3055866000         2.4800000000         1.3403916554         2.1612920142         0.0375653382
        3.3105048000         2.4800000000         1.3378393285         2.1612920142        -0.0289219860
        3.3154530000         2.4800000000         1.3378393285         2.1612920142        -0.0289219860
        3.3205232000         2.4800000000         1.3352870017         2.1638438916        -0.0954093103
        3.3255527000         2.4800000000         1.3378393285         2.1587401367        -0.0289219860
        3.3305170000         2.4800000000         1.3352870017         2.1663957691        -0.0954093103
        3.3354666000         2.4800000000         1.3429439823         2.1689476465         0.1040526624
        3.3404869000         2.4800000000         1.3429439823         2.1689476465         0.1040526624
        3.3455754000         2.4800000000         1.3352870017         2.1612920142        -0.0954093103
        3.3505034000         2.4800000000         1.3378393285         2.1612920142        -0.0289219860
        3.3555787000         2.4800000000         1.3352870017         2.1638438916        -0.0954093103
        3.3604902000         2.4800000000         1.3429439823         2.1689476465         0.1040526624
        3.3655082000         2.4800000000         1.3429439823         2.1663957691         0.1040526624
        3.3705103000         2.4800000000         1.3301823480         2.1561882593        -0.2283839587
        3.3754769000         2.4800000000         1.3378393285         2.1612920142        -0.0289219860
        3.3804740000         2.4800000000         1.3378393285         2.1587401367        -0.0289219860
        3.3854307000         2.4800000000         1.3352870017         2.1638438916        -0.0954093103
        3.3904515000         2.4800000000         1.3378393285         2.1587401367        -0.0289219860
        3.3954296000         2.4800000000         1.3403916554         2.1612920142         0.0375653382
        3.4004705000         2.4800000000         1.3301823480         2.1561882593        -0.2283839587
        3.4055272000         2.4800000000         1.3378393285         2.1587401367        -0.0289219860
        3.4104600000         2.4800000000         1.3301823480         2.1561882593        -0.2283839587
        3.4155454000         2.4800000000         1.3327346748         2.1561882593        -0.1618966345
        3.4205009000         2.4800000000         1.3403916554         2.1612920142         0.0375653382
        3.4254210000         2.4800000000         1.3378393285         2.1612920142        -0.0289219860
        3.4305142000         2.4800000000         1.3352870017         2.1638438916        -0.0954093103
        3.4354792000         2.4800000000         1.3378393285         2.1612920142        -0.0289219860
        3.4405185000         2.4800000000         1.3327346748         2.1561882593        -0.1618966345
        3.4455996000         2.4800000000         1.3352870017         2.1612920142        -0.0954093103
        3.4504659000         2.4800000000         1.3429439823         2.1663957691         0.1040526624
        3.4554431000         2.4800000000         1.3429439823         2.1689476465         0.1040526624
        3.4604379000         2.4800000000         1.3352870017         2.1587401367        -0.0954093103
        3.4655076000         2.4800000000         1.3403916554         2.1612920142         0.0375653382
        3.4704901000         2.4800000000         1.3378393285         2.1587401367        -0.0289219860
        3.4754909000         2.4800000000         1.3429439823         2.1663957691         0.1040526624
        3.4804587000         2.4800000000         1.3352870017         2.1612920142        -0.0954093103
        3.4854582000         2.4800000000         1.3327346748         2.1561882593        -0.1618966345
        3.4904546000         2.4800000000         1.3480486360         2.1689476465         0.2370273109
        3.4954889000         2.4800000000         1.3352870017         2.1612920142        -0.0954093103
        3.5004540000         2.4800000000         1.3352870017         2.1612920142        -0.0954093103
        3.5054310000         2.4800000000         1.3378393285         2.1612920142        -0.0289219860
        3.5104752000         2.4800000000         1.3378393285         2.1612920142        -0.0289219860
        3.5154275000         2.4800000000         1.3735719045         2.1689476465         0.9019005531
        3.5204981000         2.4800000000         1.3429439823         2.1689476465         0.1040526624
        3.5255329000         2.4800000000         1.3378393285         2.1638438916        -0.0289219860
        3.5304745000         2.4800000000         1.3378393285         2.1638438916        -0.0289219860
        3.5356445000         2.4800000000         1.3429439823         2.1689476465         0.1040526624
        3.5406699000         2.4800000000         1.3506009628         2.1689476465         0.3035146351
        3.5454793000         2.4800000000         1.3352870017         2.1638438916        -0.0954093103
        3.5506065000         2.4800000000         1.3352870017         2.1612920142        -0.0954093103
        3.5555605000         2.4800000000         1.3276300211         2.1561882593        -0.2948712829
        3.5604585000         2.4800000000         1.3301823480         2.1561882593        -0.2283839587
        3.5655174000         2.4800000000         1.3378393285         2.1638438916        -0.0289219860
        3.5704667000         2.4800000000         1.3557056165         2.1561882593         0.4364892835
        3.5754498000         2.4800000000         1.3301823480         2.1561882593        -0.2283839587
        3.5804928000         2.4800000000         1.3378393285         2.1612920142        -0.0289219860
        3.5854819000         2.4800000000         1.3531532897         2.1561882593         0.3700019593
        3.5904944000         2.4800000000         1.3378393285         2.1612920142        -0.0289219860
        3.5954759000         2.4800000000         1.3352870017         2.1612920142        -0.0954093103
        3.6004618000         2.4800000000         1.3301823480         2.1587401367        -0.2283839587
        3.6056828000         2.4800000000         1.3403916554         2.1689476465         0.0375653382
        3.6104933000         2.4800000000         1.3378393285         2.1612920142        -0.0289219860
        3.6154363000         2.4800000000         1.3429439823         2.1612920142         0.1040526624
        3.6206246000         2.4800000000         1.3352870017         2.1612920142        -0.0954093103
        3.6258939000         2.4800000000         1.3378393285         2.1612920142        -0.0289219860
        3.6306873000         2.4800000000         1.3429439823         2.1689476465         0.1040526624
        3.6356291000         2.4800000000         1.3301823480         2.1561882593        -0.2283839587
        3.6408681000         2.4800000000         1.3352870017         2.1612920142        -0.0954093103
        3.6455132000         2.4800000000         1.3454963091         2.1689476465         0.1705399866
        3.6506526000         2.4800000000         1.3378393285         2.1612920142        -0.0289219860
        3.6556461000         2.4800000000         1.3301823480         2.1561882593        -0.2283839587
        3.6605070000         2.4800000000         1.3301823480         2.1561882593        -0.2283839587
        3.6655297000         2.4800000000         1.3429439823         2.1612920142         0.1040526624
        3.6707559000         2.4800000000         1.3327346748         2.1561882593        -0.1618966345
        3.6756405000         2.4800000000         1.3378393285         2.1612920142        -0.0289219860
        3.6806381000         2.4800000000         1.3454963091         2.1689476465         0.1705399866
        3.6858205000         2.4800000000         1.3327346748         2.1561882593        -0.1618966345
        3.6906987000         2.4800000000         1.3454963091         2.1689476465         0.1705399866
        3.6955745000         2.4800000000         1.3301823480         2.1587401367        -0.2283839587
        3.7005965000         2.4800000000         1.3352870017         2.1638438916        -0.0954093103
        3.7055391000         2.4800000000         1.3378393285         2.1638438916        -0.0289219860
        3.7105869000         2.4800000000         1.3301823480         2.1561882593        -0.2283839587
        3.7156044000         2.4800000000         1.3454963091         2.1689476465         0.1705399866
        3.7206099000         2.4800000000         1.3301823480         2.1561882593        -0.2283839587
        3.7255384000         2.4800000000         1.3378393285         2.1612920142        -0.0289219860
        3.7305299000         2.4800000000         1.3327346748         2.1587401367        -0.1618966345
        3.7355594000         2.4800000000         1.3378393285         2.1638438916        -0.0289219860
        3.7406784000         2.4800000000         1.3608102703         2.1689476465         0.5694639320
        3.7455179000         2.4800000000         1.3352870017         2.1612920142        -0.0954093103
        3.7505059000         2.4800000000         1.3378393285         2.1612920142        -0.0289219860
        3.7555604000         2.4800000000         1.3352870017         2.1638438916        -0.0954093103
        3.7605052000         2.4800000000         1.3352870017         2.1638438916        -0.0954093103
        3.7655726000         2.4800000000         1.3378393285         2.1612920142        -0.0289219860
        3.7705492000         2.4800000000         1.3352870017         2.1612920142        -0.0954093103
        3.7756581000         2.4800000000         1.3378393285         2.1638438916        -0.0289219860
        3.7804949000         2.4800000000         1.3378393285         2.1612920142        -0.0289219860
        3.7854875000         2.4800000000         1.3327346748         2.1536363818        -0.1618966345
        3.7905966000         2.4800000000         1.3378393285         2.1612920142        -0.0289219860
        3.7954894000         2.4800000000         1.3403916554         2.1689476465         0.0375653382
        3.8004645000         2.4800000000         1.3454963091         2.1663957691         0.1705399866
        3.8055907000         2.4800000000         1.3378393285         2.1612920142        -0.0289219860
        3.8106730000         2.4800000000         1.3378393285         2.1587401367        -0.0289219860
        3.8156879000         2.4800000000         1.3378393285         2.1612920142        -0.0289219860
        3.8207201000         2.4800000000         1.3429439823         2.1689476465         0.1040526624
        3.8255335000         2.4800000000         1.3327346748         2.1561882593        -0.1618966345
        3.8304821000         2.4800000000         1.3378393285         2.1638438916        -0.0289219860
        3.8364799000         2.4800000000         1.3378393285         2.1612920142        -0.0289219860
        3.8405184000         2.4800000000         1.3352870017         2.1638438916        -0.0954093103
        3.8457378000         2.4800000000         1.3403916554         2.1612920142         0.0375653382
        3.8507603000         2.4800000000         1.3429439823         2.1689476465         0.1040526624
        3.8555789000         2.4800000000         1.3454963091         2.1689476465         0.1705399866
        3.8608406000         2.4800000000         1.3378393285         2.1612920142        -0.0289219860
        3.8656920000         2.4800000000         1.3327346748         2.1561882593        -0.1618966345
        3.8705156000         2.4800000000         1.3301823480         2.1587401367        -0.2283839587
        3.8754597000         2.4800000000         1.3454963091         2.1689476465         0.1705399866
        3.8804764000         2.4800000000         1.3659149240         2.1612920142         0.7024385805
        3.8855081000         2.4800000000         1.3327346748         2.1587401367        -0.1618966345
        3.8905003000         2.4800000000         1.3378393285         2.1587401367        -0.0289219860
        3.8954515000         2.4800000000         1.3352870017         2.1612920142        -0.0954093103
        3.9004305000         2.4800000000         1.3378393285         2.1612920142        -0.0289219860
        3.9054629000         2.4800000000         1.3327346748         2.1561882593        -0.1618966345
        3.9104646000         2.4800000000         1.3301823480         2.1561882593        -0.2283839587
        3.9155075000         2.4800000000         1.3454963091         2.1689476465         0.1705399866
        3.9204715000         2.4800000000         1.3454963091         2.1663957691         0.1705399866
        3.9254807000         2.4800000000         1.3301823480         2.1587401367        -0.2283839587
        3.9304526000         2.4800000000         1.3378393285         2.1612920142        -0.0289219860
        3.9354337000         2.4800000000         1.3378393285         2.1638438916        -0.0289219860
        3.9404913000         2.4800000000         1.3327346748         2.1561882593        -0.1618966345
        3.9455483000         2.4800000000         1.3327346748         2.1561882593        -0.1618966345
        3.9506260000         2.4800000000         1.3352870017         2.1638438916        -0.0954093103
        3.9555961000         2.4800000000         1.3378393285         2.1612920142        -0.0289219860
        3.9605593000         2.4800000000         1.3301823480         2.1561882593        -0.2283839587
        3.9655857000         2.4800000000         1.3429439823         2.1689476465         0.1040526624
        3.9705114000         2.4800000000         1.3301823480         2.1612920142        -0.2283839587
        3.9755442000         2.4800000000         1.3327346748         2.1587401367        -0.1618966345
        3.9806738000         2.4800000000         1.3429439823         2.1612920142         0.1040526624
        3.9856412000         2.4800000000         1.3352870017         2.1612920142        -0.0954093103
        3.9905093000         2.4800000000         1.3403916554         2.1689476465         0.0375653382
        3.9955071000         2.4800000000         1.3327346748         2.1561882593        -0.1618966345
        4.0005816000         2.4800000000         1.3429439823         2.1689476465         0.1040526624
