% Sweep Step 19/200  Vcmd=2.6000V  CW 
% Vg_offset=1.338950V  K_gimbal=26.049690

Time[s]              Vcmd[V]              Vg_raw[V]            Pot[V]             Omega[rad/s]
        0.0018248000         2.6000000000         1.3352870017         2.1612920142        -0.0954093103
        0.0055814000         2.6000000000         1.3301823480         2.1587401367        -0.2283839587
        0.0105852000         2.6000000000         1.3454963091         2.1689476465         0.1705399866
        0.0156398000         2.6000000000         1.3378393285         2.1612920142        -0.0289219860
        0.0205843000         2.6000000000         1.3403916554         2.1638438916         0.0375653382
        0.0255977000         2.6000000000         1.3403916554         2.1612920142         0.0375653382
        0.0305886000         2.6000000000         1.3301823480         2.1561882593        -0.2283839587
        0.0357334000         2.6000000000         1.3403916554         2.1612920142         0.0375653382
        0.0406775000         2.6000000000         1.3327346748         2.1561882593        -0.1618966345
        0.0455278000         2.6000000000         1.3378393285         2.1638438916        -0.0289219860
        0.0506916000         2.6000000000         1.3454963091         2.1689476465         0.1705399866
        0.0555371000         2.6000000000         1.3327346748         2.1561882593        -0.1618966345
        0.0605468000         2.6000000000         1.3378393285         2.1612920142        -0.0289219860
        0.0655070000         2.6000000000         1.3429439823         2.1689476465         0.1040526624
        0.0706367000         2.6000000000         1.3327346748         2.1561882593        -0.1618966345
        0.0755012000         2.6000000000         1.3454963091         2.1689476465         0.1705399866
        0.0805354000         2.6000000000         1.3378393285         2.1612920142        -0.0289219860
        0.0855001000         2.6000000000         1.3352870017         2.1612920142        -0.0954093103
        0.0905618000         2.6000000000         1.3378393285         2.1612920142        -0.0289219860
        0.0957739000         2.6000000000         1.3403916554         2.1638438916         0.0375653382
        0.1007688000         2.6000000000         1.3301823480         2.1561882593        -0.2283839587
        0.1055502000         2.6000000000         1.3327346748         2.1561882593        -0.1618966345
        0.1105592000         2.6000000000         1.3352870017         2.1663957691        -0.0954093103
        0.1155029000         2.6000000000         1.3454963091         2.1612920142         0.1705399866
        0.1204628000         2.6000000000         1.3352870017         2.1587401367        -0.0954093103
        0.1254959000         2.6000000000         1.3352870017         2.1612920142        -0.0954093103
        0.1304368000         2.6000000000         1.3429439823         2.1638438916         0.1040526624
        0.1354137000         2.6000000000         1.3531532897         2.1689476465         0.3700019593
        0.1404597000         2.6000000000         1.3633625971         2.1638438916         0.6359512562
        0.1454524000         2.6000000000         1.3352870017         2.1612920142        -0.0954093103
        0.1505061000         2.6000000000         1.3378393285         2.1612920142        -0.0289219860
        0.1554751000         2.6000000000         1.3429439823         2.1689476465         0.1040526624
        0.1604752000         2.6000000000         1.3429439823         2.1689476465         0.1040526624
        0.1655154000         2.6000000000         1.3327346748         2.1561882593        -0.1618966345
        0.1705185000         2.6000000000         1.3378393285         2.1638438916        -0.0289219860
        0.1755110000         2.6000000000         1.3327346748         2.1587401367        -0.1618966345
        0.1804663000         2.6000000000         1.3403916554         2.1587401367         0.0375653382
        0.1854702000         2.6000000000         1.3378393285         2.1663957691        -0.0289219860
        0.1905271000         2.6000000000         1.3301823480         2.1587401367        -0.2283839587
        0.1954703000         2.6000000000         1.3378393285         2.1612920142        -0.0289219860
        0.2005588000         2.6000000000         1.3378393285         2.1638438916        -0.0289219860
        0.2054978000         2.6000000000         1.3327346748         2.1561882593        -0.1618966345
        0.2105112000         2.6000000000         1.3378393285         2.1638438916        -0.0289219860
        0.2155208000         2.6000000000         1.3378393285         2.1612920142        -0.0289219860
        0.2205083000         2.6000000000         1.3352870017         2.1638438916        -0.0954093103
        0.2255135000         2.6000000000         1.3352870017         2.1612920142        -0.0954093103
        0.2305260000         2.6000000000         1.3378393285         2.1612920142        -0.0289219860
        0.2355882000         2.6000000000         1.3301823480         2.1536363818        -0.2283839587
        0.2405764000         2.6000000000         1.3301823480         2.1587401367        -0.2283839587
        0.2455058000         2.6000000000         1.3454963091         2.1689476465         0.1705399866
        0.2505077000         2.6000000000         1.3403916554         2.1612920142         0.0375653382
        0.2554836000         2.6000000000         1.3429439823         2.1612920142         0.1040526624
        0.2604971000         2.6000000000         1.3506009628         2.1638438916         0.3035146351
        0.2654661000         2.6000000000         1.3378393285         2.1561882593        -0.0289219860
        0.2706042000         2.6000000000         1.3378393285         2.1612920142        -0.0289219860
        0.2755166000         2.6000000000         1.3352870017         2.1638438916        -0.0954093103
        0.2805602000         2.6000000000         1.3378393285         2.1587401367        -0.0289219860
        0.2854726000         2.6000000000         1.3301823480         2.1561882593        -0.2283839587
        0.2905091000         2.6000000000         1.3352870017         2.1638438916        -0.0954093103
        0.2955027000         2.6000000000         1.3352870017         2.1638438916        -0.0954093103
        0.3005155000         2.6000000000         1.3378393285         2.1612920142        -0.0289219860
        0.3055050000         2.6000000000         1.3378393285         2.1638438916        -0.0289219860
        0.3104386000         2.6000000000         1.3429439823         2.1689476465         0.1040526624
        0.3154659000         2.6000000000         1.3378393285         2.1587401367        -0.0289219860
        0.3204970000         2.6000000000         1.3403916554         2.1638438916         0.0375653382
        0.3255948000         2.6000000000         1.3454963091         2.1689476465         0.1705399866
        0.3305241000         2.6000000000         1.3352870017         2.1638438916        -0.0954093103
        0.3355405000         2.6000000000         1.3327346748         2.1536363818        -0.1618966345
        0.3405151000         2.6000000000         1.3378393285         2.1612920142        -0.0289219860
        0.3454661000         2.6000000000         1.3301823480         2.1561882593        -0.2283839587
        0.3504902000         2.6000000000         1.3352870017         2.1612920142        -0.0954093103
        0.3555599000         2.6000000000         1.3327346748         2.1561882593        -0.1618966345
        0.3605142000         2.6000000000         1.3352870017         2.1638438916        -0.0954093103
        0.3655501000         2.6000000000         1.3301823480         2.1587401367        -0.2283839587
        0.3704765000         2.6000000000         1.3301823480         2.1587401367        -0.2283839587
        0.3754546000         2.6000000000         1.3429439823         2.1689476465         0.1040526624
        0.3804947000         2.6000000000         1.3301823480         2.1587401367        -0.2283839587
        0.3854991000         2.6000000000         1.3378393285         2.1638438916        -0.0289219860
        0.3904650000         2.6000000000         1.3429439823         2.1587401367         0.1040526624
        0.3954553000         2.6000000000         1.3352870017         2.1689476465        -0.0954093103
        0.4004832000         2.6000000000         1.3531532897         2.1638438916         0.3700019593
        0.4055071000         2.6000000000         1.3454963091         2.1689476465         0.1705399866
        0.4105022000         2.6000000000         1.3352870017         2.1587401367        -0.0954093103
        0.4154758000         2.6000000000         1.3403916554         2.1689476465         0.0375653382
        0.4210896000         2.6000000000         1.3327346748         2.1561882593        -0.1618966345
        0.4254667000         2.6000000000         1.3276300211         2.1561882593        -0.2948712829
        0.4304755000         2.6000000000         1.3429439823         2.1714995240         0.1040526624
        0.4354439000         2.6000000000         1.3352870017         2.1638438916        -0.0954093103
        0.4405393000         2.6000000000         1.3352870017         2.1561882593        -0.0954093103
        0.4454700000         2.6000000000         1.3378393285         2.1638438916        -0.0289219860
        0.4505562000         2.6000000000         1.3301823480         2.1587401367        -0.2283839587
        0.4555448000         2.6000000000         1.3352870017         2.1638438916        -0.0954093103
        0.4604685000         2.6000000000         1.3403916554         2.1638438916         0.0375653382
        0.4654500000         2.6000000000         1.3378393285         2.1561882593        -0.0289219860
        0.4704779000         2.6000000000         1.3863335388         2.1612920142         1.2343371743
        0.4754785000         2.6000000000         1.3378393285         2.1612920142        -0.0289219860
        0.4804892000         2.6000000000         1.3327346748         2.1561882593        -0.1618966345
        0.4854791000         2.6000000000         1.3378393285         2.1612920142        -0.0289219860
        0.4904594000         2.6000000000         1.3378393285         2.1612920142        -0.0289219860
        0.4955057000         2.6000000000         1.3429439823         2.1689476465         0.1040526624
        0.5004531000         2.6000000000         1.3454963091         2.1689476465         0.1705399866
        0.5054010000         2.6000000000         1.3429439823         2.1689476465         0.1040526624
        0.5104818000         2.6000000000         1.3352870017         2.1612920142        -0.0954093103
        0.5156235000         2.6000000000         1.3429439823         2.1612920142         0.1040526624
        0.5204511000         2.6000000000         1.3454963091         2.1689476465         0.1705399866
        0.5254340000         2.6000000000         1.3352870017         2.1587401367        -0.0954093103
        0.5304580000         2.6000000000         1.3429439823         2.1740514015         0.1040526624
        0.5355182000         2.6000000000         1.3352870017         2.1638438916        -0.0954093103
        0.5404891000         2.6000000000         1.3429439823         2.1689476465         0.1040526624
        0.5454817000         2.6000000000         1.3352870017         2.1612920142        -0.0954093103
        0.5504344000         2.6000000000         1.3403916554         2.1638438916         0.0375653382
        0.5554669000         2.6000000000         1.3327346748         2.1561882593        -0.1618966345
        0.5604572000         2.6000000000         1.3454963091         2.1689476465         0.1705399866
        0.5654135000         2.6000000000         1.3352870017         2.1638438916        -0.0954093103
        0.5704440000         2.6000000000         1.3403916554         2.1638438916         0.0375653382
        0.5754956000         2.6000000000         1.3378393285         2.1638438916        -0.0289219860
        0.5804820000         2.6000000000         1.3403916554         2.1587401367         0.0375653382
        0.5854776000         2.6000000000         1.3454963091         2.1638438916         0.1705399866
        0.5904875000         2.6000000000         1.3327346748         2.1561882593        -0.1618966345
        0.5954497000         2.6000000000         1.3480486360         2.1689476465         0.2370273109
        0.6004523000         2.6000000000         1.3429439823         2.1689476465         0.1040526624
        0.6054071000         2.6000000000         1.3378393285         2.1638438916        -0.0289219860
        0.6104473000         2.6000000000         1.3327346748         2.1561882593        -0.1618966345
        0.6154641000         2.6000000000         1.3454963091         2.1663957691         0.1705399866
        0.6204355000         2.6000000000         1.3327346748         2.1561882593        -0.1618966345
        0.6254809000         2.6000000000         1.3301823480         2.1561882593        -0.2283839587
        0.6304565000         2.6000000000         1.3301823480         2.1561882593        -0.2283839587
        0.6355039000         2.6000000000         1.3301823480         2.1561882593        -0.2283839587
        0.6404895000         2.6000000000         1.3327346748         2.1561882593        -0.1618966345
        0.6454605000         2.6000000000         1.3301823480         2.1561882593        -0.2283839587
        0.6504565000         2.6000000000         1.3352870017         2.1638438916        -0.0954093103
        0.6555387000         2.6000000000         1.3352870017         2.1612920142        -0.0954093103
        0.6604383000         2.6000000000         1.3301823480         2.1612920142        -0.2283839587
        0.6655913000         2.6000000000         1.3429439823         2.1689476465         0.1040526624
        0.6705028000         2.6000000000         1.3378393285         2.1638438916        -0.0289219860
        0.6755131000         2.6000000000         1.3250776943         2.1587401367        -0.3613586072
        0.6804750000         2.6000000000         1.3429439823         2.1714995240         0.1040526624
        0.6854023000         2.6000000000         1.3327346748         2.1561882593        -0.1618966345
        0.6904924000         2.6000000000         1.3454963091         2.1689476465         0.1705399866
        0.6955509000         2.6000000000         1.3352870017         2.1612920142        -0.0954093103
        0.7004544000         2.6000000000         1.3403916554         2.1612920142         0.0375653382
        0.7054871000         2.6000000000         1.3786765582         2.1561882593         1.0348752016
        0.7105997000         2.6000000000         1.3378393285         2.1587401367        -0.0289219860
        0.7155017000         2.6000000000         1.3301823480         2.1561882593        -0.2283839587
        0.7205456000         2.6000000000         1.3454963091         2.1663957691         0.1705399866
        0.7255221000         2.6000000000         1.3378393285         2.1638438916        -0.0289219860
        0.7304560000         2.6000000000         1.3378393285         2.1612920142        -0.0289219860
        0.7354311000         2.6000000000         1.3454963091         2.1663957691         0.1705399866
        0.7405168000         2.6000000000         1.3378393285         2.1638438916        -0.0289219860
        0.7454862000         2.6000000000         1.3429439823         2.1612920142         0.1040526624
        0.7504356000         2.6000000000         1.3378393285         2.1638438916        -0.0289219860
        0.7554492000         2.6000000000         1.3352870017         2.1612920142        -0.0954093103
        0.7605101000         2.6000000000         1.3557056165         2.1561882593         0.4364892835
        0.7654074000         2.6000000000         1.3403916554         2.1612920142         0.0375653382
        0.7704399000         2.6000000000         1.3352870017         2.1561882593        -0.0954093103
        0.7754207000         2.6000000000         1.3352870017         2.1561882593        -0.0954093103
        0.7804316000         2.6000000000         1.3403916554         2.1612920142         0.0375653382
        0.7854611000         2.6000000000         1.3327346748         2.1561882593        -0.1618966345
        0.7904733000         2.6000000000         1.3454963091         2.1689476465         0.1705399866
        0.7954450000         2.6000000000         1.3378393285         2.1612920142        -0.0289219860
        0.8004661000         2.6000000000         1.3454963091         2.1689476465         0.1705399866
        0.8054512000         2.6000000000         1.3454963091         2.1689476465         0.1705399866
        0.8104582000         2.6000000000         1.3301823480         2.1587401367        -0.2283839587
        0.8154446000         2.6000000000         1.3378393285         2.1612920142        -0.0289219860
        0.8204809000         2.6000000000         1.3378393285         2.1612920142        -0.0289219860
        0.8254544000         2.6000000000         1.3301823480         2.1587401367        -0.2283839587
        0.8304511000         2.6000000000         1.3301823480         2.1587401367        -0.2283839587
        0.8354611000         2.6000000000         1.3454963091         2.1638438916         0.1705399866
        0.8404404000         2.6000000000         1.3327346748         2.1561882593        -0.1618966345
        0.8455776000         2.6000000000         1.3352870017         2.1612920142        -0.0954093103
        0.8504762000         2.6000000000         1.3378393285         2.1612920142        -0.0289219860
        0.8554738000         2.6000000000         1.3429439823         2.1689476465         0.1040526624
        0.8605003000         2.6000000000         1.3352870017         2.1638438916        -0.0954093103
        0.8655172000         2.6000000000         1.3378393285         2.1638438916        -0.0289219860
        0.8705110000         2.6000000000         1.3429439823         2.1689476465         0.1040526624
        0.8754512000         2.6000000000         1.3378393285         2.1612920142        -0.0289219860
        0.8805577000         2.6000000000         1.3429439823         2.1689476465         0.1040526624
        0.8854826000         2.6000000000         1.3352870017         2.1638438916        -0.0954093103
        0.8905547000         2.6000000000         1.3429439823         2.1689476465         0.1040526624
        0.8955603000         2.6000000000         1.3327346748         2.1587401367        -0.1618966345
        0.9005400000         2.6000000000         1.3403916554         2.1612920142         0.0375653382
        0.9054538000         2.6000000000         1.3429439823         2.1689476465         0.1040526624
        0.9106746000         2.6000000000         1.3378393285         2.1638438916        -0.0289219860
        0.9154727000         2.6000000000         1.3429439823         2.1689476465         0.1040526624
        0.9205029000         2.6000000000         1.3327346748         2.1561882593        -0.1618966345
        0.9255751000         2.6000000000         1.3429439823         2.1689476465         0.1040526624
        0.9308235000         2.6000000000         1.3378393285         2.1612920142        -0.0289219860
        0.9356458000         2.6000000000         1.3352870017         2.1663957691        -0.0954093103
        0.9406509000         2.6000000000         1.3352870017         2.1612920142        -0.0954093103
        0.9456068000         2.6000000000         1.3327346748         2.1587401367        -0.1618966345
        0.9505767000         2.6000000000         1.3429439823         2.1689476465         0.1040526624
        0.9555346000         2.6000000000         1.3454963091         2.1689476465         0.1705399866
        0.9605886000         2.6000000000         1.3403916554         2.1612920142         0.0375653382
        0.9655223000         2.6000000000         1.3327346748         2.1561882593        -0.1618966345
        0.9706748000         2.6000000000         1.3429439823         2.1689476465         0.1040526624
        0.9756358000         2.6000000000         1.3506009628         2.1689476465         0.3035146351
        0.9805686000         2.6000000000         1.3301823480         2.1536363818        -0.2283839587
        0.9855709000         2.6000000000         1.3429439823         2.1663957691         0.1040526624
        0.9906477000         2.6000000000         1.3327346748         2.1612920142        -0.1618966345
        0.9955514000         2.6000000000         1.3301823480         2.1587401367        -0.2283839587
        1.0005334000         2.6000000000         1.3454963091         2.1689476465         0.1705399866
        1.0055091000         2.6000000000         1.3378393285         2.1561882593        -0.0289219860
        1.0105509000         2.6000000000         1.3378393285         2.1638438916        -0.0289219860
        1.0154364000         2.6000000000         1.3327346748         2.1587401367        -0.1618966345
        1.0205215000         2.6000000000         1.3378393285         2.1612920142        -0.0289219860
        1.0254908000         2.6000000000         1.3454963091         2.1612920142         0.1705399866
        1.0304848000         2.6000000000         1.3352870017         2.1612920142        -0.0954093103
        1.0354763000         2.6000000000         1.3199730405         2.1561882593        -0.4943332556
        1.0405235000         2.6000000000         1.3429439823         2.1663957691         0.1040526624
        1.0454675000         2.6000000000         1.3557056165         2.1561882593         0.4364892835
        1.0504752000         2.6000000000         1.3429439823         2.1689476465         0.1040526624
        1.0556072000         2.6000000000         1.3301823480         2.1561882593        -0.2283839587
        1.0604599000         2.6000000000         1.3301823480         2.1587401367        -0.2283839587
        1.0654941000         2.6000000000         1.3454963091         2.1689476465         0.1705399866
        1.0705571000         2.6000000000         1.3352870017         2.1638438916        -0.0954093103
        1.0754500000         2.6000000000         1.3378393285         2.1612920142        -0.0289219860
        1.0804676000         2.6000000000         1.3327346748         2.1561882593        -0.1618966345
        1.0854327000         2.6000000000         1.3352870017         2.1612920142        -0.0954093103
        1.0905916000         2.6000000000         1.3378393285         2.1612920142        -0.0289219860
        1.0954382000         2.6000000000         1.3352870017         2.1612920142        -0.0954093103
        1.1005386000         2.6000000000         1.3429439823         2.1689476465         0.1040526624
        1.1055307000         2.6000000000         1.3378393285         2.1638438916        -0.0289219860
        1.1104542000         2.6000000000         1.3378393285         2.1612920142        -0.0289219860
        1.1154897000         2.6000000000         1.3429439823         2.1689476465         0.1040526624
        1.1204591000         2.6000000000         1.3327346748         2.1561882593        -0.1618966345
        1.1254528000         2.6000000000         1.3429439823         2.1663957691         0.1040526624
        1.1304977000         2.6000000000         1.3403916554         2.1612920142         0.0375653382
        1.1354945000         2.6000000000         1.3378393285         2.1612920142        -0.0289219860
        1.1405040000         2.6000000000         1.3301823480         2.1587401367        -0.2283839587
        1.1455262000         2.6000000000         1.3378393285         2.1612920142        -0.0289219860
        1.1505010000         2.6000000000         1.3378393285         2.1689476465        -0.0289219860
        1.1554868000         2.6000000000         1.3301823480         2.1587401367        -0.2283839587
        1.1604635000         2.6000000000         1.3378393285         2.1612920142        -0.0289219860
        1.1654385000         2.6000000000         1.3378393285         2.1612920142        -0.0289219860
        1.1704918000         2.6000000000         1.3378393285         2.1612920142        -0.0289219860
        1.1754896000         2.6000000000         1.3454963091         2.1663957691         0.1705399866
        1.1804415000         2.6000000000         1.3352870017         2.1638438916        -0.0954093103
        1.1854751000         2.6000000000         1.3454963091         2.1689476465         0.1705399866
        1.1904541000         2.6000000000         1.3327346748         2.1561882593        -0.1618966345
        1.1954253000         2.6000000000         1.3378393285         2.1612920142        -0.0289219860
        1.2004869000         2.6000000000         1.3403916554         2.1561882593         0.0375653382
        1.2055492000         2.6000000000         1.3327346748         2.1587401367        -0.1618966345
        1.2104562000         2.6000000000         1.3378393285         2.1638438916        -0.0289219860
        1.2155801000         2.6000000000         1.3352870017         2.1587401367        -0.0954093103
        1.2204526000         2.6000000000         1.3378393285         2.1638438916        -0.0289219860
        1.2255686000         2.6000000000         1.3327346748         2.1561882593        -0.1618966345
        1.2305042000         2.6000000000         1.3378393285         2.1612920142        -0.0289219860
        1.2355473000         2.6000000000         1.3352870017         2.1638438916        -0.0954093103
        1.2404782000         2.6000000000         1.3327346748         2.1561882593        -0.1618966345
        1.2454545000         2.6000000000         1.3327346748         2.1587401367        -0.1618966345
        1.2505165000         2.6000000000         1.3352870017         2.1561882593        -0.0954093103
        1.2555075000         2.6000000000         1.3378393285         2.1612920142        -0.0289219860
        1.2605394000         2.6000000000         1.3301823480         2.1587401367        -0.2283839587
        1.2654663000         2.6000000000         1.3352870017         2.1561882593        -0.0954093103
        1.2704610000         2.6000000000         1.3327346748         2.1561882593        -0.1618966345
        1.2754450000         2.6000000000         1.3429439823         2.1612920142         0.1040526624
        1.2804403000         2.6000000000         1.3378393285         2.1689476465        -0.0289219860
        1.2854441000         2.6000000000         1.3301823480         2.1561882593        -0.2283839587
        1.2904646000         2.6000000000         1.3429439823         2.1689476465         0.1040526624
        1.2954598000         2.6000000000         1.3301823480         2.1561882593        -0.2283839587
        1.3004489000         2.6000000000         1.3352870017         2.1638438916        -0.0954093103
        1.3056723000         2.6000000000         1.3378393285         2.1638438916        -0.0289219860
        1.3105498000         2.6000000000         1.3327346748         2.1561882593        -0.1618966345
        1.3154232000         2.6000000000         1.3454963091         2.1689476465         0.1705399866
        1.3204512000         2.6000000000         1.3301823480         2.1561882593        -0.2283839587
        1.3254670000         2.6000000000         1.3378393285         2.1612920142        -0.0289219860
        1.3304746000         2.6000000000         1.3301823480         2.1536363818        -0.2283839587
        1.3354284000         2.6000000000         1.3378393285         2.1663957691        -0.0289219860
        1.3404627000         2.6000000000         1.3352870017         2.1612920142        -0.0954093103
        1.3456529000         2.6000000000         1.3557056165         2.1689476465         0.4364892835
        1.3505638000         2.6000000000         1.3378393285         2.1638438916        -0.0289219860
        1.3554591000         2.6000000000         1.3454963091         2.1689476465         0.1705399866
        1.3605582000         2.6000000000         1.3506009628         2.1689476465         0.3035146351
        1.3655207000         2.6000000000         1.3659149240         2.1638438916         0.7024385805
        1.3705574000         2.6000000000         1.3327346748         2.1638438916        -0.1618966345
        1.3755332000         2.6000000000         1.3352870017         2.1612920142        -0.0954093103
        1.3804973000         2.6000000000         1.3352870017         2.1612920142        -0.0954093103
        1.3855485000         2.6000000000         1.3429439823         2.1689476465         0.1040526624
        1.3904924000         2.6000000000         1.3301823480         2.1561882593        -0.2283839587
        1.3954746000         2.6000000000         1.3378393285         2.1587401367        -0.0289219860
        1.4004535000         2.6000000000         1.3378393285         2.1638438916        -0.0289219860
        1.4054568000         2.6000000000         1.3378393285         2.1638438916        -0.0289219860
        1.4104546000         2.6000000000         1.3327346748         2.1561882593        -0.1618966345
        1.4154822000         2.6000000000         1.3403916554         2.1612920142         0.0375653382
        1.4204413000         2.6000000000         1.3429439823         2.1689476465         0.1040526624
        1.4254810000         2.6000000000         1.3454963091         2.1663957691         0.1705399866
        1.4304397000         2.6000000000         1.3378393285         2.1612920142        -0.0289219860
        1.4354818000         2.6000000000         1.3429439823         2.1638438916         0.1040526624
        1.4405285000         2.6000000000         1.3352870017         2.1612920142        -0.0954093103
        1.4455374000         2.6000000000         1.3429439823         2.1689476465         0.1040526624
        1.4504417000         2.6000000000         1.3429439823         2.1638438916         0.1040526624
        1.4554753000         2.6000000000         1.3378393285         2.1612920142        -0.0289219860
        1.4604518000         2.6000000000         1.3403916554         2.1612920142         0.0375653382
        1.4655316000         2.6000000000         1.3429439823         2.1689476465         0.1040526624
        1.4704525000         2.6000000000         1.3327346748         2.1561882593        -0.1618966345
        1.4755293000         2.6000000000         1.3429439823         2.1689476465         0.1040526624
        1.4805395000         2.6000000000         1.3429439823         2.1612920142         0.1040526624
        1.4855551000         2.6000000000         1.3378393285         2.1587401367        -0.0289219860
        1.4904551000         2.6000000000         1.3378393285         2.1638438916        -0.0289219860
        1.4954879000         2.6000000000         1.3276300211         2.1587401367        -0.2948712829
        1.5006608000         2.6000000000         1.3735719045         2.1689476465         0.9019005531
        1.5055549000         2.6000000000         1.3327346748         2.1561882593        -0.1618966345
        1.5104571000         2.6000000000         1.3429439823         2.1714995240         0.1040526624
        1.5154635000         2.6000000000         1.3403916554         2.1638438916         0.0375653382
        1.5204508000         2.6000000000         1.3378393285         2.1612920142        -0.0289219860
        1.5254210000         2.6000000000         1.3506009628         2.1689476465         0.3035146351
        1.5304392000         2.6000000000         1.3557056165         2.1561882593         0.4364892835
        1.5354540000         2.6000000000         1.3403916554         2.1612920142         0.0375653382
        1.5405327000         2.6000000000         1.3378393285         2.1612920142        -0.0289219860
        1.5454717000         2.6000000000         1.3301823480         2.1587401367        -0.2283839587
        1.5504570000         2.6000000000         1.3301823480         2.1561882593        -0.2283839587
        1.5554467000         2.6000000000         1.3378393285         2.1638438916        -0.0289219860
        1.5604792000         2.6000000000         1.3378393285         2.1612920142        -0.0289219860
        1.5655390000         2.6000000000         1.3378393285         2.1638438916        -0.0289219860
        1.5704615000         2.6000000000         1.3429439823         2.1612920142         0.1040526624
        1.5754413000         2.6000000000         1.3352870017         2.1638438916        -0.0954093103
        1.5804947000         2.6000000000         1.3429439823         2.1638438916         0.1040526624
        1.5854529000         2.6000000000         1.3352870017         2.1612920142        -0.0954093103
        1.5906164000         2.6000000000         1.3429439823         2.1689476465         0.1040526624
        1.5954483000         2.6000000000         1.3429439823         2.1689476465         0.1040526624
        1.6004333000         2.6000000000         1.3352870017         2.1638438916        -0.0954093103
        1.6055047000         2.6000000000         1.3429439823         2.1689476465         0.1040526624
        1.6104538000         2.6000000000         1.3327346748         2.1587401367        -0.1618966345
        1.6154476000         2.6000000000         1.3429439823         2.1689476465         0.1040526624
        1.6204917000         2.6000000000         1.3378393285         2.1561882593        -0.0289219860
        1.6254499000         2.6000000000         1.3352870017         2.1612920142        -0.0954093103
        1.6312356000         2.6000000000         1.3403916554         2.1612920142         0.0375653382
        1.6354889000         2.6000000000         1.3378393285         2.1638438916        -0.0289219860
        1.6404609000         2.6000000000         1.3378393285         2.1587401367        -0.0289219860
        1.6454284000         2.6000000000         1.3378393285         2.1638438916        -0.0289219860
        1.6504536000         2.6000000000         1.3403916554         2.1638438916         0.0375653382
        1.6554402000         2.6000000000         1.3352870017         2.1612920142        -0.0954093103
        1.6604518000         2.6000000000         1.3403916554         2.1612920142         0.0375653382
        1.6654968000         2.6000000000         1.3250776943         2.1612920142        -0.3613586072
        1.6704879000         2.6000000000         1.3429439823         2.1689476465         0.1040526624
        1.6754477000         2.6000000000         1.3403916554         2.1587401367         0.0375653382
        1.6804702000         2.6000000000         1.3429439823         2.1638438916         0.1040526624
        1.6854596000         2.6000000000         1.3327346748         2.1561882593        -0.1618966345
        1.6905496000         2.6000000000         1.3327346748         2.1561882593        -0.1618966345
        1.6954930000         2.6000000000         1.3429439823         2.1689476465         0.1040526624
        1.7004777000         2.6000000000         1.3352870017         2.1638438916        -0.0954093103
        1.7055653000         2.6000000000         1.3378393285         2.1612920142        -0.0289219860
        1.7104844000         2.6000000000         1.3378393285         2.1638438916        -0.0289219860
        1.7154998000         2.6000000000         1.3327346748         2.1561882593        -0.1618966345
        1.7205014000         2.6000000000         1.3429439823         2.1689476465         0.1040526624
        1.7255120000         2.6000000000         1.3506009628         2.1689476465         0.3035146351
        1.7305345000         2.6000000000         1.3352870017         2.1587401367        -0.0954093103
        1.7354795000         2.6000000000         1.3429439823         2.1689476465         0.1040526624
        1.7404653000         2.6000000000         1.3429439823         2.1689476465         0.1040526624
        1.7457126000         2.6000000000         1.3429439823         2.1689476465         0.1040526624
        1.7506062000         2.6000000000         1.3327346748         2.1587401367        -0.1618966345
        1.7555820000         2.6000000000         1.3429439823         2.1689476465         0.1040526624
        1.7605123000         2.6000000000         1.3352870017         2.1638438916        -0.0954093103
        1.7655873000         2.6000000000         1.3378393285         2.1612920142        -0.0289219860
        1.7705429000         2.6000000000         1.3378393285         2.1612920142        -0.0289219860
        1.7755905000         2.6000000000         1.3378393285         2.1612920142        -0.0289219860
        1.7806316000         2.6000000000         1.3429439823         2.1689476465         0.1040526624
        1.7857495000         2.6000000000         1.3429439823         2.1689476465         0.1040526624
        1.7906224000         2.6000000000         1.3378393285         2.1612920142        -0.0289219860
        1.7955251000         2.6000000000         1.3429439823         2.1689476465         0.1040526624
        1.8005912000         2.6000000000         1.3429439823         2.1714995240         0.1040526624
        1.8055760000         2.6000000000         1.3327346748         2.1561882593        -0.1618966345
        1.8107301000         2.6000000000         1.3403916554         2.1612920142         0.0375653382
        1.8155962000         2.6000000000         1.3378393285         2.1612920142        -0.0289219860
        1.8207076000         2.6000000000         1.3429439823         2.1561882593         0.1040526624
        1.8256557000         2.6000000000         1.3506009628         2.1638438916         0.3035146351
        1.8304593000         2.6000000000         1.3403916554         2.1689476465         0.0375653382
        1.8355814000         2.6000000000         1.3301823480         2.1561882593        -0.2283839587
        1.8405385000         2.6000000000         1.3429439823         2.1689476465         0.1040526624
        1.8457162000         2.6000000000         1.3301823480         2.1561882593        -0.2283839587
        1.8505612000         2.6000000000         1.3378393285         2.1638438916        -0.0289219860
        1.8555268000         2.6000000000         1.3454963091         2.1689476465         0.1705399866
        1.8605119000         2.6000000000         1.3378393285         2.1612920142        -0.0289219860
        1.8655379000         2.6000000000         1.3429439823         2.1689476465         0.1040526624
        1.8706887000         2.6000000000         1.3378393285         2.1638438916        -0.0289219860
        1.8754369000         2.6000000000         1.3327346748         2.1561882593        -0.1618966345
        1.8804054000         2.6000000000         1.3378393285         2.1612920142        -0.0289219860
        1.8854723000         2.6000000000         1.3429439823         2.1663957691         0.1040526624
        1.8904561000         2.6000000000         1.3327346748         2.1638438916        -0.1618966345
        1.8954929000         2.6000000000         1.3378393285         2.1612920142        -0.0289219860
        1.9005414000         2.6000000000         1.3531532897         2.1689476465         0.3700019593
        1.9054600000         2.6000000000         1.3301823480         2.1587401367        -0.2283839587
        1.9104377000         2.6000000000         1.3327346748         2.1561882593        -0.1618966345
        1.9154944000         2.6000000000         1.3352870017         2.1612920142        -0.0954093103
        1.9205336000         2.6000000000         1.3327346748         2.1561882593        -0.1618966345
        1.9255479000         2.6000000000         1.3454963091         2.1689476465         0.1705399866
        1.9304779000         2.6000000000         1.3301823480         2.1561882593        -0.2283839587
        1.9354165000         2.6000000000         1.3403916554         2.1612920142         0.0375653382
        1.9404335000         2.6000000000         1.3429439823         2.1714995240         0.1040526624
        1.9454071000         2.6000000000         1.3301823480         2.1587401367        -0.2283839587
        1.9504366000         2.6000000000         1.3352870017         2.1612920142        -0.0954093103
        1.9554156000         2.6000000000         1.3378393285         2.1638438916        -0.0289219860
        1.9603996000         2.6000000000         1.3454963091         2.1689476465         0.1705399866
        1.9654965000         2.6000000000         1.3403916554         2.1689476465         0.0375653382
        1.9704180000         2.6000000000         1.3250776943         2.1612920142        -0.3613586072
        1.9754362000         2.6000000000         1.3454963091         2.1612920142         0.1705399866
        1.9804289000         2.6000000000         1.3429439823         2.1612920142         0.1040526624
        1.9854584000         2.6000000000         1.3352870017         2.1612920142        -0.0954093103
        1.9904436000         2.6000000000         1.3403916554         2.1587401367         0.0375653382
        1.9954235000         2.6000000000         1.3403916554         2.1612920142         0.0375653382
        2.0005026000         2.6000000000         1.3301823480         2.1561882593        -0.2283839587
        2.0055780000         2.6000000000         1.3352870017         2.1612920142        -0.0954093103
        2.0104341000         2.6000000000         1.3429439823         2.1689476465         0.1040526624
        2.0154673000         2.6000000000         1.3378393285         2.1612920142        -0.0289219860
        2.0204424000         2.6000000000         1.3378393285         2.1612920142        -0.0289219860
        2.0254480000         2.6000000000         1.3327346748         2.1561882593        -0.1618966345
        2.0304681000         2.6000000000         1.3429439823         2.1689476465         0.1040526624
        2.0354575000         2.6000000000         1.3352870017         2.1612920142        -0.0954093103
        2.0404550000         2.6000000000         1.3352870017         2.1638438916        -0.0954093103
        2.0454313000         2.6000000000         1.3378393285         2.1663957691        -0.0289219860
        2.0504357000         2.6000000000         1.3276300211         2.1561882593        -0.2948712829
        2.0554394000         2.6000000000         1.3327346748         2.1612920142        -0.1618966345
        2.0604518000         2.6000000000         1.3301823480         2.1587401367        -0.2283839587
        2.0654941000         2.6000000000         1.3633625971         2.1638438916         0.6359512562
        2.0704553000         2.6000000000         1.3352870017         2.1638438916        -0.0954093103
        2.0754452000         2.6000000000         1.3327346748         2.1587401367        -0.1618966345
        2.0804971000         2.6000000000         1.3378393285         2.1638438916        -0.0289219860
        2.0854399000         2.6000000000         1.3378393285         2.1612920142        -0.0289219860
        2.0904987000         2.6000000000         1.3378393285         2.1638438916        -0.0289219860
        2.0954839000         2.6000000000         1.3480486360         2.1689476465         0.2370273109
        2.1011809000         2.6000000000         1.3378393285         2.1561882593        -0.0289219860
        2.1055303000         2.6000000000         1.3378393285         2.1612920142        -0.0289219860
        2.1104952000         2.6000000000         1.3429439823         2.1612920142         0.1040526624
        2.1155470000         2.6000000000         1.3327346748         2.1587401367        -0.1618966345
        2.1204924000         2.6000000000         1.3454963091         2.1612920142         0.1705399866
        2.1254446000         2.6000000000         1.3327346748         2.1561882593        -0.1618966345
        2.1305767000         2.6000000000         1.3429439823         2.1689476465         0.1040526624
        2.1354785000         2.6000000000         1.3352870017         2.1638438916        -0.0954093103
        2.1405300000         2.6000000000         1.3378393285         2.1612920142        -0.0289219860
        2.1454496000         2.6000000000         1.3454963091         2.1689476465         0.1705399866
        2.1504626000         2.6000000000         1.3352870017         2.1638438916        -0.0954093103
        2.1554378000         2.6000000000         1.3301823480         2.1587401367        -0.2283839587
        2.1604839000         2.6000000000         1.3378393285         2.1638438916        -0.0289219860
        2.1654622000         2.6000000000         1.3327346748         2.1561882593        -0.1618966345
        2.1704950000         2.6000000000         1.3352870017         2.1638438916        -0.0954093103
        2.1754484000         2.6000000000         1.3378393285         2.1638438916        -0.0289219860
        2.1804914000         2.6000000000         1.3454963091         2.1689476465         0.1705399866
        2.1854666000         2.6000000000         1.3352870017         2.1638438916        -0.0954093103
        2.1905118000         2.6000000000         1.3429439823         2.1740514015         0.1040526624
        2.1955121000         2.6000000000         1.3352870017         2.1612920142        -0.0954093103
        2.2004913000         2.6000000000         1.3429439823         2.1663957691         0.1040526624
        2.2054542000         2.6000000000         1.3403916554         2.1612920142         0.0375653382
        2.2105653000         2.6000000000         1.3429439823         2.1689476465         0.1040526624
        2.2154960000         2.6000000000         1.3863335388         2.1561882593         1.2343371743
        2.2204657000         2.6000000000         1.3378393285         2.1612920142        -0.0289219860
        2.2254554000         2.6000000000         1.3301823480         2.1587401367        -0.2283839587
        2.2305093000         2.6000000000         1.3327346748         2.1587401367        -0.1618966345
        2.2355205000         2.6000000000         1.3378393285         2.1638438916        -0.0289219860
        2.2404675000         2.6000000000         1.3301823480         2.1587401367        -0.2283839587
        2.2454391000         2.6000000000         1.3327346748         2.1561882593        -0.1618966345
        2.2504679000         2.6000000000         1.3301823480         2.1561882593        -0.2283839587
        2.2554433000         2.6000000000         1.3378393285         2.1612920142        -0.0289219860
        2.2604950000         2.6000000000         1.3352870017         2.1689476465        -0.0954093103
        2.2654695000         2.6000000000         1.3378393285         2.1612920142        -0.0289219860
        2.2704502000         2.6000000000         1.3429439823         2.1663957691         0.1040526624
        2.2754387000         2.6000000000         1.3352870017         2.1638438916        -0.0954093103
        2.2805294000         2.6000000000         1.3301823480         2.1561882593        -0.2283839587
        2.2854587000         2.6000000000         1.3633625971         2.1612920142         0.6359512562
        2.2904798000         2.6000000000         1.3454963091         2.1689476465         0.1705399866
        2.2954818000         2.6000000000         1.3327346748         2.1587401367        -0.1618966345
        2.3004783000         2.6000000000         1.3378393285         2.1612920142        -0.0289219860
        2.3054862000         2.6000000000         1.3352870017         2.1638438916        -0.0954093103
        2.3104522000         2.6000000000         1.3429439823         2.1663957691         0.1040526624
        2.3155200000         2.6000000000         1.3301823480         2.1561882593        -0.2283839587
        2.3204833000         2.6000000000         1.3301823480         2.1561882593        -0.2283839587
        2.3254453000         2.6000000000         1.3429439823         2.1714995240         0.1040526624
        2.3304648000         2.6000000000         1.3301823480         2.1561882593        -0.2283839587
        2.3354548000         2.6000000000         1.3352870017         2.1612920142        -0.0954093103
        2.3404416000         2.6000000000         1.3301823480         2.1638438916        -0.2283839587
        2.3454727000         2.6000000000         1.3403916554         2.1612920142         0.0375653382
        2.3504085000         2.6000000000         1.3429439823         2.1612920142         0.1040526624
        2.3554523000         2.6000000000         1.3454963091         2.1587401367         0.1705399866
        2.3604486000         2.6000000000         1.3429439823         2.1689476465         0.1040526624
        2.3655332000         2.6000000000         1.3378393285         2.1638438916        -0.0289219860
        2.3704637000         2.6000000000         1.3327346748         2.1561882593        -0.1618966345
        2.3754799000         2.6000000000         1.3378393285         2.1612920142        -0.0289219860
        2.3804665000         2.6000000000         1.3378393285         2.1638438916        -0.0289219860
        2.3854942000         2.6000000000         1.3327346748         2.1561882593        -0.1618966345
        2.3904570000         2.6000000000         1.3429439823         2.1689476465         0.1040526624
        2.3954710000         2.6000000000         1.3454963091         2.1689476465         0.1705399866
        2.4004537000         2.6000000000         1.3327346748         2.1587401367        -0.1618966345
        2.4054665000         2.6000000000         1.3327346748         2.1561882593        -0.1618966345
        2.4105905000         2.6000000000         1.3352870017         2.1689476465        -0.0954093103
        2.4154997000         2.6000000000         1.3352870017         2.1638438916        -0.0954093103
        2.4205710000         2.6000000000         1.3276300211         2.1587401367        -0.2948712829
        2.4255301000         2.6000000000         1.3301823480         2.1561882593        -0.2283839587
        2.4305885000         2.6000000000         1.3378393285         2.1612920142        -0.0289219860
        2.4355080000         2.6000000000         1.3429439823         2.1689476465         0.1040526624
        2.4406019000         2.6000000000         1.3301823480         2.1561882593        -0.2283839587
        2.4454523000         2.6000000000         1.3378393285         2.1612920142        -0.0289219860
        2.4506560000         2.6000000000         1.3327346748         2.1561882593        -0.1618966345
        2.4555049000         2.6000000000         1.3378393285         2.1612920142        -0.0289219860
        2.4605542000         2.6000000000         1.3301823480         2.1561882593        -0.2283839587
        2.4657225000         2.6000000000         1.3327346748         2.1612920142        -0.1618966345
        2.4706441000         2.6000000000         1.3403916554         2.1612920142         0.0375653382
        2.4755775000         2.6000000000         1.3352870017         2.1612920142        -0.0954093103
        2.4805334000         2.6000000000         1.3429439823         2.1689476465         0.1040526624
        2.4855941000         2.6000000000         1.3378393285         2.1638438916        -0.0289219860
        2.4905832000         2.6000000000         1.3352870017         2.1638438916        -0.0954093103
        2.4955506000         2.6000000000         1.3378393285         2.1612920142        -0.0289219860
        2.5004661000         2.6000000000         1.3378393285         2.1612920142        -0.0289219860
        2.5054867000         2.6000000000         1.3403916554         2.1612920142         0.0375653382
        2.5106385000         2.6000000000         1.3531532897         2.1689476465         0.3700019593
        2.5154283000         2.6000000000         1.3327346748         2.1536363818        -0.1618966345
        2.5204996000         2.6000000000         1.3378393285         2.1612920142        -0.0289219860
        2.5256945000         2.6000000000         1.3378393285         2.1638438916        -0.0289219860
        2.5304630000         2.6000000000         1.3429439823         2.1689476465         0.1040526624
        2.5354747000         2.6000000000         1.3429439823         2.1689476465         0.1040526624
        2.5404633000         2.6000000000         1.3301823480         2.1587401367        -0.2283839587
        2.5454688000         2.6000000000         1.3352870017         2.1612920142        -0.0954093103
        2.5505317000         2.6000000000         1.3454963091         2.1663957691         0.1705399866
        2.5554638000         2.6000000000         1.3352870017         2.1612920142        -0.0954093103
        2.5604617000         2.6000000000         1.3378393285         2.1612920142        -0.0289219860
        2.5655303000         2.6000000000         1.3352870017         2.1638438916        -0.0954093103
        2.5704764000         2.6000000000         1.3352870017         2.1561882593        -0.0954093103
        2.5754775000         2.6000000000         1.3454963091         2.1689476465         0.1705399866
        2.5804798000         2.6000000000         1.3378393285         2.1587401367        -0.0289219860
        2.5854574000         2.6000000000         1.3327346748         2.1561882593        -0.1618966345
        2.5904494000         2.6000000000         1.3454963091         2.1689476465         0.1705399866
        2.5954613000         2.6000000000         1.3301823480         2.1561882593        -0.2283839587
        2.6004467000         2.6000000000         1.3429439823         2.1638438916         0.1040526624
        2.6054404000         2.6000000000         1.3352870017         2.1612920142        -0.0954093103
        2.6104479000         2.6000000000         1.3378393285         2.1612920142        -0.0289219860
        2.6154802000         2.6000000000         1.3378393285         2.1612920142        -0.0289219860
        2.6204483000         2.6000000000         1.3378393285         2.1612920142        -0.0289219860
        2.6254488000         2.6000000000         1.3429439823         2.1663957691         0.1040526624
        2.6304335000         2.6000000000         1.3301823480         2.1561882593        -0.2283839587
        2.6355367000         2.6000000000         1.3352870017         2.1638438916        -0.0954093103
        2.6404826000         2.6000000000         1.3378393285         2.1612920142        -0.0289219860
        2.6455036000         2.6000000000         1.3352870017         2.1561882593        -0.0954093103
        2.6504655000         2.6000000000         1.3276300211         2.1587401367        -0.2948712829
        2.6554456000         2.6000000000         1.3352870017         2.1638438916        -0.0954093103
        2.6604544000         2.6000000000         1.3378393285         2.1612920142        -0.0289219860
        2.6654694000         2.6000000000         1.3429439823         2.1689476465         0.1040526624
        2.6705024000         2.6000000000         1.3429439823         2.1689476465         0.1040526624
        2.6754110000         2.6000000000         1.3480486360         2.1561882593         0.2370273109
        2.6805333000         2.6000000000         1.3301823480         2.1561882593        -0.2283839587
        2.6854904000         2.6000000000         1.3378393285         2.1612920142        -0.0289219860
        2.6904603000         2.6000000000         1.3327346748         2.1612920142        -0.1618966345
        2.6955582000         2.6000000000         1.3378393285         2.1638438916        -0.0289219860
        2.7004689000         2.6000000000         1.3352870017         2.1536363818        -0.0954093103
        2.7055873000         2.6000000000         1.3327346748         2.1561882593        -0.1618966345
        2.7105384000         2.6000000000         1.3378393285         2.1612920142        -0.0289219860
        2.7154605000         2.6000000000         1.3378393285         2.1612920142        -0.0289219860
        2.7204541000         2.6000000000         1.3454963091         2.1689476465         0.1705399866
        2.7254470000         2.6000000000         1.3378393285         2.1612920142        -0.0289219860
        2.7305901000         2.6000000000         1.3327346748         2.1561882593        -0.1618966345
        2.7355295000         2.6000000000         1.3378393285         2.1638438916        -0.0289219860
        2.7404807000         2.6000000000         1.3378393285         2.1612920142        -0.0289219860
        2.7454477000         2.6000000000         1.3710195777         2.1612920142         0.8354132289
        2.7504019000         2.6000000000         1.3403916554         2.1612920142         0.0375653382
        2.7554510000         2.6000000000         1.3429439823         2.1714995240         0.1040526624
        2.7605106000         2.6000000000         1.3301823480         2.1561882593        -0.2283839587
        2.7654191000         2.6000000000         1.3378393285         2.1612920142        -0.0289219860
        2.7705039000         2.6000000000         1.3378393285         2.1612920142        -0.0289219860
        2.7754929000         2.6000000000         1.3378393285         2.1587401367        -0.0289219860
        2.7804511000         2.6000000000         1.3403916554         2.1612920142         0.0375653382
        2.7854505000         2.6000000000         1.3454963091         2.1689476465         0.1705399866
        2.7904704000         2.6000000000         1.3454963091         2.1663957691         0.1705399866
        2.7954366000         2.6000000000         1.3429439823         2.1689476465         0.1040526624
        2.8004722000         2.6000000000         1.3352870017         2.1612920142        -0.0954093103
        2.8054525000         2.6000000000         1.3454963091         2.1689476465         0.1705399866
        2.8104750000         2.6000000000         1.3378393285         2.1638438916        -0.0289219860
        2.8154373000         2.6000000000         1.3786765582         2.1638438916         1.0348752016
        2.8204160000         2.6000000000         1.3378393285         2.1612920142        -0.0289219860
        2.8254860000         2.6000000000         1.3352870017         2.1612920142        -0.0954093103
        2.8305359000         2.6000000000         1.3378393285         2.1612920142        -0.0289219860
        2.8354550000         2.6000000000         1.3352870017         2.1612920142        -0.0954093103
        2.8405344000         2.6000000000         1.3454963091         2.1689476465         0.1705399866
        2.8455582000         2.6000000000         1.3403916554         2.1612920142         0.0375653382
        2.8504796000         2.6000000000         1.3403916554         2.1612920142         0.0375653382
        2.8555523000         2.6000000000         1.3429439823         2.1714995240         0.1040526624
        2.8605103000         2.6000000000         1.3327346748         2.1561882593        -0.1618966345
        2.8655025000         2.6000000000         1.3454963091         2.1663957691         0.1705399866
        2.8705232000         2.6000000000         1.3250776943         2.1587401367        -0.3613586072
        2.8754726000         2.6000000000         1.3454963091         2.1740514015         0.1705399866
        2.8805370000         2.6000000000         1.3327346748         2.1561882593        -0.1618966345
        2.8854610000         2.6000000000         1.3403916554         2.1612920142         0.0375653382
        2.8904818000         2.6000000000         1.3301823480         2.1587401367        -0.2283839587
        2.8954949000         2.6000000000         1.3429439823         2.1638438916         0.1040526624
        2.9005420000         2.6000000000         1.3378393285         2.1612920142        -0.0289219860
        2.9055095000         2.6000000000         1.3454963091         2.1663957691         0.1705399866
        2.9104718000         2.6000000000         1.3454963091         2.1689476465         0.1705399866
        2.9155175000         2.6000000000         1.3352870017         2.1638438916        -0.0954093103
        2.9205085000         2.6000000000         1.3352870017         2.1587401367        -0.0954093103
        2.9255272000         2.6000000000         1.3378393285         2.1561882593        -0.0289219860
        2.9305352000         2.6000000000         1.3352870017         2.1612920142        -0.0954093103
        2.9355060000         2.6000000000         1.3327346748         2.1561882593        -0.1618966345
        2.9405020000         2.6000000000         1.3429439823         2.1612920142         0.1040526624
        2.9454869000         2.6000000000         1.3327346748         2.1689476465        -0.1618966345
        2.9505407000         2.6000000000         1.3454963091         2.1638438916         0.1705399866
        2.9554687000         2.6000000000         1.3429439823         2.1612920142         0.1040526624
        2.9604739000         2.6000000000         1.3352870017         2.1638438916        -0.0954093103
        2.9654565000         2.6000000000         1.3506009628         2.1689476465         0.3035146351
        2.9705107000         2.6000000000         1.3429439823         2.1689476465         0.1040526624
        2.9754862000         2.6000000000         1.3429439823         2.1689476465         0.1040526624
        2.9804733000         2.6000000000         1.3301823480         2.1561882593        -0.2283839587
        2.9854696000         2.6000000000         1.3352870017         2.1612920142        -0.0954093103
        2.9905206000         2.6000000000         1.3301823480         2.1561882593        -0.2283839587
        2.9955214000         2.6000000000         1.3454963091         2.1663957691         0.1705399866
        3.0006255000         2.6000000000         1.3454963091         2.1689476465         0.1705399866
        3.0054040000         2.6000000000         1.3429439823         2.1714995240         0.1040526624
        3.0104763000         2.6000000000         1.3301823480         2.1561882593        -0.2283839587
        3.0155346000         2.6000000000         1.3301823480         2.1612920142        -0.2283839587
        3.0206093000         2.6000000000         1.3378393285         2.1612920142        -0.0289219860
        3.0254744000         2.6000000000         1.3429439823         2.1689476465         0.1040526624
        3.0304532000         2.6000000000         1.3403916554         2.1612920142         0.0375653382
        3.0355480000         2.6000000000         1.3378393285         2.1587401367        -0.0289219860
        3.0405636000         2.6000000000         1.3378393285         2.1561882593        -0.0289219860
        3.0455009000         2.6000000000         1.3888858657         2.1612920142         1.3008244985
        3.0504758000         2.6000000000         1.3327346748         2.1561882593        -0.1618966345
        3.0555021000         2.6000000000         1.3429439823         2.1689476465         0.1040526624
        3.0604766000         2.6000000000         1.3378393285         2.1612920142        -0.0289219860
        3.0654320000         2.6000000000         1.3429439823         2.1689476465         0.1040526624
        3.0705582000         2.6000000000         1.3378393285         2.1638438916        -0.0289219860
        3.0754598000         2.6000000000         1.3327346748         2.1561882593        -0.1618966345
        3.0804748000         2.6000000000         1.3429439823         2.1689476465         0.1040526624
        3.0854291000         2.6000000000         1.3327346748         2.1561882593        -0.1618966345
        3.0904581000         2.6000000000         1.3378393285         2.1612920142        -0.0289219860
        3.0954847000         2.6000000000         1.3352870017         2.1638438916        -0.0954093103
        3.1004785000         2.6000000000         1.3429439823         2.1612920142         0.1040526624
        3.1055397000         2.6000000000         1.3327346748         2.1587401367        -0.1618966345
        3.1104419000         2.6000000000         1.3378393285         2.1638438916        -0.0289219860
        3.1154847000         2.6000000000         1.3378393285         2.1587401367        -0.0289219860
        3.1204641000         2.6000000000         1.3378393285         2.1536363818        -0.0289219860
        3.1254805000         2.6000000000         1.3454963091         2.1612920142         0.1705399866
        3.1304659000         2.6000000000         1.3327346748         2.1587401367        -0.1618966345
        3.1354945000         2.6000000000         1.3301823480         2.1536363818        -0.2283839587
        3.1404384000         2.6000000000         1.3582579434         2.1638438916         0.5029766078
        3.1455610000         2.6000000000         1.3378393285         2.1612920142        -0.0289219860
        3.1505172000         2.6000000000         1.3429439823         2.1714995240         0.1040526624
        3.1555634000         2.6000000000         1.3378393285         2.1612920142        -0.0289219860
        3.1604457000         2.6000000000         1.3429439823         2.1663957691         0.1040526624
        3.1654397000         2.6000000000         1.3429439823         2.1689476465         0.1040526624
        3.1704697000         2.6000000000         1.3327346748         2.1561882593        -0.1618966345
        3.1754686000         2.6000000000         1.3352870017         2.1638438916        -0.0954093103
        3.1804409000         2.6000000000         1.3429439823         2.1663957691         0.1040526624
        3.1855396000         2.6000000000         1.3378393285         2.1612920142        -0.0289219860
        3.1904969000         2.6000000000         1.3378393285         2.1612920142        -0.0289219860
        3.1954966000         2.6000000000         1.3429439823         2.1689476465         0.1040526624
        3.2004577000         2.6000000000         1.3327346748         2.1587401367        -0.1618966345
        3.2054625000         2.6000000000         1.3429439823         2.1663957691         0.1040526624
        3.2104500000         2.6000000000         1.3454963091         2.1612920142         0.1705399866
        3.2155126000         2.6000000000         1.3327346748         2.1561882593        -0.1618966345
        3.2204747000         2.6000000000         1.3378393285         2.1638438916        -0.0289219860
        3.2255365000         2.6000000000         1.3378393285         2.1612920142        -0.0289219860
        3.2305637000         2.6000000000         1.3327346748         2.1561882593        -0.1618966345
        3.2355252000         2.6000000000         1.3327346748         2.1561882593        -0.1618966345
        3.2405111000         2.6000000000         1.3429439823         2.1714995240         0.1040526624
        3.2454515000         2.6000000000         1.3454963091         2.1740514015         0.1705399866
        3.2504572000         2.6000000000         1.3454963091         2.1663957691         0.1705399866
        3.2554773000         2.6000000000         1.3429439823         2.1612920142         0.1040526624
        3.2604663000         2.6000000000         1.3403916554         2.1714995240         0.0375653382
        3.2654665000         2.6000000000         1.3327346748         2.1612920142        -0.1618966345
        3.2704502000         2.6000000000         1.3454963091         2.1663957691         0.1705399866
        3.2754672000         2.6000000000         1.3378393285         2.1612920142        -0.0289219860
        3.2804494000         2.6000000000         1.3480486360         2.1638438916         0.2370273109
        3.2854626000         2.6000000000         1.3454963091         2.1689476465         0.1705399866
        3.2904434000         2.6000000000         1.3378393285         2.1612920142        -0.0289219860
        3.2954670000         2.6000000000         1.3352870017         2.1612920142        -0.0954093103
        3.3004599000         2.6000000000         1.3352870017         2.1612920142        -0.0954093103
        3.3054842000         2.6000000000         1.3301823480         2.1587401367        -0.2283839587
        3.3104787000         2.6000000000         1.3429439823         2.1714995240         0.1040526624
        3.3154753000         2.6000000000         1.3429439823         2.1638438916         0.1040526624
        3.3204479000         2.6000000000         1.3429439823         2.1714995240         0.1040526624
        3.3254750000         2.6000000000         1.3327346748         2.1561882593        -0.1618966345
        3.3304630000         2.6000000000         1.3403916554         2.1612920142         0.0375653382
        3.3354861000         2.6000000000         1.3378393285         2.1612920142        -0.0289219860
        3.3404674000         2.6000000000         1.3301823480         2.1561882593        -0.2283839587
        3.3454499000         2.6000000000         1.3429439823         2.1689476465         0.1040526624
        3.3504498000         2.6000000000         1.3429439823         2.1689476465         0.1040526624
        3.3554662000         2.6000000000         1.3301823480         2.1561882593        -0.2283839587
        3.3604989000         2.6000000000         1.3352870017         2.1638438916        -0.0954093103
        3.3654458000         2.6000000000         1.3454963091         2.1689476465         0.1705399866
        3.3704666000         2.6000000000         1.3327346748         2.1561882593        -0.1618966345
        3.3754950000         2.6000000000         1.3327346748         2.1561882593        -0.1618966345
        3.3804880000         2.6000000000         1.3378393285         2.1612920142        -0.0289219860
        3.3854570000         2.6000000000         1.3454963091         2.1689476465         0.1705399866
        3.3904113000         2.6000000000         1.3301823480         2.1587401367        -0.2283839587
        3.3954729000         2.6000000000         1.3480486360         2.1689476465         0.2370273109
        3.4004482000         2.6000000000         1.3352870017         2.1663957691        -0.0954093103
        3.4055743000         2.6000000000         1.3557056165         2.1689476465         0.4364892835
        3.4105618000         2.6000000000         1.3352870017         2.1612920142        -0.0954093103
        3.4155004000         2.6000000000         1.3378393285         2.1612920142        -0.0289219860
        3.4205316000         2.6000000000         1.3352870017         2.1612920142        -0.0954093103
        3.4255386000         2.6000000000         1.3378393285         2.1638438916        -0.0289219860
        3.4304974000         2.6000000000         1.3352870017         2.1638438916        -0.0954093103
        3.4355846000         2.6000000000         1.3403916554         2.1638438916         0.0375653382
        3.4405196000         2.6000000000         1.3378393285         2.1612920142        -0.0289219860
        3.4455103000         2.6000000000         1.3429439823         2.1689476465         0.1040526624
        3.4504352000         2.6000000000         1.3378393285         2.1612920142        -0.0289219860
        3.4554961000         2.6000000000         1.3352870017         2.1638438916        -0.0954093103
        3.4605180000         2.6000000000         1.3403916554         2.1638438916         0.0375653382
        3.4655552000         2.6000000000         1.3352870017         2.1561882593        -0.0954093103
        3.4704749000         2.6000000000         1.3403916554         2.1612920142         0.0375653382
        3.4755073000         2.6000000000         1.3352870017         2.1638438916        -0.0954093103
        3.4804488000         2.6000000000         1.3352870017         2.1612920142        -0.0954093103
        3.4854278000         2.6000000000         1.3352870017         2.1612920142        -0.0954093103
        3.4905558000         2.6000000000         1.3352870017         2.1638438916        -0.0954093103
        3.4954953000         2.6000000000         1.3378393285         2.1612920142        -0.0289219860
        3.5004991000         2.6000000000         1.3659149240         2.1638438916         0.7024385805
        3.5054567000         2.6000000000         1.3352870017         2.1638438916        -0.0954093103
        3.5104673000         2.6000000000         1.3352870017         2.1612920142        -0.0954093103
        3.5154892000         2.6000000000         1.3378393285         2.1612920142        -0.0289219860
        3.5205624000         2.6000000000         1.3378393285         2.1612920142        -0.0289219860
        3.5254916000         2.6000000000         1.3327346748         2.1561882593        -0.1618966345
        3.5305095000         2.6000000000         1.3429439823         2.1663957691         0.1040526624
        3.5355130000         2.6000000000         1.3378393285         2.1612920142        -0.0289219860
        3.5404902000         2.6000000000         1.3378393285         2.1561882593        -0.0289219860
        3.5454512000         2.6000000000         1.3352870017         2.1612920142        -0.0954093103
        3.5505197000         2.6000000000         1.3301823480         2.1561882593        -0.2283839587
        3.5554602000         2.6000000000         1.3965428462         2.1689476465         1.5002864712
        3.5605109000         2.6000000000         1.3403916554         2.1612920142         0.0375653382
        3.5654326000         2.6000000000         1.3429439823         2.1714995240         0.1040526624
        3.5704901000         2.6000000000         1.3429439823         2.1689476465         0.1040526624
        3.5754605000         2.6000000000         1.3301823480         2.1561882593        -0.2283839587
        3.5804440000         2.6000000000         1.3352870017         2.1638438916        -0.0954093103
        3.5855355000         2.6000000000         1.3378393285         2.1612920142        -0.0289219860
        3.5904551000         2.6000000000         1.3429439823         2.1689476465         0.1040526624
        3.5954533000         2.6000000000         1.3327346748         2.1536363818        -0.1618966345
        3.6005347000         2.6000000000         1.3429439823         2.1689476465         0.1040526624
        3.6054459000         2.6000000000         1.3352870017         2.1612920142        -0.0954093103
        3.6104553000         2.6000000000         1.3378393285         2.1612920142        -0.0289219860
        3.6154499000         2.6000000000         1.3327346748         2.1561882593        -0.1618966345
        3.6204770000         2.6000000000         1.3327346748         2.1561882593        -0.1618966345
        3.6254485000         2.6000000000         1.3378393285         2.1612920142        -0.0289219860
        3.6305467000         2.6000000000         1.3301823480         2.1638438916        -0.2283839587
        3.6354976000         2.6000000000         1.3352870017         2.1638438916        -0.0954093103
        3.6404582000         2.6000000000         1.3454963091         2.1689476465         0.1705399866
        3.6454707000         2.6000000000         1.3429439823         2.1612920142         0.1040526624
        3.6504708000         2.6000000000         1.3378393285         2.1689476465        -0.0289219860
        3.6555293000         2.6000000000         1.3378393285         2.1561882593        -0.0289219860
        3.6604961000         2.6000000000         1.3378393285         2.1612920142        -0.0289219860
        3.6655034000         2.6000000000         1.3429439823         2.1689476465         0.1040526624
        3.6704402000         2.6000000000         1.3301823480         2.1561882593        -0.2283839587
        3.6754544000         2.6000000000         1.3429439823         2.1689476465         0.1040526624
        3.6805180000         2.6000000000         1.3378393285         2.1612920142        -0.0289219860
        3.6856239000         2.6000000000         1.3301823480         2.1561882593        -0.2283839587
        3.6905785000         2.6000000000         1.3429439823         2.1689476465         0.1040526624
        3.6955472000         2.6000000000         1.3301823480         2.1561882593        -0.2283839587
        3.7005287000         2.6000000000         1.3429439823         2.1740514015         0.1040526624
        3.7056966000         2.6000000000         1.3403916554         2.1612920142         0.0375653382
        3.7104346000         2.6000000000         1.3352870017         2.1612920142        -0.0954093103
        3.7156427000         2.6000000000         1.3352870017         2.1612920142        -0.0954093103
        3.7205246000         2.6000000000         1.3403916554         2.1561882593         0.0375653382
        3.7254523000         2.6000000000         1.3761242314         2.1663957691         0.9683878774
        3.7305790000         2.6000000000         1.3378393285         2.1663957691        -0.0289219860
        3.7355350000         2.6000000000         1.3378393285         2.1638438916        -0.0289219860
        3.7405377000         2.6000000000         1.3352870017         2.1612920142        -0.0954093103
        3.7455204000         2.6000000000         1.3327346748         2.1612920142        -0.1618966345
        3.7505345000         2.6000000000         1.3378393285         2.1612920142        -0.0289219860
        3.7556969000         2.6000000000         1.3352870017         2.1638438916        -0.0954093103
        3.7605510000         2.6000000000         1.3378393285         2.1612920142        -0.0289219860
        3.7655615000         2.6000000000         1.3378393285         2.1612920142        -0.0289219860
        3.7705171000         2.6000000000         1.3301823480         2.1612920142        -0.2283839587
        3.7754508000         2.6000000000         1.3403916554         2.1663957691         0.0375653382
        3.7805751000         2.6000000000         1.3454963091         2.1689476465         0.1705399866
        3.7854766000         2.6000000000         1.3301823480         2.1561882593        -0.2283839587
        3.7905107000         2.6000000000         1.3429439823         2.1612920142         0.1040526624
        3.7955070000         2.6000000000         1.3557056165         2.1612920142         0.4364892835
        3.8004564000         2.6000000000         1.3378393285         2.1638438916        -0.0289219860
        3.8054094000         2.6000000000         1.3327346748         2.1561882593        -0.1618966345
        3.8104537000         2.6000000000         1.3454963091         2.1689476465         0.1705399866
        3.8154998000         2.6000000000         1.3352870017         2.1612920142        -0.0954093103
        3.8204484000         2.6000000000         1.3352870017         2.1612920142        -0.0954093103
        3.8254601000         2.6000000000         1.3454963091         2.1689476465         0.1705399866
        3.8304519000         2.6000000000         1.3403916554         2.1612920142         0.0375653382
        3.8355406000         2.6000000000         1.3429439823         2.1689476465         0.1040526624
        3.8406145000         2.6000000000         1.3429439823         2.1740514015         0.1040526624
        3.8456570000         2.6000000000         1.3403916554         2.1587401367         0.0375653382
        3.8505720000         2.6000000000         1.3378393285         2.1612920142        -0.0289219860
        3.8556329000         2.6000000000         1.3301823480         2.1561882593        -0.2283839587
        3.8605904000         2.6000000000         1.3454963091         2.1612920142         0.1705399866
        3.8655808000         2.6000000000         1.3659149240         2.1561882593         0.7024385805
        3.8707181000         2.6000000000         1.3301823480         2.1561882593        -0.2283839587
        3.8755684000         2.6000000000         1.3327346748         2.1587401367        -0.1618966345
        3.8805216000         2.6000000000         1.3378393285         2.1638438916        -0.0289219860
        3.8854463000         2.6000000000         1.3378393285         2.1612920142        -0.0289219860
        3.8906892000         2.6000000000         1.3403916554         2.1612920142         0.0375653382
        3.8956957000         2.6000000000         1.3454963091         2.1663957691         0.1705399866
        3.9005829000         2.6000000000         1.3378393285         2.1612920142        -0.0289219860
        3.9055965000         2.6000000000         1.3378393285         2.1612920142        -0.0289219860
        3.9105223000         2.6000000000         1.3429439823         2.1714995240         0.1040526624
        3.9156863000         2.6000000000         1.3378393285         2.1638438916        -0.0289219860
        3.9205639000         2.6000000000         1.3378393285         2.1612920142        -0.0289219860
        3.9254455000         2.6000000000         1.3378393285         2.1612920142        -0.0289219860
        3.9305607000         2.6000000000         1.3454963091         2.1689476465         0.1705399866
        3.9357017000         2.6000000000         1.3454963091         2.1689476465         0.1705399866
        3.9405615000         2.6000000000         1.3429439823         2.1714995240         0.1040526624
        3.9455746000         2.6000000000         1.3352870017         2.1612920142        -0.0954093103
        3.9506737000         2.6000000000         1.3378393285         2.1638438916        -0.0289219860
        3.9556692000         2.6000000000         1.3429439823         2.1689476465         0.1040526624
        3.9605952000         2.6000000000         1.3378393285         2.1612920142        -0.0289219860
        3.9654611000         2.6000000000         1.3403916554         2.1638438916         0.0375653382
        3.9704954000         2.6000000000         1.3378393285         2.1612920142        -0.0289219860
        3.9755082000         2.6000000000         1.3327346748         2.1587401367        -0.1618966345
        3.9805357000         2.6000000000         1.3429439823         2.1689476465         0.1040526624
        3.9854900000         2.6000000000         1.3352870017         2.1612920142        -0.0954093103
        3.9904879000         2.6000000000         1.3327346748         2.1561882593        -0.1618966345
        3.9955409000         2.6000000000         1.3352870017         2.1612920142        -0.0954093103
        4.0004572000         2.6000000000         1.3454963091         2.1663957691         0.1705399866
