% Sweep Step 130/200  Vcmd=1.2500V  CCW 
% Vg_offset=1.338337V  K_gimbal=26.049690

Time[s]              Vcmd[V]              Vg_raw[V]            Pot[V]             Omega[rad/s]
        0.0060119000         1.2500000000         1.3378393285         0.8598345101        -0.0129650282
        0.0064596000         1.2500000000         1.3378393285         0.8598345101        -0.0129650282
        0.0105572000         1.2500000000         1.3352870017         0.8623863875        -0.0794523525
        0.0154851000         1.2500000000         1.3378393285         0.8598345101        -0.0129650282
        0.0204906000         1.2500000000         1.3225253674         0.8572826326        -0.4118889736
        0.0255726000         1.2500000000         1.0290077789         0.8419713679        -8.0579312597
        0.0305869000         1.2500000000         1.1285485263         0.8215563482        -5.4649256148
        0.0356535000         1.2500000000         1.1311008532         0.7909338187        -5.3984382906
        0.0406209000         1.2500000000         1.0392170863         0.7628631666        -7.7919819627
        0.0456137000         1.2500000000         1.0366647595         0.7373443920        -7.8584692870
        0.0506279000         1.2500000000         1.0417694132         0.7041699851        -7.7254946385
        0.0556093000         1.2500000000         1.0060368372         0.6760993330        -8.6563171777
        0.0606230000         1.2500000000         0.9779612418         0.6378211711        -9.3876777442
        0.0654624000         1.2500000000         1.0060368372         0.5995430093        -8.6563171777
        0.0704156000         1.2500000000         0.9703042612         0.5663686023        -9.5871397169
        0.0757067000         1.2500000000         0.9600949538         0.5306423179        -9.8530890138
        0.0806290000         1.2500000000         0.9754089149         0.4923641560        -9.4541650684
        0.0855196000         1.2500000000         0.9473333195         0.4515341166       -10.1855256349
        0.0905949000         1.2500000000         0.9422286658         0.4107040773       -10.3185002834
        0.0954817000         1.2500000000         0.9549903001         0.3826334252        -9.9860636622
        0.1005679000         1.2500000000         0.9192577241         0.3392515084       -10.9168862014
        0.1054621000         1.2500000000         0.9320193584         0.3009733466       -10.5844495803
        0.1105681000         1.2500000000         0.9447809927         0.2601433072       -10.2520129591
        0.1155150000         1.2500000000         0.9039437630         0.2065538806       -11.3158101468
        0.1206000000         1.2500000000         0.9167053972         0.1580682088       -10.9833735256
        0.1256493000         1.2500000000         0.9167053972         0.1197900470       -10.9833735256
        0.1305498000         1.2500000000         0.8860774750         0.0713043752       -11.7812214163
        0.1355986000         1.2500000000         0.9039437630         0.0253705810       -11.3158101468
        0.1405674000         1.2500000000         0.9013914361         0.0024036839       -11.3822974710
        0.1455670000         1.2500000000         0.8784204944        -0.0001481936       -11.9806833890
        0.1505005000         1.2500000000         0.8937344555        -0.0001481936       -11.5817594437
        0.1555976000         1.2500000000         0.9039437630         1.1022628687       -11.3158101468
        0.1605967000         1.2500000000         0.8758681675         5.0015316260       -12.0471707133
        0.1655324000         1.2500000000         0.8937344555         5.0040835035       -11.5817594437
        0.1704948000         1.2500000000         0.8758681675         5.0142910133       -12.0471707133
        0.1754809000         1.2500000000         0.8809728212         4.9760128515       -11.9141960648
        0.1804792000         1.2500000000         0.8733158407         4.9300790572       -12.1136580375
        0.1854862000         1.2500000000         0.8682111870         4.8764896306       -12.2466326859
        0.1904954000         1.2500000000         0.8707635138         4.8280039588       -12.1801453617
        0.1955403000         1.2500000000         0.8631065332         4.7718626547       -12.3796073344
        0.2005384000         1.2500000000         0.8528972258         4.7233769830       -12.6455566313
        0.2055127000         1.2500000000         0.8656588601         4.6774431887       -12.3131200102
        0.2105259000         1.2500000000         0.8452402453         4.6315093945       -12.8450186040
        0.2155128000         1.2500000000         0.8758681675         4.5830237228       -12.0471707133
        0.2204512000         1.2500000000         0.8580018795         4.5319861736       -12.5125819828
        0.2255698000         1.2500000000         0.8528972258         4.4835005019       -12.6455566313
        0.2305197000         1.2500000000         0.8605542064         4.4273591978       -12.4460946586
        0.2355622000         1.2500000000         0.8375832647         4.3814254035       -13.0444805767
        0.2404975000         1.2500000000         0.8580018795         4.3354916092       -12.5125819828
        0.2454932000         1.2500000000         0.8554495527         4.2921096924       -12.5790693071
        0.2504955000         1.2500000000         0.8554495527         4.2410721433       -12.5790693071
        0.2554469000         1.2500000000         0.8452402453         4.1900345941       -12.8450186040
        0.2606370000         1.2500000000         0.8477925721         4.1415489224       -12.7785312797
        0.2655003000         1.2500000000         0.8554495527         4.0981670056       -12.5790693071
        0.2705537000         1.2500000000         0.8426879184         4.0496813338       -12.9115059282
        0.2754947000         1.2500000000         0.8426879184         3.9960919072       -12.9115059282
        0.2807732000         1.2500000000         0.8452402453         3.9476062355       -12.8450186040
        0.2856332000         1.2500000000         0.8324786110         3.8965686863       -13.1774552251
        0.2904840000         1.2500000000         0.8580018795         3.8531867695       -12.5125819828
        0.2955748000         1.2500000000         0.8248216304         3.8047010978       -13.3769171978
        0.3005391000         1.2500000000         0.8477925721         3.7511116711       -12.7785312797
        0.3055464000         1.2500000000         0.8171646498         3.6924184896       -13.5763791705
        0.3106155000         1.2500000000         0.8324786110         3.6439328179       -13.1774552251
        0.3155871000         1.2500000000         0.8554495527         3.6031027785       -12.5790693071
        0.3205658000         1.2500000000         0.8248216304         3.5469614744       -13.3769171978
        0.3256521000         1.2500000000         0.8401355915         3.4933720478       -12.9779932524
        0.3306272000         1.2500000000         0.8273739573         3.4448863760       -13.3104298736
        0.3355674000         1.2500000000         0.8477925721         3.3989525818       -12.7785312797
        0.3405745000         1.2500000000         0.8299262841         3.3453631551       -13.2439425493
        0.3456748000         1.2500000000         0.8324786110         3.3045331158       -13.1774552251
        0.3505284000         1.2500000000         0.8554495527         3.2534955666       -12.5790693071
        0.3555959000         1.2500000000         0.8222693035         3.2050098949       -13.4434045220
        0.3606856000         1.2500000000         0.8350309378         3.1437648359       -13.1109679009
        0.3656815000         1.2500000000         0.8248216304         3.0978310416       -13.3769171978
        0.3706459000         1.2500000000         0.8248216304         3.0493453699       -13.3769171978
        0.3756069000         1.2500000000         0.8171646498         2.9983078207       -13.5763791705
        0.3806477000         1.2500000000         0.8171646498         2.9447183941       -13.5763791705
        0.3856121000         1.2500000000         0.8324786110         2.9038883547       -13.1774552251
        0.3906394000         1.2500000000         0.8095076693         2.8477470506       -13.7758411431
        0.3956986000         1.2500000000         0.8375832647         2.8043651338       -13.0444805767
        0.4006548000         1.2500000000         0.8044030155         2.7405681974       -13.9088157916
        0.4056374000         1.2500000000         0.8197169767         2.6895306482       -13.5098918462
        0.4107757000         1.2500000000         0.8350309378         2.6487006088       -13.1109679009
        0.4156884000         1.2500000000         0.8120599961         2.5951111822       -13.7093538189
        0.4206003000         1.2500000000         0.8171646498         2.5389698781       -13.5763791705
        0.4255726000         1.2500000000         0.8146123230         2.4904842064       -13.6428664947
        0.4305170000         1.2500000000         0.8248216304         2.4496541670       -13.3769171978
        0.4356258000         1.2500000000         0.8299262841         2.4011684953       -13.2439425493
        0.4406425000         1.2500000000         0.8273739573         2.3399234363       -13.3104298736
        0.4456163000         1.2500000000         0.8248216304         2.2990933970       -13.3769171978
        0.4505682000         1.2500000000         0.8324786110         2.2480558478       -13.1774552251
        0.4556341000         1.2500000000         0.8248216304         2.1919145437       -13.3769171978
        0.4606512000         1.2500000000         0.8146123230         2.1408769945       -13.6428664947
        0.4656019000         1.2500000000         0.8452402453         2.0974950777       -12.8450186040
        0.4705047000         1.2500000000         0.8120599961         2.0336981412       -13.7093538189
        0.4755633000         1.2500000000         0.8375832647         1.9928681019       -13.0444805767
        0.4806647000         1.2500000000         0.8222693035         1.9418305527       -13.4434045220
        0.4856738000         1.2500000000         0.8375832647         1.8907930035       -13.0444805767
        0.4906714000         1.2500000000         0.8171646498         1.8372035769       -13.5763791705
        0.4959089000         1.2500000000         0.8324786110         1.8014772924       -13.1774552251
        0.5006358000         1.2500000000         0.8503448990         1.7504397433       -12.7120439555
        0.5055802000         1.2500000000         0.8146123230         1.6917465617       -13.6428664947
        0.5105866000         1.2500000000         0.8452402453         1.6534683998       -12.8450186040
        0.5154691000         1.2500000000         0.8273739573         1.5973270957       -13.3104298736
        0.5206079000         1.2500000000         0.8350309378         1.5488414240       -13.1109679009
        0.5258589000         1.2500000000         0.8350309378         1.5003557523       -13.1109679009
        0.5306426000         1.2500000000         0.8580018795         1.4493182031       -12.5125819828
        0.5356322000         1.2500000000         0.8222693035         1.3931768990       -13.4434045220
        0.5405983000         1.2500000000         0.8248216304         1.3574506146       -13.3769171978
        0.5457996000         1.2500000000         0.8350309378         1.3038611879       -13.1109679009
        0.5506284000         1.2500000000         0.8375832647         1.2553755162       -13.0444805767
        0.5556375000         1.2500000000         0.8375832647         1.2068898445       -13.0444805767
        0.5606794000         1.2500000000         0.8299262841         1.1481966629       -13.2439425493
        0.5656890000         1.2500000000         0.8299262841         1.1022628687       -13.2439425493
        0.5706129000         1.2500000000         0.8350309378         1.0563290744       -13.1109679009
        0.5755035000         1.2500000000         0.8324786110         1.0027396478       -13.1774552251
        0.5806428000         1.2500000000         0.8299262841         0.9414945888       -13.2439425493
        0.5856298000         1.2500000000         0.8273739573         0.9006645494       -13.3104298736
        0.5906013000         1.2500000000         0.8375832647         0.8394194904       -13.0444805767
        0.5956951000         1.2500000000         0.8248216304         0.7985894511       -13.3769171978
        0.6005920000         1.2500000000         0.8554495527         0.7526556568       -12.5790693071
        0.6057195000         1.2500000000         0.8222693035         0.6965143527       -13.4434045220
        0.6105699000         1.2500000000         0.8401355915         0.6480286810       -12.9779932524
        0.6155456000         1.2500000000         0.8222693035         0.5969911318       -13.4434045220
        0.6206555000         1.2500000000         0.8452402453         0.5536092150       -12.8450186040
        0.6256462000         1.2500000000         0.8452402453         0.5025716658       -12.8450186040
        0.6305054000         1.2500000000         0.8375832647         0.4438784843       -13.0444805767
        0.6356420000         1.2500000000         0.8248216304         0.3902890576       -13.3769171978
        0.6406522000         1.2500000000         0.8350309378         0.3392515084       -13.1109679009
        0.6456585000         1.2500000000         0.8171646498         0.2907658367       -13.5763791705
        0.6506750000         1.2500000000         0.8477925721         0.2422801650       -12.7785312797
        0.6556433000         1.2500000000         0.8350309378         0.1886907384       -13.1109679009
        0.6606193000         1.2500000000         0.8324786110         0.1299975568       -13.1774552251
        0.6656189000         1.2500000000         0.8248216304         0.0713043752       -13.3769171978
        0.6705626000         1.2500000000         0.8452402453         0.0330262134       -12.8450186040
        0.6755936000         1.2500000000         0.8375832647         0.0024036839       -13.0444805767
        0.6805964000         1.2500000000         0.8171646498        -0.0052519485       -13.5763791705
        0.6856897000         1.2500000000         0.8375832647         1.0997109912       -13.0444805767
        0.6906191000         1.2500000000         0.8350309378         4.9913241162       -13.1109679009
        0.6958325000         1.2500000000         0.8222693035         5.0066353810       -13.4434045220
        0.7006686000         1.2500000000         0.8350309378         5.0066353810       -13.1109679009
        0.7057822000         1.2500000000         0.8350309378         4.9709090965       -13.1109679009
        0.7104718000         1.2500000000         0.8401355915         4.9300790572       -12.9779932524
        0.7154852000         1.2500000000         0.8248216304         4.8637302433       -13.3769171978
        0.7204858000         1.2500000000         0.8324786110         4.8101408166       -13.1774552251
        0.7255322000         1.2500000000         0.8248216304         4.7718626547       -13.3769171978
        0.7311607000         1.2500000000         0.8324786110         4.7157213506       -13.1774552251
        0.7355788000         1.2500000000         0.8350309378         4.6621319240       -13.1109679009
        0.7407138000         1.2500000000         0.8171646498         4.6059906199       -13.5763791705
        0.7457530000         1.2500000000         0.8426879184         4.5575049482       -12.9115059282
        0.7514056000         1.2500000000         0.8146123230         4.5013636441       -13.6428664947
        0.7556327000         1.2500000000         0.8375832647         4.4452223400       -13.0444805767
        0.7607861000         1.2500000000         0.8120599961         4.3941847908       -13.7093538189
        0.7657221000         1.2500000000         0.8299262841         4.3431472416       -13.2439425493
        0.7705068000         1.2500000000         0.8248216304         4.2972134474       -13.3769171978
        0.7755254000         1.2500000000         0.8554495527         4.2436240207       -12.5790693071
        0.7805298000         1.2500000000         0.8197169767         4.1874827166       -13.5098918462
        0.7855381000         1.2500000000         0.8146123230         4.1287895351       -13.6428664947
        0.7905844000         1.2500000000         0.8350309378         4.0777519859       -13.1109679009
        0.7955635000         1.2500000000         0.7992983618         4.0318181916       -14.0417904401
        0.8006672000         1.2500000000         0.8401355915         3.9909881523       -12.9779932524
        0.8056318000         1.2500000000         0.8273739573         3.9348468482       -13.3104298736
        0.8107826000         1.2500000000         0.8197169767         3.8889130539       -13.5098918462
        0.8156595000         1.2500000000         0.8350309378         3.8353236273       -13.1109679009
        0.8206555000         1.2500000000         0.8248216304         3.7919417105       -13.3769171978
        0.8256551000         1.2500000000         0.8324786110         3.7306966515       -13.1774552251
        0.8308095000         1.2500000000         0.8018506887         3.6771072248       -13.9753031158
        0.8357511000         1.2500000000         0.8350309378         3.6260696756       -13.1109679009
        0.8406845000         1.2500000000         0.8120599961         3.5826877588       -13.7093538189
        0.8456206000         1.2500000000         0.8273739573         3.5316502097       -13.3104298736
        0.8507534000         1.2500000000         0.8197169767         3.4780607830       -13.5098918462
        0.8556484000         1.2500000000         0.8197169767         3.4270232338       -13.5098918462
        0.8608040000         1.2500000000         0.8528972258         3.3836413170       -12.6455566313
        0.8657328000         1.2500000000         0.8273739573         3.3249481355       -13.3104298736
        0.8705875000         1.2500000000         0.8324786110         3.2764624638       -13.1774552251
        0.8757012000         1.2500000000         0.8171646498         3.2254249146       -13.5763791705
        0.8806944000         1.2500000000         0.8146123230         3.1692836105       -13.6428664947
        0.8855463000         1.2500000000         0.8324786110         3.1182460613       -13.1774552251
        0.8906421000         1.2500000000         0.8095076693         3.0697603896       -13.7758411431
        0.8956206000         1.2500000000         0.8350309378         3.0238265953       -13.1109679009
        0.9006076000         1.2500000000         0.8120599961         2.9727890461       -13.7093538189
        0.9057544000         1.2500000000         0.8426879184         2.9243033744       -12.9115059282
        0.9106287000         1.2500000000         0.7967460350         2.8681620703       -14.1082777643
        0.9155446000         1.2500000000         0.8299262841         2.8273320310       -13.2439425493
        0.9205473000         1.2500000000         0.8197169767         2.7762944818       -13.5098918462
        0.9254397000         1.2500000000         0.8197169767         2.7252569326       -13.5098918462
        0.9305061000         1.2500000000         0.8426879184         2.6691156285       -12.9115059282
        0.9356664000         1.2500000000         0.8171646498         2.6206299568       -13.5763791705
        0.9406304000         1.2500000000         0.8197169767         2.5644886527       -13.5098918462
        0.9456904000         1.2500000000         0.8197169767         2.5211067359       -13.5098918462
        0.9507824000         1.2500000000         0.8375832647         2.4726210642       -13.0444805767
        0.9561088000         1.2500000000         0.8095076693         2.4164797601       -13.7758411431
        0.9606707000         1.2500000000         0.8299262841         2.3628903334       -13.2439425493
        0.9656562000         1.2500000000         0.8299262841         2.3220602941       -13.2439425493
        0.9706654000         1.2500000000         0.8197169767         2.2710227449       -13.5098918462
        0.9756860000         1.2500000000         0.8375832647         2.2225370732       -13.0444805767
        0.9806309000         1.2500000000         0.8273739573         2.1689476465       -13.3104298736
        0.9857832000         1.2500000000         0.8248216304         2.1204619748       -13.3769171978
        0.9907555000         1.2500000000         0.8324786110         2.0694244256       -13.1774552251
        0.9956938000         1.2500000000         0.8095076693         2.0132831215       -13.7758411431
        1.0007273000         1.2500000000         0.8375832647         1.9596936949       -13.0444805767
        1.0055742000         1.2500000000         0.8095076693         1.9137599006       -13.7758411431
        1.0106158000         1.2500000000         0.8375832647         1.8601704740       -13.0444805767
        1.0155599000         1.2500000000         0.8018506887         1.8091329248       -13.9753031158
        1.0205573000         1.2500000000         0.8324786110         1.7529916207       -13.1774552251
        1.0256322000         1.2500000000         0.8120599961         1.7147134588       -13.7093538189
        1.0306160000         1.2500000000         0.8248216304         1.6585721547       -13.3769171978
        1.0356437000         1.2500000000         0.8197169767         1.6126383605       -13.5098918462
        1.0406592000         1.2500000000         0.8120599961         1.5539451789       -13.7093538189
        1.0456553000         1.2500000000         0.8197169767         1.5029076297       -13.5098918462
        1.0506562000         1.2500000000         0.8273739573         1.4646294679       -13.3104298736
        1.0556452000         1.2500000000         0.8248216304         1.4110400412       -13.3769171978
        1.0606150000         1.2500000000         0.8044030155         1.3523468597       -13.9088157916
        1.0656455000         1.2500000000         0.8171646498         1.2987574330       -13.5763791705
        1.0707029000         1.2500000000         0.8222693035         1.2604792711       -13.4434045220
        1.0756637000         1.2500000000         0.8120599961         1.1992342121       -13.7093538189
        1.0805597000         1.2500000000         0.8146123230         1.1533004179       -13.6428664947
        1.0855357000         1.2500000000         0.8146123230         1.1048147461       -13.6428664947
        1.0906256000         1.2500000000         0.8324786110         1.0588809519       -13.1774552251
        1.0956411000         1.2500000000         0.8069553424         1.0027396478       -13.8423284674
        1.1006893000         1.2500000000         0.8171646498         0.9440464662       -13.5763791705
        1.1055761000         1.2500000000         0.8095076693         0.8930089170       -13.7758411431
        1.1106165000         1.2500000000         0.8146123230         0.8445232453       -13.6428664947
        1.1157970000         1.2500000000         0.8222693035         0.7909338187       -13.4434045220
        1.1206158000         1.2500000000         0.8273739573         0.7398962695       -13.3104298736
        1.1256334000         1.2500000000         0.8120599961         0.6914105978       -13.7093538189
        1.1304804000         1.2500000000         0.8401355915         0.6352692937       -12.9779932524
        1.1356509000         1.2500000000         0.7890890544         0.5816798670       -14.3077397370
        1.1406280000         1.2500000000         0.8248216304         0.5306423179       -13.3769171978
        1.1457397000         1.2500000000         0.8146123230         0.4693972588       -13.6428664947
        1.1509321000         1.2500000000         0.8248216304         0.4234634646       -13.3769171978
        1.1557425000         1.2500000000         0.8197169767         0.3800815478       -13.5098918462
        1.1609943000         1.2500000000         0.8222693035         0.3188364888       -13.4434045220
        1.1656317000         1.2500000000         0.8171646498         0.2677989396       -13.5763791705
        1.1708784000         1.2500000000         0.8120599961         0.2065538806       -13.7093538189
        1.1755856000         1.2500000000         0.8095076693         0.1555163314       -13.7758411431
        1.1805718000         1.2500000000         0.8146123230         0.0993750273       -13.6428664947
        1.1856271000         1.2500000000         0.8095076693         0.0534412330       -13.7758411431
        1.1905790000         1.2500000000         0.8375832647         0.0100593162       -13.0444805767
        1.1955283000         1.2500000000         0.8120599961         0.0049555613       -13.7093538189
        1.2005347000         1.2500000000         0.8299262841         0.0024036839       -13.2439425493
        1.2056297000         1.2500000000         0.8273739573         1.1022628687       -13.3104298736
        1.2105348000         1.2500000000         0.8095076693         5.0040835035       -13.7758411431
        1.2156347000         1.2500000000         0.8452402453         5.0142910133       -12.8450186040
        1.2205991000         1.2500000000         0.8044030155         4.9887722387       -13.9088157916
        1.2256805000         1.2500000000         0.8324786110         4.9377346896       -13.1774552251
        1.2306069000         1.2500000000         0.8120599961         4.8866971404       -13.7093538189
        1.2355685000         1.2500000000         0.8375832647         4.8356595912       -13.0444805767
        1.2405879000         1.2500000000         0.8095076693         4.7846220420       -13.7758411431
        1.2455733000         1.2500000000         0.8248216304         4.7233769830       -13.3769171978
        1.2505475000         1.2500000000         0.8350309378         4.6697875564       -13.1109679009
        1.2554524000         1.2500000000         0.8095076693         4.6187500072       -13.7758411431
        1.2604541000         1.2500000000         0.8452402453         4.5677124580       -12.8450186040
        1.2655191000         1.2500000000         0.8146123230         4.5090192765       -13.6428664947
        1.2704450000         1.2500000000         0.8222693035         4.4503260949       -13.4434045220
        1.2755460000         1.2500000000         0.8069553424         4.3967366683       -13.8423284674
        1.2805007000         1.2500000000         0.8350309378         4.3559066289       -13.1109679009
        1.2856866000         1.2500000000         0.8120599961         4.2946615699       -13.7093538189
        1.2906009000         1.2500000000         0.8120599961         4.2512796531       -13.7093538189
        1.2955720000         1.2500000000         0.8299262841         4.1976902265       -13.2439425493
        1.3006469000         1.2500000000         0.8044030155         4.1441007998       -13.9088157916
        1.3056021000         1.2500000000         0.8299262841         4.0905113732       -13.2439425493
        1.3105747000         1.2500000000         0.7916413813         4.0343700691       -14.2412524127
        1.3154834000         1.2500000000         0.8248216304         3.9833325199       -13.3769171978
        1.3206065000         1.2500000000         0.8018506887         3.9373987256       -13.9753031158
        1.3255839000         1.2500000000         0.8146123230         3.8889130539       -13.6428664947
        1.3305513000         1.2500000000         0.8222693035         3.8404273822       -13.4434045220
        1.3356707000         1.2500000000         0.8120599961         3.7817342006       -13.7093538189
        1.3405899000         1.2500000000         0.8299262841         3.7358004064       -13.2439425493
        1.3457703000         1.2500000000         0.7712227664         3.6720034699       -14.7731510065
        1.3506580000         1.2500000000         0.8299262841         3.6260696756       -13.2439425493
        1.3554629000         1.2500000000         0.8069553424         3.5724802490       -13.8423284674
        1.3605561000         1.2500000000         0.8069553424         3.5137870674       -13.8423284674
        1.3657356000         1.2500000000         0.8018506887         3.4653013957       -13.9753031158
        1.3705451000         1.2500000000         0.8120599961         3.4244713564       -13.7093538189
        1.3755390000         1.2500000000         0.8171646498         3.3632262974       -13.5763791705
        1.3806006000         1.2500000000         0.7839844007         3.3121887482       -14.4407143854
        1.3854645000         1.2500000000         0.8222693035         3.2611511990       -13.4434045220
        1.3905027000         1.2500000000         0.8044030155         3.2075617724       -13.9088157916
        1.3955962000         1.2500000000         0.8044030155         3.1488685908       -13.9088157916
        1.4006174000         1.2500000000         0.8120599961         3.1029347965       -13.7093538189
        1.4056332000         1.2500000000         0.8069553424         3.0518972474       -13.8423284674
        1.4106373000         1.2500000000         0.8095076693         3.0034115756       -13.7758411431
        1.4157751000         1.2500000000         0.8146123230         2.9523740265       -13.6428664947
        1.4206160000         1.2500000000         0.8248216304         2.8962327224       -13.3769171978
        1.4257747000         1.2500000000         0.7916413813         2.8502989281       -14.2412524127
        1.4305441000         1.2500000000         0.8375832647         2.7916057465       -13.0444805767
        1.4354910000         1.2500000000         0.7890890544         2.7380163199       -14.3077397370
        1.4405194000         1.2500000000         0.8171646498         2.6920825256       -13.5763791705
        1.4455967000         1.2500000000         0.8222693035         2.6487006088       -13.4434045220
        1.4505901000         1.2500000000         0.8120599961         2.5925593047       -13.7093538189
        1.4555814000         1.2500000000         0.8171646498         2.5415217556       -13.5763791705
        1.4605745000         1.2500000000         0.8095076693         2.4828285740       -13.7758411431
        1.4655492000         1.2500000000         0.8222693035         2.4317910248       -13.4434045220
        1.4706928000         1.2500000000         0.8069553424         2.3833053531       -13.8423284674
        1.4756788000         1.2500000000         0.8248216304         2.3297159265       -13.3769171978
        1.4805412000         1.2500000000         0.7865367276         2.2786783773       -14.3742270612
        1.4855454000         1.2500000000         0.8197169767         2.2276408281       -13.5098918462
        1.4905561000         1.2500000000         0.8197169767         2.1689476465       -13.5098918462
        1.4956308000         1.2500000000         0.7941937081         2.1153582199       -14.1747650885
        1.5007251000         1.2500000000         0.8273739573         2.0668725482       -13.3104298736
        1.5055528000         1.2500000000         0.7992983618         2.0158349990       -14.0417904401
        1.5105858000         1.2500000000         0.8222693035         1.9647974498       -13.4434045220
        1.5156045000         1.2500000000         0.8044030155         1.9214155330       -13.9088157916
        1.5206209000         1.2500000000         0.8299262841         1.8729298613       -13.2439425493
        1.5255879000         1.2500000000         0.8222693035         1.8269960670       -13.4434045220
        1.5306155000         1.2500000000         0.8044030155         1.7657510080       -13.9088157916
        1.5354937000         1.2500000000         0.8248216304         1.7198172138       -13.3769171978
        1.5405765000         1.2500000000         0.7967460350         1.6560202773       -14.1082777643
        1.5455831000         1.2500000000         0.8069553424         1.6075346056       -13.8423284674
        1.5507340000         1.2500000000         0.7890890544         1.5564970564       -14.3077397370
        1.5555374000         1.2500000000         0.8197169767         1.5054595072       -13.5098918462
        1.5606347000         1.2500000000         0.8018506887         1.4569738355       -13.9753031158
        1.5656198000         1.2500000000         0.8095076693         1.4059362863       -13.7758411431
        1.5706386000         1.2500000000         0.8018506887         1.3574506146       -13.9753031158
        1.5755874000         1.2500000000         0.8095076693         1.2911018006       -13.7758411431
        1.5806937000         1.2500000000         0.7967460350         1.2400642515       -14.1082777643
        1.5855541000         1.2500000000         0.7916413813         1.1915785797       -14.2412524127
        1.5905786000         1.2500000000         0.8069553424         1.1430929080       -13.8423284674
        1.5956387000         1.2500000000         0.7941937081         1.0920553588       -14.1747650885
        1.6006328000         1.2500000000         0.8095076693         1.0384659322       -13.7758411431
        1.6055532000         1.2500000000         0.7967460350         0.9874283830       -14.1082777643
        1.6105902000         1.2500000000         0.8069553424         0.9363908338       -13.8423284674
        1.6156036000         1.2500000000         0.7992983618         0.8725938974       -14.0417904401
        1.6208842000         1.2500000000         0.7916413813         0.8215563482       -14.2412524127
        1.6256063000         1.2500000000         0.8018506887         0.7679669216       -13.9753031158
        1.6306202000         1.2500000000         0.8044030155         0.7092737400       -13.9088157916
        1.6354717000         1.2500000000         0.7916413813         0.6556843134       -14.2412524127
        1.6405860000         1.2500000000         0.8146123230         0.6123023966       -13.6428664947
        1.6456440000         1.2500000000         0.8069553424         0.5587129699       -13.8423284674
        1.6507549000         1.2500000000         0.8171646498         0.5000197884       -13.5763791705
        1.6556282000         1.2500000000         0.8018506887         0.4438784843       -13.9753031158
        1.6607739000         1.2500000000         0.8018506887         0.3902890576       -13.9753031158
        1.6657695000         1.2500000000         0.8018506887         0.3315958761       -13.9753031158
        1.6707016000         1.2500000000         0.8095076693         0.2882139593       -13.7758411431
        1.6755476000         1.2500000000         0.8146123230         0.2320726552       -13.6428664947
        1.6805177000         1.2500000000         0.8069553424         0.1708275961       -13.8423284674
        1.6856495000         1.2500000000         0.8018506887         0.1146862920       -13.9753031158
        1.6905842000         1.2500000000         0.7992983618         0.0585449879       -14.0417904401
        1.6955440000         1.2500000000         0.8044030155        -0.0001481936       -13.9088157916
        1.7005472000         1.2500000000         0.8018506887         0.0024036839       -13.9753031158
        1.7055553000         1.2500000000         0.8044030155        -0.0001481936       -13.9088157916
        1.7106210000         1.2500000000         0.8069553424         1.0997109912       -13.8423284674
        1.7155143000         1.2500000000         0.8044030155         5.0117391359       -13.9088157916
        1.7205382000         1.2500000000         0.8146123230         5.0142910133       -13.6428664947
        1.7254130000         1.2500000000         0.7941937081         4.9938759937       -14.1747650885
        1.7304303000         1.2500000000         0.8146123230         4.9377346896       -13.6428664947
        1.7354984000         1.2500000000         0.7967460350         4.8841452629       -14.1082777643
        1.7404084000         1.2500000000         0.8095076693         4.8177964490       -13.7758411431
        1.7454284000         1.2500000000         0.8222693035         4.7693107773       -13.4434045220
        1.7504749000         1.2500000000         0.7941937081         4.7080657183       -14.1747650885
        1.7554044000         1.2500000000         0.8044030155         4.6595800465       -13.9088157916
        1.7604232000         1.2500000000         0.8171646498         4.6110943748       -13.5763791705
        1.7654618000         1.2500000000         0.7941937081         4.5447455609       -14.1747650885
        1.7704489000         1.2500000000         0.7814320738         4.4886042568       -14.5072017096
        1.7755019000         1.2500000000         0.8171646498         4.4375667076       -13.5763791705
        1.7804277000         1.2500000000         0.7941937081         4.3839772810       -14.1747650885
        1.7854158000         1.2500000000         0.8120599961         4.3303878543       -13.7093538189
        1.7904287000         1.2500000000         0.8018506887         4.2793503051       -13.9753031158
        1.7955656000         1.2500000000         0.8018506887         4.2155533687       -13.9753031158
        1.8005889000         1.2500000000         0.8018506887         4.1721714519       -13.9753031158
        1.8055335000         1.2500000000         0.8044030155         4.1185820252       -13.9088157916
        1.8105381000         1.2500000000         0.8146123230         4.0649925986       -13.6428664947
        1.8155616000         1.2500000000         0.7916413813         4.0114031719       -14.2412524127
        1.8205040000         1.2500000000         0.8554495527         3.9654693777       -12.5790693071
        1.8258496000         1.2500000000         0.7941937081         3.9042243187       -14.1747650885
        1.8305686000         1.2500000000         0.8146123230         3.8531867695       -13.6428664947
        1.8354546000         1.2500000000         0.7814320738         3.7919417105       -14.5072017096
        1.8405203000         1.2500000000         0.8044030155         3.7434560388       -13.9088157916
        1.8455336000         1.2500000000         0.8018506887         3.7000741219       -13.9753031158
        1.8506148000         1.2500000000         0.8044030155         3.6464846953       -13.9088157916
        1.8555052000         1.2500000000         0.8248216304         3.5928952687       -13.3769171978
        1.8605861000         1.2500000000         0.7941937081         3.5316502097       -14.1747650885
        1.8655492000         1.2500000000         0.8095076693         3.4857164154       -13.7758411431
        1.8705338000         1.2500000000         0.7941937081         3.4321269888       -14.1747650885
        1.8755554000         1.2500000000         0.8146123230         3.3785375621       -13.6428664947
        1.8806058000         1.2500000000         0.7941937081         3.3223962580       -14.1747650885
        1.8855150000         1.2500000000         0.8044030155         3.2739105863       -13.9088157916
        1.8905548000         1.2500000000         0.7941937081         3.2101136498       -14.1747650885
        1.8956186000         1.2500000000         0.7941937081         3.1565242232       -14.1747650885
        1.9005491000         1.2500000000         0.7941937081         3.1029347965       -14.1747650885
        1.9056177000         1.2500000000         0.7814320738         3.0544491248       -14.5072017096
        1.9107794000         1.2500000000         0.8069553424         3.0008596982       -13.8423284674
        1.9156131000         1.2500000000         0.7814320738         2.9421665166       -14.5072017096
        1.9205905000         1.2500000000         0.8171646498         2.8987845998       -13.5763791705
        1.9255759000         1.2500000000         0.7737750933         2.8451951732       -14.7066636823
        1.9306662000         1.2500000000         0.8120599961         2.7916057465       -13.7093538189
        1.9355352000         1.2500000000         0.7763274201         2.7303606875       -14.6401763581
        1.9406329000         1.2500000000         0.8069553424         2.6844268933       -13.8423284674
        1.9457459000         1.2500000000         0.7992983618         2.6257337117       -14.0417904401
        1.9506489000         1.2500000000         0.7890890544         2.5823517949       -14.3077397370
        1.9555450000         1.2500000000         0.8095076693         2.5262104908       -13.7758411431
        1.9607750000         1.2500000000         0.7865367276         2.4726210642       -14.3742270612
        1.9657277000         1.2500000000         0.8273739573         2.4317910248       -13.3104298736
        1.9706111000         1.2500000000         0.7890890544         2.3679940883       -14.3077397370
        1.9755717000         1.2500000000         0.8171646498         2.3118527843       -13.5763791705
        1.9805585000         1.2500000000         0.7763274201         2.2608152351       -14.6401763581
        1.9854255000         1.2500000000         0.8222693035         2.2148814408       -13.4434045220
        1.9910813000         1.2500000000         0.7916413813         2.1485326269       -14.2412524127
        1.9955634000         1.2500000000         0.8120599961         2.1077025875       -13.7093538189
        2.0005245000         1.2500000000         0.8095076693         2.0541131609       -13.7758411431
        2.0055949000         1.2500000000         0.7890890544         2.0030756117       -14.3077397370
        2.0106133000         1.2500000000         0.8171646498         1.9520380625       -13.5763791705
        2.0156193000         1.2500000000         0.7967460350         1.9010005134       -14.1082777643
        2.0205787000         1.2500000000         0.8095076693         1.8474110867       -13.7758411431
        2.0256293000         1.2500000000         0.7967460350         1.8014772924       -14.1082777643
        2.0305484000         1.2500000000         0.8069553424         1.7402322334       -13.8423284674
        2.0354578000         1.2500000000         0.7916413813         1.6942984392       -14.2412524127
        2.0406412000         1.2500000000         0.7967460350         1.6356052576       -14.1082777643
        2.0454833000         1.2500000000         0.7839844007         1.5871195859       -14.4407143854
        2.0504317000         1.2500000000         0.7941937081         1.5284264043       -14.1747650885
        2.0555940000         1.2500000000         0.7941937081         1.4824926101       -14.1747650885
        2.0606114000         1.2500000000         0.7890890544         1.4237994285       -14.3077397370
        2.0655480000         1.2500000000         0.8146123230         1.3778656343       -13.6428664947
        2.0706276000         1.2500000000         0.7890890544         1.3191724527       -14.3077397370
        2.0756540000         1.2500000000         0.8324786110         1.2706867810       -13.1774552251
        2.0806546000         1.2500000000         0.7890890544         1.2145454769       -14.3077397370
        2.0855308000         1.2500000000         0.8044030155         1.1686116826       -13.9088157916
        2.0909600000         1.2500000000         0.7941937081         1.1124703785       -14.1747650885
        2.0955676000         1.2500000000         0.7941937081         1.0563290744       -14.1747650885
        2.1005449000         1.2500000000         0.8095076693         1.0154990351       -13.7758411431
        2.1056033000         1.2500000000         0.8095076693         0.9517020986       -13.7758411431
        2.1107779000         1.2500000000         0.7941937081         0.8930089170       -14.1747650885
        2.1157094000         1.2500000000         0.7941937081         0.8445232453       -14.1747650885
        2.1206323000         1.2500000000         0.7992983618         0.7909338187       -14.0417904401
        2.1256312000         1.2500000000         0.8120599961         0.7450000244       -13.7093538189
        2.1307599000         1.2500000000         0.7967460350         0.6837549654       -14.1082777643
        2.1355015000         1.2500000000         0.7967460350         0.6225099064       -14.1082777643
        2.1406002000         1.2500000000         0.8044030155         0.5816798670       -13.9088157916
        2.1456535000         1.2500000000         0.8018506887         0.5229866855       -13.9753031158
        2.1506651000         1.2500000000         0.7916413813         0.4617416265       -14.2412524127
        2.1556183000         1.2500000000         0.7967460350         0.4132559548       -14.1082777643
        2.1607881000         1.2500000000         0.7967460350         0.3571146507       -14.1082777643
        2.1656242000         1.2500000000         0.8044030155         0.3035252240       -13.9088157916
        2.1705990000         1.2500000000         0.7916413813         0.2473839199       -14.2412524127
        2.1755976000         1.2500000000         0.8069553424         0.1963463707       -13.8423284674
        2.1806645000         1.2500000000         0.7941937081         0.1325494343       -14.1747650885
        2.1855014000         1.2500000000         0.7941937081         0.0738562527       -14.1747650885
        2.1906276000         1.2500000000         0.7916413813         0.0202668261       -14.2412524127
        2.1957693000         1.2500000000         0.8044030155         0.0075074388       -13.9088157916
        2.2005991000         1.2500000000         0.7839844007         0.0024036839       -14.4407143854
        2.2056264000         1.2500000000         0.8222693035         1.1124703785       -13.4434045220
        2.2107976000         1.2500000000         0.7865367276         4.9989797486       -14.3742270612
        2.2156769000         1.2500000000         0.8146123230         5.0066353810       -13.6428664947
        2.2206361000         1.2500000000         0.7890890544         4.9989797486       -14.3077397370
        2.2255899000         1.2500000000         0.8171646498         4.9581497092       -13.5763791705
        2.2306125000         1.2500000000         0.7992983618         4.8943527728       -14.0417904401
        2.2386073000         1.2500000000         0.8120599961         4.8203483265       -13.7093538189
        2.2404865000         1.2500000000         0.8018506887         4.7769664097       -13.9753031158
        2.2456039000         1.2500000000         0.7839844007         4.7182732281       -14.4407143854
        2.2505599000         1.2500000000         0.8171646498         4.6672356789       -13.5763791705
        2.2555314000         1.2500000000         0.7788797470         4.6085424974       -14.5736890339
        2.2606299000         1.2500000000         0.8095076693         4.5549530707       -13.7758411431
        2.2656883000         1.2500000000         0.7839844007         4.4962598892       -14.4407143854
        2.2704868000         1.2500000000         0.8120599961         4.4477742174       -13.7093538189
        2.2755237000         1.2500000000         0.7916413813         4.3992885457       -14.2412524127
        2.2805167000         1.2500000000         0.8222693035         4.3482509965       -13.4434045220
        2.2855327000         1.2500000000         0.8018506887         4.2895578150       -13.9753031158
        2.2906574000         1.2500000000         0.8120599961         4.2334165109       -13.7093538189
        2.2954623000         1.2500000000         0.8044030155         4.1849308392       -13.9088157916
        2.3006498000         1.2500000000         0.7992983618         4.1185820252       -14.0417904401
        2.3055500000         1.2500000000         0.8069553424         4.0726482310       -13.8423284674
        2.3105912000         1.2500000000         0.7941937081         4.0190588043       -14.1747650885
        2.3155524000         1.2500000000         0.8324786110         3.9680212551       -13.1774552251
        2.3205090000         1.2500000000         0.8069553424         3.9144318285       -13.8423284674
        2.3255401000         1.2500000000         0.7992983618         3.8582905244       -14.0417904401
        2.3306537000         1.2500000000         0.7941937081         3.8072529752       -14.1747650885
        2.3356216000         1.2500000000         0.8018506887         3.7536635486       -13.9753031158
        2.3405993000         1.2500000000         0.7916413813         3.7000741219       -14.2412524127
        2.3455045000         1.2500000000         0.7941937081         3.6541403277       -14.1747650885
        2.3506008000         1.2500000000         0.8095076693         3.5979990236       -13.7758411431
        2.3555649000         1.2500000000         0.7916413813         3.5444095970       -14.2412524127
        2.3606502000         1.2500000000         0.8095076693         3.4984758027       -13.7758411431
        2.3656191000         1.2500000000         0.7941937081         3.4448863760       -14.1747650885
        2.3705591000         1.2500000000         0.8146123230         3.3887450720       -13.6428664947
        2.3755748000         1.2500000000         0.7941937081         3.3326037679       -14.1747650885
        2.3805323000         1.2500000000         0.7865367276         3.2764624638       -14.3742270612
        2.3855184000         1.2500000000         0.8044030155         3.2177692822       -13.9088157916
        2.3909816000         1.2500000000         0.7941937081         3.1794911203       -14.1747650885
        2.3960492000         1.2500000000         0.8018506887         3.1131423064       -13.9753031158
        2.4005243000         1.2500000000         0.7788797470         3.0621047572       -14.5736890339
        2.4055401000         1.2500000000         0.8069553424         3.0059634531       -13.8423284674
        2.4106552000         1.2500000000         0.7661181127         2.9523740265       -14.9061256550
        2.4156763000         1.2500000000         0.8146123230         2.9064402322       -13.6428664947
        2.4206252000         1.2500000000         0.7839844007         2.8579545605       -14.4407143854
        2.4256639000         1.2500000000         0.8146123230         2.8018132564       -13.6428664947
        2.4306469000         1.2500000000         0.7916413813         2.7482238297       -14.2412524127
        2.4355582000         1.2500000000         0.8044030155         2.6946344031       -13.9088157916
        2.4404374000         1.2500000000         0.8197169767         2.6435968539       -13.5098918462
        2.4454219000         1.2500000000         0.7839844007         2.5900074273       -14.4407143854
        2.4506428000         1.2500000000         0.8222693035         2.5389698781       -13.4434045220
        2.4555806000         1.2500000000         0.7916413813         2.4879323289       -14.2412524127
        2.4607745000         1.2500000000         0.8222693035         2.4317910248       -13.4434045220
        2.4657446000         1.2500000000         0.8018506887         2.3833053531       -13.9753031158
        2.4706189000         1.2500000000         0.8299262841         2.3271640490       -13.2439425493
        2.4755990000         1.2500000000         0.7890890544         2.2761264998       -14.3077397370
        2.4807723000         1.2500000000         0.8095076693         2.2225370732       -13.7758411431
        2.4856958000         1.2500000000         0.8120599961         2.1791551564       -13.7093538189
        2.4905019000         1.2500000000         0.7941937081         2.1153582199       -14.1747650885
        2.4956243000         1.2500000000         0.8171646498         2.0719763031       -13.5763791705
        2.5006489000         1.2500000000         0.7967460350         2.0209387539       -14.1082777643
        2.5056316000         1.2500000000         0.8222693035         1.9647974498       -13.4434045220
        2.5105537000         1.2500000000         0.7992983618         1.9188636556       -14.0417904401
        2.5156386000         1.2500000000         0.8044030155         1.8576185965       -13.9088157916
        2.5206433000         1.2500000000         0.7916413813         1.8116848023       -14.2412524127
        2.5256516000         1.2500000000         0.8146123230         1.7606472531       -13.6428664947
        2.5305675000         1.2500000000         0.8120599961         1.7147134588       -13.7093538189
        2.5355517000         1.2500000000         0.8095076693         1.6560202773       -13.7758411431
        2.5404884000         1.2500000000         0.8120599961         1.5998789732       -13.7093538189
        2.5455871000         1.2500000000         0.7941937081         1.5564970564       -14.1747650885
        2.5504427000         1.2500000000         0.8146123230         1.5029076297       -13.6428664947
        2.5556053000         1.2500000000         0.7941937081         1.4442144482       -14.1747650885
        2.5606365000         1.2500000000         0.8044030155         1.4033844088       -13.9088157916
        2.5657120000         1.2500000000         0.7992983618         1.3523468597       -14.0417904401
        2.5707568000         1.2500000000         0.8120599961         1.2962055556       -13.7093538189
        2.5756111000         1.2500000000         0.8069553424         1.2400642515       -13.8423284674
        2.5806801000         1.2500000000         0.8095076693         1.1966823347       -13.7758411431
        2.5855556000         1.2500000000         0.8044030155         1.1379891531       -13.9088157916
        2.5908252000         1.2500000000         0.7890890544         1.0869516039       -14.3077397370
        2.5956155000         1.2500000000         0.8222693035         1.0410178097       -13.4434045220
        2.6007870000         1.2500000000         0.7916413813         0.9797727506       -14.2412524127
        2.6056646000         1.2500000000         0.8146123230         0.9236314466       -13.6428664947
        2.6108402000         1.2500000000         0.7941937081         0.8674901425       -14.1747650885
        2.6157013000         1.2500000000         0.8069553424         0.8190044707       -13.8423284674
        2.6206351000         1.2500000000         0.8044030155         0.7654150441       -13.9088157916
        2.6257910000         1.2500000000         0.8146123230         0.7169293724       -13.6428664947
        2.6308042000         1.2500000000         0.8095076693         0.6607880683       -13.7758411431
        2.6355518000         1.2500000000         0.8095076693         0.6020948867       -13.7758411431
        2.6406353000         1.2500000000         0.8018506887         0.5536092150       -13.9753031158
        2.6456001000         1.2500000000         0.8146123230         0.5051235433       -13.6428664947
        2.6506301000         1.2500000000         0.8018506887         0.4362228519       -13.9753031158
        2.6556222000         1.2500000000         0.7967460350         0.3826334252       -14.1082777643
        2.6605290000         1.2500000000         0.8018506887         0.3341477535       -13.9753031158
        2.6655576000         1.2500000000         0.7941937081         0.2805583269       -14.1747650885
        2.6705223000         1.2500000000         0.8069553424         0.2218651453       -13.8423284674
        2.6755549000         1.2500000000         0.7941937081         0.1682757187       -14.1747650885
        2.6805561000         1.2500000000         0.8044030155         0.1044787822       -13.9088157916
        2.6855780000         1.2500000000         0.7992983618         0.0610968654       -14.0417904401
        2.6905558000         1.2500000000         0.8197169767         0.0126111937       -13.5098918462
        2.6955564000         1.2500000000         0.7916413813         0.0024036839       -14.2412524127
        2.7006164000         1.2500000000         0.7967460350        -0.0001481936       -14.1082777643
        2.7055888000         1.2500000000         0.8018506887         1.1201260109       -13.9753031158
        2.7105760000         1.2500000000         0.7941937081         5.0066353810       -14.1747650885
        2.7155856000         1.2500000000         0.8146123230         5.0142910133       -13.6428664947
        2.7205158000         1.2500000000         0.7992983618         4.9913241162       -14.0417904401
        2.7255893000         1.2500000000         0.8095076693         4.9300790572       -13.7758411431
        2.7305522000         1.2500000000         0.7916413813         4.8764896306       -14.2412524127
        2.7355715000         1.2500000000         0.8069553424         4.8152445715       -13.8423284674
        2.7405166000         1.2500000000         0.7916413813         4.7616551449       -14.2412524127
        2.7455281000         1.2500000000         0.7992983618         4.7004100859       -14.0417904401
        2.7505742000         1.2500000000         0.8018506887         4.6519244142       -13.9753031158
        2.7554773000         1.2500000000         0.8044030155         4.5932312326       -13.9088157916
        2.7604303000         1.2500000000         0.8146123230         4.5472974383       -13.6428664947
        2.7654120000         1.2500000000         0.7941937081         4.4860523793       -14.1747650885
        2.7704616000         1.2500000000         0.8018506887         4.4324629527       -13.9753031158
        2.7754740000         1.2500000000         0.7916413813         4.3788735260       -14.2412524127
        2.7804058000         1.2500000000         0.7865367276         4.3125247121       -14.3742270612
        2.7855178000         1.2500000000         0.8044030155         4.2716946728       -13.9088157916
        2.7904356000         1.2500000000         0.8120599961         4.2206571236       -13.7093538189
        2.7954195000         1.2500000000         0.7839844007         4.1568601871       -14.4407143854
        2.8004012000         1.2500000000         0.8018506887         4.1058226379       -13.9753031158
        2.8054361000         1.2500000000         0.7916413813         4.0445775789       -14.2412524127
        2.8104303000         1.2500000000         0.7763274201         3.9884362748       -14.6401763581
        2.8154692000         1.2500000000         0.8018506887         3.9399506031       -13.9753031158
        2.8205970000         1.2500000000         0.7839844007         3.8940168088       -14.4407143854
        2.8254986000         1.2500000000         0.8018506887         3.8378755047       -13.9753031158
        2.8305546000         1.2500000000         0.7839844007         3.7791823232       -14.4407143854
        2.8355013000         1.2500000000         0.7967460350         3.7204891416       -14.1082777643
        2.8404931000         1.2500000000         0.7661181127         3.6694515924       -14.9061256550
        2.8454795000         1.2500000000         0.8044030155         3.6235177982       -13.9088157916
        2.8505396000         1.2500000000         0.8095076693         3.5622727392       -13.7758411431
        2.8555048000         1.2500000000         0.7839844007         3.5086833125       -14.4407143854
        2.8606626000         1.2500000000         0.7839844007         3.4550938859       -14.4407143854
        2.8655663000         1.2500000000         0.7941937081         3.4040563367       -14.1747650885
        2.8705538000         1.2500000000         0.8018506887         3.3453631551       -13.9753031158
        2.8756797000         1.2500000000         0.7737750933         3.2892218510       -14.7066636823
        2.8805535000         1.2500000000         0.8095076693         3.2407361793       -13.7758411431
        2.8854712000         1.2500000000         0.7865367276         3.1794911203       -14.3742270612
        2.8906234000         1.2500000000         0.7890890544         3.1284535711       -14.3077397370
        2.8956855000         1.2500000000         0.7865367276         3.0774160220       -14.3742270612
        2.9006103000         1.2500000000         0.8018506887         3.0212747179       -13.9753031158
        2.9056354000         1.2500000000         0.7839844007         2.9778928011       -14.4407143854
        2.9106539000         1.2500000000         0.7992983618         2.9243033744       -14.0417904401
        2.9156227000         1.2500000000         0.8018506887         2.8707139478       -13.9753031158
        2.9204664000         1.2500000000         0.7992983618         2.8196763986       -14.0417904401
        2.9254798000         1.2500000000         0.7814320738         2.7558794621       -14.5072017096
        2.9305985000         1.2500000000         0.8044030155         2.7022900355       -13.9088157916
        2.9357430000         1.2500000000         0.8018506887         2.6512524863       -13.9753031158
        2.9406406000         1.2500000000         0.7839844007         2.5951111822       -14.4407143854
        2.9456272000         1.2500000000         0.8095076693         2.5440736330       -13.7758411431
        2.9506310000         1.2500000000         0.7763274201         2.4904842064       -14.6401763581
        2.9556063000         1.2500000000         0.8069553424         2.4394466572       -13.8423284674
        2.9606192000         1.2500000000         0.7839844007         2.3782015982       -14.4407143854
        2.9657841000         1.2500000000         0.8044030155         2.3246121715       -13.9088157916
        2.9706261000         1.2500000000         0.7839844007         2.2786783773       -14.4407143854
        2.9757558000         1.2500000000         0.8069553424         2.2250889506       -13.8423284674
        2.9806097000         1.2500000000         0.8095076693         2.1791551564       -13.7758411431
        2.9857410000         1.2500000000         0.7941937081         2.1255657297       -14.1747650885
        2.9906243000         1.2500000000         0.7967460350         2.0592169158       -14.1082777643
        2.9957982000         1.2500000000         0.7967460350         2.0132831215       -14.1082777643
        3.0006219000         1.2500000000         0.8120599961         1.9622455724       -13.7093538189
        3.0056397000         1.2500000000         0.7890890544         1.9061042683       -14.3077397370
        3.0105885000         1.2500000000         0.8095076693         1.8499629642       -13.7758411431
        3.0155839000         1.2500000000         0.7992983618         1.8116848023       -14.0417904401
        3.0205582000         1.2500000000         0.8069553424         1.7606472531       -13.8423284674
        3.0256276000         1.2500000000         0.7967460350         1.7096097039       -14.1082777643
        3.0305488000         1.2500000000         0.8095076693         1.6458127674       -13.7758411431
        3.0355574000         1.2500000000         0.8044030155         1.5896714634       -13.9088157916
        3.0405402000         1.2500000000         0.7967460350         1.5488414240       -14.1082777643
        3.0455323000         1.2500000000         0.8171646498         1.4952519974       -13.5763791705
        3.0506180000         1.2500000000         0.7839844007         1.4391106933       -14.4407143854
        3.0555521000         1.2500000000         0.7992983618         1.3804175117       -14.0417904401
        3.0604383000         1.2500000000         0.7763274201         1.3344837175       -14.6401763581
        3.0654697000         1.2500000000         0.8018506887         1.2706867810       -13.9753031158
        3.0704303000         1.2500000000         0.8069553424         1.2298567416       -13.8423284674
        3.0754330000         1.2500000000         0.7941937081         1.1660598052       -14.1747650885
        3.0804401000         1.2500000000         0.7941937081         1.1150222560       -14.1747650885
        3.0854073000         1.2500000000         0.7941937081         1.0665365843       -14.1747650885
        3.0905222000         1.2500000000         0.8069553424         1.0206027900       -13.8423284674
        3.0954249000         1.2500000000         0.7992983618         0.9644614859       -14.0417904401
        3.1007735000         1.2500000000         0.8069553424         0.9083201818       -13.8423284674
        3.1054250000         1.2500000000         0.8222693035         0.8547307552       -13.4434045220
        3.1104950000         1.2500000000         0.7941937081         0.7985894511       -14.1747650885
        3.1154291000         1.2500000000         0.8120599961         0.7475519019       -13.7093538189
        3.1206765000         1.2500000000         0.7941937081         0.6939624752       -14.1747650885
        3.1254589000         1.2500000000         0.8044030155         0.6352692937       -13.9088157916
        3.1304152000         1.2500000000         0.7967460350         0.5867836220       -14.1082777643
        3.1354150000         1.2500000000         0.8044030155         0.5280904404       -13.9088157916
        3.1403950000         1.2500000000         0.8044030155         0.4796047687       -13.9088157916
        3.1455069000         1.2500000000         0.8044030155         0.4183597097       -13.9088157916
        3.1505460000         1.2500000000         0.8069553424         0.3724259154       -13.8423284674
        3.1554724000         1.2500000000         0.7992983618         0.3086289789       -14.0417904401
        3.1604227000         1.2500000000         0.7967460350         0.2550395523       -14.1082777643
        3.1654978000         1.2500000000         0.8018506887         0.1963463707       -13.9753031158
        3.1705551000         1.2500000000         0.7890890544         0.1376531892       -14.3077397370
        3.1754683000         1.2500000000         0.8222693035         0.0866156400       -13.4434045220
        3.1804355000         1.2500000000         0.8044030155         0.0355780908       -13.9088157916
        3.1854227000         1.2500000000         0.8171646498         0.0024036839       -13.5763791705
        3.1904279000         1.2500000000         0.7763274201        -0.0052519485       -14.6401763581
        3.1955332000         1.2500000000         0.8146123230         1.1175741334       -13.6428664947
        3.2004939000         1.2500000000         0.7916413813         4.9964278711       -14.2412524127
        3.2054281000         1.2500000000         0.8018506887         4.9989797486       -13.9753031158
        3.2104339000         1.2500000000         0.8018506887         5.0040835035       -13.9753031158
        3.2154789000         1.2500000000         0.7992983618         4.9555978318       -14.0417904401
        3.2204479000         1.2500000000         0.8095076693         4.9096640375       -13.7758411431
        3.2254772000         1.2500000000         0.8044030155         4.8509708560       -13.9088157916
        3.2304261000         1.2500000000         0.8044030155         4.7922776744       -13.9088157916
        3.2355523000         1.2500000000         0.8044030155         4.7488957576       -13.9088157916
        3.2404549000         1.2500000000         0.8095076693         4.6850988211       -13.7758411431
        3.2454741000         1.2500000000         0.7992983618         4.6264056396       -14.0417904401
        3.2504131000         1.2500000000         0.8426879184         4.5677124580       -12.9115059282
        3.2554258000         1.2500000000         0.7992983618         4.5115711539       -14.0417904401
        3.2604301000         1.2500000000         0.8095076693         4.4656373597       -13.7758411431
        3.2654748000         1.2500000000         0.8146123230         4.4120479330       -13.6428664947
        3.2704548000         1.2500000000         0.7839844007         4.3508028740       -14.4407143854
        3.2755546000         1.2500000000         0.8069553424         4.2997653248       -13.8423284674
        3.2805383000         1.2500000000         0.7941937081         4.2487277756       -14.1747650885
        3.2854438000         1.2500000000         0.8120599961         4.1976902265       -13.7093538189
        3.2904487000         1.2500000000         0.7890890544         4.1364451674       -14.3077397370
        3.2955083000         1.2500000000         0.8095076693         4.0854076183       -13.7758411431
        3.3005293000         1.2500000000         0.7788797470         4.0292663142       -14.5736890339
        3.3054588000         1.2500000000         0.7967460350         3.9756768875       -14.1082777643
        3.3104979000         1.2500000000         0.7941937081         3.9271912158       -14.1747650885
        3.3154780000         1.2500000000         0.7967460350         3.8761536666       -14.1082777643
        3.3205712000         1.2500000000         0.8146123230         3.8327717498       -13.6428664947
        3.3254727000         1.2500000000         0.8044030155         3.7766304457       -13.9088157916
        3.3306497000         1.2500000000         0.8146123230         3.7255928965       -13.6428664947
        3.3356387000         1.2500000000         0.7686704396         3.6592440826       -14.8396383308
        3.3405485000         1.2500000000         0.8146123230         3.6107584109       -13.6428664947
        3.3454775000         1.2500000000         0.7865367276         3.5520652293       -14.3742270612
        3.3505796000         1.2500000000         0.7941937081         3.5061314351       -14.1747650885
        3.3554770000         1.2500000000         0.7941937081         3.4525420084       -14.1747650885
        3.3605875000         1.2500000000         0.8044030155         3.3938488269       -13.9088157916
        3.3655850000         1.2500000000         0.7916413813         3.3428112777       -14.2412524127
        3.3705603000         1.2500000000         0.7941937081         3.2892218510       -14.1747650885
        3.3754549000         1.2500000000         0.8095076693         3.2305286695       -13.7758411431
        3.3804913000         1.2500000000         0.7839844007         3.1896986301       -14.4407143854
        3.3854739000         1.2500000000         0.8222693035         3.1361092035       -13.4434045220
        3.3904694000         1.2500000000         0.7737750933         3.0748641445       -14.7066636823
        3.3954178000         1.2500000000         0.8120599961         3.0238265953       -13.7093538189
        3.4004333000         1.2500000000         0.7839844007         2.9651334138       -14.4407143854
        3.4054299000         1.2500000000         0.8044030155         2.9191996195       -13.9088157916
        3.4104653000         1.2500000000         0.7967460350         2.8707139478       -14.1082777643
        3.4154467000         1.2500000000         0.8069553424         2.8222282761       -13.8423284674
        3.4205004000         1.2500000000         0.7992983618         2.7609832170       -14.0417904401
        3.4256611000         1.2500000000         0.7814320738         2.7048419129       -14.5072017096
        3.4305845000         1.2500000000         0.8197169767         2.6589081187       -13.5098918462
        3.4355511000         1.2500000000         0.7941937081         2.6053186920       -14.1747650885
        3.4406183000         1.2500000000         0.8069553424         2.5517292654       -13.8423284674
        3.4456387000         1.2500000000         0.7763274201         2.4955879613       -14.6401763581
        3.4505358000         1.2500000000         0.8171646498         2.4496541670       -13.5763791705
        3.4555220000         1.2500000000         0.7916413813         2.3858572306       -14.2412524127
        3.4605565000         1.2500000000         0.8069553424         2.3424753138       -13.8423284674
        3.4655588000         1.2500000000         0.7992983618         2.2914377646       -14.0417904401
        3.4705416000         1.2500000000         0.8146123230         2.2404002154       -13.6428664947
        3.4755784000         1.2500000000         0.8120599961         2.1791551564       -13.7093538189
        3.4806992000         1.2500000000         0.7839844007         2.1230138523       -14.4407143854
        3.4857593000         1.2500000000         0.8146123230         2.0770800580       -13.6428664947
        3.4906892000         1.2500000000         0.7865367276         2.0234906314       -14.3742270612
        3.4958128000         1.2500000000         0.8171646498         1.9750049597       -13.5763791705
        3.5005974000         1.2500000000         0.7839844007         1.9163117781       -14.4407143854
        3.5055457000         1.2500000000         0.8171646498         1.8754817388       -13.5763791705
        3.5104933000         1.2500000000         0.7890890544         1.8142366797       -14.3077397370
        3.5156046000         1.2500000000         0.7992983618         1.7631991306       -14.0417904401
        3.5207674000         1.2500000000         0.7992983618         1.7172653363       -14.0417904401
        3.5256253000         1.2500000000         0.7916413813         1.6560202773       -14.2412524127
        3.5306017000         1.2500000000         0.8069553424         1.6049827281       -13.8423284674
        3.5355661000         1.2500000000         0.7788797470         1.5488414240       -14.5736890339
        3.5405146000         1.2500000000         0.8069553424         1.4901482425       -13.8423284674
        3.5455471000         1.2500000000         0.8018506887         1.4442144482       -13.9753031158
        3.5505525000         1.2500000000         0.8044030155         1.3931768990       -13.9088157916
        3.5556112000         1.2500000000         0.7967460350         1.3446912273       -14.1082777643
        3.5605690000         1.2500000000         0.7992983618         1.2885499232       -14.0417904401
        3.5655140000         1.2500000000         0.7967460350         1.2324086191       -14.1082777643
        3.5705557000         1.2500000000         0.7967460350         1.1864748248       -14.1082777643
        3.5756432000         1.2500000000         0.8171646498         1.1354372756       -13.5763791705
        3.5806250000         1.2500000000         0.8018506887         1.0767440941       -13.9753031158
        3.5856496000         1.2500000000         0.7967460350         1.0231546675       -14.1082777643
        3.5905814000         1.2500000000         0.7967460350         0.9695652408       -14.1082777643
        3.5956419000         1.2500000000         0.7992983618         0.9210795691       -14.0417904401
        3.6007861000         1.2500000000         0.7992983618         0.8700420199       -14.0417904401
        3.6056176000         1.2500000000         0.7992983618         0.8113488384       -14.0417904401
        3.6106475000         1.2500000000         0.8120599961         0.7475519019       -13.7093538189
        3.6155474000         1.2500000000         0.7865367276         0.6939624752       -14.3742270612
        3.6206300000         1.2500000000         0.7890890544         0.6378211711       -14.3077397370
        3.6256427000         1.2500000000         0.7967460350         0.5867836220       -14.1082777643
        3.6306405000         1.2500000000         0.7941937081         0.5357460728       -14.1747650885
        3.6358093000         1.2500000000         0.8018506887         0.4796047687       -13.9753031158
        3.6406501000         1.2500000000         0.7839844007         0.4183597097       -14.4407143854
        3.6456926000         1.2500000000         0.7890890544         0.3622184056       -14.3077397370
        3.6506788000         1.2500000000         0.7839844007         0.3060771015       -14.4407143854
        3.6556302000         1.2500000000         0.7967460350         0.2499357974       -14.1082777643
        3.6606512000         1.2500000000         0.7916413813         0.2091057580       -14.2412524127
        3.6657786000         1.2500000000         0.7992983618         0.1427569441       -14.0417904401
        3.6706324000         1.2500000000         0.7890890544         0.0840637625       -14.3077397370
        3.6756113000         1.2500000000         0.7865367276         0.0253705810       -14.3742270612
        3.6805745000         1.2500000000         0.8120599961         0.0049555613       -13.7093538189
        3.6855930000         1.2500000000         0.7890890544        -0.0052519485       -14.3077397370
        3.6906112000         1.2500000000         0.8324786110         1.1048147461       -13.1774552251
        3.6956241000         1.2500000000         0.7941937081         5.0091872584       -14.1747650885
        3.7007633000         1.2500000000         0.8044030155         5.0066353810       -13.9088157916
        3.7055834000         1.2500000000         0.7839844007         4.9989797486       -14.4407143854
        3.7105984000         1.2500000000         0.7992983618         4.9607015867       -14.0417904401
        3.7157816000         1.2500000000         0.8044030155         4.9020084051       -13.9088157916
        3.7207724000         1.2500000000         0.7941937081         4.8433152236       -14.1747650885
        3.7255314000         1.2500000000         0.8044030155         4.7973814293       -13.9088157916
        3.7306258000         1.2500000000         0.7916413813         4.7310326154       -14.2412524127
        3.7355325000         1.2500000000         0.8044030155         4.6748913113       -13.9088157916
        3.7406576000         1.2500000000         0.7814320738         4.6213018847       -14.5072017096
        3.7455681000         1.2500000000         0.8018506887         4.5575049482       -13.9753031158
        3.7506447000         1.2500000000         0.7890890544         4.5013636441       -14.3077397370
        3.7554470000         1.2500000000         0.8018506887         4.4503260949       -13.9753031158
        3.7605997000         1.2500000000         0.7992983618         4.4043923006       -14.0417904401
        3.7654294000         1.2500000000         0.8069553424         4.3508028740       -13.8423284674
        3.7705557000         1.2500000000         0.7916413813         4.2819021826       -14.2412524127
        3.7757141000         1.2500000000         0.7839844007         4.2308646334       -14.4407143854
        3.7805039000         1.2500000000         0.8069553424         4.1823789617       -13.8423284674
        3.7854720000         1.2500000000         0.7941937081         4.1287895351       -14.1747650885
        3.7904949000         1.2500000000         0.8069553424         4.0700963535       -13.8423284674
        3.7956057000         1.2500000000         0.7737750933         4.0139550494       -14.7066636823
        3.8006666000         1.2500000000         0.8120599961         3.9705731326       -13.7093538189
        3.8056738000         1.2500000000         0.7839844007         3.9169837060       -14.4407143854
        3.8106125000         1.2500000000         0.8044030155         3.8659461568       -13.9088157916
        3.8155522000         1.2500000000         0.7814320738         3.7995973429       -14.5072017096
        3.8206118000         1.2500000000         0.7941937081         3.7536635486       -14.1747650885
        3.8257549000         1.2500000000         0.7916413813         3.6949703670       -14.2412524127
        3.8306290000         1.2500000000         0.7839844007         3.6464846953       -14.4407143854
        3.8357337000         1.2500000000         0.8069553424         3.5877915138       -13.8423284674
        3.8404798000         1.2500000000         0.7788797470         3.5342020871       -14.5736890339
        3.8454609000         1.2500000000         0.8018506887         3.4806126605       -13.9753031158
        3.8505539000         1.2500000000         0.7559088053         3.4142638465       -15.1720749519
        3.8555826000         1.2500000000         0.8044030155         3.3734338072       -13.9088157916
        3.8605473000         1.2500000000         0.7890890544         3.3198443806       -14.3077397370
        3.8656378000         1.2500000000         0.8095076693         3.2688068314       -13.7758411431
        3.8705778000         1.2500000000         0.7941937081         3.2075617724       -14.1747650885
        3.8755554000         1.2500000000         0.7941937081         3.1539723457       -14.1747650885
        3.8806442000         1.2500000000         0.7839844007         3.0927272867       -14.4407143854
        3.8856365000         1.2500000000         0.7890890544         3.0467934924       -14.3077397370
        3.8906393000         1.2500000000         0.7992983618         2.9957559433       -14.0417904401
        3.8956550000         1.2500000000         0.7941937081         2.9472702715       -14.1747650885
        3.9006463000         1.2500000000         0.8018506887         2.8809214576       -13.9753031158
        3.9055722000         1.2500000000         0.7788797470         2.8273320310       -14.5736890339
        3.9107658000         1.2500000000         0.8044030155         2.7839501142       -13.9088157916
        3.9155648000         1.2500000000         0.7763274201         2.7252569326       -14.6401763581
        3.9204534000         1.2500000000         0.8095076693         2.6742193834       -13.7758411431
        3.9255935000         1.2500000000         0.7941937081         2.6282855892       -14.1747650885
        3.9308191000         1.2500000000         0.7941937081         2.5746961625       -14.1747650885
        3.9355886000         1.2500000000         0.7941937081         2.5083473486       -14.1747650885
        3.9406147000         1.2500000000         0.8120599961         2.4624135543       -13.7093538189
        3.9456860000         1.2500000000         0.8120599961         2.4164797601       -13.7093538189
        3.9505755000         1.2500000000         0.8044030155         2.3654422109       -13.9088157916
        3.9555222000         1.2500000000         0.8044030155         2.3041971519       -13.9088157916
        3.9604451000         1.2500000000         0.7788797470         2.2506077252       -14.5736890339
        3.9655068000         1.2500000000         0.8069553424         2.1944664211       -13.8423284674
        3.9706135000         1.2500000000         0.7839844007         2.1408769945       -14.4407143854
        3.9755771000         1.2500000000         0.8095076693         2.0898394453       -13.7758411431
        3.9804355000         1.2500000000         0.7763274201         2.0311462638       -14.6401763581
        3.9855704000         1.2500000000         0.7941937081         1.9826605920       -14.1747650885
        3.9904374000         1.2500000000         0.7916413813         1.9341749203       -14.2412524127
        3.9955496000         1.2500000000         0.7992983618         1.8805854937       -14.0417904401
        4.0005381000         1.2500000000         0.8018506887         1.8295479445       -13.9753031158
