% Sweep Step 59/200  Vcmd=2.8000V  CW 
% Vg_offset=1.338337V  K_gimbal=26.049690

Time[s]              Vcmd[V]              Vg_raw[V]            Pot[V]             Omega[rad/s]
        0.0022052000         2.8000000000         1.3429439823         3.0544491248         0.1200096202
        0.0055498000         2.8000000000         1.3301823480         3.0493453699        -0.2124270009
        0.0106410000         2.8000000000         1.3301823480         3.0467934924        -0.2124270009
        0.0155794000         2.8000000000         1.3225253674         3.0467934924        -0.4118889736
        0.0204865000         2.8000000000         1.3403916554         3.0518972474         0.0535222960
        0.0255638000         2.8000000000         1.3378393285         3.0518972474        -0.0129650282
        0.0306886000         2.8000000000         1.3454963091         3.0570010023         0.1864969445
        0.0356848000         2.8000000000         1.3352870017         3.0467934924        -0.0794523525
        0.0406031000         2.8000000000         1.3557056165         3.0544491248         0.4524462414
        0.0455915000         2.8000000000         1.4041998268         3.0544491248         1.7157054017
        0.0505909000         2.8000000000         1.3710195777         3.0570010023         0.8513701867
        0.0556702000         2.8000000000         1.3914381925         3.0672085121         1.3832687805
        0.0606075000         2.8000000000         1.4118568074         3.0748641445         1.9151673743
        0.0655840000         2.8000000000         1.3914381925         3.0850716543         1.3832687805
        0.0705058000         2.8000000000         1.3939905194         3.0901754092         1.4497561048
        0.0756903000         2.8000000000         1.3939905194         3.0876235318         1.4497561048
        0.0807350000         2.8000000000         1.3863335388         3.0927272867         1.2502941321
        0.0856094000         2.8000000000         1.3939905194         3.0978310416         1.4497561048
        0.0906955000         2.8000000000         1.4041998268         3.1105904289         1.7157054017
        0.0955953000         2.8000000000         1.3888858657         3.1080385515         1.3167814563
        0.1007128000         2.8000000000         1.3990951731         3.1233498162         1.5827307532
        0.1057449000         2.8000000000         1.3863335388         3.1156941838         1.2502941321
        0.1107340000         2.8000000000         1.3888858657         3.1284535711         1.3167814563
        0.1155835000         2.8000000000         1.3837812120         3.1284535711         1.1838068079
        0.1206577000         2.8000000000         1.4016475000         3.1437648359         1.6492180774
        0.1255793000         2.8000000000         1.3914381925         3.1437648359         1.3832687805
        0.1306015000         2.8000000000         1.3837812120         3.1412129584         1.1838068079
        0.1355327000         2.8000000000         1.3888858657         3.1463167133         1.3167814563
        0.1405400000         2.8000000000         1.3863335388         3.1565242232         1.2502941321
        0.1455411000         2.8000000000         1.3837812120         3.1539723457         1.1838068079
        0.1506950000         2.8000000000         1.3863335388         3.1692836105         1.2502941321
        0.1556970000         2.8000000000         1.3837812120         3.1718354879         1.1838068079
        0.1606500000         2.8000000000         1.3888858657         3.1820429978         1.3167814563
        0.1656388000         2.8000000000         1.3863335388         3.1871467527         1.2502941321
        0.1710490000         2.8000000000         1.3863335388         3.1845948752         1.2502941321
        0.1756998000         2.8000000000         1.3710195777         3.1871467527         0.8513701867
        0.1806919000         2.8000000000         1.3888858657         3.1999061400         1.3167814563
        0.1856689000         2.8000000000         1.3812288851         3.1999061400         1.1173194836
        0.1906537000         2.8000000000         1.3914381925         3.2101136498         1.3832687805
        0.1956100000         2.8000000000         1.3837812120         3.2101136498         1.1838068079
        0.2005851000         2.8000000000         1.3837812120         3.2152174047         1.1838068079
        0.2055426000         2.8000000000         1.3888858657         3.2126655273         1.3167814563
        0.2106036000         2.8000000000         1.3939905194         3.2254249146         1.4497561048
        0.2156190000         2.8000000000         1.4067521537         3.2305286695         1.7821927259
        0.2204868000         2.8000000000         1.3837812120         3.2279767920         1.1838068079
        0.2256945000         2.8000000000         1.3888858657         3.2407361793         1.3167814563
        0.2305488000         2.8000000000         1.3812288851         3.2381843019         1.1173194836
        0.2355725000         2.8000000000         1.3965428462         3.2483918117         1.5162434290
        0.2406836000         2.8000000000         1.3863335388         3.2611511990         1.2502941321
        0.2455684000         2.8000000000         1.3863335388         3.2611511990         1.2502941321
        0.2505751000         2.8000000000         1.3812288851         3.2662549539         1.1173194836
        0.2555621000         2.8000000000         1.3812288851         3.2637030765         1.1173194836
        0.2605704000         2.8000000000         1.3761242314         3.2662549539         0.9843448352
        0.2655959000         2.8000000000         1.3812288851         3.2713587088         1.1173194836
        0.2706809000         2.8000000000         1.3812288851         3.2764624638         1.1173194836
        0.2756914000         2.8000000000         1.3863335388         3.2892218510         1.2502941321
        0.2805735000         2.8000000000         1.3863335388         3.3019812383         1.2502941321
        0.2855449000         2.8000000000         1.3786765582         3.2917737285         1.0508321594
        0.2905786000         2.8000000000         1.3786765582         3.2994293609         1.0508321594
        0.2955959000         2.8000000000         1.3863335388         3.3070849933         1.2502941321
        0.3005901000         2.8000000000         1.3837812120         3.3121887482         1.1838068079
        0.3055571000         2.8000000000         1.3812288851         3.3147406256         1.1173194836
        0.3105947000         2.8000000000         1.3837812120         3.3172925031         1.1838068079
        0.3155789000         2.8000000000         1.3939905194         3.3249481355         1.4497561048
        0.3205767000         2.8000000000         1.3914381925         3.3351556453         1.3832687805
        0.3255272000         2.8000000000         1.3837812120         3.3428112777         1.1838068079
        0.3305945000         2.8000000000         1.3863335388         3.3377075228         1.2502941321
        0.3355181000         2.8000000000         1.3863335388         3.3479150326         1.2502941321
        0.3405653000         2.8000000000         1.3863335388         3.3479150326         1.2502941321
        0.3456050000         2.8000000000         1.3888858657         3.3606744199         1.3167814563
        0.3505300000         2.8000000000         1.3863335388         3.3581225424         1.2502941321
        0.3555678000         2.8000000000         1.3837812120         3.3555706650         1.1838068079
        0.3605930000         2.8000000000         1.3812288851         3.3632262974         1.1173194836
        0.3656816000         2.8000000000         1.3914381925         3.3785375621         1.3832687805
        0.3706095000         2.8000000000         1.3837812120         3.3708819297         1.1838068079
        0.3755537000         2.8000000000         1.3837812120         3.3759856847         1.1838068079
        0.3806058000         2.8000000000         1.3914381925         3.3861931945         1.3832687805
        0.3854633000         2.8000000000         1.3888858657         3.3912969494         1.3167814563
        0.3905072000         2.8000000000         1.3939905194         3.4040563367         1.4497561048
        0.3955101000         2.8000000000         1.3888858657         3.4040563367         1.3167814563
        0.4006025000         2.8000000000         1.3888858657         3.4066082142         1.3167814563
        0.4055773000         2.8000000000         1.3863335388         3.4117119691         1.2502941321
        0.4104757000         2.8000000000         1.3914381925         3.4244713564         1.3832687805
        0.4157634000         2.8000000000         1.3812288851         3.4168157240         1.1173194836
        0.4204643000         2.8000000000         1.3939905194         3.4321269888         1.4497561048
        0.4254642000         2.8000000000         1.3888858657         3.4295751113         1.3167814563
        0.4305532000         2.8000000000         1.3837812120         3.4321269888         1.1838068079
        0.4355223000         2.8000000000         1.3863335388         3.4397826211         1.2502941321
        0.4405213000         2.8000000000         1.3863335388         3.4499901310         1.2502941321
        0.4455549000         2.8000000000         1.3939905194         3.4601976408         1.4497561048
        0.4504832000         2.8000000000         1.3939905194         3.4653013957         1.4497561048
        0.4554902000         2.8000000000         1.3939905194         3.4678532732         1.4497561048
        0.4605270000         2.8000000000         1.3939905194         3.4729570281         1.4497561048
        0.4655707000         2.8000000000         1.3990951731         3.4780607830         1.5827307532
        0.4705472000         2.8000000000         1.3812288851         3.4755089056         1.1173194836
        0.4754888000         2.8000000000         1.3710195777         3.4755089056         0.8513701867
        0.4805101000         2.8000000000         1.3735719045         3.4806126605         0.9178575109
        0.4854968000         2.8000000000         1.3863335388         3.4959239252         1.2502941321
        0.4904993000         2.8000000000         1.3939905194         3.4933720478         1.4497561048
        0.4955298000         2.8000000000         1.3863335388         3.4984758027         1.2502941321
        0.5005499000         2.8000000000         1.3888858657         3.5086833125         1.3167814563
        0.5055074000         2.8000000000         1.3812288851         3.5010276801         1.1173194836
        0.5105985000         2.8000000000         1.3914381925         3.5112351900         1.3832687805
        0.5156837000         2.8000000000         1.3863335388         3.5188908224         1.2502941321
        0.5208897000         2.8000000000         1.3863335388         3.5214426998         1.2502941321
        0.5255179000         2.8000000000         1.3888858657         3.5265464547         1.3167814563
        0.5306213000         2.8000000000         1.3837812120         3.5342020871         1.1838068079
        0.5355244000         2.8000000000         1.3761242314         3.5316502097         0.9843448352
        0.5405677000         2.8000000000         1.3761242314         3.5316502097         0.9843448352
        0.5455621000         2.8000000000         1.3786765582         3.5418577195         1.0508321594
        0.5505012000         2.8000000000         1.3812288851         3.5495133519         1.1173194836
        0.5555847000         2.8000000000         1.3837812120         3.5597208617         1.1838068079
        0.5605640000         2.8000000000         1.3965428462         3.5571689842         1.5162434290
        0.5654902000         2.8000000000         1.3761242314         3.5622727392         0.9843448352
        0.5705379000         2.8000000000         1.3812288851         3.5699283715         1.1173194836
        0.5755463000         2.8000000000         1.3761242314         3.5673764941         0.9843448352
        0.5805699000         2.8000000000         1.3786765582         3.5750321265         1.0508321594
        0.5855058000         2.8000000000         1.3761242314         3.5699283715         0.9843448352
        0.5904348000         2.8000000000         1.3863335388         3.5801358814         1.2502941321
        0.5954654000         2.8000000000         1.3888858657         3.5928952687         1.3167814563
        0.6005780000         2.8000000000         1.3888858657         3.5979990236         1.3167814563
        0.6055521000         2.8000000000         1.3888858657         3.6031027785         1.3167814563
        0.6105898000         2.8000000000         1.3888858657         3.6082065334         1.3167814563
        0.6156073000         2.8000000000         1.3812288851         3.6031027785         1.1173194836
        0.6206323000         2.8000000000         1.3812288851         3.6082065334         1.1173194836
        0.6256148000         2.8000000000         1.3812288851         3.6107584109         1.1173194836
        0.6306662000         2.8000000000         1.3761242314         3.6184140433         0.9843448352
        0.6355369000         2.8000000000         1.3812288851         3.6158621658         1.1173194836
        0.6405945000         2.8000000000         1.3710195777         3.6209659207         0.8513701867
        0.6455520000         2.8000000000         1.3786765582         3.6286215531         1.0508321594
        0.6505885000         2.8000000000         1.3786765582         3.6337253080         1.0508321594
        0.6555427000         2.8000000000         1.3786765582         3.6388290629         1.0508321594
        0.6606365000         2.8000000000         1.3888858657         3.6464846953         1.3167814563
        0.6655548000         2.8000000000         1.3735719045         3.6388290629         0.9178575109
        0.6706097000         2.8000000000         1.3888858657         3.6566922051         1.3167814563
        0.6756603000         2.8000000000         1.3863335388         3.6541403277         1.2502941321
        0.6806083000         2.8000000000         1.3863335388         3.6592440826         1.2502941321
        0.6856407000         2.8000000000         1.3863335388         3.6694515924         1.2502941321
        0.6906490000         2.8000000000         1.3863335388         3.6694515924         1.2502941321
        0.6956522000         2.8000000000         1.3863335388         3.6720034699         1.2502941321
        0.7007441000         2.8000000000         1.3863335388         3.6822109797         1.2502941321
        0.7055099000         2.8000000000         1.3761242314         3.6771072248         0.9843448352
        0.7104973000         2.8000000000         1.3888858657         3.6898666121         1.3167814563
        0.7154756000         2.8000000000         1.3863335388         3.7000741219         1.2502941321
        0.7206685000         2.8000000000         1.3837812120         3.7026259994         1.1838068079
        0.7255562000         2.8000000000         1.3812288851         3.7000741219         1.1173194836
        0.7305834000         2.8000000000         1.3735719045         3.7026259994         0.9178575109
        0.7355769000         2.8000000000         1.3837812120         3.7102816318         1.1838068079
        0.7406376000         2.8000000000         1.3786765582         3.7153853867         1.0508321594
        0.7455538000         2.8000000000         1.3735719045         3.7128335092         0.9178575109
        0.7506158000         2.8000000000         1.3863335388         3.7230410191         1.2502941321
        0.7557129000         2.8000000000         1.3888858657         3.7358004064         1.3167814563
        0.7606147000         2.8000000000         1.3965428462         3.7409041613         1.5162434290
        0.7655831000         2.8000000000         1.3888858657         3.7460079162         1.3167814563
        0.7706771000         2.8000000000         1.3863335388         3.7434560388         1.2502941321
        0.7756592000         2.8000000000         1.3812288851         3.7409041613         1.1173194836
        0.7806541000         2.8000000000         1.3786765582         3.7485597937         1.0508321594
        0.7856867000         2.8000000000         1.3888858657         3.7587673035         1.3167814563
        0.7906730000         2.8000000000         1.4169614611         3.7664229359         2.0481420228
        0.7955248000         2.8000000000         1.3812288851         3.7638710584         1.1173194836
        0.8007047000         2.8000000000         1.3863335388         3.7740785683         1.2502941321
        0.8056663000         2.8000000000         1.3786765582         3.7766304457         1.0508321594
        0.8106371000         2.8000000000         1.3812288851         3.7791823232         1.1173194836
        0.8155392000         2.8000000000         1.3786765582         3.7791823232         1.0508321594
        0.8205913000         2.8000000000         1.3812288851         3.7893898330         1.1173194836
        0.8255819000         2.8000000000         1.3888858657         3.7919417105         1.3167814563
        0.8306576000         2.8000000000         1.3761242314         3.7919417105         0.9843448352
        0.8356472000         2.8000000000         1.3863335388         3.8021492203         1.2502941321
        0.8406108000         2.8000000000         1.3888858657         3.8072529752         1.3167814563
        0.8457672000         2.8000000000         1.3837812120         3.8123567301         1.1838068079
        0.8506380000         2.8000000000         1.3863335388         3.8174604851         1.2502941321
        0.8559216000         2.8000000000         1.3863335388         3.8149086076         1.2502941321
        0.8606734000         2.8000000000         1.3990951731         3.8276679949         1.5827307532
        0.8659468000         2.8000000000         1.3914381925         3.8378755047         1.3832687805
        0.8706517000         2.8000000000         1.3761242314         3.8327717498         0.9843448352
        0.8757792000         2.8000000000         1.3863335388         3.8404273822         1.2502941321
        0.8806550000         2.8000000000         1.3735719045         3.8429792597         0.9178575109
        0.8857734000         2.8000000000         1.3812288851         3.8506348920         1.1173194836
        0.8906455000         2.8000000000         1.3812288851         3.8506348920         1.1173194836
        0.8955325000         2.8000000000         1.3863335388         3.8582905244         1.2502941321
        0.9006119000         2.8000000000         1.3888858657         3.8710499117         1.3167814563
        0.9056191000         2.8000000000         1.3863335388         3.8608424019         1.2502941321
        0.9105512000         2.8000000000         1.3812288851         3.8787055441         1.1173194836
        0.9155400000         2.8000000000         1.3914381925         3.8761536666         1.3832687805
        0.9206067000         2.8000000000         1.3786765582         3.8787055441         1.0508321594
        0.9255338000         2.8000000000         1.3888858657         3.8863611765         1.3167814563
        0.9305390000         2.8000000000         1.3812288851         3.8914649314         1.1173194836
        0.9355406000         2.8000000000         1.3914381925         3.8991205638         1.3832687805
        0.9405652000         2.8000000000         1.3888858657         3.9042243187         1.3167814563
        0.9455730000         2.8000000000         1.3888858657         3.9042243187         1.3167814563
        0.9506177000         2.8000000000         1.3888858657         3.9144318285         1.3167814563
        0.9555409000         2.8000000000         1.3786765582         3.9067761961         1.0508321594
        0.9604285000         2.8000000000         1.3812288851         3.9144318285         1.1173194836
        0.9654538000         2.8000000000         1.3812288851         3.9322949707         1.1173194836
        0.9704284000         2.8000000000         1.3863335388         3.9297430933         1.2502941321
        0.9754698000         2.8000000000         1.3837812120         3.9322949707         1.1838068079
        0.9804267000         2.8000000000         1.3735719045         3.9373987256         0.9178575109
        0.9854652000         2.8000000000         1.3888858657         3.9450543580         1.3167814563
        0.9904659000         2.8000000000         1.3888858657         3.9476062355         1.3167814563
        0.9954136000         2.8000000000         1.3863335388         3.9527099904         1.2502941321
        1.0004250000         2.8000000000         1.3837812120         3.9552618679         1.1838068079
        1.0054716000         2.8000000000         1.3888858657         3.9629175002         1.3167814563
        1.0105126000         2.8000000000         1.3914381925         3.9680212551         1.3832687805
        1.0154192000         2.8000000000         1.4016475000         3.9833325199         1.6492180774
        1.0204269000         2.8000000000         1.3965428462         3.9858843974         1.5162434290
        1.0254604000         2.8000000000         1.3965428462         3.9935400297         1.5162434290
        1.0305341000         2.8000000000         1.3812288851         3.9858843974         1.1173194836
        1.0354664000         2.8000000000         1.3888858657         3.9986437847         1.3167814563
        1.0404364000         2.8000000000         1.3914381925         4.0088512945         1.3832687805
        1.0454298000         2.8000000000         1.3939905194         4.0165069269         1.4497561048
        1.0504257000         2.8000000000         1.3888858657         4.0165069269         1.3167814563
        1.0554682000         2.8000000000         1.3863335388         4.0139550494         1.2502941321
        1.0604746000         2.8000000000         1.3863335388         4.0190588043         1.2502941321
        1.0654221000         2.8000000000         1.3914381925         4.0267144367         1.3832687805
        1.0704665000         2.8000000000         1.3863335388         4.0343700691         1.2502941321
        1.0754807000         2.8000000000         1.3939905194         4.0394738240         1.4497561048
        1.0807511000         2.8000000000         1.3939905194         4.0471294564         1.4497561048
        1.0855122000         2.8000000000         1.3888858657         4.0522332113         1.3167814563
        1.0905688000         2.8000000000         1.3863335388         4.0547850888         1.2502941321
        1.0954990000         2.8000000000         1.3812288851         4.0547850888         1.1173194836
        1.1004577000         2.8000000000         1.3888858657         4.0649925986         1.3167814563
        1.1055077000         2.8000000000         1.3888858657         4.0573369662         1.3167814563
        1.1105188000         2.8000000000         1.3837812120         4.0649925986         1.1838068079
        1.1155091000         2.8000000000         1.3735719045         4.0675444760         0.9178575109
        1.1204904000         2.8000000000         1.3812288851         4.0777519859         1.1173194836
        1.1254803000         2.8000000000         1.3837812120         4.0828557408         1.1838068079
        1.1304903000         2.8000000000         1.3863335388         4.0854076183         1.2502941321
        1.1355214000         2.8000000000         1.3659149240         4.0854076183         0.7183955383
        1.1404418000         2.8000000000         1.3812288851         4.0930632506         1.1173194836
        1.1455119000         2.8000000000         1.3888858657         4.0981670056         1.3167814563
        1.1505382000         2.8000000000         1.3965428462         4.1083745154         1.5162434290
        1.1554725000         2.8000000000         1.3914381925         4.1160301478         1.3832687805
        1.1604633000         2.8000000000         1.3939905194         4.1109263928         1.4497561048
        1.1655631000         2.8000000000         1.3914381925         4.1236857801         1.3832687805
        1.1705714000         2.8000000000         1.3990951731         4.1287895351         1.5827307532
        1.1755987000         2.8000000000         1.3965428462         4.1364451674         1.5162434290
        1.1806355000         2.8000000000         1.3786765582         4.1338932900         1.0508321594
        1.1855471000         2.8000000000         1.3863335388         4.1415489224         1.2502941321
        1.1905890000         2.8000000000         1.3863335388         4.1466526773         1.2502941321
        1.1954792000         2.8000000000         1.3965428462         4.1568601871         1.5162434290
        1.2005726000         2.8000000000         1.3863335388         4.1543083097         1.2502941321
        1.2056132000         2.8000000000         1.3863335388         4.1594120646         1.2502941321
        1.2105943000         2.8000000000         1.3837812120         4.1619639420         1.1838068079
        1.2156578000         2.8000000000         1.3914381925         4.1696195744         1.3832687805
        1.2206353000         2.8000000000         1.3914381925         4.1772752068         1.3832687805
        1.2255691000         2.8000000000         1.3914381925         4.1823789617         1.3832687805
        1.2305559000         2.8000000000         1.3965428462         4.1900345941         1.5162434290
        1.2355297000         2.8000000000         1.3863335388         4.1900345941         1.2502941321
        1.2405387000         2.8000000000         1.3939905194         4.1976902265         1.4497561048
        1.2455451000         2.8000000000         1.3837812120         4.2002421039         1.1838068079
        1.2505766000         2.8000000000         1.3863335388         4.2053458588         1.2502941321
        1.2556577000         2.8000000000         1.3863335388         4.2181052461         1.2502941321
        1.2606626000         2.8000000000         1.3914381925         4.2206571236         1.3832687805
        1.2656345000         2.8000000000         1.3786765582         4.2206571236         1.0508321594
        1.2706255000         2.8000000000         1.3837812120         4.2257608785         1.1838068079
        1.2754967000         2.8000000000         1.3837812120         4.2283127560         1.1838068079
        1.2806142000         2.8000000000         1.3812288851         4.2283127560         1.1173194836
        1.2854854000         2.8000000000         1.3812288851         4.2385202658         1.1173194836
        1.2906397000         2.8000000000         1.3812288851         4.2410721433         1.1173194836
        1.2956316000         2.8000000000         1.3837812120         4.2436240207         1.1838068079
        1.3006396000         2.8000000000         1.3863335388         4.2563834080         1.2502941321
        1.3055532000         2.8000000000         1.3888858657         4.2589352855         1.3167814563
        1.3105909000         2.8000000000         1.3965428462         4.2691427953         1.5162434290
        1.3155394000         2.8000000000         1.3659149240         4.2614871629         0.7183955383
        1.3205852000         2.8000000000         1.3863335388         4.2716946728         1.2502941321
        1.3256225000         2.8000000000         1.3939905194         4.2844540601         1.4497561048
        1.3306203000         2.8000000000         1.3863335388         4.2895578150         1.2502941321
        1.3357089000         2.8000000000         1.3812288851         4.2819021826         1.1173194836
        1.3406485000         2.8000000000         1.3888858657         4.2997653248         1.3167814563
        1.3466156000         2.8000000000         1.3812288851         4.2921096924         1.1173194836
        1.3506262000         2.8000000000         1.3837812120         4.3023172023         1.1838068079
        1.3564845000         2.8000000000         1.3990951731         4.3125247121         1.5827307532
        1.3606551000         2.8000000000         1.3888858657         4.3176284670         1.3167814563
        1.3656355000         2.8000000000         1.3939905194         4.3227322219         1.4497561048
        1.3705760000         2.8000000000         1.3888858657         4.3278359769         1.3167814563
        1.3756462000         2.8000000000         1.3939905194         4.3329397318         1.4497561048
        1.3806554000         2.8000000000         1.3812288851         4.3252840994         1.1173194836
        1.3856385000         2.8000000000         1.3863335388         4.3354916092         1.2502941321
        1.3906739000         2.8000000000         1.3812288851         4.3329397318         1.1173194836
        1.3956422000         2.8000000000         1.3812288851         4.3431472416         1.1173194836
        1.4005314000         2.8000000000         1.3863335388         4.3559066289         1.2502941321
        1.4055478000         2.8000000000         1.3837812120         4.3533547515         1.1838068079
        1.4105128000         2.8000000000         1.3786765582         4.3584585064         1.0508321594
        1.4155109000         2.8000000000         1.3888858657         4.3686660162         1.3167814563
        1.4205533000         2.8000000000         1.3863335388         4.3737697711         1.2502941321
        1.4255576000         2.8000000000         1.3837812120         4.3737697711         1.1838068079
        1.4304964000         2.8000000000         1.3761242314         4.3712178937         0.9843448352
        1.4356588000         2.8000000000         1.3863335388         4.3865291584         1.2502941321
        1.4406025000         2.8000000000         1.3812288851         4.3865291584         1.1173194836
        1.4456956000         2.8000000000         1.3914381925         4.3967366683         1.3832687805
        1.4506834000         2.8000000000         1.3914381925         4.4043923006         1.3832687805
        1.4556614000         2.8000000000         1.3888858657         4.4069441781         1.3167814563
        1.4606322000         2.8000000000         1.3914381925         4.4120479330         1.3832687805
        1.4657159000         2.8000000000         1.3863335388         4.4069441781         1.2502941321
        1.4706970000         2.8000000000         1.3888858657         4.4145998105         1.3167814563
        1.4756553000         2.8000000000         1.3914381925         4.4222554428         1.3832687805
        1.4807309000         2.8000000000         1.3786765582         4.4197035654         1.0508321594
        1.4855669000         2.8000000000         1.3888858657         4.4324629527         1.3167814563
        1.4906112000         2.8000000000         1.3786765582         4.4299110752         1.0508321594
        1.4955780000         2.8000000000         1.3812288851         4.4324629527         1.1173194836
        1.5005376000         2.8000000000         1.3786765582         4.4426704625         1.0508321594
        1.5056280000         2.8000000000         1.3863335388         4.4528779724         1.2502941321
        1.5105992000         2.8000000000         1.3863335388         4.4554298498         1.2502941321
        1.5156010000         2.8000000000         1.3837812120         4.4554298498         1.1838068079
        1.5206144000         2.8000000000         1.3863335388         4.4681892371         1.2502941321
        1.5256632000         2.8000000000         1.3837812120         4.4656373597         1.1838068079
        1.5305337000         2.8000000000         1.3914381925         4.4758448695         1.3832687805
        1.5355015000         2.8000000000         1.3863335388         4.4783967469         1.2502941321
        1.5406459000         2.8000000000         1.3939905194         4.4860523793         1.4497561048
        1.5456089000         2.8000000000         1.3812288851         4.4860523793         1.1173194836
        1.5505743000         2.8000000000         1.3812288851         4.4911561342         1.1173194836
        1.5556217000         2.8000000000         1.3812288851         4.4962598892         1.1173194836
        1.5606095000         2.8000000000         1.3863335388         4.5039155215         1.2502941321
        1.5656512000         2.8000000000         1.3863335388         4.5115711539         1.2502941321
        1.5705532000         2.8000000000         1.3965428462         4.5243305412         1.5162434290
        1.5754957000         2.8000000000         1.3863335388         4.5243305412         1.2502941321
        1.5805945000         2.8000000000         1.3863335388         4.5294342961         1.2502941321
        1.5855264000         2.8000000000         1.3837812120         4.5294342961         1.1838068079
        1.5905056000         2.8000000000         1.3812288851         4.5319861736         1.1173194836
        1.5956183000         2.8000000000         1.3914381925         4.5447455609         1.3832687805
        1.6007411000         2.8000000000         1.3837812120         4.5421936834         1.1838068079
        1.6056952000         2.8000000000         1.3888858657         4.5524011933         1.3167814563
        1.6106483000         2.8000000000         1.3939905194         4.5600568256         1.4497561048
        1.6158287000         2.8000000000         1.3939905194         4.5651605806         1.4497561048
        1.6206483000         2.8000000000         1.3965428462         4.5753680904         1.5162434290
        1.6258156000         2.8000000000         1.3888858657         4.5804718453         1.3167814563
        1.6306326000         2.8000000000         1.3863335388         4.5830237228         1.2502941321
        1.6355571000         2.8000000000         1.3888858657         4.5855756002         1.3167814563
        1.6405993000         2.8000000000         1.3863335388         4.5881274777         1.2502941321
        1.6455346000         2.8000000000         1.3863335388         4.6008868650         1.2502941321
        1.6505567000         2.8000000000         1.3939905194         4.6059906199         1.4497561048
        1.6555538000         2.8000000000         1.3863335388         4.6059906199         1.2502941321
        1.6607142000         2.8000000000         1.3939905194         4.6187500072         1.4497561048
        1.6656406000         2.8000000000         1.3863335388         4.6161981297         1.2502941321
        1.6705090000         2.8000000000         1.3837812120         4.6161981297         1.1838068079
        1.6755743000         2.8000000000         1.3812288851         4.6213018847         1.1173194836
        1.6804516000         2.8000000000         1.3812288851         4.6264056396         1.1173194836
        1.6856868000         2.8000000000         1.3914381925         4.6366131494         1.3832687805
        1.6910427000         2.8000000000         1.3863335388         4.6391650269         1.2502941321
        1.6955311000         2.8000000000         1.3939905194         4.6468206592         1.4497561048
        1.7005788000         2.8000000000         1.3888858657         4.6570281691         1.3167814563
        1.7055696000         2.8000000000         1.3786765582         4.6493725367         1.0508321594
        1.7105721000         2.8000000000         1.3914381925         4.6697875564         1.3832687805
        1.7155703000         2.8000000000         1.3939905194         4.6723394338         1.4497561048
        1.7205289000         2.8000000000         1.3863335388         4.6697875564         1.2502941321
        1.7254343000         2.8000000000         1.3863335388         4.6799950662         1.2502941321
        1.7304711000         2.8000000000         1.3863335388         4.6774431887         1.2502941321
        1.7354792000         2.8000000000         1.3888858657         4.6850988211         1.3167814563
        1.7405660000         2.8000000000         1.3990951731         4.7004100859         1.5827307532
        1.7455657000         2.8000000000         1.4016475000         4.6978582084         1.6492180774
        1.7505659000         2.8000000000         1.3914381925         4.7055138408         1.3832687805
        1.7556435000         2.8000000000         1.3837812120         4.7029619633         1.1838068079
        1.7605751000         2.8000000000         1.3914381925         4.7157213506         1.3832687805
        1.7655817000         2.8000000000         1.3965428462         4.7259288605         1.5162434290
        1.7706204000         2.8000000000         1.3939905194         4.7335844928         1.4497561048
        1.7755578000         2.8000000000         1.3888858657         4.7284807379         1.3167814563
        1.7805694000         2.8000000000         1.3837812120         4.7335844928         1.1838068079
        1.7856057000         2.8000000000         1.3863335388         4.7386882478         1.2502941321
        1.7905863000         2.8000000000         1.3735719045         4.7412401252         0.9178575109
        1.7956013000         2.8000000000         1.3786765582         4.7488957576         1.0508321594
        1.8006026000         2.8000000000         1.3863335388         4.7565513900         1.2502941321
        1.8055590000         2.8000000000         1.3837812120         4.7565513900         1.1838068079
        1.8105872000         2.8000000000         1.3939905194         4.7718626547         1.4497561048
        1.8156404000         2.8000000000         1.3837812120         4.7616551449         1.1838068079
        1.8206400000         2.8000000000         1.3863335388         4.7718626547         1.2502941321
        1.8255786000         2.8000000000         1.3837812120         4.7769664097         1.1838068079
        1.8306600000         2.8000000000         1.3939905194         4.7948295519         1.4497561048
        1.8356667000         2.8000000000         1.3888858657         4.7922776744         1.3167814563
        1.8405406000         2.8000000000         1.3812288851         4.7897257969         1.1173194836
        1.8455990000         2.8000000000         1.3888858657         4.8024851842         1.3167814563
        1.8506514000         2.8000000000         1.3863335388         4.8075889392         1.2502941321
        1.8556897000         2.8000000000         1.3863335388         4.8126926941         1.2502941321
        1.8606486000         2.8000000000         1.3786765582         4.8126926941         1.0508321594
        1.8656860000         2.8000000000         1.3965428462         4.8280039588         1.5162434290
        1.8705302000         2.8000000000         1.3837812120         4.8280039588         1.1838068079
        1.8756427000         2.8000000000         1.3914381925         4.8382114687         1.3832687805
        1.8808153000         2.8000000000         1.3863335388         4.8382114687         1.2502941321
        1.8855369000         2.8000000000         1.3863335388         4.8433152236         1.2502941321
        1.8906544000         2.8000000000         1.3888858657         4.8407633461         1.3167814563
        1.8956477000         2.8000000000         1.4016475000         4.8509708560         1.6492180774
        1.9006298000         2.8000000000         1.3888858657         4.8535227334         1.3167814563
        1.9055930000         2.8000000000         1.3965428462         4.8688339982         1.5162434290
        1.9105513000         2.8000000000         1.3888858657         4.8739377531         1.3167814563
        1.9155190000         2.8000000000         1.3837812120         4.8739377531         1.1838068079
        1.9205792000         2.8000000000         1.3939905194         4.8841452629         1.4497561048
        1.9255442000         2.8000000000         1.3786765582         4.8764896306         1.0508321594
        1.9305388000         2.8000000000         1.3888858657         4.8969046502         1.3167814563
        1.9355373000         2.8000000000         1.3863335388         4.8969046502         1.2502941321
        1.9405905000         2.8000000000         1.3888858657         4.8994565277         1.3167814563
        1.9456815000         2.8000000000         1.3863335388         4.9096640375         1.2502941321
        1.9505996000         2.8000000000         1.3888858657         4.9173196699         1.3167814563
        1.9556885000         2.8000000000         1.3812288851         4.9122159150         1.1173194836
        1.9605685000         2.8000000000         1.3965428462         4.9249753023         1.5162434290
        1.9656449000         2.8000000000         1.3939905194         4.9326309346         1.4497561048
        1.9706597000         2.8000000000         1.3939905194         4.9300790572         1.4497561048
        1.9756421000         2.8000000000         1.3888858657         4.9377346896         1.3167814563
        1.9805917000         2.8000000000         1.3837812120         4.9351828121         1.1838068079
        1.9855880000         2.8000000000         1.3786765582         4.9402865670         1.0508321594
        1.9905758000         2.8000000000         1.3863335388         4.9555978318         1.2502941321
        1.9955179000         2.8000000000         1.3888858657         4.9607015867         1.3167814563
        2.0006136000         2.8000000000         1.3812288851         4.9581497092         1.1173194836
        2.0056076000         2.8000000000         1.3837812120         4.9658053416         1.1838068079
        2.0105505000         2.8000000000         1.3786765582         4.9683572191         1.0508321594
        2.0155880000         2.8000000000         1.3786765582         4.9734609740         1.0508321594
        2.0206034000         2.8000000000         1.3812288851         4.9785647289         1.1173194836
        2.0256413000         2.8000000000         1.3863335388         4.9811166064         1.2502941321
        2.0305647000         2.8000000000         1.3965428462         4.9913241162         1.5162434290
        2.0355345000         2.8000000000         1.3888858657         4.9938759937         1.3167814563
        2.0405116000         2.8000000000         1.3939905194         4.9964278711         1.4497561048
        2.0455090000         2.8000000000         1.3888858657         4.9989797486         1.3167814563
        2.0504765000         2.8000000000         1.3939905194         5.0040835035         1.4497561048
        2.0555667000         2.8000000000         1.3837812120         4.9989797486         1.1838068079
        2.0605859000         2.8000000000         1.3939905194         5.0066353810         1.4497561048
        2.0655409000         2.8000000000         1.3939905194         5.0142910133         1.4497561048
        2.0706323000         2.8000000000         1.3863335388         5.0066353810         1.2502941321
        2.0755853000         2.8000000000         1.3914381925         5.0066353810         1.3832687805
        2.0806158000         2.8000000000         1.3888858657         5.0091872584         1.3167814563
        2.0855334000         2.8000000000         1.3863335388         5.0066353810         1.2502941321
        2.0906588000         2.8000000000         1.3914381925         5.0142910133         1.3832687805
        2.0956496000         2.8000000000         1.3837812120         4.9989797486         1.1838068079
        2.1007804000         2.8000000000         1.3863335388         5.0091872584         1.2502941321
        2.1056349000         2.8000000000         1.3914381925         5.0066353810         1.3832687805
        2.1106644000         2.8000000000         1.3786765582         5.0015316260         1.0508321594
        2.1156629000         2.8000000000         1.4041998268         5.0142910133         1.7157054017
        2.1206554000         2.8000000000         1.3990951731         5.0117391359         1.5827307532
        2.1256442000         2.8000000000         1.3914381925         5.0066353810         1.3832687805
        2.1307643000         2.8000000000         1.3837812120         4.9989797486         1.1838068079
        2.1355341000         2.8000000000         1.3939905194         5.0040835035         1.4497561048
        2.1406511000         2.8000000000         1.3914381925         5.0040835035         1.3832687805
        2.1456315000         2.8000000000         1.3837812120         5.0040835035         1.1838068079
        2.1505670000         2.8000000000         1.3863335388         5.0091872584         1.2502941321
        2.1555973000         2.8000000000         1.3863335388         4.9964278711         1.2502941321
        2.1606384000         2.8000000000         1.3914381925         5.0091872584         1.3832687805
        2.1656723000         2.8000000000         1.3939905194         4.9836684838         1.4497561048
        2.1706590000         2.8000000000         1.3837812120         1.1175741334         1.1838068079
        2.1755823000         2.8000000000         1.3990951731         1.1099185011         1.5827307532
        2.1806069000         2.8000000000         1.3914381925         1.1124703785         1.3832687805
        2.1855265000         2.8000000000         1.3863335388         1.0895034814         1.2502941321
        2.1906134000         2.8000000000         1.3888858657         1.0869516039         1.3167814563
        2.1955267000         2.8000000000         1.3914381925         1.1048147461         1.3832687805
        2.2006157000         2.8000000000         1.3888858657         1.1099185011         1.3167814563
        2.2055007000         2.8000000000         1.3990951731         1.1175741334         1.5827307532
        2.2105202000         2.8000000000         1.3888858657         1.1124703785         1.3167814563
        2.2155577000         2.8000000000         1.3914381925         1.1150222560         1.3832687805
        2.2205856000         2.8000000000         1.3888858657         0.0049555613         1.3167814563
        2.2255494000         2.8000000000         1.3863335388         0.0024036839         1.2502941321
        2.2306500000         2.8000000000         1.3863335388        -0.0052519485         1.2502941321
        2.2354476000         2.8000000000         1.3939905194         0.0100593162         1.4497561048
        2.2405118000         2.8000000000         1.3888858657         0.0024036839         1.3167814563
        2.2455215000         2.8000000000         1.3965428462         0.0075074388         1.5162434290
        2.2505797000         2.8000000000         1.3863335388         0.0024036839         1.2502941321
        2.2555727000         2.8000000000         1.3965428462        -0.0001481936         1.5162434290
        2.2605344000         2.8000000000         1.3965428462         0.0049555613         1.5162434290
        2.2655615000         2.8000000000         1.3914381925        -0.0027000711         1.3832687805
        2.2706730000         2.8000000000         1.3863335388        -0.0052519485         1.2502941321
        2.2754908000         2.8000000000         1.3939905194        -0.0001481936         1.4497561048
        2.2805589000         2.8000000000         1.3990951731         0.0075074388         1.5827307532
        2.2855136000         2.8000000000         1.3965428462         0.0049555613         1.5162434290
        2.2906283000         2.8000000000         1.3965428462         0.0075074388         1.5162434290
        2.2956041000         2.8000000000         1.3888858657        -0.0001481936         1.3167814563
        2.3006114000         2.8000000000         1.3914381925         0.0024036839         1.3832687805
        2.3056396000         2.8000000000         1.3965428462         0.0100593162         1.5162434290
        2.3106467000         2.8000000000         1.3888858657        -0.0001481936         1.3167814563
        2.3156049000         2.8000000000         1.3965428462         0.0075074388         1.5162434290
        2.3206526000         2.8000000000         1.3914381925         0.0024036839         1.3832687805
        2.3254372000         2.8000000000         1.3914381925         0.0100593162         1.3832687805
        2.3305238000         2.8000000000         1.3990951731         0.0100593162         1.5827307532
        2.3354544000         2.8000000000         1.3914381925         0.0100593162         1.3832687805
        2.3405922000         2.8000000000         1.3965428462         0.0202668261         1.5162434290
        2.3463278000         2.8000000000         1.3837812120         0.0126111937         1.1838068079
        2.3506330000         2.8000000000         1.3888858657         0.0177149486         1.3167814563
        2.3556445000         2.8000000000         1.3837812120         0.0304743359         1.1838068079
        2.3606620000         2.8000000000         1.3965428462         0.0406818457         1.5162434290
        2.3657690000         2.8000000000         1.3965428462         0.0457856007         1.5162434290
        2.3706235000         2.8000000000         1.3939905194         0.0508893556         1.4497561048
        2.3755478000         2.8000000000         1.3990951731         0.0559931105         1.5827307532
        2.3806018000         2.8000000000         1.3888858657         0.0585449879         1.3167814563
        2.3854540000         2.8000000000         1.4016475000         0.0610968654         1.6492180774
        2.3906345000         2.8000000000         1.3812288851         0.0636487429         1.1173194836
        2.3956643000         2.8000000000         1.3914381925         0.0764081302         1.3832687805
        2.4005137000         2.8000000000         1.3939905194         0.0866156400         1.4497561048
        2.4055580000         2.8000000000         1.3965428462         0.0942712724         1.5162434290
        2.4105840000         2.8000000000         1.3837812120         0.0840637625         1.1838068079
        2.4155234000         2.8000000000         1.3863335388         0.0968231498         1.2502941321
        2.4205112000         2.8000000000         1.3914381925         0.1070306597         1.3832687805
        2.4256778000         2.8000000000         1.3837812120         0.1019269048         1.1838068079
        2.4305332000         2.8000000000         1.3914381925         0.1044787822         1.3832687805
        2.4355021000         2.8000000000         1.3914381925         0.1223419244         1.3832687805
        2.4405324000         2.8000000000         1.3812288851         0.1146862920         1.1173194836
        2.4455168000         2.8000000000         1.3888858657         0.1274456793         1.3167814563
        2.4505308000         2.8000000000         1.3863335388         0.1351013117         1.2502941321
        2.4555250000         2.8000000000         1.3914381925         0.1376531892         1.3832687805
        2.4605033000         2.8000000000         1.3863335388         0.1402050666         1.2502941321
        2.4654877000         2.8000000000         1.3939905194         0.1580682088         1.4497561048
        2.4705744000         2.8000000000         1.3812288851         0.1478606990         1.1173194836
        2.4755892000         2.8000000000         1.3939905194         0.1682757187         1.4497561048
        2.4805785000         2.8000000000         1.3965428462         0.1682757187         1.5162434290
        2.4854970000         2.8000000000         1.3837812120         0.1682757187         1.1838068079
        2.4904991000         2.8000000000         1.3863335388         0.1733794736         1.2502941321
        2.4955017000         2.8000000000         1.3837812120         0.1759313511         1.1838068079
        2.5005444000         2.8000000000         1.3837812120         0.1759313511         1.1838068079
        2.5055775000         2.8000000000         1.3939905194         0.1886907384         1.4497561048
        2.5105833000         2.8000000000         1.3863335388         0.1937944933         1.2502941321
        2.5155904000         2.8000000000         1.3837812120         0.1988982482         1.1838068079
        2.5205775000         2.8000000000         1.3888858657         0.2091057580         1.3167814563
        2.5255508000         2.8000000000         1.3812288851         0.2040020031         1.1173194836
        2.5309464000         2.8000000000         1.3888858657         0.2193132679         1.3167814563
        2.5355024000         2.8000000000         1.3914381925         0.2244170228         1.3832687805
        2.5405398000         2.8000000000         1.3888858657         0.2218651453         1.3167814563
        2.5455318000         2.8000000000         1.3837812120         0.2193132679         1.1838068079
        2.5505877000         2.8000000000         1.3837812120         0.2269689002         1.1838068079
        2.5556164000         2.8000000000         1.3812288851         0.2397282875         1.1173194836
        2.5606059000         2.8000000000         1.3888858657         0.2422801650         1.3167814563
        2.5656411000         2.8000000000         1.3837812120         0.2397282875         1.1838068079
        2.5706184000         2.8000000000         1.3837812120         0.2448320425         1.1838068079
        2.5755986000         2.8000000000         1.3888858657         0.2575914298         1.3167814563
        2.5804772000         2.8000000000         1.3786765582         0.2601433072         1.0508321594
        2.5854740000         2.8000000000         1.3837812120         0.2703508170         1.1838068079
        2.5904241000         2.8000000000         1.3786765582         0.2677989396         1.0508321594
        2.5954684000         2.8000000000         1.3812288851         0.2729026945         1.1173194836
        2.6004785000         2.8000000000         1.3863335388         0.2831102043         1.2502941321
        2.6054759000         2.8000000000         1.3837812120         0.2805583269         1.1838068079
        2.6104204000         2.8000000000         1.3863335388         0.2907658367         1.2502941321
        2.6154600000         2.8000000000         1.3965428462         0.3060771015         1.5162434290
        2.6205717000         2.8000000000         1.3888858657         0.3111808564         1.3167814563
        2.6255129000         2.8000000000         1.3939905194         0.3086289789         1.4497561048
        2.6304679000         2.8000000000         1.4016475000         0.3213883662         1.6492180774
        2.6354308000         2.8000000000         1.3837812120         0.3188364888         1.1838068079
        2.6404408000         2.8000000000         1.3888858657         0.3213883662         1.3167814563
        2.6455130000         2.8000000000         1.3863335388         0.3290439986         1.2502941321
        2.6505685000         2.8000000000         1.3812288851         0.3315958761         1.1173194836
        2.6555140000         2.8000000000         1.3837812120         0.3392515084         1.1838068079
        2.6605705000         2.8000000000         1.3914381925         0.3418033859         1.3832687805
        2.6655093000         2.8000000000         1.3939905194         0.3520108957         1.4497561048
        2.6705055000         2.8000000000         1.3990951731         0.3596665281         1.5827307532
        2.6755122000         2.8000000000         1.3863335388         0.3596665281         1.2502941321
        2.6804778000         2.8000000000         1.3914381925         0.3647702830         1.3832687805
        2.6855703000         2.8000000000         1.3863335388         0.3724259154         1.2502941321
        2.6906802000         2.8000000000         1.3837812120         0.3698740379         1.1838068079
        2.6955203000         2.8000000000         1.3863335388         0.3800815478         1.2502941321
        2.7005330000         2.8000000000         1.3837812120         0.3826334252         1.1838068079
        2.7055834000         2.8000000000         1.3863335388         0.3928409351         1.2502941321
        2.7106388000         2.8000000000         1.3863335388         0.3928409351         1.2502941321
        2.7155655000         2.8000000000         1.3914381925         0.4030484449         1.3832687805
        2.7205551000         2.8000000000         1.3837812120         0.4081521998         1.1838068079
        2.7255429000         2.8000000000         1.3965428462         0.4183597097         1.5162434290
        2.7305593000         2.8000000000         1.3837812120         0.4158078322         1.1838068079
        2.7354344000         2.8000000000         1.3888858657         0.4209115871         1.3167814563
        2.7405616000         2.8000000000         1.3965428462         0.4311190970         1.5162434290
        2.7455419000         2.8000000000         1.3863335388         0.4311190970         1.2502941321
        2.7505142000         2.8000000000         1.3914381925         0.4387747293         1.3832687805
        2.7555114000         2.8000000000         1.3863335388         0.4387747293         1.2502941321
        2.7605813000         2.8000000000         1.3863335388         0.4464303617         1.2502941321
        2.7655587000         2.8000000000         1.3761242314         0.4413266068         0.9843448352
        2.7705462000         2.8000000000         1.3837812120         0.4489822392         1.1838068079
        2.7755724000         2.8000000000         1.3863335388         0.4642935039         1.2502941321
        2.7805963000         2.8000000000         1.3735719045         0.4668453814         0.9178575109
        2.7854950000         2.8000000000         1.3761242314         0.4719491363         0.9843448352
        2.7906010000         2.8000000000         1.3965428462         0.4847085236         1.5162434290
        2.7955086000         2.8000000000         1.3888858657         0.4872604011         1.3167814563
        2.8005925000         2.8000000000         1.3914381925         0.4847085236         1.3832687805
        2.8055604000         2.8000000000         1.3761242314         0.4847085236         0.9843448352
        2.8105220000         2.8000000000         1.3837812120         0.4898122785         1.1838068079
        2.8155045000         2.8000000000         1.3914381925         0.5051235433         1.3832687805
        2.8205513000         2.8000000000         1.3990951731         0.5051235433         1.5827307532
        2.8255886000         2.8000000000         1.3939905194         0.5025716658         1.4497561048
        2.8306388000         2.8000000000         1.3812288851         0.5102272982         1.1173194836
        2.8354913000         2.8000000000         1.3939905194         0.5255385629         1.4497561048
        2.8405333000         2.8000000000         1.3812288851         0.5229866855         1.1173194836
        2.8454974000         2.8000000000         1.3812288851         0.5255385629         1.1173194836
        2.8505330000         2.8000000000         1.3939905194         0.5408498277         1.4497561048
        2.8556076000         2.8000000000         1.3786765582         0.5357460728         1.0508321594
        2.8605802000         2.8000000000         1.3812288851         0.5459535826         1.1173194836
        2.8656567000         2.8000000000         1.3914381925         0.5561610925         1.3832687805
        2.8704636000         2.8000000000         1.3812288851         0.5536092150         1.1173194836
        2.8756297000         2.8000000000         1.3914381925         0.5638167248         1.3832687805
        2.8804260000         2.8000000000         1.3735719045         0.5561610925         0.9178575109
        2.8854171000         2.8000000000         1.3837812120         0.5612648474         1.1838068079
        2.8905360000         2.8000000000         1.3888858657         0.5714723572         1.3167814563
        2.8955824000         2.8000000000         1.3990951731         0.5765761121         1.5827307532
        2.9006392000         2.8000000000         1.3761242314         0.5765761121         0.9843448352
        2.9055198000         2.8000000000         1.3965428462         0.5918873769         1.5162434290
        2.9105621000         2.8000000000         1.3914381925         0.5969911318         1.3832687805
        2.9155701000         2.8000000000         1.3965428462         0.6046467642         1.5162434290
        2.9206006000         2.8000000000         1.3888858657         0.6071986416         1.3167814563
        2.9255267000         2.8000000000         1.3888858657         0.6071986416         1.3167814563
        2.9305544000         2.8000000000         1.3786765582         0.6071986416         1.0508321594
        2.9354725000         2.8000000000         1.3812288851         0.6123023966         1.1173194836
        2.9405849000         2.8000000000         1.3735719045         0.6199580289         0.9178575109
        2.9455550000         2.8000000000         1.3837812120         0.6250617838         1.1838068079
        2.9506000000         2.8000000000         1.3812288851         0.6301655388         1.1173194836
        2.9555319000         2.8000000000         1.3735719045         0.6276136613         0.9178575109
        2.9605520000         2.8000000000         1.3863335388         0.6352692937         1.2502941321
        2.9655105000         2.8000000000         1.3888858657         0.6505805584         1.3167814563
        2.9705179000         2.8000000000         1.3761242314         0.6429249261         0.9843448352
        2.9756399000         2.8000000000         1.3888858657         0.6582361908         1.3167814563
        2.9806265000         2.8000000000         1.3786765582         0.6531324359         1.0508321594
        2.9855382000         2.8000000000         1.3914381925         0.6684437007         1.3832687805
        2.9904323000         2.8000000000         1.3837812120         0.6633399457         1.1838068079
        2.9954554000         2.8000000000         1.3914381925         0.6684437007         1.3832687805
        3.0005826000         2.8000000000         1.3786765582         0.6709955781         1.0508321594
        3.0055207000         2.8000000000         1.3812288851         0.6735474556         1.1173194836
        3.0104363000         2.8000000000         1.3837812120         0.6914105978         1.1838068079
        3.0154708000         2.8000000000         1.3863335388         0.6914105978         1.2502941321
        3.0204742000         2.8000000000         1.3863335388         0.6965143527         1.2502941321
        3.0254519000         2.8000000000         1.3863335388         0.7016181076         1.2502941321
        3.0304543000         2.8000000000         1.3837812120         0.7067218625         1.1838068079
        3.0354239000         2.8000000000         1.3863335388         0.7118256175         1.2502941321
        3.0405154000         2.8000000000         1.3837812120         0.7194812498         1.1838068079
        3.0454456000         2.8000000000         1.3863335388         0.7194812498         1.2502941321
        3.0510639000         2.8000000000         1.3939905194         0.7322406371         1.4497561048
        3.0554303000         2.8000000000         1.3863335388         0.7296887597         1.2502941321
        3.0605616000         2.8000000000         1.3965428462         0.7424481470         1.5162434290
        3.0654760000         2.8000000000         1.3837812120         0.7450000244         1.1838068079
        3.0706854000         2.8000000000         1.3939905194         0.7501037793         1.4497561048
        3.0754272000         2.8000000000         1.3914381925         0.7577594117         1.3832687805
        3.0805536000         2.8000000000         1.3888858657         0.7552075343         1.3167814563
        3.0855567000         2.8000000000         1.3939905194         0.7679669216         1.4497561048
        3.0905117000         2.8000000000         1.3863335388         0.7679669216         1.2502941321
        3.0954581000         2.8000000000         1.3837812120         0.7730706765         1.1838068079
        3.1004299000         2.8000000000         1.3837812120         0.7756225539         1.1838068079
        3.1055721000         2.8000000000         1.3837812120         0.7807263088         1.1838068079
        3.1105334000         2.8000000000         1.3837812120         0.7858300638         1.1838068079
        3.1154282000         2.8000000000         1.3837812120         0.7909338187         1.1838068079
        3.1204204000         2.8000000000         1.3863335388         0.7985894511         1.2502941321
        3.1254576000         2.8000000000         1.3914381925         0.8036932060         1.3832687805
        3.1304494000         2.8000000000         1.3863335388         0.8011413285         1.2502941321
        3.1354264000         2.8000000000         1.3888858657         0.8113488384         1.3167814563
        3.1404143000         2.8000000000         1.3939905194         0.8139007158         1.4497561048
        3.1454469000         2.8000000000         1.3888858657         0.8266601031         1.3167814563
        3.1504504000         2.8000000000         1.3786765582         0.8139007158         1.0508321594
        3.1554079000         2.8000000000         1.3863335388         0.8266601031         1.2502941321
        3.1604540000         2.8000000000         1.3812288851         0.8241082257         1.1173194836
        3.1654641000         2.8000000000         1.3786765582         0.8317638580         1.0508321594
        3.1704203000         2.8000000000         1.3914381925         0.8470751228         1.3832687805
        3.1754353000         2.8000000000         1.3914381925         0.8521788777         1.3832687805
        3.1804611000         2.8000000000         1.3837812120         0.8521788777         1.1838068079
        3.1854286000         2.8000000000         1.3914381925         0.8623863875         1.3832687805
        3.1904192000         2.8000000000         1.3837812120         0.8598345101         1.1838068079
        3.1954315000         2.8000000000         1.3863335388         0.8649382650         1.2502941321
        3.2004615000         2.8000000000         1.3786765582         0.8623863875         1.0508321594
        3.2054249000         2.8000000000         1.3837812120         0.8725938974         1.1838068079
        3.2104537000         2.8000000000         1.3837812120         0.8802495297         1.1838068079
        3.2154215000         2.8000000000         1.3863335388         0.8853532847         1.2502941321
        3.2204595000         2.8000000000         1.3837812120         0.8879051621         1.1838068079
        3.2254663000         2.8000000000         1.3914381925         0.8930089170         1.3832687805
        3.2304183000         2.8000000000         1.3914381925         0.9032164269         1.3832687805
        3.2354204000         2.8000000000         1.3837812120         0.9006645494         1.1838068079
        3.2404190000         2.8000000000         1.3837812120         0.9083201818         1.1838068079
        3.2454364000         2.8000000000         1.3939905194         0.9108720593         1.4497561048
        3.2504622000         2.8000000000         1.3914381925         0.9236314466         1.3832687805
        3.2554666000         2.8000000000         1.3863335388         0.9261833240         1.2502941321
        3.2604190000         2.8000000000         1.3761242314         0.9210795691         0.9843448352
        3.2654566000         2.8000000000         1.3939905194         0.9389427113         1.4497561048
        3.2704684000         2.8000000000         1.3863335388         0.9440464662         1.2502941321
        3.2755246000         2.8000000000         1.3837812120         0.9414945888         1.1838068079
        3.2804189000         2.8000000000         1.3837812120         0.9465983437         1.1838068079
        3.2857764000         2.8000000000         1.3863335388         0.9517020986         1.2502941321
        3.2904192000         2.8000000000         1.3761242314         0.9542539761         0.9843448352
        3.2954976000         2.8000000000         1.3863335388         0.9593577310         1.2502941321
        3.3005145000         2.8000000000         1.3761242314         0.9593577310         0.9843448352
        3.3057432000         2.8000000000         1.3863335388         0.9721171183         1.2502941321
        3.3104994000         2.8000000000         1.3863335388         0.9746689957         1.2502941321
        3.3157401000         2.8000000000         1.3786765582         0.9721171183         1.0508321594
        3.3204716000         2.8000000000         1.3786765582         0.9772208732         1.0508321594
        3.3254453000         2.8000000000         1.3965428462         0.9874283830         1.5162434290
        3.3304551000         2.8000000000         1.3888858657         1.0001877703         1.3167814563
        3.3354213000         2.8000000000         1.3837812120         1.0001877703         1.1838068079
        3.3404239000         2.8000000000         1.3863335388         1.0027396478         1.2502941321
        3.3454427000         2.8000000000         1.3812288851         1.0052915252         1.1173194836
        3.3504940000         2.8000000000         1.3812288851         1.0078434027         1.1173194836
        3.3555610000         2.8000000000         1.3837812120         1.0180509125         1.1838068079
        3.3604289000         2.8000000000         1.3939905194         1.0257065449         1.4497561048
        3.3654181000         2.8000000000         1.3863335388         1.0308102998         1.2502941321
        3.3704643000         2.8000000000         1.3888858657         1.0333621773         1.3167814563
        3.3754450000         2.8000000000         1.3812288851         1.0359140547         1.1173194836
        3.3804617000         2.8000000000         1.4016475000         1.0486734420         1.6492180774
        3.3854680000         2.8000000000         1.3914381925         1.0537771970         1.3832687805
        3.3904356000         2.8000000000         1.3888858657         1.0512253195         1.3167814563
        3.3954653000         2.8000000000         1.3914381925         1.0461215646         1.3832687805
        3.4004765000         2.8000000000         1.3863335388         1.0614328293         1.2502941321
        3.4054870000         2.8000000000         1.3786765582         1.0588809519         1.0508321594
        3.4104379000         2.8000000000         1.3888858657         1.0716403392         1.3167814563
        3.4154413000         2.8000000000         1.3786765582         1.0690884617         1.0508321594
        3.4205831000         2.8000000000         1.3786765582         1.0741922166         1.0508321594
        3.4255087000         2.8000000000         1.3659149240         1.0792959716         0.7183955383
        3.4305257000         2.8000000000         1.3837812120         1.0843997265         1.1838068079
        3.4355628000         2.8000000000         1.3812288851         1.0971591138         1.1173194836
        3.4405484000         2.8000000000         1.3786765582         1.0946072363         1.0508321594
        3.4455400000         2.8000000000         1.3786765582         1.0971591138         1.0508321594
        3.4507081000         2.8000000000         1.3786765582         1.1022628687         1.0508321594
        3.4555751000         2.8000000000         1.3939905194         1.1201260109         1.4497561048
        3.4605514000         2.8000000000         1.3837812120         1.1175741334         1.1838068079
        3.4656143000         2.8000000000         1.3914381925         1.1226778884         1.3832687805
        3.4706363000         2.8000000000         1.4067521537         1.1328853982         1.7821927259
        3.4755522000         2.8000000000         1.3888858657         1.1303335207         1.3167814563
        3.4806639000         2.8000000000         1.3837812120         1.1379891531         1.1838068079
        3.4856663000         2.8000000000         1.3888858657         1.1405410306         1.3167814563
        3.4906743000         2.8000000000         1.3863335388         1.1507485404         1.2502941321
        3.4956446000         2.8000000000         1.3965428462         1.1558522953         1.5162434290
        3.5006015000         2.8000000000         1.3863335388         1.1635079277         1.2502941321
        3.5056085000         2.8000000000         1.3863335388         1.1584041728         1.2502941321
        3.5105990000         2.8000000000         1.3786765582         1.1584041728         1.0508321594
        3.5155741000         2.8000000000         1.3837812120         1.1686116826         1.1838068079
        3.5205640000         2.8000000000         1.3812288851         1.1737154375         1.1173194836
        3.5255558000         2.8000000000         1.3939905194         1.1839229474         1.4497561048
        3.5306084000         2.8000000000         1.3914381925         1.1890267023         1.3832687805
        3.5356586000         2.8000000000         1.3863335388         1.1839229474         1.2502941321
        3.5404789000         2.8000000000         1.3863335388         1.1941304572         1.2502941321
        3.5455816000         2.8000000000         1.3837812120         1.1941304572         1.1838068079
        3.5504797000         2.8000000000         1.3914381925         1.2094417220         1.3832687805
        3.5554995000         2.8000000000         1.3914381925         1.2068898445         1.3832687805
        3.5606109000         2.8000000000         1.3863335388         1.2119935994         1.2502941321
        3.5657849000         2.8000000000         1.3812288851         1.2145454769         1.1173194836
        3.5705242000         2.8000000000         1.3863335388         1.2222011093         1.2502941321
        3.5755856000         2.8000000000         1.3812288851         1.2247529867         1.1173194836
        3.5806429000         2.8000000000         1.3888858657         1.2324086191         1.3167814563
        3.5855200000         2.8000000000         1.3761242314         1.2298567416         0.9843448352
        3.5905377000         2.8000000000         1.3812288851         1.2324086191         1.1173194836
        3.5955966000         2.8000000000         1.3863335388         1.2477198838         1.2502941321
        3.6004687000         2.8000000000         1.3914381925         1.2553755162         1.3832687805
        3.6056516000         2.8000000000         1.3888858657         1.2579273937         1.3167814563
        3.6105145000         2.8000000000         1.3914381925         1.2604792711         1.3832687805
        3.6155697000         2.8000000000         1.3837812120         1.2706867810         1.1838068079
        3.6204878000         2.8000000000         1.3914381925         1.2757905359         1.3832687805
        3.6256571000         2.8000000000         1.3863335388         1.2706867810         1.2502941321
        3.6304681000         2.8000000000         1.3786765582         1.2681349035         1.0508321594
        3.6355773000         2.8000000000         1.3888858657         1.2859980457         1.3167814563
        3.6407437000         2.8000000000         1.3914381925         1.2936536781         1.3832687805
        3.6455484000         2.8000000000         1.3914381925         1.2987574330         1.3832687805
        3.6505949000         2.8000000000         1.4118568074         1.3013093105         1.9151673743
        3.6555794000         2.8000000000         1.3837812120         1.2987574330         1.1838068079
        3.6605815000         2.8000000000         1.3837812120         1.3064130654         1.1838068079
        3.6655234000         2.8000000000         1.3786765582         1.3038611879         1.0508321594
        3.6705917000         2.8000000000         1.3837812120         1.3166205752         1.1838068079
        3.6755709000         2.8000000000         1.3888858657         1.3242762076         1.3167814563
        3.6805953000         2.8000000000         1.3914381925         1.3293799625         1.3832687805
        3.6855267000         2.8000000000         1.3863335388         1.3268280851         1.2502941321
        3.6905984000         2.8000000000         1.3837812120         1.3370355949         1.1838068079
        3.6956556000         2.8000000000         1.3914381925         1.3395874724         1.3832687805
        3.7005860000         2.8000000000         1.3965428462         1.3421393498         1.5162434290
        3.7056269000         2.8000000000         1.3863335388         1.3446912273         1.2502941321
        3.7106346000         2.8000000000         1.3837812120         1.3523468597         1.1838068079
        3.7155865000         2.8000000000         1.3939905194         1.3625543695         1.4497561048
        3.7206517000         2.8000000000         1.3939905194         1.3676581244         1.4497561048
        3.7256790000         2.8000000000         1.3939905194         1.3727618793         1.4497561048
        3.7306884000         2.8000000000         1.3786765582         1.3651062470         1.0508321594
        3.7355875000         2.8000000000         1.3888858657         1.3829693892         1.3167814563
        3.7405957000         2.8000000000         1.3786765582         1.3753137568         1.0508321594
        3.7456384000         2.8000000000         1.3837812120         1.3804175117         1.1838068079
        3.7506464000         2.8000000000         1.3837812120         1.3906250215         1.1838068079
        3.7556051000         2.8000000000         1.3888858657         1.4008325314         1.3167814563
        3.7607048000         2.8000000000         1.3965428462         1.4059362863         1.5162434290
        3.7655364000         2.8000000000         1.3786765582         1.4008325314         1.0508321594
        3.7704927000         2.8000000000         1.3863335388         1.4110400412         1.2502941321
        3.7754904000         2.8000000000         1.3837812120         1.4135919187         1.1838068079
        3.7805047000         2.8000000000         1.3837812120         1.4212475511         1.1838068079
        3.7855825000         2.8000000000         1.3761242314         1.4186956736         0.9843448352
        3.7906036000         2.8000000000         1.3786765582         1.4212475511         1.0508321594
        3.7956760000         2.8000000000         1.3888858657         1.4416625707         1.3167814563
        3.8007158000         2.8000000000         1.3735719045         1.4314550609         0.9178575109
        3.8056681000         2.8000000000         1.3812288851         1.4391106933         1.1173194836
        3.8106164000         2.8000000000         1.3684672508         1.4391106933         0.7848828625
        3.8156787000         2.8000000000         1.3786765582         1.4493182031         1.0508321594
        3.8205917000         2.8000000000         1.3863335388         1.4595257129         1.2502941321
        3.8255643000         2.8000000000         1.3812288851         1.4595257129         1.1173194836
        3.8307516000         2.8000000000         1.3837812120         1.4671813453         1.1838068079
        3.8356902000         2.8000000000         1.3786765582         1.4646294679         1.0508321594
        3.8406773000         2.8000000000         1.3761242314         1.4646294679         0.9843448352
        3.8455388000         2.8000000000         1.3812288851         1.4773888552         1.1173194836
        3.8505633000         2.8000000000         1.3735719045         1.4722851002         0.9178575109
        3.8555548000         2.8000000000         1.3837812120         1.4824926101         1.1838068079
        3.8605820000         2.8000000000         1.3735719045         1.4799407326         0.9178575109
        3.8655736000         2.8000000000         1.3914381925         1.4978038748         1.3832687805
        3.8706438000         2.8000000000         1.3786765582         1.4927001199         1.0508321594
        3.8756550000         2.8000000000         1.3761242314         1.4978038748         0.9843448352
        3.8804850000         2.8000000000         1.3837812120         1.5054595072         1.1838068079
        3.8855961000         2.8000000000         1.3812288851         1.5054595072         1.1173194836
        3.8906165000         2.8000000000         1.3837812120         1.5131151396         1.1838068079
        3.8955686000         2.8000000000         1.3837812120         1.5182188945         1.1838068079
        3.9006287000         2.8000000000         1.3812288851         1.5233226494         1.1173194836
        3.9055629000         2.8000000000         1.3837812120         1.5207707720         1.1838068079
        3.9105496000         2.8000000000         1.3965428462         1.5258745269         1.5162434290
        3.9155452000         2.8000000000         1.3812288851         1.5360820367         1.1173194836
        3.9205960000         2.8000000000         1.3837812120         1.5360820367         1.1838068079
        3.9255733000         2.8000000000         1.3812288851         1.5411857916         1.1173194836
        3.9306356000         2.8000000000         1.3837812120         1.5488414240         1.1838068079
        3.9356160000         2.8000000000         1.3837812120         1.5513933015         1.1838068079
        3.9406441000         2.8000000000         1.3786765582         1.5590489338         1.0508321594
        3.9456353000         2.8000000000         1.3786765582         1.5616008113         1.0508321594
        3.9506451000         2.8000000000         1.3863335388         1.5692564437         1.2502941321
        3.9558011000         2.8000000000         1.3863335388         1.5743601986         1.2502941321
        3.9606778000         2.8000000000         1.3863335388         1.5718083211         1.2502941321
        3.9656676000         2.8000000000         1.3786765582         1.5769120761         1.0508321594
        3.9706441000         2.8000000000         1.3786765582         1.5820158310         1.0508321594
        3.9755816000         2.8000000000         1.3786765582         1.5845677084         1.0508321594
        3.9805461000         2.8000000000         1.3888858657         1.5947752183         1.3167814563
        3.9855802000         2.8000000000         1.3710195777         1.5922233408         0.8513701867
        3.9906320000         2.8000000000         1.3684672508         1.5973270957         0.7848828625
        3.9956587000         2.8000000000         1.3710195777         1.5922233408         0.8513701867
        4.0007656000         2.8000000000         1.3659149240         1.5947752183         0.7183955383
