% Sweep Step 99/200  Vcmd=3.0000V  CW 
% Vg_offset=1.337354V  K_gimbal=26.049690

Time[s]              Vcmd[V]              Vg_raw[V]            Pot[V]             Omega[rad/s]
        0.0013904000         3.0000000000         1.3429439823         3.6873147347         0.1456072401
        0.0053891000         3.0000000000         1.3454963091         3.6873147347         0.2120945643
        0.0104083000         3.0000000000         1.3352870017         3.6796591023        -0.0538547326
        0.0153914000         3.0000000000         1.3352870017         3.6822109797        -0.0538547326
        0.0204024000         3.0000000000         1.3301823480         3.6745553474        -0.1868293811
        0.0255644000         3.0000000000         1.3327346748         3.6771072248        -0.1203420569
        0.0306852000         3.0000000000         1.4552463639         3.6847628572         3.0710495060
        0.0356295000         3.0000000000         1.4169614611         3.7000741219         2.0737396426
        0.0403876000         3.0000000000         1.4067521537         3.7153853867         1.8077903457
        0.0456049000         3.0000000000         1.4424847297         3.7255928965         2.7386128849
        0.0503826000         3.0000000000         1.4526940371         3.7281447740         3.0045621818
        0.0554029000         3.0000000000         1.4297230954         3.7409041613         2.4061762638
        0.0604300000         3.0000000000         1.4501417102         3.7511116711         2.9380748576
        0.0654083000         3.0000000000         1.4424847297         3.7613191810         2.7386128849
        0.0703890000         3.0000000000         1.4373800759         3.7664229359         2.6056382364
        0.0754022000         3.0000000000         1.4450370565         3.7740785683         2.8051002091
        0.0803822000         3.0000000000         1.4501417102         3.7919417105         2.9380748576
        0.0854251000         3.0000000000         1.4450370565         3.7995973429         2.8051002091
        0.0904388000         3.0000000000         1.4526940371         3.8123567301         3.0045621818
        0.0954368000         3.0000000000         1.4450370565         3.8225642400         2.8051002091
        0.1004214000         3.0000000000         1.4654556714         3.8429792597         3.3369988029
        0.1054755000         3.0000000000         1.4577986908         3.8531867695         3.1375368303
        0.1104058000         3.0000000000         1.4705603251         3.8710499117         3.4699734514
        0.1154472000         3.0000000000         1.4654556714         3.8838092990         3.3369988029
        0.1206543000         3.0000000000         1.4756649788         3.8940168088         3.6029480998
        0.1253831000         3.0000000000         1.4603510177         3.9042243187         3.2040241545
        0.1304161000         3.0000000000         1.4705603251         3.9220874609         3.4699734514
        0.1354287000         3.0000000000         1.4756649788         3.9297430933         3.6029480998
        0.1404107000         3.0000000000         1.4577986908         3.9348468482         3.1375368303
        0.1453906000         3.0000000000         1.4731126519         3.9552618679         3.5364607756
        0.1503832000         3.0000000000         1.4807696325         3.9731250101         3.7359227483
        0.1553912000         3.0000000000         1.4756649788         3.9884362748         3.6029480998
        0.1606317000         3.0000000000         1.4756649788         4.0037475396         3.6029480998
        0.1653996000         3.0000000000         1.4782173056         4.0165069269         3.6694354241
        0.1703966000         3.0000000000         1.4705603251         4.0241625592         3.4699734514
        0.1753984000         3.0000000000         1.4705603251         4.0369219465         3.4699734514
        0.1803763000         3.0000000000         1.4807696325         4.0445775789         3.7359227483
        0.1853907000         3.0000000000         1.4603510177         4.0573369662         3.2040241545
        0.1903971000         3.0000000000         1.4756649788         4.0726482310         3.6029480998
        0.1953798000         3.0000000000         1.4756649788         4.0930632506         3.6029480998
        0.2004258000         3.0000000000         1.4858742862         4.1007188830         3.8688973968
        0.2054333000         3.0000000000         1.4705603251         4.1185820252         3.4699734514
        0.2109074000         3.0000000000         1.4807696325         4.1441007998         3.7359227483
        0.2154604000         3.0000000000         1.4756649788         4.1492045547         3.6029480998
        0.2204323000         3.0000000000         1.4935312668         4.1696195744         4.0683593694
        0.2254105000         3.0000000000         1.4884266131         4.1823789617         3.9353847210
        0.2304087000         3.0000000000         1.4960835936         4.2002421039         4.1348466937
        0.2353995000         3.0000000000         1.4858742862         4.2155533687         3.8688973968
        0.2404117000         3.0000000000         1.4884266131         4.2283127560         3.9353847210
        0.2453933000         3.0000000000         1.4833219594         4.2385202658         3.8024100725
        0.2503978000         3.0000000000         1.4833219594         4.2461758982         3.8024100725
        0.2554049000         3.0000000000         1.4833219594         4.2691427953         3.8024100725
        0.2603859000         3.0000000000         1.4884266131         4.2819021826         3.9353847210
        0.2653991000         3.0000000000         1.4960835936         4.3048690797         4.1348466937
        0.2703877000         3.0000000000         1.4909789399         4.3201803445         4.0018720452
        0.2754778000         3.0000000000         1.4986359205         4.3354916092         4.2013340179
        0.2804052000         3.0000000000         1.4884266131         4.3482509965         3.9353847210
        0.2853879000         3.0000000000         1.4909789399         4.3635622613         4.0018720452
        0.2903877000         3.0000000000         1.4884266131         4.3737697711         3.9353847210
        0.2954014000         3.0000000000         1.4705603251         4.3839772810         3.4699734514
        0.3003816000         3.0000000000         1.4884266131         4.4018404232         3.9353847210
        0.3053956000         3.0000000000         1.4833219594         4.4197035654         3.8024100725
        0.3103825000         3.0000000000         1.4782173056         4.4350148301         3.6694354241
        0.3153914000         3.0000000000         1.4833219594         4.4503260949         3.8024100725
        0.3203883000         3.0000000000         1.4909789399         4.4681892371         4.0018720452
        0.3255704000         3.0000000000         1.4858742862         4.4809486244         3.8688973968
        0.3303832000         3.0000000000         1.4986359205         4.5013636441         4.2013340179
        0.3353928000         3.0000000000         1.4807696325         4.5115711539         3.7359227483
        0.3403833000         3.0000000000         1.4935312668         4.5268824187         4.0683593694
        0.3453870000         3.0000000000         1.4807696325         4.5421936834         3.7359227483
        0.3504000000         3.0000000000         1.4986359205         4.5677124580         4.2013340179
        0.3553847000         3.0000000000         1.4807696325         4.5702643355         3.7359227483
        0.3604063000         3.0000000000         1.4884266131         4.5881274777         3.9353847210
        0.3654361000         3.0000000000         1.4603510177         4.6161981297         3.2040241545
        0.3704091000         3.0000000000         1.5011882474         4.6264056396         4.2678213421
        0.3753967000         3.0000000000         1.4807696325         4.6315093945         3.7359227483
        0.3804030000         3.0000000000         1.4858742862         4.6468206592         3.8688973968
        0.3853838000         3.0000000000         1.4884266131         4.6748913113         3.9353847210
        0.3903879000         3.0000000000         1.4935312668         4.6876506986         4.0683593694
        0.3954005000         3.0000000000         1.4858742862         4.7029619633         3.8688973968
        0.4004125000         3.0000000000         1.4909789399         4.7106175957         4.0018720452
        0.4054822000         3.0000000000         1.4731126519         4.7361363703         3.5364607756
        0.4104156000         3.0000000000         1.4960835936         4.7437920027         4.1348466937
        0.4153856000         3.0000000000         1.4731126519         4.7642070224         3.5364607756
        0.4203965000         3.0000000000         1.5011882474         4.7795182871         4.2678213421
        0.4253748000         3.0000000000         1.4884266131         4.8024851842         3.9353847210
        0.4304554000         3.0000000000         1.4909789399         4.8126926941         4.0018720452
        0.4353900000         3.0000000000         1.4858742862         4.8254520814         3.8688973968
        0.4403773000         3.0000000000         1.4858742862         4.8407633461         3.8688973968
        0.4453861000         3.0000000000         1.4960835936         4.8611783658         4.1348466937
        0.4503961000         3.0000000000         1.5011882474         4.8866971404         4.2678213421
        0.4553864000         3.0000000000         1.4935312668         4.8943527728         4.0683593694
        0.4603876000         3.0000000000         1.4960835936         4.9122159150         4.1348466937
        0.4653920000         3.0000000000         1.4833219594         4.9300790572         3.8024100725
        0.4704056000         3.0000000000         1.5088452279         4.9453903219         4.4672833148
        0.4753883000         3.0000000000         1.4884266131         4.9555978318         3.9353847210
        0.4804033000         3.0000000000         1.5011882474         4.9785647289         4.2678213421
        0.4855029000         3.0000000000         1.4986359205         4.9964278711         4.2013340179
        0.4904709000         3.0000000000         1.4858742862         5.0015316260         3.8688973968
        0.4954256000         3.0000000000         1.5062929011         5.0066353810         4.4007959906
        0.5004116000         3.0000000000         1.4935312668         5.0015316260         4.0683593694
        0.5053976000         3.0000000000         1.4833219594         5.0066353810         3.8024100725
        0.5103983000         3.0000000000         1.4986359205         5.0066353810         4.2013340179
        0.5153822000         3.0000000000         1.5113975548         5.0117391359         4.5337706390
        0.5203988000         3.0000000000         1.5088452279         5.0117391359         4.4672833148
        0.5254180000         3.0000000000         1.5037405742         4.9887722387         4.3343086663
        0.5304129000         3.0000000000         1.4884266131         1.0895034814         3.9353847210
        0.5354006000         3.0000000000         1.5088452279         1.1073666236         4.4672833148
        0.5403869000         3.0000000000         1.5088452279         1.1175741334         4.4672833148
        0.5453874000         3.0000000000         1.5088452279         0.0100593162         4.4672833148
        0.5503949000         3.0000000000         1.5011882474         0.0075074388         4.2678213421
        0.5554062000         3.0000000000         1.5088452279         0.0075074388         4.4672833148
        0.5603864000         3.0000000000         1.5088452279         0.0049555613         4.4672833148
        0.5653899000         3.0000000000         1.5062929011         0.0024036839         4.4007959906
        0.5704051000         3.0000000000         1.5088452279         0.0024036839         4.4672833148
        0.5753813000         3.0000000000         1.4960835936        -0.0052519485         4.1348466937
        0.5804014000         3.0000000000         1.5088452279         0.0024036839         4.4672833148
        0.5853803000         3.0000000000         1.5062929011         0.0228187035         4.4007959906
        0.5903921000         3.0000000000         1.5062929011         0.0381299683         4.4007959906
        0.5954022000         3.0000000000         1.5062929011         0.0610968654         4.4007959906
        0.6004173000         3.0000000000         1.5062929011         0.0764081302         4.4007959906
        0.6053890000         3.0000000000         1.5113975548         0.0993750273         4.5337706390
        0.6103723000         3.0000000000         1.5011882474         0.1121344146         4.2678213421
        0.6154168000         3.0000000000         1.5113975548         0.1325494343         4.5337706390
        0.6204227000         3.0000000000         1.5139498816         0.1580682088         4.6002579632
        0.6254041000         3.0000000000         1.5062929011         0.1657238412         4.4007959906
        0.6303826000         3.0000000000         1.5037405742         0.1784832285         4.3343086663
        0.6353965000         3.0000000000         1.4935312668         0.1988982482         4.0683593694
        0.6403962000         3.0000000000         1.5088452279         0.2142095129         4.4672833148
        0.6453905000         3.0000000000         1.5037405742         0.2397282875         4.3343086663
        0.6503997000         3.0000000000         1.5241591891         0.2626951847         4.8662072602
        0.6554031000         3.0000000000         1.5062929011         0.2754545720         4.4007959906
        0.6603860000         3.0000000000         1.5216068622         0.2958695916         4.7997199359
        0.6653770000         3.0000000000         1.5062929011         0.3111808564         4.4007959906
        0.6703777000         3.0000000000         1.5088452279         0.3290439986         4.4672833148
        0.6753912000         3.0000000000         1.5165022085         0.3520108957         4.6667452875
        0.6803930000         3.0000000000         1.5113975548         0.3647702830         4.5337706390
        0.6853829000         3.0000000000         1.5088452279         0.3826334252         4.4672833148
        0.6903884000         3.0000000000         1.4986359205         0.3953928125         4.2013340179
        0.6954007000         3.0000000000         1.5113975548         0.4183597097         4.5337706390
        0.7004141000         3.0000000000         1.5088452279         0.4362228519         4.4672833148
        0.7054268000         3.0000000000         1.5088452279         0.4540859941         4.4672833148
        0.7103978000         3.0000000000         1.5241591891         0.4770528912         4.8662072602
        0.7153828000         3.0000000000         1.5088452279         0.4923641560         4.4672833148
        0.7203900000         3.0000000000         1.5113975548         0.5076754207         4.5337706390
        0.7254016000         3.0000000000         1.5165022085         0.5331941953         4.6667452875
        0.7303894000         3.0000000000         1.5113975548         0.5459535826         4.5337706390
        0.7354175000         3.0000000000         1.5113975548         0.5638167248         4.5337706390
        0.7404117000         3.0000000000         1.5037405742         0.5740242347         4.3343086663
        0.7454197000         3.0000000000         1.5113975548         0.5995430093         4.5337706390
        0.7503941000         3.0000000000         1.5088452279         0.6097505191         4.4672833148
        0.7554067000         3.0000000000         1.4960835936         0.6276136613         4.1348466937
        0.7603870000         3.0000000000         1.5165022085         0.6480286810         4.6667452875
        0.7654646000         3.0000000000         1.5113975548         0.6684437007         4.5337706390
        0.7704090000         3.0000000000         1.5011882474         0.6812030879         4.2678213421
        0.7754666000         3.0000000000         1.5190545354         0.7092737400         4.7332326117
        0.7804084000         3.0000000000         1.5139498816         0.7271368822         4.6002579632
        0.7855670000         3.0000000000         1.5113975548         0.7424481470         4.5337706390
        0.7903959000         3.0000000000         1.5062929011         0.7501037793         4.4007959906
        0.7953971000         3.0000000000         1.4960835936         0.7679669216         4.1348466937
        0.8004023000         3.0000000000         1.5113975548         0.7883819412         4.5337706390
        0.8053899000         3.0000000000         1.5062929011         0.8113488384         4.4007959906
        0.8104027000         3.0000000000         1.5369208233         0.8215563482         5.1986438813
        0.8154097000         3.0000000000         1.5062929011         0.8496270002         4.4007959906
        0.8203981000         3.0000000000         1.5062929011         0.8598345101         4.4007959906
        0.8253952000         3.0000000000         1.5088452279         0.8802495297         4.4672833148
        0.8304115000         3.0000000000         1.5139498816         0.9006645494         4.6002579632
        0.8353898000         3.0000000000         1.5113975548         0.9134239367         4.5337706390
        0.8403753000         3.0000000000         1.5037405742         0.9389427113         4.3343086663
        0.8453848000         3.0000000000         1.5190545354         0.9542539761         4.7332326117
        0.8503960000         3.0000000000         1.5062929011         0.9721171183         4.4007959906
        0.8556623000         3.0000000000         1.5190545354         0.9848765056         4.7332326117
        0.8604078000         3.0000000000         1.5011882474         1.0027396478         4.2678213421
        0.8655792000         3.0000000000         1.5088452279         1.0257065449         4.4672833148
        0.8704318000         3.0000000000         1.5139498816         1.0461215646         4.6002579632
        0.8753925000         3.0000000000         1.5267115159         1.0639847068         4.9326945844
        0.8803970000         3.0000000000         1.5496824576         1.0792959716         5.5310805024
        0.8853995000         3.0000000000         1.5113975548         1.1073666236         4.5337706390
        0.8903909000         3.0000000000         1.5113975548         1.1175741334         4.5337706390
        0.8954003000         3.0000000000         1.5241591891         1.1405410306         4.8662072602
        0.9003848000         3.0000000000         1.5241591891         1.1584041728         4.8662072602
        0.9053914000         3.0000000000         1.5088452279         1.1660598052         4.4672833148
        0.9103944000         3.0000000000         1.5216068622         1.1941304572         4.7997199359
        0.9153822000         3.0000000000         1.5241591891         1.2119935994         4.8662072602
        0.9203893000         3.0000000000         1.5165022085         1.2247529867         4.6667452875
        0.9253939000         3.0000000000         1.5037405742         1.2349604965         4.3343086663
        0.9303928000         3.0000000000         1.5088452279         1.2502717613         4.4672833148
        0.9353916000         3.0000000000         1.5241591891         1.2757905359         4.8662072602
        0.9409032000         3.0000000000         1.5165022085         1.2936536781         4.6667452875
        0.9453766000         3.0000000000         1.5420254771         1.3166205752         5.3316185297
        0.9503931000         3.0000000000         1.5165022085         1.3293799625         4.6667452875
        0.9554002000         3.0000000000         1.5088452279         1.3421393498         4.4672833148
        0.9603816000         3.0000000000         1.5216068622         1.3651062470         4.7997199359
        0.9654194000         3.0000000000         1.5062929011         1.3778656343         4.4007959906
        0.9703970000         3.0000000000         1.5241591891         1.4033844088         4.8662072602
        0.9753899000         3.0000000000         1.5139498816         1.4212475511         4.6002579632
        0.9803831000         3.0000000000         1.5318161696         1.4442144482         5.0656692328
        0.9854716000         3.0000000000         1.5062929011         1.4569738355         4.4007959906
        0.9903857000         3.0000000000         1.5241591891         1.4722851002         4.8662072602
        0.9954053000         3.0000000000         1.5062929011         1.4850444875         4.4007959906
        1.0004084000         3.0000000000         1.5318161696         1.5080113847         5.0656692328
        1.0054166000         3.0000000000         1.5113975548         1.5284264043         4.5337706390
        1.0104010000         3.0000000000         1.5165022085         1.5386339142         4.6667452875
        1.0153896000         3.0000000000         1.5318161696         1.5616008113         5.0656692328
        1.0203918000         3.0000000000         1.5165022085         1.5820158310         4.6667452875
        1.0254031000         3.0000000000         1.5139498816         1.6075346056         4.6002579632
        1.0304059000         3.0000000000         1.5165022085         1.6202939929         4.6667452875
        1.0354148000         3.0000000000         1.5292638428         1.6432608900         4.9991819086
        1.0404092000         3.0000000000         1.5113975548         1.6509165224         4.5337706390
        1.0454328000         3.0000000000         1.5088452279         1.6662277871         4.4672833148
        1.0504201000         3.0000000000         1.5062929011         1.6840909293         4.4007959906
        1.0554035000         3.0000000000         1.5113975548         1.6994021941         4.5337706390
        1.0603901000         3.0000000000         1.5062929011         1.7198172138         4.4007959906
        1.0655246000         3.0000000000         1.5165022085         1.7427841109         4.6667452875
        1.0704023000         3.0000000000         1.5037405742         1.7529916207         4.3343086663
        1.0754136000         3.0000000000         1.5088452279         1.7759585179         4.4672833148
        1.0803969000         3.0000000000         1.5190545354         1.7938216601         4.7332326117
        1.0853999000         3.0000000000         1.5088452279         1.8142366797         4.4672833148
        1.0903869000         3.0000000000         1.5190545354         1.8320998220         4.7332326117
        1.0953961000         3.0000000000         1.5062929011         1.8499629642         4.4007959906
        1.1003758000         3.0000000000         1.5190545354         1.8576185965         4.7332326117
        1.1053881000         3.0000000000         1.5062929011         1.8831373711         4.4007959906
        1.1103979000         3.0000000000         1.5062929011         1.8907930035         4.4007959906
        1.1154132000         3.0000000000         1.5011882474         1.9086561457         4.2678213421
        1.1204184000         3.0000000000         1.5113975548         1.9265192879         4.5337706390
        1.1253953000         3.0000000000         1.5037405742         1.9443824302         4.3343086663
        1.1303859000         3.0000000000         1.5037405742         1.9622455724         4.3343086663
        1.1354236000         3.0000000000         1.5139498816         1.9852124695         4.6002579632
        1.1404032000         3.0000000000         1.5062929011         1.9903162244         4.4007959906
        1.1454097000         3.0000000000         1.4960835936         2.0030756117         4.1348466937
        1.1503908000         3.0000000000         1.4986359205         2.0234906314         4.2013340179
        1.1553982000         3.0000000000         1.4960835936         2.0362500187         4.1348466937
        1.1603858000         3.0000000000         1.5088452279         2.0617687933         4.4672833148
        1.1653912000         3.0000000000         1.5062929011         2.0770800580         4.4007959906
        1.1703930000         3.0000000000         1.4935312668         2.0923913228         4.0683593694
        1.1754082000         3.0000000000         1.5062929011         2.1102544650         4.4007959906
        1.1803864000         3.0000000000         1.5113975548         2.1357732396         4.5337706390
        1.1853734000         3.0000000000         1.5088452279         2.1434288720         4.4672833148
        1.1903875000         3.0000000000         1.4986359205         2.1587401367         4.2013340179
        1.1953903000         3.0000000000         1.5062929011         2.1791551564         4.4007959906
        1.2004482000         3.0000000000         1.5037405742         2.1944664211         4.3343086663
        1.2053813000         3.0000000000         1.5037405742         2.2097776859         4.3343086663
        1.2103965000         3.0000000000         1.5062929011         2.2276408281         4.4007959906
        1.2153737000         3.0000000000         1.4935312668         2.2378483379         4.0683593694
        1.2204375000         3.0000000000         1.5011882474         2.2582633576         4.2678213421
        1.2253893000         3.0000000000         1.4986359205         2.2710227449         4.2013340179
        1.2303850000         3.0000000000         1.4986359205         2.2965415195         4.2013340179
        1.2353844000         3.0000000000         1.5037405742         2.3169565392         4.3343086663
        1.2404255000         3.0000000000         1.5011882474         2.3297159265         4.2678213421
        1.2453987000         3.0000000000         1.5011882474         2.3450271912         4.2678213421
        1.2504055000         3.0000000000         1.5037405742         2.3628903334         4.3343086663
        1.2553902000         3.0000000000         1.5088452279         2.3833053531         4.4672833148
        1.2603856000         3.0000000000         1.4960835936         2.3960647404         4.1348466937
        1.2653935000         3.0000000000         1.5011882474         2.4113760052         4.2678213421
        1.2703982000         3.0000000000         1.5088452279         2.4292391474         4.4672833148
        1.2753883000         3.0000000000         1.4960835936         2.4445504121         4.1348466937
        1.2806331000         3.0000000000         1.5011882474         2.4624135543         4.2678213421
        1.2853996000         3.0000000000         1.4884266131         2.4726210642         3.9353847210
        1.2903846000         3.0000000000         1.5113975548         2.4955879613         4.5337706390
        1.2953943000         3.0000000000         1.4935312668         2.5057954711         4.0683593694
        1.3003989000         3.0000000000         1.4960835936         2.5262104908         4.1348466937
        1.3053833000         3.0000000000         1.5216068622         2.5440736330         4.7997199359
        1.3103871000         3.0000000000         1.4986359205         2.5568330203         4.2013340179
        1.3153797000         3.0000000000         1.4960835936         2.5695924076         4.1348466937
        1.3203848000         3.0000000000         1.4909789399         2.5823517949         4.0018720452
        1.3253927000         3.0000000000         1.4960835936         2.6078705695         4.1348466937
        1.3304029000         3.0000000000         1.5088452279         2.6282855892         4.4672833148
        1.3353829000         3.0000000000         1.5037405742         2.6461487314         4.3343086663
        1.3403997000         3.0000000000         1.5062929011         2.6512524863         4.4007959906
        1.3453976000         3.0000000000         1.4909789399         2.6716675060         4.0018720452
        1.3505808000         3.0000000000         1.5037405742         2.6895306482         4.3343086663
        1.3553984000         3.0000000000         1.5011882474         2.7099456679         4.2678213421
        1.3604190000         3.0000000000         1.5190545354         2.7278088101         4.7332326117
        1.3654239000         3.0000000000         1.4986359205         2.7405681974         4.2013340179
        1.3703920000         3.0000000000         1.4909789399         2.7558794621         4.0018720452
        1.3754036000         3.0000000000         1.5011882474         2.7660869720         4.2678213421
        1.3804099000         3.0000000000         1.4807696325         2.7839501142         3.7359227483
        1.3853957000         3.0000000000         1.4960835936         2.7992613789         4.1348466937
        1.3903844000         3.0000000000         1.4858742862         2.8145726437         3.8688973968
        1.3953886000         3.0000000000         1.5011882474         2.8298839084         4.2678213421
        1.4003788000         3.0000000000         1.4986359205         2.8554026830         4.2013340179
        1.4054014000         3.0000000000         1.5088452279         2.8707139478         4.4672833148
        1.4103864000         3.0000000000         1.4935312668         2.8809214576         4.0683593694
        1.4153764000         3.0000000000         1.5062929011         2.9038883547         4.4007959906
        1.4203888000         3.0000000000         1.4986359205         2.9191996195         4.2013340179
        1.4253873000         3.0000000000         1.5113975548         2.9345108842         4.5337706390
        1.4303964000         3.0000000000         1.4986359205         2.9523740265         4.2013340179
        1.4354241000         3.0000000000         1.5062929011         2.9778928011         4.4007959906
        1.4403955000         3.0000000000         1.5062929011         2.9906521883         4.4007959906
        1.4454035000         3.0000000000         1.5088452279         3.0110672080         4.4672833148
        1.4503860000         3.0000000000         1.5088452279         3.0212747179         4.4672833148
        1.4553941000         3.0000000000         1.4960835936         3.0493453699         4.1348466937
        1.4604039000         3.0000000000         1.5062929011         3.0518972474         4.4007959906
        1.4653827000         3.0000000000         1.5011882474         3.0748641445         4.2678213421
        1.4704495000         3.0000000000         1.5139498816         3.0927272867         4.6002579632
        1.4753802000         3.0000000000         1.4986359205         3.1003829191         4.2013340179
        1.4803861000         3.0000000000         1.4935312668         3.1182460613         4.0683593694
        1.4853973000         3.0000000000         1.5088452279         3.1310054486         4.4672833148
        1.4904353000         3.0000000000         1.4935312668         3.1488685908         4.0683593694
        1.4954066000         3.0000000000         1.5062929011         3.1667317330         4.4007959906
        1.5003970000         3.0000000000         1.4833219594         3.1794911203         3.8024100725
        1.5053893000         3.0000000000         1.4960835936         3.1999061400         4.1348466937
        1.5103856000         3.0000000000         1.4960835936         3.2152174047         4.1348466937
        1.5154150000         3.0000000000         1.5088452279         3.2407361793         4.4672833148
        1.5204130000         3.0000000000         1.4935312668         3.2407361793         4.0683593694
        1.5254300000         3.0000000000         1.4858742862         3.2611511990         3.8688973968
        1.5304278000         3.0000000000         1.5037405742         3.2815662187         4.3343086663
        1.5354115000         3.0000000000         1.4986359205         3.2968774834         4.2013340179
        1.5403954000         3.0000000000         1.4986359205         3.3172925031         4.2013340179
        1.5453749000         3.0000000000         1.4935312668         3.3326037679         4.0683593694
        1.5503939000         3.0000000000         1.4858742862         3.3479150326         3.8688973968
        1.5553938000         3.0000000000         1.4909789399         3.3530187875         4.0018720452
        1.5604288000         3.0000000000         1.5113975548         3.3836413170         4.5337706390
        1.5654132000         3.0000000000         1.4960835936         3.4015044592         4.1348466937
        1.5703923000         3.0000000000         1.5088452279         3.4142638465         4.4672833148
        1.5754975000         3.0000000000         1.5037405742         3.4346788662         4.3343086663
        1.5804475000         3.0000000000         1.4986359205         3.4423344986         4.2013340179
        1.5854125000         3.0000000000         1.4986359205         3.4601976408         4.2013340179
        1.5903900000         3.0000000000         1.4884266131         3.4755089056         3.9353847210
        1.5953874000         3.0000000000         1.5139498816         3.4984758027         4.6002579632
        1.6003995000         3.0000000000         1.5062929011         3.5061314351         4.4007959906
        1.6053887000         3.0000000000         1.5037405742         3.5239945773         4.3343086663
        1.6103910000         3.0000000000         1.4833219594         3.5342020871         3.8024100725
        1.6154338000         3.0000000000         1.4935312668         3.5546171068         4.0683593694
        1.6203876000         3.0000000000         1.4986359205         3.5699283715         4.2013340179
        1.6253910000         3.0000000000         1.4986359205         3.5928952687         4.2013340179
        1.6304028000         3.0000000000         1.5062929011         3.6056546560         4.4007959906
        1.6353889000         3.0000000000         1.4858742862         3.6158621658         3.8688973968
        1.6403889000         3.0000000000         1.5088452279         3.6413809404         4.4672833148
        1.6453945000         3.0000000000         1.4960835936         3.6566922051         4.1348466937
        1.6503899000         3.0000000000         1.5062929011         3.6745553474         4.4007959906
        1.6553969000         3.0000000000         1.4909789399         3.6847628572         4.0018720452
        1.6603998000         3.0000000000         1.4935312668         3.6949703670         4.0683593694
        1.6653855000         3.0000000000         1.4884266131         3.7153853867         3.9353847210
        1.6704008000         3.0000000000         1.5088452279         3.7332485289         4.4672833148
        1.6754066000         3.0000000000         1.5165022085         3.7511116711         4.6667452875
        1.6804072000         3.0000000000         1.5011882474         3.7740785683         4.2678213421
        1.6855864000         3.0000000000         1.4909789399         3.7842860781         4.0018720452
        1.6903766000         3.0000000000         1.4960835936         3.7944935879         4.1348466937
        1.6953943000         3.0000000000         1.5062929011         3.8149086076         4.4007959906
        1.7005206000         3.0000000000         1.4935312668         3.8302198724         4.0683593694
        1.7053849000         3.0000000000         1.4935312668         3.8404273822         4.0683593694
        1.7103871000         3.0000000000         1.4909789399         3.8633942793         4.0018720452
        1.7153770000         3.0000000000         1.4986359205         3.8736017892         4.2013340179
        1.7203871000         3.0000000000         1.4884266131         3.8889130539         3.9353847210
        1.7253889000         3.0000000000         1.4884266131         3.9042243187         3.9353847210
        1.7303971000         3.0000000000         1.4884266131         3.9271912158         3.9353847210
        1.7354128000         3.0000000000         1.5037405742         3.9399506031         4.3343086663
        1.7403887000         3.0000000000         1.4884266131         3.9527099904         3.9353847210
        1.7454051000         3.0000000000         1.4986359205         3.9680212551         4.2013340179
        1.7503871000         3.0000000000         1.4884266131         3.9858843974         3.9353847210
        1.7553892000         3.0000000000         1.4960835936         4.0062994170         4.1348466937
        1.7604607000         3.0000000000         1.4935312668         4.0267144367         4.0683593694
        1.7653867000         3.0000000000         1.5062929011         4.0471294564         4.4007959906
        1.7703962000         3.0000000000         1.5037405742         4.0573369662         4.3343086663
        1.7753908000         3.0000000000         1.4858742862         4.0700963535         3.8688973968
        1.7803925000         3.0000000000         1.5062929011         4.0956151281         4.4007959906
        1.7853935000         3.0000000000         1.4935312668         4.1058226379         4.0683593694
        1.7904020000         3.0000000000         1.5165022085         4.1262376576         4.6667452875
        1.7954112000         3.0000000000         1.4884266131         4.1338932900         3.9353847210
        1.8003981000         3.0000000000         1.4960835936         4.1517564322         4.1348466937
        1.8054075000         3.0000000000         1.4960835936         4.1645158195         4.1348466937
        1.8103891000         3.0000000000         1.5011882474         4.1747233293         4.2678213421
        1.8153939000         3.0000000000         1.4833219594         4.1925864715         3.8024100725
        1.8204016000         3.0000000000         1.4909789399         4.2078977363         4.0018720452
        1.8253910000         3.0000000000         1.4884266131         4.2257608785         3.9353847210
        1.8303950000         3.0000000000         1.4986359205         4.2461758982         4.2013340179
        1.8353823000         3.0000000000         1.4986359205         4.2640390404         4.2013340179
        1.8403971000         3.0000000000         1.4986359205         4.2844540601         4.2013340179
        1.8454014000         3.0000000000         1.5011882474         4.2946615699         4.2678213421
        1.8503836000         3.0000000000         1.4858742862         4.3125247121         3.8688973968
        1.8553910000         3.0000000000         1.5062929011         4.3303878543         4.4007959906
        1.8603733000         3.0000000000         1.4960835936         4.3431472416         4.1348466937
        1.8654270000         3.0000000000         1.4935312668         4.3610103838         4.0683593694
        1.8703991000         3.0000000000         1.4986359205         4.3763216486         4.2013340179
        1.8754247000         3.0000000000         1.4935312668         4.3941847908         4.0683593694
        1.8803877000         3.0000000000         1.5165022085         4.4145998105         4.6667452875
        1.8853910000         3.0000000000         1.5011882474         4.4324629527         4.2678213421
        1.8904023000         3.0000000000         1.5113975548         4.4528779724         4.5337706390
        1.8953836000         3.0000000000         1.4807696325         4.4554298498         3.7359227483
        1.9003840000         3.0000000000         1.5062929011         4.4758448695         4.4007959906
        1.9053965000         3.0000000000         1.4986359205         4.4937080117         4.2013340179
        1.9103903000         3.0000000000         1.4935312668         4.5090192765         4.0683593694
        1.9153892000         3.0000000000         1.5011882474         4.5294342961         4.2678213421
        1.9204064000         3.0000000000         1.4960835936         4.5345380510         4.1348466937
        1.9253941000         3.0000000000         1.5088452279         4.5677124580         4.4672833148
        1.9303945000         3.0000000000         1.4986359205         4.5804718453         4.2013340179
        1.9353841000         3.0000000000         1.4909789399         4.5957831101         4.0018720452
        1.9403884000         3.0000000000         1.4960835936         4.6110943748         4.1348466937
        1.9454000000         3.0000000000         1.4986359205         4.6187500072         4.2013340179
        1.9503848000         3.0000000000         1.4909789399         4.6391650269         4.0018720452
        1.9553970000         3.0000000000         1.5037405742         4.6621319240         4.3343086663
        1.9603967000         3.0000000000         1.4935312668         4.6825469437         4.0683593694
        1.9653909000         3.0000000000         1.5088452279         4.7004100859         4.4672833148
        1.9703893000         3.0000000000         1.5062929011         4.7131694732         4.4007959906
        1.9753994000         3.0000000000         1.4935312668         4.7233769830         4.0683593694
        1.9804120000         3.0000000000         1.5062929011         4.7565513900         4.4007959906
        1.9855033000         3.0000000000         1.4858742862         4.7591032674         3.8688973968
        1.9904107000         3.0000000000         1.5088452279         4.7871739195         4.4672833148
        1.9954030000         3.0000000000         1.5088452279         4.7999333068         4.4672833148
        2.0003914000         3.0000000000         1.5011882474         4.8177964490         4.2678213421
        2.0053770000         3.0000000000         1.4986359205         4.8305558363         4.2013340179
        2.0103900000         3.0000000000         1.4935312668         4.8433152236         4.0683593694
        2.0153983000         3.0000000000         1.5113975548         4.8713858756         4.5337706390
        2.0203784000         3.0000000000         1.4884266131         4.8841452629         3.9353847210
        2.0254758000         3.0000000000         1.5088452279         4.9045602826         4.4672833148
        2.0304227000         3.0000000000         1.4960835936         4.9249753023         4.1348466937
        2.0354002000         3.0000000000         1.5292638428         4.9479421994         4.9991819086
        2.0403884000         3.0000000000         1.4986359205         4.9607015867         4.2013340179
        2.0453987000         3.0000000000         1.5165022085         4.9836684838         4.6667452875
        2.0503896000         3.0000000000         1.5088452279         4.9964278711         4.4672833148
        2.0553876000         3.0000000000         1.5113975548         5.0066353810         4.5337706390
        2.0603818000         3.0000000000         1.5241591891         5.0066353810         4.8662072602
        2.0655798000         3.0000000000         1.5139498816         5.0015316260         4.6002579632
        2.0704402000         3.0000000000         1.5088452279         5.0066353810         4.4672833148
        2.0753999000         3.0000000000         1.5139498816         5.0040835035         4.6002579632
        2.0804002000         3.0000000000         1.5216068622         5.0066353810         4.7997199359
        2.0854361000         3.0000000000         1.5062929011         4.9989797486         4.4007959906
        2.0904321000         3.0000000000         1.5113975548         1.1099185011         4.5337706390
        2.0954130000         3.0000000000         1.5062929011         1.1124703785         4.4007959906
        2.1003920000         3.0000000000         1.5139498816         1.1073666236         4.6002579632
        2.1054045000         3.0000000000         1.5139498816        -0.0027000711         4.6002579632
        2.1103859000         3.0000000000         1.5062929011         0.0024036839         4.4007959906
        2.1154175000         3.0000000000         1.5037405742         0.0024036839         4.3343086663
        2.1204009000         3.0000000000         1.5165022085         0.0024036839         4.6667452875
        2.1254158000         3.0000000000         1.5139498816         0.0024036839         4.6002579632
        2.1303955000         3.0000000000         1.5190545354         0.0049555613         4.7332326117
        2.1354042000         3.0000000000         1.4935312668        -0.0001481936         4.0683593694
        2.1403847000         3.0000000000         1.5190545354         0.0100593162         4.7332326117
        2.1453995000         3.0000000000         1.5088452279         0.0202668261         4.4672833148
        2.1503853000         3.0000000000         1.5113975548         0.0432337232         4.5337706390
        2.1554088000         3.0000000000         1.5113975548         0.0687524978         4.5337706390
        2.1603968000         3.0000000000         1.5267115159         0.0866156400         4.9326945844
        2.1653862000         3.0000000000         1.5190545354         0.1044787822         4.7332326117
        2.1703868000         3.0000000000         1.5139498816         0.1172381695         4.6002579632
        2.1755759000         3.0000000000         1.5190545354         0.1376531892         4.7332326117
        2.1804075000         3.0000000000         1.5113975548         0.1580682088         4.5337706390
        2.1853896000         3.0000000000         1.5062929011         0.1733794736         4.4007959906
        2.1904018000         3.0000000000         1.5037405742         0.1861388609         4.3343086663
        2.1954184000         3.0000000000         1.5088452279         0.2091057580         4.4672833148
        2.2003866000         3.0000000000         1.4986359205         0.2269689002         4.2013340179
        2.2054020000         3.0000000000         1.5088452279         0.2499357974         4.4672833148
        2.2103791000         3.0000000000         1.5139498816         0.2703508170         4.6002579632
        2.2153913000         3.0000000000         1.5037405742         0.2805583269         4.3343086663
        2.2203730000         3.0000000000         1.5113975548         0.3009733466         4.5337706390
        2.2253947000         3.0000000000         1.4935312668         0.3111808564         4.0683593694
        2.2303729000         3.0000000000         1.5062929011         0.3366996310         4.4007959906
        2.2353971000         3.0000000000         1.5011882474         0.3443552634         4.2678213421
        2.2404145000         3.0000000000         1.5165022085         0.3749777929         4.6667452875
        2.2454614000         3.0000000000         1.5037405742         0.3877371802         4.3343086663
        2.2504085000         3.0000000000         1.5318161696         0.4132559548         5.0656692328
        2.2554570000         3.0000000000         1.5088452279         0.4234634646         4.4672833148
        2.2604058000         3.0000000000         1.5113975548         0.4438784843         4.5337706390
        2.2654767000         3.0000000000         1.5037405742         0.4540859941         4.3343086663
        2.2703838000         3.0000000000         1.5190545354         0.4796047687         4.7332326117
        2.2754286000         3.0000000000         1.5088452279         0.4898122785         4.4672833148
        2.2804152000         3.0000000000         1.5216068622         0.5153310531         4.7997199359
        2.2853843000         3.0000000000         1.5165022085         0.5357460728         4.6667452875
        2.2903955000         3.0000000000         1.5216068622         0.5536092150         4.7997199359
        2.2953770000         3.0000000000         1.5062929011         0.5638167248         4.4007959906
        2.3003892000         3.0000000000         1.5165022085         0.5867836220         4.6667452875
        2.3053936000         3.0000000000         1.5037405742         0.5995430093         4.3343086663
        2.3103889000         3.0000000000         1.5113975548         0.6148542740         4.5337706390
        2.3153860000         3.0000000000         1.5037405742         0.6250617838         4.3343086663
        2.3203985000         3.0000000000         1.5113975548         0.6505805584         4.5337706390
        2.3253871000         3.0000000000         1.5088452279         0.6684437007         4.4672833148
        2.3303878000         3.0000000000         1.5113975548         0.6939624752         4.5337706390
        2.3354196000         3.0000000000         1.4986359205         0.6990662302         4.2013340179
        2.3403902000         3.0000000000         1.5139498816         0.7245850047         4.6002579632
        2.3454038000         3.0000000000         1.5139498816         0.7347925146         4.6002579632
        2.3504035000         3.0000000000         1.5165022085         0.7577594117         4.6667452875
        2.3553857000         3.0000000000         1.5062929011         0.7781744314         4.4007959906
        2.3603986000         3.0000000000         1.5190545354         0.7985894511         4.7332326117
        2.3653902000         3.0000000000         1.5165022085         0.8164525933         4.6667452875
        2.3703828000         3.0000000000         1.5190545354         0.8317638580         4.7332326117
        2.3753704000         3.0000000000         1.5062929011         0.8394194904         4.4007959906
        2.3804021000         3.0000000000         1.5190545354         0.8725938974         4.7332326117
        2.3853880000         3.0000000000         1.5190545354         0.8904570396         4.7332326117
        2.3903974000         3.0000000000         1.5165022085         0.9032164269         4.6667452875
        2.3953975000         3.0000000000         1.5318161696         0.9236314466         5.0656692328
        2.4003984000         3.0000000000         1.5113975548         0.9440464662         4.5337706390
        2.4054297000         3.0000000000         1.5267115159         0.9619096084         4.9326945844
        2.4104127000         3.0000000000         1.5139498816         0.9797727506         4.6002579632
        2.4153873000         3.0000000000         1.5241591891         0.9925321379         4.8662072602
        2.4203987000         3.0000000000         1.5113975548         1.0103952802         4.5337706390
        2.4254024000         3.0000000000         1.5190545354         1.0308102998         4.7332326117
        2.4304250000         3.0000000000         1.5011882474         1.0435696871         4.2678213421
        2.4354041000         3.0000000000         1.5139498816         1.0563290744         4.6002579632
        2.4404005000         3.0000000000         1.4986359205         1.0792959716         4.2013340179
        2.4453963000         3.0000000000         1.5088452279         1.0997109912         4.4672833148
        2.4504122000         3.0000000000         1.5113975548         1.1252297658         4.5337706390
        2.4554115000         3.0000000000         1.5165022085         1.1328853982         4.6667452875
        2.4603936000         3.0000000000         1.5190545354         1.1584041728         4.7332326117
        2.4653761000         3.0000000000         1.5113975548         1.1686116826         4.5337706390
        2.4703853000         3.0000000000         1.5088452279         1.1864748248         4.4672833148
        2.4755161000         3.0000000000         1.5139498816         1.1992342121         4.6002579632
        2.4803845000         3.0000000000         1.5062929011         1.2145454769         4.4007959906
        2.4855246000         3.0000000000         1.5139498816         1.2375123740         4.6002579632
        2.4904033000         3.0000000000         1.5216068622         1.2528236388         4.7997199359
        2.4954040000         3.0000000000         1.5292638428         1.2783424134         4.9991819086
        2.5004140000         3.0000000000         1.5088452279         1.2911018006         4.4672833148
        2.5053934000         3.0000000000         1.5165022085         1.3166205752         4.6667452875
        2.5103998000         3.0000000000         1.5139498816         1.3242762076         4.6002579632
        2.5153947000         3.0000000000         1.5165022085         1.3523468597         4.6667452875
        2.5203732000         3.0000000000         1.5139498816         1.3600024920         4.6002579632
        2.5253929000         3.0000000000         1.5139498816         1.3804175117         4.6002579632
        2.5303903000         3.0000000000         1.5165022085         1.3982806539         4.6667452875
        2.5354014000         3.0000000000         1.5062929011         1.4135919187         4.4007959906
        2.5403790000         3.0000000000         1.5267115159         1.4391106933         4.9326945844
        2.5454200000         3.0000000000         1.5037405742         1.4518700806         4.3343086663
        2.5503733000         3.0000000000         1.5088452279         1.4671813453         4.4672833148
        2.5553867000         3.0000000000         1.5088452279         1.4824926101         4.4672833148
        2.5603955000         3.0000000000         1.5088452279         1.5003557523         4.4672833148
        2.5654126000         3.0000000000         1.5113975548         1.5182188945         4.5337706390
        2.5704399000         3.0000000000         1.5037405742         1.5309782818         4.3343086663
        2.5754362000         3.0000000000         1.4960835936         1.5539451789         4.1348466937
        2.5804152000         3.0000000000         1.5062929011         1.5641526888         4.4007959906
        2.5854304000         3.0000000000         1.5037405742         1.5820158310         4.3343086663
        2.5904168000         3.0000000000         1.5062929011         1.6024308506         4.4007959906
        2.5954285000         3.0000000000         1.5113975548         1.6202939929         4.5337706390
        2.6004333000         3.0000000000         1.5062929011         1.6305015027         4.4007959906
        2.6053940000         3.0000000000         1.5113975548         1.6560202773         4.5337706390
        2.6103808000         3.0000000000         1.5088452279         1.6764352970         4.4672833148
        2.6153927000         3.0000000000         1.5139498816         1.6942984392         4.6002579632
        2.6203950000         3.0000000000         1.5088452279         1.7070578265         4.4672833148
        2.6253788000         3.0000000000         1.5088452279         1.7198172138         4.4672833148
        2.6303872000         3.0000000000         1.5088452279         1.7351284785         4.4672833148
        2.6353954000         3.0000000000         1.5011882474         1.7504397433         4.2678213421
        2.6403823000         3.0000000000         1.5292638428         1.7734066404         4.9991819086
        2.6454179000         3.0000000000         1.5088452279         1.7861660277         4.4672833148
        2.6504070000         3.0000000000         1.5011882474         1.8065810474         4.2678213421
        2.6554108000         3.0000000000         1.5113975548         1.8218923121         4.5337706390
        2.6603902000         3.0000000000         1.4960835936         1.8346516994         4.1348466937
        2.6655156000         3.0000000000         1.5088452279         1.8550667191         4.4672833148
        2.6704189000         3.0000000000         1.5113975548         1.8780336162         4.5337706390
        2.6753978000         3.0000000000         1.5165022085         1.8958967584         4.6667452875
        2.6804637000         3.0000000000         1.5088452279         1.9061042683         4.4672833148
        2.6855893000         3.0000000000         1.5088452279         1.9239674105         4.4672833148
        2.6903933000         3.0000000000         1.5088452279         1.9418305527         4.4672833148
        2.6953834000         3.0000000000         1.5062929011         1.9647974498         4.4007959906
        2.7003830000         3.0000000000         1.5165022085         1.9826605920         4.6667452875
        2.7054048000         3.0000000000         1.4858742862         1.9954199793         3.8688973968
        2.7104049000         3.0000000000         1.5139498816         2.0132831215         4.6002579632
        2.7153891000         3.0000000000         1.5062929011         2.0260425088         4.4007959906
        2.7203987000         3.0000000000         1.4986359205         2.0413537736         4.2013340179
        2.7253768000         3.0000000000         1.4986359205         2.0541131609         4.2013340179
        2.7304121000         3.0000000000         1.5088452279         2.0745281806         4.4672833148
        2.7354035000         3.0000000000         1.4935312668         2.0872875679         4.0683593694
        2.7403968000         3.0000000000         1.4986359205         2.1025988326         4.2013340179
        2.7454154000         3.0000000000         1.5062929011         2.1306694847         4.4007959906
        2.7504007000         3.0000000000         1.5113975548         2.1408769945         4.5337706390
        2.7554018000         3.0000000000         1.5037405742         2.1663957691         4.3343086663
        2.7603954000         3.0000000000         1.4986359205         2.1714995240         4.2013340179
        2.7653745000         3.0000000000         1.4935312668         2.1817070338         4.0683593694
        2.7703862000         3.0000000000         1.4960835936         2.1995701761         4.1348466937
        2.7754024000         3.0000000000         1.4960835936         2.2199851957         4.1348466937
        2.7804051000         3.0000000000         1.4960835936         2.2455039703         4.1348466937
        2.7853814000         3.0000000000         1.5216068622         2.2557114802         4.7997199359
        2.7904000000         3.0000000000         1.4935312668         2.2710227449         4.0683593694
        2.7953747000         3.0000000000         1.5037405742         2.2863340097         4.3343086663
        2.8003848000         3.0000000000         1.4986359205         2.3118527843         4.2013340179
        2.8053909000         3.0000000000         1.4986359205         2.3195084166         4.2013340179
        2.8104424000         3.0000000000         1.4884266131         2.3297159265         3.9353847210
        2.8153905000         3.0000000000         1.4960835936         2.3450271912         4.1348466937
        2.8204229000         3.0000000000         1.5011882474         2.3730978433         4.2678213421
        2.8254022000         3.0000000000         1.5062929011         2.3884091080         4.4007959906
        2.8303842000         3.0000000000         1.5037405742         2.4088241277         4.3343086663
        2.8353945000         3.0000000000         1.5062929011         2.4241353924         4.4007959906
        2.8403768000         3.0000000000         1.5062929011         2.4368947797         4.4007959906
        2.8453896000         3.0000000000         1.4960835936         2.4471022896         4.1348466937
        2.8504366000         3.0000000000         1.4986359205         2.4675173092         4.2013340179
        2.8554256000         3.0000000000         1.5037405742         2.4828285740         4.3343086663
        2.8603947000         3.0000000000         1.4935312668         2.4930360838         4.0683593694
        2.8655115000         3.0000000000         1.4986359205         2.5160029810         4.2013340179
        2.8704101000         3.0000000000         1.4986359205         2.5389698781         4.2013340179
        2.8753876000         3.0000000000         1.4986359205         2.5466255105         4.2013340179
        2.8803965000         3.0000000000         1.4960835936         2.5619367752         4.1348466937
        2.8854053000         3.0000000000         1.4986359205         2.5772480400         4.2013340179
        2.8903861000         3.0000000000         1.4858742862         2.5900074273         3.8688973968
        2.8953999000         3.0000000000         1.5062929011         2.6155262019         4.4007959906
        2.9003948000         3.0000000000         1.4909789399         2.6282855892         4.0018720452
        2.9054097000         3.0000000000         1.5139498816         2.6487006088         4.6002579632
        2.9103728000         3.0000000000         1.5011882474         2.6640118736         4.2678213421
        2.9154723000         3.0000000000         1.4935312668         2.6716675060         4.0683593694
        2.9203873000         3.0000000000         1.4935312668         2.6946344031         4.0683593694
        2.9253793000         3.0000000000         1.4960835936         2.7073937904         4.1348466937
        2.9303812000         3.0000000000         1.4986359205         2.7252569326         4.2013340179
        2.9353978000         3.0000000000         1.5037405742         2.7456719523         4.3343086663
        2.9404031000         3.0000000000         1.4884266131         2.7533275847         3.9353847210
        2.9453916000         3.0000000000         1.5011882474         2.7686388494         4.2678213421
        2.9503954000         3.0000000000         1.4960835936         2.7865019916         4.1348466937
        2.9553756000         3.0000000000         1.4960835936         2.8018132564         4.1348466937
        2.9603865000         3.0000000000         1.4986359205         2.8222282761         4.2013340179
        2.9654027000         3.0000000000         1.4960835936         2.8324357859         4.1348466937
        2.9704068000         3.0000000000         1.4858742862         2.8528508056         3.8688973968
        2.9753895000         3.0000000000         1.5011882474         2.8605064379         4.2678213421
        2.9803960000         3.0000000000         1.4833219594         2.8809214576         3.8024100725
        2.9854155000         3.0000000000         1.4909789399         2.8911289674         4.0018720452
        2.9904400000         3.0000000000         1.4960835936         2.9191996195         4.1348466937
        2.9953955000         3.0000000000         1.4884266131         2.9294071293         3.9353847210
        3.0003980000         3.0000000000         1.4884266131         2.9447183941         3.9353847210
        3.0054012000         3.0000000000         1.4935312668         2.9625815363         4.0683593694
        3.0104015000         3.0000000000         1.4935312668         2.9753409236         4.0683593694
        3.0153872000         3.0000000000         1.4884266131         2.9855484334         3.9353847210
        3.0204166000         3.0000000000         1.5011882474         3.0085153306         4.2678213421
        3.0254369000         3.0000000000         1.4833219594         3.0161709629         3.8024100725
        3.0304066000         3.0000000000         1.4935312668         3.0365859826         4.0683593694
        3.0354129000         3.0000000000         1.4884266131         3.0493453699         3.9353847210
        3.0403838000         3.0000000000         1.4909789399         3.0697603896         4.0018720452
        3.0454121000         3.0000000000         1.5037405742         3.0901754092         4.3343086663
        3.0503936000         3.0000000000         1.5037405742         3.1080385515         4.3343086663
        3.0554057000         3.0000000000         1.4909789399         3.1233498162         4.0018720452
        3.0603997000         3.0000000000         1.5062929011         3.1412129584         4.4007959906
        3.0654151000         3.0000000000         1.4833219594         3.1437648359         3.8024100725
        3.0703891000         3.0000000000         1.5216068622         3.1641798556         4.7997199359
        3.0753957000         3.0000000000         1.4807696325         3.1794911203         3.7359227483
        3.0803978000         3.0000000000         1.5011882474         3.1973542625         4.2678213421
        3.0853882000         3.0000000000         1.4884266131         3.2177692822         3.9353847210
        3.0904456000         3.0000000000         1.4960835936         3.2228730371         4.1348466937
        3.0954243000         3.0000000000         1.4858742862         3.2432880568         3.8688973968
        3.1004031000         3.0000000000         1.5088452279         3.2662549539         4.4672833148
        3.1054151000         3.0000000000         1.4986359205         3.2815662187         4.2013340179
        3.1104005000         3.0000000000         1.4960835936         3.2866699736         4.1348466937
        3.1153891000         3.0000000000         1.4858742862         3.3019812383         3.8688973968
        3.1203935000         3.0000000000         1.4858742862         3.3147406256         3.8688973968
        3.1254005000         3.0000000000         1.4858742862         3.3300518904         3.8688973968
        3.1303857000         3.0000000000         1.4858742862         3.3530187875         3.8688973968
        3.1353921000         3.0000000000         1.4960835936         3.3683300523         4.1348466937
        3.1403852000         3.0000000000         1.5062929011         3.3887450720         4.4007959906
        3.1453806000         3.0000000000         1.5062929011         3.4040563367         4.4007959906
        3.1504014000         3.0000000000         1.4884266131         3.4193676015         3.9353847210
        3.1554153000         3.0000000000         1.5037405742         3.4372307437         4.3343086663
        3.1603859000         3.0000000000         1.4884266131         3.4474382535         3.9353847210
        3.1653937000         3.0000000000         1.4960835936         3.4627495183         4.1348466937
        3.1703860000         3.0000000000         1.4705603251         3.4755089056         3.4699734514
        3.1753923000         3.0000000000         1.4935312668         3.4857164154         4.0683593694
        3.1803952000         3.0000000000         1.4858742862         3.5061314351         3.8688973968
        3.1854480000         3.0000000000         1.4884266131         3.5188908224         3.9353847210
        3.1903840000         3.0000000000         1.4884266131         3.5367539646         3.9353847210
        3.1953965000         3.0000000000         1.4884266131         3.5444095970         3.9353847210
        3.2006469000         3.0000000000         1.4909789399         3.5699283715         4.0018720452
        3.2053878000         3.0000000000         1.4884266131         3.5852396363         3.9353847210
        3.2104050000         3.0000000000         1.4884266131         3.5979990236         3.9353847210
        3.2153886000         3.0000000000         1.4833219594         3.6158621658         3.8024100725
        3.2204225000         3.0000000000         1.4833219594         3.6260696756         3.8024100725
        3.2254044000         3.0000000000         1.4884266131         3.6439328179         3.9353847210
        3.2304162000         3.0000000000         1.4858742862         3.6592440826         3.8688973968
        3.2353946000         3.0000000000         1.4807696325         3.6796591023         3.7359227483
        3.2404057000         3.0000000000         1.4884266131         3.6847628572         3.9353847210
        3.2453846000         3.0000000000         1.4833219594         3.7077297543         3.8024100725
        3.2504163000         3.0000000000         1.4858742862         3.7204891416         3.8688973968
        3.2553986000         3.0000000000         1.4858742862         3.7383522838         3.8688973968
        3.2603901000         3.0000000000         1.4960835936         3.7613191810         4.1348466937
        3.2653962000         3.0000000000         1.4833219594         3.7766304457         3.8024100725
        3.2703806000         3.0000000000         1.4909789399         3.7817342006         4.0018720452
        3.2753910000         3.0000000000         1.4756649788         3.7995973429         3.6029480998
        3.2803969000         3.0000000000         1.4960835936         3.8149086076         4.1348466937
        3.2853988000         3.0000000000         1.4680079982         3.8225642400         3.4034861272
        3.2903897000         3.0000000000         1.5113975548         3.8429792597         4.5337706390
        3.2953928000         3.0000000000         1.4756649788         3.8582905244         3.6029480998
        3.3003840000         3.0000000000         1.4935312668         3.8787055441         4.0683593694
        3.3053841000         3.0000000000         1.4884266131         3.8940168088         3.9353847210
        3.3104022000         3.0000000000         1.4909789399         3.9093280736         4.0018720452
        3.3153831000         3.0000000000         1.4756649788         3.9169837060         3.6029480998
        3.3203857000         3.0000000000         1.4986359205         3.9399506031         4.2013340179
        3.3253956000         3.0000000000         1.4705603251         3.9425024806         3.4699734514
        3.3304069000         3.0000000000         1.4935312668         3.9629175002         4.0683593694
        3.3354389000         3.0000000000         1.4756649788         3.9782287650         3.6029480998
        3.3403823000         3.0000000000         1.4884266131         3.9909881523         3.9353847210
        3.3453852000         3.0000000000         1.4705603251         3.9986437847         3.4699734514
        3.3504118000         3.0000000000         1.4884266131         4.0241625592         3.9353847210
        3.3553950000         3.0000000000         1.4833219594         4.0420257015         3.8024100725
        3.3603864000         3.0000000000         1.4960835936         4.0573369662         4.1348466937
        3.3654075000         3.0000000000         1.4807696325         4.0700963535         3.7359227483
        3.3704065000         3.0000000000         1.4935312668         4.0879594957         4.0683593694
        3.3753856000         3.0000000000         1.4782173056         4.0956151281         3.6694354241
        3.3803925000         3.0000000000         1.4909789399         4.1109263928         4.0018720452
        3.3854278000         3.0000000000         1.4756649788         4.1185820252         3.6029480998
        3.3904342000         3.0000000000         1.4833219594         4.1338932900         3.8024100725
        3.3954186000         3.0000000000         1.4731126519         4.1492045547         3.5364607756
        3.4003797000         3.0000000000         1.4807696325         4.1594120646         3.7359227483
        3.4054128000         3.0000000000         1.4858742862         4.1798270842         3.8688973968
        3.4103906000         3.0000000000         1.4782173056         4.1925864715         3.6694354241
        3.4153765000         3.0000000000         1.4782173056         4.2104496138         3.6694354241
        3.4203841000         3.0000000000         1.4782173056         4.2232090010         3.6694354241
        3.4253921000         3.0000000000         1.4782173056         4.2410721433         3.6694354241
        3.4303738000         3.0000000000         1.4833219594         4.2487277756         3.8024100725
        3.4354197000         3.0000000000         1.4731126519         4.2640390404         3.5364607756
        3.4403916000         3.0000000000         1.4833219594         4.2819021826         3.8024100725
        3.4453857000         3.0000000000         1.4807696325         4.2921096924         3.7359227483
        3.4503832000         3.0000000000         1.4705603251         4.3074209572         3.4699734514
        3.4553933000         3.0000000000         1.4833219594         4.3227322219         3.8024100725
        3.4603786000         3.0000000000         1.4833219594         4.3405953642         3.8024100725
        3.4653931000         3.0000000000         1.4833219594         4.3559066289         3.8024100725
        3.4703988000         3.0000000000         1.4884266131         4.3712178937         3.9353847210
        3.4754274000         3.0000000000         1.4782173056         4.3839772810         3.6694354241
        3.4803964000         3.0000000000         1.4833219594         4.4043923006         3.8024100725
        3.4854005000         3.0000000000         1.4935312668         4.4197035654         4.0683593694
        3.4904256000         3.0000000000         1.4680079982         4.4273591978         3.4034861272
        3.4954208000         3.0000000000         1.4986359205         4.4503260949         4.2013340179
        3.5003841000         3.0000000000         1.4782173056         4.4630854822         3.6694354241
        3.5053969000         3.0000000000         1.5011882474         4.4809486244         4.2678213421
        3.5103968000         3.0000000000         1.4756649788         4.4911561342         3.6029480998
        3.5153821000         3.0000000000         1.4858742862         4.5115711539         3.8688973968
        3.5203800000         3.0000000000         1.4909789399         4.5268824187         4.0018720452
        3.5254020000         3.0000000000         1.4884266131         4.5421936834         3.9353847210
        3.5304078000         3.0000000000         1.4884266131         4.5626087031         3.9353847210
        3.5353950000         3.0000000000         1.4884266131         4.5677124580         3.9353847210
        3.5403996000         3.0000000000         1.4884266131         4.5906793551         3.9353847210
        3.5454114000         3.0000000000         1.4909789399         4.6059906199         4.0018720452
        3.5503910000         3.0000000000         1.4833219594         4.6136462523         3.8024100725
        3.5554124000         3.0000000000         1.4909789399         4.6340612719         4.0018720452
        3.5604057000         3.0000000000         1.4960835936         4.6468206592         4.1348466937
        3.5654055000         3.0000000000         1.4858742862         4.6697875564         3.8688973968
        3.5704259000         3.0000000000         1.4909789399         4.6850988211         4.0018720452
        3.5753831000         3.0000000000         1.5062929011         4.7029619633         4.4007959906
        3.5803899000         3.0000000000         1.4909789399         4.7157213506         4.0018720452
        3.5853995000         3.0000000000         1.4909789399         4.7412401252         4.0018720452
        3.5903892000         3.0000000000         1.4884266131         4.7488957576         3.9353847210
        3.5953957000         3.0000000000         1.4833219594         4.7616551449         3.8024100725
        3.6004039000         3.0000000000         1.5062929011         4.7871739195         4.4007959906
        3.6053834000         3.0000000000         1.4884266131         4.8101408166         3.9353847210
        3.6103897000         3.0000000000         1.5037405742         4.8280039588         4.3343086663
        3.6153826000         3.0000000000         1.4884266131         4.8356595912         3.9353847210
        3.6204061000         3.0000000000         1.5037405742         4.8560746109         4.3343086663
        3.6253885000         3.0000000000         1.4986359205         4.8688339982         4.2013340179
        3.6304001000         3.0000000000         1.4935312668         4.8918008953         4.0683593694
        3.6353897000         3.0000000000         1.4884266131         4.8943527728         3.9353847210
        3.6403914000         3.0000000000         1.4807696325         4.9147677924         3.7359227483
        3.6454020000         3.0000000000         1.4858742862         4.9351828121         3.8688973968
        3.6504239000         3.0000000000         1.5062929011         4.9632534642         4.4007959906
        3.6553984000         3.0000000000         1.4884266131         4.9683572191         3.9353847210
        3.6603765000         3.0000000000         1.4935312668         4.9862203613         4.0683593694
        3.6653849000         3.0000000000         1.4858742862         4.9964278711         3.8688973968
        3.6704017000         3.0000000000         1.4986359205         5.0091872584         4.2013340179
        3.6754061000         3.0000000000         1.5088452279         5.0117391359         4.4672833148
        3.6804133000         3.0000000000         1.4909789399         5.0066353810         4.0018720452
        3.6853947000         3.0000000000         1.4986359205         5.0040835035         4.2013340179
        3.6904049000         3.0000000000         1.4935312668         5.0015316260         4.0683593694
        3.6953952000         3.0000000000         1.4960835936         5.0015316260         4.1348466937
        3.7003999000         3.0000000000         1.4909789399         5.0015316260         4.0018720452
        3.7053810000         3.0000000000         1.4960835936         1.1124703785         4.1348466937
        3.7103894000         3.0000000000         1.5037405742         1.1175741334         4.3343086663
        3.7153957000         3.0000000000         1.5062929011         1.1124703785         4.4007959906
        3.7204060000         3.0000000000         1.4986359205         1.1073666236         4.2013340179
        3.7253934000         3.0000000000         1.4884266131        -0.0001481936         3.9353847210
        3.7304271000         3.0000000000         1.4986359205         0.0024036839         4.2013340179
        3.7354109000         3.0000000000         1.4909789399         0.0024036839         4.0018720452
        3.7404255000         3.0000000000         1.5139498816         0.0024036839         4.6002579632
        3.7454198000         3.0000000000         1.4960835936         0.0024036839         4.1348466937
        3.7504145000         3.0000000000         1.5011882474        -0.0001481936         4.2678213421
        3.7554027000         3.0000000000         1.4960835936         0.0024036839         4.1348466937
        3.7604173000         3.0000000000         1.5037405742         0.0049555613         4.3343086663
        3.7654465000         3.0000000000         1.5037405742         0.0279224584         4.3343086663
        3.7704649000         3.0000000000         1.5267115159         0.0457856007         4.9326945844
        3.7754316000         3.0000000000         1.4960835936         0.0559931105         4.1348466937
        3.7804251000         3.0000000000         1.4909789399         0.0687524978         4.0018720452
        3.7854262000         3.0000000000         1.4986359205         0.0866156400         4.2013340179
        3.7905256000         3.0000000000         1.4960835936         0.1070306597         4.1348466937
        3.7954096000         3.0000000000         1.5062929011         0.1248938019         4.4007959906
        3.8004157000         3.0000000000         1.5037405742         0.1478606990         4.3343086663
        3.8054175000         3.0000000000         1.5113975548         0.1657238412         4.5337706390
        3.8104517000         3.0000000000         1.5037405742         0.1861388609         4.3343086663
        3.8154124000         3.0000000000         1.5088452279         0.1963463707         4.4672833148
        3.8203857000         3.0000000000         1.4986359205         0.2065538806         4.2013340179
        3.8254031000         3.0000000000         1.4935312668         0.2218651453         4.0683593694
        3.8307916000         3.0000000000         1.5037405742         0.2473839199         4.3343086663
        3.8354075000         3.0000000000         1.4960835936         0.2626951847         4.1348466937
        3.8403953000         3.0000000000         1.4935312668         0.2780064494         4.0683593694
        3.8453993000         3.0000000000         1.4960835936         0.2933177142         4.1348466937
        3.8503852000         3.0000000000         1.5037405742         0.3162846113         4.3343086663
        3.8553908000         3.0000000000         1.4986359205         0.3341477535         4.2013340179
        3.8603989000         3.0000000000         1.5062929011         0.3494590183         4.4007959906
        3.8654115000         3.0000000000         1.5292638428         0.3724259154         4.9991819086
        3.8703942000         3.0000000000         1.5088452279         0.3851853027         4.4672833148
        3.8753965000         3.0000000000         1.4986359205         0.4030484449         4.2013340179
        3.8803862000         3.0000000000         1.5037405742         0.4183597097         4.3343086663
        3.8853974000         3.0000000000         1.5011882474         0.4362228519         4.2678213421
        3.8904013000         3.0000000000         1.5062929011         0.4515341166         4.4007959906
        3.8953866000         3.0000000000         1.5190545354         0.4796047687         4.7332326117
        3.9004042000         3.0000000000         1.5113975548         0.4949160334         4.5337706390
        3.9054016000         3.0000000000         1.5139498816         0.5127791757         4.6002579632
        3.9103845000         3.0000000000         1.5088452279         0.5255385629         4.4672833148
        3.9153761000         3.0000000000         1.5011882474         0.5331941953         4.2678213421
        3.9203815000         3.0000000000         1.5037405742         0.5510573375         4.3343086663
        3.9253890000         3.0000000000         1.4986359205         0.5689204797         4.2013340179
        3.9303945000         3.0000000000         1.5062929011         0.5893354994         4.4007959906
        3.9353827000         3.0000000000         1.5113975548         0.6123023966         4.5337706390
        3.9405060000         3.0000000000         1.5011882474         0.6276136613         4.2678213421
        3.9453962000         3.0000000000         1.5165022085         0.6480286810         4.6667452875
        3.9503878000         3.0000000000         1.5139498816         0.6709955781         4.6002579632
        3.9553876000         3.0000000000         1.5165022085         0.6863068429         4.6667452875
        3.9603966000         3.0000000000         1.5088452279         0.7067218625         4.4672833148
        3.9653887000         3.0000000000         1.5165022085         0.7169293724         4.6667452875
        3.9703957000         3.0000000000         1.5113975548         0.7398962695         4.5337706390
        3.9755518000         3.0000000000         1.5165022085         0.7552075343         4.6667452875
        3.9804348000         3.0000000000         1.4986359205         0.7654150441         4.2013340179
        3.9854500000         3.0000000000         1.5267115159         0.7883819412         4.9326945844
        3.9904240000         3.0000000000         1.5088452279         0.8036932060         4.4672833148
        3.9954261000         3.0000000000         1.5113975548         0.8241082257         4.5337706390
        4.0003951000         3.0000000000         1.5037405742         0.8368676129         4.3343086663
