% Sweep Step 96/200  Vcmd=2.0200V  CCW 
% Vg_offset=1.337074V  K_gimbal=26.049690

Time[s]              Vcmd[V]              Vg_raw[V]            Pot[V]             Omega[rad/s]
        0.0021816000         2.0200000000         1.3327346748         0.6582361908        -0.1130284512
        0.0057660000         2.0200000000         1.3378393285         0.6607880683         0.0199461973
        0.0105678000         2.0200000000         1.3378393285         0.6658918232         0.0199461973
        0.0156159000         2.0200000000         1.3378393285         0.6633399457         0.0199461973
        0.0206097000         2.0200000000         1.3301823480         0.6556843134        -0.1795157754
        0.0256746000         2.0200000000         1.3352870017         0.6607880683        -0.0465411270
        0.0306082000         2.0200000000         1.2638218497         0.6582361908        -1.9081862053
        0.0355110000         2.0200000000         1.2280892737         0.6480286810        -2.8390087445
        0.0405144000         2.0200000000         1.2689265034         0.6429249261        -1.7752115569
        0.0455760000         2.0200000000         1.2689265034         0.6429249261        -1.7752115569
        0.0505677000         2.0200000000         1.2153276394         0.6250617838        -3.1714453656
        0.0557107000         2.0200000000         1.2485078886         0.6148542740        -2.3071101507
        0.0605947000         2.0200000000         1.2153276394         0.5995430093        -3.1714453656
        0.0655204000         2.0200000000         1.2229846200         0.5918873769        -2.9719833929
        0.0704940000         2.0200000000         1.2306416006         0.5816798670        -2.7725214203
        0.0755518000         2.0200000000         1.2102229857         0.5638167248        -3.3044200141
        0.0805698000         2.0200000000         1.2331939274         0.5663686023        -2.7060340960
        0.0855506000         2.0200000000         1.2127753126         0.5459535826        -3.2379326898
        0.0904649000         2.0200000000         1.2178799663         0.5331941953        -3.1049580414
        0.0957562000         2.0200000000         1.2178799663         0.5153310531        -3.1049580414
        0.1004842000         2.0200000000         1.2127753126         0.5153310531        -3.2379326898
        0.1054792000         2.0200000000         1.2127753126         0.5025716658        -3.2379326898
        0.1105089000         2.0200000000         1.2229846200         0.4847085236        -2.9719833929
        0.1155874000         2.0200000000         1.2000136783         0.4693972588        -3.5703693110
        0.1205959000         2.0200000000         1.2127753126         0.4566378716        -3.2379326898
        0.1254733000         2.0200000000         1.2127753126         0.4438784843        -3.2379326898
        0.1306010000         2.0200000000         1.1923566977         0.4387747293        -3.7698312837
        0.1355997000         2.0200000000         1.2102229857         0.4209115871        -3.3044200141
        0.1405187000         2.0200000000         1.2102229857         0.4030484449        -3.3044200141
        0.1455864000         2.0200000000         1.2127753126         0.3928409351        -3.2379326898
        0.1506013000         2.0200000000         1.1974613514         0.3775296703        -3.6368566352
        0.1555531000         2.0200000000         1.2000136783         0.3571146507        -3.5703693110
        0.1605866000         2.0200000000         1.2000136783         0.3494590183        -3.5703693110
        0.1655326000         2.0200000000         1.2000136783         0.3315958761        -3.5703693110
        0.1704689000         2.0200000000         1.2076706589         0.3290439986        -3.3709073383
        0.1755041000         2.0200000000         1.1949090246         0.3009733466        -3.7033439594
        0.1804668000         2.0200000000         1.1898043709         0.2856620818        -3.8363186079
        0.1855138000         2.0200000000         1.2076706589         0.2856620818        -3.3709073383
        0.1905322000         2.0200000000         1.1923566977         0.2601433072        -3.7698312837
        0.1955635000         2.0200000000         1.1949090246         0.2550395523        -3.7033439594
        0.2005387000         2.0200000000         1.2000136783         0.2346245326        -3.5703693110
        0.2055027000         2.0200000000         1.2255369469         0.2269689002        -2.9054960687
        0.2105288000         2.0200000000         1.1949090246         0.2040020031        -3.7033439594
        0.2155657000         2.0200000000         1.1974613514         0.1963463707        -3.6368566352
        0.2206400000         2.0200000000         1.1898043709         0.1708275961        -3.8363186079
        0.2256079000         2.0200000000         1.2000136783         0.1657238412        -3.5703693110
        0.2307242000         2.0200000000         1.1974613514         0.1427569441        -3.6368566352
        0.2354679000         2.0200000000         1.1898043709         0.1351013117        -3.8363186079
        0.2405612000         2.0200000000         1.1974613514         0.1121344146        -3.6368566352
        0.2455549000         2.0200000000         1.1923566977         0.0968231498        -3.7698312837
        0.2505461000         2.0200000000         1.1846997172         0.0764081302        -3.9692932563
        0.2557666000         2.0200000000         1.1923566977         0.0662006203        -3.7698312837
        0.2605233000         2.0200000000         1.1974613514         0.0534412330        -3.6368566352
        0.2655325000         2.0200000000         1.1821473903         0.0355780908        -4.0357805806
        0.2704855000         2.0200000000         1.2178799663         0.0330262134        -3.1049580414
        0.2755765000         2.0200000000         1.1923566977         0.0100593162        -3.7698312837
        0.2805663000         2.0200000000         1.1795950634        -0.0027000711        -4.1022679048
        0.2855052000         2.0200000000         1.2000136783         0.0100593162        -3.5703693110
        0.2907810000         2.0200000000         1.1846997172         0.0024036839        -3.9692932563
        0.2955578000         2.0200000000         1.1949090246         0.0100593162        -3.7033439594
        0.3004878000         2.0200000000         1.1872520440        -0.0001481936        -3.9028059321
        0.3055042000         2.0200000000         1.1898043709         0.0024036839        -3.8363186079
        0.3104519000         2.0200000000         1.1872520440        -0.0027000711        -3.9028059321
        0.3155821000         2.0200000000         1.2025660052         0.0075074388        -3.5038819867
        0.3205493000         2.0200000000         1.1821473903         1.1073666236        -4.0357805806
        0.3255729000         2.0200000000         1.1846997172         1.1048147461        -3.9692932563
        0.3305160000         2.0200000000         1.1974613514         1.1150222560        -3.6368566352
        0.3355509000         2.0200000000         1.1770427366         1.1048147461        -4.1687552290
        0.3404934000         2.0200000000         1.1898043709         5.0066353810        -3.8363186079
        0.3454943000         2.0200000000         1.2000136783         5.0040835035        -3.5703693110
        0.3505235000         2.0200000000         1.1898043709         5.0066353810        -3.8363186079
        0.3554840000         2.0200000000         1.1923566977         5.0066353810        -3.7698312837
        0.3606825000         2.0200000000         1.1821473903         5.0040835035        -4.0357805806
        0.3654301000         2.0200000000         1.1872520440         5.0066353810        -3.9028059321
        0.3705202000         2.0200000000         1.1898043709         5.0066353810        -3.8363186079
        0.3755783000         2.0200000000         1.1795950634         5.0066353810        -4.1022679048
        0.3805413000         2.0200000000         1.1795950634         4.9913241162        -4.1022679048
        0.3855777000         2.0200000000         1.1821473903         4.9913241162        -4.0357805806
        0.3905463000         2.0200000000         1.1923566977         4.9709090965        -3.7698312837
        0.3955595000         2.0200000000         1.1898043709         4.9555978318        -3.8363186079
        0.4005016000         2.0200000000         1.1770427366         4.9453903219        -4.1687552290
        0.4055032000         2.0200000000         1.1795950634         4.9173196699        -4.1022679048
        0.4104998000         2.0200000000         1.1846997172         4.9122159150        -3.9692932563
        0.4155034000         2.0200000000         1.1770427366         4.8918008953        -4.1687552290
        0.4205413000         2.0200000000         1.1949090246         4.8739377531        -3.7033439594
        0.4255793000         2.0200000000         1.1821473903         4.8637302433        -4.0357805806
        0.4304639000         2.0200000000         1.1744904097         4.8305558363        -4.2352425532
        0.4356398000         2.0200000000         1.1923566977         4.8305558363        -3.7698312837
        0.4406240000         2.0200000000         1.1872520440         4.8152445715        -3.9028059321
        0.4455018000         2.0200000000         1.1898043709         4.7999333068        -3.8363186079
        0.4504612000         2.0200000000         1.1923566977         4.7795182871        -3.7698312837
        0.4555454000         2.0200000000         1.1846997172         4.7591032674        -3.9692932563
        0.4604769000         2.0200000000         1.1923566977         4.7488957576        -3.7698312837
        0.4655485000         2.0200000000         1.1770427366         4.7208251056        -4.1687552290
        0.4705137000         2.0200000000         1.1898043709         4.7106175957        -3.8363186079
        0.4754537000         2.0200000000         1.1872520440         4.6978582084        -3.9028059321
        0.4806465000         2.0200000000         1.1821473903         4.6850988211        -4.0357805806
        0.4855132000         2.0200000000         1.1795950634         4.6595800465        -4.1022679048
        0.4906388000         2.0200000000         1.1846997172         4.6493725367        -3.9692932563
        0.4954600000         2.0200000000         1.1821473903         4.6391650269        -4.0357805806
        0.5005076000         2.0200000000         1.1923566977         4.6085424974        -3.7698312837
        0.5054866000         2.0200000000         1.1898043709         4.5957831101        -3.8363186079
        0.5104862000         2.0200000000         1.1949090246         4.5906793551        -3.7033439594
        0.5155894000         2.0200000000         1.1795950634         4.5626087031        -4.1022679048
        0.5204544000         2.0200000000         1.1923566977         4.5549530707        -3.7698312837
        0.5255249000         2.0200000000         1.1872520440         4.5319861736        -3.9028059321
        0.5305685000         2.0200000000         1.1719380829         4.5243305412        -4.3017298775
        0.5354821000         2.0200000000         1.1821473903         4.5039155215        -4.0357805806
        0.5405237000         2.0200000000         1.1898043709         4.4860523793        -3.8363186079
        0.5455524000         2.0200000000         1.1719380829         4.4758448695        -4.3017298775
        0.5505809000         2.0200000000         1.2000136783         4.4605336047        -3.5703693110
        0.5555458000         2.0200000000         1.1617287755         4.4375667076        -4.5676791744
        0.5605537000         2.0200000000         1.1898043709         4.4350148301        -3.8363186079
        0.5657173000         2.0200000000         1.1923566977         4.4120479330        -3.7698312837
        0.5706872000         2.0200000000         1.1795950634         4.3992885457        -4.1022679048
        0.5756129000         2.0200000000         1.1821473903         4.3712178937        -4.0357805806
        0.5805739000         2.0200000000         1.1872520440         4.3661141388        -3.9028059321
        0.5855706000         2.0200000000         1.1693857560         4.3482509965        -4.3682172017
        0.5905614000         2.0200000000         1.1923566977         4.3278359769        -3.7698312837
        0.5955513000         2.0200000000         1.1770427366         4.3150765896        -4.1687552290
        0.6005090000         2.0200000000         1.1898043709         4.3074209572        -3.8363186079
        0.6054833000         2.0200000000         1.1795950634         4.2793503051        -4.1022679048
        0.6105922000         2.0200000000         1.1949090246         4.2793503051        -3.7033439594
        0.6155983000         2.0200000000         1.1795950634         4.2512796531        -4.1022679048
        0.6205731000         2.0200000000         1.1898043709         4.2436240207        -3.8363186079
        0.6256222000         2.0200000000         1.1693857560         4.2206571236        -4.3682172017
        0.6306755000         2.0200000000         1.1898043709         4.2104496138        -3.8363186079
        0.6355726000         2.0200000000         1.1872520440         4.1951383490        -3.9028059321
        0.6404638000         2.0200000000         1.1770427366         4.1747233293        -4.1687552290
        0.6455570000         2.0200000000         1.1898043709         4.1568601871        -3.8363186079
        0.6507823000         2.0200000000         1.1846997172         4.1568601871        -3.9692932563
        0.6556925000         2.0200000000         1.1795950634         4.1313414125        -4.1022679048
        0.6605843000         2.0200000000         1.1923566977         4.1211339027        -3.7698312837
        0.6656562000         2.0200000000         1.1693857560         4.0981670056        -4.3682172017
        0.6705049000         2.0200000000         1.2076706589         4.0879594957        -3.3709073383
        0.6756687000         2.0200000000         1.1872520440         4.0803038633        -3.9028059321
        0.6805918000         2.0200000000         1.1770427366         4.0547850888        -4.1687552290
        0.6854697000         2.0200000000         1.1949090246         4.0420257015        -3.7033439594
        0.6907000000         2.0200000000         1.1719380829         4.0241625592        -4.3017298775
        0.6956774000         2.0200000000         1.1821473903         4.0241625592        -4.0357805806
        0.7005021000         2.0200000000         1.1770427366         4.0037475396        -4.1687552290
        0.7056051000         2.0200000000         1.1821473903         3.9858843974        -4.0357805806
        0.7106357000         2.0200000000         1.2025660052         3.9680212551        -3.5038819867
        0.7155592000         2.0200000000         1.1668334292         3.9450543580        -4.4347045259
        0.7205136000         2.0200000000         1.1821473903         3.9322949707        -4.0357805806
        0.7254972000         2.0200000000         1.1846997172         3.9220874609        -3.9692932563
        0.7304512000         2.0200000000         1.1821473903         3.9144318285        -4.0357805806
        0.7354814000         2.0200000000         1.2000136783         3.8940168088        -3.5703693110
        0.7404712000         2.0200000000         1.1795950634         3.8736017892        -4.1022679048
        0.7454551000         2.0200000000         1.1872520440         3.8710499117        -3.9028059321
        0.7504072000         2.0200000000         1.1923566977         3.8480830146        -3.7698312837
        0.7554497000         2.0200000000         1.1821473903         3.8429792597        -4.0357805806
        0.7605002000         2.0200000000         1.1846997172         3.8225642400        -3.9692932563
        0.7654854000         2.0200000000         1.1821473903         3.7970454654        -4.0357805806
        0.7704866000         2.0200000000         1.1770427366         3.7868379556        -4.1687552290
        0.7754782000         2.0200000000         1.1795950634         3.7664229359        -4.1022679048
        0.7804495000         2.0200000000         1.1744904097         3.7562154260        -4.2352425532
        0.7854536000         2.0200000000         1.1846997172         3.7409041613        -3.9692932563
        0.7905479000         2.0200000000         1.1846997172         3.7281447740        -3.9692932563
        0.7955299000         2.0200000000         1.1693857560         3.7102816318        -4.3682172017
        0.8005504000         2.0200000000         1.1795950634         3.6924184896        -4.1022679048
        0.8055035000         2.0200000000         1.1898043709         3.6796591023        -3.8363186079
        0.8104976000         2.0200000000         1.1872520440         3.6720034699        -3.9028059321
        0.8155302000         2.0200000000         1.1923566977         3.6464846953        -3.7698312837
        0.8204639000         2.0200000000         1.1693857560         3.6286215531        -4.3682172017
        0.8254598000         2.0200000000         1.1949090246         3.6235177982        -3.7033439594
        0.8304111000         2.0200000000         1.1795950634         3.5954471461        -4.1022679048
        0.8354535000         2.0200000000         1.1898043709         3.5877915138        -3.8363186079
        0.8404186000         2.0200000000         1.1872520440         3.5724802490        -3.9028059321
        0.8454165000         2.0200000000         1.1770427366         3.5520652293        -4.1687552290
        0.8504482000         2.0200000000         1.1898043709         3.5495133519        -3.8363186079
        0.8554516000         2.0200000000         1.1898043709         3.5214426998        -3.8363186079
        0.8604924000         2.0200000000         1.1821473903         3.5214426998        -4.0357805806
        0.8654540000         2.0200000000         1.2000136783         3.5035795576        -3.5703693110
        0.8704507000         2.0200000000         1.1719380829         3.4755089056        -4.3017298775
        0.8754539000         2.0200000000         1.1846997172         3.4653013957        -3.9692932563
        0.8805723000         2.0200000000         1.1846997172         3.4474382535        -3.9692932563
        0.8854464000         2.0200000000         1.1923566977         3.4372307437        -3.7698312837
        0.8905070000         2.0200000000         1.1872520440         3.4219194789        -3.9028059321
        0.8954962000         2.0200000000         1.1872520440         3.4066082142        -3.9028059321
        0.9004454000         2.0200000000         1.1821473903         3.3912969494        -4.0357805806
        0.9054594000         2.0200000000         1.1974613514         3.3759856847        -3.6368566352
        0.9104350000         2.0200000000         1.1949090246         3.3708819297        -3.7033439594
        0.9154594000         2.0200000000         1.1872520440         3.3453631551        -3.9028059321
        0.9205169000         2.0200000000         1.1744904097         3.3326037679        -4.2352425532
        0.9255781000         2.0200000000         1.2000136783         3.3223962580        -3.5703693110
        0.9304961000         2.0200000000         1.1898043709         3.3045331158        -3.8363186079
        0.9355595000         2.0200000000         1.2025660052         3.2943256060        -3.5038819867
        0.9405438000         2.0200000000         1.1846997172         3.2764624638        -3.9692932563
        0.9455319000         2.0200000000         1.1923566977         3.2662549539        -3.7698312837
        0.9504445000         2.0200000000         1.1846997172         3.2483918117        -3.9692932563
        0.9554914000         2.0200000000         1.1872520440         3.2330805470        -3.9028059321
        0.9605236000         2.0200000000         1.1898043709         3.2126655273        -3.8363186079
        0.9654733000         2.0200000000         1.2127753126         3.2075617724        -3.2379326898
        0.9704847000         2.0200000000         1.1846997172         3.1896986301        -3.9692932563
        0.9754311000         2.0200000000         1.2051183320         3.1769392429        -3.4373946625
        0.9805186000         2.0200000000         1.1949090246         3.1616279781        -3.7033439594
        0.9855020000         2.0200000000         1.1923566977         3.1514204683        -3.7698312837
        0.9904981000         2.0200000000         1.2000136783         3.1386610810        -3.5703693110
        0.9954958000         2.0200000000         1.1821473903         3.1207979388        -4.0357805806
        1.0004522000         2.0200000000         1.2025660052         3.1105904289        -3.5038819867
        1.0054121000         2.0200000000         1.1949090246         3.0927272867        -3.7033439594
        1.0104805000         2.0200000000         1.1949090246         3.0774160220        -3.7033439594
        1.0154832000         2.0200000000         1.2000136783         3.0621047572        -3.5703693110
        1.0205063000         2.0200000000         1.1898043709         3.0518972474        -3.8363186079
        1.0254687000         2.0200000000         1.1872520440         3.0416897375        -3.9028059321
        1.0304803000         2.0200000000         1.1974613514         3.0161709629        -3.6368566352
        1.0354454000         2.0200000000         1.1795950634         3.0085153306        -4.1022679048
        1.0404926000         2.0200000000         1.1821473903         2.9855484334        -4.0357805806
        1.0455682000         2.0200000000         1.1949090246         2.9778928011        -3.7033439594
        1.0504966000         2.0200000000         1.1821473903         2.9651334138        -4.0357805806
        1.0554537000         2.0200000000         1.1898043709         2.9421665166        -3.8363186079
        1.0604490000         2.0200000000         1.1923566977         2.9370627617        -3.7698312837
        1.0654514000         2.0200000000         1.1795950634         2.9191996195        -4.1022679048
        1.0704556000         2.0200000000         1.1974613514         2.9089921097        -3.6368566352
        1.0755599000         2.0200000000         1.1821473903         2.8911289674        -4.0357805806
        1.0805178000         2.0200000000         1.1846997172         2.8758177027        -3.9692932563
        1.0855564000         2.0200000000         1.1923566977         2.8630583154        -3.7698312837
        1.0905295000         2.0200000000         1.1898043709         2.8426432957        -3.8363186079
        1.0955339000         2.0200000000         1.1872520440         2.8375395408        -3.9028059321
        1.1004769000         2.0200000000         1.1974613514         2.8196763986        -3.6368566352
        1.1055289000         2.0200000000         1.1872520440         2.7992613789        -3.9028059321
        1.1104983000         2.0200000000         1.1974613514         2.7890538691        -3.6368566352
        1.1154644000         2.0200000000         1.1974613514         2.7762944818        -3.6368566352
        1.1204771000         2.0200000000         1.2127753126         2.7609832170        -3.2379326898
        1.1254684000         2.0200000000         1.2051183320         2.7533275847        -3.4373946625
        1.1304976000         2.0200000000         1.2025660052         2.7303606875        -3.5038819867
        1.1354900000         2.0200000000         1.1744904097         2.7201531777        -4.2352425532
        1.1405351000         2.0200000000         1.2051183320         2.6971862806        -3.4373946625
        1.1455548000         2.0200000000         1.1668334292         2.6844268933        -4.4347045259
        1.1504451000         2.0200000000         1.1898043709         2.6742193834        -3.8363186079
        1.1554616000         2.0200000000         1.2025660052         2.6589081187        -3.5038819867
        1.1604680000         2.0200000000         1.1693857560         2.6410449765        -4.3682172017
        1.1654481000         2.0200000000         1.1872520440         2.6257337117        -3.9028059321
        1.1704486000         2.0200000000         1.1923566977         2.6155262019        -3.7698312837
        1.1754477000         2.0200000000         1.1821473903         2.6053186920        -4.0357805806
        1.1804536000         2.0200000000         1.2076706589         2.5900074273        -3.3709073383
        1.1854541000         2.0200000000         1.1744904097         2.5721442851        -4.2352425532
        1.1904200000         2.0200000000         1.1974613514         2.5670405302        -3.6368566352
        1.1954563000         2.0200000000         1.1974613514         2.5389698781        -3.6368566352
        1.2004795000         2.0200000000         1.1872520440         2.5389698781        -3.9028059321
        1.2054453000         2.0200000000         1.2000136783         2.5185548584        -3.5703693110
        1.2104499000         2.0200000000         1.1898043709         2.4981398388        -3.8363186079
        1.2154546000         2.0200000000         1.1974613514         2.4879323289        -3.6368566352
        1.2204543000         2.0200000000         1.2076706589         2.4751729416        -3.3709073383
        1.2254544000         2.0200000000         1.1949090246         2.4700691867        -3.7033439594
        1.2304082000         2.0200000000         1.1974613514         2.4547579220        -3.6368566352
        1.2354594000         2.0200000000         1.2025660052         2.4368947797        -3.5038819867
        1.2405377000         2.0200000000         1.2025660052         2.4215835150        -3.5038819867
        1.2454653000         2.0200000000         1.1872520440         2.4062722502        -3.9028059321
        1.2504710000         2.0200000000         1.2025660052         2.4011684953        -3.5038819867
        1.2554471000         2.0200000000         1.2025660052         2.3858572306        -3.5038819867
        1.2604957000         2.0200000000         1.1974613514         2.3679940883        -3.6368566352
        1.2654893000         2.0200000000         1.2076706589         2.3552347011        -3.3709073383
        1.2704888000         2.0200000000         1.2000136783         2.3399234363        -3.5703693110
        1.2754893000         2.0200000000         1.1898043709         2.3195084166        -3.8363186079
        1.2804467000         2.0200000000         1.2331939274         2.3144046617        -2.7060340960
        1.2854657000         2.0200000000         1.1974613514         2.2965415195        -3.6368566352
        1.2905117000         2.0200000000         1.2051183320         2.2837821322        -3.4373946625
        1.2955496000         2.0200000000         1.2102229857         2.2684708674        -3.3044200141
        1.3005870000         2.0200000000         1.2051183320         2.2608152351        -3.4373946625
        1.3054604000         2.0200000000         1.2102229857         2.2531596027        -3.3044200141
        1.3105560000         2.0200000000         1.2127753126         2.2301927056        -3.2379326898
        1.3154452000         2.0200000000         1.2000136783         2.2250889506        -3.5703693110
        1.3204229000         2.0200000000         1.2127753126         2.2174333183        -3.2379326898
        1.3254162000         2.0200000000         1.2025660052         2.1919145437        -3.5038819867
        1.3304475000         2.0200000000         1.2025660052         2.1919145437        -3.5038819867
        1.3354523000         2.0200000000         1.2025660052         2.1663957691        -3.5038819867
        1.3404214000         2.0200000000         1.2000136783         2.1510845043        -3.5703693110
        1.3461226000         2.0200000000         1.2051183320         2.1536363818        -3.4373946625
        1.3510362000         2.0200000000         1.2076706589         2.1332213621        -3.3709073383
        1.3554434000         2.0200000000         1.2025660052         2.1128063424        -3.5038819867
        1.3610495000         2.0200000000         1.2229846200         2.1077025875        -2.9719833929
        1.3654056000         2.0200000000         1.2102229857         2.0949432002        -3.3044200141
        1.3704040000         2.0200000000         1.2000136783         2.0821838129        -3.5703693110
        1.3754877000         2.0200000000         1.1974613514         2.0617687933        -3.6368566352
        1.3804555000         2.0200000000         1.2051183320         2.0566650383        -3.4373946625
        1.3854792000         2.0200000000         1.2102229857         2.0490094060        -3.3044200141
        1.3904809000         2.0200000000         1.2025660052         2.0209387539        -3.5038819867
        1.3954439000         2.0200000000         1.2127753126         2.0234906314        -3.2379326898
        1.4004774000         2.0200000000         1.2076706589         2.0005237343        -3.3709073383
        1.4054499000         2.0200000000         1.2178799663         1.9954199793        -3.1049580414
        1.4104692000         2.0200000000         1.2076706589         1.9826605920        -3.3709073383
        1.4154572000         2.0200000000         1.2153276394         1.9724530822        -3.1714453656
        1.4206738000         2.0200000000         1.2153276394         1.9596936949        -3.1714453656
        1.4255072000         2.0200000000         1.2076706589         1.9341749203        -3.3709073383
        1.4305090000         2.0200000000         1.2000136783         1.9290711654        -3.5703693110
        1.4354591000         2.0200000000         1.2051183320         1.9061042683        -3.4373946625
        1.4404245000         2.0200000000         1.1974613514         1.8933448810        -3.6368566352
        1.4455233000         2.0200000000         1.2025660052         1.8831373711        -3.5038819867
        1.4504490000         2.0200000000         1.2102229857         1.8856892486        -3.3044200141
        1.4554584000         2.0200000000         1.1923566977         1.8601704740        -3.7698312837
        1.4604636000         2.0200000000         1.2204322931         1.8550667191        -3.0384707172
        1.4654746000         2.0200000000         1.2000136783         1.8346516994        -3.5703693110
        1.4704298000         2.0200000000         1.2127753126         1.8295479445        -3.2379326898
        1.4754772000         2.0200000000         1.2076706589         1.8116848023        -3.3709073383
        1.4804856000         2.0200000000         1.2127753126         1.8040291699        -3.2379326898
        1.4854505000         2.0200000000         1.2051183320         1.7912697826        -3.4373946625
        1.4904524000         2.0200000000         1.2153276394         1.7708547629        -3.1714453656
        1.4954494000         2.0200000000         1.2051183320         1.7631991306        -3.4373946625
        1.5004190000         2.0200000000         1.2025660052         1.7453359884        -3.5038819867
        1.5054556000         2.0200000000         1.2051183320         1.7300247236        -3.4373946625
        1.5104620000         2.0200000000         1.2025660052         1.7121615814        -3.5038819867
        1.5154768000         2.0200000000         1.2127753126         1.7096097039        -3.2379326898
        1.5204748000         2.0200000000         1.2127753126         1.7045059490        -3.2379326898
        1.5255340000         2.0200000000         1.2000136783         1.6815390519        -3.5703693110
        1.5305384000         2.0200000000         1.2025660052         1.6611240322        -3.5038819867
        1.5355166000         2.0200000000         1.2051183320         1.6560202773        -3.4373946625
        1.5405169000         2.0200000000         1.1974613514         1.6381571351        -3.6368566352
        1.5454472000         2.0200000000         1.2076706589         1.6330533802        -3.3709073383
        1.5504543000         2.0200000000         1.1974613514         1.6177421154        -3.6368566352
        1.5555039000         2.0200000000         1.2102229857         1.6075346056        -3.3044200141
        1.5604704000         2.0200000000         1.1974613514         1.5871195859        -3.6368566352
        1.5654297000         2.0200000000         1.2025660052         1.5769120761        -3.5038819867
        1.5704734000         2.0200000000         1.2076706589         1.5667045662        -3.3709073383
        1.5755218000         2.0200000000         1.2127753126         1.5590489338        -3.2379326898
        1.5805755000         2.0200000000         1.1974613514         1.5360820367        -3.6368566352
        1.5855075000         2.0200000000         1.2153276394         1.5258745269        -3.1714453656
        1.5904811000         2.0200000000         1.2025660052         1.5156670170        -3.5038819867
        1.5954490000         2.0200000000         1.2127753126         1.5054595072        -3.2379326898
        1.6004604000         2.0200000000         1.2076706589         1.4850444875        -3.3709073383
        1.6054471000         2.0200000000         1.2127753126         1.4824926101        -3.2379326898
        1.6104486000         2.0200000000         1.2076706589         1.4646294679        -3.3709073383
        1.6154553000         2.0200000000         1.2102229857         1.4518700806        -3.3044200141
        1.6204543000         2.0200000000         1.2102229857         1.4391106933        -3.3044200141
        1.6254986000         2.0200000000         1.2102229857         1.4289031834        -3.3044200141
        1.6304386000         2.0200000000         1.2178799663         1.4186956736        -3.1049580414
        1.6354803000         2.0200000000         1.2178799663         1.3957287765        -3.1049580414
        1.6405049000         2.0200000000         1.2025660052         1.3906250215        -3.5038819867
        1.6454659000         2.0200000000         1.2076706589         1.3676581244        -3.3709073383
        1.6504579000         2.0200000000         1.2153276394         1.3651062470        -3.1714453656
        1.6554666000         2.0200000000         1.2000136783         1.3523468597        -3.5703693110
        1.6604529000         2.0200000000         1.2025660052         1.3319318400        -3.5038819867
        1.6654548000         2.0200000000         1.2178799663         1.3370355949        -3.1049580414
        1.6704602000         2.0200000000         1.2153276394         1.3217243302        -3.1714453656
        1.6754462000         2.0200000000         1.2102229857         1.2962055556        -3.3044200141
        1.6804800000         2.0200000000         1.1872520440         1.2834461683        -3.9028059321
        1.6854534000         2.0200000000         1.2076706589         1.2783424134        -3.3709073383
        1.6905544000         2.0200000000         1.2204322931         1.2706867810        -3.0384707172
        1.6955617000         2.0200000000         1.2127753126         1.2579273937        -3.2379326898
        1.7005696000         2.0200000000         1.2178799663         1.2426161289        -3.1049580414
        1.7054507000         2.0200000000         1.2025660052         1.2196492318        -3.5038819867
        1.7104077000         2.0200000000         1.2127753126         1.2145454769        -3.2379326898
        1.7154463000         2.0200000000         1.2127753126         1.2017860896        -3.2379326898
        1.7204477000         2.0200000000         1.2051183320         1.1915785797        -3.4373946625
        1.7254249000         2.0200000000         1.2178799663         1.1839229474        -3.1049580414
        1.7304549000         2.0200000000         1.2102229857         1.1635079277        -3.3044200141
        1.7354880000         2.0200000000         1.2051183320         1.1533004179        -3.4373946625
        1.7404242000         2.0200000000         1.2076706589         1.1379891531        -3.3709073383
        1.7454590000         2.0200000000         1.2076706589         1.1201260109        -3.3709073383
        1.7504599000         2.0200000000         1.2000136783         1.1124703785        -3.5703693110
        1.7556672000         2.0200000000         1.2280892737         1.1124703785        -2.8390087445
        1.7604555000         2.0200000000         1.2051183320         1.0920553588        -3.4373946625
        1.7654823000         2.0200000000         1.2127753126         1.0843997265        -3.2379326898
        1.7704493000         2.0200000000         1.2153276394         1.0716403392        -3.1714453656
        1.7756373000         2.0200000000         1.2153276394         1.0537771970        -3.1714453656
        1.7805374000         2.0200000000         1.2153276394         1.0461215646        -3.1714453656
        1.7854959000         2.0200000000         1.2025660052         1.0206027900        -3.5038819867
        1.7904397000         2.0200000000         1.2076706589         1.0103952802        -3.3709073383
        1.7955169000         2.0200000000         1.2127753126         1.0052915252        -3.2379326898
        1.8005187000         2.0200000000         1.2127753126         0.9874283830        -3.2379326898
        1.8054890000         2.0200000000         1.2229846200         0.9823246281        -2.9719833929
        1.8105250000         2.0200000000         1.2102229857         0.9644614859        -3.3044200141
        1.8155016000         2.0200000000         1.2229846200         0.9542539761        -2.9719833929
        1.8205280000         2.0200000000         1.2076706589         0.9414945888        -3.3709073383
        1.8256842000         2.0200000000         1.2229846200         0.9312870789        -2.9719833929
        1.8305442000         2.0200000000         1.2102229857         0.9210795691        -3.3044200141
        1.8354847000         2.0200000000         1.2229846200         0.9083201818        -2.9719833929
        1.8405285000         2.0200000000         1.2102229857         0.8904570396        -3.3044200141
        1.8454680000         2.0200000000         1.2000136783         0.8700420199        -3.5703693110
        1.8505693000         2.0200000000         1.2076706589         0.8572826326        -3.3709073383
        1.8555279000         2.0200000000         1.2102229857         0.8496270002        -3.3044200141
        1.8605324000         2.0200000000         1.2153276394         0.8394194904        -3.1714453656
        1.8654936000         2.0200000000         1.2153276394         0.8317638580        -3.1714453656
        1.8704420000         2.0200000000         1.2102229857         0.8139007158        -3.3044200141
        1.8754695000         2.0200000000         1.2051183320         0.8011413285        -3.4373946625
        1.8805060000         2.0200000000         1.2051183320         0.7858300638        -3.4373946625
        1.8854687000         2.0200000000         1.2051183320         0.7705187990        -3.4373946625
        1.8904691000         2.0200000000         1.2025660052         0.7552075343        -3.5038819867
        1.8954656000         2.0200000000         1.2076706589         0.7526556568        -3.3709073383
        1.9004984000         2.0200000000         1.2127753126         0.7347925146        -3.2379326898
        1.9055503000         2.0200000000         1.2127753126         0.7296887597        -3.2379326898
        1.9104923000         2.0200000000         1.2102229857         0.7143774949        -3.3044200141
        1.9154483000         2.0200000000         1.2076706589         0.6914105978        -3.3709073383
        1.9204579000         2.0200000000         1.2051183320         0.6786512105        -3.4373946625
        1.9254120000         2.0200000000         1.2102229857         0.6709955781        -3.3044200141
        1.9304508000         2.0200000000         1.2102229857         0.6582361908        -3.3044200141
        1.9354458000         2.0200000000         1.2051183320         0.6403730486        -3.4373946625
        1.9405111000         2.0200000000         1.2102229857         0.6352692937        -3.3044200141
        1.9455448000         2.0200000000         1.2076706589         0.6174061515        -3.3709073383
        1.9504560000         2.0200000000         1.2102229857         0.6046467642        -3.3044200141
        1.9555137000         2.0200000000         1.2306416006         0.5918873769        -2.7725214203
        1.9604549000         2.0200000000         1.1923566977         0.5740242347        -3.7698312837
        1.9654063000         2.0200000000         1.2076706589         0.5663686023        -3.3709073383
        1.9704564000         2.0200000000         1.1974613514         0.5536092150        -3.6368566352
        1.9754549000         2.0200000000         1.2229846200         0.5459535826        -2.9719833929
        1.9804471000         2.0200000000         1.2178799663         0.5331941953        -3.1049580414
        1.9854611000         2.0200000000         1.2051183320         0.5102272982        -3.4373946625
        1.9905115000         2.0200000000         1.1923566977         0.4949160334        -3.7698312837
        1.9955196000         2.0200000000         1.2153276394         0.4821566461        -3.1714453656
        2.0005079000         2.0200000000         1.1923566977         0.4642935039        -3.7698312837
        2.0054961000         2.0200000000         1.2076706589         0.4566378716        -3.3709073383
        2.0104616000         2.0200000000         1.2102229857         0.4464303617        -3.3044200141
        2.0154546000         2.0200000000         1.1923566977         0.4234634646        -3.7698312837
        2.0204867000         2.0200000000         1.2051183320         0.4158078322        -3.4373946625
        2.0254538000         2.0200000000         1.2051183320         0.3979446900        -3.4373946625
        2.0304084000         2.0200000000         1.2025660052         0.3902890576        -3.5038819867
        2.0354721000         2.0200000000         1.2051183320         0.3775296703        -3.4373946625
        2.0404633000         2.0200000000         1.1974613514         0.3571146507        -3.6368566352
        2.0454220000         2.0200000000         1.1974613514         0.3418033859        -3.6368566352
        2.0504570000         2.0200000000         1.2076706589         0.3418033859        -3.3709073383
        2.0554479000         2.0200000000         1.2025660052         0.3213883662        -3.5038819867
        2.0604805000         2.0200000000         1.1923566977         0.3009733466        -3.7698312837
        2.0654537000         2.0200000000         1.2051183320         0.2984214691        -3.4373946625
        2.0704511000         2.0200000000         1.1923566977         0.2754545720        -3.7698312837
        2.0754645000         2.0200000000         1.2025660052         0.2601433072        -3.5038819867
        2.0804487000         2.0200000000         1.1949090246         0.2499357974        -3.7033439594
        2.0854208000         2.0200000000         1.2000136783         0.2371764101        -3.5703693110
        2.0905237000         2.0200000000         1.2025660052         0.2269689002        -3.5038819867
        2.0955116000         2.0200000000         1.1923566977         0.2040020031        -3.7698312837
        2.1005833000         2.0200000000         1.1949090246         0.1912426158        -3.7033439594
        2.1054788000         2.0200000000         1.1974613514         0.1759313511        -3.6368566352
        2.1104597000         2.0200000000         1.1872520440         0.1555163314        -3.9028059321
        2.1154614000         2.0200000000         1.2025660052         0.1402050666        -3.5038819867
        2.1204568000         2.0200000000         1.1898043709         0.1325494343        -3.8363186079
        2.1254410000         2.0200000000         1.1974613514         0.1248938019        -3.6368566352
        2.1304510000         2.0200000000         1.2153276394         0.1095825371        -3.1714453656
        2.1354477000         2.0200000000         1.1898043709         0.0891675175        -3.8363186079
        2.1404505000         2.0200000000         1.1846997172         0.0662006203        -3.9692932563
        2.1455053000         2.0200000000         1.2025660052         0.0585449879        -3.5038819867
        2.1505722000         2.0200000000         1.1872520440         0.0432337232        -3.9028059321
        2.1554628000         2.0200000000         1.2000136783         0.0304743359        -3.5703693110
        2.1604552000         2.0200000000         1.1974613514         0.0177149486        -3.6368566352
        2.1654603000         2.0200000000         1.1770427366        -0.0052519485        -4.1687552290
        2.1705180000         2.0200000000         1.2051183320         0.0075074388        -3.4373946625
        2.1755285000         2.0200000000         1.2025660052         0.0075074388        -3.5038819867
        2.1805034000         2.0200000000         1.1846997172        -0.0001481936        -3.9692932563
        2.1854603000         2.0200000000         1.2051183320         0.0075074388        -3.4373946625
        2.1904438000         2.0200000000         1.1923566977        -0.0001481936        -3.7698312837
        2.1956122000         2.0200000000         1.1898043709         0.0024036839        -3.8363186079
        2.2006347000         2.0200000000         1.1974613514        -0.0052519485        -3.6368566352
        2.2054173000         2.0200000000         1.1949090246         0.0177149486        -3.7033439594
        2.2104301000         2.0200000000         1.1898043709         1.0920553588        -3.8363186079
        2.2155394000         2.0200000000         1.1898043709         1.1073666236        -3.8363186079
        2.2206516000         2.0200000000         1.1872520440         1.1022628687        -3.9028059321
        2.2254729000         2.0200000000         1.1898043709         4.9862203613        -3.8363186079
        2.2304726000         2.0200000000         1.2331939274         5.0117391359        -2.7060340960
        2.2354632000         2.0200000000         1.1872520440         4.9989797486        -3.9028059321
        2.2405785000         2.0200000000         1.1898043709         5.0040835035        -3.8363186079
        2.2455200000         2.0200000000         1.1949090246         5.0066353810        -3.7033439594
        2.2504697000         2.0200000000         1.1744904097         5.0015316260        -4.2352425532
        2.2555550000         2.0200000000         1.2025660052         5.0117391359        -3.5038819867
        2.2605062000         2.0200000000         1.1923566977         5.0142910133        -3.7698312837
        2.2656074000         2.0200000000         1.1872520440         5.0066353810        -3.9028059321
        2.2704490000         2.0200000000         1.2025660052         5.0040835035        -3.5038819867
        2.2754609000         2.0200000000         1.1795950634         4.9913241162        -4.1022679048
        2.2804614000         2.0200000000         1.2000136783         4.9683572191        -3.5703693110
        2.2855766000         2.0200000000         1.1923566977         4.9530459543        -3.7698312837
        2.2904574000         2.0200000000         1.1642811023         4.9326309346        -4.5011918501
        2.2954092000         2.0200000000         1.1923566977         4.9173196699        -3.7698312837
        2.3005825000         2.0200000000         1.1821473903         4.8994565277        -4.0357805806
        2.3055693000         2.0200000000         1.1668334292         4.8841452629        -4.4347045259
        2.3105816000         2.0200000000         1.2000136783         4.8841452629        -3.5703693110
        2.3155032000         2.0200000000         1.1744904097         4.8535227334        -4.2352425532
        2.3205033000         2.0200000000         1.1770427366         4.8356595912        -4.1687552290
        2.3254980000         2.0200000000         1.2000136783         4.8280039588        -3.5703693110
        2.3304953000         2.0200000000         1.1872520440         4.8152445715        -3.9028059321
        2.3355783000         2.0200000000         1.1898043709         4.7897257969        -3.8363186079
        2.3405228000         2.0200000000         1.1846997172         4.7820701646        -3.9692932563
        2.3454921000         2.0200000000         1.1821473903         4.7616551449        -4.0357805806
        2.3504076000         2.0200000000         1.1821473903         4.7514476351        -4.0357805806
        2.3555160000         2.0200000000         1.1974613514         4.7412401252        -3.6368566352
        2.3604516000         2.0200000000         1.1821473903         4.7182732281        -4.0357805806
        2.3654742000         2.0200000000         1.1974613514         4.7029619633        -3.6368566352
        2.3704620000         2.0200000000         1.1821473903         4.6876506986        -4.0357805806
        2.3754489000         2.0200000000         1.2025660052         4.6723394338        -3.5038819867
        2.3804248000         2.0200000000         1.1923566977         4.6544762916        -3.7698312837
        2.3855533000         2.0200000000         1.1846997172         4.6366131494        -3.9692932563
        2.3906183000         2.0200000000         1.1898043709         4.6264056396        -3.8363186079
        2.3954971000         2.0200000000         1.2000136783         4.6110943748        -3.5703693110
        2.4005198000         2.0200000000         1.1795950634         4.6008868650        -4.1022679048
        2.4055169000         2.0200000000         1.2025660052         4.5753680904        -3.5038819867
        2.4105908000         2.0200000000         1.1923566977         4.5677124580        -3.7698312837
        2.4155990000         2.0200000000         1.1898043709         4.5549530707        -3.8363186079
        2.4206514000         2.0200000000         1.2076706589         4.5345380510        -3.3709073383
        2.4255854000         2.0200000000         1.1846997172         4.5268824187        -3.9692932563
        2.4305157000         2.0200000000         1.2127753126         4.5039155215        -3.2379326898
        2.4357212000         2.0200000000         1.2102229857         4.4962598892        -3.3044200141
        2.4407791000         2.0200000000         1.1770427366         4.4783967469        -4.1687552290
        2.4455345000         2.0200000000         1.2051183320         4.4707411146        -3.4373946625
        2.4507024000         2.0200000000         1.1872520440         4.4426704625        -3.9028059321
        2.4555956000         2.0200000000         1.1872520440         4.4350148301        -3.9028059321
        2.4605785000         2.0200000000         1.2025660052         4.4171516879        -3.5038819867
        2.4655431000         2.0200000000         1.1872520440         4.4018404232        -3.9028059321
        2.4705130000         2.0200000000         1.1821473903         4.3839772810        -4.0357805806
        2.4755284000         2.0200000000         1.1898043709         4.3635622613        -3.8363186079
        2.4805895000         2.0200000000         1.1795950634         4.3610103838        -4.1022679048
        2.4855793000         2.0200000000         1.2000136783         4.3380434867        -3.5703693110
        2.4905412000         2.0200000000         1.1872520440         4.3227322219        -3.9028059321
        2.4955961000         2.0200000000         1.1821473903         4.3074209572        -4.0357805806
        2.5006296000         2.0200000000         1.1923566977         4.2870059375        -3.7698312837
        2.5056147000         2.0200000000         1.1898043709         4.2819021826        -3.8363186079
        2.5104831000         2.0200000000         1.1770427366         4.2563834080        -4.1687552290
        2.5156729000         2.0200000000         1.1923566977         4.2461758982        -3.7698312837
        2.5206027000         2.0200000000         1.1617287755         4.2359683883        -4.5676791744
        2.5254818000         2.0200000000         1.1846997172         4.2181052461        -3.9692932563
        2.5305688000         2.0200000000         1.1821473903         4.2002421039        -4.0357805806
        2.5356057000         2.0200000000         1.1795950634         4.1823789617        -4.1022679048
        2.5404556000         2.0200000000         1.1872520440         4.1721714519        -3.9028059321
        2.5455866000         2.0200000000         1.1846997172         4.1543083097        -3.9692932563
        2.5505300000         2.0200000000         1.1770427366         4.1389970449        -4.1687552290
        2.5554601000         2.0200000000         1.1846997172         4.1160301478        -3.9692932563
        2.5604129000         2.0200000000         1.1795950634         4.1083745154        -4.1022679048
        2.5656327000         2.0200000000         1.1846997172         4.0905113732        -3.9692932563
        2.5706122000         2.0200000000         1.1719380829         4.0777519859        -4.3017298775
        2.5755936000         2.0200000000         1.1923566977         4.0700963535        -3.7698312837
        2.5805897000         2.0200000000         1.1846997172         4.0420257015        -3.9692932563
        2.5856274000         2.0200000000         1.1898043709         4.0420257015        -3.8363186079
        2.5905125000         2.0200000000         1.1821473903         4.0190588043        -4.0357805806
        2.5957175000         2.0200000000         1.1821473903         4.0037475396        -4.0357805806
        2.6005682000         2.0200000000         1.1744904097         3.9807806424        -4.2352425532
        2.6055249000         2.0200000000         1.2102229857         3.9807806424        -3.3044200141
        2.6106116000         2.0200000000         1.1719380829         3.9552618679        -4.3017298775
        2.6154941000         2.0200000000         1.1872520440         3.9399506031        -3.9028059321
        2.6204881000         2.0200000000         1.1719380829         3.9246393383        -4.3017298775
        2.6254542000         2.0200000000         1.1872520440         3.9144318285        -3.9028059321
        2.6304901000         2.0200000000         1.1923566977         3.9016724412        -3.7698312837
        2.6354582000         2.0200000000         1.1898043709         3.8812574215        -3.8363186079
        2.6404825000         2.0200000000         1.1898043709         3.8812574215        -3.8363186079
        2.6454782000         2.0200000000         1.1974613514         3.8582905244        -3.6368566352
        2.6504921000         2.0200000000         1.1770427366         3.8353236273        -4.1687552290
        2.6554571000         2.0200000000         1.1923566977         3.8327717498        -3.7698312837
        2.6604543000         2.0200000000         1.1923566977         3.8149086076        -3.7698312837
        2.6654595000         2.0200000000         1.2051183320         3.7995973429        -3.4373946625
        2.6704084000         2.0200000000         1.1846997172         3.7817342006        -3.9692932563
        2.6755776000         2.0200000000         1.1898043709         3.7715266908        -3.8363186079
        2.6805642000         2.0200000000         1.1898043709         3.7638710584        -3.8363186079
        2.6854168000         2.0200000000         1.1923566977         3.7383522838        -3.7698312837
        2.6905044000         2.0200000000         1.1923566977         3.7358004064        -3.7698312837
        2.6954605000         2.0200000000         1.1821473903         3.7179372642        -4.0357805806
        2.7004435000         2.0200000000         1.1923566977         3.7026259994        -3.7698312837
        2.7054451000         2.0200000000         1.1974613514         3.6822109797        -3.6368566352
        2.7104941000         2.0200000000         1.1898043709         3.6694515924        -3.8363186079
        2.7155812000         2.0200000000         1.1923566977         3.6566922051        -3.7698312837
        2.7204534000         2.0200000000         1.1795950634         3.6337253080        -4.1022679048
        2.7254544000         2.0200000000         1.1872520440         3.6260696756        -3.9028059321
        2.7305620000         2.0200000000         1.1872520440         3.6031027785        -3.9028059321
        2.7355492000         2.0200000000         1.1821473903         3.5979990236        -4.0357805806
        2.7405298000         2.0200000000         1.1949090246         3.5877915138        -3.7033439594
        2.7455528000         2.0200000000         1.1795950634         3.5622727392        -4.1022679048
        2.7504728000         2.0200000000         1.1744904097         3.5495133519        -4.2352425532
        2.7555139000         2.0200000000         1.1974613514         3.5342020871        -3.6368566352
        2.7605819000         2.0200000000         1.1872520440         3.5188908224        -3.9028059321
        2.7654133000         2.0200000000         1.1872520440         3.5137870674        -3.9028059321
        2.7705019000         2.0200000000         1.1974613514         3.4959239252        -3.6368566352
        2.7755605000         2.0200000000         1.1693857560         3.4780607830        -4.3682172017
        2.7805314000         2.0200000000         1.1974613514         3.4627495183        -3.6368566352
        2.7855272000         2.0200000000         1.1846997172         3.4474382535        -3.9692932563
        2.7904356000         2.0200000000         1.1974613514         3.4346788662        -3.6368566352
        2.7955184000         2.0200000000         1.1872520440         3.4091600916        -3.9028059321
        2.8005833000         2.0200000000         1.1744904097         3.3964007043        -4.2352425532
        2.8055560000         2.0200000000         1.1872520440         3.3810894396        -3.9028059321
        2.8105130000         2.0200000000         1.2076706589         3.3734338072        -3.3709073383
        2.8155469000         2.0200000000         1.1923566977         3.3657781748        -3.7698312837
        2.8206400000         2.0200000000         1.1872520440         3.3402594002        -3.9028059321
        2.8255149000         2.0200000000         1.1795950634         3.3249481355        -4.1022679048
        2.8304591000         2.0200000000         1.2025660052         3.3198443806        -3.5038819867
        2.8354645000         2.0200000000         1.1923566977         3.3019812383        -3.7698312837
        2.8405326000         2.0200000000         1.1974613514         3.2943256060        -3.6368566352
        2.8454399000         2.0200000000         1.1821473903         3.2713587088        -4.0357805806
        2.8504980000         2.0200000000         1.1898043709         3.2560474441        -3.8363186079
        2.8555511000         2.0200000000         1.1872520440         3.2483918117        -3.9028059321
        2.8604653000         2.0200000000         1.1821473903         3.2254249146        -4.0357805806
        2.8655024000         2.0200000000         1.1974613514         3.2152174047        -3.6368566352
        2.8705160000         2.0200000000         1.1821473903         3.1999061400        -4.0357805806
        2.8755630000         2.0200000000         1.1846997172         3.1769392429        -3.9692932563
        2.8805438000         2.0200000000         1.2000136783         3.1743873654        -3.5703693110
        2.8855633000         2.0200000000         1.1949090246         3.1514204683        -3.7033439594
        2.8905677000         2.0200000000         1.1974613514         3.1437648359        -3.6368566352
        2.8955927000         2.0200000000         1.1744904097         3.1233498162        -4.2352425532
        2.9004927000         2.0200000000         1.1846997172         3.1054866740        -3.9692932563
        2.9056253000         2.0200000000         1.1923566977         3.0952791642        -3.7698312837
        2.9105259000         2.0200000000         1.1846997172         3.0774160220        -3.9692932563
        2.9156454000         2.0200000000         1.2025660052         3.0723122670        -3.5038819867
        2.9206545000         2.0200000000         1.1846997172         3.0442416150        -3.9692932563
        2.9256678000         2.0200000000         1.1821473903         3.0467934924        -4.0357805806
        2.9304887000         2.0200000000         1.2000136783         3.0212747179        -3.5703693110
        2.9356800000         2.0200000000         1.1693857560         3.0008596982        -4.3682172017
        2.9405130000         2.0200000000         1.1872520440         2.9906521883        -3.9028059321
        2.9456789000         2.0200000000         1.1872520440         2.9727890461        -3.9028059321
        2.9506711000         2.0200000000         1.1846997172         2.9676852912        -3.9692932563
        2.9556637000         2.0200000000         1.1898043709         2.9421665166        -3.8363186079
        2.9607095000         2.0200000000         1.1974613514         2.9319590068        -3.6368566352
        2.9656075000         2.0200000000         1.1795950634         2.9191996195        -4.1022679048
        2.9706099000         2.0200000000         1.2025660052         2.8987845998        -3.5038819867
        2.9757316000         2.0200000000         1.1846997172         2.8911289674        -3.9692932563
        2.9807184000         2.0200000000         1.1821473903         2.8681620703        -4.0357805806
        2.9856759000         2.0200000000         1.1923566977         2.8579545605        -3.7698312837
        2.9904948000         2.0200000000         1.1923566977         2.8426432957        -3.7698312837
        2.9955670000         2.0200000000         1.1872520440         2.8324357859        -3.9028059321
        3.0006830000         2.0200000000         1.2051183320         2.8171245211        -3.4373946625
        3.0055236000         2.0200000000         1.1744904097         2.7941576240        -4.2352425532
        3.0105350000         2.0200000000         1.2025660052         2.7916057465        -3.5038819867
        3.0156498000         2.0200000000         1.1974613514         2.7737426043        -3.6368566352
        3.0206430000         2.0200000000         1.1846997172         2.7635350945        -3.9692932563
        3.0256192000         2.0200000000         1.1974613514         2.7431200748        -3.6368566352
        3.0305580000         2.0200000000         1.2025660052         2.7303606875        -3.5038819867
        3.0356643000         2.0200000000         1.1949090246         2.7252569326        -3.7033439594
        3.0405677000         2.0200000000         1.2076706589         2.7022900355        -3.3709073383
        3.0455581000         2.0200000000         1.1770427366         2.6895306482        -4.1687552290
        3.0505348000         2.0200000000         1.2000136783         2.6691156285        -3.5703693110
        3.0555657000         2.0200000000         1.2076706589         2.6665637511        -3.3709073383
        3.0606097000         2.0200000000         1.1872520440         2.6487006088        -3.9028059321
        3.0656346000         2.0200000000         1.2025660052         2.6359412215        -3.5038819867
        3.0705067000         2.0200000000         1.1923566977         2.6206299568        -3.7698312837
        3.0755502000         2.0200000000         1.1923566977         2.6078705695        -3.7698312837
        3.0806323000         2.0200000000         1.2051183320         2.5900074273        -3.4373946625
        3.0855248000         2.0200000000         1.1923566977         2.5874555498        -3.7698312837
        3.0905998000         2.0200000000         1.2076706589         2.5721442851        -3.3709073383
        3.0955363000         2.0200000000         1.2025660052         2.5542811429        -3.5038819867
        3.1005482000         2.0200000000         1.1846997172         2.5364180006        -3.9692932563
        3.1055834000         2.0200000000         1.2102229857         2.5313142457        -3.3044200141
        3.1106352000         2.0200000000         1.2000136783         2.5083473486        -3.5703693110
        3.1155260000         2.0200000000         1.2000136783         2.4981398388        -3.5703693110
        3.1206017000         2.0200000000         1.2153276394         2.4930360838        -3.1714453656
        3.1255346000         2.0200000000         1.1898043709         2.4649654318        -3.8363186079
        3.1304634000         2.0200000000         1.2204322931         2.4573097994        -3.0384707172
        3.1360120000         2.0200000000         1.2025660052         2.4419985347        -3.5038819867
        3.1406062000         2.0200000000         1.1974613514         2.4266872699        -3.6368566352
        3.1456533000         2.0200000000         1.2102229857         2.4215835150        -3.3044200141
        3.1504547000         2.0200000000         1.2025660052         2.4139278826        -3.5038819867
        3.1556331000         2.0200000000         1.2025660052         2.3935128629        -3.5038819867
        3.1607270000         2.0200000000         1.2102229857         2.3807534756        -3.3044200141
        3.1654913000         2.0200000000         1.1949090246         2.3603384560        -3.7033439594
        3.1706748000         2.0200000000         1.2204322931         2.3552347011        -3.0384707172
        3.1758530000         2.0200000000         1.2025660052         2.3424753138        -3.5038819867
        3.1805490000         2.0200000000         1.2127753126         2.3348196814        -3.2379326898
        3.1855565000         2.0200000000         1.2051183320         2.3093009068        -3.4373946625
        3.1905812000         2.0200000000         1.2127753126         2.3093009068        -3.2379326898
        3.1955355000         2.0200000000         1.1974613514         2.2863340097        -3.6368566352
        3.2006739000         2.0200000000         1.2178799663         2.2863340097        -3.1049580414
        3.2055358000         2.0200000000         1.2025660052         2.2608152351        -3.5038819867
        3.2106923000         2.0200000000         1.2025660052         2.2531596027        -3.5038819867
        3.2156789000         2.0200000000         1.2229846200         2.2404002154        -2.9719833929
        3.2207007000         2.0200000000         1.2102229857         2.2352964605        -3.3044200141
        3.2256317000         2.0200000000         1.2025660052         2.2148814408        -3.5038819867
        3.2304365000         2.0200000000         1.2051183320         2.1944664211        -3.4373946625
        3.2355288000         2.0200000000         1.1923566977         2.1919145437        -3.7698312837
        3.2405174000         2.0200000000         1.2000136783         2.1766032789        -3.5703693110
        3.2454704000         2.0200000000         1.2102229857         2.1612920142        -3.3044200141
        3.2505003000         2.0200000000         1.1974613514         2.1459807494        -3.6368566352
        3.2556225000         2.0200000000         1.1974613514         2.1281176072        -3.6368566352
        3.2605782000         2.0200000000         1.1974613514         2.1153582199        -3.6368566352
        3.2656747000         2.0200000000         1.1898043709         2.1051507101        -3.8363186079
        3.2706789000         2.0200000000         1.2051183320         2.0949432002        -3.4373946625
        3.2756686000         2.0200000000         1.2000136783         2.0821838129        -3.5703693110
        3.2806724000         2.0200000000         1.2025660052         2.0719763031        -3.5038819867
        3.2856974000         2.0200000000         1.2051183320         2.0464575285        -3.4373946625
        3.2906954000         2.0200000000         1.1974613514         2.0464575285        -3.6368566352
        3.2956790000         2.0200000000         1.2000136783         2.0260425088        -3.5703693110
        3.3005673000         2.0200000000         1.2000136783         2.0107312441        -3.5703693110
        3.3055590000         2.0200000000         1.2000136783         2.0005237343        -3.5703693110
        3.3105147000         2.0200000000         1.1872520440         1.9852124695        -3.9028059321
        3.3156394000         2.0200000000         1.1923566977         1.9775568371        -3.7698312837
        3.3206594000         2.0200000000         1.2025660052         1.9520380625        -3.5038819867
        3.3254889000         2.0200000000         1.1923566977         1.9443824302        -3.7698312837
        3.3306365000         2.0200000000         1.1949090246         1.9316230429        -3.7033439594
        3.3356387000         2.0200000000         1.2076706589         1.9163117781        -3.3709073383
        3.3404633000         2.0200000000         1.1923566977         1.9061042683        -3.7698312837
        3.3454962000         2.0200000000         1.1898043709         1.8831373711        -3.8363186079
        3.3506675000         2.0200000000         1.2127753126         1.8831373711        -3.2379326898
        3.3555597000         2.0200000000         1.1821473903         1.8627223515        -4.0357805806
        3.3606541000         2.0200000000         1.2051183320         1.8499629642        -3.4373946625
        3.3656529000         2.0200000000         1.1974613514         1.8320998220        -3.6368566352
        3.3705826000         2.0200000000         1.1821473903         1.8167885572        -4.0357805806
        3.3756217000         2.0200000000         1.2127753126         1.8142366797        -3.2379326898
        3.3806019000         2.0200000000         1.1923566977         1.7912697826        -3.7698312837
        3.3855663000         2.0200000000         1.1898043709         1.7810622728        -3.8363186079
        3.3905463000         2.0200000000         1.2153276394         1.7759585179        -3.1714453656
        3.3956603000         2.0200000000         1.1923566977         1.7580953756        -3.7698312837
        3.4006485000         2.0200000000         1.2000136783         1.7402322334        -3.5703693110
        3.4055724000         2.0200000000         1.2025660052         1.7300247236        -3.5038819867
        3.4107720000         2.0200000000         1.1974613514         1.7121615814        -3.6368566352
        3.4156052000         2.0200000000         1.2025660052         1.6994021941        -3.5038819867
        3.4206517000         2.0200000000         1.1923566977         1.6840909293        -3.7698312837
        3.4255212000         2.0200000000         1.1974613514         1.6789871744        -3.6368566352
        3.4305444000         2.0200000000         1.2127753126         1.6687796646        -3.2379326898
        3.4356326000         2.0200000000         1.1923566977         1.6458127674        -3.7698312837
        3.4406269000         2.0200000000         1.2025660052         1.6356052576        -3.5038819867
        3.4456778000         2.0200000000         1.2025660052         1.6253977478        -3.5038819867
        3.4506126000         2.0200000000         1.2102229857         1.6177421154        -3.3044200141
        3.4556379000         2.0200000000         1.2076706589         1.5947752183        -3.3709073383
        3.4605033000         2.0200000000         1.2051183320         1.5845677084        -3.4373946625
        3.4655816000         2.0200000000         1.2127753126         1.5794639535        -3.2379326898
        3.4704455000         2.0200000000         1.2153276394         1.5641526888        -3.1714453656
        3.4754399000         2.0200000000         1.2127753126         1.5564970564        -3.2379326898
        3.4804452000         2.0200000000         1.2127753126         1.5360820367        -3.2379326898
        3.4854069000         2.0200000000         1.2178799663         1.5258745269        -3.1049580414
        3.4905433000         2.0200000000         1.2051183320         1.5131151396        -3.4373946625
        3.4954494000         2.0200000000         1.2178799663         1.4978038748        -3.1049580414
        3.5007699000         2.0200000000         1.2102229857         1.4850444875        -3.3044200141
        3.5055478000         2.0200000000         1.2102229857         1.4748369777        -3.3044200141
        3.5106241000         2.0200000000         1.2178799663         1.4697332228        -3.1049580414
        3.5154953000         2.0200000000         1.2051183320         1.4442144482        -3.4373946625
        3.5204948000         2.0200000000         1.2153276394         1.4391106933        -3.1714453656
        3.5255134000         2.0200000000         1.2025660052         1.4237994285        -3.5038819867
        3.5305367000         2.0200000000         1.2408509080         1.4135919187        -2.5065721233
        3.5355490000         2.0200000000         1.2051183320         1.4033844088        -3.4373946625
        3.5405038000         2.0200000000         1.2076706589         1.3906250215        -3.3709073383
        3.5454897000         2.0200000000         1.2178799663         1.3829693892        -3.1049580414
        3.5504593000         2.0200000000         1.2127753126         1.3625543695        -3.2379326898
        3.5557110000         2.0200000000         1.1923566977         1.3548987371        -3.7698312837
        3.5605053000         2.0200000000         1.2178799663         1.3395874724        -3.1049580414
        3.5654252000         2.0200000000         1.2051183320         1.3217243302        -3.4373946625
        3.5704245000         2.0200000000         1.2178799663         1.3191724527        -3.1049580414
        3.5754159000         2.0200000000         1.2178799663         1.3013093105        -3.1049580414
        3.5804274000         2.0200000000         1.2076706589         1.2859980457        -3.3709073383
        3.5855649000         2.0200000000         1.2076706589         1.2783424134        -3.3709073383
        3.5905374000         2.0200000000         1.2127753126         1.2655830261        -3.2379326898
        3.5954618000         2.0200000000         1.2280892737         1.2604792711        -2.8390087445
        3.6004632000         2.0200000000         1.2076706589         1.2375123740        -3.3709073383
        3.6054547000         2.0200000000         1.2229846200         1.2324086191        -2.9719833929
        3.6104424000         2.0200000000         1.2051183320         1.2094417220        -3.4373946625
        3.6154560000         2.0200000000         1.2127753126         1.2043379670        -3.2379326898
        3.6204611000         2.0200000000         1.2153276394         1.1992342121        -3.1714453656
        3.6254592000         2.0200000000         1.2025660052         1.1762673150        -3.5038819867
        3.6304098000         2.0200000000         1.2127753126         1.1686116826        -3.2379326898
        3.6355018000         2.0200000000         1.2076706589         1.1558522953        -3.3709073383
        3.6404178000         2.0200000000         1.2204322931         1.1507485404        -3.0384707172
        3.6454759000         2.0200000000         1.2102229857         1.1328853982        -3.3044200141
        3.6504564000         2.0200000000         1.2051183320         1.1175741334        -3.4373946625
        3.6555077000         2.0200000000         1.2127753126         1.1073666236        -3.2379326898
        3.6604678000         2.0200000000         1.2000136783         1.0895034814        -3.5703693110
        3.6654563000         2.0200000000         1.2102229857         1.0843997265        -3.3044200141
        3.6704610000         2.0200000000         1.1974613514         1.0614328293        -3.6368566352
        3.6756054000         2.0200000000         1.2127753126         1.0486734420        -3.2379326898
        3.6804829000         2.0200000000         1.2331939274         1.0410178097        -2.7060340960
        3.6854860000         2.0200000000         1.2076706589         1.0282584224        -3.3709073383
        3.6905468000         2.0200000000         1.2051183320         1.0103952802        -3.4373946625
        3.6954549000         2.0200000000         1.2076706589         1.0052915252        -3.3709073383
        3.7005411000         2.0200000000         1.1974613514         0.9848765056        -3.6368566352
        3.7054476000         2.0200000000         1.2178799663         0.9848765056        -3.1049580414
        3.7104146000         2.0200000000         1.2127753126         0.9644614859        -3.2379326898
        3.7154472000         2.0200000000         1.2051183320         0.9542539761        -3.4373946625
        3.7205481000         2.0200000000         1.2102229857         0.9414945888        -3.3044200141
        3.7255154000         2.0200000000         1.2051183320         0.9210795691        -3.4373946625
        3.7304710000         2.0200000000         1.2076706589         0.9210795691        -3.3709073383
        3.7354854000         2.0200000000         1.2102229857         0.8930089170        -3.3044200141
        3.7404969000         2.0200000000         1.2102229857         0.8904570396        -3.3044200141
        3.7454549000         2.0200000000         1.2051183320         0.8828014072        -3.4373946625
        3.7504527000         2.0200000000         1.2051183320         0.8521788777        -3.4373946625
        3.7555054000         2.0200000000         1.2051183320         0.8470751228        -3.4373946625
        3.7604576000         2.0200000000         1.2025660052         0.8317638580        -3.5038819867
        3.7654561000         2.0200000000         1.2127753126         0.8215563482        -3.2379326898
        3.7705808000         2.0200000000         1.2102229857         0.8062450834        -3.3044200141
        3.7754634000         2.0200000000         1.2076706589         0.8011413285        -3.3709073383
        3.7804556000         2.0200000000         1.2025660052         0.7756225539        -3.5038819867
        3.7854571000         2.0200000000         1.2051183320         0.7679669216        -3.4373946625
        3.7903847000         2.0200000000         1.2025660052         0.7577594117        -3.5038819867
        3.7954509000         2.0200000000         1.2076706589         0.7424481470        -3.3709073383
        3.8004554000         2.0200000000         1.2127753126         0.7347925146        -3.2379326898
        3.8054278000         2.0200000000         1.1949090246         0.7118256175        -3.7033439594
        3.8104580000         2.0200000000         1.2102229857         0.7016181076        -3.3044200141
        3.8154496000         2.0200000000         1.2025660052         0.6837549654        -3.5038819867
        3.8204485000         2.0200000000         1.2127753126         0.6837549654        -3.2379326898
        3.8254855000         2.0200000000         1.2127753126         0.6684437007        -3.2379326898
        3.8305683000         2.0200000000         1.2051183320         0.6505805584        -3.4373946625
        3.8354935000         2.0200000000         1.2025660052         0.6301655388        -3.5038819867
        3.8405042000         2.0200000000         1.1949090246         0.6199580289        -3.7033439594
        3.8455002000         2.0200000000         1.2153276394         0.6174061515        -3.1714453656
        3.8504621000         2.0200000000         1.2102229857         0.6020948867        -3.3044200141
        3.8555309000         2.0200000000         1.2051183320         0.5842317445        -3.4373946625
        3.8606049000         2.0200000000         1.2051183320         0.5714723572        -3.4373946625
        3.8656000000         2.0200000000         1.2127753126         0.5587129699        -3.2379326898
        3.8704394000         2.0200000000         1.2025660052         0.5459535826        -3.5038819867
        3.8755868000         2.0200000000         1.1974613514         0.5255385629        -3.6368566352
        3.8806399000         2.0200000000         1.2255369469         0.5255385629        -2.9054960687
        3.8854663000         2.0200000000         1.1923566977         0.5025716658        -3.7698312837
        3.8905994000         2.0200000000         1.2025660052         0.4898122785        -3.5038819867
        3.8954998000         2.0200000000         1.2331939274         0.4719491363        -2.7060340960
        3.9005965000         2.0200000000         1.1923566977         0.4668453814        -3.7698312837
        3.9056217000         2.0200000000         1.2127753126         0.4540859941        -3.2379326898
        3.9104736000         2.0200000000         1.2051183320         0.4336709744        -3.4373946625
        3.9158278000         2.0200000000         1.1872520440         0.4260153420        -3.9028059321
        3.9205454000         2.0200000000         1.2127753126         0.4132559548        -3.2379326898
        3.9255783000         2.0200000000         1.2000136783         0.3928409351        -3.5703693110
        3.9304726000         2.0200000000         1.1949090246         0.3800815478        -3.7033439594
        3.9354462000         2.0200000000         1.2076706589         0.3775296703        -3.3709073383
        3.9404409000         2.0200000000         1.2000136783         0.3571146507        -3.5703693110
        3.9454530000         2.0200000000         1.2000136783         0.3443552634        -3.5703693110
        3.9506709000         2.0200000000         1.2051183320         0.3315958761        -3.4373946625
        3.9554482000         2.0200000000         1.1974613514         0.3137327338        -3.6368566352
        3.9604408000         2.0200000000         1.2051183320         0.3035252240        -3.4373946625
        3.9655517000         2.0200000000         1.2153276394         0.2882139593        -3.1714453656
        3.9704518000         2.0200000000         1.2025660052         0.2754545720        -3.5038819867
        3.9754361000         2.0200000000         1.1898043709         0.2550395523        -3.8363186079
        3.9804681000         2.0200000000         1.1949090246         0.2371764101        -3.7033439594
        3.9854474000         2.0200000000         1.2025660052         0.2320726552        -3.5038819867
        3.9905579000         2.0200000000         1.1949090246         0.2116576355        -3.7033439594
        3.9954898000         2.0200000000         1.1949090246         0.1988982482        -3.7033439594
        4.0005241000         2.0200000000         1.1923566977         0.1810351060        -3.7698312837
