% Sweep Step 180/200  Vcmd=0.0000V  CCW 
% Vg_offset=1.338337V  K_gimbal=26.049690

Time[s]              Vcmd[V]              Vg_raw[V]            Pot[V]             Omega[rad/s]
        0.0024727000         0.0000000000         1.3454963091         3.5265464547         0.1864969445
        0.0055925000         0.0000000000         1.3378393285         3.5239945773        -0.0129650282
        0.0105131000         0.0000000000         1.3378393285         3.5239945773        -0.0129650282
        0.0156004000         0.0000000000         1.3403916554         3.5316502097         0.0535222960
        0.0205590000         0.0000000000         1.0315601058         3.5010276801        -7.9914439354
        0.0255007000         0.0000000000         1.0979206040         3.4704051506        -6.2627735055
        0.0306204000         0.0000000000         1.0749496623         3.4550938859        -6.8611594236
        0.0357922000         0.0000000000         0.9881705492         3.4142638465        -9.1217284473
        0.0404794000         0.0000000000         0.9473333195         3.3836413170       -10.1855256349
        0.0456552000         0.0000000000         0.9294670315         3.3428112777       -10.6509369045
        0.0505924000         0.0000000000         0.8656588601         3.3070849933       -12.3131200102
        0.0555170000         0.0000000000         0.8095076693         3.2458399342       -13.7758411431
        0.0604899000         0.0000000000         0.8120599961         3.2075617724       -13.7093538189
        0.0656640000         0.0000000000         0.7278332099         3.1361092035       -15.9034355184
        0.0705960000         0.0000000000         0.6921006339         3.0748641445       -16.8342580576
        0.0755969000         0.0000000000         0.6895483070         3.0161709629       -16.9007453818
        0.0805166000         0.0000000000         0.6155308282         2.9421665166       -18.8288777844
        0.0856453000         0.0000000000         0.6538157310         2.8809214576       -17.8315679210
        0.0905323000         0.0000000000         0.5772459253         2.8094688888       -19.8261876478
        0.0955287000         0.0000000000         0.5900075596         2.7405681974       -19.4937510266
        0.1006388000         0.0000000000         0.5644842910         2.6614599961       -20.1586242689
        0.1056322000         0.0000000000         0.5491703299         2.5823517949       -20.5575482143
        0.1105946000         0.0000000000         0.5364086956         2.5083473486       -20.8899848354
        0.1155602000         0.0000000000         0.5313040419         2.4164797601       -21.0229594839
        0.1206066000         0.0000000000         0.5057807733         2.3424753138       -21.6878327261
        0.1256482000         0.0000000000         0.5057807733         2.2531596027       -21.6878327261
        0.1305568000         0.0000000000         0.4981237928         2.1766032789       -21.8872946988
        0.1356354000         0.0000000000         0.4981237928         2.0949432002       -21.8872946988
        0.1407959000         0.0000000000         0.4904668122         2.0107312441       -22.0867566715
        0.1456610000         0.0000000000         0.4777051779         1.9239674105       -22.4191932926
        0.1505806000         0.0000000000         0.4674958705         1.8372035769       -22.6851425895
        0.1557244000         0.0000000000         0.4751528511         1.7580953756       -22.4856806168
        0.1606896000         0.0000000000         0.4726005242         1.6713315420       -22.5521679411
        0.1658172000         0.0000000000         0.4572865631         1.5947752183       -22.9510918864
        0.1705815000         0.0000000000         0.4751528511         1.5080113847       -22.4856806168
        0.1755788000         0.0000000000         0.4649435436         1.4212475511       -22.7516299138
        0.1806372000         0.0000000000         0.4649435436         1.3293799625       -22.7516299138
        0.1855819000         0.0000000000         0.4496295825         1.2426161289       -23.1505538591
        0.1905578000         0.0000000000         0.4445249288         1.1481966629       -23.2835285076
        0.1956427000         0.0000000000         0.4368679482         1.0639847068       -23.4829904802
        0.2006169000         0.0000000000         0.4547342362         0.9797727506       -23.0175792107
        0.2055823000         0.0000000000         0.4649435436         0.8955607945       -22.7516299138
        0.2105487000         0.0000000000         0.4368679482         0.8011413285       -23.4829904802
        0.2155340000         0.0000000000         0.4649435436         0.7169293724       -22.7516299138
        0.2205236000         0.0000000000         0.4598388899         0.6276136613       -22.8846045622
        0.2254758000         0.0000000000         0.4572865631         0.5306423179       -22.9510918864
        0.2305436000         0.0000000000         0.4419726019         0.4362228519       -23.3500158318
        0.2355204000         0.0000000000         0.4445249288         0.3392515084       -23.2835285076
        0.2406136000         0.0000000000         0.4343156214         0.2575914298       -23.5494778045
        0.2456261000         0.0000000000         0.4547342362         0.1580682088       -23.0175792107
        0.2505271000         0.0000000000         0.4394202751         0.0713043752       -23.4165031560
        0.2556188000         0.0000000000         0.4470772556         0.0075074388       -23.2170411833
        0.2606384000         0.0000000000         0.4368679482         0.0049555613       -23.4829904802
        0.2655395000         0.0000000000         0.4572865631         5.0066353810       -22.9510918864
        0.2706082000         0.0000000000         0.4521819094         5.0015316260       -23.0840665349
        0.2756295000         0.0000000000         0.4445249288         4.9275271797       -23.2835285076
        0.2808879000         0.0000000000         0.4419726019         4.8229002039       -23.3500158318
        0.2855777000         0.0000000000         0.4521819094         4.7361363703       -23.0840665349
        0.2905813000         0.0000000000         0.4547342362         4.6468206592       -23.0175792107
        0.2955920000         0.0000000000         0.4445249288         4.5498493158       -23.2835285076
        0.3006852000         0.0000000000         0.4419726019         4.4528779724       -23.3500158318
        0.3055721000         0.0000000000         0.4521819094         4.3661141388       -23.0840665349
        0.3106261000         0.0000000000         0.4572865631         4.2767984277       -22.9510918864
        0.3156295000         0.0000000000         0.4572865631         4.1874827166       -22.9510918864
        0.3207441000         0.0000000000         0.4445249288         4.0981670056       -23.2835285076
        0.3256244000         0.0000000000         0.4470772556         4.0114031719       -23.2170411833
        0.3307381000         0.0000000000         0.4470772556         3.9169837060       -23.2170411833
        0.3356293000         0.0000000000         0.4547342362         3.8302198724       -23.0175792107
        0.3406338000         0.0000000000         0.4419726019         3.7434560388       -23.3500158318
        0.3456682000         0.0000000000         0.4419726019         3.6566922051       -23.3500158318
        0.3507845000         0.0000000000         0.4623912168         3.5724802490       -22.8181172380
        0.3554786000         0.0000000000         0.4496295825         3.4831645379       -23.1505538591
        0.3605160000         0.0000000000         0.4266586408         3.3810894396       -23.7489397772
        0.3654885000         0.0000000000         0.4547342362         3.3019812383       -23.0175792107
        0.3705827000         0.0000000000         0.4419726019         3.2152174047       -23.3500158318
        0.3755550000         0.0000000000         0.4470772556         3.1259016937       -23.2170411833
        0.3805078000         0.0000000000         0.4368679482         3.0289303502       -23.4829904802
        0.3854426000         0.0000000000         0.4317632945         2.9447183941       -23.6159651287
        0.3904047000         0.0000000000         0.4470772556         2.8656101929       -23.2170411833
        0.3955182000         0.0000000000         0.4445249288         2.7660869720       -23.2835285076
        0.4006080000         0.0000000000         0.4394202751         2.6895306482       -23.4165031560
        0.4055092000         0.0000000000         0.4445249288         2.5951111822       -23.2835285076
        0.4105239000         0.0000000000         0.4394202751         2.5057954711       -23.4165031560
        0.4156337000         0.0000000000         0.4470772556         2.4164797601       -23.2170411833
        0.4207084000         0.0000000000         0.4394202751         2.3322678039       -23.4165031560
        0.4255687000         0.0000000000         0.4445249288         2.2480558478       -23.2835285076
        0.4306364000         0.0000000000         0.4419726019         2.1587401367       -23.3500158318
        0.4356323000         0.0000000000         0.4368679482         2.0592169158       -23.4829904802
        0.4406545000         0.0000000000         0.4368679482         1.9750049597       -23.4829904802
        0.4456507000         0.0000000000         0.4292109677         1.8831373711       -23.6824524529
        0.4506596000         0.0000000000         0.4138970065         1.7912697826       -24.0813763983
        0.4556625000         0.0000000000         0.4470772556         1.7096097039       -23.2170411833
        0.4606002000         0.0000000000         0.4445249288         1.6253977478       -23.2835285076
        0.4656456000         0.0000000000         0.4266586408         1.5360820367       -23.7489397772
        0.4706052000         0.0000000000         0.4292109677         1.4442144482       -23.6824524529
        0.4756807000         0.0000000000         0.4266586408         1.3497949822       -23.7489397772
        0.4806658000         0.0000000000         0.4368679482         1.2630311486       -23.4829904802
        0.4856397000         0.0000000000         0.4343156214         1.1788191925       -23.5494778045
        0.4906104000         0.0000000000         0.4394202751         1.0971591138       -23.4165031560
        0.4956864000         0.0000000000         0.4445249288         1.0078434027       -23.2835285076
        0.5006200000         0.0000000000         0.4445249288         0.9108720593       -23.2835285076
        0.5055627000         0.0000000000         0.4470772556         0.8292119806       -23.2170411833
        0.5106364000         0.0000000000         0.4343156214         0.7296887597       -23.5494778045
        0.5154907000         0.0000000000         0.4419726019         0.6429249261       -23.3500158318
        0.5206318000         0.0000000000         0.4445249288         0.5485054601       -23.2835285076
        0.5254940000         0.0000000000         0.4368679482         0.4489822392       -23.4829904802
        0.5306339000         0.0000000000         0.4496295825         0.3673221605       -23.1505538591
        0.5354508000         0.0000000000         0.4317632945         0.2626951847       -23.6159651287
        0.5405976000         0.0000000000         0.4317632945         0.1708275961       -23.6159651287
        0.5456023000         0.0000000000         0.4419726019         0.0840637625       -23.3500158318
        0.5506386000         0.0000000000         0.4470772556        -0.0001481936       -23.2170411833
        0.5556601000         0.0000000000         0.4266586408         0.0024036839       -23.7489397772
        0.5606211000         0.0000000000         0.4419726019         5.0040835035       -23.3500158318
        0.5669844000         0.0000000000         0.4470772556         5.0015316260       -23.2170411833
        0.5705392000         0.0000000000         0.4394202751         4.9326309346       -23.4165031560
        0.5755390000         0.0000000000         0.4343156214         4.8382114687       -23.5494778045
        0.5806096000         0.0000000000         0.4521819094         4.7514476351       -23.0840665349
        0.5857867000         0.0000000000         0.4445249288         4.6493725367       -23.2835285076
        0.5906997000         0.0000000000         0.4521819094         4.5600568256       -23.0840665349
        0.5956721000         0.0000000000         0.4496295825         4.4681892371       -23.1505538591
        0.6006654000         0.0000000000         0.4343156214         4.3661141388       -23.5494778045
        0.6057080000         0.0000000000         0.4419726019         4.2767984277       -23.3500158318
        0.6106146000         0.0000000000         0.4547342362         4.1951383490       -23.0175792107
        0.6156368000         0.0000000000         0.4419726019         4.1032707605       -23.3500158318
        0.6206772000         0.0000000000         0.4470772556         4.0165069269       -23.2170411833
        0.6256590000         0.0000000000         0.4445249288         3.9246393383       -23.2835285076
        0.6304924000         0.0000000000         0.4521819094         3.8429792597       -23.0840665349
        0.6354704000         0.0000000000         0.4496295825         3.7485597937       -23.1505538591
        0.6407367000         0.0000000000         0.4343156214         3.6643478375       -23.5494778045
        0.6457050000         0.0000000000         0.4623912168         3.5775840039       -22.8181172380
        0.6506282000         0.0000000000         0.4470772556         3.4882682929       -23.2170411833
        0.6555727000         0.0000000000         0.4445249288         3.3989525818       -23.2835285076
        0.6605425000         0.0000000000         0.4419726019         3.3019812383       -23.3500158318
        0.6656508000         0.0000000000         0.4419726019         3.2228730371       -23.3500158318
        0.6706423000         0.0000000000         0.4394202751         3.1335573261       -23.4165031560
        0.6756572000         0.0000000000         0.4445249288         3.0416897375       -23.2835285076
        0.6806186000         0.0000000000         0.4445249288         2.9651334138       -23.2835285076
        0.6856320000         0.0000000000         0.4266586408         2.8630583154       -23.7489397772
        0.6906341000         0.0000000000         0.4368679482         2.7711907269       -23.4829904802
        0.6957842000         0.0000000000         0.4419726019         2.6946344031       -23.3500158318
        0.7006641000         0.0000000000         0.4521819094         2.6078705695       -23.0840665349
        0.7056463000         0.0000000000         0.4266586408         2.5108992261       -23.7489397772
        0.7105462000         0.0000000000         0.4317632945         2.4266872699       -23.6159651287
        0.7154712000         0.0000000000         0.4445249288         2.3424753138       -23.2835285076
        0.7205572000         0.0000000000         0.4496295825         2.2531596027       -23.1505538591
        0.7256172000         0.0000000000         0.4266586408         2.1561882593       -23.7489397772
        0.7307049000         0.0000000000         0.4241063139         2.0643206707       -23.8154271014
        0.7355986000         0.0000000000         0.4343156214         1.9724530822       -23.5494778045
        0.7406471000         0.0000000000         0.4496295825         1.8958967584       -23.1505538591
        0.7457785000         0.0000000000         0.4241063139         1.7989254150       -23.8154271014
        0.7513209000         0.0000000000         0.4394202751         1.7019540715       -23.4165031560
        0.7557932000         0.0000000000         0.4368679482         1.6356052576       -23.4829904802
        0.7609280000         0.0000000000         0.4394202751         1.5386339142       -23.4165031560
        0.7655964000         0.0000000000         0.4317632945         1.4493182031       -23.6159651287
        0.7709032000         0.0000000000         0.4419726019         1.3600024920       -23.3500158318
        0.7755573000         0.0000000000         0.4164493334         1.2630311486       -24.0148890741
        0.7805153000         0.0000000000         0.4470772556         1.1839229474       -23.2170411833
        0.7855763000         0.0000000000         0.4343156214         1.0971591138       -23.5494778045
        0.7905541000         0.0000000000         0.4394202751         1.0052915252       -23.4165031560
        0.7955733000         0.0000000000         0.4343156214         0.9185276916       -23.5494778045
        0.8005548000         0.0000000000         0.4521819094         0.8292119806       -23.0840665349
        0.8055842000         0.0000000000         0.4470772556         0.7373443920       -23.2170411833
        0.8105498000         0.0000000000         0.4368679482         0.6378211711       -23.4829904802
        0.8155506000         0.0000000000         0.4292109677         0.5485054601       -23.6824524529
        0.8206126000         0.0000000000         0.4317632945         0.4489822392       -23.6159651287
        0.8255930000         0.0000000000         0.4394202751         0.3571146507       -23.4165031560
        0.8305171000         0.0000000000         0.4343156214         0.2703508170       -23.5494778045
        0.8355736000         0.0000000000         0.4419726019         0.1835869834       -23.3500158318
        0.8405549000         0.0000000000         0.4317632945         0.0764081302       -23.6159651287
        0.8456414000         0.0000000000         0.4368679482        -0.0027000711       -23.4829904802
        0.8506312000         0.0000000000         0.4292109677        -0.0052519485       -23.6824524529
        0.8555457000         0.0000000000         0.4394202751         5.0040835035       -23.4165031560
        0.8605073000         0.0000000000         0.4292109677         4.9964278711       -23.6824524529
        0.8655909000         0.0000000000         0.4394202751         4.9326309346       -23.4165031560
        0.8705314000         0.0000000000         0.4496295825         4.8458671010       -23.1505538591
        0.8756039000         0.0000000000         0.4419726019         4.7437920027       -23.3500158318
        0.8805770000         0.0000000000         0.4343156214         4.6493725367       -23.5494778045
        0.8855669000         0.0000000000         0.4496295825         4.5575049482       -23.1505538591
        0.8905956000         0.0000000000         0.4419726019         4.4605336047       -23.3500158318
        0.8955829000         0.0000000000         0.4343156214         4.3661141388       -23.5494778045
        0.9005543000         0.0000000000         0.4445249288         4.2895578150       -23.2835285076
        0.9056536000         0.0000000000         0.4674958705         4.1976902265       -22.6851425895
        0.9105846000         0.0000000000         0.4343156214         4.0981670056       -23.5494778045
        0.9155913000         0.0000000000         0.4470772556         4.0114031719       -23.2170411833
        0.9206540000         0.0000000000         0.4368679482         3.9220874609       -23.4829904802
        0.9254575000         0.0000000000         0.4598388899         3.8429792597       -22.8846045622
        0.9306163000         0.0000000000         0.4496295825         3.7536635486       -23.1505538591
        0.9354870000         0.0000000000         0.4521819094         3.6643478375       -23.0840665349
        0.9405836000         0.0000000000         0.4394202751         3.5699283715       -23.4165031560
        0.9456685000         0.0000000000         0.4521819094         3.4857164154       -23.0840665349
        0.9505040000         0.0000000000         0.4445249288         3.3964007043       -23.2835285076
        0.9556494000         0.0000000000         0.4521819094         3.3096368707       -23.0840665349
        0.9605051000         0.0000000000         0.4496295825         3.2203211597       -23.1505538591
        0.9656336000         0.0000000000         0.4368679482         3.1335573261       -23.4829904802
        0.9705043000         0.0000000000         0.4445249288         3.0416897375       -23.2835285076
        0.9754995000         0.0000000000         0.4521819094         2.9651334138       -23.0840665349
        0.9805854000         0.0000000000         0.4496295825         2.8758177027       -23.1505538591
        0.9855377000         0.0000000000         0.4292109677         2.7813982367       -23.6824524529
        0.9905361000         0.0000000000         0.4241063139         2.6920825256       -23.8154271014
        0.9955731000         0.0000000000         0.4419726019         2.6027668146       -23.3500158318
        1.0005849000         0.0000000000         0.4445249288         2.5057954711       -23.2835285076
        1.0055007000         0.0000000000         0.4164493334         2.4215835150       -24.0148890741
        1.0105902000         0.0000000000         0.4215539871         2.3297159265       -23.8819144256
        1.0155611000         0.0000000000         0.4419726019         2.2455039703       -23.3500158318
        1.0205390000         0.0000000000         0.4419726019         2.1561882593       -23.3500158318
        1.0255767000         0.0000000000         0.4317632945         2.0745281806       -23.6159651287
        1.0306695000         0.0000000000         0.4368679482         1.9801087146       -23.4829904802
        1.0354695000         0.0000000000         0.4343156214         1.8831373711       -23.5494778045
        1.0405102000         0.0000000000         0.4266586408         1.7938216601       -23.7489397772
        1.0455937000         0.0000000000         0.4292109677         1.7121615814       -23.6824524529
        1.0505895000         0.0000000000         0.4266586408         1.6253977478       -23.7489397772
        1.0555293000         0.0000000000         0.4241063139         1.5360820367       -23.8154271014
        1.0606932000         0.0000000000         0.4394202751         1.4416625707       -23.4165031560
        1.0657125000         0.0000000000         0.4343156214         1.3574506146       -23.5494778045
        1.0705469000         0.0000000000         0.4215539871         1.2604792711       -23.8819144256
        1.0756896000         0.0000000000         0.4343156214         1.1864748248       -23.5494778045
        1.0806063000         0.0000000000         0.4445249288         1.0946072363       -23.2835285076
        1.0856139000         0.0000000000         0.4317632945         0.9976358929       -23.6159651287
        1.0904930000         0.0000000000         0.4343156214         0.9108720593       -23.5494778045
        1.0956274000         0.0000000000         0.4343156214         0.8190044707       -23.5494778045
        1.1005027000         0.0000000000         0.4368679482         0.7296887597       -23.4829904802
        1.1055599000         0.0000000000         0.4368679482         0.6378211711       -23.4829904802
        1.1106832000         0.0000000000         0.4292109677         0.5408498277       -23.6824524529
        1.1156076000         0.0000000000         0.4266586408         0.4464303617       -23.7489397772
        1.1205900000         0.0000000000         0.4470772556         0.3698740379       -23.2170411833
        1.1254809000         0.0000000000         0.4394202751         0.2780064494       -23.4165031560
        1.1305077000         0.0000000000         0.4343156214         0.1682757187       -23.5494778045
        1.1354349000         0.0000000000         0.4343156214         0.0815118851       -23.5494778045
        1.1408620000         0.0000000000         0.4368679482         0.0024036839       -23.4829904802
        1.1455337000         0.0000000000         0.4343156214        -0.0027000711       -23.5494778045
        1.1507317000         0.0000000000         0.4343156214         5.0066353810       -23.5494778045
        1.1556085000         0.0000000000         0.4292109677         4.9989797486       -23.6824524529
        1.1605827000         0.0000000000         0.4343156214         4.9300790572       -23.5494778045
        1.1655383000         0.0000000000         0.4419726019         4.8356595912       -23.3500158318
        1.1706246000         0.0000000000         0.4317632945         4.7335844928       -23.6159651287
        1.1756034000         0.0000000000         0.4343156214         4.6442687818       -23.5494778045
        1.1806043000         0.0000000000         0.4368679482         4.5472974383       -23.4829904802
        1.1856097000         0.0000000000         0.4470772556         4.4630854822       -23.2170411833
        1.1906176000         0.0000000000         0.4496295825         4.3737697711       -23.1505538591
        1.1955314000         0.0000000000         0.4419726019         4.2844540601       -23.3500158318
        1.2006074000         0.0000000000         0.4419726019         4.1823789617       -23.3500158318
        1.2055677000         0.0000000000         0.4368679482         4.0905113732       -23.4829904802
        1.2105881000         0.0000000000         0.4470772556         4.0088512945       -23.2170411833
        1.2155776000         0.0000000000         0.4445249288         3.9195355834       -23.2835285076
        1.2205092000         0.0000000000         0.4445249288         3.8327717498       -23.2835285076
        1.2255887000         0.0000000000         0.4521819094         3.7485597937       -23.0840665349
        1.2305786000         0.0000000000         0.4547342362         3.6592440826       -23.0175792107
        1.2354376000         0.0000000000         0.4598388899         3.5673764941       -22.8846045622
        1.2404161000         0.0000000000         0.4394202751         3.4704051506       -23.4165031560
        1.2454929000         0.0000000000         0.4343156214         3.3785375621       -23.5494778045
        1.2505594000         0.0000000000         0.4572865631         3.3045331158       -22.9510918864
        1.2555555000         0.0000000000         0.4649435436         3.2203211597       -22.7516299138
        1.2605423000         0.0000000000         0.4445249288         3.1310054486       -23.2835285076
        1.2654930000         0.0000000000         0.4394202751         3.0340341051       -23.4165031560
        1.2705625000         0.0000000000         0.4419726019         2.9447183941       -23.3500158318
        1.2755760000         0.0000000000         0.4419726019         2.8579545605       -23.3500158318
        1.2805884000         0.0000000000         0.4445249288         2.7711907269       -23.2835285076
        1.2854840000         0.0000000000         0.4113446797         2.6742193834       -24.1478637225
        1.2905093000         0.0000000000         0.4394202751         2.5925593047       -23.4165031560
        1.2954957000         0.0000000000         0.4496295825         2.5083473486       -23.1505538591
        1.3005880000         0.0000000000         0.4445249288         2.4139278826       -23.2835285076
        1.3057223000         0.0000000000         0.4266586408         2.3322678039       -23.7489397772
        1.3106233000         0.0000000000         0.4419726019         2.2404002154       -23.3500158318
        1.3156522000         0.0000000000         0.4292109677         2.1459807494       -23.6824524529
        1.3206400000         0.0000000000         0.4317632945         2.0490094060       -23.6159651287
        1.3257132000         0.0000000000         0.4292109677         1.9699012047       -23.6824524529
        1.3307462000         0.0000000000         0.4241063139         1.8805854937       -23.8154271014
        1.3358249000         0.0000000000         0.4394202751         1.7963735375       -23.4165031560
        1.3406353000         0.0000000000         0.4368679482         1.6968503166       -23.4829904802
        1.3456280000         0.0000000000         0.4292109677         1.6228458703       -23.6824524529
        1.3505586000         0.0000000000         0.4292109677         1.5233226494       -23.6824524529
        1.3557010000         0.0000000000         0.4368679482         1.4314550609       -23.4829904802
        1.3604818000         0.0000000000         0.4368679482         1.3446912273       -23.4829904802
        1.3655229000         0.0000000000         0.4266586408         1.2604792711       -23.7489397772
        1.3704966000         0.0000000000         0.4317632945         1.1686116826       -23.6159651287
        1.3756999000         0.0000000000         0.4419726019         1.0869516039       -23.3500158318
        1.3805416000         0.0000000000         0.4419726019         0.9950840154       -23.3500158318
        1.3855542000         0.0000000000         0.4266586408         0.8981126720       -23.7489397772
        1.3905214000         0.0000000000         0.4343156214         0.8036932060       -23.5494778045
        1.3955613000         0.0000000000         0.4266586408         0.7092737400       -23.7489397772
        1.4005354000         0.0000000000         0.4470772556         0.6276136613       -23.2170411833
        1.4054950000         0.0000000000         0.4317632945         0.5306423179       -23.6159651287
        1.4105777000         0.0000000000         0.4343156214         0.4413266068       -23.5494778045
        1.4154935000         0.0000000000         0.4241063139         0.3392515084       -23.8154271014
        1.4205540000         0.0000000000         0.4445249288         0.2550395523       -23.2835285076
        1.4255165000         0.0000000000         0.4445249288         0.1606200863       -23.2835285076
        1.4305272000         0.0000000000         0.4190016602         0.0636487429       -23.9484017498
        1.4354511000         0.0000000000         0.4343156214        -0.0052519485       -23.5494778045
        1.4405644000         0.0000000000         0.4394202751         0.0049555613       -23.4165031560
        1.4454634000         0.0000000000         0.4343156214         4.9989797486       -23.5494778045
        1.4505619000         0.0000000000         0.4368679482         5.0040835035       -23.4829904802
        1.4555592000         0.0000000000         0.4317632945         4.9122159150       -23.6159651287
        1.4605806000         0.0000000000         0.4470772556         4.8254520814       -23.2170411833
        1.4660159000         0.0000000000         0.4394202751         4.7284807379       -23.4165031560
        1.4705203000         0.0000000000         0.4470772556         4.6391650269       -23.2170411833
        1.4760498000         0.0000000000         0.4292109677         4.5370899285       -23.6824524529
        1.4806182000         0.0000000000         0.4470772556         4.4503260949       -23.2170411833
        1.4855814000         0.0000000000         0.4470772556         4.3559066289       -23.2170411833
        1.4905242000         0.0000000000         0.4496295825         4.2691427953       -23.1505538591
        1.4956124000         0.0000000000         0.4368679482         4.1721714519       -23.4829904802
        1.5005619000         0.0000000000         0.4292109677         4.0803038633       -23.6824524529
        1.5055783000         0.0000000000         0.4470772556         4.0037475396       -23.2170411833
        1.5105984000         0.0000000000         0.4521819094         3.9042243187       -23.0840665349
        1.5155856000         0.0000000000         0.4496295825         3.8174604851       -23.1505538591
        1.5205391000         0.0000000000         0.4470772556         3.7358004064       -23.2170411833
        1.5256238000         0.0000000000         0.4394202751         3.6388290629       -23.4165031560
        1.5305896000         0.0000000000         0.4649435436         3.5444095970       -22.7516299138
        1.5355133000         0.0000000000         0.4496295825         3.4704051506       -23.1505538591
        1.5405725000         0.0000000000         0.4496295825         3.3836413170       -23.1505538591
        1.5455453000         0.0000000000         0.4445249288         3.2815662187       -23.2835285076
        1.5506402000         0.0000000000         0.4572865631         3.1999061400       -22.9510918864
        1.5555574000         0.0000000000         0.4470772556         3.1105904289       -23.2170411833
        1.5605467000         0.0000000000         0.4470772556         3.0263784728       -23.2170411833
        1.5656053000         0.0000000000         0.4394202751         2.9396146392       -23.4165031560
        1.5705823000         0.0000000000         0.4445249288         2.8400914183       -23.2835285076
        1.5756118000         0.0000000000         0.4470772556         2.7584313396       -23.2170411833
        1.5805790000         0.0000000000         0.4215539871         2.6640118736       -23.8819144256
        1.5855525000         0.0000000000         0.4419726019         2.5874555498       -23.3500158318
        1.5906909000         0.0000000000         0.4368679482         2.4879323289       -23.4829904802
        1.5956839000         0.0000000000         0.4343156214         2.3986166179       -23.5494778045
        1.6006031000         0.0000000000         0.4343156214         2.3220602941       -23.5494778045
        1.6055968000         0.0000000000         0.4215539871         2.2148814408       -23.8819144256
        1.6105676000         0.0000000000         0.4317632945         2.1332213621       -23.6159651287
        1.6155385000         0.0000000000         0.4470772556         2.0515612834       -23.2170411833
        1.6205613000         0.0000000000         0.4266586408         1.9545899400       -23.7489397772
        1.6256238000         0.0000000000         0.4266586408         1.8703779838       -23.7489397772
        1.6306660000         0.0000000000         0.4292109677         1.7810622728       -23.6824524529
        1.6355999000         0.0000000000         0.4343156214         1.6866428068       -23.5494778045
        1.6405976000         0.0000000000         0.4292109677         1.5998789732       -23.6824524529
        1.6454968000         0.0000000000         0.4241063139         1.5131151396       -23.8154271014
        1.6504916000         0.0000000000         0.4292109677         1.4237994285       -23.6824524529
        1.6555094000         0.0000000000         0.4317632945         1.3319318400       -23.6159651287
        1.6606295000         0.0000000000         0.4317632945         1.2477198838       -23.6159651287
        1.6655795000         0.0000000000         0.4292109677         1.1635079277       -23.6824524529
        1.6704993000         0.0000000000         0.4190016602         1.0639847068       -23.9484017498
        1.6759546000         0.0000000000         0.4470772556         0.9772208732       -23.2170411833
        1.6806056000         0.0000000000         0.4368679482         0.8879051621       -23.4829904802
        1.6855899000         0.0000000000         0.4241063139         0.7934856961       -23.8154271014
        1.6905711000         0.0000000000         0.4343156214         0.7016181076       -23.5494778045
        1.6955534000         0.0000000000         0.4292109677         0.6123023966       -23.6824524529
        1.7006465000         0.0000000000         0.4419726019         0.5229866855       -23.3500158318
        1.7055438000         0.0000000000         0.4368679482         0.4285672195       -23.4829904802
        1.7106487000         0.0000000000         0.4292109677         0.3341477535       -23.6824524529
        1.7157066000         0.0000000000         0.4292109677         0.2422801650       -23.6824524529
        1.7205459000         0.0000000000         0.4419726019         0.1427569441       -23.3500158318
        1.7255417000         0.0000000000         0.4292109677         0.0483374781       -23.6824524529
        1.7306281000         0.0000000000         0.4419726019         0.0075074388       -23.3500158318
        1.7356397000         0.0000000000         0.4266586408         1.1073666236       -23.7489397772
        1.7406353000         0.0000000000         0.4521819094         5.0117391359       -23.0840665349
        1.7456576000         0.0000000000         0.4470772556         4.9989797486       -23.2170411833
        1.7506441000         0.0000000000         0.4368679482         4.9045602826       -23.4829904802
        1.7555604000         0.0000000000         0.4368679482         4.8075889392       -23.4829904802
        1.7606356000         0.0000000000         0.4317632945         4.7106175957       -23.6159651287
        1.7657069000         0.0000000000         0.4343156214         4.6213018847       -23.5494778045
        1.7706181000         0.0000000000         0.4394202751         4.5243305412       -23.4165031560
        1.7756100000         0.0000000000         0.4419726019         4.4401185851       -23.3500158318
        1.7806158000         0.0000000000         0.4241063139         4.3329397318       -23.8154271014
        1.7856167000         0.0000000000         0.4547342362         4.2563834080       -23.0175792107
        1.7906487000         0.0000000000         0.4521819094         4.1670676969       -23.0840665349
        1.7955234000         0.0000000000         0.4317632945         4.0649925986       -23.6159651287
        1.8006026000         0.0000000000         0.4343156214         3.9833325199       -23.5494778045
        1.8055104000         0.0000000000         0.4445249288         3.8940168088       -23.2835285076
        1.8105295000         0.0000000000         0.4445249288         3.7970454654       -23.2835285076
        1.8155433000         0.0000000000         0.4445249288         3.7153853867       -23.2835285076
        1.8206491000         0.0000000000         0.4368679482         3.6235177982       -23.4829904802
        1.8256421000         0.0000000000         0.4547342362         3.5367539646       -23.0175792107
        1.8305989000         0.0000000000         0.4470772556         3.4423344986       -23.2170411833
        1.8355119000         0.0000000000         0.4496295825         3.3683300523       -23.1505538591
        1.8405436000         0.0000000000         0.4445249288         3.2713587088       -23.2835285076
        1.8455222000         0.0000000000         0.4445249288         3.1794911203       -23.2835285076
        1.8506491000         0.0000000000         0.4470772556         3.0952791642       -23.2170411833
        1.8554724000         0.0000000000         0.4521819094         3.0136190855       -23.0840665349
        1.8606581000         0.0000000000         0.4215539871         2.9191996195       -23.8819144256
        1.8655719000         0.0000000000         0.4445249288         2.8273320310       -23.2835285076
        1.8706529000         0.0000000000         0.4547342362         2.7507757072       -23.0175792107
        1.8755796000         0.0000000000         0.4368679482         2.6614599961       -23.4829904802
        1.8806411000         0.0000000000         0.4241063139         2.5593848978       -23.8154271014
        1.8854460000         0.0000000000         0.4445249288         2.4802766965       -23.2835285076
        1.8905948000         0.0000000000         0.4419726019         2.3935128629       -23.3500158318
        1.8958606000         0.0000000000         0.4445249288         2.3041971519       -23.2835285076
        1.9005777000         0.0000000000         0.4343156214         2.2097776859       -23.5494778045
        1.9057480000         0.0000000000         0.4190016602         2.1153582199       -23.9484017498
        1.9106422000         0.0000000000         0.4419726019         2.0311462638       -23.3500158318
        1.9155592000         0.0000000000         0.4445249288         1.9443824302       -23.2835285076
        1.9207400000         0.0000000000         0.4241063139         1.8499629642       -23.8154271014
        1.9260494000         0.0000000000         0.4190016602         1.7683028855       -23.9484017498
        1.9304678000         0.0000000000         0.4394202751         1.6866428068       -23.4165031560
        1.9356897000         0.0000000000         0.4419726019         1.5896714634       -23.3500158318
        1.9405372000         0.0000000000         0.4190016602         1.4952519974       -23.9484017498
        1.9457321000         0.0000000000         0.4317632945         1.4212475511       -23.6159651287
        1.9506949000         0.0000000000         0.4241063139         1.3217243302       -23.8154271014
        1.9555084000         0.0000000000         0.4368679482         1.2349604965       -23.4829904802
        1.9606486000         0.0000000000         0.4343156214         1.1379891531       -23.5494778045
        1.9656735000         0.0000000000         0.4266586408         1.0639847068       -23.7489397772
        1.9704855000         0.0000000000         0.4470772556         0.9721171183       -23.2170411833
        1.9756112000         0.0000000000         0.4343156214         0.8751457748       -23.5494778045
        1.9806574000         0.0000000000         0.4394202751         0.7909338187       -23.4165031560
        1.9856445000         0.0000000000         0.4266586408         0.6863068429       -23.7489397772
        1.9906457000         0.0000000000         0.4343156214         0.5944392543       -23.5494778045
        1.9956339000         0.0000000000         0.4317632945         0.5127791757       -23.6159651287
        2.0005441000         0.0000000000         0.4521819094         0.4158078322       -23.0840665349
        2.0055107000         0.0000000000         0.4343156214         0.3239402437       -23.5494778045
        2.0105088000         0.0000000000         0.4266586408         0.2320726552       -23.7489397772
        2.0155045000         0.0000000000         0.4394202751         0.1376531892       -23.4165031560
        2.0204819000         0.0000000000         0.4419726019         0.0432337232       -23.3500158318
        2.0256575000         0.0000000000         0.4419726019         0.0024036839       -23.3500158318
        2.0306541000         0.0000000000         0.4241063139         1.1073666236       -23.8154271014
        2.0356726000         0.0000000000         0.4419726019         5.0066353810       -23.3500158318
        2.0406263000         0.0000000000         0.4292109677         4.9785647289       -23.6824524529
        2.0456308000         0.0000000000         0.4445249288         4.8918008953       -23.2835285076
        2.0504825000         0.0000000000         0.4445249288         4.7948295519       -23.2835285076
        2.0554448000         0.0000000000         0.4394202751         4.7106175957       -23.4165031560
        2.0606562000         0.0000000000         0.4266586408         4.6034387424       -23.7489397772
        2.0656439000         0.0000000000         0.4572865631         4.5192267863       -22.9510918864
        2.0706348000         0.0000000000         0.4445249288         4.4273591978       -23.2835285076
        2.0756282000         0.0000000000         0.4394202751         4.3380434867       -23.4165031560
        2.0806846000         0.0000000000         0.4470772556         4.2487277756       -23.2170411833
        2.0856196000         0.0000000000         0.4470772556         4.1543083097       -23.2170411833
        2.0906065000         0.0000000000         0.4419726019         4.0573369662       -23.3500158318
        2.0954611000         0.0000000000         0.4445249288         3.9807806424       -23.2835285076
        2.1005245000         0.0000000000         0.4521819094         3.8940168088       -23.0840665349
        2.1055370000         0.0000000000         0.4572865631         3.8021492203       -22.9510918864
        2.1108277000         0.0000000000         0.4521819094         3.7077297543       -23.0840665349
        2.1155205000         0.0000000000         0.4445249288         3.6184140433       -23.2835285076
        2.1205413000         0.0000000000         0.4368679482         3.5265464547       -23.4829904802
        2.1255743000         0.0000000000         0.4521819094         3.4397826211       -23.0840665349
        2.1305553000         0.0000000000         0.4598388899         3.3530187875       -22.8846045622
        2.1355992000         0.0000000000         0.4343156214         3.2585993215       -23.5494778045
        2.1406283000         0.0000000000         0.4445249288         3.1769392429       -23.2835285076
        2.1456371000         0.0000000000         0.4547342362         3.0774160220       -23.0175792107
        2.1506330000         0.0000000000         0.4445249288         3.0008596982       -23.2835285076
        2.1554989000         0.0000000000         0.4343156214         2.9191996195       -23.5494778045
        2.1606081000         0.0000000000         0.4445249288         2.8222282761       -23.2835285076
        2.1656343000         0.0000000000         0.4368679482         2.7354644424       -23.4829904802
        2.1707554000         0.0000000000         0.4470772556         2.6512524863       -23.2170411833
        2.1756787000         0.0000000000         0.4394202751         2.5517292654       -23.4165031560
        2.1807016000         0.0000000000         0.4292109677         2.4700691867       -23.6824524529
        2.1855726000         0.0000000000         0.4368679482         2.3858572306       -23.4829904802
        2.1906444000         0.0000000000         0.4394202751         2.2837821322       -23.4165031560
        2.1956294000         0.0000000000         0.4368679482         2.1970182986       -23.4829904802
        2.2006069000         0.0000000000         0.4215539871         2.1153582199       -23.8819144256
        2.2054424000         0.0000000000         0.4317632945         2.0234906314       -23.6159651287
        2.2105788000         0.0000000000         0.4343156214         1.9341749203       -23.5494778045
        2.2155942000         0.0000000000         0.4266586408         1.8423073318       -23.7489397772
        2.2206124000         0.0000000000         0.4190016602         1.7555434982       -23.9484017498
        2.2256024000         0.0000000000         0.4343156214         1.6713315420       -23.5494778045
        2.2306429000         0.0000000000         0.4113446797         1.5743601986       -24.1478637225
        2.2361379000         0.0000000000         0.4419726019         1.4927001199       -23.3500158318
        2.2406298000         0.0000000000         0.4368679482         1.4033844088       -23.4829904802
        2.2455369000         0.0000000000         0.4343156214         1.3217243302       -23.5494778045
        2.2506263000         0.0000000000         0.4317632945         1.2247529867       -23.6159651287
        2.2554541000         0.0000000000         0.4368679482         1.1379891531       -23.4829904802
        2.2605039000         0.0000000000         0.4292109677         1.0486734420       -23.6824524529
        2.2655703000         0.0000000000         0.4266586408         0.9568058535       -23.7489397772
        2.2705904000         0.0000000000         0.4368679482         0.8649382650       -23.4829904802
        2.2755490000         0.0000000000         0.4241063139         0.7705187990       -23.8154271014
        2.2805462000         0.0000000000         0.4547342362         0.6837549654       -23.0175792107
        2.2856568000         0.0000000000         0.4266586408         0.5944392543       -23.7489397772
        2.2906715000         0.0000000000         0.4368679482         0.5051235433       -23.4829904802
        2.2956466000         0.0000000000         0.4419726019         0.4107040773       -23.3500158318
        2.3006173000         0.0000000000         0.4521819094         0.3213883662       -23.0840665349
        2.3054551000         0.0000000000         0.4266586408         0.2295207777       -23.7489397772
        2.3105261000         0.0000000000         0.4521819094         0.1351013117       -23.0840665349
        2.3155844000         0.0000000000         0.4266586408         0.0355780908       -23.7489397772
        2.3206096000         0.0000000000         0.4419726019        -0.0052519485       -23.3500158318
        2.3256164000         0.0000000000         0.4292109677         1.1099185011       -23.6824524529
        2.3306159000         0.0000000000         0.4445249288         5.0066353810       -23.2835285076
        2.3357120000         0.0000000000         0.4343156214         4.9760128515       -23.5494778045
        2.3406409000         0.0000000000         0.4445249288         4.8892490178       -23.2835285076
        2.3455737000         0.0000000000         0.4394202751         4.7871739195       -23.4165031560
        2.3506337000         0.0000000000         0.4317632945         4.6927544535       -23.6159651287
        2.3554877000         0.0000000000         0.4368679482         4.5983349875       -23.4829904802
        2.3605113000         0.0000000000         0.4368679482         4.4988117666       -23.4829904802
        2.3654431000         0.0000000000         0.4496295825         4.4069441781       -23.1505538591
        2.3705123000         0.0000000000         0.4343156214         4.3201803445       -23.5494778045
        2.3754453000         0.0000000000         0.4368679482         4.2283127560       -23.4829904802
        2.3810702000         0.0000000000         0.4343156214         4.1415489224       -23.5494778045
        2.3854554000         0.0000000000         0.4547342362         4.0547850888       -23.0175792107
        2.3904449000         0.0000000000         0.4343156214         3.9654693777       -23.5494778045
        2.3955981000         0.0000000000         0.4470772556         3.8838092990       -23.2170411833
        2.4006429000         0.0000000000         0.4445249288         3.7970454654       -23.2835285076
        2.4055063000         0.0000000000         0.4572865631         3.6975222445       -22.9510918864
        2.4106381000         0.0000000000         0.4343156214         3.6031027785       -23.5494778045
        2.4155699000         0.0000000000         0.4394202751         3.5265464547       -23.4165031560
        2.4205147000         0.0000000000         0.4419726019         3.4346788662       -23.3500158318
        2.4254933000         0.0000000000         0.4623912168         3.3428112777       -22.8181172380
        2.4306393000         0.0000000000         0.4470772556         3.2534955666       -23.2170411833
        2.4354446000         0.0000000000         0.4368679482         3.1667317330       -23.4829904802
        2.4405973000         0.0000000000         0.4394202751         3.0748641445       -23.4165031560
        2.4456715000         0.0000000000         0.4419726019         2.9906521883       -23.3500158318
        2.4506607000         0.0000000000         0.4368679482         2.8962327224       -23.4829904802
        2.4554881000         0.0000000000         0.4445249288         2.8145726437       -23.2835285076
        2.4605579000         0.0000000000         0.4317632945         2.7354644424       -23.6159651287
        2.4656710000         0.0000000000         0.4292109677         2.6308374666       -23.6824524529
        2.4706283000         0.0000000000         0.4470772556         2.5389698781       -23.2170411833
        2.4756029000         0.0000000000         0.4470772556         2.4624135543       -23.2170411833
        2.4806530000         0.0000000000         0.4164493334         2.3730978433       -24.0148890741
        2.4855069000         0.0000000000         0.4470772556         2.2914377646       -23.2170411833
        2.4906298000         0.0000000000         0.4445249288         2.1919145437       -23.2835285076
        2.4956492000         0.0000000000         0.4368679482         2.1051507101       -23.4829904802
        2.5006069000         0.0000000000         0.4343156214         2.0209387539       -23.5494778045
        2.5055796000         0.0000000000         0.4343156214         1.9265192879       -23.5494778045
        2.5106172000         0.0000000000         0.4292109677         1.8295479445       -23.6824524529
        2.5156340000         0.0000000000         0.4317632945         1.7504397433       -23.6159651287
        2.5206842000         0.0000000000         0.4317632945         1.6560202773       -23.6159651287
        2.5256654000         0.0000000000         0.4190016602         1.5743601986       -23.9484017498
        2.5305606000         0.0000000000         0.4368679482         1.4850444875       -23.4829904802
        2.5356418000         0.0000000000         0.4266586408         1.3957287765       -23.7489397772
        2.5406356000         0.0000000000         0.4419726019         1.3115168203       -23.3500158318
        2.5456548000         0.0000000000         0.4113446797         1.2094417220       -24.1478637225
        2.5505925000         0.0000000000         0.4317632945         1.1226778884       -23.6159651287
        2.5555791000         0.0000000000         0.4266586408         1.0333621773       -23.7489397772
        2.5606164000         0.0000000000         0.4292109677         0.9414945888       -23.6824524529
        2.5656159000         0.0000000000         0.4241063139         0.8496270002       -23.8154271014
        2.5706293000         0.0000000000         0.4241063139         0.7577594117       -23.8154271014
        2.5756165000         0.0000000000         0.4317632945         0.6633399457       -23.6159651287
        2.5806268000         0.0000000000         0.4368679482         0.5765761121       -23.4829904802
        2.5857702000         0.0000000000         0.4241063139         0.4898122785       -23.8154271014
        2.5906307000         0.0000000000         0.4419726019         0.4004965675       -23.3500158318
        2.5956484000         0.0000000000         0.4419726019         0.3035252240       -23.3500158318
        2.6006535000         0.0000000000         0.4368679482         0.2116576355       -23.4829904802
        2.6055022000         0.0000000000         0.4317632945         0.1197900470       -23.6159651287
        2.6105494000         0.0000000000         0.4394202751         0.0279224584       -23.4165031560
        2.6156511000         0.0000000000         0.4470772556        -0.0001481936       -23.2170411833
        2.6206640000         0.0000000000         0.4317632945         1.1022628687       -23.6159651287
        2.6255651000         0.0000000000         0.4368679482         5.0066353810       -23.4829904802
        2.6306917000         0.0000000000         0.4292109677         4.9632534642       -23.6824524529
        2.6356535000         0.0000000000         0.4419726019         4.8739377531       -23.3500158318
        2.6406128000         0.0000000000         0.4470772556         4.7820701646       -23.2170411833
        2.6456271000         0.0000000000         0.4445249288         4.6850988211       -23.2835285076
        2.6504617000         0.0000000000         0.4292109677         4.5855756002       -23.6824524529
        2.6558875000         0.0000000000         0.4419726019         4.4937080117       -23.3500158318
        2.6605258000         0.0000000000         0.4419726019         4.3967366683       -23.3500158318
        2.6655173000         0.0000000000         0.4521819094         4.3176284670       -23.0840665349
        2.6705904000         0.0000000000         0.4343156214         4.2206571236       -23.5494778045
        2.6756480000         0.0000000000         0.4445249288         4.1313414125       -23.2835285076
        2.6805483000         0.0000000000         0.4445249288         4.0420257015       -23.2835285076
        2.6855669000         0.0000000000         0.4445249288         3.9527099904       -23.2835285076
        2.6906216000         0.0000000000         0.4445249288         3.8736017892       -23.2835285076
        2.6956428000         0.0000000000         0.4394202751         3.7740785683       -23.4165031560
        2.7007777000         0.0000000000         0.4394202751         3.6822109797       -23.4165031560
        2.7058324000         0.0000000000         0.4521819094         3.5954471461       -23.0840665349
        2.7106368000         0.0000000000         0.4445249288         3.5137870674       -23.2835285076
        2.7155468000         0.0000000000         0.4445249288         3.4244713564       -23.2835285076
        2.7205969000         0.0000000000         0.4445249288         3.3326037679       -23.2835285076
        2.7256218000         0.0000000000         0.4547342362         3.2407361793       -23.0175792107
        2.7306264000         0.0000000000         0.4521819094         3.1539723457       -23.0840665349
        2.7355824000         0.0000000000         0.4343156214         3.0595528797       -23.5494778045
        2.7406312000         0.0000000000         0.4470772556         2.9855484334       -23.2170411833
        2.7456076000         0.0000000000         0.4419726019         2.8936808449       -23.3500158318
        2.7506071000         0.0000000000         0.4521819094         2.8018132564       -23.0840665349
        2.7556326000         0.0000000000         0.4215539871         2.7099456679       -23.8819144256
        2.7605605000         0.0000000000         0.4343156214         2.6231818342       -23.5494778045
        2.7656326000         0.0000000000         0.4368679482         2.5338661232       -23.4829904802
        2.7707730000         0.0000000000         0.4394202751         2.4394466572       -23.4165031560
        2.7756016000         0.0000000000         0.4292109677         2.3654422109       -23.6824524529
        2.7805946000         0.0000000000         0.4368679482         2.2735746224       -23.4829904802
        2.7856310000         0.0000000000         0.4266586408         2.1714995240       -23.7489397772
        2.7905193000         0.0000000000         0.4445249288         2.0872875679       -23.2835285076
        2.7954583000         0.0000000000         0.4266586408         1.9979718568       -23.7489397772
        2.8005646000         0.0000000000         0.4368679482         1.9188636556       -23.4829904802
        2.8054472000         0.0000000000         0.4317632945         1.8295479445       -23.6159651287
        2.8106369000         0.0000000000         0.4394202751         1.7402322334       -23.4165031560
        2.8156048000         0.0000000000         0.4266586408         1.6458127674       -23.7489397772
        2.8205681000         0.0000000000         0.4368679482         1.5641526888       -23.4829904802
        2.8256495000         0.0000000000         0.4266586408         1.4697332228       -23.7489397772
        2.8306245000         0.0000000000         0.4368679482         1.3804175117       -23.4829904802
        2.8356651000         0.0000000000         0.4343156214         1.2911018006       -23.5494778045
        2.8406594000         0.0000000000         0.4394202751         1.2068898445       -23.4165031560
        2.8456239000         0.0000000000         0.4266586408         1.1073666236       -23.7489397772
        2.8506352000         0.0000000000         0.4419726019         1.0308102998       -23.3500158318
        2.8557470000         0.0000000000         0.4343156214         0.9236314466       -23.5494778045
        2.8605523000         0.0000000000         0.4343156214         0.8419713679       -23.5494778045
        2.8656403000         0.0000000000         0.4292109677         0.7526556568       -23.6824524529
        2.8706574000         0.0000000000         0.4419726019         0.6607880683       -23.3500158318
        2.8758502000         0.0000000000         0.4445249288         0.5740242347       -23.2835285076
        2.8805945000         0.0000000000         0.4343156214         0.4796047687       -23.5494778045
        2.8857972000         0.0000000000         0.4317632945         0.3800815478       -23.6159651287
        2.8906317000         0.0000000000         0.4368679482         0.2907658367       -23.4829904802
        2.8955191000         0.0000000000         0.4419726019         0.1988982482       -23.3500158318
        2.9004917000         0.0000000000         0.4419726019         0.1019269048       -23.3500158318
        2.9055492000         0.0000000000         0.4215539871         0.0100593162       -23.8819144256
        2.9105841000         0.0000000000         0.4394202751         0.0049555613       -23.4165031560
        2.9155251000         0.0000000000         0.4292109677         1.1022628687       -23.6824524529
        2.9204038000         0.0000000000         0.4419726019         5.0015316260       -23.3500158318
        2.9254854000         0.0000000000         0.4292109677         4.9530459543       -23.6824524529
        2.9305769000         0.0000000000         0.4292109677         4.8484189785       -23.6824524529
        2.9355788000         0.0000000000         0.4470772556         4.7616551449       -23.2170411833
        2.9405979000         0.0000000000         0.4394202751         4.6646838015       -23.4165031560
        2.9456284000         0.0000000000         0.4343156214         4.5677124580       -23.5494778045
        2.9506249000         0.0000000000         0.4292109677         4.4732929920       -23.6824524529
        2.9557712000         0.0000000000         0.4470772556         4.3839772810       -23.2170411833
        2.9606787000         0.0000000000         0.4343156214         4.2895578150       -23.5494778045
        2.9657325000         0.0000000000         0.4470772556         4.2078977363       -23.2170411833
        2.9706282000         0.0000000000         0.4317632945         4.1185820252       -23.6159651287
        2.9756342000         0.0000000000         0.4470772556         4.0318181916       -23.2170411833
        2.9806352000         0.0000000000         0.4317632945         3.9373987256       -23.6159651287
        2.9857949000         0.0000000000         0.4572865631         3.8480830146       -22.9510918864
        2.9905634000         0.0000000000         0.4317632945         3.7587673035       -23.6159651287
        2.9956654000         0.0000000000         0.4368679482         3.6668997150       -23.4829904802
        3.0005919000         0.0000000000         0.4572865631         3.5928952687       -22.9510918864
        3.0056391000         0.0000000000         0.4598388899         3.4984758027       -22.8846045622
        3.0106530000         0.0000000000         0.4317632945         3.4142638465       -23.6159651287
        3.0156800000         0.0000000000         0.4547342362         3.3198443806       -23.0175792107
        3.0206151000         0.0000000000         0.4470772556         3.2305286695       -23.2170411833
        3.0256308000         0.0000000000         0.4470772556         3.1437648359       -23.2170411833
        3.0306627000         0.0000000000         0.4394202751         3.0544491248       -23.4165031560
        3.0356107000         0.0000000000         0.4343156214         2.9625815363       -23.5494778045
        3.0405067000         0.0000000000         0.4292109677         2.8732658252       -23.6824524529
        3.0456222000         0.0000000000         0.4470772556         2.7941576240       -23.2170411833
        3.0506525000         0.0000000000         0.4419726019         2.6971862806       -23.3500158318
        3.0556668000         0.0000000000         0.4266586408         2.6129743244       -23.7489397772
        3.0606748000         0.0000000000         0.4368679482         2.5287623683       -23.4829904802
        3.0656802000         0.0000000000         0.4445249288         2.4445504121       -23.2835285076
        3.0704488000         0.0000000000         0.4343156214         2.3475790687       -23.5494778045
        3.0756060000         0.0000000000         0.4292109677         2.2659189900       -23.6824524529
        3.0806274000         0.0000000000         0.4292109677         2.1638438916       -23.6824524529
        3.0857673000         0.0000000000         0.4419726019         2.0719763031       -23.3500158318
        3.0905228000         0.0000000000         0.4317632945         1.9852124695       -23.6159651287
        3.0956188000         0.0000000000         0.4190016602         1.9010005134       -23.9484017498
        3.1011360000         0.0000000000         0.4241063139         1.8116848023       -23.8154271014
        3.1057349000         0.0000000000         0.4368679482         1.7249209687       -23.4829904802
        3.1107330000         0.0000000000         0.4292109677         1.6432608900       -23.6824524529
        3.1156160000         0.0000000000         0.4292109677         1.5488414240       -23.6824524529
        3.1205681000         0.0000000000         0.4343156214         1.4620775904       -23.5494778045
        3.1255813000         0.0000000000         0.4241063139         1.3651062470       -23.8154271014
        3.1305572000         0.0000000000         0.4292109677         1.2757905359       -23.6824524529
        3.1356170000         0.0000000000         0.4368679482         1.1941304572       -23.4829904802
        3.1405519000         0.0000000000         0.4343156214         1.1124703785       -23.5494778045
        3.1455146000         0.0000000000         0.4292109677         1.0129471576       -23.6824524529
        3.1505240000         0.0000000000         0.4368679482         0.9236314466       -23.4829904802
        3.1556066000         0.0000000000         0.4445249288         0.8343157355       -23.2835285076
        3.1605602000         0.0000000000         0.4266586408         0.7398962695       -23.7489397772
        3.1655927000         0.0000000000         0.4241063139         0.6429249261       -23.8154271014
        3.1705149000         0.0000000000         0.4266586408         0.5510573375       -23.7489397772
        3.1755459000         0.0000000000         0.4470772556         0.4668453814       -23.2170411833
        3.1805492000         0.0000000000         0.4292109677         0.3724259154       -23.6824524529
        3.1855217000         0.0000000000         0.4292109677         0.2831102043       -23.6824524529
        3.1905446000         0.0000000000         0.4343156214         0.1835869834       -23.5494778045
        3.1955699000         0.0000000000         0.4343156214         0.0866156400       -23.5494778045
        3.2005929000         0.0000000000         0.4266586408        -0.0052519485       -23.7489397772
        3.2055396000         0.0000000000         0.4292109677         0.0024036839       -23.6824524529
        3.2105575000         0.0000000000         0.4266586408         5.0040835035       -23.7489397772
        3.2155569000         0.0000000000         0.4547342362         5.0142910133       -23.0175792107
        3.2205121000         0.0000000000         0.4394202751         4.9377346896       -23.4165031560
        3.2254192000         0.0000000000         0.4292109677         4.8458671010       -23.6824524529
        3.2304481000         0.0000000000         0.4368679482         4.7514476351       -23.4829904802
        3.2354021000         0.0000000000         0.4419726019         4.6544762916       -23.3500158318
        3.2404544000         0.0000000000         0.4394202751         4.5626087031       -23.4165031560
        3.2454994000         0.0000000000         0.4317632945         4.4630854822       -23.6159651287
        3.2504496000         0.0000000000         0.4317632945         4.3737697711       -23.6159651287
        3.2554813000         0.0000000000         0.4343156214         4.2819021826       -23.5494778045
        3.2603902000         0.0000000000         0.4470772556         4.1951383490       -23.2170411833
        3.2654435000         0.0000000000         0.4394202751         4.1007188830       -23.4165031560
        3.2704352000         0.0000000000         0.4368679482         4.0165069269       -23.4829904802
        3.2779428000         0.0000000000         0.4445249288         3.9297430933       -23.2835285076
        3.2804161000         0.0000000000         0.4623912168         3.8404273822       -22.8181172380
        3.2854157000         0.0000000000         0.4368679482         3.7485597937       -23.4829904802
        3.2904748000         0.0000000000         0.4368679482         3.6566922051       -23.4829904802
        3.2954987000         0.0000000000         0.4496295825         3.5699283715       -23.1505538591
        3.3004630000         0.0000000000         0.4521819094         3.4857164154       -23.0840665349
        3.3055719000         0.0000000000         0.4419726019         3.3887450720       -23.3500158318
        3.3105100000         0.0000000000         0.4521819094         3.3045331158       -23.0840665349
        3.3155708000         0.0000000000         0.4394202751         3.2075617724       -23.4165031560
        3.3204749000         0.0000000000         0.4521819094         3.1284535711       -23.0840665349
        3.3255058000         0.0000000000         0.4598388899         3.0467934924       -22.8846045622
        3.3304757000         0.0000000000         0.4394202751         2.9574777814       -23.4165031560
        3.3354374000         0.0000000000         0.4419726019         2.8681620703       -23.3500158318
        3.3405620000         0.0000000000         0.4445249288         2.7737426043       -23.2835285076
        3.3456217000         0.0000000000         0.4445249288         2.6920825256       -23.2835285076
        3.3505480000         0.0000000000         0.4445249288         2.5925593047       -23.2835285076
        3.3554305000         0.0000000000         0.4241063139         2.5057954711       -23.8154271014
        3.3604984000         0.0000000000         0.4394202751         2.4215835150       -23.4165031560
        3.3656560000         0.0000000000         0.4445249288         2.3373715588       -23.2835285076
        3.3705307000         0.0000000000         0.4368679482         2.2455039703       -23.4829904802
        3.3757360000         0.0000000000         0.4292109677         2.1536363818       -23.6824524529
        3.3805143000         0.0000000000         0.4317632945         2.0643206707       -23.6159651287
        3.3854514000         0.0000000000         0.4368679482         1.9750049597       -23.4829904802
        3.3904297000         0.0000000000         0.4419726019         1.8933448810       -23.3500158318
        3.3954209000         0.0000000000         0.4190016602         1.7938216601       -23.9484017498
        3.4006188000         0.0000000000         0.4343156214         1.7147134588       -23.5494778045
        3.4055804000         0.0000000000         0.4394202751         1.6279496252       -23.4165031560
        3.4105097000         0.0000000000         0.4317632945         1.5360820367       -23.6159651287
        3.4155032000         0.0000000000         0.4394202751         1.4544219580       -23.4165031560
        3.4205532000         0.0000000000         0.4241063139         1.3548987371       -23.8154271014
        3.4254969000         0.0000000000         0.4215539871         1.2579273937       -23.8819144256
        3.4305157000         0.0000000000         0.4343156214         1.1686116826       -23.5494778045
        3.4354964000         0.0000000000         0.4292109677         1.0869516039       -23.6824524529
        3.4406624000         0.0000000000         0.4292109677         1.0001877703       -23.6824524529
        3.4456760000         0.0000000000         0.4343156214         0.9134239367       -23.5494778045
        3.4506013000         0.0000000000         0.4394202751         0.8215563482       -23.4165031560
        3.4555413000         0.0000000000         0.4445249288         0.7271368822       -23.2835285076
        3.4605373000         0.0000000000         0.4190016602         0.6276136613       -23.9484017498
        3.4655320000         0.0000000000         0.4215539871         0.5357460728       -23.8819144256
        3.4705952000         0.0000000000         0.4343156214         0.4515341166       -23.5494778045
        3.4755327000         0.0000000000         0.4419726019         0.3571146507       -23.3500158318
        3.4806002000         0.0000000000         0.4138970065         0.2575914298       -24.0813763983
        3.4855675000         0.0000000000         0.4317632945         0.1606200863       -23.6159651287
        3.4905688000         0.0000000000         0.4343156214         0.0764081302       -23.5494778045
        3.4955737000         0.0000000000         0.4419726019         0.0024036839       -23.3500158318
        3.5006460000         0.0000000000         0.4470772556         0.0100593162       -23.2170411833
        3.5056639000         0.0000000000         0.4343156214         5.0091872584       -23.5494778045
        3.5105669000         0.0000000000         0.4394202751         5.0066353810       -23.4165031560
        3.5156663000         0.0000000000         0.4266586408         4.9173196699       -23.7489397772
        3.5204975000         0.0000000000         0.4368679482         4.8280039588       -23.4829904802
        3.5256041000         0.0000000000         0.4343156214         4.7310326154       -23.5494778045
        3.5305156000         0.0000000000         0.4266586408         4.6315093945       -23.7489397772
        3.5356581000         0.0000000000         0.4368679482         4.5447455609       -23.4829904802
        3.5405892000         0.0000000000         0.4419726019         4.4605336047       -23.3500158318
        3.5456267000         0.0000000000         0.4343156214         4.3584585064       -23.5494778045
        3.5505727000         0.0000000000         0.4368679482         4.2691427953       -23.4829904802
        3.5555305000         0.0000000000         0.4470772556         4.1772752068       -23.2170411833
        3.5605926000         0.0000000000         0.4292109677         4.0905113732       -23.6824524529
        3.5655857000         0.0000000000         0.4343156214         3.9960919072       -23.5494778045
        3.5706449000         0.0000000000         0.4394202751         3.9042243187       -23.4165031560
        3.5755375000         0.0000000000         0.4394202751         3.8174604851       -23.4165031560
        3.5806312000         0.0000000000         0.4470772556         3.7358004064       -23.2170411833
        3.5856455000         0.0000000000         0.4445249288         3.6439328179       -23.2835285076
        3.5904683000         0.0000000000         0.4445249288         3.5546171068       -23.2835285076
        3.5955221000         0.0000000000         0.4547342362         3.4729570281       -23.0175792107
        3.6007235000         0.0000000000         0.4572865631         3.3836413170       -22.9510918864
        3.6055940000         0.0000000000         0.4598388899         3.2968774834       -22.8846045622
        3.6105127000         0.0000000000         0.4496295825         3.2075617724       -23.1505538591
        3.6155961000         0.0000000000         0.4496295825         3.1156941838       -23.1505538591
        3.6204878000         0.0000000000         0.4368679482         3.0187228404       -23.4829904802
        3.6255827000         0.0000000000         0.4343156214         2.9294071293       -23.5494778045
        3.6309546000         0.0000000000         0.4496295825         2.8554026830       -23.1505538591
        3.6355572000         0.0000000000         0.4292109677         2.7584313396       -23.6824524529
        3.6405873000         0.0000000000         0.4292109677         2.6691156285       -23.6824524529
        3.6456192000         0.0000000000         0.4419726019         2.5772480400       -23.3500158318
        3.6505455000         0.0000000000         0.4572865631         2.4955879613       -22.9510918864
        3.6555870000         0.0000000000         0.4113446797         2.4011684953       -24.1478637225
        3.6605213000         0.0000000000         0.4215539871         2.3093009068       -23.8819144256
        3.6655575000         0.0000000000         0.4445249288         2.2301927056       -23.2835285076
        3.6705469000         0.0000000000         0.4470772556         2.1459807494       -23.2170411833
        3.6755099000         0.0000000000         0.4241063139         2.0490094060       -23.8154271014
        3.6805336000         0.0000000000         0.4241063139         1.9545899400       -23.8154271014
        3.6855601000         0.0000000000         0.4343156214         1.8678261064       -23.5494778045
        3.6905924000         0.0000000000         0.4266586408         1.7836141502       -23.7489397772
        3.6954938000         0.0000000000         0.4343156214         1.6968503166       -23.5494778045
        3.7003971000         0.0000000000         0.4317632945         1.6100864830       -23.6159651287
        3.7055289000         0.0000000000         0.4394202751         1.5258745269       -23.4165031560
        3.7105065000         0.0000000000         0.4266586408         1.4237994285       -23.7489397772
        3.7155926000         0.0000000000         0.4419726019         1.3497949822       -23.3500158318
        3.7205798000         0.0000000000         0.4368679482         1.2579273937       -23.4829904802
        3.7254863000         0.0000000000         0.4343156214         1.1635079277       -23.5494778045
        3.7304814000         0.0000000000         0.4241063139         1.0741922166       -23.8154271014
        3.7354560000         0.0000000000         0.4419726019         0.9848765056       -23.3500158318
        3.7404844000         0.0000000000         0.4266586408         0.8930089170       -23.7489397772
        3.7455323000         0.0000000000         0.4241063139         0.7934856961       -23.8154271014
        3.7506546000         0.0000000000         0.4368679482         0.7092737400       -23.4829904802
        3.7556608000         0.0000000000         0.4419726019         0.6199580289       -23.3500158318
        3.7606240000         0.0000000000         0.4164493334         0.5280904404       -24.0148890741
        3.7656451000         0.0000000000         0.4317632945         0.4260153420       -23.6159651287
        3.7706663000         0.0000000000         0.4317632945         0.3366996310       -23.6159651287
        3.7755323000         0.0000000000         0.4317632945         0.2422801650       -23.6159651287
        3.7805244000         0.0000000000         0.4368679482         0.1529644539       -23.4829904802
        3.7856007000         0.0000000000         0.4292109677         0.0585449879       -23.6824524529
        3.7906138000         0.0000000000         0.4445249288         0.0075074388       -23.2835285076
        3.7954894000         0.0000000000         0.4394202751         1.1150222560       -23.4165031560
        3.8004759000         0.0000000000         0.4368679482         5.0040835035       -23.4829904802
        3.8054202000         0.0000000000         0.4266586408         4.9938759937       -23.7489397772
        3.8105479000         0.0000000000         0.4368679482         4.9071121601       -23.4829904802
        3.8154196000         0.0000000000         0.4394202751         4.8126926941       -23.4165031560
        3.8205347000         0.0000000000         0.4343156214         4.7259288605       -23.5494778045
        3.8254760000         0.0000000000         0.4394202751         4.6238537621       -23.4165031560
        3.8304717000         0.0000000000         0.4419726019         4.5268824187       -23.3500158318
        3.8354522000         0.0000000000         0.4445249288         4.4324629527       -23.2835285076
        3.8405068000         0.0000000000         0.4343156214         4.3456991191       -23.5494778045
        3.8455099000         0.0000000000         0.4394202751         4.2589352855       -23.4165031560
        3.8504943000         0.0000000000         0.4343156214         4.1619639420       -23.5494778045
        3.8555414000         0.0000000000         0.4445249288         4.0752001084       -23.2835285076
        3.8604970000         0.0000000000         0.4496295825         3.9935400297       -23.1505538591
        3.8654758000         0.0000000000         0.4317632945         3.8889130539       -23.6159651287
        3.8705045000         0.0000000000         0.4368679482         3.8047010978       -23.4829904802
        3.8755085000         0.0000000000         0.4521819094         3.7204891416       -23.0840665349
        3.8804385000         0.0000000000         0.4394202751         3.6286215531       -23.4165031560
        3.8855094000         0.0000000000         0.4521819094         3.5495133519       -23.0840665349
        3.8905340000         0.0000000000         0.4470772556         3.4525420084       -23.2170411833
        3.8955261000         0.0000000000         0.4470772556         3.3632262974       -23.2170411833
        3.9005337000         0.0000000000         0.4445249288         3.2841180961       -23.2835285076
        3.9054248000         0.0000000000         0.4521819094         3.1871467527       -23.0840665349
        3.9105373000         0.0000000000         0.4343156214         3.1003829191       -23.5494778045
        3.9154431000         0.0000000000         0.4419726019         3.0110672080       -23.3500158318
        3.9205814000         0.0000000000         0.4292109677         2.9140958646       -23.6824524529
        3.9255463000         0.0000000000         0.4445249288         2.8349876633       -23.2835285076
        3.9305955000         0.0000000000         0.4470772556         2.7558794621       -23.2170411833
        3.9356042000         0.0000000000         0.4164493334         2.6563562412       -24.0148890741
        3.9406552000         0.0000000000         0.4394202751         2.5670405302       -23.4165031560
        3.9456514000         0.0000000000         0.4521819094         2.4853804515       -23.0840665349
        3.9506355000         0.0000000000         0.4266586408         2.3935128629       -23.7489397772
        3.9556456000         0.0000000000         0.4419726019         2.3093009068       -23.3500158318
        3.9606168000         0.0000000000         0.4343156214         2.2123295633       -23.5494778045
        3.9655771000         0.0000000000         0.4292109677         2.1153582199       -23.6824524529
        3.9704923000         0.0000000000         0.4419726019         2.0336981412       -23.3500158318
        3.9756324000         0.0000000000         0.4343156214         1.9520380625       -23.5494778045
        3.9806402000         0.0000000000         0.4394202751         1.8627223515       -23.4165031560
        3.9855208000         0.0000000000         0.4266586408         1.7606472531       -23.7489397772
        3.9906423000         0.0000000000         0.4266586408         1.6738834195       -23.7489397772
        3.9956686000         0.0000000000         0.4164493334         1.5845677084       -24.0148890741
        4.0008287000         0.0000000000         0.4317632945         1.5003557523       -23.6159651287
