% Sweep Step 60/200  Vcmd=2.2000V  CCW 
% Vg_offset=1.337354V  K_gimbal=26.049690

Time[s]              Vcmd[V]              Vg_raw[V]            Pot[V]             Omega[rad/s]
        0.0022244000         2.2000000000         1.3327346748         3.8582905244        -0.1203420569
        0.0054240000         2.2000000000         1.3429439823         3.8684980342         0.1456072401
        0.0104432000         2.2000000000         1.3403916554         3.8659461568         0.0791199158
        0.0154109000         2.2000000000         1.3352870017         3.8608424019        -0.0538547326
        0.0204155000         2.2000000000         1.3301823480         3.8531867695        -0.1868293811
        0.0254003000         2.2000000000         1.3327346748         3.8531867695        -0.1203420569
        0.0304069000         2.2000000000         1.3352870017         3.8557386469        -0.0538547326
        0.0354039000         2.2000000000         1.3250776943         3.8608424019        -0.3198040295
        0.0404294000         2.2000000000         1.2714788303         3.8480830146        -1.7160378383
        0.0454177000         2.2000000000         1.2842404646         3.8429792597        -1.3836012172
        0.0503933000         2.2000000000         1.3021067526         3.8506348920        -0.9181899476
        0.0554081000         2.2000000000         1.2893451183         3.8429792597        -1.2506265687
        0.0603872000         2.2000000000         1.2842404646         3.8327717498        -1.3836012172
        0.0654006000         2.2000000000         1.3021067526         3.8251161174        -0.9181899476
        0.0704539000         2.2000000000         1.2842404646         3.8327717498        -1.3836012172
        0.0754012000         2.2000000000         1.2944497720         3.8327717498        -1.1176519203
        0.0804028000         2.2000000000         1.2995544257         3.8200123625        -0.9846772718
        0.0854058000         2.2000000000         1.2995544257         3.8174604851        -0.9846772718
        0.0903943000         2.2000000000         1.2970020988         3.8072529752        -1.0511645960
        0.0954008000         2.2000000000         1.2995544257         3.8021492203        -0.9846772718
        0.1003830000         2.2000000000         1.2970020988         3.7970454654        -1.0511645960
        0.1054154000         2.2000000000         1.3046590794         3.7868379556        -0.8517026233
        0.1105151000         2.2000000000         1.3327346748         3.7919417105        -0.1203420569
        0.1154223000         2.2000000000         1.3046590794         3.7893898330        -0.8517026233
        0.1203995000         2.2000000000         1.3123160600         3.7919417105        -0.6522406507
        0.1254002000         2.2000000000         1.3072114063         3.7868379556        -0.7852152991
        0.1303927000         2.2000000000         1.3072114063         3.7817342006        -0.7852152991
        0.1353957000         2.2000000000         1.3072114063         3.7842860781        -0.7852152991
        0.1403887000         2.2000000000         1.3021067526         3.7715266908        -0.9181899476
        0.1454244000         2.2000000000         1.3046590794         3.7740785683        -0.8517026233
        0.1503928000         2.2000000000         1.3021067526         3.7664229359        -0.9181899476
        0.1554001000         2.2000000000         1.3046590794         3.7689748133        -0.8517026233
        0.1603893000         2.2000000000         1.3046590794         3.7638710584        -0.8517026233
        0.1654311000         2.2000000000         1.3021067526         3.7562154260        -0.9181899476
        0.1704103000         2.2000000000         1.2918974451         3.7460079162        -1.1841392445
        0.1753906000         2.2000000000         1.2944497720         3.7409041613        -1.1176519203
        0.1804002000         2.2000000000         1.3021067526         3.7409041613        -0.9181899476
        0.1854733000         2.2000000000         1.2970020988         3.7409041613        -1.0511645960
        0.1903885000         2.2000000000         1.3046590794         3.7409041613        -0.8517026233
        0.1954106000         2.2000000000         1.3072114063         3.7409041613        -0.7852152991
        0.2004469000         2.2000000000         1.3046590794         3.7230410191        -0.8517026233
        0.2054279000         2.2000000000         1.3072114063         3.7255928965        -0.7852152991
        0.2104796000         2.2000000000         1.3021067526         3.7179372642        -0.9181899476
        0.2154683000         2.2000000000         1.3097637331         3.7179372642        -0.7187279749
        0.2204423000         2.2000000000         1.3021067526         3.7128335092        -0.9181899476
        0.2254416000         2.2000000000         1.3021067526         3.7102816318        -0.9181899476
        0.2304127000         2.2000000000         1.3021067526         3.7128335092        -0.9181899476
        0.2354263000         2.2000000000         1.3046590794         3.7026259994        -0.8517026233
        0.2404027000         2.2000000000         1.2995544257         3.7051778769        -0.9846772718
        0.2454250000         2.2000000000         1.2995544257         3.6924184896        -0.9846772718
        0.2504225000         2.2000000000         1.2918974451         3.6898666121        -1.1841392445
        0.2554002000         2.2000000000         1.2970020988         3.6924184896        -1.0511645960
        0.2604204000         2.2000000000         1.2944497720         3.6898666121        -1.1176519203
        0.2654232000         2.2000000000         1.2944497720         3.6873147347        -1.1176519203
        0.2704314000         2.2000000000         1.2944497720         3.6847628572        -1.1176519203
        0.2754333000         2.2000000000         1.3046590794         3.6847628572        -0.8517026233
        0.2804205000         2.2000000000         1.2970020988         3.6745553474        -1.0511645960
        0.2854347000         2.2000000000         1.2995544257         3.6668997150        -0.9846772718
        0.2904593000         2.2000000000         1.2918974451         3.6617959601        -1.1841392445
        0.2954182000         2.2000000000         1.2867927914         3.6592440826        -1.3171138929
        0.3009000000         2.2000000000         1.2918974451         3.6566922051        -1.1841392445
        0.3055484000         2.2000000000         1.3021067526         3.6541403277        -0.9181899476
        0.3105279000         2.2000000000         1.3225253674         3.6515884502        -0.3862913538
        0.3154399000         2.2000000000         1.3021067526         3.6464846953        -0.9181899476
        0.3204712000         2.2000000000         1.3250776943         3.6490365728        -0.3198040295
        0.3254815000         2.2000000000         1.3021067526         3.6439328179        -0.9181899476
        0.3304155000         2.2000000000         1.3072114063         3.6337253080        -0.7852152991
        0.3354231000         2.2000000000         1.3378393285         3.6362771855         0.0126325916
        0.3404065000         2.2000000000         1.3072114063         3.6311734306        -0.7852152991
        0.3453845000         2.2000000000         1.3021067526         3.6286215531        -0.9181899476
        0.3503970000         2.2000000000         1.3046590794         3.6260696756        -0.8517026233
        0.3554066000         2.2000000000         1.3072114063         3.6286215531        -0.7852152991
        0.3604147000         2.2000000000         1.2970020988         3.6158621658        -1.0511645960
        0.3654038000         2.2000000000         1.3072114063         3.6209659207        -0.7852152991
        0.3703842000         2.2000000000         1.2893451183         3.6056546560        -1.2506265687
        0.3753942000         2.2000000000         1.3021067526         3.6082065334        -0.9181899476
        0.3803961000         2.2000000000         1.3021067526         3.6082065334        -0.9181899476
        0.3853833000         2.2000000000         1.2944497720         3.5954471461        -1.1176519203
        0.3904128000         2.2000000000         1.2918974451         3.5903433912        -1.1841392445
        0.3954873000         2.2000000000         1.3021067526         3.5928952687        -0.9181899476
        0.4004035000         2.2000000000         1.3327346748         3.5903433912        -0.1203420569
        0.4053895000         2.2000000000         1.3046590794         3.5852396363        -0.8517026233
        0.4104061000         2.2000000000         1.3046590794         3.5903433912        -0.8517026233
        0.4154384000         2.2000000000         1.3021067526         3.5724802490        -0.9181899476
        0.4204011000         2.2000000000         1.3021067526         3.5750321265        -0.9181899476
        0.4254021000         2.2000000000         1.3123160600         3.5775840039        -0.6522406507
        0.4304365000         2.2000000000         1.3072114063         3.5724802490        -0.7852152991
        0.4353938000         2.2000000000         1.3021067526         3.5673764941        -0.9181899476
        0.4404071000         2.2000000000         1.3072114063         3.5673764941        -0.7852152991
        0.4453837000         2.2000000000         1.2995544257         3.5546171068        -0.9846772718
        0.4503990000         2.2000000000         1.2995544257         3.5571689842        -0.9846772718
        0.4554044000         2.2000000000         1.3046590794         3.5597208617        -0.8517026233
        0.4604271000         2.2000000000         1.2995544257         3.5495133519        -0.9846772718
        0.4654267000         2.2000000000         1.2995544257         3.5367539646        -0.9846772718
        0.4704428000         2.2000000000         1.3327346748         3.5418577195        -0.1203420569
        0.4754686000         2.2000000000         1.3046590794         3.5444095970        -0.8517026233
        0.4804633000         2.2000000000         1.2918974451         3.5290983322        -1.1841392445
        0.4854387000         2.2000000000         1.2944497720         3.5265464547        -1.1176519203
        0.4904380000         2.2000000000         1.2918974451         3.5239945773        -1.1841392445
        0.4953971000         2.2000000000         1.3123160600         3.5290983322        -0.6522406507
        0.5004029000         2.2000000000         1.2995544257         3.5188908224        -0.9846772718
        0.5054118000         2.2000000000         1.3021067526         3.5112351900        -0.9181899476
        0.5104317000         2.2000000000         1.3046590794         3.5214426998        -0.8517026233
        0.5154134000         2.2000000000         1.3072114063         3.5086833125        -0.7852152991
        0.5203912000         2.2000000000         1.3046590794         3.5061314351        -0.8517026233
        0.5253974000         2.2000000000         1.3123160600         3.5086833125        -0.6522406507
        0.5303968000         2.2000000000         1.3021067526         3.4933720478        -0.9181899476
        0.5353947000         2.2000000000         1.3046590794         3.4933720478        -0.8517026233
        0.5404864000         2.2000000000         1.3021067526         3.4882682929        -0.9181899476
        0.5454177000         2.2000000000         1.2995544257         3.4908201703        -0.9846772718
        0.5503969000         2.2000000000         1.3072114063         3.4882682929        -0.7852152991
        0.5554016000         2.2000000000         1.2995544257         3.4857164154        -0.9846772718
        0.5603840000         2.2000000000         1.3021067526         3.4780607830        -0.9181899476
        0.5654069000         2.2000000000         1.2995544257         3.4806126605        -0.9846772718
        0.5703952000         2.2000000000         1.3046590794         3.4729570281        -0.8517026233
        0.5754038000         2.2000000000         1.2918974451         3.4678532732        -1.1841392445
        0.5803955000         2.2000000000         1.2918974451         3.4627495183        -1.1841392445
        0.5854225000         2.2000000000         1.2867927914         3.4576457633        -1.3171138929
        0.5904111000         2.2000000000         1.3072114063         3.4653013957        -0.7852152991
        0.5953948000         2.2000000000         1.2918974451         3.4499901310        -1.1841392445
        0.6004176000         2.2000000000         1.2918974451         3.4474382535        -1.1841392445
        0.6054151000         2.2000000000         1.2893451183         3.4448863760        -1.2506265687
        0.6104013000         2.2000000000         1.3327346748         3.4448863760        -0.1203420569
        0.6154621000         2.2000000000         1.2970020988         3.4397826211        -1.0511645960
        0.6204172000         2.2000000000         1.2995544257         3.4346788662        -0.9846772718
        0.6254018000         2.2000000000         1.2995544257         3.4321269888        -0.9846772718
        0.6303786000         2.2000000000         1.3021067526         3.4270232338        -0.9181899476
        0.6355104000         2.2000000000         1.2944497720         3.4193676015        -1.1176519203
        0.6404039000         2.2000000000         1.2918974451         3.4219194789        -1.1841392445
        0.6454012000         2.2000000000         1.3046590794         3.4193676015        -0.8517026233
        0.6503907000         2.2000000000         1.3097637331         3.4219194789        -0.7187279749
        0.6554041000         2.2000000000         1.3046590794         3.4168157240        -0.8517026233
        0.6604055000         2.2000000000         1.3072114063         3.4117119691        -0.7852152991
        0.6654102000         2.2000000000         1.2970020988         3.4040563367        -1.0511645960
        0.6704108000         2.2000000000         1.2970020988         3.4015044592        -1.0511645960
        0.6754070000         2.2000000000         1.2970020988         3.3989525818        -1.0511645960
        0.6803966000         2.2000000000         1.2944497720         3.3938488269        -1.1176519203
        0.6855363000         2.2000000000         1.3097637331         3.3912969494        -0.7187279749
        0.6903912000         2.2000000000         1.2944497720         3.3836413170        -1.1176519203
        0.6956558000         2.2000000000         1.3021067526         3.3810894396        -0.9181899476
        0.7005428000         2.2000000000         1.3046590794         3.3785375621        -0.8517026233
        0.7054065000         2.2000000000         1.2995544257         3.3759856847        -0.9846772718
        0.7103931000         2.2000000000         1.2995544257         3.3657781748        -0.9846772718
        0.7153826000         2.2000000000         1.3021067526         3.3683300523        -0.9181899476
        0.7203842000         2.2000000000         1.3046590794         3.3632262974        -0.8517026233
        0.7253931000         2.2000000000         1.3021067526         3.3581225424        -0.9181899476
        0.7304020000         2.2000000000         1.3072114063         3.3581225424        -0.7852152991
        0.7354209000         2.2000000000         1.3148683868         3.3632262974        -0.5857533264
        0.7404040000         2.2000000000         1.3123160600         3.3606744199        -0.6522406507
        0.7454059000         2.2000000000         1.3148683868         3.3530187875        -0.5857533264
        0.7504134000         2.2000000000         1.3072114063         3.3504669101        -0.7852152991
        0.7553969000         2.2000000000         1.3072114063         3.3428112777        -0.7852152991
        0.7604011000         2.2000000000         1.3148683868         3.3504669101        -0.5857533264
        0.7653934000         2.2000000000         1.3046590794         3.3377075228        -0.8517026233
        0.7703936000         2.2000000000         1.3123160600         3.3428112777        -0.6522406507
        0.7753874000         2.2000000000         1.3072114063         3.3326037679        -0.7852152991
        0.7804594000         2.2000000000         1.3097637331         3.3326037679        -0.7187279749
        0.7854173000         2.2000000000         1.2995544257         3.3223962580        -0.9846772718
        0.7904436000         2.2000000000         1.3123160600         3.3275000129        -0.6522406507
        0.7954151000         2.2000000000         1.3148683868         3.3198443806        -0.5857533264
        0.8008813000         2.2000000000         1.3046590794         3.3172925031        -0.8517026233
        0.8053803000         2.2000000000         1.3021067526         3.3121887482        -0.9181899476
        0.8104143000         2.2000000000         1.2970020988         3.3045331158        -1.0511645960
        0.8153995000         2.2000000000         1.3046590794         3.3121887482        -0.8517026233
        0.8203818000         2.2000000000         1.2995544257         3.3045331158        -0.9846772718
        0.8253959000         2.2000000000         1.2995544257         3.2968774834        -0.9846772718
        0.8303982000         2.2000000000         1.3046590794         3.2994293609        -0.8517026233
        0.8354565000         2.2000000000         1.2995544257         3.2892218510        -0.9846772718
        0.8404670000         2.2000000000         1.3072114063         3.2892218510        -0.7852152991
        0.8454051000         2.2000000000         1.3046590794         3.2866699736        -0.8517026233
        0.8504237000         2.2000000000         1.3148683868         3.2892218510        -0.5857533264
        0.8554282000         2.2000000000         1.3072114063         3.2815662187        -0.7852152991
        0.8604655000         2.2000000000         1.3097637331         3.2841180961        -0.7187279749
        0.8654150000         2.2000000000         1.3174207137         3.2815662187        -0.5192660022
        0.8704299000         2.2000000000         1.3148683868         3.2739105863        -0.5857533264
        0.8754116000         2.2000000000         1.3046590794         3.2637030765        -0.8517026233
        0.8804062000         2.2000000000         1.3046590794         3.2611511990        -0.8517026233
        0.8853908000         2.2000000000         1.3123160600         3.2637030765        -0.6522406507
        0.8903838000         2.2000000000         1.3123160600         3.2637030765        -0.6522406507
        0.8953892000         2.2000000000         1.3097637331         3.2534955666        -0.7187279749
        0.9004028000         2.2000000000         1.3097637331         3.2611511990        -0.7187279749
        0.9054100000         2.2000000000         1.3072114063         3.2560474441        -0.7852152991
        0.9103911000         2.2000000000         1.3148683868         3.2585993215        -0.5857533264
        0.9154340000         2.2000000000         1.3046590794         3.2483918117        -0.8517026233
        0.9204178000         2.2000000000         1.3021067526         3.2407361793        -0.9181899476
        0.9253967000         2.2000000000         1.3199730405         3.2509436892        -0.4527786780
        0.9304109000         2.2000000000         1.3072114063         3.2407361793        -0.7852152991
        0.9354151000         2.2000000000         1.3021067526         3.2330805470        -0.9181899476
        0.9403980000         2.2000000000         1.3123160600         3.2407361793        -0.6522406507
        0.9454045000         2.2000000000         1.3148683868         3.2356324244        -0.5857533264
        0.9505197000         2.2000000000         1.3072114063         3.2305286695        -0.7852152991
        0.9553975000         2.2000000000         1.3174207137         3.2356324244        -0.5192660022
        0.9603987000         2.2000000000         1.3174207137         3.2254249146        -0.5192660022
        0.9654122000         2.2000000000         1.3148683868         3.2279767920        -0.5857533264
        0.9703893000         2.2000000000         1.3123160600         3.2203211597        -0.6522406507
        0.9754267000         2.2000000000         1.3148683868         3.2152174047        -0.5857533264
        0.9803842000         2.2000000000         1.3148683868         3.2152174047        -0.5857533264
        0.9854003000         2.2000000000         1.3148683868         3.2152174047        -0.5857533264
        0.9904068000         2.2000000000         1.3199730405         3.2177692822        -0.4527786780
        0.9954102000         2.2000000000         1.3199730405         3.2126655273        -0.4527786780
        1.0003961000         2.2000000000         1.3123160600         3.2075617724        -0.6522406507
        1.0054067000         2.2000000000         1.3199730405         3.2024580174        -0.4527786780
        1.0103913000         2.2000000000         1.3072114063         3.1871467527        -0.7852152991
        1.0153968000         2.2000000000         1.3046590794         3.1922505076        -0.8517026233
        1.0204029000         2.2000000000         1.3072114063         3.1871467527        -0.7852152991
        1.0254121000         2.2000000000         1.3046590794         3.1871467527        -0.8517026233
        1.0303965000         2.2000000000         1.3123160600         3.1896986301        -0.6522406507
        1.0354055000         2.2000000000         1.3072114063         3.1871467527        -0.7852152991
        1.0404108000         2.2000000000         1.3148683868         3.1922505076        -0.5857533264
        1.0454033000         2.2000000000         1.3123160600         3.1948023851        -0.6522406507
        1.0504106000         2.2000000000         1.3046590794         3.1794911203        -0.8517026233
        1.0554149000         2.2000000000         1.3148683868         3.1845948752        -0.5857533264
        1.0604041000         2.2000000000         1.3046590794         3.1769392429        -0.8517026233
        1.0653833000         2.2000000000         1.2918974451         3.1718354879        -1.1841392445
        1.0703976000         2.2000000000         1.3148683868         3.1692836105        -0.5857533264
        1.0753824000         2.2000000000         1.2970020988         3.1590761006        -1.0511645960
        1.0804082000         2.2000000000         1.3148683868         3.1616279781        -0.5857533264
        1.0854208000         2.2000000000         1.3046590794         3.1616279781        -0.8517026233
        1.0904047000         2.2000000000         1.3097637331         3.1590761006        -0.7187279749
        1.0953950000         2.2000000000         1.3072114063         3.1539723457        -0.7852152991
        1.1003942000         2.2000000000         1.3046590794         3.1488685908        -0.8517026233
        1.1054056000         2.2000000000         1.3072114063         3.1488685908        -0.7852152991
        1.1103898000         2.2000000000         1.3097637331         3.1463167133        -0.7187279749
        1.1154183000         2.2000000000         1.3123160600         3.1437648359        -0.6522406507
        1.1205459000         2.2000000000         1.3072114063         3.1437648359        -0.7852152991
        1.1254082000         2.2000000000         1.3174207137         3.1437648359        -0.5192660022
        1.1303972000         2.2000000000         1.3021067526         3.1310054486        -0.9181899476
        1.1354544000         2.2000000000         1.3123160600         3.1361092035        -0.6522406507
        1.1404198000         2.2000000000         1.3148683868         3.1361092035        -0.5857533264
        1.1457328000         2.2000000000         1.3097637331         3.1284535711        -0.7187279749
        1.1504171000         2.2000000000         1.3046590794         3.1233498162        -0.8517026233
        1.1554158000         2.2000000000         1.3148683868         3.1259016937        -0.5857533264
        1.1603991000         2.2000000000         1.3046590794         3.1131423064        -0.8517026233
        1.1654360000         2.2000000000         1.3072114063         3.1156941838        -0.7852152991
        1.1704214000         2.2000000000         1.2995544257         3.1080385515        -0.9846772718
        1.1754230000         2.2000000000         1.3072114063         3.1105904289        -0.7852152991
        1.1804073000         2.2000000000         1.3072114063         3.1105904289        -0.7852152991
        1.1854008000         2.2000000000         1.2970020988         3.0978310416        -1.0511645960
        1.1903970000         2.2000000000         1.2944497720         3.0927272867        -1.1176519203
        1.1954416000         2.2000000000         1.3046590794         3.0978310416        -0.8517026233
        1.2005245000         2.2000000000         1.2944497720         3.0876235318        -1.1176519203
        1.2054046000         2.2000000000         1.2995544257         3.0825197769        -0.9846772718
        1.2103884000         2.2000000000         1.3046590794         3.0825197769        -0.8517026233
        1.2153933000         2.2000000000         1.3097637331         3.0850716543        -0.7187279749
        1.2203847000         2.2000000000         1.3148683868         3.0850716543        -0.5857533264
        1.2254100000         2.2000000000         1.3276300211         3.0825197769        -0.2533167053
        1.2303971000         2.2000000000         1.3148683868         3.0748641445        -0.5857533264
        1.2354041000         2.2000000000         1.3072114063         3.0748641445        -0.7852152991
        1.2404193000         2.2000000000         1.3123160600         3.0646566347        -0.6522406507
        1.2453982000         2.2000000000         1.3148683868         3.0672085121        -0.5857533264
        1.2504089000         2.2000000000         1.3199730405         3.0672085121        -0.4527786780
        1.2554759000         2.2000000000         1.3097637331         3.0646566347        -0.7187279749
        1.2604779000         2.2000000000         1.3174207137         3.0595528797        -0.5192660022
        1.2654371000         2.2000000000         1.3225253674         3.0672085121        -0.3862913538
        1.2704416000         2.2000000000         1.3250776943         3.0672085121        -0.3198040295
        1.2754248000         2.2000000000         1.3199730405         3.0544491248        -0.4527786780
        1.2804218000         2.2000000000         1.3123160600         3.0493453699        -0.6522406507
        1.2854882000         2.2000000000         1.3174207137         3.0518972474        -0.5192660022
        1.2904542000         2.2000000000         1.3352870017         3.0518972474        -0.0538547326
        1.2954395000         2.2000000000         1.3199730405         3.0467934924        -0.4527786780
        1.3004194000         2.2000000000         1.3148683868         3.0493453699        -0.5857533264
        1.3054263000         2.2000000000         1.3072114063         3.0391378601        -0.7852152991
        1.3104191000         2.2000000000         1.3148683868         3.0518972474        -0.5857533264
        1.3155002000         2.2000000000         1.3072114063         3.0365859826        -0.7852152991
        1.3205015000         2.2000000000         1.3046590794         3.0340341051        -0.8517026233
        1.3254252000         2.2000000000         1.3148683868         3.0416897375        -0.5857533264
        1.3304245000         2.2000000000         1.3148683868         3.0416897375        -0.5857533264
        1.3354356000         2.2000000000         1.3123160600         3.0365859826        -0.6522406507
        1.3404252000         2.2000000000         1.2995544257         3.0187228404        -0.9846772718
        1.3455233000         2.2000000000         1.3072114063         3.0238265953        -0.7852152991
        1.3505127000         2.2000000000         1.3072114063         3.0314822277        -0.7852152991
        1.3554142000         2.2000000000         1.2995544257         3.0136190855        -0.9846772718
        1.3604236000         2.2000000000         1.2995544257         3.0110672080        -0.9846772718
        1.3654614000         2.2000000000         1.3072114063         3.0136190855        -0.7852152991
        1.3704454000         2.2000000000         1.3072114063         3.0034115756        -0.7852152991
        1.3754696000         2.2000000000         1.3072114063         3.0059634531        -0.7852152991
        1.3804016000         2.2000000000         1.3046590794         3.0059634531        -0.8517026233
        1.3853958000         2.2000000000         1.3148683868         3.0008596982        -0.5857533264
        1.3903998000         2.2000000000         1.3123160600         3.0008596982        -0.6522406507
        1.3954124000         2.2000000000         1.3072114063         2.9906521883        -0.7852152991
        1.4003879000         2.2000000000         1.3148683868         2.9957559433        -0.5857533264
        1.4054162000         2.2000000000         1.3072114063         2.9855484334        -0.7852152991
        1.4103858000         2.2000000000         1.3174207137         2.9881003109        -0.5192660022
        1.4153897000         2.2000000000         1.3072114063         2.9804446785        -0.7852152991
        1.4204097000         2.2000000000         1.3072114063         2.9778928011        -0.7852152991
        1.4254964000         2.2000000000         1.3199730405         2.9881003109        -0.4527786780
        1.4303963000         2.2000000000         1.3123160600         2.9778928011        -0.6522406507
        1.4354065000         2.2000000000         1.3148683868         2.9727890461        -0.5857533264
        1.4403890000         2.2000000000         1.3199730405         2.9829965560        -0.4527786780
        1.4453973000         2.2000000000         1.3046590794         2.9702371687        -0.8517026233
        1.4503823000         2.2000000000         1.3174207137         2.9727890461        -0.5192660022
        1.4554072000         2.2000000000         1.3097637331         2.9676852912        -0.7187279749
        1.4603937000         2.2000000000         1.3123160600         2.9702371687        -0.6522406507
        1.4654241000         2.2000000000         1.3148683868         2.9727890461        -0.5857533264
        1.4703900000         2.2000000000         1.3046590794         2.9574777814        -0.8517026233
        1.4754583000         2.2000000000         1.3021067526         2.9523740265        -0.9181899476
        1.4804070000         2.2000000000         1.3123160600         2.9600296588        -0.6522406507
        1.4854271000         2.2000000000         1.3046590794         2.9523740265        -0.8517026233
        1.4903996000         2.2000000000         1.2995544257         2.9447183941        -0.9846772718
        1.4954332000         2.2000000000         1.3021067526         2.9472702715        -0.9181899476
        1.5004140000         2.2000000000         1.3021067526         2.9498221490        -0.9181899476
        1.5054315000         2.2000000000         1.3046590794         2.9345108842        -0.8517026233
        1.5104102000         2.2000000000         1.3097637331         2.9396146392        -0.7187279749
        1.5153916000         2.2000000000         1.3148683868         2.9345108842        -0.5857533264
        1.5204015000         2.2000000000         1.3097637331         2.9345108842        -0.7187279749
        1.5253857000         2.2000000000         1.3148683868         2.9319590068        -0.5857533264
        1.5303995000         2.2000000000         1.3148683868         2.9268552519        -0.5857533264
        1.5353986000         2.2000000000         1.3148683868         2.9243033744        -0.5857533264
        1.5403963000         2.2000000000         1.3250776943         2.9294071293        -0.3198040295
        1.5454056000         2.2000000000         1.3225253674         2.9294071293        -0.3862913538
        1.5503973000         2.2000000000         1.3174207137         2.9243033744        -0.5192660022
        1.5554213000         2.2000000000         1.3174207137         2.9217514970        -0.5192660022
        1.5604974000         2.2000000000         1.3250776943         2.9243033744        -0.3198040295
        1.5654266000         2.2000000000         1.3199730405         2.9140958646        -0.4527786780
        1.5704369000         2.2000000000         1.3250776943         2.9166477420        -0.3198040295
        1.5754055000         2.2000000000         1.3148683868         2.9089921097        -0.5857533264
        1.5804111000         2.2000000000         1.3199730405         2.9089921097        -0.4527786780
        1.5853888000         2.2000000000         1.3199730405         2.9089921097        -0.4527786780
        1.5904067000         2.2000000000         1.3123160600         2.8987845998        -0.6522406507
        1.5954357000         2.2000000000         1.3327346748         2.8987845998        -0.1203420569
        1.6004133000         2.2000000000         1.3225253674         2.9064402322        -0.3862913538
        1.6054015000         2.2000000000         1.3097637331         2.8936808449        -0.7187279749
        1.6104257000         2.2000000000         1.3148683868         2.8987845998        -0.5857533264
        1.6153964000         2.2000000000         1.3199730405         2.9013364773        -0.4527786780
        1.6204150000         2.2000000000         1.3123160600         2.8936808449        -0.6522406507
        1.6254080000         2.2000000000         1.3123160600         2.8911289674        -0.6522406507
        1.6308098000         2.2000000000         1.3123160600         2.8885770900        -0.6522406507
        1.6354339000         2.2000000000         1.3123160600         2.8860252125        -0.6522406507
        1.6404123000         2.2000000000         1.3123160600         2.8885770900        -0.6522406507
        1.6454008000         2.2000000000         1.3148683868         2.8809214576        -0.5857533264
        1.6504501000         2.2000000000         1.3021067526         2.8758177027        -0.9181899476
        1.6554136000         2.2000000000         1.3072114063         2.8681620703        -0.7852152991
        1.6604250000         2.2000000000         1.3097637331         2.8681620703        -0.7187279749
        1.6654422000         2.2000000000         1.3174207137         2.8732658252        -0.5192660022
        1.6703948000         2.2000000000         1.3021067526         2.8605064379        -0.9181899476
        1.6754052000         2.2000000000         1.3046590794         2.8554026830        -0.8517026233
        1.6804351000         2.2000000000         1.3097637331         2.8554026830        -0.7187279749
        1.6854149000         2.2000000000         1.3123160600         2.8528508056        -0.6522406507
        1.6904010000         2.2000000000         1.3123160600         2.8605064379        -0.6522406507
        1.6954246000         2.2000000000         1.3148683868         2.8630583154        -0.5857533264
        1.7004070000         2.2000000000         1.3097637331         2.8451951732        -0.7187279749
        1.7054018000         2.2000000000         1.3072114063         2.8477470506        -0.7852152991
        1.7104053000         2.2000000000         1.3097637331         2.8451951732        -0.7187279749
        1.7154094000         2.2000000000         1.3174207137         2.8477470506        -0.5192660022
        1.7204244000         2.2000000000         1.3097637331         2.8400914183        -0.7187279749
        1.7254921000         2.2000000000         1.3199730405         2.8477470506        -0.4527786780
        1.7304235000         2.2000000000         1.3174207137         2.8400914183        -0.5192660022
        1.7353985000         2.2000000000         1.3097637331         2.8349876633        -0.7187279749
        1.7404095000         2.2000000000         1.3174207137         2.8375395408        -0.5192660022
        1.7454265000         2.2000000000         1.3097637331         2.8324357859        -0.7187279749
        1.7504271000         2.2000000000         1.3097637331         2.8298839084        -0.7187279749
        1.7554170000         2.2000000000         1.3072114063         2.8196763986        -0.7852152991
        1.7603919000         2.2000000000         1.3072114063         2.8222282761        -0.7852152991
        1.7654056000         2.2000000000         1.3072114063         2.8324357859        -0.7852152991
        1.7704074000         2.2000000000         1.3148683868         2.8222282761        -0.5857533264
        1.7753951000         2.2000000000         1.3046590794         2.8094688888        -0.8517026233
        1.7804000000         2.2000000000         1.3123160600         2.8120207662        -0.6522406507
        1.7854134000         2.2000000000         1.3046590794         2.8120207662        -0.8517026233
        1.7904319000         2.2000000000         1.3174207137         2.8145726437        -0.5192660022
        1.7954247000         2.2000000000         1.3123160600         2.8094688888        -0.6522406507
        1.8004782000         2.2000000000         1.3250776943         2.8094688888        -0.3198040295
        1.8054080000         2.2000000000         1.3072114063         2.8018132564        -0.7852152991
        1.8104269000         2.2000000000         1.3072114063         2.7890538691        -0.7852152991
        1.8154236000         2.2000000000         1.3046590794         2.7890538691        -0.8517026233
        1.8204056000         2.2000000000         1.3097637331         2.7916057465        -0.7187279749
        1.8254225000         2.2000000000         1.3327346748         2.7941576240        -0.1203420569
        1.8305016000         2.2000000000         1.3123160600         2.7865019916        -0.6522406507
        1.8354261000         2.2000000000         1.3174207137         2.7916057465        -0.5192660022
        1.8404101000         2.2000000000         1.3148683868         2.7813982367        -0.5857533264
        1.8454196000         2.2000000000         1.3174207137         2.7813982367        -0.5192660022
        1.8505136000         2.2000000000         1.3148683868         2.7788463592        -0.5857533264
        1.8554126000         2.2000000000         1.3148683868         2.7737426043        -0.5857533264
        1.8603965000         2.2000000000         1.3123160600         2.7660869720        -0.6522406507
        1.8653982000         2.2000000000         1.3097637331         2.7635350945        -0.7187279749
        1.8704089000         2.2000000000         1.3123160600         2.7635350945        -0.6522406507
        1.8753907000         2.2000000000         1.3097637331         2.7609832170        -0.7187279749
        1.8804046000         2.2000000000         1.3174207137         2.7711907269        -0.5192660022
        1.8853879000         2.2000000000         1.3199730405         2.7711907269        -0.4527786780
        1.8903972000         2.2000000000         1.3199730405         2.7660869720        -0.4527786780
        1.8954023000         2.2000000000         1.3199730405         2.7609832170        -0.4527786780
        1.9004086000         2.2000000000         1.3174207137         2.7609832170        -0.5192660022
        1.9053987000         2.2000000000         1.3046590794         2.7482238297        -0.8517026233
        1.9103986000         2.2000000000         1.3021067526         2.7431200748        -0.9181899476
        1.9156389000         2.2000000000         1.3097637331         2.7482238297        -0.7187279749
        1.9204221000         2.2000000000         1.3148683868         2.7507757072        -0.5857533264
        1.9253982000         2.2000000000         1.3021067526         2.7354644424        -0.9181899476
        1.9304177000         2.2000000000         1.3021067526         2.7303606875        -0.9181899476
        1.9354099000         2.2000000000         1.3199730405         2.7431200748        -0.4527786780
        1.9404077000         2.2000000000         1.3480486360         2.7405681974         0.2785818885
        1.9453906000         2.2000000000         1.3072114063         2.7303606875        -0.7852152991
        1.9504049000         2.2000000000         1.3097637331         2.7303606875        -0.7187279749
        1.9554066000         2.2000000000         1.3046590794         2.7252569326        -0.8517026233
        1.9603974000         2.2000000000         1.3046590794         2.7176013002        -0.8517026233
        1.9653945000         2.2000000000         1.2944497720         2.7124975453        -1.1176519203
        1.9704098000         2.2000000000         1.3097637331         2.7099456679        -0.7187279749
        1.9753912000         2.2000000000         1.3199730405         2.7201531777        -0.4527786780
        1.9804831000         2.2000000000         1.3097637331         2.7048419129        -0.7187279749
        1.9854216000         2.2000000000         1.3148683868         2.7099456679        -0.5857533264
        1.9904226000         2.2000000000         1.3174207137         2.7022900355        -0.5192660022
        1.9953935000         2.2000000000         1.3123160600         2.7022900355        -0.6522406507
        2.0004112000         2.2000000000         1.3199730405         2.7022900355        -0.4527786780
        2.0053889000         2.2000000000         1.3250776943         2.6946344031        -0.3198040295
        2.0104242000         2.2000000000         1.3250776943         2.7073937904        -0.3198040295
        2.0154123000         2.2000000000         1.3225253674         2.7073937904        -0.3862913538
        2.0204130000         2.2000000000         1.3174207137         2.6997381580        -0.5192660022
        2.0253757000         2.2000000000         1.3250776943         2.6997381580        -0.3198040295
        2.0304594000         2.2000000000         1.3250776943         2.6895306482        -0.3198040295
        2.0353936000         2.2000000000         1.3123160600         2.6869787707        -0.6522406507
        2.0404845000         2.2000000000         1.3148683868         2.6844268933        -0.5857533264
        2.0454207000         2.2000000000         1.3123160600         2.6793231383        -0.6522406507
        2.0503960000         2.2000000000         1.3174207137         2.6844268933        -0.5192660022
        2.0554061000         2.2000000000         1.3148683868         2.6793231383        -0.5857533264
        2.0603862000         2.2000000000         1.3225253674         2.6869787707        -0.3862913538
        2.0654007000         2.2000000000         1.3097637331         2.6742193834        -0.7187279749
        2.0704061000         2.2000000000         1.3097637331         2.6716675060        -0.7187279749
        2.0753773000         2.2000000000         1.3199730405         2.6742193834        -0.4527786780
        2.0803962000         2.2000000000         1.3148683868         2.6716675060        -0.5857533264
        2.0853876000         2.2000000000         1.3199730405         2.6767712609        -0.4527786780
        2.0904414000         2.2000000000         1.2970020988         2.6589081187        -1.0511645960
        2.0954014000         2.2000000000         1.3199730405         2.6716675060        -0.4527786780
        2.1004173000         2.2000000000         1.3174207137         2.6691156285        -0.5192660022
        2.1054195000         2.2000000000         1.3199730405         2.6691156285        -0.4527786780
        2.1103966000         2.2000000000         1.3174207137         2.6589081187        -0.5192660022
        2.1154042000         2.2000000000         1.3148683868         2.6563562412        -0.5857533264
        2.1203867000         2.2000000000         1.3072114063         2.6487006088        -0.7852152991
        2.1253963000         2.2000000000         1.3072114063         2.6435968539        -0.7852152991
        2.1303843000         2.2000000000         1.3123160600         2.6461487314        -0.6522406507
        2.1353899000         2.2000000000         1.3072114063         2.6410449765        -0.7852152991
        2.1406077000         2.2000000000         1.3123160600         2.6410449765        -0.6522406507
        2.1454086000         2.2000000000         1.3123160600         2.6359412215        -0.6522406507
        2.1503910000         2.2000000000         1.3123160600         2.6410449765        -0.6522406507
        2.1554342000         2.2000000000         1.3097637331         2.6308374666        -0.7187279749
        2.1603857000         2.2000000000         1.3072114063         2.6282855892        -0.7852152991
        2.1654194000         2.2000000000         1.3123160600         2.6333893441        -0.6522406507
        2.1704138000         2.2000000000         1.3199730405         2.6384930990        -0.4527786780
        2.1754092000         2.2000000000         1.3174207137         2.6282855892        -0.5192660022
        2.1803965000         2.2000000000         1.3148683868         2.6282855892        -0.5857533264
        2.1854027000         2.2000000000         1.3072114063         2.6180780793        -0.7852152991
        2.1904118000         2.2000000000         1.3174207137         2.6231818342        -0.5192660022
        2.1953994000         2.2000000000         1.3072114063         2.6078705695        -0.7852152991
        2.2003923000         2.2000000000         1.3123160600         2.6180780793        -0.6522406507
        2.2054147000         2.2000000000         1.3072114063         2.6078705695        -0.7852152991
        2.2103934000         2.2000000000         1.3097637331         2.6129743244        -0.7187279749
        2.2154074000         2.2000000000         1.3148683868         2.6155262019        -0.5857533264
        2.2203966000         2.2000000000         1.3021067526         2.6027668146        -0.9181899476
        2.2253988000         2.2000000000         1.3046590794         2.6053186920        -0.8517026233
        2.2304028000         2.2000000000         1.3097637331         2.6078705695        -0.7187279749
        2.2354399000         2.2000000000         1.3072114063         2.5976630597        -0.7852152991
        2.2404042000         2.2000000000         1.3148683868         2.6027668146        -0.5857533264
        2.2454135000         2.2000000000         1.3148683868         2.6002149371        -0.5857533264
        2.2504199000         2.2000000000         1.3148683868         2.5925593047        -0.5857533264
        2.2554234000         2.2000000000         1.3072114063         2.5900074273        -0.7852152991
        2.2604050000         2.2000000000         1.3148683868         2.5900074273        -0.5857533264
        2.2653903000         2.2000000000         1.3174207137         2.5849036724        -0.5192660022
        2.2704007000         2.2000000000         1.3148683868         2.5874555498        -0.5857533264
        2.2753896000         2.2000000000         1.3174207137         2.5849036724        -0.5192660022
        2.2804133000         2.2000000000         1.3046590794         2.5670405302        -0.8517026233
        2.2853940000         2.2000000000         1.3046590794         2.5721442851        -0.8517026233
        2.2904211000         2.2000000000         1.3199730405         2.5746961625        -0.4527786780
        2.2954210000         2.2000000000         1.3123160600         2.5619367752        -0.6522406507
        2.3004069000         2.2000000000         1.3148683868         2.5670405302        -0.5857533264
        2.3054125000         2.2000000000         1.3123160600         2.5593848978        -0.6522406507
        2.3104203000         2.2000000000         1.3123160600         2.5644886527        -0.6522406507
        2.3154040000         2.2000000000         1.3225253674         2.5644886527        -0.3862913538
        2.3203840000         2.2000000000         1.3174207137         2.5619367752        -0.5192660022
        2.3253779000         2.2000000000         1.3123160600         2.5593848978        -0.6522406507
        2.3304060000         2.2000000000         1.3250776943         2.5593848978        -0.3198040295
        2.3353951000         2.2000000000         1.3097637331         2.5517292654        -0.7187279749
        2.3404228000         2.2000000000         1.3148683868         2.5466255105        -0.5857533264
        2.3453983000         2.2000000000         1.3199730405         2.5517292654        -0.4527786780
        2.3504147000         2.2000000000         1.3046590794         2.5364180006        -0.8517026233
        2.3553939000         2.2000000000         1.3046590794         2.5338661232        -0.8517026233
        2.3603873000         2.2000000000         1.3046590794         2.5338661232        -0.8517026233
        2.3653856000         2.2000000000         1.3123160600         2.5364180006        -0.6522406507
        2.3704043000         2.2000000000         1.3148683868         2.5338661232        -0.5857533264
        2.3754056000         2.2000000000         1.3148683868         2.5389698781        -0.5857533264
        2.3804190000         2.2000000000         1.3046590794         2.5287623683        -0.8517026233
        2.3854034000         2.2000000000         1.3072114063         2.5262104908        -0.7852152991
        2.3904128000         2.2000000000         1.3021067526         2.5134511035        -0.9181899476
        2.3953920000         2.2000000000         1.2995544257         2.5108992261        -0.9846772718
        2.4004021000         2.2000000000         1.3123160600         2.5185548584        -0.6522406507
        2.4053850000         2.2000000000         1.3021067526         2.5032435937        -0.9181899476
        2.4103924000         2.2000000000         1.3072114063         2.5108992261        -0.7852152991
        2.4154343000         2.2000000000         1.3123160600         2.5134511035        -0.6522406507
        2.4204587000         2.2000000000         1.3046590794         2.5006917162        -0.8517026233
        2.4254134000         2.2000000000         1.2995544257         2.4955879613        -0.9846772718
        2.4305812000         2.2000000000         1.3123160600         2.4981398388        -0.6522406507
        2.4356020000         2.2000000000         1.3199730405         2.5032435937        -0.4527786780
        2.4403984000         2.2000000000         1.3174207137         2.5006917162        -0.5192660022
        2.4454035000         2.2000000000         1.3148683868         2.4930360838        -0.5857533264
        2.4504007000         2.2000000000         1.3123160600         2.4879323289        -0.6522406507
        2.4553921000         2.2000000000         1.3046590794         2.4802766965        -0.8517026233
        2.4603843000         2.2000000000         1.3123160600         2.4802766965        -0.6522406507
        2.4654093000         2.2000000000         1.3174207137         2.4904842064        -0.5192660022
        2.4704032000         2.2000000000         1.3174207137         2.4802766965        -0.5192660022
        2.4754094000         2.2000000000         1.3276300211         2.4802766965        -0.2533167053
        2.4803953000         2.2000000000         1.3072114063         2.4700691867        -0.7852152991
        2.4854050000         2.2000000000         1.3148683868         2.4726210642        -0.5857533264
        2.4904300000         2.2000000000         1.3199730405         2.4777248191        -0.4527786780
        2.4954117000         2.2000000000         1.3123160600         2.4675173092        -0.6522406507
        2.5004041000         2.2000000000         1.3123160600         2.4598616769        -0.6522406507
        2.5054147000         2.2000000000         1.3097637331         2.4598616769        -0.7187279749
        2.5103973000         2.2000000000         1.3123160600         2.4598616769        -0.6522406507
        2.5154215000         2.2000000000         1.3123160600         2.4598616769        -0.6522406507
        2.5204677000         2.2000000000         1.3123160600         2.4573097994        -0.6522406507
        2.5254155000         2.2000000000         1.3097637331         2.4573097994        -0.7187279749
        2.5304029000         2.2000000000         1.3123160600         2.4598616769        -0.6522406507
        2.5354099000         2.2000000000         1.3148683868         2.4547579220        -0.5857533264
        2.5404145000         2.2000000000         1.3174207137         2.4471022896        -0.5192660022
        2.5454198000         2.2000000000         1.3046590794         2.4368947797        -0.8517026233
        2.5505674000         2.2000000000         1.3148683868         2.4471022896        -0.5857533264
        2.5554046000         2.2000000000         1.3046590794         2.4419985347        -0.8517026233
        2.5604122000         2.2000000000         1.3123160600         2.4419985347        -0.6522406507
        2.5654169000         2.2000000000         1.2995544257         2.4266872699        -0.9846772718
        2.5704249000         2.2000000000         1.3021067526         2.4215835150        -0.9181899476
        2.5753845000         2.2000000000         1.3148683868         2.4317910248        -0.5857533264
        2.5804077000         2.2000000000         1.3123160600         2.4317910248        -0.6522406507
        2.5854514000         2.2000000000         1.3199730405         2.4241353924        -0.4527786780
        2.5904031000         2.2000000000         1.3123160600         2.4190316375        -0.6522406507
        2.5953903000         2.2000000000         1.3225253674         2.4215835150        -0.3862913538
        2.6004071000         2.2000000000         1.3148683868         2.4164797601        -0.5857533264
        2.6054149000         2.2000000000         1.3097637331         2.4062722502        -0.7187279749
        2.6104068000         2.2000000000         1.3123160600         2.4037203728        -0.6522406507
        2.6154020000         2.2000000000         1.3250776943         2.4113760052        -0.3198040295
        2.6203864000         2.2000000000         1.3199730405         2.4113760052        -0.4527786780
        2.6253901000         2.2000000000         1.3225253674         2.4088241277        -0.3862913538
        2.6304530000         2.2000000000         1.3097637331         2.3986166179        -0.7187279749
        2.6354163000         2.2000000000         1.3174207137         2.3986166179        -0.5192660022
        2.6404215000         2.2000000000         1.3072114063         2.3909609855        -0.7852152991
        2.6454998000         2.2000000000         1.3148683868         2.3935128629        -0.5857533264
        2.6504089000         2.2000000000         1.3021067526         2.3935128629        -0.9181899476
        2.6554757000         2.2000000000         1.3072114063         2.3833053531        -0.7852152991
        2.6604052000         2.2000000000         1.3097637331         2.3884091080        -0.7187279749
        2.6654656000         2.2000000000         1.3021067526         2.3782015982        -0.9181899476
        2.6703903000         2.2000000000         1.3021067526         2.3782015982        -0.9181899476
        2.6754125000         2.2000000000         1.3072114063         2.3782015982        -0.7852152991
        2.6804390000         2.2000000000         1.3072114063         2.3807534756        -0.7852152991
        2.6853969000         2.2000000000         1.3123160600         2.3654422109        -0.6522406507
        2.6904127000         2.2000000000         1.3021067526         2.3679940883        -0.9181899476
        2.6953946000         2.2000000000         1.3097637331         2.3730978433        -0.7187279749
        2.7004006000         2.2000000000         1.3148683868         2.3705459658        -0.5857533264
        2.7054055000         2.2000000000         1.3072114063         2.3628903334        -0.7852152991
        2.7103856000         2.2000000000         1.2918974451         2.3526828236        -1.1841392445
        2.7153973000         2.2000000000         1.3097637331         2.3501309461        -0.7187279749
        2.7204101000         2.2000000000         1.3072114063         2.3475790687        -0.7852152991
        2.7253888000         2.2000000000         1.3148683868         2.3526828236        -0.5857533264
        2.7304132000         2.2000000000         1.3429439823         2.3450271912         0.1456072401
        2.7354193000         2.2000000000         1.3174207137         2.3501309461        -0.5192660022
        2.7404092000         2.2000000000         1.3250776943         2.3552347011        -0.3198040295
        2.7454013000         2.2000000000         1.3174207137         2.3475790687        -0.5192660022
        2.7504050000         2.2000000000         1.3199730405         2.3424753138        -0.4527786780
        2.7553944000         2.2000000000         1.3123160600         2.3373715588        -0.6522406507
        2.7603987000         2.2000000000         1.3199730405         2.3399234363        -0.4527786780
        2.7653870000         2.2000000000         1.3199730405         2.3373715588        -0.4527786780
        2.7704177000         2.2000000000         1.3250776943         2.3424753138        -0.3198040295
        2.7753965000         2.2000000000         1.3199730405         2.3297159265        -0.4527786780
        2.7804356000         2.2000000000         1.3123160600         2.3297159265        -0.6522406507
        2.7854430000         2.2000000000         1.3250776943         2.3297159265        -0.3198040295
        2.7904343000         2.2000000000         1.3250776943         2.3373715588        -0.3198040295
        2.7954128000         2.2000000000         1.3276300211         2.3322678039        -0.2533167053
        2.8004226000         2.2000000000         1.3352870017         2.3246121715        -0.0538547326
        2.8054030000         2.2000000000         1.3250776943         2.3322678039        -0.3198040295
        2.8103885000         2.2000000000         1.3072114063         2.3169565392        -0.7852152991
        2.8154081000         2.2000000000         1.3174207137         2.3271640490        -0.5192660022
        2.8204029000         2.2000000000         1.3225253674         2.3195084166        -0.3862913538
        2.8253833000         2.2000000000         1.3506009628         2.3169565392         0.3450692127
        2.8303994000         2.2000000000         1.3199730405         2.3195084166        -0.4527786780
        2.8354035000         2.2000000000         1.3148683868         2.3195084166        -0.5857533264
        2.8404183000         2.2000000000         1.3097637331         2.3093009068        -0.7187279749
        2.8453929000         2.2000000000         1.3046590794         2.3016452744        -0.8517026233
        2.8504303000         2.2000000000         1.3097637331         2.3016452744        -0.7187279749
        2.8556775000         2.2000000000         1.3097637331         2.2990933970        -0.7187279749
        2.8603957000         2.2000000000         1.3123160600         2.2990933970        -0.6522406507
        2.8654704000         2.2000000000         1.3097637331         2.2939896420        -0.7187279749
        2.8703957000         2.2000000000         1.3174207137         2.2965415195        -0.5192660022
        2.8754036000         2.2000000000         1.3097637331         2.2888858871        -0.7187279749
        2.8804162000         2.2000000000         1.3046590794         2.2812302547        -0.8517026233
        2.8853965000         2.2000000000         1.3148683868         2.2914377646        -0.5857533264
        2.8904002000         2.2000000000         1.3097637331         2.2812302547        -0.7187279749
        2.8953900000         2.2000000000         1.3429439823         2.2786783773         0.1456072401
        2.9004028000         2.2000000000         1.3148683868         2.2812302547        -0.5857533264
        2.9054014000         2.2000000000         1.3123160600         2.2735746224        -0.6522406507
        2.9104976000         2.2000000000         1.3123160600         2.2659189900        -0.6522406507
        2.9154163000         2.2000000000         1.3148683868         2.2710227449        -0.5857533264
        2.9204204000         2.2000000000         1.3148683868         2.2659189900        -0.5857533264
        2.9253968000         2.2000000000         1.3097637331         2.2659189900        -0.7187279749
        2.9304034000         2.2000000000         1.3148683868         2.2659189900        -0.5857533264
        2.9353971000         2.2000000000         1.3174207137         2.2633671125        -0.5192660022
        2.9404375000         2.2000000000         1.3046590794         2.2557114802        -0.8517026233
        2.9454432000         2.2000000000         1.3097637331         2.2531596027        -0.7187279749
        2.9504724000         2.2000000000         1.3148683868         2.2557114802        -0.5857533264
        2.9554093000         2.2000000000         1.3097637331         2.2429520929        -0.7187279749
        2.9604000000         2.2000000000         1.3046590794         2.2455039703        -0.8517026233
        2.9654411000         2.2000000000         1.3021067526         2.2352964605        -0.9181899476
        2.9704201000         2.2000000000         1.2995544257         2.2404002154        -0.9846772718
        2.9754016000         2.2000000000         1.3046590794         2.2352964605        -0.8517026233
        2.9805941000         2.2000000000         1.3021067526         2.2276408281        -0.9181899476
        2.9854385000         2.2000000000         1.3046590794         2.2225370732        -0.8517026233
        2.9904036000         2.2000000000         1.3046590794         2.2250889506        -0.8517026233
        2.9954077000         2.2000000000         1.3072114063         2.2250889506        -0.7852152991
        3.0003939000         2.2000000000         1.3046590794         2.2174333183        -0.8517026233
        3.0053973000         2.2000000000         1.3072114063         2.2123295633        -0.7852152991
        3.0103897000         2.2000000000         1.3123160600         2.2123295633        -0.6522406507
        3.0153959000         2.2000000000         1.3046590794         2.2046739310        -0.8517026233
        3.0204107000         2.2000000000         1.3097637331         2.2097776859        -0.7187279749
        3.0253873000         2.2000000000         1.3097637331         2.1995701761        -0.7187279749
        3.0304273000         2.2000000000         1.3199730405         2.2046739310        -0.4527786780
        3.0354070000         2.2000000000         1.3174207137         2.2046739310        -0.5192660022
        3.0404969000         2.2000000000         1.3225253674         2.2046739310        -0.3862913538
        3.0453925000         2.2000000000         1.3454963091         2.2021220535         0.2120945643
        3.0505567000         2.2000000000         1.3199730405         2.2021220535        -0.4527786780
        3.0554069000         2.2000000000         1.3123160600         2.1944664211        -0.6522406507
        3.0604329000         2.2000000000         1.3174207137         2.1970182986        -0.5192660022
        3.0654077000         2.2000000000         1.3046590794         2.1842589113        -0.8517026233
        3.0704479000         2.2000000000         1.3148683868         2.1868107888        -0.5857533264
        3.0753920000         2.2000000000         1.3174207137         2.1893626662        -0.5192660022
        3.0804054000         2.2000000000         1.3123160600         2.1740514015        -0.6522406507
        3.0853970000         2.2000000000         1.3072114063         2.1766032789        -0.7852152991
        3.0903923000         2.2000000000         1.3148683868         2.1791551564        -0.5857533264
        3.0954114000         2.2000000000         1.3123160600         2.1689476465        -0.6522406507
        3.1004261000         2.2000000000         1.3174207137         2.1791551564        -0.5192660022
        3.1054025000         2.2000000000         1.3174207137         2.1791551564        -0.5192660022
        3.1104036000         2.2000000000         1.3199730405         2.1740514015        -0.4527786780
        3.1153894000         2.2000000000         1.3327346748         2.1638438916        -0.1203420569
        3.1204041000         2.2000000000         1.3148683868         2.1689476465        -0.5857533264
        3.1254114000         2.2000000000         1.3097637331         2.1587401367        -0.7187279749
        3.1303897000         2.2000000000         1.3097637331         2.1587401367        -0.7187279749
        3.1354052000         2.2000000000         1.3021067526         2.1485326269        -0.9181899476
        3.1403906000         2.2000000000         1.3123160600         2.1536363818        -0.6522406507
        3.1454472000         2.2000000000         1.3148683868         2.1536363818        -0.5857533264
        3.1504183000         2.2000000000         1.3097637331         2.1485326269        -0.7187279749
        3.1554187000         2.2000000000         1.3046590794         2.1357732396        -0.8517026233
        3.1604163000         2.2000000000         1.3148683868         2.1357732396        -0.5857533264
        3.1654332000         2.2000000000         1.3123160600         2.1408769945        -0.6522406507
        3.1704184000         2.2000000000         1.3148683868         2.1383251170        -0.5857533264
        3.1756118000         2.2000000000         1.3123160600         2.1332213621        -0.6522406507
        3.1804599000         2.2000000000         1.3148683868         2.1332213621        -0.5857533264
        3.1853913000         2.2000000000         1.3148683868         2.1306694847        -0.5857533264
        3.1903976000         2.2000000000         1.3174207137         2.1357732396        -0.5192660022
        3.1954430000         2.2000000000         1.3225253674         2.1306694847        -0.3862913538
        3.2003985000         2.2000000000         1.3199730405         2.1281176072        -0.4527786780
        3.2054260000         2.2000000000         1.3097637331         2.1153582199        -0.7187279749
        3.2104083000         2.2000000000         1.3072114063         2.1128063424        -0.7852152991
        3.2153876000         2.2000000000         1.3072114063         2.1077025875        -0.7852152991
        3.2204011000         2.2000000000         1.3199730405         2.1153582199        -0.4527786780
        3.2254237000         2.2000000000         1.3148683868         2.1128063424        -0.5857533264
        3.2303863000         2.2000000000         1.3174207137         2.1153582199        -0.5192660022
        3.2354595000         2.2000000000         1.3123160600         2.1051507101        -0.6522406507
        3.2404418000         2.2000000000         1.3148683868         2.1025988326        -0.5857533264
        3.2453869000         2.2000000000         1.3250776943         2.1077025875        -0.3198040295
        3.2504176000         2.2000000000         1.3174207137         2.1077025875        -0.5192660022
        3.2554107000         2.2000000000         1.3225253674         2.1025988326        -0.3862913538
        3.2603960000         2.2000000000         1.3097637331         2.0974950777        -0.7187279749
        3.2654337000         2.2000000000         1.3097637331         2.0949432002        -0.7187279749
        3.2703830000         2.2000000000         1.3072114063         2.0898394453        -0.7852152991
        3.2755309000         2.2000000000         1.3123160600         2.0872875679        -0.6522406507
        3.2804223000         2.2000000000         1.3148683868         2.0923913228        -0.5857533264
        3.2854091000         2.2000000000         1.3072114063         2.0796319355        -0.7852152991
        3.2903996000         2.2000000000         1.3021067526         2.0745281806        -0.9181899476
        3.2954829000         2.2000000000         1.3148683868         2.0872875679        -0.5857533264
        3.3003876000         2.2000000000         1.3123160600         2.0745281806        -0.6522406507
        3.3054245000         2.2000000000         1.3046590794         2.0643206707        -0.8517026233
        3.3104284000         2.2000000000         1.3174207137         2.0719763031        -0.5192660022
        3.3154094000         2.2000000000         1.3097637331         2.0617687933        -0.7187279749
        3.3203967000         2.2000000000         1.3046590794         2.0592169158        -0.8517026233
        3.3253830000         2.2000000000         1.3097637331         2.0643206707        -0.7187279749
        3.3304098000         2.2000000000         1.3225253674         2.0617687933        -0.3862913538
        3.3353941000         2.2000000000         1.3097637331         2.0515612834        -0.7187279749
        3.3404974000         2.2000000000         1.3097637331         2.0541131609        -0.7187279749
        3.3454342000         2.2000000000         1.3454963091         2.0541131609         0.2120945643
        3.3504180000         2.2000000000         1.3174207137         2.0515612834        -0.5192660022
        3.3554218000         2.2000000000         1.3199730405         2.0566650383        -0.4527786780
        3.3604480000         2.2000000000         1.3148683868         2.0464575285        -0.5857533264
        3.3654441000         2.2000000000         1.3072114063         2.0439056511        -0.7852152991
        3.3704095000         2.2000000000         1.3123160600         2.0439056511        -0.6522406507
        3.3754181000         2.2000000000         1.3046590794         2.0336981412        -0.8517026233
        3.3804206000         2.2000000000         1.3021067526         2.0362500187        -0.9181899476
        3.3854067000         2.2000000000         1.3097637331         2.0336981412        -0.7187279749
        3.3904169000         2.2000000000         1.3021067526         2.0260425088        -0.9181899476
        3.3954431000         2.2000000000         1.3097637331         2.0260425088        -0.7187279749
        3.4004593000         2.2000000000         1.3072114063         2.0260425088        -0.7852152991
        3.4054285000         2.2000000000         1.3046590794         2.0158349990        -0.8517026233
        3.4104428000         2.2000000000         1.3021067526         2.0158349990        -0.9181899476
        3.4154102000         2.2000000000         1.3072114063         2.0183868765        -0.7852152991
        3.4204353000         2.2000000000         1.3148683868         2.0209387539        -0.5857533264
        3.4254217000         2.2000000000         1.3123160600         2.0132831215        -0.6522406507
        3.4304238000         2.2000000000         1.3046590794         2.0056274892        -0.8517026233
        3.4354104000         2.2000000000         1.2918974451         2.0056274892        -1.1841392445
        3.4404246000         2.2000000000         1.3097637331         2.0056274892        -0.7187279749
        3.4454124000         2.2000000000         1.3097637331         2.0005237343        -0.7187279749
        3.4504037000         2.2000000000         1.3123160600         2.0056274892        -0.6522406507
        3.4554060000         2.2000000000         1.3199730405         2.0005237343        -0.4527786780
        3.4604457000         2.2000000000         1.3097637331         1.9852124695        -0.7187279749
        3.4653996000         2.2000000000         1.3148683868         1.9877643470        -0.5857533264
        3.4710914000         2.2000000000         1.3148683868         1.9877643470        -0.5857533264
        3.4754115000         2.2000000000         1.3327346748         1.9877643470        -0.1203420569
        3.4806381000         2.2000000000         1.3174207137         1.9826605920        -0.5192660022
        3.4854036000         2.2000000000         1.3199730405         1.9826605920        -0.4527786780
        3.4904096000         2.2000000000         1.3148683868         1.9826605920        -0.5857533264
        3.4954018000         2.2000000000         1.3148683868         1.9699012047        -0.5857533264
        3.5004032000         2.2000000000         1.3174207137         1.9775568371        -0.5192660022
        3.5053870000         2.2000000000         1.3148683868         1.9750049597        -0.5857533264
        3.5104106000         2.2000000000         1.3174207137         1.9750049597        -0.5192660022
        3.5154098000         2.2000000000         1.3148683868         1.9699012047        -0.5857533264
        3.5203939000         2.2000000000         1.3072114063         1.9622455724        -0.7852152991
        3.5254003000         2.2000000000         1.3097637331         1.9647974498        -0.7187279749
        3.5303855000         2.2000000000         1.3174207137         1.9622455724        -0.5192660022
        3.5353994000         2.2000000000         1.3046590794         1.9520380625        -0.8517026233
        3.5404068000         2.2000000000         1.3021067526         1.9520380625        -0.9181899476
        3.5454103000         2.2000000000         1.3097637331         1.9520380625        -0.7187279749
        3.5503908000         2.2000000000         1.3046590794         1.9520380625        -0.8517026233
        3.5553982000         2.2000000000         1.3046590794         1.9469343076        -0.8517026233
        3.5604183000         2.2000000000         1.3046590794         1.9443824302        -0.8517026233
        3.5654734000         2.2000000000         1.3046590794         1.9392786752        -0.8517026233
        3.5704018000         2.2000000000         1.3021067526         1.9316230429        -0.9181899476
        3.5753928000         2.2000000000         1.3021067526         1.9418305527        -0.9181899476
        3.5804231000         2.2000000000         1.3046590794         1.9316230429        -0.8517026233
        3.5854079000         2.2000000000         1.3046590794         1.9290711654        -0.8517026233
        3.5903930000         2.2000000000         1.3046590794         1.9239674105        -0.8517026233
        3.5954297000         2.2000000000         1.3046590794         1.9188636556        -0.8517026233
        3.6004062000         2.2000000000         1.3072114063         1.9239674105        -0.7852152991
        3.6054114000         2.2000000000         1.3097637331         1.9163117781        -0.7187279749
        3.6104000000         2.2000000000         1.3097637331         1.9061042683        -0.7187279749
        3.6153763000         2.2000000000         1.3174207137         1.9163117781        -0.5192660022
        3.6203949000         2.2000000000         1.3123160600         1.9086561457        -0.6522406507
        3.6254001000         2.2000000000         1.3072114063         1.8984486359        -0.7852152991
        3.6303832000         2.2000000000         1.3123160600         1.9010005134        -0.6522406507
        3.6354308000         2.2000000000         1.3046590794         1.8933448810        -0.8517026233
        3.6404245000         2.2000000000         1.3072114063         1.8933448810        -0.7852152991
        3.6454039000         2.2000000000         1.3123160600         1.8933448810        -0.6522406507
        3.6503883000         2.2000000000         1.3199730405         1.9010005134        -0.4527786780
        3.6554567000         2.2000000000         1.3046590794         1.8856892486        -0.8517026233
        3.6603846000         2.2000000000         1.3123160600         1.8907930035        -0.6522406507
        3.6653876000         2.2000000000         1.3097637331         1.8882411261        -0.7187279749
        3.6704039000         2.2000000000         1.3097637331         1.8856892486        -0.7187279749
        3.6753884000         2.2000000000         1.3046590794         1.8754817388        -0.8517026233
        3.6803996000         2.2000000000         1.3046590794         1.8729298613        -0.8517026233
        3.6853962000         2.2000000000         1.3046590794         1.8678261064        -0.8517026233
        3.6903857000         2.2000000000         1.3123160600         1.8805854937        -0.6522406507
        3.6954293000         2.2000000000         1.3123160600         1.8780336162        -0.6522406507
        3.7004097000         2.2000000000         1.3097637331         1.8678261064        -0.7187279749
        3.7053810000         2.2000000000         1.2995544257         1.8601704740        -0.9846772718
        3.7103988000         2.2000000000         1.3046590794         1.8550667191        -0.8517026233
        3.7154035000         2.2000000000         1.3072114063         1.8525148416        -0.7852152991
        3.7203923000         2.2000000000         1.3072114063         1.8601704740        -0.7852152991
        3.7253973000         2.2000000000         1.3072114063         1.8601704740        -0.7852152991
        3.7304084000         2.2000000000         1.3097637331         1.8499629642        -0.7187279749
        3.7354256000         2.2000000000         1.3046590794         1.8474110867        -0.8517026233
        3.7404038000         2.2000000000         1.3097637331         1.8448592093        -0.7187279749
        3.7454029000         2.2000000000         1.3123160600         1.8474110867        -0.6522406507
        3.7503941000         2.2000000000         1.3046590794         1.8320998220        -0.8517026233
        3.7553980000         2.2000000000         1.3097637331         1.8397554543        -0.7187279749
        3.7604121000         2.2000000000         1.3276300211         1.8346516994        -0.2533167053
        3.7653939000         2.2000000000         1.3123160600         1.8397554543        -0.6522406507
        3.7704329000         2.2000000000         1.3097637331         1.8295479445        -0.7187279749
        3.7753978000         2.2000000000         1.2995544257         1.8193404347        -0.9846772718
        3.7804056000         2.2000000000         1.3046590794         1.8244441896        -0.8517026233
        3.7854004000         2.2000000000         1.3097637331         1.8269960670        -0.7187279749
        3.7904235000         2.2000000000         1.3072114063         1.8193404347        -0.7852152991
        3.7953983000         2.2000000000         1.2995544257         1.8167885572        -0.9846772718
        3.8004038000         2.2000000000         1.3021067526         1.8167885572        -0.9181899476
        3.8053926000         2.2000000000         1.3097637331         1.8116848023        -0.7187279749
        3.8103971000         2.2000000000         1.3072114063         1.8116848023        -0.7852152991
        3.8154053000         2.2000000000         1.2970020988         1.7938216601        -1.0511645960
        3.8204196000         2.2000000000         1.2944497720         1.7912697826        -1.1176519203
        3.8254144000         2.2000000000         1.3097637331         1.7989254150        -0.7187279749
        3.8305709000         2.2000000000         1.2995544257         1.7912697826        -0.9846772718
        3.8354174000         2.2000000000         1.3072114063         1.7861660277        -0.7852152991
        3.8403983000         2.2000000000         1.3021067526         1.7810622728        -0.9181899476
        3.8454107000         2.2000000000         1.3021067526         1.7734066404        -0.9181899476
        3.8504182000         2.2000000000         1.3046590794         1.7785103953        -0.8517026233
        3.8554021000         2.2000000000         1.3046590794         1.7759585179        -0.8517026233
        3.8604209000         2.2000000000         1.3021067526         1.7657510080        -0.9181899476
        3.8654087000         2.2000000000         1.3148683868         1.7734066404        -0.5857533264
        3.8703963000         2.2000000000         1.3123160600         1.7734066404        -0.6522406507
        3.8754100000         2.2000000000         1.3097637331         1.7683028855        -0.7187279749
        3.8803888000         2.2000000000         1.3097637331         1.7631991306        -0.7187279749
        3.8854038000         2.2000000000         1.3046590794         1.7529916207        -0.8517026233
        3.8904098000         2.2000000000         1.3097637331         1.7580953756        -0.7187279749
        3.8953893000         2.2000000000         1.3072114063         1.7504397433        -0.7852152991
        3.9003950000         2.2000000000         1.3097637331         1.7504397433        -0.7187279749
        3.9054057000         2.2000000000         1.3072114063         1.7478878658        -0.7852152991
        3.9104729000         2.2000000000         1.3046590794         1.7427841109        -0.8517026233
        3.9154307000         2.2000000000         1.3021067526         1.7376803560        -0.9181899476
        3.9204166000         2.2000000000         1.3021067526         1.7351284785        -0.9181899476
        3.9253971000         2.2000000000         1.3072114063         1.7376803560        -0.7852152991
        3.9304001000         2.2000000000         1.3072114063         1.7325766011        -0.7852152991
        3.9354139000         2.2000000000         1.3021067526         1.7249209687        -0.9181899476
        3.9403968000         2.2000000000         1.3046590794         1.7300247236        -0.8517026233
        3.9454053000         2.2000000000         1.2995544257         1.7172653363        -0.9846772718
        3.9504039000         2.2000000000         1.2995544257         1.7223690912        -0.9846772718
        3.9553977000         2.2000000000         1.2970020988         1.7121615814        -1.0511645960
        3.9604076000         2.2000000000         1.3021067526         1.7147134588        -0.9181899476
        3.9654218000         2.2000000000         1.2995544257         1.7045059490        -0.9846772718
        3.9704084000         2.2000000000         1.3046590794         1.7019540715        -0.8517026233
        3.9754057000         2.2000000000         1.3301823480         1.7045059490        -0.1868293811
        3.9804000000         2.2000000000         1.3046590794         1.7019540715        -0.8517026233
        3.9853942000         2.2000000000         1.3097637331         1.6968503166        -0.7187279749
        3.9904118000         2.2000000000         1.2995544257         1.6917465617        -0.9846772718
        3.9953923000         2.2000000000         1.3199730405         1.6994021941        -0.4527786780
        4.0004020000         2.2000000000         1.3174207137         1.6968503166        -0.5192660022
