% Motor Sweep Step 64/180
% Vcmd       = 2.1800 [V]
% Direction  = CCW
% Zone       = DEADZONE
% Vg_offset  = 1.336920 [V]
% K_gimbal   = 26.049690 [(rad/s)/V]

Time[s]              Vcmd[V]              Vg_raw[V]            Pot[V]               Omega[rad/s]
        0.0000093000         2.1800000000         1.3429439823         1.7121615814         0.1569100852
        0.0050145000         2.1800000000         1.3403916554         1.7172653363         0.0904227609
        0.0100038000         2.1800000000         1.3403916554         1.7096097039         0.0904227609
        0.0150032000         2.1800000000         1.3506009628         1.7147134588         0.3563720579
        0.0200033000         2.1800000000         1.3429439823         1.7147134588         0.1569100852
        0.0250016000         2.1800000000         1.3403916554         1.7147134588         0.0904227609
        0.0300403000         2.1800000000         1.3403916554         1.7147134588         0.0904227609
        0.0350040000         2.1800000000         1.3352870017         1.7147134588        -0.0425518875
        0.0400043000         2.1800000000         1.2612695229         1.7096097039        -1.9706842901
        0.0450015000         2.1800000000         1.3046590794         1.6994021941        -0.8403997782
        0.0500028000         2.1800000000         1.2970020988         1.6968503166        -1.0398617509
        0.0550027000         2.1800000000         1.2842404646         1.6917465617        -1.3722983720
        0.0600029000         2.1800000000         1.2765834840         1.6840909293        -1.5717603447
        0.0650028000         2.1800000000         1.2893451183         1.6789871744        -1.2393237236
        0.0700029000         2.1800000000         1.2740311571         1.6738834195        -1.6382476689
        0.0750059000         2.1800000000         1.2816881377         1.6687796646        -1.4387856963
        0.0800029000         2.1800000000         1.2918974451         1.6713315420        -1.1728363994
        0.0850029000         2.1800000000         1.2689265034         1.6585721547        -1.7712223174
        0.0900025000         2.1800000000         1.2867927914         1.6585721547        -1.3058110478
        0.0950023000         2.1800000000         1.2867927914         1.6509165224        -1.3058110478
        0.1000023000         2.1800000000         1.2791358108         1.6407090125        -1.5052730205
        0.1050025000         2.1800000000         1.2714788303         1.6279496252        -1.7047349932
        0.1100025000         2.1800000000         1.2816881377         1.6305015027        -1.4387856963
        0.1150012000         2.1800000000         1.2765834840         1.6253977478        -1.5717603447
        0.1200020000         2.1800000000         1.2842404646         1.6253977478        -1.3722983720
        0.1250025000         2.1800000000         1.2765834840         1.6177421154        -1.5717603447
        0.1300023000         2.1800000000         1.2689265034         1.5998789732        -1.7712223174
        0.1350014000         2.1800000000         1.2791358108         1.6024308506        -1.5052730205
        0.1400011000         2.1800000000         1.2689265034         1.5947752183        -1.7712223174
        0.1450010000         2.1800000000         1.2765834840         1.5947752183        -1.5717603447
        0.1500053000         2.1800000000         1.2842404646         1.5820158310        -1.3722983720
        0.1550013000         2.1800000000         1.2740311571         1.5692564437        -1.6382476689
        0.1600013000         2.1800000000         1.2765834840         1.5641526888        -1.5717603447
        0.1650012000         2.1800000000         1.2740311571         1.5590489338        -1.6382476689
        0.1700011000         2.1800000000         1.2791358108         1.5616008113        -1.5052730205
        0.1750010000         2.1800000000         1.2816881377         1.5564970564        -1.4387856963
        0.1800011000         2.1800000000         1.2842404646         1.5564970564        -1.3722983720
        0.1850010000         2.1800000000         1.2740311571         1.5411857916        -1.6382476689
        0.1900012000         2.1800000000         1.2689265034         1.5309782818        -1.7712223174
        0.1950010000         2.1800000000         1.2714788303         1.5258745269        -1.7047349932
        0.2000011000         2.1800000000         1.2740311571         1.5233226494        -1.6382476689
        0.2050011000         2.1800000000         1.2638218497         1.5182188945        -1.9041969659
        0.2100020000         2.1800000000         1.2816881377         1.5156670170        -1.4387856963
        0.2150026000         2.1800000000         1.2740311571         1.5054595072        -1.6382476689
        0.2200022000         2.1800000000         1.2714788303         1.4927001199        -1.7047349932
        0.2250022000         2.1800000000         1.2867927914         1.5003557523        -1.3058110478
        0.2300012000         2.1800000000         1.2816881377         1.4850444875        -1.4387856963
        0.2350011000         2.1800000000         1.2842404646         1.4875963650        -1.3722983720
        0.2400012000         2.1800000000         1.2740311571         1.4748369777        -1.6382476689
        0.2450012000         2.1800000000         1.2842404646         1.4697332228        -1.3722983720
        0.2500020000         2.1800000000         1.2765834840         1.4620775904        -1.5717603447
        0.2550014000         2.1800000000         1.2816881377         1.4595257129        -1.4387856963
        0.2600023000         2.1800000000         1.2689265034         1.4518700806        -1.7712223174
        0.2650011000         2.1800000000         1.2765834840         1.4467663256        -1.5717603447
        0.2700014000         2.1800000000         1.2689265034         1.4391106933        -1.7712223174
        0.2750016000         2.1800000000         1.2816881377         1.4365588158        -1.4387856963
        0.2800016000         2.1800000000         1.2842404646         1.4237994285        -1.3722983720
        0.2850010000         2.1800000000         1.2842404646         1.4263513060        -1.3722983720
        0.2900013000         2.1800000000         1.2765834840         1.4237994285        -1.5717603447
        0.2950010000         2.1800000000         1.2893451183         1.4186956736        -1.2393237236
        0.3000010000         2.1800000000         1.2765834840         1.4008325314        -1.5717603447
        0.3050013000         2.1800000000         1.2918974451         1.4059362863        -1.1728363994
        0.3100021000         2.1800000000         1.2816881377         1.3957287765        -1.4387856963
        0.3150012000         2.1800000000         1.2791358108         1.3880731441        -1.5052730205
        0.3200026000         2.1800000000         1.2816881377         1.3855212666        -1.4387856963
        0.3250049000         2.1800000000         1.2842404646         1.3829693892        -1.3722983720
        0.3300014000         2.1800000000         1.2842404646         1.3804175117        -1.3722983720
        0.3350015000         2.1800000000         1.2816881377         1.3727618793        -1.4387856963
        0.3400025000         2.1800000000         1.2816881377         1.3625543695        -1.4387856963
        0.3450012000         2.1800000000         1.2867927914         1.3651062470        -1.3058110478
        0.3500014000         2.1800000000         1.2816881377         1.3523468597        -1.4387856963
        0.3550012000         2.1800000000         1.2816881377         1.3472431047        -1.4387856963
        0.3600011000         2.1800000000         1.2842404646         1.3421393498        -1.3722983720
        0.3650011000         2.1800000000         1.2791358108         1.3370355949        -1.5052730205
        0.3700023000         2.1800000000         1.2765834840         1.3268280851        -1.5717603447
        0.3750030000         2.1800000000         1.2816881377         1.3268280851        -1.4387856963
        0.3800035000         2.1800000000         1.2867927914         1.3217243302        -1.3058110478
        0.3850013000         2.1800000000         1.2714788303         1.3089649429        -1.7047349932
        0.3900039000         2.1800000000         1.2867927914         1.3166205752        -1.3058110478
        0.3950013000         2.1800000000         1.2842404646         1.3115168203        -1.3722983720
        0.4000023000         2.1800000000         1.2867927914         1.3038611879        -1.3058110478
        0.4050029000         2.1800000000         1.2689265034         1.2936536781        -1.7712223174
        0.4100020000         2.1800000000         1.2867927914         1.2911018006        -1.3058110478
        0.4150014000         2.1800000000         1.2842404646         1.2859980457        -1.3722983720
        0.4200014000         2.1800000000         1.2765834840         1.2681349035        -1.5717603447
        0.4250011000         2.1800000000         1.2740311571         1.2706867810        -1.6382476689
        0.4300019000         2.1800000000         1.2893451183         1.2706867810        -1.2393237236
        0.4350012000         2.1800000000         1.2765834840         1.2579273937        -1.5717603447
        0.4400017000         2.1800000000         1.2816881377         1.2528236388        -1.4387856963
        0.4450016000         2.1800000000         1.2714788303         1.2400642515        -1.7047349932
        0.4500030000         2.1800000000         1.2867927914         1.2502717613        -1.3058110478
        0.4550014000         2.1800000000         1.2816881377         1.2400642515        -1.4387856963
        0.4600016000         2.1800000000         1.2867927914         1.2375123740        -1.3058110478
        0.4650022000         2.1800000000         1.2842404646         1.2273048642        -1.3722983720
        0.4700013000         2.1800000000         1.2740311571         1.2196492318        -1.6382476689
        0.4750013000         2.1800000000         1.2791358108         1.2170973543        -1.5052730205
        0.4800033000         2.1800000000         1.2765834840         1.2068898445        -1.5717603447
        0.4850025000         2.1800000000         1.2791358108         1.2017860896        -1.5052730205
        0.4900017000         2.1800000000         1.2740311571         1.1966823347        -1.6382476689
        0.4950010000         2.1800000000         1.2816881377         1.1915785797        -1.4387856963
        0.5000081000         2.1800000000         1.2765834840         1.1864748248        -1.5717603447
        0.5050020000         2.1800000000         1.2765834840         1.1788191925        -1.5717603447
        0.5100012000         2.1800000000         1.2842404646         1.1737154375        -1.3722983720
        0.5150012000         2.1800000000         1.2740311571         1.1686116826        -1.6382476689
        0.5200011000         2.1800000000         1.2765834840         1.1584041728        -1.5717603447
        0.5250013000         2.1800000000         1.2842404646         1.1609560502        -1.3722983720
        0.5300024000         2.1800000000         1.2867927914         1.1584041728        -1.3058110478
        0.5350012000         2.1800000000         1.2765834840         1.1379891531        -1.5717603447
        0.5400012000         2.1800000000         1.2740311571         1.1328853982        -1.6382476689
        0.5450011000         2.1800000000         1.2893451183         1.1405410306        -1.2393237236
        0.5500010000         2.1800000000         1.2842404646         1.1354372756        -1.3722983720
        0.5550016000         2.1800000000         1.2842404646         1.1226778884        -1.3722983720
        0.5600016000         2.1800000000         1.2740311571         1.1099185011        -1.6382476689
        0.5650010000         2.1800000000         1.2765834840         1.1073666236        -1.5717603447
        0.5700011000         2.1800000000         1.2765834840         1.0997109912        -1.5717603447
        0.5750023000         2.1800000000         1.2842404646         1.1022628687        -1.3722983720
        0.5800012000         2.1800000000         1.2918974451         1.0971591138        -1.1728363994
        0.5850012000         2.1800000000         1.2791358108         1.0920553588        -1.5052730205
        0.5900029000         2.1800000000         1.2867927914         1.0920553588        -1.3058110478
        0.5950040000         2.1800000000         1.2765834840         1.0792959716        -1.5717603447
        0.6000013000         2.1800000000         1.2842404646         1.0741922166        -1.3722983720
        0.6050011000         2.1800000000         1.2791358108         1.0639847068        -1.5052730205
        0.6100011000         2.1800000000         1.2816881377         1.0588809519        -1.4387856963
        0.6150013000         2.1800000000         1.2791358108         1.0563290744        -1.5052730205
        0.6200011000         2.1800000000         1.2893451183         1.0563290744        -1.2393237236
        0.6250031000         2.1800000000         1.2842404646         1.0435696871        -1.3722983720
        0.6300021000         2.1800000000         1.2765834840         1.0333621773        -1.5717603447
        0.6350020000         2.1800000000         1.2740311571         1.0308102998        -1.6382476689
        0.6400012000         2.1800000000         1.2842404646         1.0231546675        -1.3722983720
        0.6450010000         2.1800000000         1.2791358108         1.0231546675        -1.5052730205
        0.6500012000         2.1800000000         1.2816881377         1.0180509125        -1.4387856963
        0.6550012000         2.1800000000         1.2791358108         1.0129471576        -1.5052730205
        0.6600011000         2.1800000000         1.2842404646         1.0052915252        -1.3722983720
        0.6650019000         2.1800000000         1.2816881377         1.0052915252        -1.4387856963
        0.6700015000         2.1800000000         1.2842404646         1.0001877703        -1.3722983720
        0.6750011000         2.1800000000         1.2689265034         0.9925321379        -1.7712223174
        0.6800012000         2.1800000000         1.2791358108         0.9823246281        -1.5052730205
        0.6850012000         2.1800000000         1.2714788303         0.9695652408        -1.7047349932
        0.6900011000         2.1800000000         1.2842404646         0.9772208732        -1.3722983720
        0.6950020000         2.1800000000         1.2740311571         0.9568058535        -1.6382476689
        0.7000013000         2.1800000000         1.2791358108         0.9593577310        -1.5052730205
        0.7050013000         2.1800000000         1.2765834840         0.9517020986        -1.5717603447
        0.7100011000         2.1800000000         1.2663741766         0.9389427113        -1.8377096416
        0.7150027000         2.1800000000         1.2791358108         0.9414945888        -1.5052730205
        0.7200024000         2.1800000000         1.2714788303         0.9287352015        -1.7047349932
        0.7250023000         2.1800000000         1.2791358108         0.9287352015        -1.5052730205
        0.7300020000         2.1800000000         1.2663741766         0.9159758142        -1.8377096416
        0.7350013000         2.1800000000         1.2816881377         0.9108720593        -1.4387856963
        0.7400012000         2.1800000000         1.2765834840         0.9032164269        -1.5717603447
        0.7450018000         2.1800000000         1.2740311571         0.9032164269        -1.6382476689
        0.7500025000         2.1800000000         1.2740311571         0.8981126720        -1.6382476689
        0.7550016000         2.1800000000         1.2816881377         0.8981126720        -1.4387856963
        0.7600021000         2.1800000000         1.2842404646         0.8930089170        -1.3722983720
        0.7650012000         2.1800000000         1.2842404646         0.8879051621        -1.3722983720
        0.7700012000         2.1800000000         1.2791358108         0.8751457748        -1.5052730205
        0.7750012000         2.1800000000         1.2689265034         0.8674901425        -1.7712223174
        0.7800010000         2.1800000000         1.2816881377         0.8623863875        -1.4387856963
        0.7850010000         2.1800000000         1.2816881377         0.8623863875        -1.4387856963
        0.7900011000         2.1800000000         1.2816881377         0.8572826326        -1.4387856963
        0.7950010000         2.1800000000         1.2791358108         0.8496270002        -1.5052730205
        0.8000011000         2.1800000000         1.2689265034         0.8292119806        -1.7712223174
        0.8050015000         2.1800000000         1.2842404646         0.8343157355        -1.3722983720
        0.8100010000         2.1800000000         1.2689265034         0.8190044707        -1.7712223174
        0.8150375000         2.1800000000         1.2689265034         0.8139007158        -1.7712223174
        0.8200046000         2.1800000000         1.2689265034         0.8062450834        -1.7712223174
        0.8250038000         2.1800000000         1.2867927914         0.8036932060        -1.3058110478
        0.8300016000         2.1800000000         1.2791358108         0.8011413285        -1.5052730205
        0.8350026000         2.1800000000         1.2663741766         0.7883819412        -1.8377096416
        0.8400033000         2.1800000000         1.2842404646         0.7883819412        -1.3722983720
        0.8450032000         2.1800000000         1.2740311571         0.7807263088        -1.6382476689
        0.8500022000         2.1800000000         1.2740311571         0.7730706765        -1.6382476689
        0.8550023000         2.1800000000         1.2816881377         0.7730706765        -1.4387856963
        0.8600011000         2.1800000000         1.2740311571         0.7654150441        -1.6382476689
        0.8650011000         2.1800000000         1.2638218497         0.7475519019        -1.9041969659
        0.8700011000         2.1800000000         1.2842404646         0.7526556568        -1.3722983720
        0.8750029000         2.1800000000         1.2689265034         0.7347925146        -1.7712223174
        0.8800031000         2.1800000000         1.2714788303         0.7373443920        -1.7047349932
        0.8850014000         2.1800000000         1.2689265034         0.7296887597        -1.7712223174
        0.8900013000         2.1800000000         1.2765834840         0.7194812498        -1.5717603447
        0.8950012000         2.1800000000         1.2791358108         0.7245850047        -1.5052730205
        0.9000031000         2.1800000000         1.2663741766         0.7067218625        -1.8377096416
        0.9050012000         2.1800000000         1.2740311571         0.7041699851        -1.6382476689
        0.9100022000         2.1800000000         1.2791358108         0.7041699851        -1.5052730205
        0.9150013000         2.1800000000         1.2791358108         0.6965143527        -1.5052730205
        0.9200015000         2.1800000000         1.2765834840         0.6837549654        -1.5717603447
        0.9250063000         2.1800000000         1.2587171960         0.6709955781        -2.0371716143
        0.9300031000         2.1800000000         1.2791358108         0.6760993330        -1.5052730205
        0.9350024000         2.1800000000         1.2714788303         0.6582361908        -1.7047349932
        0.9400017000         2.1800000000         1.2765834840         0.6582361908        -1.5717603447
        0.9450025000         2.1800000000         1.2714788303         0.6480286810        -1.7047349932
        0.9500015000         2.1800000000         1.2612695229         0.6378211711        -1.9706842901
        0.9550012000         2.1800000000         1.2740311571         0.6429249261        -1.6382476689
        0.9600025000         2.1800000000         1.2714788303         0.6250617838        -1.7047349932
        0.9650023000         2.1800000000         1.2663741766         0.6199580289        -1.8377096416
        0.9700021000         2.1800000000         1.2714788303         0.6174061515        -1.7047349932
        0.9750015000         2.1800000000         1.2663741766         0.6097505191        -1.8377096416
        0.9800016000         2.1800000000         1.2740311571         0.6046467642        -1.6382476689
        0.9850011000         2.1800000000         1.2689265034         0.5969911318        -1.7712223174
        0.9900023000         2.1800000000         1.2689265034         0.5893354994        -1.7712223174
        0.9950013000         2.1800000000         1.2689265034         0.5816798670        -1.7712223174
        1.0000032000         2.1800000000         1.2765834840         0.5816798670        -1.5717603447
        1.0050014000         2.1800000000         1.2638218497         0.5714723572        -1.9041969659
        1.0100013000         2.1800000000         1.2740311571         0.5638167248        -1.6382476689
        1.0150012000         2.1800000000         1.2638218497         0.5561610925        -1.9041969659
        1.0200017000         2.1800000000         1.2689265034         0.5485054601        -1.7712223174
        1.0250012000         2.1800000000         1.2663741766         0.5408498277        -1.8377096416
        1.0300011000         2.1800000000         1.2740311571         0.5357460728        -1.6382476689
        1.0350019000         2.1800000000         1.2561648691         0.5229866855        -2.1036589385
        1.0400023000         2.1800000000         1.2765834840         0.5255385629        -1.5717603447
        1.0450012000         2.1800000000         1.2714788303         0.5178829306        -1.7047349932
        1.0500011000         2.1800000000         1.2663741766         0.5025716658        -1.8377096416
        1.0550012000         2.1800000000         1.2740311571         0.5051235433        -1.6382476689
        1.0600010000         2.1800000000         1.2689265034         0.4923641560        -1.7712223174
        1.0650020000         2.1800000000         1.2689265034         0.4796047687        -1.7712223174
        1.0700012000         2.1800000000         1.2689265034         0.4796047687        -1.7712223174
        1.0750035000         2.1800000000         1.2663741766         0.4693972588        -1.8377096416
        1.0800010000         2.1800000000         1.2765834840         0.4719491363        -1.5717603447
        1.0850011000         2.1800000000         1.2689265034         0.4566378716        -1.7712223174
        1.0900028000         2.1800000000         1.2612695229         0.4438784843        -1.9706842901
        1.0950012000         2.1800000000         1.2689265034         0.4387747293        -1.7712223174
        1.1000011000         2.1800000000         1.2612695229         0.4285672195        -1.9706842901
        1.1050011000         2.1800000000         1.2689265034         0.4311190970        -1.7712223174
        1.1100010000         2.1800000000         1.2740311571         0.4260153420        -1.6382476689
        1.1150014000         2.1800000000         1.2689265034         0.4132559548        -1.7712223174
        1.1200013000         2.1800000000         1.2663741766         0.4030484449        -1.8377096416
        1.1250022000         2.1800000000         1.2714788303         0.4107040773        -1.7047349932
        1.1300013000         2.1800000000         1.2663741766         0.3902890576        -1.8377096416
        1.1350013000         2.1800000000         1.2714788303         0.3877371802        -1.7047349932
        1.1400011000         2.1800000000         1.2689265034         0.3826334252        -1.7712223174
        1.1450018000         2.1800000000         1.2714788303         0.3775296703        -1.7047349932
        1.1500012000         2.1800000000         1.2791358108         0.3749777929        -1.5052730205
        1.1550015000         2.1800000000         1.2638218497         0.3571146507        -1.9041969659
        1.1600019000         2.1800000000         1.2765834840         0.3596665281        -1.5717603447
        1.1650016000         2.1800000000         1.2587171960         0.3469071408        -2.0371716143
        1.1700011000         2.1800000000         1.2689265034         0.3418033859        -1.7712223174
        1.1750019000         2.1800000000         1.2740311571         0.3341477535        -1.6382476689
        1.1800012000         2.1800000000         1.2612695229         0.3188364888        -1.9706842901
        1.1850014000         2.1800000000         1.2740311571         0.3213883662        -1.6382476689
        1.1900011000         2.1800000000         1.2791358108         0.3162846113        -1.5052730205
        1.1950010000         2.1800000000         1.2689265034         0.3111808564        -1.7712223174
        1.2000011000         2.1800000000         1.2689265034         0.3009733466        -1.7712223174
        1.2050011000         2.1800000000         1.2638218497         0.2856620818        -1.9041969659
        1.2100010000         2.1800000000         1.2587171960         0.2780064494        -2.0371716143
        1.2150025000         2.1800000000         1.2638218497         0.2703508170        -1.9041969659
        1.2200015000         2.1800000000         1.2612695229         0.2652470621        -1.9706842901
        1.2250039000         2.1800000000         1.2689265034         0.2601433072        -1.7712223174
        1.2300010000         2.1800000000         1.2689265034         0.2550395523        -1.7712223174
        1.2350011000         2.1800000000         1.2714788303         0.2499357974        -1.7047349932
        1.2400010000         2.1800000000         1.2638218497         0.2346245326        -1.9041969659
        1.2450012000         2.1800000000         1.2765834840         0.2397282875        -1.5717603447
        1.2500021000         2.1800000000         1.2740311571         0.2295207777        -1.6382476689
        1.2550014000         2.1800000000         1.2689265034         0.2193132679        -1.7712223174
        1.2600012000         2.1800000000         1.2689265034         0.2091057580        -1.7712223174
        1.2650022000         2.1800000000         1.2689265034         0.2065538806        -1.7712223174
        1.2700013000         2.1800000000         1.2587171960         0.1963463707        -2.0371716143
        1.2750022000         2.1800000000         1.2587171960         0.1835869834        -2.0371716143
        1.2800013000         2.1800000000         1.2612695229         0.1810351060        -1.9706842901
        1.2850330000         2.1800000000         1.2638218497         0.1657238412        -1.9041969659
        1.2900028000         2.1800000000         1.2638218497         0.1631719638        -1.9041969659
        1.2950016000         2.1800000000         1.2663741766         0.1580682088        -1.8377096416
        1.3000010000         2.1800000000         1.2663741766         0.1529644539        -1.8377096416
        1.3050015000         2.1800000000         1.2689265034         0.1529644539        -1.7712223174
        1.3100010000         2.1800000000         1.2663741766         0.1376531892        -1.8377096416
        1.3150011000         2.1800000000         1.2740311571         0.1274456793        -1.6382476689
        1.3200010000         2.1800000000         1.2638218497         0.1197900470        -1.9041969659
        1.3250023000         2.1800000000         1.2638218497         0.1172381695        -1.9041969659
        1.3300013000         2.1800000000         1.2638218497         0.1044787822        -1.9041969659
        1.3350369000         2.1800000000         1.2689265034         0.1019269048        -1.7712223174
        1.3400022000         2.1800000000         1.2612695229         0.0866156400        -1.9706842901
        1.3450013000         2.1800000000         1.2536125423         0.0764081302        -2.1701462628
        1.3500019000         2.1800000000         1.2561648691         0.0687524978        -2.1036589385
        1.3550013000         2.1800000000         1.2663741766         0.0662006203        -1.8377096416
        1.3600016000         2.1800000000         1.2740311571         0.0636487429        -1.6382476689
        1.3650012000         2.1800000000         1.2740311571         0.0559931105        -1.6382476689
        1.3700012000         2.1800000000         1.2714788303         0.0483374781        -1.7047349932
        1.3750021000         2.1800000000         1.2689265034         0.0432337232        -1.7712223174
        1.3800019000         2.1800000000         1.2740311571         0.0355780908        -1.6382476689
        1.3850013000         2.1800000000         1.2663741766         0.0228187035        -1.8377096416
        1.3900011000         2.1800000000         1.2638218497         0.0177149486        -1.9041969659
        1.3950012000         2.1800000000         1.2714788303         0.0126111937        -1.7047349932
        1.4000024000         2.1800000000         1.2740311571         0.0126111937        -1.6382476689
        1.4050013000         2.1800000000         1.2561648691         0.0024036839        -2.1036589385
        1.4100016000         2.1800000000         1.2689265034         0.0075074388        -1.7712223174
        1.4150011000         2.1800000000         1.2740311571         0.0049555613        -1.6382476689
        1.4200015000         2.1800000000         1.2663741766         0.0024036839        -1.8377096416
        1.4250010000         2.1800000000         1.2663741766        -0.0001481936        -1.8377096416
        1.4300012000         2.1800000000         1.2587171960        -0.0052519485        -2.0371716143
        1.4350010000         2.1800000000         1.2638218497         0.0024036839        -1.9041969659
        1.4400012000         2.1800000000         1.2663741766         0.0024036839        -1.8377096416
        1.4450011000         2.1800000000         1.2714788303         0.0075074388        -1.7047349932
        1.4500012000         2.1800000000         1.2689265034         0.0024036839        -1.7712223174
        1.4550011000         2.1800000000         1.2740311571         0.0100593162        -1.6382476689
        1.4600016000         2.1800000000         1.2663741766         0.0024036839        -1.8377096416
        1.4650025000         2.1800000000         1.2638218497        -0.0027000711        -1.9041969659
        1.4700038000         2.1800000000         1.2689265034         0.0049555613        -1.7712223174
        1.4750014000         2.1800000000         1.2612695229        -0.0001481936        -1.9706842901
        1.4800027000         2.1800000000         1.2714788303         0.0100593162        -1.7047349932
        1.4850013000         2.1800000000         1.2689265034         1.1175741334        -1.7712223174
        1.4900011000         2.1800000000         1.2689265034         1.1201260109        -1.7712223174
        1.4950012000         2.1800000000         1.2638218497         1.0971591138        -1.9041969659
        1.5000027000         2.1800000000         1.2740311571         1.1201260109        -1.6382476689
        1.5050014000         2.1800000000         1.2587171960         1.1099185011        -2.0371716143
        1.5100015000         2.1800000000         1.2638218497         1.1073666236        -1.9041969659
        1.5150011000         2.1800000000         1.2587171960         1.1073666236        -2.0371716143
        1.5200015000         2.1800000000         1.2612695229         1.1124703785        -1.9706842901
        1.5250012000         2.1800000000         1.2612695229         5.0040835035        -1.9706842901
        1.5300029000         2.1800000000         1.2561648691         4.9964278711        -2.1036589385
        1.5350013000         2.1800000000         1.2638218497         4.9964278711        -1.9041969659
        1.5400013000         2.1800000000         1.2561648691         4.9989797486        -2.1036589385
        1.5450012000         2.1800000000         1.2612695229         4.9989797486        -1.9706842901
        1.5500011000         2.1800000000         1.2561648691         5.0015316260        -2.1036589385
        1.5550012000         2.1800000000         1.2561648691         5.0015316260        -2.1036589385
        1.5600011000         2.1800000000         1.2587171960         4.9989797486        -2.0371716143
        1.5650022000         2.1800000000         1.2689265034         5.0066353810        -1.7712223174
        1.5700013000         2.1800000000         1.2714788303         5.0040835035        -1.7047349932
        1.5750013000         2.1800000000         1.2663741766         5.0117391359        -1.8377096416
        1.5800011000         2.1800000000         1.2765834840         5.0117391359        -1.5717603447
        1.5850019000         2.1800000000         1.2714788303         5.0142910133        -1.7047349932
        1.5900024000         2.1800000000         1.2663741766         5.0066353810        -1.8377096416
        1.5950039000         2.1800000000         1.2638218497         4.9989797486        -1.9041969659
        1.6000011000         2.1800000000         1.2638218497         5.0066353810        -1.9041969659
        1.6050010000         2.1800000000         1.2612695229         4.9989797486        -1.9706842901
        1.6100017000         2.1800000000         1.2714788303         5.0015316260        -1.7047349932
        1.6150011000         2.1800000000         1.2740311571         4.9938759937        -1.6382476689
        1.6200011000         2.1800000000         1.2740311571         4.9938759937        -1.6382476689
        1.6250024000         2.1800000000         1.2714788303         4.9836684838        -1.7047349932
        1.6300014000         2.1800000000         1.2689265034         4.9760128515        -1.7712223174
        1.6350012000         2.1800000000         1.2714788303         4.9760128515        -1.7047349932
        1.6400016000         2.1800000000         1.2689265034         4.9632534642        -1.7712223174
        1.6450013000         2.1800000000         1.2663741766         4.9530459543        -1.8377096416
        1.6500011000         2.1800000000         1.2740311571         4.9504940769        -1.6382476689
        1.6550011000         2.1800000000         1.2765834840         4.9428384445        -1.5717603447
        1.6600013000         2.1800000000         1.2740311571         4.9402865670        -1.6382476689
        1.6650012000         2.1800000000         1.2714788303         4.9300790572        -1.7047349932
        1.6700012000         2.1800000000         1.2714788303         4.9224234248        -1.7047349932
        1.6750010000         2.1800000000         1.2740311571         4.9147677924        -1.6382476689
        1.6800017000         2.1800000000         1.2638218497         4.9071121601        -1.9041969659
        1.6850011000         2.1800000000         1.2638218497         4.8918008953        -1.9041969659
        1.6900018000         2.1800000000         1.2612695229         4.8866971404        -1.9706842901
        1.6950012000         2.1800000000         1.2689265034         4.8866971404        -1.7712223174
        1.7000012000         2.1800000000         1.2638218497         4.8790415080        -1.9041969659
        1.7050011000         2.1800000000         1.2740311571         4.8739377531        -1.6382476689
        1.7100015000         2.1800000000         1.2740311571         4.8637302433        -1.6382476689
        1.7150023000         2.1800000000         1.2714788303         4.8586264883        -1.7047349932
        1.7200015000         2.1800000000         1.2714788303         4.8535227334        -1.7047349932
        1.7250012000         2.1800000000         1.2714788303         4.8433152236        -1.7047349932
        1.7300020000         2.1800000000         1.2740311571         4.8407633461        -1.6382476689
        1.7350013000         2.1800000000         1.2638218497         4.8331077137        -1.9041969659
        1.7400015000         2.1800000000         1.2638218497         4.8177964490        -1.9041969659
        1.7450025000         2.1800000000         1.2714788303         4.8126926941        -1.7047349932
        1.7500028000         2.1800000000         1.2536125423         4.7973814293        -2.1701462628
        1.7550017000         2.1800000000         1.2689265034         4.7973814293        -1.7712223174
        1.7600025000         2.1800000000         1.2587171960         4.7846220420        -2.0371716143
        1.7650012000         2.1800000000         1.2638218497         4.7744145322        -1.9041969659
        1.7700019000         2.1800000000         1.2612695229         4.7718626547        -1.9706842901
        1.7750013000         2.1800000000         1.2638218497         4.7667588998        -1.9041969659
        1.7800021000         2.1800000000         1.2587171960         4.7539995125        -2.0371716143
        1.7850011000         2.1800000000         1.2689265034         4.7565513900        -1.7712223174
        1.7900012000         2.1800000000         1.2689265034         4.7514476351        -1.7712223174
        1.7950010000         2.1800000000         1.2714788303         4.7412401252        -1.7047349932
        1.8000022000         2.1800000000         1.2587171960         4.7208251056        -2.0371716143
        1.8050048000         2.1800000000         1.2689265034         4.7233769830        -1.7712223174
        1.8100032000         2.1800000000         1.2587171960         4.7157213506        -2.0371716143
        1.8150018000         2.1800000000         1.2765834840         4.7106175957        -1.5717603447
        1.8200020000         2.1800000000         1.2638218497         4.7029619633        -1.9041969659
        1.8250025000         2.1800000000         1.2689265034         4.6876506986        -1.7712223174
        1.8300011000         2.1800000000         1.2587171960         4.6825469437        -2.0371716143
        1.8350010000         2.1800000000         1.2638218497         4.6723394338        -1.9041969659
        1.8400029000         2.1800000000         1.2612695229         4.6646838015        -1.9706842901
        1.8450024000         2.1800000000         1.2536125423         4.6646838015        -2.1701462628
        1.8500013000         2.1800000000         1.2638218497         4.6570281691        -1.9041969659
        1.8550010000         2.1800000000         1.2612695229         4.6493725367        -1.9706842901
        1.8600021000         2.1800000000         1.2689265034         4.6493725367        -1.7712223174
        1.8650012000         2.1800000000         1.2663741766         4.6391650269        -1.8377096416
        1.8700011000         2.1800000000         1.2765834840         4.6315093945        -1.5717603447
        1.8750025000         2.1800000000         1.2663741766         4.6187500072        -1.8377096416
        1.8800013000         2.1800000000         1.2561648691         4.6136462523        -2.1036589385
        1.8850037000         2.1800000000         1.2638218497         4.6059906199        -1.9041969659
        1.8900013000         2.1800000000         1.2689265034         4.6034387424        -1.7712223174
        1.8950013000         2.1800000000         1.2638218497         4.5957831101        -1.9041969659
        1.9000012000         2.1800000000         1.2663741766         4.5830237228        -1.8377096416
        1.9050012000         2.1800000000         1.2638218497         4.5753680904        -1.9041969659
        1.9100023000         2.1800000000         1.2663741766         4.5677124580        -1.8377096416
        1.9150013000         2.1800000000         1.2587171960         4.5600568256        -2.0371716143
        1.9200011000         2.1800000000         1.2638218497         4.5498493158        -1.9041969659
        1.9250011000         2.1800000000         1.2714788303         4.5472974383        -1.7047349932
        1.9300024000         2.1800000000         1.2689265034         4.5421936834        -1.7712223174
        1.9350012000         2.1800000000         1.2663741766         4.5319861736        -1.8377096416
        1.9400012000         2.1800000000         1.2663741766         4.5217786637        -1.8377096416
        1.9450020000         2.1800000000         1.2740311571         4.5217786637        -1.6382476689
        1.9500016000         2.1800000000         1.2689265034         4.5090192765        -1.7712223174
        1.9550011000         2.1800000000         1.2638218497         4.4988117666        -1.9041969659
        1.9600011000         2.1800000000         1.2638218497         4.4860523793        -1.9041969659
        1.9650031000         2.1800000000         1.2612695229         4.4783967469        -1.9706842901
        1.9700020000         2.1800000000         1.2663741766         4.4732929920        -1.8377096416
        1.9750011000         2.1800000000         1.2714788303         4.4732929920        -1.7047349932
        1.9800032000         2.1800000000         1.2638218497         4.4656373597        -1.9041969659
        1.9850021000         2.1800000000         1.2612695229         4.4579817273        -1.9706842901
        1.9900127000         2.1800000000         1.2740311571         4.4528779724        -1.6382476689
        1.9950014000         2.1800000000         1.2740311571         4.4452223400        -1.6382476689
        2.0000039000         2.1800000000         1.2638218497         4.4324629527        -1.9041969659
        2.0050018000         2.1800000000         1.2587171960         4.4248073203        -2.0371716143
        2.0100020000         2.1800000000         1.2663741766         4.4248073203        -1.8377096416
        2.0150012000         2.1800000000         1.2765834840         4.4222554428        -1.5717603447
        2.0200030000         2.1800000000         1.2638218497         4.4094960556        -1.9041969659
        2.0250013000         2.1800000000         1.2791358108         4.4018404232        -1.5052730205
        2.0300012000         2.1800000000         1.2689265034         4.3916329133        -1.7712223174
        2.0350034000         2.1800000000         1.2663741766         4.3865291584        -1.8377096416
        2.0400023000         2.1800000000         1.2714788303         4.3839772810        -1.7047349932
        2.0450015000         2.1800000000         1.2612695229         4.3686660162        -1.9706842901
        2.0500022000         2.1800000000         1.2638218497         4.3584585064        -1.9041969659
        2.0550014000         2.1800000000         1.2485078886         4.3610103838        -2.3031209112
        2.0600011000         2.1800000000         1.2765834840         4.3584585064        -1.5717603447
        2.0650034000         2.1800000000         1.2638218497         4.3456991191        -1.9041969659
        2.0700035000         2.1800000000         1.2765834840         4.3431472416        -1.5717603447
        2.0750014000         2.1800000000         1.2740311571         4.3380434867        -1.6382476689
        2.0800011000         2.1800000000         1.2689265034         4.3201803445        -1.7712223174
        2.0850015000         2.1800000000         1.2663741766         4.3125247121        -1.8377096416
        2.0900030000         2.1800000000         1.2714788303         4.3125247121        -1.7047349932
        2.0950023000         2.1800000000         1.2638218497         4.2997653248        -1.9041969659
        2.1000015000         2.1800000000         1.2714788303         4.2997653248        -1.7047349932
        2.1050011000         2.1800000000         1.2663741766         4.2921096924        -1.8377096416
        2.1100011000         2.1800000000         1.2765834840         4.2921096924        -1.5717603447
        2.1150010000         2.1800000000         1.2689265034         4.2767984277        -1.7712223174
        2.1200016000         2.1800000000         1.2689265034         4.2716946728        -1.7712223174
        2.1250023000         2.1800000000         1.2587171960         4.2589352855        -2.0371716143
        2.1300019000         2.1800000000         1.2791358108         4.2589352855        -1.5052730205
        2.1350012000         2.1800000000         1.2714788303         4.2487277756        -1.7047349932
        2.1400015000         2.1800000000         1.2791358108         4.2487277756        -1.5052730205
        2.1450011000         2.1800000000         1.2740311571         4.2359683883        -1.6382476689
        2.1500022000         2.1800000000         1.2689265034         4.2232090010        -1.7712223174
        2.1550012000         2.1800000000         1.2663741766         4.2206571236        -1.8377096416
        2.1600021000         2.1800000000         1.2638218497         4.2206571236        -1.9041969659
        2.1650014000         2.1800000000         1.2714788303         4.2155533687        -1.7047349932
        2.1700014000         2.1800000000         1.2765834840         4.2130014912        -1.5717603447
        2.1750011000         2.1800000000         1.2765834840         4.2053458588        -1.5717603447
        2.1800014000         2.1800000000         1.2612695229         4.1925864715        -1.9706842901
        2.1850042000         2.1800000000         1.2663741766         4.1772752068        -1.8377096416
        2.1900034000         2.1800000000         1.2714788303         4.1798270842        -1.7047349932
        2.1950033000         2.1800000000         1.2791358108         4.1772752068        -1.5052730205
        2.2000036000         2.1800000000         1.2714788303         4.1696195744        -1.7047349932
        2.2050038000         2.1800000000         1.2714788303         4.1568601871        -1.7047349932
        2.2100034000         2.1800000000         1.2689265034         4.1415489224        -1.7712223174
        2.2150028000         2.1800000000         1.2612695229         4.1389970449        -1.9706842901
        2.2200017000         2.1800000000         1.2638218497         4.1389970449        -1.9041969659
        2.2250045000         2.1800000000         1.2638218497         4.1211339027        -1.9041969659
        2.2300039000         2.1800000000         1.2587171960         4.1160301478        -2.0371716143
        2.2350035000         2.1800000000         1.2714788303         4.1211339027        -1.7047349932
        2.2400031000         2.1800000000         1.2638218497         4.1032707605        -1.9041969659
        2.2450020000         2.1800000000         1.2638218497         4.1007188830        -1.9041969659
        2.2500049000         2.1800000000         1.2714788303         4.0956151281        -1.7047349932
        2.2550019000         2.1800000000         1.2765834840         4.0981670056        -1.5717603447
        2.2600020000         2.1800000000         1.2714788303         4.0828557408        -1.7047349932
        2.2650024000         2.1800000000         1.2638218497         4.0777519859        -1.9041969659
        2.2700035000         2.1800000000         1.2638218497         4.0649925986        -1.9041969659
        2.2750015000         2.1800000000         1.2663741766         4.0573369662        -1.8377096416
        2.2800013000         2.1800000000         1.2740311571         4.0547850888        -1.6382476689
        2.2850046000         2.1800000000         1.2638218497         4.0471294564        -1.9041969659
        2.2900034000         2.1800000000         1.2663741766         4.0420257015        -1.8377096416
        2.2950026000         2.1800000000         1.2765834840         4.0394738240        -1.5717603447
        2.3000019000         2.1800000000         1.2740311571         4.0318181916        -1.6382476689
        2.3050012000         2.1800000000         1.2740311571         4.0241625592        -1.6382476689
        2.3100019000         2.1800000000         1.2638218497         4.0088512945        -1.9041969659
        2.3150011000         2.1800000000         1.2689265034         4.0062994170        -1.7712223174
        2.3200016000         2.1800000000         1.2689265034         3.9986437847        -1.7712223174
        2.3250011000         2.1800000000         1.2638218497         3.9935400297        -1.9041969659
        2.3300026000         2.1800000000         1.2663741766         3.9807806424        -1.8377096416
        2.3350016000         2.1800000000         1.2638218497         3.9782287650        -1.9041969659
        2.3400019000         2.1800000000         1.2714788303         3.9731250101        -1.7047349932
        2.3450013000         2.1800000000         1.2714788303         3.9552618679        -1.7047349932
        2.3500011000         2.1800000000         1.2638218497         3.9501581129        -1.9041969659
        2.3550011000         2.1800000000         1.2561648691         3.9425024806        -2.1036589385
        2.3600011000         2.1800000000         1.2714788303         3.9425024806        -1.7047349932
        2.3650010000         2.1800000000         1.2740311571         3.9399506031        -1.6382476689
        2.3700010000         2.1800000000         1.2740311571         3.9348468482        -1.6382476689
        2.3750031000         2.1800000000         1.2638218497         3.9220874609        -1.9041969659
        2.3800025000         2.1800000000         1.2561648691         3.9093280736        -2.1036589385
        2.3850019000         2.1800000000         1.2612695229         3.9042243187        -1.9706842901
        2.3900014000         2.1800000000         1.2612695229         3.9016724412        -1.9706842901
        2.3950015000         2.1800000000         1.2638218497         3.8940168088        -1.9041969659
        2.4000014000         2.1800000000         1.2714788303         3.8914649314        -1.7047349932
        2.4050010000         2.1800000000         1.2765834840         3.8889130539        -1.5717603447
        2.4100011000         2.1800000000         1.2842404646         3.8812574215        -1.3722983720
        2.4150026000         2.1800000000         1.2663741766         3.8736017892        -1.8377096416
        2.4200014000         2.1800000000         1.2714788303         3.8608424019        -1.7047349932
        2.4250011000         2.1800000000         1.2663741766         3.8557386469        -1.8377096416
        2.4300011000         2.1800000000         1.2765834840         3.8557386469        -1.5717603447
        2.4350013000         2.1800000000         1.2714788303         3.8429792597        -1.7047349932
        2.4400013000         2.1800000000         1.2638218497         3.8302198724        -1.9041969659
        2.4450022000         2.1800000000         1.2714788303         3.8276679949        -1.7047349932
        2.4500012000         2.1800000000         1.2714788303         3.8276679949        -1.7047349932
        2.4550012000         2.1800000000         1.2663741766         3.8047010978        -1.8377096416
        2.4600011000         2.1800000000         1.2740311571         3.8072529752        -1.6382476689
        2.4650025000         2.1800000000         1.2791358108         3.8047010978        -1.5052730205
        2.4700012000         2.1800000000         1.2740311571         3.7995973429        -1.6382476689
        2.4750018000         2.1800000000         1.2740311571         3.7919417105        -1.6382476689
        2.4800058000         2.1800000000         1.2663741766         3.7791823232        -1.8377096416
        2.4850024000         2.1800000000         1.2663741766         3.7766304457        -1.8377096416
        2.4900011000         2.1800000000         1.2638218497         3.7587673035        -1.9041969659
        2.4950011000         2.1800000000         1.2612695229         3.7536635486        -1.9706842901
        2.5000022000         2.1800000000         1.2714788303         3.7536635486        -1.7047349932
        2.5050015000         2.1800000000         1.2510602154         3.7460079162        -2.2366335870
        2.5100011000         2.1800000000         1.2638218497         3.7383522838        -1.9041969659
        2.5150014000         2.1800000000         1.2689265034         3.7306966515        -1.7712223174
        2.5200020000         2.1800000000         1.2893451183         3.7306966515        -1.2393237236
        2.5250173000         2.1800000000         1.2587171960         3.7179372642        -2.0371716143
        2.5300037000         2.1800000000         1.2714788303         3.7102816318        -1.7047349932
        2.5350038000         2.1800000000         1.2587171960         3.6975222445        -2.0371716143
        2.5400019000         2.1800000000         1.2612695229         3.6898666121        -1.9706842901
        2.5450018000         2.1800000000         1.2663741766         3.6873147347        -1.8377096416
        2.5500012000         2.1800000000         1.2663741766         3.6822109797        -1.8377096416
        2.5550012000         2.1800000000         1.2638218497         3.6694515924        -1.9041969659
        2.5600012000         2.1800000000         1.2587171960         3.6668997150        -2.0371716143
        2.5650036000         2.1800000000         1.2638218497         3.6541403277        -1.9041969659
        2.5700013000         2.1800000000         1.2689265034         3.6541403277        -1.7712223174
        2.5750012000         2.1800000000         1.2689265034         3.6464846953        -1.7712223174
        2.5800012000         2.1800000000         1.2663741766         3.6464846953        -1.8377096416
        2.5850019000         2.1800000000         1.2765834840         3.6388290629        -1.5717603447
        2.5900022000         2.1800000000         1.2689265034         3.6311734306        -1.7712223174
        2.5950031000         2.1800000000         1.2816881377         3.6260696756        -1.4387856963
        2.6000020000         2.1800000000         1.2638218497         3.6133102883        -1.9041969659
        2.6050012000         2.1800000000         1.2714788303         3.6082065334        -1.7047349932
        2.6100011000         2.1800000000         1.2663741766         3.5979990236        -1.8377096416
        2.6150011000         2.1800000000         1.2612695229         3.5877915138        -1.9706842901
        2.6200011000         2.1800000000         1.2612695229         3.5877915138        -1.9706842901
        2.6250055000         2.1800000000         1.2612695229         3.5724802490        -1.9706842901
        2.6300013000         2.1800000000         1.2638218497         3.5750321265        -1.9041969659
        2.6350011000         2.1800000000         1.2689265034         3.5648246166        -1.7712223174
        2.6400024000         2.1800000000         1.2663741766         3.5571689842        -1.8377096416
        2.6450013000         2.1800000000         1.2663741766         3.5520652293        -1.8377096416
        2.6500021000         2.1800000000         1.2740311571         3.5469614744        -1.6382476689
        2.6550012000         2.1800000000         1.2638218497         3.5367539646        -1.9041969659
        2.6600021000         2.1800000000         1.2740311571         3.5316502097        -1.6382476689
        2.6650015000         2.1800000000         1.2612695229         3.5265464547        -1.9706842901
        2.6700017000         2.1800000000         1.2638218497         3.5137870674        -1.9041969659
        2.6750011000         2.1800000000         1.2740311571         3.5188908224        -1.6382476689
        2.6800012000         2.1800000000         1.2689265034         3.5112351900        -1.7712223174
        2.6850011000         2.1800000000         1.2689265034         3.4984758027        -1.7712223174
        2.6900024000         2.1800000000         1.2638218497         3.4857164154        -1.9041969659
        2.6950011000         2.1800000000         1.2663741766         3.4882682929        -1.8377096416
        2.7000011000         2.1800000000         1.2663741766         3.4780607830        -1.8377096416
        2.7050010000         2.1800000000         1.2663741766         3.4755089056        -1.8377096416
        2.7100010000         2.1800000000         1.2714788303         3.4627495183        -1.7047349932
        2.7150021000         2.1800000000         1.2638218497         3.4525420084        -1.9041969659
        2.7200013000         2.1800000000         1.2638218497         3.4448863760        -1.9041969659
        2.7250011000         2.1800000000         1.2689265034         3.4321269888        -1.7712223174
        2.7300010000         2.1800000000         1.2663741766         3.4244713564        -1.8377096416
        2.7350010000         2.1800000000         1.2663741766         3.4270232338        -1.8377096416
        2.7400019000         2.1800000000         1.2638218497         3.4193676015        -1.9041969659
        2.7450011000         2.1800000000         1.2587171960         3.4040563367        -2.0371716143
        2.7500025000         2.1800000000         1.2587171960         3.3989525818        -2.0371716143
        2.7550013000         2.1800000000         1.2638218497         3.3912969494        -1.9041969659
        2.7600010000         2.1800000000         1.2408509080         3.3836413170        -2.5025828839
        2.7650013000         2.1800000000         1.2638218497         3.3836413170        -1.9041969659
        2.7700030000         2.1800000000         1.2740311571         3.3836413170        -1.6382476689
        2.7750025000         2.1800000000         1.2714788303         3.3759856847        -1.7047349932
        2.7800013000         2.1800000000         1.2638218497         3.3555706650        -1.9041969659
        2.7850024000         2.1800000000         1.2638218497         3.3530187875        -1.9041969659
        2.7900013000         2.1800000000         1.2638218497         3.3402594002        -1.9041969659
        2.7950011000         2.1800000000         1.2689265034         3.3504669101        -1.7712223174
        2.8000010000         2.1800000000         1.2791358108         3.3402594002        -1.5052730205
        2.8050014000         2.1800000000         1.2638218497         3.3223962580        -1.9041969659
        2.8100015000         2.1800000000         1.2740311571         3.3275000129        -1.6382476689
        2.8150011000         2.1800000000         1.2765834840         3.3198443806        -1.5717603447
        2.8200021000         2.1800000000         1.2612695229         3.3070849933        -1.9706842901
        2.8250014000         2.1800000000         1.2689265034         3.2994293609        -1.7712223174
        2.8300012000         2.1800000000         1.2816881377         3.2943256060        -1.4387856963
        2.8350010000         2.1800000000         1.2791358108         3.2943256060        -1.5052730205
        2.8400022000         2.1800000000         1.2740311571         3.2815662187        -1.6382476689
        2.8450024000         2.1800000000         1.2740311571         3.2764624638        -1.6382476689
        2.8500012000         2.1800000000         1.2663741766         3.2688068314        -1.8377096416
        2.8550012000         2.1800000000         1.2638218497         3.2560474441        -1.9041969659
        2.8600029000         2.1800000000         1.2791358108         3.2560474441        -1.5052730205
        2.8650021000         2.1800000000         1.2740311571         3.2560474441        -1.6382476689
        2.8700016000         2.1800000000         1.2765834840         3.2483918117        -1.5717603447
        2.8750048000         2.1800000000         1.2612695229         3.2305286695        -1.9706842901
        2.8800031000         2.1800000000         1.2714788303         3.2228730371        -1.7047349932
        2.8850022000         2.1800000000         1.2663741766         3.2228730371        -1.8377096416
        2.8900013000         2.1800000000         1.2638218497         3.2101136498        -1.9041969659
        2.8950013000         2.1800000000         1.2663741766         3.2101136498        -1.8377096416
        2.9000016000         2.1800000000         1.2740311571         3.2024580174        -1.6382476689
        2.9050011000         2.1800000000         1.2714788303         3.1922505076        -1.7047349932
        2.9100024000         2.1800000000         1.2765834840         3.1948023851        -1.5717603447
        2.9150015000         2.1800000000         1.2740311571         3.1871467527        -1.6382476689
        2.9200010000         2.1800000000         1.2663741766         3.1743873654        -1.8377096416
        2.9250011000         2.1800000000         1.2689265034         3.1667317330        -1.7712223174
        2.9300018000         2.1800000000         1.2663741766         3.1565242232        -1.8377096416
        2.9350011000         2.1800000000         1.2663741766         3.1488685908        -1.8377096416
        2.9400012000         2.1800000000         1.2765834840         3.1514204683        -1.5717603447
        2.9450020000         2.1800000000         1.2714788303         3.1386610810        -1.7047349932
        2.9500032000         2.1800000000         1.2740311571         3.1386610810        -1.6382476689
        2.9550014000         2.1800000000         1.2765834840         3.1310054486        -1.5717603447
        2.9600012000         2.1800000000         1.2816881377         3.1310054486        -1.4387856963
        2.9650028000         2.1800000000         1.2714788303         3.1156941838        -1.7047349932
        2.9700023000         2.1800000000         1.2714788303         3.1105904289        -1.7047349932
        2.9750012000         2.1800000000         1.2740311571         3.1054866740        -1.6382476689
        2.9800018000         2.1800000000         1.2663741766         3.1003829191        -1.8377096416
        2.9850011000         2.1800000000         1.2714788303         3.0850716543        -1.7047349932
        2.9900011000         2.1800000000         1.2638218497         3.0748641445        -1.9041969659
        2.9950013000         2.1800000000         1.2791358108         3.0774160220        -1.5052730205
        3.0000021000         2.1800000000         1.2842404646         3.0799678994        -1.3722983720
        3.0050013000         2.1800000000         1.2689265034         3.0595528797        -1.7712223174
        3.0100014000         2.1800000000         1.2842404646         3.0672085121        -1.3722983720
        3.0150011000         2.1800000000         1.2740311571         3.0570010023        -1.6382476689
        3.0200013000         2.1800000000         1.2663741766         3.0391378601        -1.8377096416
        3.0250012000         2.1800000000         1.2816881377         3.0416897375        -1.4387856963
        3.0300025000         2.1800000000         1.2740311571         3.0365859826        -1.6382476689
        3.0350028000         2.1800000000         1.2714788303         3.0238265953        -1.7047349932
        3.0400017000         2.1800000000         1.2816881377         3.0238265953        -1.4387856963
        3.0450012000         2.1800000000         1.2765834840         3.0161709629        -1.5717603447
        3.0500026000         2.1800000000         1.2842404646         3.0161709629        -1.3722983720
        3.0550014000         2.1800000000         1.2714788303         3.0034115756        -1.7047349932
        3.0600011000         2.1800000000         1.2765834840         2.9932040658        -1.5717603447
        3.0650020000         2.1800000000         1.2816881377         3.0008596982        -1.4387856963
        3.0700012000         2.1800000000         1.2740311571         2.9855484334        -1.6382476689
        3.0751167000         2.1800000000         1.2740311571         2.9753409236        -1.6382476689
        3.0800037000         2.1800000000         1.2689265034         2.9702371687        -1.7712223174
        3.0850082000         2.1800000000         1.2765834840         2.9778928011        -1.5717603447
        3.0900029000         2.1800000000         1.2765834840         2.9625815363        -1.5717603447
        3.0950017000         2.1800000000         1.2714788303         2.9574777814        -1.7047349932
        3.1000028000         2.1800000000         1.2638218497         2.9421665166        -1.9041969659
        3.1050025000         2.1800000000         1.2740311571         2.9421665166        -1.6382476689
        3.1100022000         2.1800000000         1.2740311571         2.9370627617        -1.6382476689
        3.1150012000         2.1800000000         1.2740311571         2.9319590068        -1.6382476689
        3.1200016000         2.1800000000         1.2791358108         2.9243033744        -1.5052730205
        3.1250022000         2.1800000000         1.2842404646         2.9243033744        -1.3722983720
        3.1300016000         2.1800000000         1.2638218497         2.9064402322        -1.9041969659
        3.1350011000         2.1800000000         1.2689265034         2.9064402322        -1.7712223174
        3.1400021000         2.1800000000         1.2689265034         2.8987845998        -1.7712223174
        3.1450013000         2.1800000000         1.2689265034         2.8860252125        -1.7712223174
        3.1500016000         2.1800000000         1.2791358108         2.8936808449        -1.5052730205
        3.1550014000         2.1800000000         1.2587171960         2.8707139478        -2.0371716143
        3.1600014000         2.1800000000         1.2663741766         2.8707139478        -1.8377096416
        3.1650013000         2.1800000000         1.2689265034         2.8707139478        -1.7712223174
        3.1700024000         2.1800000000         1.2638218497         2.8528508056        -1.9041969659
        3.1750013000         2.1800000000         1.2638218497         2.8477470506        -1.9041969659
        3.1800030000         2.1800000000         1.2740311571         2.8477470506        -1.6382476689
        3.1850048000         2.1800000000         1.2689265034         2.8400914183        -1.7712223174
        3.1900023000         2.1800000000         1.2714788303         2.8324357859        -1.7047349932
        3.1950013000         2.1800000000         1.2663741766         2.8247801535        -1.8377096416
        3.2000012000         2.1800000000         1.2740311571         2.8171245211        -1.6382476689
        3.2050011000         2.1800000000         1.2612695229         2.8069170113        -1.9706842901
        3.2100010000         2.1800000000         1.2740311571         2.8094688888        -1.6382476689
        3.2150028000         2.1800000000         1.2689265034         2.8043651338        -1.7712223174
        3.2200025000         2.1800000000         1.2689265034         2.7941576240        -1.7712223174
        3.2250030000         2.1800000000         1.2638218497         2.7813982367        -1.9041969659
        3.2300020000         2.1800000000         1.2765834840         2.7839501142        -1.5717603447
        3.2350014000         2.1800000000         1.2663741766         2.7711907269        -1.8377096416
        3.2400022000         2.1800000000         1.2638218497         2.7609832170        -1.9041969659
        3.2450017000         2.1800000000         1.2740311571         2.7660869720        -1.6382476689
        3.2500026000         2.1800000000         1.2663741766         2.7456719523        -1.8377096416
        3.2550016000         2.1800000000         1.2740311571         2.7507757072        -1.6382476689
        3.2600023000         2.1800000000         1.2638218497         2.7329125650        -1.9041969659
        3.2650015000         2.1800000000         1.2663741766         2.7303606875        -1.8377096416
        3.2700014000         2.1800000000         1.2714788303         2.7278088101        -1.7047349932
        3.2750027000         2.1800000000         1.2714788303         2.7099456679        -1.7047349932
        3.2800015000         2.1800000000         1.2714788303         2.7176013002        -1.7047349932
        3.2850019000         2.1800000000         1.2663741766         2.7022900355        -1.8377096416
        3.2900031000         2.1800000000         1.2765834840         2.7048419129        -1.5717603447
        3.2950016000         2.1800000000         1.2740311571         2.6971862806        -1.6382476689
        3.3000014000         2.1800000000         1.2765834840         2.6895306482        -1.5717603447
        3.3050015000         2.1800000000         1.2612695229         2.6767712609        -1.9706842901
        3.3100024000         2.1800000000         1.2689265034         2.6640118736        -1.7712223174
        3.3150014000         2.1800000000         1.2638218497         2.6665637511        -1.9041969659
        3.3200016000         2.1800000000         1.2714788303         2.6589081187        -1.7047349932
        3.3250018000         2.1800000000         1.2663741766         2.6512524863        -1.8377096416
        3.3300038000         2.1800000000         1.2587171960         2.6512524863        -2.0371716143
        3.3350060000         2.1800000000         1.2714788303         2.6435968539        -1.7047349932
        3.3400034000         2.1800000000         1.2791358108         2.6384930990        -1.5052730205
        3.3450013000         2.1800000000         1.2638218497         2.6231818342        -1.9041969659
        3.3500014000         2.1800000000         1.2714788303         2.6180780793        -1.7047349932
        3.3550015000         2.1800000000         1.2663741766         2.6104224470        -1.8377096416
        3.3600020000         2.1800000000         1.2689265034         2.6053186920        -1.7712223174
        3.3650016000         2.1800000000         1.2689265034         2.6027668146        -1.7712223174
        3.3700344000         2.1800000000         1.2740311571         2.5900074273        -1.6382476689
        3.3750023000         2.1800000000         1.2791358108         2.5849036724        -1.5052730205
        3.3800014000         2.1800000000         1.2740311571         2.5823517949        -1.6382476689
        3.3850024000         2.1800000000         1.2663741766         2.5644886527        -1.8377096416
        3.3900016000         2.1800000000         1.2740311571         2.5670405302        -1.6382476689
        3.3950059000         2.1800000000         1.2689265034         2.5542811429        -1.7712223174
        3.4000020000         2.1800000000         1.2689265034         2.5491773879        -1.7712223174
        3.4050017000         2.1800000000         1.2765834840         2.5542811429        -1.5717603447
        3.4100038000         2.1800000000         1.2638218497         2.5338661232        -1.9041969659
        3.4150018000         2.1800000000         1.2816881377         2.5313142457        -1.4387856963
        3.4200019000         2.1800000000         1.2638218497         2.5211067359        -1.9041969659
        3.4250018000         2.1800000000         1.2714788303         2.5160029810        -1.7047349932
        3.4300023000         2.1800000000         1.2638218497         2.5083473486        -1.9041969659
        3.4350035000         2.1800000000         1.2714788303         2.4955879613        -1.7047349932
        3.4400017000         2.1800000000         1.2663741766         2.4955879613        -1.8377096416
        3.4450029000         2.1800000000         1.2740311571         2.4879323289        -1.6382476689
        3.4500018000         2.1800000000         1.2612695229         2.4777248191        -1.9706842901
        3.4550023000         2.1800000000         1.2740311571         2.4751729416        -1.6382476689
        3.4600016000         2.1800000000         1.2765834840         2.4726210642        -1.5717603447
        3.4650035000         2.1800000000         1.2689265034         2.4649654318        -1.7712223174
        3.4700024000         2.1800000000         1.2740311571         2.4547579220        -1.6382476689
        3.4750030000         2.1800000000         1.2612695229         2.4445504121        -1.9706842901
        3.4800034000         2.1800000000         1.2612695229         2.4368947797        -1.9706842901
        3.4850030000         2.1800000000         1.2714788303         2.4343429023        -1.7047349932
        3.4900015000         2.1800000000         1.2714788303         2.4241353924        -1.7047349932
        3.4950024000         2.1800000000         1.2740311571         2.4266872699        -1.6382476689
        3.5000026000         2.1800000000         1.2816881377         2.4241353924        -1.4387856963
        3.5050027000         2.1800000000         1.2791358108         2.4190316375        -1.5052730205
        3.5100030000         2.1800000000         1.2842404646         2.4113760052        -1.3722983720
        3.5150028000         2.1800000000         1.2816881377         2.4037203728        -1.4387856963
        3.5200029000         2.1800000000         1.2689265034         2.3986166179        -1.7712223174
        3.5250026000         2.1800000000         1.2791358108         2.3884091080        -1.5052730205
        3.5300013000         2.1800000000         1.2765834840         2.3858572306        -1.5717603447
        3.5350028000         2.1800000000         1.2765834840         2.3756497207        -1.5717603447
        3.5400013000         2.1800000000         1.2765834840         2.3654422109        -1.5717603447
        3.5450019000         2.1800000000         1.2561648691         2.3552347011        -2.1036589385
        3.5500011000         2.1800000000         1.2663741766         2.3475790687        -1.8377096416
        3.5550012000         2.1800000000         1.2765834840         2.3501309461        -1.5717603447
        3.5600011000         2.1800000000         1.2765834840         2.3501309461        -1.5717603447
        3.5650010000         2.1800000000         1.2791358108         2.3424753138        -1.5052730205
        3.5700010000         2.1800000000         1.2714788303         2.3297159265        -1.7047349932
        3.5750011000         2.1800000000         1.2612695229         2.3195084166        -1.9706842901
        3.5800011000         2.1800000000         1.2663741766         2.3093009068        -1.8377096416
        3.5850010000         2.1800000000         1.2816881377         2.3169565392        -1.4387856963
        3.5900024000         2.1800000000         1.2638218497         2.3016452744        -1.9041969659
        3.5950013000         2.1800000000         1.2765834840         2.2990933970        -1.5717603447
        3.6000010000         2.1800000000         1.2740311571         2.2914377646        -1.6382476689
        3.6050056000         2.1800000000         1.2791358108         2.2837821322        -1.5052730205
        3.6100013000         2.1800000000         1.2765834840         2.2786783773        -1.5717603447
        3.6150173000         2.1800000000         1.2816881377         2.2761264998        -1.4387856963
        3.6200015000         2.1800000000         1.2842404646         2.2735746224        -1.3722983720
        3.6250030000         2.1800000000         1.2740311571         2.2608152351        -1.6382476689
        3.6300013000         2.1800000000         1.2765834840         2.2557114802        -1.5717603447
        3.6350028000         2.1800000000         1.2689265034         2.2429520929        -1.7712223174
        3.6400014000         2.1800000000         1.2663741766         2.2352964605        -1.8377096416
        3.6450014000         2.1800000000         1.2791358108         2.2378483379        -1.5052730205
        3.6500014000         2.1800000000         1.2740311571         2.2301927056        -1.6382476689
        3.6550013000         2.1800000000         1.2791358108         2.2352964605        -1.5052730205
        3.6600012000         2.1800000000         1.2791358108         2.2174333183        -1.5052730205
        3.6650014000         2.1800000000         1.2663741766         2.2072258084        -1.8377096416
        3.6700011000         2.1800000000         1.2689265034         2.1995701761        -1.7712223174
        3.6750014000         2.1800000000         1.2791358108         2.1995701761        -1.5052730205
        3.6800024000         2.1800000000         1.2816881377         2.1995701761        -1.4387856963
        3.6850015000         2.1800000000         1.2842404646         2.1944664211        -1.3722983720
        3.6900012000         2.1800000000         1.2791358108         2.1791551564        -1.5052730205
        3.6950026000         2.1800000000         1.2689265034         2.1766032789        -1.7712223174
        3.7000014000         2.1800000000         1.2765834840         2.1689476465        -1.5717603447
        3.7050011000         2.1800000000         1.2714788303         2.1561882593        -1.7047349932
        3.7100010000         2.1800000000         1.2663741766         2.1561882593        -1.8377096416
        3.7150028000         2.1800000000         1.2791358108         2.1510845043        -1.5052730205
        3.7200012000         2.1800000000         1.2689265034         2.1434288720        -1.7712223174
        3.7250018000         2.1800000000         1.2867927914         2.1459807494        -1.3058110478
        3.7300021000         2.1800000000         1.2791358108         2.1281176072        -1.5052730205
        3.7350012000         2.1800000000         1.2714788303         2.1204619748        -1.7047349932
        3.7400029000         2.1800000000         1.2791358108         2.1204619748        -1.5052730205
        3.7450051000         2.1800000000         1.2816881377         2.1153582199        -1.4387856963
        3.7500020000         2.1800000000         1.2867927914         2.1153582199        -1.3058110478
        3.7550011000         2.1800000000         1.2867927914         2.1102544650        -1.3058110478
        3.7600015000         2.1800000000         1.2842404646         2.0974950777        -1.3722983720
        3.7650012000         2.1800000000         1.2842404646         2.0923913228        -1.3722983720
        3.7700022000         2.1800000000         1.2740311571         2.0898394453        -1.6382476689
        3.7750017000         2.1800000000         1.2842404646         2.0847356904        -1.3722983720
        3.7800012000         2.1800000000         1.2740311571         2.0694244256        -1.6382476689
        3.7850012000         2.1800000000         1.2893451183         2.0745281806        -1.2393237236
        3.7900012000         2.1800000000         1.2765834840         2.0668725482        -1.5717603447
        3.7950011000         2.1800000000         1.2893451183         2.0668725482        -1.2393237236
        3.8000017000         2.1800000000         1.2816881377         2.0566650383        -1.4387856963
        3.8050023000         2.1800000000         1.2765834840         2.0439056511        -1.5717603447
        3.8100010000         2.1800000000         1.2765834840         2.0439056511        -1.5717603447
        3.8150024000         2.1800000000         1.2740311571         2.0336981412        -1.6382476689
        3.8200012000         2.1800000000         1.2791358108         2.0362500187        -1.5052730205
        3.8250011000         2.1800000000         1.2791358108         2.0285943863        -1.5052730205
        3.8300011000         2.1800000000         1.2867927914         2.0260425088        -1.3058110478
        3.8350010000         2.1800000000         1.2842404646         2.0234906314        -1.3722983720
        3.8400023000         2.1800000000         1.2816881377         2.0107312441        -1.4387856963
        3.8450049000         2.1800000000         1.2765834840         2.0107312441        -1.5717603447
        3.8500050000         2.1800000000         1.2867927914         2.0056274892        -1.3058110478
        3.8550023000         2.1800000000         1.2893451183         1.9954199793        -1.2393237236
        3.8600013000         2.1800000000         1.2842404646         1.9877643470        -1.3722983720
        3.8650035000         2.1800000000         1.2918974451         1.9903162244        -1.1728363994
        3.8700056000         2.1800000000         1.2842404646         1.9750049597        -1.3722983720
        3.8750034000         2.1800000000         1.2816881377         1.9647974498        -1.4387856963
        3.8800147000         2.1800000000         1.2740311571         1.9571418174        -1.6382476689
        3.8850023000         2.1800000000         1.2791358108         1.9622455724        -1.5052730205
        3.8900026000         2.1800000000         1.2842404646         1.9545899400        -1.3722983720
        3.8950047000         2.1800000000         1.2867927914         1.9520380625        -1.3058110478
        3.9000033000         2.1800000000         1.2816881377         1.9392786752        -1.4387856963
        3.9050014000         2.1800000000         1.2816881377         1.9392786752        -1.4387856963
        3.9100017000         2.1800000000         1.2842404646         1.9341749203        -1.3722983720
        3.9150031000         2.1800000000         1.2842404646         1.9265192879        -1.3722983720
        3.9200026000         2.1800000000         1.2893451183         1.9214155330        -1.2393237236
        3.9250013000         2.1800000000         1.2867927914         1.9163117781        -1.3058110478
        3.9300029000         2.1800000000         1.2867927914         1.9163117781        -1.3058110478
        3.9350023000         2.1800000000         1.2791358108         1.9010005134        -1.5052730205
        3.9400013000         2.1800000000         1.2944497720         1.9086561457        -1.1063490751
        3.9450021000         2.1800000000         1.2842404646         1.9010005134        -1.3722983720
        3.9500019000         2.1800000000         1.2740311571         1.8907930035        -1.6382476689
        3.9550012000         2.1800000000         1.2791358108         1.8856892486        -1.5052730205
        3.9600018000         2.1800000000         1.2740311571         1.8729298613        -1.6382476689
        3.9650020000         2.1800000000         1.2893451183         1.8780336162        -1.2393237236
        3.9700016000         2.1800000000         1.2816881377         1.8703779838        -1.4387856963
        3.9750010000         2.1800000000         1.2842404646         1.8678261064        -1.3722983720
        3.9800022000         2.1800000000         1.2842404646         1.8601704740        -1.3722983720
        3.9850014000         2.1800000000         1.2791358108         1.8499629642        -1.5052730205
        3.9900021000         2.1800000000         1.2842404646         1.8423073318        -1.3722983720
        3.9950013000         2.1800000000         1.2638218497         1.8320998220        -1.9041969659
