% Motor Sweep Step 3/180
% Vcmd       = 2.5200 [V]
% Direction  = CW
% Zone       = DEADZONE
% Vg_offset  = 1.336920 [V]
% K_gimbal   = 26.049690 [(rad/s)/V]

Time[s]              Vcmd[V]              Vg_raw[V]            Pot[V]               Omega[rad/s]
        0.0000094000         2.5200000000         1.3352870017         4.5906793551        -0.0425518875
        0.0050029000         2.5200000000         1.3301823480         4.5855756002        -0.1755265360
        0.0100030000         2.5200000000         1.3378393285         4.5881274777         0.0239354367
        0.0150031000         2.5200000000         1.3378393285         4.5906793551         0.0239354367
        0.0200035000         2.5200000000         1.3352870017         4.5906793551        -0.0425518875
        0.0250026000         2.5200000000         1.3352870017         4.5983349875        -0.0425518875
        0.0300013000         2.5200000000         1.3352870017         4.5881274777        -0.0425518875
        0.0350011000         2.5200000000         1.3378393285         4.5932312326         0.0239354367
        0.0400025000         2.5200000000         1.3352870017         4.5906793551        -0.0425518875
        0.0450029000         2.5200000000         1.3352870017         4.5906793551        -0.0425518875
        0.0500030000         2.5200000000         1.3352870017         4.5906793551        -0.0425518875
        0.0550030000         2.5200000000         1.3276300211         4.5855756002        -0.2420138602
        0.0600024000         2.5200000000         1.3403916554         4.5983349875         0.0904227609
        0.0650029000         2.5200000000         1.3301823480         4.5855756002        -0.1755265360
        0.0700133000         2.5200000000         1.3429439823         4.5957831101         0.1569100852
        0.0750027000         2.5200000000         1.3301823480         4.5855756002        -0.1755265360
        0.0800015000         2.5200000000         1.3429439823         4.5983349875         0.1569100852
        0.0850012000         2.5200000000         1.3352870017         4.5906793551        -0.0425518875
        0.0900011000         2.5200000000         1.3301823480         4.5932312326        -0.1755265360
        0.0950018000         2.5200000000         1.3403916554         4.5983349875         0.0904227609
        0.1000011000         2.5200000000         1.3301823480         4.5855756002        -0.1755265360
        0.1050011000         2.5200000000         1.3352870017         4.5906793551        -0.0425518875
        0.1100022000         2.5200000000         1.3429439823         4.5957831101         0.1569100852
        0.1150014000         2.5200000000         1.3301823480         4.5855756002        -0.1755265360
        0.1200011000         2.5200000000         1.3403916554         4.5881274777         0.0904227609
        0.1250018000         2.5200000000         1.3327346748         4.5983349875        -0.1090392117
        0.1300022000         2.5200000000         1.3429439823         4.5932312326         0.1569100852
        0.1350050000         2.5200000000         1.3301823480         4.5881274777        -0.1755265360
        0.1400016000         2.5200000000         1.3352870017         4.5906793551        -0.0425518875
        0.1450028000         2.5200000000         1.3352870017         4.5906793551        -0.0425518875
        0.1500018000         2.5200000000         1.3352870017         4.5906793551        -0.0425518875
        0.1550025000         2.5200000000         1.3352870017         4.5881274777        -0.0425518875
        0.1600025000         2.5200000000         1.3429439823         4.5957831101         0.1569100852
        0.1650014000         2.5200000000         1.3276300211         4.5830237228        -0.2420138602
        0.1700011000         2.5200000000         1.3276300211         4.5855756002        -0.2420138602
        0.1750023000         2.5200000000         1.3352870017         4.5906793551        -0.0425518875
        0.1800012000         2.5200000000         1.3352870017         4.5932312326        -0.0425518875
        0.1850026000         2.5200000000         1.3301823480         4.5855756002        -0.1755265360
        0.1900064000         2.5200000000         1.3352870017         4.5906793551        -0.0425518875
        0.1950139000         2.5200000000         1.3327346748         4.5881274777        -0.1090392117
        0.2000033000         2.5200000000         1.3225253674         4.5855756002        -0.3749885086
        0.2050018000         2.5200000000         1.3352870017         4.5881274777        -0.0425518875
        0.2100027000         2.5200000000         1.3378393285         4.5906793551         0.0239354367
        0.2150022000         2.5200000000         1.3429439823         4.5957831101         0.1569100852
        0.2200021000         2.5200000000         1.3301823480         4.5881274777        -0.1755265360
        0.2250037000         2.5200000000         1.3403916554         4.5957831101         0.0904227609
        0.2300043000         2.5200000000         1.3301823480         4.5830237228        -0.1755265360
        0.2350646000         2.5200000000         1.3506009628         4.5957831101         0.3563720579
        0.2400060000         2.5200000000         1.3429439823         4.5983349875         0.1569100852
        0.2450512000         2.5200000000         1.3352870017         4.5906793551        -0.0425518875
        0.2500049000         2.5200000000         1.3301823480         4.5855756002        -0.1755265360
        0.2550038000         2.5200000000         1.3429439823         4.5957831101         0.1569100852
        0.2600028000         2.5200000000         1.3352870017         4.5881274777        -0.0425518875
        0.2650033000         2.5200000000         1.3429439823         4.5957831101         0.1569100852
        0.2700017000         2.5200000000         1.3301823480         4.5855756002        -0.1755265360
        0.2750013000         2.5200000000         1.3352870017         4.5932312326        -0.0425518875
        0.2800015000         2.5200000000         1.3301823480         4.5855756002        -0.1755265360
        0.2850031000         2.5200000000         1.3429439823         4.5957831101         0.1569100852
        0.2900031000         2.5200000000         1.3327346748         4.5855756002        -0.1090392117
        0.2950044000         2.5200000000         1.3352870017         4.5932312326        -0.0425518875
        0.3000029000         2.5200000000         1.3378393285         4.5906793551         0.0239354367
        0.3050057000         2.5200000000         1.3352870017         4.5906793551        -0.0425518875
        0.3100035000         2.5200000000         1.3429439823         4.5983349875         0.1569100852
        0.3150030000         2.5200000000         1.3352870017         4.5906793551        -0.0425518875
        0.3200057000         2.5200000000         1.3378393285         4.5906793551         0.0239354367
        0.3250046000         2.5200000000         1.3378393285         4.5906793551         0.0239354367
        0.3300045000         2.5200000000         1.3301823480         4.5932312326        -0.1755265360
        0.3350157000         2.5200000000         1.3276300211         4.5906793551        -0.2420138602
        0.3400051000         2.5200000000         1.3352870017         4.5957831101        -0.0425518875
        0.3450066000         2.5200000000         1.3352870017         4.5906793551        -0.0425518875
        0.3500084000         2.5200000000         1.3352870017         4.5881274777        -0.0425518875
        0.3550062000         2.5200000000         1.3352870017         4.5881274777        -0.0425518875
        0.3600051000         2.5200000000         1.3378393285         4.5906793551         0.0239354367
        0.3650042000         2.5200000000         1.3429439823         4.5957831101         0.1569100852
        0.3700028000         2.5200000000         1.3301823480         4.5906793551        -0.1755265360
        0.3750022000         2.5200000000         1.3352870017         4.5881274777        -0.0425518875
        0.3800023000         2.5200000000         1.3378393285         4.5881274777         0.0239354367
        0.3850026000         2.5200000000         1.3301823480         4.5855756002        -0.1755265360
        0.3900018000         2.5200000000         1.3429439823         4.5983349875         0.1569100852
        0.3950034000         2.5200000000         1.3301823480         4.5855756002        -0.1755265360
        0.4000025000         2.5200000000         1.3352870017         4.5906793551        -0.0425518875
        0.4050022000         2.5200000000         1.3480486360         4.5983349875         0.2898847336
        0.4100046000         2.5200000000         1.3352870017         4.5906793551        -0.0425518875
        0.4150035000         2.5200000000         1.3429439823         4.5957831101         0.1569100852
        0.4200058000         2.5200000000         1.3352870017         4.5932312326        -0.0425518875
        0.4250047000         2.5200000000         1.3352870017         4.5906793551        -0.0425518875
        0.4300096000         2.5200000000         1.3352870017         4.5932312326        -0.0425518875
        0.4350043000         2.5200000000         1.3352870017         4.5906793551        -0.0425518875
        0.4400014000         2.5200000000         1.3301823480         4.5855756002        -0.1755265360
        0.4450016000         2.5200000000         1.3352870017         4.5906793551        -0.0425518875
        0.4500019000         2.5200000000         1.3429439823         4.5957831101         0.1569100852
        0.4550019000         2.5200000000         1.3301823480         4.5855756002        -0.1755265360
        0.4600011000         2.5200000000         1.3403916554         4.5983349875         0.0904227609
        0.4650011000         2.5200000000         1.3352870017         4.5906793551        -0.0425518875
        0.4700011000         2.5200000000         1.3378393285         4.5906793551         0.0239354367
        0.4750013000         2.5200000000         1.3429439823         4.5957831101         0.1569100852
        0.4800011000         2.5200000000         1.3276300211         4.5855756002        -0.2420138602
        0.4850422000         2.5200000000         1.3352870017         4.5906793551        -0.0425518875
        0.4900031000         2.5200000000         1.3301823480         4.5855756002        -0.1755265360
        0.4950233000         2.5200000000         1.3301823480         4.5855756002        -0.1755265360
        0.5000016000         2.5200000000         1.3301823480         4.5881274777        -0.1755265360
        0.5050011000         2.5200000000         1.3352870017         4.5906793551        -0.0425518875
        0.5100024000         2.5200000000         1.3352870017         4.5855756002        -0.0425518875
        0.5150013000         2.5200000000         1.3378393285         4.5906793551         0.0239354367
        0.5200017000         2.5200000000         1.3352870017         4.5906793551        -0.0425518875
        0.5250012000         2.5200000000         1.3327346748         4.5855756002        -0.1090392117
        0.5300013000         2.5200000000         1.3403916554         4.5906793551         0.0904227609
        0.5350011000         2.5200000000         1.3429439823         4.5957831101         0.1569100852
        0.5400020000         2.5200000000         1.3301823480         4.5855756002        -0.1755265360
        0.5450018000         2.5200000000         1.3403916554         4.5983349875         0.0904227609
        0.5500018000         2.5200000000         1.3378393285         4.5881274777         0.0239354367
        0.5550012000         2.5200000000         1.3327346748         4.5906793551        -0.1090392117
        0.5600015000         2.5200000000         1.3352870017         4.5932312326        -0.0425518875
        0.5650018000         2.5200000000         1.3352870017         4.5906793551        -0.0425518875
        0.5700012000         2.5200000000         1.3454963091         4.5957831101         0.2233974094
        0.5750025000         2.5200000000         1.3403916554         4.5983349875         0.0904227609
        0.5800019000         2.5200000000         1.3352870017         4.5906793551        -0.0425518875
        0.5850011000         2.5200000000         1.3352870017         4.5906793551        -0.0425518875
        0.5900011000         2.5200000000         1.3429439823         4.5932312326         0.1569100852
        0.5950024000         2.5200000000         1.3301823480         4.5855756002        -0.1755265360
        0.6000020000         2.5200000000         1.3429439823         4.5957831101         0.1569100852
        0.6050011000         2.5200000000         1.3352870017         4.5906793551        -0.0425518875
        0.6100024000         2.5200000000         1.3429439823         4.6008868650         0.1569100852
        0.6150018000         2.5200000000         1.3352870017         4.5906793551        -0.0425518875
        0.6200012000         2.5200000000         1.3276300211         4.5855756002        -0.2420138602
        0.6250010000         2.5200000000         1.3403916554         4.5932312326         0.0904227609
        0.6300103000         2.5200000000         1.3352870017         4.5881274777        -0.0425518875
        0.6350084000         2.5200000000         1.3301823480         4.5830237228        -0.1755265360
        0.6400098000         2.5200000000         1.3429439823         4.5957831101         0.1569100852
        0.6450084000         2.5200000000         1.3352870017         4.5881274777        -0.0425518875
        0.6500050000         2.5200000000         1.3352870017         4.5932312326        -0.0425518875
        0.6550106000         2.5200000000         1.3301823480         4.5881274777        -0.1755265360
        0.6600067000         2.5200000000         1.3301823480         4.5855756002        -0.1755265360
        0.6650056000         2.5200000000         1.3429439823         4.5906793551         0.1569100852
        0.6700056000         2.5200000000         1.3352870017         4.5906793551        -0.0425518875
        0.6750048000         2.5200000000         1.3403916554         4.5957831101         0.0904227609
        0.6800037000         2.5200000000         1.3301823480         4.5881274777        -0.1755265360
        0.6850015000         2.5200000000         1.3429439823         4.5983349875         0.1569100852
        0.6900019000         2.5200000000         1.3352870017         4.5906793551        -0.0425518875
        0.6950018000         2.5200000000         1.3429439823         4.5983349875         0.1569100852
        0.7000057000         2.5200000000         1.3352870017         4.5881274777        -0.0425518875
        0.7050042000         2.5200000000         1.3429439823         4.5983349875         0.1569100852
        0.7100022000         2.5200000000         1.3352870017         4.5906793551        -0.0425518875
        0.7150015000         2.5200000000         1.3352870017         4.5932312326        -0.0425518875
        0.7200018000         2.5200000000         1.3378393285         4.5906793551         0.0239354367
        0.7250016000         2.5200000000         1.3378393285         4.5906793551         0.0239354367
        0.7300022000         2.5200000000         1.3352870017         4.5906793551        -0.0425518875
        0.7350048000         2.5200000000         1.3301823480         4.5830237228        -0.1755265360
        0.7400034000         2.5200000000         1.3352870017         4.5906793551        -0.0425518875
        0.7450021000         2.5200000000         1.3403916554         4.5957831101         0.0904227609
        0.7500013000         2.5200000000         1.3276300211         4.5855756002        -0.2420138602
        0.7550044000         2.5200000000         1.3429439823         4.5983349875         0.1569100852
        0.7600034000         2.5200000000         1.3301823480         4.5855756002        -0.1755265360
        0.7650020000         2.5200000000         1.3327346748         4.5855756002        -0.1090392117
        0.7700039000         2.5200000000         1.3352870017         4.5906793551        -0.0425518875
        0.7750014000         2.5200000000         1.3352870017         4.5906793551        -0.0425518875
        0.7800097000         2.5200000000         1.3378393285         4.5906793551         0.0239354367
        0.7850013000         2.5200000000         1.3403916554         4.5983349875         0.0904227609
        0.7900011000         2.5200000000         1.3301823480         4.5855756002        -0.1755265360
        0.7950012000         2.5200000000         1.3301823480         4.5855756002        -0.1755265360
        0.8000012000         2.5200000000         1.3429439823         4.5983349875         0.1569100852
        0.8050021000         2.5200000000         1.3352870017         4.5906793551        -0.0425518875
        0.8100019000         2.5200000000         1.3378393285         4.5906793551         0.0239354367
        0.8150013000         2.5200000000         1.3403916554         4.5983349875         0.0904227609
        0.8200011000         2.5200000000         1.3301823480         4.5855756002        -0.1755265360
        0.8250025000         2.5200000000         1.3301823480         4.5855756002        -0.1755265360
        0.8300025000         2.5200000000         1.3429439823         4.5983349875         0.1569100852
        0.8350013000         2.5200000000         1.3378393285         4.5906793551         0.0239354367
        0.8400011000         2.5200000000         1.3429439823         4.5957831101         0.1569100852
        0.8450010000         2.5200000000         1.3429439823         4.5983349875         0.1569100852
        0.8500010000         2.5200000000         1.3378393285         4.5906793551         0.0239354367
        0.8550019000         2.5200000000         1.3378393285         4.5906793551         0.0239354367
        0.8600022000         2.5200000000         1.3352870017         4.5906793551        -0.0425518875
        0.8650013000         2.5200000000         1.3378393285         4.5906793551         0.0239354367
        0.8700032000         2.5200000000         1.3352870017         4.5906793551        -0.0425518875
        0.8750022000         2.5200000000         1.3301823480         4.5830237228        -0.1755265360
        0.8800021000         2.5200000000         1.3429439823         4.5983349875         0.1569100852
        0.8850037000         2.5200000000         1.3378393285         4.5906793551         0.0239354367
        0.8900020000         2.5200000000         1.3352870017         4.5983349875        -0.0425518875
        0.8950021000         2.5200000000         1.3352870017         4.5932312326        -0.0425518875
        0.9000030000         2.5200000000         1.3378393285         4.5906793551         0.0239354367
        0.9050011000         2.5200000000         1.3480486360         4.5983349875         0.2898847336
        0.9100028000         2.5200000000         1.3352870017         4.5906793551        -0.0425518875
        0.9150020000         2.5200000000         1.3378393285         4.5906793551         0.0239354367
        0.9200018000         2.5200000000         1.3429439823         4.5983349875         0.1569100852
        0.9250012000         2.5200000000         1.3378393285         4.5906793551         0.0239354367
        0.9300011000         2.5200000000         1.3352870017         4.5906793551        -0.0425518875
        0.9350010000         2.5200000000         1.3429439823         4.5957831101         0.1569100852
        0.9400012000         2.5200000000         1.3378393285         4.5906793551         0.0239354367
        0.9450011000         2.5200000000         1.3403916554         4.5957831101         0.0904227609
        0.9500030000         2.5200000000         1.3352870017         4.5881274777        -0.0425518875
        0.9550024000         2.5200000000         1.3352870017         4.5906793551        -0.0425518875
        0.9600024000         2.5200000000         1.3327346748         4.5906793551        -0.1090392117
        0.9650012000         2.5200000000         1.3429439823         4.5957831101         0.1569100852
        0.9700011000         2.5200000000         1.3352870017         4.5855756002        -0.0425518875
        0.9750010000         2.5200000000         1.3301823480         4.5855756002        -0.1755265360
        0.9800015000         2.5200000000         1.3429439823         4.5906793551         0.1569100852
        0.9850020000         2.5200000000         1.3301823480         4.5830237228        -0.1755265360
        0.9900012000         2.5200000000         1.3352870017         4.5906793551        -0.0425518875
        0.9950011000         2.5200000000         1.3352870017         4.5983349875        -0.0425518875
        1.0000016000         2.5200000000         1.3301823480         4.5881274777        -0.1755265360
        1.0050012000         2.5200000000         1.3429439823         4.5957831101         0.1569100852
        1.0100013000         2.5200000000         1.3301823480         4.5855756002        -0.1755265360
        1.0150045000         2.5200000000         1.3429439823         4.5932312326         0.1569100852
        1.0200013000         2.5200000000         1.3352870017         4.5881274777        -0.0425518875
        1.0250011000         2.5200000000         1.3301823480         4.5881274777        -0.1755265360
        1.0300012000         2.5200000000         1.3429439823         4.5957831101         0.1569100852
        1.0350025000         2.5200000000         1.3301823480         4.5855756002        -0.1755265360
        1.0400013000         2.5200000000         1.3403916554         4.5957831101         0.0904227609
        1.0450010000         2.5200000000         1.3276300211         4.5881274777        -0.2420138602
        1.0500010000         2.5200000000         1.3403916554         4.5957831101         0.0904227609
        1.0550011000         2.5200000000         1.3352870017         4.5906793551        -0.0425518875
        1.0600010000         2.5200000000         1.3352870017         4.5906793551        -0.0425518875
        1.0650048000         2.5200000000         1.3327346748         4.5983349875        -0.1090392117
        1.0700035000         2.5200000000         1.3301823480         4.5906793551        -0.1755265360
        1.0750023000         2.5200000000         1.3378393285         4.5881274777         0.0239354367
        1.0800012000         2.5200000000         1.3454963091         4.5957831101         0.2233974094
        1.0850018000         2.5200000000         1.3301823480         4.5881274777        -0.1755265360
        1.0900012000         2.5200000000         1.3352870017         4.5906793551        -0.0425518875
        1.0950012000         2.5200000000         1.3403916554         4.5932312326         0.0904227609
        1.1000014000         2.5200000000         1.3327346748         4.5906793551        -0.1090392117
        1.1050010000         2.5200000000         1.3352870017         4.5932312326        -0.0425518875
        1.1100070000         2.5200000000         1.3352870017         4.5906793551        -0.0425518875
        1.1150026000         2.5200000000         1.3301823480         4.5830237228        -0.1755265360
        1.1200011000         2.5200000000         1.3506009628         4.5983349875         0.3563720579
        1.1250023000         2.5200000000         1.3352870017         4.5881274777        -0.0425518875
        1.1300013000         2.5200000000         1.3352870017         4.5932312326        -0.0425518875
        1.1350012000         2.5200000000         1.3327346748         4.5855756002        -0.1090392117
        1.1400011000         2.5200000000         1.3429439823         4.5957831101         0.1569100852
        1.1450059000         2.5200000000         1.3301823480         4.5855756002        -0.1755265360
        1.1500013000         2.5200000000         1.3352870017         4.5906793551        -0.0425518875
        1.1550013000         2.5200000000         1.3352870017         4.5906793551        -0.0425518875
        1.1600011000         2.5200000000         1.3429439823         4.5957831101         0.1569100852
        1.1650010000         2.5200000000         1.3352870017         4.5881274777        -0.0425518875
        1.1700010000         2.5200000000         1.3429439823         4.5983349875         0.1569100852
        1.1750010000         2.5200000000         1.3327346748         4.5855756002        -0.1090392117
        1.1800011000         2.5200000000         1.3429439823         4.5983349875         0.1569100852
        1.1850029000         2.5200000000         1.3352870017         4.5830237228        -0.0425518875
        1.1900014000         2.5200000000         1.3429439823         4.5906793551         0.1569100852
        1.1950011000         2.5200000000         1.3276300211         4.5881274777        -0.2420138602
        1.2000020000         2.5200000000         1.3327346748         4.5855756002        -0.1090392117
        1.2050022000         2.5200000000         1.3352870017         4.5983349875        -0.0425518875
        1.2100012000         2.5200000000         1.3378393285         4.5906793551         0.0239354367
        1.2150020000         2.5200000000         1.3429439823         4.5983349875         0.1569100852
        1.2200010000         2.5200000000         1.3378393285         4.5932312326         0.0239354367
        1.2250011000         2.5200000000         1.3276300211         4.5855756002        -0.2420138602
        1.2300010000         2.5200000000         1.3327346748         4.5855756002        -0.1090392117
        1.2350021000         2.5200000000         1.3378393285         4.5906793551         0.0239354367
        1.2400014000         2.5200000000         1.3352870017         4.5906793551        -0.0425518875
        1.2450023000         2.5200000000         1.3378393285         4.5906793551         0.0239354367
        1.2500020000         2.5200000000         1.3378393285         4.5906793551         0.0239354367
        1.2550014000         2.5200000000         1.3403916554         4.5983349875         0.0904227609
        1.2600012000         2.5200000000         1.3454963091         4.5957831101         0.2233974094
        1.2650031000         2.5200000000         1.3429439823         4.5906793551         0.1569100852
        1.2700013000         2.5200000000         1.3378393285         4.5932312326         0.0239354367
        1.2750016000         2.5200000000         1.3429439823         4.5881274777         0.1569100852
        1.2800013000         2.5200000000         1.3378393285         4.5932312326         0.0239354367
        1.2850018000         2.5200000000         1.3352870017         4.5906793551        -0.0425518875
        1.2900013000         2.5200000000         1.3301823480         4.5855756002        -0.1755265360
        1.2950010000         2.5200000000         1.3352870017         4.5906793551        -0.0425518875
        1.3000011000         2.5200000000         1.3429439823         4.5957831101         0.1569100852
        1.3050238000         2.5200000000         1.3429439823         4.5957831101         0.1569100852
        1.3100011000         2.5200000000         1.3429439823         4.5983349875         0.1569100852
        1.3150010000         2.5200000000         1.3352870017         4.5906793551        -0.0425518875
        1.3200032000         2.5200000000         1.3352870017         4.5906793551        -0.0425518875
        1.3250019000         2.5200000000         1.3352870017         4.5906793551        -0.0425518875
        1.3300026000         2.5200000000         1.3352870017         4.5906793551        -0.0425518875
        1.3350012000         2.5200000000         1.3327346748         4.5830237228        -0.1090392117
        1.3400011000         2.5200000000         1.3480486360         4.5957831101         0.2898847336
        1.3450011000         2.5200000000         1.3352870017         4.5957831101        -0.0425518875
        1.3500020000         2.5200000000         1.3352870017         4.5881274777        -0.0425518875
        1.3550013000         2.5200000000         1.3301823480         4.5855756002        -0.1755265360
        1.3600022000         2.5200000000         1.3352870017         4.5881274777        -0.0425518875
        1.3650012000         2.5200000000         1.3301823480         4.5855756002        -0.1755265360
        1.3700012000         2.5200000000         1.3429439823         4.5983349875         0.1569100852
        1.3750011000         2.5200000000         1.3352870017         4.5932312326        -0.0425518875
        1.3800018000         2.5200000000         1.3378393285         4.5906793551         0.0239354367
        1.3850013000         2.5200000000         1.3352870017         4.5906793551        -0.0425518875
        1.3900026000         2.5200000000         1.3327346748         4.5855756002        -0.1090392117
        1.3950011000         2.5200000000         1.3429439823         4.5957831101         0.1569100852
        1.4000011000         2.5200000000         1.3429439823         4.5906793551         0.1569100852
        1.4050012000         2.5200000000         1.3301823480         4.5830237228        -0.1755265360
        1.4100013000         2.5200000000         1.3276300211         4.5906793551        -0.2420138602
        1.4150017000         2.5200000000         1.3352870017         4.5906793551        -0.0425518875
        1.4200016000         2.5200000000         1.3327346748         4.5855756002        -0.1090392117
        1.4250011000         2.5200000000         1.3403916554         4.5957831101         0.0904227609
        1.4300021000         2.5200000000         1.3301823480         4.5830237228        -0.1755265360
        1.4350012000         2.5200000000         1.3301823480         4.5855756002        -0.1755265360
        1.4400011000         2.5200000000         1.3429439823         4.5957831101         0.1569100852
        1.4450011000         2.5200000000         1.3352870017         4.5906793551        -0.0425518875
        1.4500031000         2.5200000000         1.3429439823         4.5957831101         0.1569100852
        1.4550025000         2.5200000000         1.3352870017         4.5906793551        -0.0425518875
        1.4600025000         2.5200000000         1.3327346748         4.5855756002        -0.1090392117
        1.4650013000         2.5200000000         1.3352870017         4.5906793551        -0.0425518875
        1.4700013000         2.5200000000         1.3429439823         4.5957831101         0.1569100852
        1.4750031000         2.5200000000         1.3352870017         4.5906793551        -0.0425518875
        1.4800022000         2.5200000000         1.3352870017         4.5906793551        -0.0425518875
        1.4850025000         2.5200000000         1.3429439823         4.5957831101         0.1569100852
        1.4900236000         2.5200000000         1.3429439823         4.5957831101         0.1569100852
        1.4950028000         2.5200000000         1.3352870017         4.5906793551        -0.0425518875
        1.5000021000         2.5200000000         1.3429439823         4.5957831101         0.1569100852
        1.5050014000         2.5200000000         1.3327346748         4.5855756002        -0.1090392117
        1.5100011000         2.5200000000         1.3352870017         4.5906793551        -0.0425518875
        1.5150018000         2.5200000000         1.3352870017         4.5855756002        -0.0425518875
        1.5200012000         2.5200000000         1.3352870017         4.5906793551        -0.0425518875
        1.5250011000         2.5200000000         1.3403916554         4.5983349875         0.0904227609
        1.5300011000         2.5200000000         1.3276300211         4.5855756002        -0.2420138602
        1.5350011000         2.5200000000         1.3378393285         4.5906793551         0.0239354367
        1.5400011000         2.5200000000         1.3429439823         4.5957831101         0.1569100852
        1.5450012000         2.5200000000         1.3352870017         4.5881274777        -0.0425518875
        1.5500010000         2.5200000000         1.3403916554         4.5957831101         0.0904227609
        1.5550030000         2.5200000000         1.3352870017         4.5906793551        -0.0425518875
        1.5600013000         2.5200000000         1.3352870017         4.5881274777        -0.0425518875
        1.5650011000         2.5200000000         1.3429439823         4.5957831101         0.1569100852
        1.5700034000         2.5200000000         1.3403916554         4.5957831101         0.0904227609
        1.5750045000         2.5200000000         1.3352870017         4.5906793551        -0.0425518875
        1.5800034000         2.5200000000         1.3352870017         4.5906793551        -0.0425518875
        1.5850029000         2.5200000000         1.3301823480         4.5855756002        -0.1755265360
        1.5900014000         2.5200000000         1.3352870017         4.5906793551        -0.0425518875
        1.5950017000         2.5200000000         1.3352870017         4.5906793551        -0.0425518875
        1.6000011000         2.5200000000         1.3352870017         4.5906793551        -0.0425518875
        1.6050011000         2.5200000000         1.3429439823         4.5983349875         0.1569100852
        1.6100028000         2.5200000000         1.3327346748         4.5881274777        -0.1090392117
        1.6150013000         2.5200000000         1.3301823480         4.5855756002        -0.1755265360
        1.6200011000         2.5200000000         1.3352870017         4.5881274777        -0.0425518875
        1.6250011000         2.5200000000         1.3352870017         4.5906793551        -0.0425518875
        1.6300016000         2.5200000000         1.3378393285         4.5906793551         0.0239354367
        1.6350013000         2.5200000000         1.3403916554         4.5983349875         0.0904227609
        1.6400021000         2.5200000000         1.3301823480         4.5855756002        -0.1755265360
        1.6450026000         2.5200000000         1.3429439823         4.5957831101         0.1569100852
        1.6500031000         2.5200000000         1.3352870017         4.5906793551        -0.0425518875
        1.6550033000         2.5200000000         1.3454963091         4.5983349875         0.2233974094
        1.6600028000         2.5200000000         1.3403916554         4.5855756002         0.0904227609
        1.6650024000         2.5200000000         1.3352870017         4.5906793551        -0.0425518875
        1.6700082000         2.5200000000         1.3429439823         4.5983349875         0.1569100852
        1.6750036000         2.5200000000         1.3327346748         4.5906793551        -0.1090392117
        1.6800029000         2.5200000000         1.3352870017         4.5881274777        -0.0425518875
        1.6850029000         2.5200000000         1.3327346748         4.5855756002        -0.1090392117
        1.6900015000         2.5200000000         1.3301823480         4.5855756002        -0.1755265360
        1.6950028000         2.5200000000         1.3403916554         4.5983349875         0.0904227609
        1.7000047000         2.5200000000         1.3352870017         4.5881274777        -0.0425518875
        1.7050049000         2.5200000000         1.3454963091         4.5983349875         0.2233974094
        1.7100063000         2.5200000000         1.3429439823         4.5983349875         0.1569100852
        1.7150028000         2.5200000000         1.3403916554         4.5957831101         0.0904227609
        1.7200019000         2.5200000000         1.3301823480         4.5855756002        -0.1755265360
        1.7250013000         2.5200000000         1.3327346748         4.5855756002        -0.1090392117
        1.7300010000         2.5200000000         1.3378393285         4.5906793551         0.0239354367
        1.7350025000         2.5200000000         1.3301823480         4.5855756002        -0.1755265360
        1.7400013000         2.5200000000         1.3378393285         4.5906793551         0.0239354367
        1.7450011000         2.5200000000         1.3352870017         4.5983349875        -0.0425518875
        1.7500012000         2.5200000000         1.3429439823         4.5983349875         0.1569100852
        1.7550010000         2.5200000000         1.3301823480         4.5855756002        -0.1755265360
        1.7600021000         2.5200000000         1.3403916554         4.5957831101         0.0904227609
        1.7650012000         2.5200000000         1.3352870017         4.5906793551        -0.0425518875
        1.7700025000         2.5200000000         1.3378393285         4.5906793551         0.0239354367
        1.7750013000         2.5200000000         1.3352870017         4.5881274777        -0.0425518875
        1.7800012000         2.5200000000         1.3352870017         4.5906793551        -0.0425518875
        1.7850010000         2.5200000000         1.3276300211         4.5855756002        -0.2420138602
        1.7900019000         2.5200000000         1.3403916554         4.5957831101         0.0904227609
        1.7950011000         2.5200000000         1.3352870017         4.5906793551        -0.0425518875
        1.8000011000         2.5200000000         1.3352870017         4.5906793551        -0.0425518875
        1.8050021000         2.5200000000         1.3429439823         4.5983349875         0.1569100852
        1.8100025000         2.5200000000         1.3403916554         4.5957831101         0.0904227609
        1.8150014000         2.5200000000         1.3301823480         4.5855756002        -0.1755265360
        1.8200011000         2.5200000000         1.3429439823         4.5957831101         0.1569100852
        1.8250025000         2.5200000000         1.3352870017         4.5906793551        -0.0425518875
        1.8300013000         2.5200000000         1.3352870017         4.5932312326        -0.0425518875
        1.8350024000         2.5200000000         1.3301823480         4.5855756002        -0.1755265360
        1.8400010000         2.5200000000         1.3403916554         4.5957831101         0.0904227609
        1.8450045000         2.5200000000         1.3276300211         4.5855756002        -0.2420138602
        1.8500012000         2.5200000000         1.3352870017         4.5906793551        -0.0425518875
        1.8550010000         2.5200000000         1.3301823480         4.5855756002        -0.1755265360
        1.8600023000         2.5200000000         1.3352870017         4.5881274777        -0.0425518875
        1.8650013000         2.5200000000         1.3378393285         4.5881274777         0.0239354367
        1.8700011000         2.5200000000         1.3301823480         4.5830237228        -0.1755265360
        1.8750010000         2.5200000000         1.3378393285         4.5983349875         0.0239354367
        1.8800020000         2.5200000000         1.3378393285         4.5932312326         0.0239354367
        1.8850015000         2.5200000000         1.3454963091         4.5983349875         0.2233974094
        1.8900023000         2.5200000000         1.3352870017         4.5906793551        -0.0425518875
        1.8950020000         2.5200000000         1.3429439823         4.5957831101         0.1569100852
        1.9000024000         2.5200000000         1.3301823480         4.5830237228        -0.1755265360
        1.9050012000         2.5200000000         1.3403916554         4.5932312326         0.0904227609
        1.9100011000         2.5200000000         1.3378393285         4.5906793551         0.0239354367
        1.9150022000         2.5200000000         1.3352870017         4.5906793551        -0.0425518875
        1.9200035000         2.5200000000         1.3352870017         4.5906793551        -0.0425518875
        1.9250013000         2.5200000000         1.3352870017         4.5855756002        -0.0425518875
        1.9300011000         2.5200000000         1.3352870017         4.5906793551        -0.0425518875
        1.9350011000         2.5200000000         1.3403916554         4.5983349875         0.0904227609
        1.9400010000         2.5200000000         1.3301823480         4.5855756002        -0.1755265360
        1.9450011000         2.5200000000         1.3378393285         4.5906793551         0.0239354367
        1.9500205000         2.5200000000         1.3429439823         4.6008868650         0.1569100852
        1.9550017000         2.5200000000         1.3403916554         4.5957831101         0.0904227609
        1.9600024000         2.5200000000         1.3301823480         4.5881274777        -0.1755265360
        1.9650012000         2.5200000000         1.3429439823         4.5983349875         0.1569100852
        1.9700016000         2.5200000000         1.3352870017         4.5906793551        -0.0425518875
        1.9750011000         2.5200000000         1.3480486360         4.5957831101         0.2898847336
        1.9800011000         2.5200000000         1.3352870017         4.5906793551        -0.0425518875
        1.9850031000         2.5200000000         1.3352870017         4.5881274777        -0.0425518875
        1.9900023000         2.5200000000         1.3378393285         4.5906793551         0.0239354367
        1.9950024000         2.5200000000         1.3352870017         4.5906793551        -0.0425518875
        2.0000015000         2.5200000000         1.3429439823         4.5983349875         0.1569100852
        2.0050011000         2.5200000000         1.3378393285         4.5906793551         0.0239354367
        2.0100012000         2.5200000000         1.3352870017         4.5881274777        -0.0425518875
        2.0150013000         2.5200000000         1.3429439823         4.5906793551         0.1569100852
        2.0200044000         2.5200000000         1.3276300211         4.5855756002        -0.2420138602
        2.0250015000         2.5200000000         1.3352870017         4.5906793551        -0.0425518875
        2.0300018000         2.5200000000         1.3378393285         4.5830237228         0.0239354367
        2.0350013000         2.5200000000         1.3429439823         4.5983349875         0.1569100852
        2.0400013000         2.5200000000         1.3352870017         4.5855756002        -0.0425518875
        2.0450010000         2.5200000000         1.3429439823         4.5906793551         0.1569100852
        2.0500019000         2.5200000000         1.3429439823         4.5983349875         0.1569100852
        2.0550012000         2.5200000000         1.3352870017         4.5932312326        -0.0425518875
        2.0600013000         2.5200000000         1.3454963091         4.5983349875         0.2233974094
        2.0650010000         2.5200000000         1.3276300211         4.5855756002        -0.2420138602
        2.0700023000         2.5200000000         1.3352870017         4.5906793551        -0.0425518875
        2.0750021000         2.5200000000         1.3429439823         4.5983349875         0.1569100852
        2.0800017000         2.5200000000         1.3352870017         4.5906793551        -0.0425518875
        2.0850014000         2.5200000000         1.3378393285         4.5906793551         0.0239354367
        2.0900010000         2.5200000000         1.3301823480         4.5855756002        -0.1755265360
        2.0950010000         2.5200000000         1.3429439823         4.5983349875         0.1569100852
        2.1000018000         2.5200000000         1.3327346748         4.5855756002        -0.1090392117
        2.1050011000         2.5200000000         1.3378393285         4.5932312326         0.0239354367
        2.1100024000         2.5200000000         1.3301823480         4.5881274777        -0.1755265360
        2.1150014000         2.5200000000         1.3429439823         4.5906793551         0.1569100852
        2.1200027000         2.5200000000         1.3352870017         4.5906793551        -0.0425518875
        2.1250012000         2.5200000000         1.3378393285         4.5906793551         0.0239354367
        2.1300012000         2.5200000000         1.3327346748         4.5830237228        -0.1090392117
        2.1350011000         2.5200000000         1.3352870017         4.5906793551        -0.0425518875
        2.1400030000         2.5200000000         1.3250776943         4.5855756002        -0.3085011844
        2.1450011000         2.5200000000         1.3352870017         4.5906793551        -0.0425518875
        2.1500037000         2.5200000000         1.3429439823         4.5957831101         0.1569100852
        2.1550016000         2.5200000000         1.3301823480         4.5906793551        -0.1755265360
        2.1600024000         2.5200000000         1.3352870017         4.5906793551        -0.0425518875
        2.1650026000         2.5200000000         1.3301823480         4.5881274777        -0.1755265360
        2.1700013000         2.5200000000         1.3301823480         4.5855756002        -0.1755265360
        2.1750020000         2.5200000000         1.3454963091         4.5983349875         0.2233974094
        2.1800011000         2.5200000000         1.3352870017         4.5906793551        -0.0425518875
        2.1850045000         2.5200000000         1.3352870017         4.5906793551        -0.0425518875
        2.1900019000         2.5200000000         1.3352870017         4.5983349875        -0.0425518875
        2.1950013000         2.5200000000         1.3301823480         4.5830237228        -0.1755265360
        2.2000021000         2.5200000000         1.3352870017         4.5906793551        -0.0425518875
        2.2050013000         2.5200000000         1.3429439823         4.5957831101         0.1569100852
        2.2100012000         2.5200000000         1.3403916554         4.5957831101         0.0904227609
        2.2150011000         2.5200000000         1.3378393285         4.5881274777         0.0239354367
        2.2200026000         2.5200000000         1.3301823480         4.5855756002        -0.1755265360
        2.2250012000         2.5200000000         1.3352870017         4.5881274777        -0.0425518875
        2.2300067000         2.5200000000         1.3301823480         4.5855756002        -0.1755265360
        2.2350039000         2.5200000000         1.3352870017         4.5906793551        -0.0425518875
        2.2400029000         2.5200000000         1.3454963091         4.5932312326         0.2233974094
        2.2450018000         2.5200000000         1.3429439823         4.5983349875         0.1569100852
        2.2500013000         2.5200000000         1.3301823480         4.5855756002        -0.1755265360
        2.2550010000         2.5200000000         1.3352870017         4.5906793551        -0.0425518875
        2.2600010000         2.5200000000         1.3429439823         4.5983349875         0.1569100852
        2.2650037000         2.5200000000         1.3352870017         4.5906793551        -0.0425518875
        2.2700019000         2.5200000000         1.3352870017         4.5906793551        -0.0425518875
        2.2750024000         2.5200000000         1.3429439823         4.5983349875         0.1569100852
        2.2800013000         2.5200000000         1.3378393285         4.5881274777         0.0239354367
        2.2850014000         2.5200000000         1.3352870017         4.5881274777        -0.0425518875
        2.2900010000         2.5200000000         1.3454963091         4.5983349875         0.2233974094
        2.2950010000         2.5200000000         1.3378393285         4.5855756002         0.0239354367
        2.3000010000         2.5200000000         1.3352870017         4.5906793551        -0.0425518875
        2.3050016000         2.5200000000         1.3352870017         4.5881274777        -0.0425518875
        2.3100011000         2.5200000000         1.3352870017         4.5932312326        -0.0425518875
        2.3150011000         2.5200000000         1.3378393285         4.5906793551         0.0239354367
        2.3200011000         2.5200000000         1.3378393285         4.5906793551         0.0239354367
        2.3250024000         2.5200000000         1.3378393285         4.5906793551         0.0239354367
        2.3300011000         2.5200000000         1.3301823480         4.5855756002        -0.1755265360
        2.3350022000         2.5200000000         1.3454963091         4.5957831101         0.2233974094
        2.3400011000         2.5200000000         1.3352870017         4.5906793551        -0.0425518875
        2.3450010000         2.5200000000         1.3378393285         4.5906793551         0.0239354367
        2.3500011000         2.5200000000         1.3352870017         4.5881274777        -0.0425518875
        2.3550020000         2.5200000000         1.3352870017         4.5906793551        -0.0425518875
        2.3600033000         2.5200000000         1.3352870017         4.5906793551        -0.0425518875
        2.3650024000         2.5200000000         1.3352870017         4.5906793551        -0.0425518875
        2.3700013000         2.5200000000         1.3403916554         4.5957831101         0.0904227609
        2.3750012000         2.5200000000         1.3301823480         4.5855756002        -0.1755265360
        2.3800010000         2.5200000000         1.3352870017         4.5932312326        -0.0425518875
        2.3850016000         2.5200000000         1.3378393285         4.5906793551         0.0239354367
        2.3900011000         2.5200000000         1.3429439823         4.5983349875         0.1569100852
        2.3950011000         2.5200000000         1.3378393285         4.5906793551         0.0239354367
        2.4000010000         2.5200000000         1.3352870017         4.5957831101        -0.0425518875
        2.4050011000         2.5200000000         1.3276300211         4.5855756002        -0.2420138602
        2.4100011000         2.5200000000         1.3403916554         4.5906793551         0.0904227609
        2.4150010000         2.5200000000         1.3378393285         4.5906793551         0.0239354367
        2.4200011000         2.5200000000         1.3352870017         4.5906793551        -0.0425518875
        2.4250024000         2.5200000000         1.3352870017         4.5906793551        -0.0425518875
        2.4300012000         2.5200000000         1.3480486360         4.5957831101         0.2898847336
        2.4350013000         2.5200000000         1.3301823480         4.5881274777        -0.1755265360
        2.4400015000         2.5200000000         1.3352870017         4.5932312326        -0.0425518875
        2.4450011000         2.5200000000         1.3352870017         4.5906793551        -0.0425518875
        2.4500036000         2.5200000000         1.3301823480         4.5881274777        -0.1755265360
        2.4550025000         2.5200000000         1.3378393285         4.5932312326         0.0239354367
        2.4600012000         2.5200000000         1.3352870017         4.5855756002        -0.0425518875
        2.4650011000         2.5200000000         1.3352870017         4.5983349875        -0.0425518875
        2.4700010000         2.5200000000         1.3301823480         4.5855756002        -0.1755265360
        2.4750017000         2.5200000000         1.3403916554         4.5957831101         0.0904227609
        2.4800011000         2.5200000000         1.3301823480         4.5932312326        -0.1755265360
        2.4850023000         2.5200000000         1.3429439823         4.5957831101         0.1569100852
        2.4900013000         2.5200000000         1.3352870017         4.5906793551        -0.0425518875
        2.4950015000         2.5200000000         1.3429439823         4.5957831101         0.1569100852
        2.5000013000         2.5200000000         1.3301823480         4.5932312326        -0.1755265360
        2.5050533000         2.5200000000         1.3429439823         4.5983349875         0.1569100852
        2.5100016000         2.5200000000         1.3352870017         4.5932312326        -0.0425518875
        2.5150023000         2.5200000000         1.3352870017         4.5906793551        -0.0425518875
        2.5200011000         2.5200000000         1.3403916554         4.5983349875         0.0904227609
        2.5250012000         2.5200000000         1.3378393285         4.5906793551         0.0239354367
        2.5300027000         2.5200000000         1.3352870017         4.5906793551        -0.0425518875
        2.5350015000         2.5200000000         1.3352870017         4.5881274777        -0.0425518875
        2.5400012000         2.5200000000         1.3429439823         4.5957831101         0.1569100852
        2.5450011000         2.5200000000         1.3301823480         4.5855756002        -0.1755265360
        2.5500013000         2.5200000000         1.3352870017         4.5906793551        -0.0425518875
        2.5550012000         2.5200000000         1.3429439823         4.5932312326         0.1569100852
        2.5600018000         2.5200000000         1.3301823480         4.5855756002        -0.1755265360
        2.5650013000         2.5200000000         1.3403916554         4.5957831101         0.0904227609
        2.5700012000         2.5200000000         1.3352870017         4.5906793551        -0.0425518875
        2.5750023000         2.5200000000         1.3403916554         4.5932312326         0.0904227609
        2.5800014000         2.5200000000         1.3429439823         4.5983349875         0.1569100852
        2.5850012000         2.5200000000         1.3352870017         4.5906793551        -0.0425518875
        2.5900013000         2.5200000000         1.3429439823         4.5983349875         0.1569100852
        2.5950011000         2.5200000000         1.3378393285         4.5855756002         0.0239354367
        2.6000011000         2.5200000000         1.3352870017         4.5906793551        -0.0425518875
        2.6050011000         2.5200000000         1.3352870017         4.5906793551        -0.0425518875
        2.6100042000         2.5200000000         1.3403916554         4.5906793551         0.0904227609
        2.6150025000         2.5200000000         1.3301823480         4.5906793551        -0.1755265360
        2.6200028000         2.5200000000         1.3378393285         4.5906793551         0.0239354367
        2.6250031000         2.5200000000         1.3378393285         4.5906793551         0.0239354367
        2.6300015000         2.5200000000         1.3352870017         4.5881274777        -0.0425518875
        2.6350013000         2.5200000000         1.3352870017         4.5881274777        -0.0425518875
        2.6400011000         2.5200000000         1.3480486360         4.5957831101         0.2898847336
        2.6450031000         2.5200000000         1.3378393285         4.5830237228         0.0239354367
        2.6500014000         2.5200000000         1.3276300211         4.5855756002        -0.2420138602
        2.6550020000         2.5200000000         1.3454963091         4.5983349875         0.2233974094
        2.6600014000         2.5200000000         1.3327346748         4.5906793551        -0.1090392117
        2.6650023000         2.5200000000         1.3352870017         4.5906793551        -0.0425518875
        2.6700012000         2.5200000000         1.3352870017         4.5932312326        -0.0425518875
        2.6750020000         2.5200000000         1.3301823480         4.5855756002        -0.1755265360
        2.6800028000         2.5200000000         1.3403916554         4.5957831101         0.0904227609
        2.6850019000         2.5200000000         1.3403916554         4.5855756002         0.0904227609
        2.6900019000         2.5200000000         1.3378393285         4.5881274777         0.0239354367
        2.6950010000         2.5200000000         1.3352870017         4.5881274777        -0.0425518875
        2.7000023000         2.5200000000         1.3352870017         4.5906793551        -0.0425518875
        2.7050011000         2.5200000000         1.3429439823         4.5983349875         0.1569100852
        2.7100010000         2.5200000000         1.3301823480         4.5830237228        -0.1755265360
        2.7150010000         2.5200000000         1.3454963091         4.5957831101         0.2233974094
        2.7200018000         2.5200000000         1.3301823480         4.5855756002        -0.1755265360
        2.7250011000         2.5200000000         1.3378393285         4.5906793551         0.0239354367
        2.7300010000         2.5200000000         1.3429439823         4.5983349875         0.1569100852
        2.7350031000         2.5200000000         1.3429439823         4.5957831101         0.1569100852
        2.7400034000         2.5200000000         1.3301823480         4.5855756002        -0.1755265360
        2.7450013000         2.5200000000         1.3352870017         4.5881274777        -0.0425518875
        2.7500020000         2.5200000000         1.3301823480         4.5855756002        -0.1755265360
        2.7550012000         2.5200000000         1.3531532897         4.5957831101         0.4228593821
        2.7600020000         2.5200000000         1.3301823480         4.5855756002        -0.1755265360
        2.7650013000         2.5200000000         1.3378393285         4.5830237228         0.0239354367
        2.7700011000         2.5200000000         1.3352870017         4.5932312326        -0.0425518875
        2.7750011000         2.5200000000         1.3301823480         4.5830237228        -0.1755265360
        2.7800041000         2.5200000000         1.3352870017         4.5906793551        -0.0425518875
        2.7850015000         2.5200000000         1.3352870017         4.5881274777        -0.0425518875
        2.7900012000         2.5200000000         1.3327346748         4.5855756002        -0.1090392117
        2.7950017000         2.5200000000         1.3352870017         4.5906793551        -0.0425518875
        2.8000024000         2.5200000000         1.3429439823         4.5983349875         0.1569100852
        2.8050020000         2.5200000000         1.3378393285         4.5906793551         0.0239354367
        2.8100021000         2.5200000000         1.3429439823         4.5983349875         0.1569100852
        2.8150012000         2.5200000000         1.3301823480         4.5855756002        -0.1755265360
        2.8200010000         2.5200000000         1.3403916554         4.5906793551         0.0904227609
        2.8250070000         2.5200000000         1.3378393285         4.5906793551         0.0239354367
        2.8300026000         2.5200000000         1.3403916554         4.5881274777         0.0904227609
        2.8350023000         2.5200000000         1.3352870017         4.5830237228        -0.0425518875
        2.8400012000         2.5200000000         1.3352870017         4.5906793551        -0.0425518875
        2.8450021000         2.5200000000         1.3352870017         4.5906793551        -0.0425518875
        2.8500011000         2.5200000000         1.3301823480         4.5830237228        -0.1755265360
        2.8550147000         2.5200000000         1.3276300211         4.5830237228        -0.2420138602
        2.8600024000         2.5200000000         1.3276300211         4.5881274777        -0.2420138602
        2.8650014000         2.5200000000         1.3378393285         4.5906793551         0.0239354367
        2.8700016000         2.5200000000         1.3301823480         4.5855756002        -0.1755265360
        2.8750012000         2.5200000000         1.3352870017         4.5932312326        -0.0425518875
        2.8800017000         2.5200000000         1.3327346748         4.5830237228        -0.1090392117
        2.8850011000         2.5200000000         1.3352870017         4.5881274777        -0.0425518875
        2.8900016000         2.5200000000         1.3352870017         4.5906793551        -0.0425518875
        2.8950010000         2.5200000000         1.3454963091         4.5881274777         0.2233974094
        2.9000017000         2.5200000000         1.3352870017         4.5906793551        -0.0425518875
        2.9050012000         2.5200000000         1.3327346748         4.5855756002        -0.1090392117
        2.9100025000         2.5200000000         1.3352870017         4.5906793551        -0.0425518875
        2.9150010000         2.5200000000         1.3352870017         4.5855756002        -0.0425518875
        2.9200010000         2.5200000000         1.3403916554         4.6008868650         0.0904227609
        2.9250011000         2.5200000000         1.3378393285         4.5906793551         0.0239354367
        2.9300012000         2.5200000000         1.3301823480         4.5830237228        -0.1755265360
        2.9350010000         2.5200000000         1.3429439823         4.5957831101         0.1569100852
        2.9400027000         2.5200000000         1.3378393285         4.5906793551         0.0239354367
        2.9450016000         2.5200000000         1.3301823480         4.5855756002        -0.1755265360
        2.9500023000         2.5200000000         1.3429439823         4.5957831101         0.1569100852
        2.9550014000         2.5200000000         1.3352870017         4.5906793551        -0.0425518875
        2.9600044000         2.5200000000         1.3352870017         4.5906793551        -0.0425518875
        2.9650026000         2.5200000000         1.3352870017         4.5906793551        -0.0425518875
        2.9700022000         2.5200000000         1.3352870017         4.5906793551        -0.0425518875
        2.9750013000         2.5200000000         1.3301823480         4.5855756002        -0.1755265360
        2.9800017000         2.5200000000         1.3429439823         4.5983349875         0.1569100852
        2.9850021000         2.5200000000         1.3378393285         4.5906793551         0.0239354367
        2.9900013000         2.5200000000         1.3352870017         4.5932312326        -0.0425518875
        2.9950010000         2.5200000000         1.3429439823         4.5957831101         0.1569100852
        3.0000010000         2.5200000000         1.3352870017         4.5906793551        -0.0425518875
        3.0050028000         2.5200000000         1.3454963091         4.5906793551         0.2233974094
        3.0100021000         2.5200000000         1.3352870017         4.5906793551        -0.0425518875
        3.0150096000         2.5200000000         1.3301823480         4.5855756002        -0.1755265360
        3.0200010000         2.5200000000         1.3301823480         4.5855756002        -0.1755265360
        3.0250010000         2.5200000000         1.3429439823         4.5957831101         0.1569100852
        3.0300010000         2.5200000000         1.3352870017         4.5906793551        -0.0425518875
        3.0350019000         2.5200000000         1.3429439823         4.5983349875         0.1569100852
        3.0400026000         2.5200000000         1.3301823480         4.5855756002        -0.1755265360
        3.0450016000         2.5200000000         1.3403916554         4.5983349875         0.0904227609
        3.0500016000         2.5200000000         1.3429439823         4.5983349875         0.1569100852
        3.0550011000         2.5200000000         1.3301823480         4.5855756002        -0.1755265360
        3.0600014000         2.5200000000         1.3352870017         4.5906793551        -0.0425518875
        3.0650022000         2.5200000000         1.3301823480         4.5855756002        -0.1755265360
        3.0700012000         2.5200000000         1.3301823480         4.5906793551        -0.1755265360
        3.0750026000         2.5200000000         1.3403916554         4.5932312326         0.0904227609
        3.0800023000         2.5200000000         1.3352870017         4.5983349875        -0.0425518875
        3.0850018000         2.5200000000         1.3378393285         4.5906793551         0.0239354367
        3.0900012000         2.5200000000         1.3352870017         4.5906793551        -0.0425518875
        3.0950013000         2.5200000000         1.3429439823         4.5932312326         0.1569100852
        3.1000014000         2.5200000000         1.3403916554         4.5957831101         0.0904227609
        3.1050023000         2.5200000000         1.3352870017         4.5906793551        -0.0425518875
        3.1100026000         2.5200000000         1.3301823480         4.5855756002        -0.1755265360
        3.1150013000         2.5200000000         1.3352870017         4.5932312326        -0.0425518875
        3.1200011000         2.5200000000         1.3352870017         4.5932312326        -0.0425518875
        3.1250011000         2.5200000000         1.3403916554         4.5957831101         0.0904227609
        3.1300011000         2.5200000000         1.3352870017         4.5906793551        -0.0425518875
        3.1350017000         2.5200000000         1.3454963091         4.5906793551         0.2233974094
        3.1400035000         2.5200000000         1.3352870017         4.5983349875        -0.0425518875
        3.1450022000         2.5200000000         1.3276300211         4.5906793551        -0.2420138602
        3.1500013000         2.5200000000         1.3352870017         4.5906793551        -0.0425518875
        3.1550044000         2.5200000000         1.3378393285         4.5906793551         0.0239354367
        3.1600014000         2.5200000000         1.3429439823         4.5957831101         0.1569100852
        3.1650022000         2.5200000000         1.3301823480         4.5932312326        -0.1755265360
        3.1700011000         2.5200000000         1.3301823480         4.5855756002        -0.1755265360
        3.1750019000         2.5200000000         1.3429439823         4.5957831101         0.1569100852
        3.1800012000         2.5200000000         1.3352870017         4.5906793551        -0.0425518875
        3.1850043000         2.5200000000         1.3480486360         4.5957831101         0.2898847336
        3.1900028000         2.5200000000         1.3352870017         4.5881274777        -0.0425518875
        3.1950014000         2.5200000000         1.3378393285         4.5932312326         0.0239354367
        3.2000031000         2.5200000000         1.3429439823         4.5957831101         0.1569100852
        3.2050024000         2.5200000000         1.3301823480         4.5830237228        -0.1755265360
        3.2100013000         2.5200000000         1.3352870017         4.5906793551        -0.0425518875
        3.2150012000         2.5200000000         1.3378393285         4.5906793551         0.0239354367
        3.2200011000         2.5200000000         1.3352870017         4.5932312326        -0.0425518875
        3.2250018000         2.5200000000         1.3352870017         4.5906793551        -0.0425518875
        3.2300012000         2.5200000000         1.3301823480         4.5830237228        -0.1755265360
        3.2350024000         2.5200000000         1.3403916554         4.5983349875         0.0904227609
        3.2400013000         2.5200000000         1.3352870017         4.5906793551        -0.0425518875
        3.2450013000         2.5200000000         1.3378393285         4.5906793551         0.0239354367
        3.2500010000         2.5200000000         1.3429439823         4.5983349875         0.1569100852
        3.2550013000         2.5200000000         1.3301823480         4.5830237228        -0.1755265360
        3.2600011000         2.5200000000         1.3429439823         4.5983349875         0.1569100852
        3.2650011000         2.5200000000         1.3327346748         4.5855756002        -0.1090392117
        3.2700010000         2.5200000000         1.3301823480         4.5830237228        -0.1755265360
        3.2750020000         2.5200000000         1.3429439823         4.5983349875         0.1569100852
        3.2800017000         2.5200000000         1.3301823480         4.5855756002        -0.1755265360
        3.2850012000         2.5200000000         1.3378393285         4.5932312326         0.0239354367
        3.2900010000         2.5200000000         1.3352870017         4.5906793551        -0.0425518875
        3.2950011000         2.5200000000         1.3301823480         4.5855756002        -0.1755265360
        3.3000010000         2.5200000000         1.3429439823         4.5983349875         0.1569100852
        3.3050010000         2.5200000000         1.3301823480         4.5830237228        -0.1755265360
        3.3100010000         2.5200000000         1.3429439823         4.5957831101         0.1569100852
        3.3150010000         2.5200000000         1.3352870017         4.5932312326        -0.0425518875
        3.3200034000         2.5200000000         1.3352870017         4.5906793551        -0.0425518875
        3.3250026000         2.5200000000         1.3352870017         4.5881274777        -0.0425518875
        3.3300019000         2.5200000000         1.3403916554         4.5983349875         0.0904227609
        3.3350012000         2.5200000000         1.3301823480         4.5855756002        -0.1755265360
        3.3400024000         2.5200000000         1.3403916554         4.5957831101         0.0904227609
        3.3450012000         2.5200000000         1.3352870017         4.5932312326        -0.0425518875
        3.3500011000         2.5200000000         1.3403916554         4.5983349875         0.0904227609
        3.3550010000         2.5200000000         1.3352870017         4.5906793551        -0.0425518875
        3.3600023000         2.5200000000         1.3301823480         4.5855756002        -0.1755265360
        3.3650023000         2.5200000000         1.3352870017         4.5957831101        -0.0425518875
        3.3700012000         2.5200000000         1.3352870017         4.5932312326        -0.0425518875
        3.3750016000         2.5200000000         1.3429439823         4.5957831101         0.1569100852
        3.3800013000         2.5200000000         1.3352870017         4.5881274777        -0.0425518875
        3.3850019000         2.5200000000         1.3403916554         4.5932312326         0.0904227609
        3.3900013000         2.5200000000         1.3352870017         4.5906793551        -0.0425518875
        3.3950021000         2.5200000000         1.3352870017         4.5906793551        -0.0425518875
        3.4000012000         2.5200000000         1.3301823480         4.5855756002        -0.1755265360
        3.4050012000         2.5200000000         1.3352870017         4.5906793551        -0.0425518875
        3.4100012000         2.5200000000         1.3352870017         4.5906793551        -0.0425518875
        3.4150011000         2.5200000000         1.3301823480         4.5855756002        -0.1755265360
        3.4200011000         2.5200000000         1.3403916554         4.5983349875         0.0904227609
        3.4250019000         2.5200000000         1.3301823480         4.5855756002        -0.1755265360
        3.4300012000         2.5200000000         1.3352870017         4.5906793551        -0.0425518875
        3.4350010000         2.5200000000         1.3352870017         4.5932312326        -0.0425518875
        3.4400010000         2.5200000000         1.3327346748         4.5855756002        -0.1090392117
        3.4450011000         2.5200000000         1.3429439823         4.5983349875         0.1569100852
        3.4500023000         2.5200000000         1.3301823480         4.5855756002        -0.1755265360
        3.4550015000         2.5200000000         1.3403916554         4.5932312326         0.0904227609
        3.4600010000         2.5200000000         1.3352870017         4.5906793551        -0.0425518875
        3.4650010000         2.5200000000         1.3301823480         4.5855756002        -0.1755265360
        3.4700010000         2.5200000000         1.3276300211         4.5855756002        -0.2420138602
        3.4750015000         2.5200000000         1.3429439823         4.5957831101         0.1569100852
        3.4800011000         2.5200000000         1.3327346748         4.5881274777        -0.1090392117
        3.4850036000         2.5200000000         1.3352870017         4.5983349875        -0.0425518875
        3.4900022000         2.5200000000         1.3301823480         4.5906793551        -0.1755265360
        3.4950013000         2.5200000000         1.3352870017         4.5932312326        -0.0425518875
        3.5000010000         2.5200000000         1.3301823480         4.5855756002        -0.1755265360
        3.5050012000         2.5200000000         1.3301823480         4.5830237228        -0.1755265360
        3.5100010000         2.5200000000         1.3429439823         4.5983349875         0.1569100852
        3.5150012000         2.5200000000         1.3352870017         4.5906793551        -0.0425518875
        3.5200010000         2.5200000000         1.3301823480         4.5855756002        -0.1755265360
        3.5250014000         2.5200000000         1.3403916554         4.5906793551         0.0904227609
        3.5300011000         2.5200000000         1.3352870017         4.5906793551        -0.0425518875
        3.5350011000         2.5200000000         1.3352870017         4.5906793551        -0.0425518875
        3.5400020000         2.5200000000         1.3352870017         4.5906793551        -0.0425518875
        3.5450013000         2.5200000000         1.3327346748         4.5855756002        -0.1090392117
        3.5500023000         2.5200000000         1.3403916554         4.5983349875         0.0904227609
        3.5550012000         2.5200000000         1.3327346748         4.5855756002        -0.1090392117
        3.5600011000         2.5200000000         1.3429439823         4.5957831101         0.1569100852
        3.5650010000         2.5200000000         1.3352870017         4.5906793551        -0.0425518875
        3.5700010000         2.5200000000         1.3378393285         4.5906793551         0.0239354367
        3.5750022000         2.5200000000         1.3301823480         4.5881274777        -0.1755265360
        3.5800035000         2.5200000000         1.3352870017         4.5906793551        -0.0425518875
        3.5850081000         2.5200000000         1.3429439823         4.5983349875         0.1569100852
        3.5900032000         2.5200000000         1.3403916554         4.5957831101         0.0904227609
        3.5950028000         2.5200000000         1.3378393285         4.5906793551         0.0239354367
        3.6000031000         2.5200000000         1.3352870017         4.5906793551        -0.0425518875
        3.6050023000         2.5200000000         1.3327346748         4.5855756002        -0.1090392117
        3.6100026000         2.5200000000         1.3403916554         4.5881274777         0.0904227609
        3.6150021000         2.5200000000         1.3378393285         4.5881274777         0.0239354367
        3.6200019000         2.5200000000         1.3301823480         4.5855756002        -0.1755265360
        3.6250010000         2.5200000000         1.3429439823         4.5983349875         0.1569100852
        3.6300011000         2.5200000000         1.3378393285         4.5906793551         0.0239354367
        3.6350014000         2.5200000000         1.3378393285         4.5881274777         0.0239354367
        3.6400012000         2.5200000000         1.3352870017         4.5881274777        -0.0425518875
        3.6450025000         2.5200000000         1.3429439823         4.5881274777         0.1569100852
        3.6500014000         2.5200000000         1.3352870017         4.5906793551        -0.0425518875
        3.6550014000         2.5200000000         1.3301823480         4.5855756002        -0.1755265360
        3.6600012000         2.5200000000         1.3429439823         4.5983349875         0.1569100852
        3.6650011000         2.5200000000         1.3276300211         4.5881274777        -0.2420138602
        3.6700011000         2.5200000000         1.3403916554         4.5932312326         0.0904227609
        3.6750018000         2.5200000000         1.3327346748         4.5855756002        -0.1090392117
        3.6800012000         2.5200000000         1.3429439823         4.5957831101         0.1569100852
        3.6850010000         2.5200000000         1.3352870017         4.5881274777        -0.0425518875
        3.6900011000         2.5200000000         1.3352870017         4.5906793551        -0.0425518875
        3.6950012000         2.5200000000         1.3352870017         4.5906793551        -0.0425518875
        3.7000024000         2.5200000000         1.3352870017         4.5906793551        -0.0425518875
        3.7050013000         2.5200000000         1.3301823480         4.5855756002        -0.1755265360
        3.7100025000         2.5200000000         1.3352870017         4.5906793551        -0.0425518875
        3.7150013000         2.5200000000         1.3429439823         4.5957831101         0.1569100852
        3.7200010000         2.5200000000         1.3301823480         4.5855756002        -0.1755265360
        3.7250011000         2.5200000000         1.3429439823         4.5957831101         0.1569100852
        3.7300024000         2.5200000000         1.3352870017         4.5932312326        -0.0425518875
        3.7350029000         2.5200000000         1.3301823480         4.5830237228        -0.1755265360
        3.7400026000         2.5200000000         1.3352870017         4.5932312326        -0.0425518875
        3.7450013000         2.5200000000         1.3378393285         4.5932312326         0.0239354367
        3.7500021000         2.5200000000         1.3301823480         4.5855756002        -0.1755265360
        3.7550012000         2.5200000000         1.3403916554         4.5983349875         0.0904227609
        3.7600011000         2.5200000000         1.3352870017         4.5932312326        -0.0425518875
        3.7650011000         2.5200000000         1.3352870017         4.5906793551        -0.0425518875
        3.7700012000         2.5200000000         1.3429439823         4.5983349875         0.1569100852
        3.7750029000         2.5200000000         1.3378393285         4.5881274777         0.0239354367
        3.7800014000         2.5200000000         1.3378393285         4.5906793551         0.0239354367
        3.7850023000         2.5200000000         1.3454963091         4.5932312326         0.2233974094
        3.7900084000         2.5200000000         1.3429439823         4.5957831101         0.1569100852
        3.7950046000         2.5200000000         1.3403916554         4.5957831101         0.0904227609
        3.8000032000         2.5200000000         1.3327346748         4.5855756002        -0.1090392117
        3.8050053000         2.5200000000         1.3352870017         4.5906793551        -0.0425518875
        3.8100070000         2.5200000000         1.3352870017         4.5906793551        -0.0425518875
        3.8150025000         2.5200000000         1.3276300211         4.5855756002        -0.2420138602
        3.8200021000         2.5200000000         1.3403916554         4.5957831101         0.0904227609
        3.8250042000         2.5200000000         1.3378393285         4.5855756002         0.0239354367
        3.8300026000         2.5200000000         1.3352870017         4.5881274777        -0.0425518875
        3.8350015000         2.5200000000         1.3454963091         4.5957831101         0.2233974094
        3.8400020000         2.5200000000         1.3403916554         4.5881274777         0.0904227609
        3.8450015000         2.5200000000         1.3301823480         4.5855756002        -0.1755265360
        3.8500018000         2.5200000000         1.3301823480         4.5906793551        -0.1755265360
        3.8550015000         2.5200000000         1.3403916554         4.5957831101         0.0904227609
        3.8600058000         2.5200000000         1.3352870017         4.5906793551        -0.0425518875
        3.8650019000         2.5200000000         1.3352870017         4.5906793551        -0.0425518875
        3.8700018000         2.5200000000         1.3352870017         4.5830237228        -0.0425518875
        3.8750478000         2.5200000000         1.3429439823         4.5983349875         0.1569100852
        3.8800019000         2.5200000000         1.3352870017         4.5983349875        -0.0425518875
        3.8856073000         2.5200000000         1.3429439823         4.5983349875         0.1569100852
        3.8900021000         2.5200000000         1.3378393285         4.5983349875         0.0239354367
        3.8950039000         2.5200000000         1.3378393285         4.5957831101         0.0239354367
        3.9000027000         2.5200000000         1.3301823480         4.5855756002        -0.1755265360
        3.9050030000         2.5200000000         1.3301823480         4.5855756002        -0.1755265360
        3.9100012000         2.5200000000         1.3352870017         4.5906793551        -0.0425518875
        3.9150021000         2.5200000000         1.3429439823         4.5983349875         0.1569100852
        3.9200016000         2.5200000000         1.3352870017         4.5932312326        -0.0425518875
        3.9250384000         2.5200000000         1.3352870017         4.5932312326        -0.0425518875
        3.9300029000         2.5200000000         1.3403916554         4.5855756002         0.0904227609
        3.9350023000         2.5200000000         1.3403916554         4.5957831101         0.0904227609
        3.9400017000         2.5200000000         1.3429439823         4.5881274777         0.1569100852
        3.9450012000         2.5200000000         1.3378393285         4.5906793551         0.0239354367
        3.9500042000         2.5200000000         1.3378393285         4.5881274777         0.0239354367
        3.9550012000         2.5200000000         1.3454963091         4.5906793551         0.2233974094
        3.9600017000         2.5200000000         1.3301823480         4.5830237228        -0.1755265360
        3.9650011000         2.5200000000         1.3352870017         4.5932312326        -0.0425518875
        3.9700021000         2.5200000000         1.3403916554         4.5983349875         0.0904227609
        3.9750015000         2.5200000000         1.3301823480         4.5830237228        -0.1755265360
        3.9800010000         2.5200000000         1.3378393285         4.5906793551         0.0239354367
        3.9850020000         2.5200000000         1.3352870017         4.5881274777        -0.0425518875
        3.9900017000         2.5200000000         1.3352870017         4.5906793551        -0.0425518875
        3.9950012000         2.5200000000         1.3378393285         4.5983349875         0.0239354367
