% Motor Sweep Step 108/180
% Vcmd       = 1.8000 [V]
% Direction  = CCW
% Zone       = OUTER
% Vg_offset  = 1.336920 [V]
% K_gimbal   = 26.049690 [(rad/s)/V]

Time[s]              Vcmd[V]              Vg_raw[V]            Pot[V]               Omega[rad/s]
        0.0000058000         1.8000000000         1.3378393285         4.6697875564         0.0239354367
        0.0050020000         1.8000000000         1.3403916554         4.6748913113         0.0904227609
        0.0100013000         1.8000000000         1.3352870017         4.6723394338        -0.0425518875
        0.0150012000         1.8000000000         1.3378393285         4.6723394338         0.0239354367
        0.0200031000         1.8000000000         1.3225253674         4.6672356789        -0.3749885086
        0.0250031000         1.8000000000         1.1693857560         4.6646838015        -4.3642279622
        0.0300021000         1.8000000000         1.2204322931         4.6391650269        -3.0344814777
        0.0350032000         1.8000000000         1.2178799663         4.6417169043        -3.1009688019
        0.0400533000         1.8000000000         1.1770427366         4.6187500072        -4.1647659896
        0.0450030000         1.8000000000         1.2025660052         4.6110943748        -3.4998927473
        0.0500014000         1.8000000000         1.1770427366         4.5830237228        -4.1647659896
        0.0550012000         1.8000000000         1.1795950634         4.5728162129        -4.0982786653
        0.0600023000         1.8000000000         1.1617287755         4.5626087031        -4.5636899349
        0.0650012000         1.8000000000         1.1489671412         4.5370899285        -4.8961265561
        0.0700018000         1.8000000000         1.1642811023         4.5217786637        -4.4972026107
        0.0750013000         1.8000000000         1.1464148143         4.4886042568        -4.9626138803
        0.0800011000         1.8000000000         1.1489671412         4.4732929920        -4.8961265561
        0.0850019000         1.8000000000         1.1438624875         4.4656373597        -5.0291012045
        0.0900013000         1.8000000000         1.1336531800         4.4324629527        -5.2950505014
        0.0950011000         1.8000000000         1.1489671412         4.4197035654        -4.8961265561
        0.1000011000         1.8000000000         1.1311008532         4.4018404232        -5.3615378256
        0.1050022000         1.8000000000         1.1208915457         4.3686660162        -5.6274871225
        0.1100017000         1.8000000000         1.1132345652         4.3482509965        -5.8269490952
        0.1150025000         1.8000000000         1.1336531800         4.3380434867        -5.2950505014
        0.1200014000         1.8000000000         1.1081299115         4.3048690797        -5.9599237437
        0.1250010000         1.8000000000         1.1208915457         4.2895578150        -5.6274871225
        0.1300011000         1.8000000000         1.1132345652         4.2691427953        -5.8269490952
        0.1350012000         1.8000000000         1.1055775846         4.2436240207        -6.0264110679
        0.1400011000         1.8000000000         1.1106822383         4.2206571236        -5.8934364195
        0.1450023000         1.8000000000         1.1234438726         4.2002421039        -5.5609997983
        0.1500030000         1.8000000000         1.0902636235         4.1670676969        -6.4253350133
        0.1550025000         1.8000000000         1.1030252578         4.1543083097        -6.0928983921
        0.1600012000         1.8000000000         1.1004729309         4.1262376576        -6.1593857164
        0.1650017000         1.8000000000         1.1157868920         4.1007188830        -5.7604617710
        0.1700013000         1.8000000000         1.0902636235         4.0828557408        -6.4253350133
        0.1750011000         1.8000000000         1.1004729309         4.0445775789        -6.1593857164
        0.1800012000         1.8000000000         1.0877112966         4.0267144367        -6.4918223375
        0.1850024000         1.8000000000         1.0826066429         3.9960919072        -6.6247969859
        0.1900020000         1.8000000000         1.0877112966         3.9731250101        -6.4918223375
        0.1950012000         1.8000000000         1.0953682772         3.9527099904        -6.2923603648
        0.2000015000         1.8000000000         1.0749496623         3.9348468482        -6.8242589586
        0.2050012000         1.8000000000         1.0775019892         3.9016724412        -6.7577716344
        0.2100018000         1.8000000000         1.0928159503         3.8787055441        -6.3588476890
        0.2150013000         1.8000000000         1.0800543160         3.8506348920        -6.6912843102
        0.2200011000         1.8000000000         1.0800543160         3.8276679949        -6.6912843102
        0.2250012000         1.8000000000         1.0698450086         3.8021492203        -6.9572336071
        0.2300013000         1.8000000000         1.0723973355         3.7664229359        -6.8907462829
        0.2350011000         1.8000000000         1.0928159503         3.7511116711        -6.3588476890
        0.2400040000         1.8000000000         1.0775019892         3.7204891416        -6.7577716344
        0.2450014000         1.8000000000         1.0698450086         3.6949703670        -6.9572336071
        0.2500012000         1.8000000000         1.0672926818         3.6668997150        -7.0237209313
        0.2550011000         1.8000000000         1.0775019892         3.6388290629        -6.7577716344
        0.2600012000         1.8000000000         1.0749496623         3.6107584109        -6.8242589586
        0.2650020000         1.8000000000         1.0775019892         3.5852396363        -6.7577716344
        0.2700012000         1.8000000000         1.0545310475         3.5546171068        -7.3561575524
        0.2750018000         1.8000000000         1.0723973355         3.5393058420        -6.8907462829
        0.2800012000         1.8000000000         1.0698450086         3.4984758027        -6.9572336071
        0.2850022000         1.8000000000         1.0698450086         3.4780607830        -6.9572336071
        0.2900015000         1.8000000000         1.0723973355         3.4525420084        -6.8907462829
        0.2950013000         1.8000000000         1.0621880280         3.4244713564        -7.1566955798
        0.3000018000         1.8000000000         1.0647403549         3.3938488269        -7.0902082555
        0.3050012000         1.8000000000         1.0698450086         3.3683300523        -6.9572336071
        0.3100021000         1.8000000000         1.0621880280         3.3453631551        -7.1566955798
        0.3150013000         1.8000000000         1.0570833743         3.3121887482        -7.2896702282
        0.3200016000         1.8000000000         1.0570833743         3.2841180961        -7.2896702282
        0.3250013000         1.8000000000         1.0647403549         3.2611511990        -7.0902082555
        0.3300034000         1.8000000000         1.0519787206         3.2305286695        -7.4226448767
        0.3350018000         1.8000000000         1.0545310475         3.2050098949        -7.3561575524
        0.3400012000         1.8000000000         1.0621880280         3.1692836105        -7.1566955798
        0.3450019000         1.8000000000         1.0545310475         3.1437648359        -7.3561575524
        0.3500015000         1.8000000000         1.0341124326         3.1131423064        -7.8880561463
        0.3550011000         1.8000000000         1.0596357012         3.0850716543        -7.2231829040
        0.3600010000         1.8000000000         1.0570833743         3.0544491248        -7.2896702282
        0.3650032000         1.8000000000         1.0596357012         3.0263784728        -7.2231829040
        0.3700026000         1.8000000000         1.0494263938         2.9957559433        -7.4891322009
        0.3750013000         1.8000000000         1.0494263938         2.9676852912        -7.4891322009
        0.3800021000         1.8000000000         1.0621880280         2.9498221490        -7.1566955798
        0.3850035000         1.8000000000         1.0443217401         2.9089921097        -7.6221068493
        0.3900013000         1.8000000000         1.0545310475         2.8809214576        -7.3561575524
        0.3950011000         1.8000000000         1.0443217401         2.8630583154        -7.6221068493
        0.4000021000         1.8000000000         1.0392170863         2.8222282761        -7.7550814978
        0.4050017000         1.8000000000         1.0570833743         2.7916057465        -7.2896702282
        0.4100011000         1.8000000000         1.0468740669         2.7762944818        -7.5556195251
        0.4150025000         1.8000000000         1.0468740669         2.7380163199        -7.5556195251
        0.4200013000         1.8000000000         1.0443217401         2.7124975453        -7.6221068493
        0.4250016000         1.8000000000         1.0545310475         2.6895306482        -7.3561575524
        0.4300012000         1.8000000000         1.0494263938         2.6640118736        -7.4891322009
        0.4350055000         1.8000000000         1.0468740669         2.6308374666        -7.5556195251
        0.4400013000         1.8000000000         1.0468740669         2.6002149371        -7.5556195251
        0.4450011000         1.8000000000         1.0519787206         2.5746961625        -7.4226448767
        0.4500012000         1.8000000000         1.0417694132         2.5415217556        -7.6885941736
        0.4550011000         1.8000000000         1.0596357012         2.5108992261        -7.2231829040
        0.4600011000         1.8000000000         1.0443217401         2.4828285740        -7.6221068493
        0.4650011000         1.8000000000         1.0494263938         2.4496541670        -7.4891322009
        0.4700023000         1.8000000000         1.0417694132         2.4241353924        -7.6885941736
        0.4750018000         1.8000000000         1.0545310475         2.3986166179        -7.3561575524
        0.4800013000         1.8000000000         1.0698450086         2.3756497207        -6.9572336071
        0.4850011000         1.8000000000         1.0494263938         2.3475790687        -7.4891322009
        0.4900021000         1.8000000000         1.0596357012         2.3118527843        -7.2231829040
        0.4950015000         1.8000000000         1.0570833743         2.2812302547        -7.2896702282
        0.5000020000         1.8000000000         1.0366647595         2.2455039703        -7.8215688220
        0.5050012000         1.8000000000         1.0621880280         2.2301927056        -7.1566955798
        0.5100012000         1.8000000000         1.0545310475         2.1970182986        -7.3561575524
        0.5150011000         1.8000000000         1.0468740669         2.1714995240        -7.5556195251
        0.5200015000         1.8000000000         1.0468740669         2.1408769945        -7.5556195251
        0.5250021000         1.8000000000         1.0392170863         2.1051507101        -7.7550814978
        0.5300015000         1.8000000000         1.0545310475         2.0770800580        -7.3561575524
        0.5350011000         1.8000000000         1.0392170863         2.0541131609        -7.7550814978
        0.5400009000         1.8000000000         1.0596357012         2.0234906314        -7.2231829040
        0.5450030000         1.8000000000         1.0545310475         1.9954199793        -7.3561575524
        0.5500023000         1.8000000000         1.0417694132         1.9622455724        -7.6885941736
        0.5550014000         1.8000000000         1.0570833743         1.9443824302        -7.2896702282
        0.5600017000         1.8000000000         1.0468740669         1.9112080232        -7.5556195251
        0.5650011000         1.8000000000         1.0468740669         1.8754817388        -7.5556195251
        0.5700019000         1.8000000000         1.0570833743         1.8550667191        -7.2896702282
        0.5750012000         1.8000000000         1.0417694132         1.8193404347        -7.6885941736
        0.5800012000         1.8000000000         1.0545310475         1.8040291699        -7.3561575524
        0.5850020000         1.8000000000         1.0443217401         1.7606472531        -7.6221068493
        0.5900015000         1.8000000000         1.0519787206         1.7427841109        -7.4226448767
        0.5950021000         1.8000000000         1.0468740669         1.7121615814        -7.5556195251
        0.6000012000         1.8000000000         1.0468740669         1.6840909293        -7.5556195251
        0.6050029000         1.8000000000         1.0647403549         1.6636759097        -7.0902082555
        0.6100012000         1.8000000000         1.0519787206         1.6253977478        -7.4226448767
        0.6150028000         1.8000000000         1.0596357012         1.6075346056        -7.2231829040
        0.6200019000         1.8000000000         1.0315601058         1.5769120761        -7.9545434705
        0.6250019000         1.8000000000         1.0392170863         1.5462895465        -7.7550814978
        0.6300012000         1.8000000000         1.0621880280         1.5156670170        -7.1566955798
        0.6350012000         1.8000000000         1.0723973355         1.4927001199        -6.8907462829
        0.6400010000         1.8000000000         1.0392170863         1.4569738355        -7.7550814978
        0.6450012000         1.8000000000         1.0596357012         1.4340069384        -7.2231829040
        0.6500020000         1.8000000000         1.0596357012         1.4033844088        -7.2231829040
        0.6550013000         1.8000000000         1.0621880280         1.3778656343        -7.1566955798
        0.6600011000         1.8000000000         1.0596357012         1.3574506146        -7.2231829040
        0.6650046000         1.8000000000         1.0621880280         1.3242762076        -7.1566955798
        0.6700029000         1.8000000000         1.0545310475         1.3013093105        -7.3561575524
        0.6750022000         1.8000000000         1.0621880280         1.2655830261        -7.1566955798
        0.6800011000         1.8000000000         1.0621880280         1.2400642515        -7.1566955798
        0.6850035000         1.8000000000         1.0596357012         1.2068898445        -7.2231829040
        0.6900033000         1.8000000000         1.0596357012         1.1941304572        -7.2231829040
        0.6950031000         1.8000000000         1.0749496623         1.1584041728        -6.8242589586
        0.7000014000         1.8000000000         1.0621880280         1.1303335207        -7.1566955798
        0.7050032000         1.8000000000         1.0672926818         1.1048147461        -7.0237209313
        0.7100012000         1.8000000000         1.0723973355         1.0869516039        -6.8907462829
        0.7150012000         1.8000000000         1.0621880280         1.0461215646        -7.1566955798
        0.7200011000         1.8000000000         1.0672926818         1.0231546675        -7.0237209313
        0.7250020000         1.8000000000         1.0749496623         1.0052915252        -6.8242589586
        0.7300015000         1.8000000000         1.0596357012         0.9619096084        -7.2231829040
        0.7350027000         1.8000000000         1.0698450086         0.9465983437        -6.9572336071
        0.7400022000         1.8000000000         1.0723973355         0.9108720593        -6.8907462829
        0.7450022000         1.8000000000         1.0647403549         0.8802495297        -7.0902082555
        0.7500011000         1.8000000000         1.0570833743         0.8521788777        -7.2896702282
        0.7550014000         1.8000000000         1.0749496623         0.8292119806        -6.8242589586
        0.7600012000         1.8000000000         1.0672926818         0.8011413285        -7.0237209313
        0.7650011000         1.8000000000         1.0570833743         0.7807263088        -7.2896702282
        0.7700022000         1.8000000000         1.0723973355         0.7501037793        -6.8907462829
        0.7750023000         1.8000000000         1.0672926818         0.7169293724        -7.0237209313
        0.7800013000         1.8000000000         1.0545310475         0.6888587203        -7.3561575524
        0.7850019000         1.8000000000         1.0800543160         0.6684437007        -6.6912843102
        0.7900011000         1.8000000000         1.0647403549         0.6378211711        -7.0902082555
        0.7950022000         1.8000000000         1.0647403549         0.6046467642        -7.0902082555
        0.8000013000         1.8000000000         1.0775019892         0.5867836220        -6.7577716344
        0.8050027000         1.8000000000         1.0647403549         0.5561610925        -7.0902082555
        0.8100023000         1.8000000000         1.0672926818         0.5280904404        -7.0237209313
        0.8150038000         1.8000000000         1.0621880280         0.4949160334        -7.1566955798
        0.8200012000         1.8000000000         1.0647403549         0.4693972588        -7.0902082555
        0.8250018000         1.8000000000         1.0672926818         0.4489822392        -7.0237209313
        0.8300031000         1.8000000000         1.0672926818         0.4158078322        -7.0237209313
        0.8350016000         1.8000000000         1.0672926818         0.3877371802        -7.0237209313
        0.8400023000         1.8000000000         1.0647403549         0.3571146507        -7.0902082555
        0.8450012000         1.8000000000         1.0672926818         0.3315958761        -7.0237209313
        0.8500055000         1.8000000000         1.0723973355         0.3086289789        -6.8907462829
        0.8550014000         1.8000000000         1.0672926818         0.2805583269        -7.0237209313
        0.8600026000         1.8000000000         1.0621880280         0.2473839199        -7.1566955798
        0.8650020000         1.8000000000         1.0749496623         0.2269689002        -6.8242589586
        0.8700035000         1.8000000000         1.0570833743         0.1937944933        -7.2896702282
        0.8750013000         1.8000000000         1.0647403549         0.1606200863        -7.0902082555
        0.8800018000         1.8000000000         1.0596357012         0.1299975568        -7.2231829040
        0.8850012000         1.8000000000         1.0672926818         0.1070306597        -7.0237209313
        0.8900028000         1.8000000000         1.0570833743         0.0764081302        -7.2896702282
        0.8950028000         1.8000000000         1.0570833743         0.0406818457        -7.2896702282
        0.9000029000         1.8000000000         1.0672926818         0.0253705810        -7.0237209313
        0.9050036000         1.8000000000         1.0519787206        -0.0052519485        -7.4226448767
        0.9100039000         1.8000000000         1.0749496623         0.0075074388        -6.8242589586
        0.9150048000         1.8000000000         1.0443217401        -0.0052519485        -7.6221068493
        0.9200039000         1.8000000000         1.0672926818         0.0100593162        -7.0237209313
        0.9250020000         1.8000000000         1.0647403549         1.1073666236        -7.0902082555
        0.9300015000         1.8000000000         1.0443217401         1.0997109912        -7.6221068493
        0.9350041000         1.8000000000         1.0596357012         4.9964278711        -7.2231829040
        0.9400024000         1.8000000000         1.0621880280         5.0091872584        -7.1566955798
        0.9450023000         1.8000000000         1.0417694132         4.9989797486        -7.6885941736
        0.9500018000         1.8000000000         1.0723973355         5.0066353810        -6.8907462829
        0.9550020000         1.8000000000         1.0443217401         5.0091872584        -7.6221068493
        0.9600016000         1.8000000000         1.0545310475         4.9862203613        -7.3561575524
        0.9650020000         1.8000000000         1.0545310475         4.9504940769        -7.3561575524
        0.9700029000         1.8000000000         1.0596357012         4.9300790572        -7.2231829040
        0.9750022000         1.8000000000         1.0494263938         4.8866971404        -7.4891322009
        0.9800018000         1.8000000000         1.0443217401         4.8560746109        -7.6221068493
        0.9850029000         1.8000000000         1.0596357012         4.8356595912        -7.2231829040
        0.9900027000         1.8000000000         1.0647403549         4.8075889392        -7.0902082555
        0.9950043000         1.8000000000         1.0417694132         4.7693107773        -7.6885941736
        1.0000030000         1.8000000000         1.0570833743         4.7437920027        -7.2896702282
        1.0050013000         1.8000000000         1.0698450086         4.7208251056        -6.9572336071
        1.0100015000         1.8000000000         1.0443217401         4.6799950662        -7.6221068493
        1.0150014000         1.8000000000         1.0672926818         4.6595800465        -7.0237209313
        1.0200013000         1.8000000000         1.0417694132         4.6238537621        -7.6885941736
        1.0250022000         1.8000000000         1.0545310475         4.5957831101        -7.3561575524
        1.0300015000         1.8000000000         1.0519787206         4.5728162129        -7.4226448767
        1.0350011000         1.8000000000         1.0545310475         4.5345380510        -7.3561575524
        1.0400010000         1.8000000000         1.0443217401         4.5013636441        -7.6221068493
        1.0450011000         1.8000000000         1.0672926818         4.4835005019        -7.0237209313
        1.0500012000         1.8000000000         1.0366647595         4.4477742174        -7.8215688220
        1.0550011000         1.8000000000         1.0494263938         4.4197035654        -7.4891322009
        1.0600024000         1.8000000000         1.0468740669         4.3865291584        -7.5556195251
        1.0650012000         1.8000000000         1.0519787206         4.3584585064        -7.4226448767
        1.0700014000         1.8000000000         1.0545310475         4.3278359769        -7.3561575524
        1.0750012000         1.8000000000         1.0417694132         4.2921096924        -7.6885941736
        1.0800016000         1.8000000000         1.0519787206         4.2691427953        -7.4226448767
        1.0850012000         1.8000000000         1.0417694132         4.2359683883        -7.6885941736
        1.0900017000         1.8000000000         1.0672926818         4.2181052461        -7.0237209313
        1.0950010000         1.8000000000         1.0519787206         4.1772752068        -7.4226448767
        1.1000019000         1.8000000000         1.0468740669         4.1517564322        -7.5556195251
        1.1050023000         1.8000000000         1.0596357012         4.1313414125        -7.2231829040
        1.1100012000         1.8000000000         1.0494263938         4.0905113732        -7.4891322009
        1.1150030000         1.8000000000         1.0468740669         4.0752001084        -7.5556195251
        1.1200026000         1.8000000000         1.0494263938         4.0394738240        -7.4891322009
        1.1250013000         1.8000000000         1.0417694132         4.0114031719        -7.6885941736
        1.1300018000         1.8000000000         1.0596357012         3.9782287650        -7.2231829040
        1.1350022000         1.8000000000         1.0392170863         3.9527099904        -7.7550814978
        1.1400012000         1.8000000000         1.0341124326         3.9169837060        -7.8880561463
        1.1450021000         1.8000000000         1.0545310475         3.8863611765        -7.3561575524
        1.1500022000         1.8000000000         1.0341124326         3.8557386469        -7.8880561463
        1.1550017000         1.8000000000         1.0494263938         3.8404273822        -7.4891322009
        1.1600011000         1.8000000000         1.0060368372         3.7944935879        -8.6194167127
        1.1650010000         1.8000000000         1.0468740669         3.7740785683        -7.5556195251
        1.1700011000         1.8000000000         1.0570833743         3.7409041613        -7.2896702282
        1.1750021000         1.8000000000         1.0315601058         3.7128335092        -7.9545434705
        1.1800019000         1.8000000000         1.0494263938         3.6898666121        -7.4891322009
        1.1850013000         1.8000000000         1.0290077789         3.6464846953        -8.0210307947
        1.1900011000         1.8000000000         1.0519787206         3.6260696756        -7.4226448767
        1.1950019000         1.8000000000         1.0519787206         3.5979990236        -7.4226448767
        1.2000012000         1.8000000000         1.0162461446         3.5571689842        -8.3534674158
        1.2050020000         1.8000000000         1.0468740669         3.5393058420        -7.5556195251
        1.2100012000         1.8000000000         1.0596357012         3.5035795576        -7.2231829040
        1.2150025000         1.8000000000         1.0290077789         3.4729570281        -8.0210307947
        1.2200012000         1.8000000000         1.0290077789         3.4397826211        -8.0210307947
        1.2250013000         1.8000000000         1.0443217401         3.4117119691        -7.6221068493
        1.2300012000         1.8000000000         1.0596357012         3.3887450720        -7.2231829040
        1.2350018000         1.8000000000         1.0341124326         3.3530187875        -7.8880561463
        1.2400034000         1.8000000000         1.0443217401         3.3275000129        -7.6221068493
        1.2450016000         1.8000000000         1.0494263938         3.2943256060        -7.4891322009
        1.2500022000         1.8000000000         1.0341124326         3.2637030765        -7.8880561463
        1.2550011000         1.8000000000         1.0519787206         3.2407361793        -7.4226448767
        1.2600013000         1.8000000000         1.0290077789         3.1999061400        -8.0210307947
        1.2650016000         1.8000000000         1.0366647595         3.1769392429        -7.8215688220
        1.2700012000         1.8000000000         1.0545310475         3.1488685908        -7.3561575524
        1.2750031000         1.8000000000         1.0290077789         3.1233498162        -8.0210307947
        1.2800029000         1.8000000000         1.0519787206         3.0876235318        -7.4226448767
        1.2850013000         1.8000000000         1.0443217401         3.0646566347        -7.6221068493
        1.2900021000         1.8000000000         1.0545310475         3.0263784728        -7.3561575524
        1.2950015000         1.8000000000         1.0366647595         2.9983078207        -7.8215688220
        1.3000018000         1.8000000000         1.0315601058         2.9651334138        -7.9545434705
        1.3050012000         1.8000000000         1.0621880280         2.9447183941        -7.1566955798
        1.3100023000         1.8000000000         1.0545310475         2.9166477420        -7.3561575524
        1.3150012000         1.8000000000         1.0545310475         2.8834733351        -7.3561575524
        1.3200020000         1.8000000000         1.0366647595         2.8502989281        -7.8215688220
        1.3250017000         1.8000000000         1.0545310475         2.8324357859        -7.3561575524
        1.3300011000         1.8000000000         1.0596357012         2.7916057465        -7.2231829040
        1.3350011000         1.8000000000         1.0417694132         2.7711907269        -7.6885941736
        1.3400044000         1.8000000000         1.0545310475         2.7380163199        -7.3561575524
        1.3450052000         1.8000000000         1.0494263938         2.7176013002        -7.4891322009
        1.3500024000         1.8000000000         1.0519787206         2.6844268933        -7.4226448767
        1.3550013000         1.8000000000         1.0417694132         2.6512524863        -7.6885941736
        1.3600010000         1.8000000000         1.0647403549         2.6308374666        -7.0902082555
        1.3650028000         1.8000000000         1.0494263938         2.6002149371        -7.4891322009
        1.3700014000         1.8000000000         1.0417694132         2.5670405302        -7.6885941736
        1.3750010000         1.8000000000         1.0494263938         2.5440736330        -7.4891322009
        1.3800021000         1.8000000000         1.0621880280         2.5134511035        -7.1566955798
        1.3850022000         1.8000000000         1.0417694132         2.4853804515        -7.6885941736
        1.3900012000         1.8000000000         1.0494263938         2.4496541670        -7.4891322009
        1.3950012000         1.8000000000         1.0621880280         2.4266872699        -7.1566955798
        1.4000047000         1.8000000000         1.0315601058         2.3935128629        -7.9545434705
        1.4050014000         1.8000000000         1.0494263938         2.3654422109        -7.4891322009
        1.4100028000         1.8000000000         1.0468740669         2.3424753138        -7.5556195251
        1.4150020000         1.8000000000         1.0494263938         2.3093009068        -7.4891322009
        1.4200685000         1.8000000000         1.0519787206         2.2837821322        -7.4226448767
        1.4250011000         1.8000000000         1.0417694132         2.2582633576        -7.6885941736
        1.4300011000         1.8000000000         1.0647403549         2.2276408281        -7.0902082555
        1.4350023000         1.8000000000         1.0519787206         2.1995701761        -7.4226448767
        1.4400012000         1.8000000000         1.0468740669         2.1689476465        -7.5556195251
        1.4450010000         1.8000000000         1.0570833743         2.1408769945        -7.2896702282
        1.4500011000         1.8000000000         1.0570833743         2.1204619748        -7.2896702282
        1.4550016000         1.8000000000         1.0621880280         2.0770800580        -7.1566955798
        1.4600011000         1.8000000000         1.0315601058         2.0515612834        -7.9545434705
        1.4650012000         1.8000000000         1.0621880280         2.0285943863        -7.1566955798
        1.4700021000         1.8000000000         1.0468740669         1.9954199793        -7.5556195251
        1.4750016000         1.8000000000         1.0570833743         1.9724530822        -7.2896702282
        1.4800011000         1.8000000000         1.0621880280         1.9520380625        -7.1566955798
        1.4850010000         1.8000000000         1.0494263938         1.9112080232        -7.4891322009
        1.4900032000         1.8000000000         1.0647403549         1.8907930035        -7.0902082555
        1.4950023000         1.8000000000         1.0672926818         1.8601704740        -7.0237209313
        1.5000044000         1.8000000000         1.0723973355         1.8397554543        -6.8907462829
        1.5050021000         1.8000000000         1.0545310475         1.8014772924        -7.3561575524
        1.5100013000         1.8000000000         1.0468740669         1.7759585179        -7.5556195251
        1.5150011000         1.8000000000         1.0647403549         1.7555434982        -7.0902082555
        1.5200042000         1.8000000000         1.0749496623         1.7300247236        -6.8242589586
        1.5250030000         1.8000000000         1.0545310475         1.7019540715        -7.3561575524
        1.5300017000         1.8000000000         1.0800543160         1.6789871744        -6.6912843102
        1.5350011000         1.8000000000         1.0647403549         1.6483646449        -7.0902082555
        1.5400012000         1.8000000000         1.0800543160         1.6279496252        -6.6912843102
        1.5450012000         1.8000000000         1.0723973355         1.6024308506        -6.8907462829
        1.5500011000         1.8000000000         1.0723973355         1.5743601986        -6.8907462829
        1.5550010000         1.8000000000         1.0621880280         1.5437376691        -7.1566955798
        1.5600021000         1.8000000000         1.0698450086         1.5080113847        -6.9572336071
        1.5650013000         1.8000000000         1.0698450086         1.4901482425        -6.9572336071
        1.5700018000         1.8000000000         1.0851589698         1.4748369777        -6.5583096617
        1.5750013000         1.8000000000         1.0672926818         1.4391106933        -7.0237209313
        1.5800012000         1.8000000000         1.0800543160         1.4110400412        -6.6912843102
        1.5850011000         1.8000000000         1.0775019892         1.3778656343        -6.7577716344
        1.5900019000         1.8000000000         1.0723973355         1.3625543695        -6.8907462829
        1.5950013000         1.8000000000         1.0698450086         1.3268280851        -6.9572336071
        1.6000018000         1.8000000000         1.0749496623         1.3064130654        -6.8242589586
        1.6050015000         1.8000000000         1.0647403549         1.2783424134        -7.0902082555
        1.6100027000         1.8000000000         1.0723973355         1.2528236388        -6.8907462829
        1.6150028000         1.8000000000         1.0672926818         1.2247529867        -7.0237209313
        1.6200024000         1.8000000000         1.0672926818         1.1992342121        -7.0237209313
        1.6250013000         1.8000000000         1.0800543160         1.1788191925        -6.6912843102
        1.6300012000         1.8000000000         1.0570833743         1.1405410306        -7.2896702282
        1.6350012000         1.8000000000         1.0902636235         1.1252297658        -6.4253350133
        1.6400012000         1.8000000000         1.0545310475         1.0946072363        -7.3561575524
        1.6450011000         1.8000000000         1.0749496623         1.0639847068        -6.8242589586
        1.6500022000         1.8000000000         1.0621880280         1.0410178097        -7.1566955798
        1.6550014000         1.8000000000         1.0672926818         1.0103952802        -7.0237209313
        1.6600023000         1.8000000000         1.0800543160         0.9899802605        -6.6912843102
        1.6650029000         1.8000000000         1.0570833743         0.9491502211        -7.2896702282
        1.6700014000         1.8000000000         1.0596357012         0.9261833240        -7.2231829040
        1.6750010000         1.8000000000         1.0672926818         0.8981126720        -7.0237209313
        1.6800011000         1.8000000000         1.0723973355         0.8700420199        -6.8907462829
        1.6850011000         1.8000000000         1.0596357012         0.8470751228        -7.2231829040
        1.6900052000         1.8000000000         1.0647403549         0.8113488384        -7.0902082555
        1.6950019000         1.8000000000         1.0621880280         0.7883819412        -7.1566955798
        1.7000014000         1.8000000000         1.0672926818         0.7577594117        -7.0237209313
        1.7050021000         1.8000000000         1.0672926818         0.7322406371        -7.0237209313
        1.7100012000         1.8000000000         1.0545310475         0.7092737400        -7.3561575524
        1.7150021000         1.8000000000         1.0723973355         0.6760993330        -6.8907462829
        1.7200012000         1.8000000000         1.0647403549         0.6531324359        -7.0902082555
        1.7250019000         1.8000000000         1.0570833743         0.6225099064        -7.2896702282
        1.7300012000         1.8000000000         1.0723973355         0.5944392543        -6.8907462829
        1.7350026000         1.8000000000         1.0494263938         0.5663686023        -7.4891322009
        1.7400026000         1.8000000000         1.0647403549         0.5434017052        -7.0902082555
        1.7450014000         1.8000000000         1.0570833743         0.5051235433        -7.2896702282
        1.7500011000         1.8000000000         1.0672926818         0.4847085236        -7.0237209313
        1.7550011000         1.8000000000         1.0596357012         0.4515341166        -7.2231829040
        1.7600011000         1.8000000000         1.0468740669         0.4260153420        -7.5556195251
        1.7650016000         1.8000000000         1.0621880280         0.3928409351        -7.1566955798
        1.7700011000         1.8000000000         1.0545310475         0.3647702830        -7.3561575524
        1.7750028000         1.8000000000         1.0621880280         0.3366996310        -7.1566955798
        1.7800032000         1.8000000000         1.0596357012         0.3060771015        -7.2231829040
        1.7850019000         1.8000000000         1.0494263938         0.2729026945        -7.4891322009
        1.7900017000         1.8000000000         1.0570833743         0.2550395523        -7.2896702282
        1.7950014000         1.8000000000         1.0545310475         0.2142095129        -7.3561575524
        1.8000011000         1.8000000000         1.0494263938         0.1963463707        -7.4891322009
        1.8050085000         1.8000000000         1.0596357012         0.1529644539        -7.2231829040
        1.8100024000         1.8000000000         1.0647403549         0.1299975568        -7.0902082555
        1.8150016000         1.8000000000         1.0570833743         0.1070306597        -7.2896702282
        1.8200012000         1.8000000000         1.0443217401         0.0713043752        -7.6221068493
        1.8250013000         1.8000000000         1.0519787206         0.0406818457        -7.4226448767
        1.8300071000         1.8000000000         1.0519787206         0.0151630711        -7.4226448767
        1.8350030000         1.8000000000         1.0494263938         0.0024036839        -7.4891322009
        1.8400021000         1.8000000000         1.0672926818         0.0100593162        -7.0237209313
        1.8450012000         1.8000000000         1.0392170863         0.0024036839        -7.7550814978
        1.8500038000         1.8000000000         1.0570833743         0.0049555613        -7.2896702282
        1.8550021000         1.8000000000         1.0621880280         1.0997109912        -7.1566955798
        1.8600013000         1.8000000000         1.0468740669         1.0997109912        -7.5556195251
        1.8650030000         1.8000000000         1.0621880280         5.0117391359        -7.1566955798
        1.8700034000         1.8000000000         1.0443217401         5.0066353810        -7.6221068493
        1.8750012000         1.8000000000         1.0417694132         4.9989797486        -7.6885941736
        1.8800011000         1.8000000000         1.0647403549         5.0040835035        -7.0902082555
        1.8850013000         1.8000000000         1.0417694132         4.9938759937        -7.6885941736
        1.8900017000         1.8000000000         1.0545310475         4.9632534642        -7.3561575524
        1.8950013000         1.8000000000         1.0596357012         4.9453903219        -7.2231829040
        1.9000022000         1.8000000000         1.0494263938         4.9096640375        -7.4891322009
        1.9050014000         1.8000000000         1.0545310475         4.8764896306        -7.3561575524
        1.9100011000         1.8000000000         1.0443217401         4.8458671010        -7.6221068493
        1.9150012000         1.8000000000         1.0698450086         4.8229002039        -6.9572336071
        1.9200026000         1.8000000000         1.0494263938         4.7897257969        -7.4891322009
        1.9250014000         1.8000000000         1.0494263938         4.7591032674        -7.4891322009
        1.9300018000         1.8000000000         1.0596357012         4.7310326154        -7.2231829040
        1.9350013000         1.8000000000         1.0443217401         4.6953063310        -7.6221068493
        1.9400022000         1.8000000000         1.0545310475         4.6697875564        -7.3561575524
        1.9450012000         1.8000000000         1.0519787206         4.6391650269        -7.4226448767
        1.9500012000         1.8000000000         1.0494263938         4.6161981297        -7.4891322009
        1.9550026000         1.8000000000         1.0570833743         4.5804718453        -7.2896702282
        1.9600014000         1.8000000000         1.0519787206         4.5421936834        -7.4226448767
        1.9650012000         1.8000000000         1.0417694132         4.5166749088        -7.6885941736
        1.9700014000         1.8000000000         1.0417694132         4.4886042568        -7.6885941736
        1.9750011000         1.8000000000         1.0494263938         4.4503260949        -7.4891322009
        1.9800013000         1.8000000000         1.0443217401         4.4273591978        -7.6221068493
        1.9850011000         1.8000000000         1.0315601058         4.3967366683        -7.9545434705
        1.9900027000         1.8000000000         1.0417694132         4.3686660162        -7.6885941736
        1.9950023000         1.8000000000         1.0570833743         4.3380434867        -7.2896702282
        2.0000026000         1.8000000000         1.0417694132         4.3074209572        -7.6885941736
        2.0050012000         1.8000000000         1.0264554521         4.2716946728        -8.0875181189
        2.0100011000         1.8000000000         1.0443217401         4.2487277756        -7.6221068493
        2.0150012000         1.8000000000         1.0417694132         4.2130014912        -7.6885941736
        2.0200013000         1.8000000000         1.0494263938         4.1874827166        -7.4891322009
        2.0250023000         1.8000000000         1.0162461446         4.1543083097        -8.3534674158
        2.0300012000         1.8000000000         1.0366647595         4.1160301478        -7.8215688220
        2.0350013000         1.8000000000         1.0468740669         4.0956151281        -7.5556195251
        2.0400014000         1.8000000000         1.0264554521         4.0675444760        -8.0875181189
        2.0450014000         1.8000000000         1.0468740669         4.0318181916        -7.5556195251
        2.0500015000         1.8000000000         1.0366647595         4.0139550494        -7.8215688220
        2.0550011000         1.8000000000         1.0417694132         3.9705731326        -7.6885941736
        2.0600021000         1.8000000000         1.0366647595         3.9527099904        -7.8215688220
        2.0650014000         1.8000000000         1.0213507983         3.9093280736        -8.2204927674
        2.0700013000         1.8000000000         1.0443217401         3.8863611765        -7.6221068493
        2.0750012000         1.8000000000         1.0392170863         3.8557386469        -7.7550814978
        2.0800023000         1.8000000000         1.0315601058         3.8200123625        -7.9545434705
        2.0850011000         1.8000000000         1.0187984715         3.7995973429        -8.2869800916
        2.0900020000         1.8000000000         1.0341124326         3.7638710584        -7.8880561463
        2.0950012000         1.8000000000         1.0596357012         3.7306966515        -7.2231829040
        2.1000011000         1.8000000000         1.0315601058         3.7026259994        -7.9545434705
        2.1050011000         1.8000000000         1.0264554521         3.6720034699        -8.0875181189
        2.1100014000         1.8000000000         1.0366647595         3.6388290629        -7.8215688220
        2.1150030000         1.8000000000         1.0392170863         3.6133102883        -7.7550814978
        2.1200024000         1.8000000000         1.0239031252         3.5750321265        -8.1540054432
        2.1250031000         1.8000000000         1.0366647595         3.5571689842        -7.8215688220
        2.1300014000         1.8000000000         1.0519787206         3.5214426998        -7.4226448767
        2.1350013000         1.8000000000         1.0239031252         3.4908201703        -8.1540054432
        2.1400011000         1.8000000000         1.0341124326         3.4601976408        -7.8880561463
        2.1450011000         1.8000000000         1.0290077789         3.4219194789        -8.0210307947
        2.1500021000         1.8000000000         1.0519787206         3.4040563367        -7.4226448767
        2.1550012000         1.8000000000         1.0392170863         3.3708819297        -7.7550814978
        2.1600039000         1.8000000000         1.0264554521         3.3300518904        -8.0875181189
        2.1650024000         1.8000000000         1.0417694132         3.3147406256        -7.6885941736
        2.1700015000         1.8000000000         1.0366647595         3.2739105863        -7.8215688220
        2.1750068000         1.8000000000         1.0468740669         3.2534955666        -7.5556195251
        2.1800029000         1.8000000000         1.0443217401         3.2177692822        -7.6221068493
        2.1850017000         1.8000000000         1.0315601058         3.1896986301        -7.9545434705
        2.1900011000         1.8000000000         1.0468740669         3.1539723457        -7.5556195251
        2.1950011000         1.8000000000         1.0213507983         3.1335573261        -8.2204927674
        2.2000031000         1.8000000000         1.0392170863         3.1003829191        -7.7550814978
        2.2050021000         1.8000000000         1.0239031252         3.0621047572        -8.1540054432
        2.2100027000         1.8000000000         1.0392170863         3.0365859826        -7.7550814978
        2.2150013000         1.8000000000         1.0392170863         3.0034115756        -7.7550814978
        2.2200029000         1.8000000000         1.0060368372         2.9702371687        -8.6194167127
        2.2250022000         1.8000000000         1.0392170863         2.9472702715        -7.7550814978
        2.2300014000         1.8000000000         1.0545310475         2.9191996195        -7.3561575524
        2.2350010000         1.8000000000         1.0341124326         2.8936808449        -7.8880561463
        2.2400022000         1.8000000000         1.0494263938         2.8605064379        -7.4891322009
        2.2450018000         1.8000000000         1.0264554521         2.8273320310        -8.0875181189
        2.2500018000         1.8000000000         1.0596357012         2.8069170113        -7.2231829040
        2.2550011000         1.8000000000         1.0264554521         2.7711907269        -8.0875181189
        2.2600018000         1.8000000000         1.0417694132         2.7329125650        -7.6885941736
        2.2650019000         1.8000000000         1.0341124326         2.7150494228        -7.8880561463
        2.2700011000         1.8000000000         1.0417694132         2.6742193834        -7.6885941736
        2.2750030000         1.8000000000         1.0468740669         2.6538043638        -7.5556195251
        2.2800027000         1.8000000000         1.0366647595         2.6231818342        -7.8215688220
        2.2850013000         1.8000000000         1.0570833743         2.5976630597        -7.2896702282
        2.2900010000         1.8000000000         1.0392170863         2.5644886527        -7.7550814978
        2.2950011000         1.8000000000         1.0417694132         2.5364180006        -7.6885941736
        2.3000014000         1.8000000000         1.0417694132         2.5057954711        -7.6885941736
        2.3050017000         1.8000000000         1.0264554521         2.4751729416        -8.0875181189
        2.3100012000         1.8000000000         1.0545310475         2.4445504121        -7.3561575524
        2.3150017000         1.8000000000         1.0366647595         2.4241353924        -7.8215688220
        2.3200017000         1.8000000000         1.0392170863         2.3858572306        -7.7550814978
        2.3250012000         1.8000000000         1.0519787206         2.3577865785        -7.4226448767
        2.3300013000         1.8000000000         1.0341124326         2.3246121715        -7.8880561463
        2.3350011000         1.8000000000         1.0570833743         2.2990933970        -7.2896702282
        2.3400013000         1.8000000000         1.0392170863         2.2710227449        -7.7550814978
        2.3450032000         1.8000000000         1.0519787206         2.2480558478        -7.4226448767
        2.3500022000         1.8000000000         1.0596357012         2.2123295633        -7.2231829040
        2.3550038000         1.8000000000         1.0443217401         2.1868107888        -7.6221068493
        2.3600044000         1.8000000000         1.0519787206         2.1536363818        -7.4226448767
        2.3650029000         1.8000000000         1.0392170863         2.1281176072        -7.7550814978
        2.3700015000         1.8000000000         1.0494263938         2.0974950777        -7.4891322009
        2.3750024000         1.8000000000         1.0570833743         2.0719763031        -7.2896702282
        2.3800020000         1.8000000000         1.0366647595         2.0336981412        -7.8215688220
        2.3850015000         1.8000000000         1.0647403549         2.0132831215        -7.0902082555
        2.3900012000         1.8000000000         1.0468740669         1.9852124695        -7.5556195251
        2.3950020000         1.8000000000         1.0545310475         1.9494861851        -7.3561575524
        2.4000023000         1.8000000000         1.0519787206         1.9290711654        -7.4226448767
        2.4050028000         1.8000000000         1.0596357012         1.9061042683        -7.2231829040
        2.4100013000         1.8000000000         1.0698450086         1.8729298613        -6.9572336071
        2.4150012000         1.8000000000         1.0494263938         1.8499629642        -7.4891322009
        2.4200013000         1.8000000000         1.0596357012         1.8218923121        -7.2231829040
        2.4250011000         1.8000000000         1.0570833743         1.7912697826        -7.2896702282
        2.4300012000         1.8000000000         1.0596357012         1.7631991306        -7.2231829040
        2.4350023000         1.8000000000         1.0596357012         1.7351284785        -7.2231829040
        2.4400013000         1.8000000000         1.0596357012         1.7096097039        -7.2231829040
        2.4450012000         1.8000000000         1.0672926818         1.6840909293        -7.0237209313
        2.4500012000         1.8000000000         1.0545310475         1.6560202773        -7.3561575524
        2.4550013000         1.8000000000         1.0621880280         1.6228458703        -7.1566955798
        2.4600011000         1.8000000000         1.0468740669         1.5947752183        -7.5556195251
        2.4650012000         1.8000000000         1.0621880280         1.5692564437        -7.1566955798
        2.4700025000         1.8000000000         1.0647403549         1.5513933015        -7.0902082555
        2.4750020000         1.8000000000         1.0672926818         1.5156670170        -7.0237209313
        2.4800013000         1.8000000000         1.0723973355         1.4901482425        -6.8907462829
        2.4850011000         1.8000000000         1.0621880280         1.4671813453        -7.1566955798
        2.4900027000         1.8000000000         1.0596357012         1.4340069384        -7.2231829040
        2.4950023000         1.8000000000         1.0570833743         1.4008325314        -7.2896702282
        2.5000034000         1.8000000000         1.0826066429         1.3880731441        -6.6247969859
        2.5050016000         1.8000000000         1.0570833743         1.3548987371        -7.2896702282
        2.5100013000         1.8000000000         1.0698450086         1.3268280851        -6.9572336071
        2.5150021000         1.8000000000         1.0672926818         1.3064130654        -7.0237209313
        2.5200015000         1.8000000000         1.0621880280         1.2655830261        -7.1566955798
        2.5250024000         1.8000000000         1.0596357012         1.2400642515        -7.2231829040
        2.5300013000         1.8000000000         1.0672926818         1.2196492318        -7.0237209313
        2.5350017000         1.8000000000         1.0826066429         1.1966823347        -6.6247969859
        2.5400011000         1.8000000000         1.0570833743         1.1584041728        -7.2896702282
        2.5450023000         1.8000000000         1.0749496623         1.1379891531        -6.8242589586
        2.5500021000         1.8000000000         1.0723973355         1.1124703785        -6.8907462829
        2.5550032000         1.8000000000         1.0723973355         1.0920553588        -6.8907462829
        2.5600028000         1.8000000000         1.0672926818         1.0537771970        -7.0237209313
        2.5650013000         1.8000000000         1.0775019892         1.0359140547        -6.7577716344
        2.5700011000         1.8000000000         1.0826066429         1.0103952802        -6.6247969859
        2.5750011000         1.8000000000         1.0723973355         0.9746689957        -6.8907462829
        2.5800018000         1.8000000000         1.0621880280         0.9440464662        -7.1566955798
        2.5850013000         1.8000000000         1.0800543160         0.9312870789        -6.6912843102
        2.5900012000         1.8000000000         1.0723973355         0.8981126720        -6.8907462829
        2.5950010000         1.8000000000         1.0723973355         0.8674901425        -6.8907462829
        2.6000017000         1.8000000000         1.0723973355         0.8470751228        -6.8907462829
        2.6050020000         1.8000000000         1.0723973355         0.8190044707        -6.8907462829
        2.6100011000         1.8000000000         1.0672926818         0.7858300638        -7.0237209313
        2.6150029000         1.8000000000         1.0851589698         0.7679669216        -6.5583096617
        2.6200024000         1.8000000000         1.0672926818         0.7322406371        -7.0237209313
        2.6250051000         1.8000000000         1.0723973355         0.7067218625        -6.8907462829
        2.6300011000         1.8000000000         1.0800543160         0.6837549654        -6.6912843102
        2.6350011000         1.8000000000         1.0749496623         0.6505805584        -6.8242589586
        2.6400011000         1.8000000000         1.0621880280         0.6250617838        -7.1566955798
        2.6450010000         1.8000000000         1.0851589698         0.6046467642        -6.5583096617
        2.6500021000         1.8000000000         1.0723973355         0.5714723572        -6.8907462829
        2.6550037000         1.8000000000         1.0749496623         0.5459535826        -6.8242589586
        2.6600016000         1.8000000000         1.0800543160         0.5178829306        -6.6912843102
        2.6650025000         1.8000000000         1.0596357012         0.4847085236        -7.2231829040
        2.6700014000         1.8000000000         1.0775019892         0.4642935039        -6.7577716344
        2.6750011000         1.8000000000         1.0698450086         0.4336709744        -6.9572336071
        2.6800011000         1.8000000000         1.0698450086         0.4004965675        -6.9572336071
        2.6850018000         1.8000000000         1.0775019892         0.3800815478        -6.7577716344
        2.6900013000         1.8000000000         1.0826066429         0.3622184056        -6.6247969859
        2.6950013000         1.8000000000         1.0723973355         0.3290439986        -6.8907462829
        2.7000022000         1.8000000000         1.0723973355         0.2984214691        -6.8907462829
        2.7050022000         1.8000000000         1.0596357012         0.2626951847        -7.2231829040
        2.7100013000         1.8000000000         1.0749496623         0.2422801650        -6.8242589586
        2.7150010000         1.8000000000         1.0775019892         0.2142095129        -6.7577716344
        2.7200032000         1.8000000000         1.0672926818         0.1861388609        -7.0237209313
        2.7250020000         1.8000000000         1.0698450086         0.1580682088        -6.9572336071
        2.7300032000         1.8000000000         1.0698450086         0.1299975568        -6.9572336071
        2.7350021000         1.8000000000         1.0647403549         0.0942712724        -7.0902082555
        2.7400032000         1.8000000000         1.0596357012         0.0738562527        -7.2231829040
        2.7450022000         1.8000000000         1.0698450086         0.0457856007        -6.9572336071
        2.7500015000         1.8000000000         1.0570833743         0.0126111937        -7.2896702282
        2.7550011000         1.8000000000         1.0494263938         0.0049555613        -7.4891322009
        2.7600012000         1.8000000000         1.0723973355        -0.0027000711        -6.8907462829
        2.7650011000         1.8000000000         1.0545310475         0.0024036839        -7.3561575524
        2.7700010000         1.8000000000         1.0647403549         0.0049555613        -7.0902082555
        2.7750024000         1.8000000000         1.0800543160         1.1073666236        -6.6912843102
        2.7800036000         1.8000000000         1.0723973355         1.0946072363        -6.8907462829
        2.7850046000         1.8000000000         1.0596357012         4.9785647289        -7.2231829040
        2.7900020000         1.8000000000         1.0672926818         5.0040835035        -7.0237209313
        2.7950013000         1.8000000000         1.0596357012         5.0066353810        -7.2231829040
        2.8000012000         1.8000000000         1.0749496623         5.0117391359        -6.8242589586
        2.8050088000         1.8000000000         1.0417694132         5.0066353810        -7.6885941736
        2.8100034000         1.8000000000         1.0723973355         4.9964278711        -6.8907462829
        2.8150034000         1.8000000000         1.0596357012         4.9555978318        -7.2231829040
        2.8200025000         1.8000000000         1.0417694132         4.9326309346        -7.6885941736
        2.8250012000         1.8000000000         1.0723973355         4.9096640375        -6.8907462829
        2.8300011000         1.8000000000         1.0494263938         4.8739377531        -7.4891322009
        2.8350026000         1.8000000000         1.0468740669         4.8356595912        -7.5556195251
        2.8400013000         1.8000000000         1.0596357012         4.8075889392        -7.2231829040
        2.8450010000         1.8000000000         1.0621880280         4.7897257969        -7.1566955798
        2.8500010000         1.8000000000         1.0443217401         4.7488957576        -7.6221068493
        2.8550113000         1.8000000000         1.0621880280         4.7259288605        -7.1566955798
        2.8600013000         1.8000000000         1.0596357012         4.6927544535        -7.2231829040
        2.8650022000         1.8000000000         1.0596357012         4.6595800465        -7.2231829040
        2.8700013000         1.8000000000         1.0570833743         4.6417169043        -7.2896702282
        2.8750018000         1.8000000000         1.0672926818         4.6059906199        -7.0237209313
        2.8800012000         1.8000000000         1.0647403549         4.5779199678        -7.0902082555
        2.8850014000         1.8000000000         1.0545310475         4.5447455609        -7.3561575524
        2.8900012000         1.8000000000         1.0570833743         4.5243305412        -7.2896702282
        2.8950011000         1.8000000000         1.0468740669         4.4835005019        -7.5556195251
        2.9000024000         1.8000000000         1.0468740669         4.4554298498        -7.5556195251
        2.9050015000         1.8000000000         1.0749496623         4.4350148301        -6.8242589586
        2.9100020000         1.8000000000         1.0392170863         4.4043923006        -7.7550814978
        2.9150012000         1.8000000000         1.0519787206         4.3737697711        -7.4226448767
        2.9200026000         1.8000000000         1.0723973355         4.3482509965        -6.8907462829
        2.9250014000         1.8000000000         1.0494263938         4.3125247121        -7.4891322009
        2.9300049000         1.8000000000         1.0494263938         4.2844540601        -7.4891322009
        2.9350014000         1.8000000000         1.0545310475         4.2589352855        -7.3561575524
        2.9400011000         1.8000000000         1.0596357012         4.2308646334        -7.2231829040
        2.9450025000         1.8000000000         1.0570833743         4.2002421039        -7.2896702282
        2.9500027000         1.8000000000         1.0417694132         4.1696195744        -7.6885941736
        2.9550014000         1.8000000000         1.0468740669         4.1389970449        -7.5556195251
        2.9600011000         1.8000000000         1.0672926818         4.1134782703        -7.0237209313
        2.9650012000         1.8000000000         1.0443217401         4.0879594957        -7.6221068493
        2.9700013000         1.8000000000         1.0596357012         4.0649925986        -7.2231829040
        2.9750012000         1.8000000000         1.0494263938         4.0241625592        -7.4891322009
        2.9800012000         1.8000000000         1.0519787206         3.9986437847        -7.4226448767
        2.9850013000         1.8000000000         1.0570833743         3.9654693777        -7.2896702282
        2.9900030000         1.8000000000         1.0417694132         3.9425024806        -7.6885941736
        2.9950027000         1.8000000000         1.0494263938         3.9118799510        -7.4891322009
        3.0000013000         1.8000000000         1.0545310475         3.8812574215        -7.3561575524
        3.0050011000         1.8000000000         1.0545310475         3.8582905244        -7.3561575524
        3.0100012000         1.8000000000         1.0647403549         3.8378755047        -7.0902082555
        3.0150013000         1.8000000000         1.0341124326         3.7970454654        -7.8880561463
        3.0200011000         1.8000000000         1.0494263938         3.7664229359        -7.4891322009
        3.0250028000         1.8000000000         1.0596357012         3.7409041613        -7.2231829040
        3.0300015000         1.8000000000         1.0392170863         3.7077297543        -7.7550814978
        3.0350012000         1.8000000000         1.0621880280         3.6898666121        -7.1566955798
        3.0400011000         1.8000000000         1.0341124326         3.6490365728        -7.8880561463
        3.0450013000         1.8000000000         1.0519787206         3.6260696756        -7.4226448767
        3.0500011000         1.8000000000         1.0545310475         3.5979990236        -7.3561575524
        3.0550018000         1.8000000000         1.0392170863         3.5622727392        -7.7550814978
        3.0600012000         1.8000000000         1.0519787206         3.5418577195        -7.4226448767
        3.0650018000         1.8000000000         1.0545310475         3.5086833125        -7.3561575524
        3.0700011000         1.8000000000         1.0468740669         3.4831645379        -7.5556195251
        3.0750012000         1.8000000000         1.0545310475         3.4525420084        -7.3561575524
        3.0800011000         1.8000000000         1.0417694132         3.4270232338        -7.6885941736
        3.0850013000         1.8000000000         1.0494263938         3.3836413170        -7.4891322009
        3.0900011000         1.8000000000         1.0417694132         3.3632262974        -7.6885941736
        3.0950011000         1.8000000000         1.0468740669         3.3428112777        -7.5556195251
        3.1000010000         1.8000000000         1.0392170863         3.2994293609        -7.7550814978
        3.1050010000         1.8000000000         1.0443217401         3.2764624638        -7.6221068493
        3.1100017000         1.8000000000         1.0494263938         3.2458399342        -7.4891322009
        3.1150020000         1.8000000000         1.0443217401         3.2126655273        -7.6221068493
        3.1200021000         1.8000000000         1.0443217401         3.1896986301        -7.6221068493
        3.1250022000         1.8000000000         1.0698450086         3.1590761006        -6.9572336071
        3.1300012000         1.8000000000         1.0162461446         3.1259016937        -8.3534674158
        3.1350013000         1.8000000000         1.0494263938         3.0978310416        -7.4891322009
        3.1400012000         1.8000000000         1.0621880280         3.0723122670        -7.1566955798
        3.1450019000         1.8000000000         1.0392170863         3.0467934924        -7.7550814978
        3.1500021000         1.8000000000         1.0596357012         3.0161709629        -7.2231829040
        3.1550017000         1.8000000000         1.0290077789         2.9753409236        -8.0210307947
        3.1600013000         1.8000000000         1.0341124326         2.9498221490        -7.8880561463
        3.1650011000         1.8000000000         1.0417694132         2.9243033744        -7.6885941736
        3.1700012000         1.8000000000         1.0570833743         2.9038883547        -7.2896702282
        3.1750010000         1.8000000000         1.0494263938         2.8605064379        -7.4891322009
        3.1800099000         1.8000000000         1.0315601058         2.8375395408        -7.9545434705
        3.1850013000         1.8000000000         1.0570833743         2.8069170113        -7.2896702282
        3.1900016000         1.8000000000         1.0443217401         2.7916057465        -7.6221068493
        3.1950036000         1.8000000000         1.0494263938         2.7507757072        -7.4891322009
        3.2000026000         1.8000000000         1.0468740669         2.7176013002        -7.5556195251
        3.2050014000         1.8000000000         1.0570833743         2.6997381580        -7.2896702282
        3.2100018000         1.8000000000         1.0647403549         2.6742193834        -7.0902082555
        3.2150013000         1.8000000000         1.0417694132         2.6333893441        -7.6885941736
        3.2200019000         1.8000000000         1.0443217401         2.6078705695        -7.6221068493
        3.2250011000         1.8000000000         1.0723973355         2.5874555498        -6.8907462829
        3.2300019000         1.8000000000         1.0494263938         2.5542811429        -7.4891322009
        3.2350011000         1.8000000000         1.0545310475         2.5236586133        -7.3561575524
        3.2400027000         1.8000000000         1.0494263938         2.4904842064        -7.4891322009
        3.2450019000         1.8000000000         1.0570833743         2.4700691867        -7.2896702282
        3.2500012000         1.8000000000         1.0596357012         2.4419985347        -7.2231829040
        3.2550014000         1.8000000000         1.0545310475         2.4139278826        -7.3561575524
        3.2600012000         1.8000000000         1.0672926818         2.3909609855        -7.0237209313
        3.2650054000         1.8000000000         1.0621880280         2.3628903334        -7.1566955798
        3.2700021000         1.8000000000         1.0596357012         2.3271640490        -7.2231829040
        3.2750025000         1.8000000000         1.0570833743         2.2990933970        -7.2896702282
        3.2800013000         1.8000000000         1.0545310475         2.2786783773        -7.3561575524
        3.2850011000         1.8000000000         1.0596357012         2.2429520929        -7.2231829040
        3.2900012000         1.8000000000         1.0570833743         2.2174333183        -7.2896702282
        3.2950012000         1.8000000000         1.0596357012         2.1868107888        -7.2231829040
        3.3000027000         1.8000000000         1.0392170863         2.1510845043        -7.7550814978
        3.3050013000         1.8000000000         1.0494263938         2.1230138523        -7.4891322009
        3.3100022000         1.8000000000         1.0545310475         2.1051507101        -7.3561575524
        3.3150013000         1.8000000000         1.0596357012         2.0745281806        -7.2231829040
        3.3200024000         1.8000000000         1.0545310475         2.0464575285        -7.3561575524
        3.3250014000         1.8000000000         1.0570833743         2.0260425088        -7.2896702282
        3.3300010000         1.8000000000         1.0647403549         1.9954199793        -7.0902082555
        3.3350011000         1.8000000000         1.0596357012         1.9596936949        -7.2231829040
        3.3400019000         1.8000000000         1.0570833743         1.9341749203        -7.2896702282
        3.3450029000         1.8000000000         1.0494263938         1.9061042683        -7.4891322009
        3.3500026000         1.8000000000         1.0596357012         1.8729298613        -7.2231829040
        3.3550024000         1.8000000000         1.0596357012         1.8601704740        -7.2231829040
        3.3600012000         1.8000000000         1.0545310475         1.8218923121        -7.3561575524
        3.3650054000         1.8000000000         1.0621880280         1.7963735375        -7.1566955798
        3.3700014000         1.8000000000         1.0672926818         1.7785103953        -7.0237209313
        3.3750011000         1.8000000000         1.0596357012         1.7427841109        -7.2231829040
        3.3800021000         1.8000000000         1.0596357012         1.7147134588        -7.2231829040
        3.3850019000         1.8000000000         1.0596357012         1.6917465617        -7.2231829040
        3.3900013000         1.8000000000         1.0698450086         1.6585721547        -6.9572336071
        3.3950013000         1.8000000000         1.0621880280         1.6407090125        -7.1566955798
        3.4000026000         1.8000000000         1.0775019892         1.6075346056        -6.7577716344
        3.4050054000         1.8000000000         1.0519787206         1.5794639535        -7.4226448767
        3.4100014000         1.8000000000         1.0647403549         1.5437376691        -7.0902082555
        3.4150018000         1.8000000000         1.0596357012         1.5258745269        -7.2231829040
        3.4200013000         1.8000000000         1.0775019892         1.5029076297        -6.7577716344
        3.4250011000         1.8000000000         1.0749496623         1.4773888552        -6.8242589586
        3.4300012000         1.8000000000         1.0647403549         1.4467663256        -7.0902082555
        3.4350024000         1.8000000000         1.0723973355         1.4237994285        -6.8907462829
        3.4400013000         1.8000000000         1.0647403549         1.3880731441        -7.0902082555
        3.4450011000         1.8000000000         1.0800543160         1.3625543695        -6.6912843102
        3.4500012000         1.8000000000         1.0775019892         1.3421393498        -6.7577716344
        3.4550014000         1.8000000000         1.0775019892         1.3191724527        -6.7577716344
        3.4600012000         1.8000000000         1.0749496623         1.2834461683        -6.8242589586
        3.4650013000         1.8000000000         1.0672926818         1.2604792711        -7.0237209313
        3.4700021000         1.8000000000         1.0851589698         1.2400642515        -6.5583096617
        3.4750053000         1.8000000000         1.0698450086         1.2043379670        -6.9572336071
        3.4800015000         1.8000000000         1.0775019892         1.1839229474        -6.7577716344
        3.4850011000         1.8000000000         1.0647403549         1.1533004179        -7.0902082555
        3.4900051000         1.8000000000         1.0800543160         1.1328853982        -6.6912843102
        3.4950022000         1.8000000000         1.0749496623         1.1073666236        -6.8242589586
        3.5000021000         1.8000000000         1.0775019892         1.0818478490        -6.7577716344
        3.5050013000         1.8000000000         1.0826066429         1.0537771970        -6.6247969859
        3.5100141000         1.8000000000         1.0800543160         1.0257065449        -6.6912843102
        3.5150011000         1.8000000000         1.0800543160         1.0052915252        -6.6912843102
        3.5200011000         1.8000000000         1.0851589698         0.9746689957        -6.5583096617
        3.5250026000         1.8000000000         1.0749496623         0.9465983437        -6.8242589586
        3.5300014000         1.8000000000         1.0902636235         0.9287352015        -6.4253350133
        3.5350021000         1.8000000000         1.0749496623         0.9032164269        -6.8242589586
        3.5400013000         1.8000000000         1.0800543160         0.8674901425        -6.6912843102
        3.5450021000         1.8000000000         1.0800543160         0.8368676129        -6.6912843102
        3.5500013000         1.8000000000         1.0672926818         0.8113488384        -7.0237209313
        3.5550012000         1.8000000000         1.0826066429         0.7909338187        -6.6247969859
        3.5600020000         1.8000000000         1.0800543160         0.7628631666        -6.6912843102
        3.5650012000         1.8000000000         1.0775019892         0.7347925146        -6.7577716344
        3.5700012000         1.8000000000         1.0621880280         0.7041699851        -7.1566955798
        3.5750015000         1.8000000000         1.0775019892         0.6837549654        -6.7577716344
        3.5800011000         1.8000000000         1.0826066429         0.6556843134        -6.6247969859
        3.5850011000         1.8000000000         1.0775019892         0.6352692937        -6.7577716344
        3.5900017000         1.8000000000         1.0877112966         0.6020948867        -6.4918223375
        3.5950011000         1.8000000000         1.0749496623         0.5765761121        -6.8242589586
        3.6000011000         1.8000000000         1.0621880280         0.5434017052        -7.1566955798
        3.6050018000         1.8000000000         1.0826066429         0.5255385629        -6.6247969859
        3.6100018000         1.8000000000         1.0723973355         0.4949160334        -6.8907462829
        3.6150033000         1.8000000000         1.0775019892         0.4693972588        -6.7577716344
        3.6200021000         1.8000000000         1.0596357012         0.4387747293        -7.2231829040
        3.6250051000         1.8000000000         1.0775019892         0.4183597097        -6.7577716344
        3.6300023000         1.8000000000         1.0698450086         0.3851853027        -6.9572336071
        3.6350048000         1.8000000000         1.0800543160         0.3673221605        -6.6912843102
        3.6400063000         1.8000000000         1.0621880280         0.3239402437        -7.1566955798
        3.6450039000         1.8000000000         1.0723973355         0.2984214691        -6.8907462829
        3.6500055000         1.8000000000         1.0723973355         0.2831102043        -6.8907462829
        3.6550030000         1.8000000000         1.0698450086         0.2448320425        -6.9572336071
        3.6600031000         1.8000000000         1.0800543160         0.2218651453        -6.6912843102
        3.6650071000         1.8000000000         1.0596357012         0.1937944933        -7.2231829040
        3.6700016000         1.8000000000         1.0596357012         0.1555163314        -7.2231829040
        3.6750012000         1.8000000000         1.0698450086         0.1325494343        -6.9572336071
        3.6800049000         1.8000000000         1.0647403549         0.1044787822        -7.0902082555
        3.6850026000         1.8000000000         1.0596357012         0.0764081302        -7.2231829040
        3.6900364000         1.8000000000         1.0749496623         0.0534412330        -6.8242589586
        3.6950037000         1.8000000000         1.0698450086         0.0228187035        -6.9572336071
        3.7000023000         1.8000000000         1.0596357012         0.0049555613        -7.2231829040
        3.7050020000         1.8000000000         1.0647403549        -0.0052519485        -7.0902082555
        3.7100012000         1.8000000000         1.0570833743        -0.0001481936        -7.2896702282
        3.7150022000         1.8000000000         1.0672926818         0.0024036839        -7.0237209313
        3.7200012000         1.8000000000         1.0647403549         1.1150222560        -7.0902082555
        3.7250036000         1.8000000000         1.0596357012         1.1124703785        -7.2231829040
        3.7300018000         1.8000000000         1.0621880280         4.9862203613        -7.1566955798
        3.7350014000         1.8000000000         1.0519787206         5.0066353810        -7.4226448767
        3.7400021000         1.8000000000         1.0596357012         5.0040835035        -7.2231829040
        3.7450022000         1.8000000000         1.0775019892         5.0066353810        -6.7577716344
        3.7500012000         1.8000000000         1.0392170863         5.0015316260        -7.7550814978
        3.7550010000         1.8000000000         1.0672926818         4.9938759937        -7.0237209313
        3.7600011000         1.8000000000         1.0698450086         4.9555978318        -6.9572336071
        3.7650012000         1.8000000000         1.0621880280         4.9351828121        -7.1566955798
        3.7700010000         1.8000000000         1.0647403549         4.9096640375        -7.0902082555
        3.7750020000         1.8000000000         1.0621880280         4.8713858756        -7.1566955798
        3.7800011000         1.8000000000         1.0647403549         4.8484189785        -7.0902082555
        3.7850012000         1.8000000000         1.0596357012         4.8126926941        -7.2231829040
        3.7900010000         1.8000000000         1.0621880280         4.7897257969        -7.1566955798
        3.7950024000         1.8000000000         1.0468740669         4.7565513900        -7.5556195251
        3.8000013000         1.8000000000         1.0596357012         4.7233769830        -7.2231829040
        3.8050027000         1.8000000000         1.0596357012         4.7029619633        -7.2231829040
        3.8100022000         1.8000000000         1.0621880280         4.6621319240        -7.1566955798
        3.8150018000         1.8000000000         1.0468740669         4.6340612719        -7.5556195251
        3.8200010000         1.8000000000         1.0494263938         4.6059906199        -7.4891322009
        3.8250029000         1.8000000000         1.0723973355         4.5881274777        -6.8907462829
        3.8300014000         1.8000000000         1.0647403549         4.5626087031        -7.0902082555
        3.8350011000         1.8000000000         1.0570833743         4.5243305412        -7.2896702282
        3.8400014000         1.8000000000         1.0647403549         4.4988117666        -7.0902082555
        3.8450015000         1.8000000000         1.0570833743         4.4707411146        -7.2896702282
        3.8500013000         1.8000000000         1.0672926818         4.4426704625        -7.0237209313
        3.8550020000         1.8000000000         1.0570833743         4.4069441781        -7.2896702282
        3.8600020000         1.8000000000         1.0392170863         4.3712178937        -7.7550814978
        3.8650077000         1.8000000000         1.0596357012         4.3431472416        -7.2231829040
        3.8700014000         1.8000000000         1.0519787206         4.3150765896        -7.4226448767
        3.8750018000         1.8000000000         1.0468740669         4.2870059375        -7.5556195251
        3.8800012000         1.8000000000         1.0647403549         4.2716946728        -7.0902082555
        3.8850013000         1.8000000000         1.0596357012         4.2436240207        -7.2231829040
        3.8900047000         1.8000000000         1.0621880280         4.2027939814        -7.1566955798
        3.8950012000         1.8000000000         1.0519787206         4.1798270842        -7.4226448767
        3.9000050000         1.8000000000         1.0494263938         4.1492045547        -7.4891322009
        3.9050044000         1.8000000000         1.0621880280         4.1160301478        -7.1566955798
        3.9100028000         1.8000000000         1.0570833743         4.0981670056        -7.2896702282
        3.9150014000         1.8000000000         1.0494263938         4.0649925986        -7.4891322009
        3.9200029000         1.8000000000         1.0392170863         4.0292663142        -7.7550814978
        3.9250014000         1.8000000000         1.0519787206         4.0011956621        -7.4226448767
        3.9300014000         1.8000000000         1.0443217401         3.9731250101        -7.6221068493
        3.9350012000         1.8000000000         1.0392170863         3.9476062355        -7.7550814978
        3.9400015000         1.8000000000         1.0570833743         3.9246393383        -7.2896702282
        3.9450018000         1.8000000000         1.0545310475         3.8889130539        -7.3561575524
        3.9500017000         1.8000000000         1.0443217401         3.8633942793        -7.6221068493
        3.9550014000         1.8000000000         1.0545310475         3.8404273822        -7.3561575524
        3.9600015000         1.8000000000         1.0417694132         3.7995973429        -7.6885941736
        3.9650013000         1.8000000000         1.0366647595         3.7689748133        -7.8215688220
        3.9700023000         1.8000000000         1.0698450086         3.7536635486        -6.9572336071
        3.9750012000         1.8000000000         1.0417694132         3.7153853867        -7.6885941736
        3.9800013000         1.8000000000         1.0468740669         3.6873147347        -7.5556195251
        3.9850011000         1.8000000000         1.0366647595         3.6592440826        -7.8215688220
        3.9900031000         1.8000000000         1.0545310475         3.6286215531        -7.3561575524
        3.9950031000         1.8000000000         1.0519787206         3.6005509010        -7.4226448767
