% Motor Sweep Step 10/180
% Vcmd       = 2.4500 [V]
% Direction  = CCW
% Zone       = DEADZONE
% Vg_offset  = 1.336920 [V]
% K_gimbal   = 26.049690 [(rad/s)/V]

Time[s]              Vcmd[V]              Vg_raw[V]            Pot[V]               Omega[rad/s]
        0.0000107000         2.4500000000         1.3352870017         4.5906793551        -0.0425518875
        0.0050014000         2.4500000000         1.3327346748         4.5830237228        -0.1090392117
        0.0100014000         2.4500000000         1.3378393285         4.5932312326         0.0239354367
        0.0150011000         2.4500000000         1.3352870017         4.5881274777        -0.0425518875
        0.0200040000         2.4500000000         1.3378393285         4.5906793551         0.0239354367
        0.0250032000         2.4500000000         1.3352870017         4.5855756002        -0.0425518875
        0.0300014000         2.4500000000         1.3429439823         4.5957831101         0.1569100852
        0.0350034000         2.4500000000         1.3352870017         4.5932312326        -0.0425518875
        0.0400029000         2.4500000000         1.3301823480         4.5906793551        -0.1755265360
        0.0450029000         2.4500000000         1.3429439823         4.5957831101         0.1569100852
        0.0500060000         2.4500000000         1.3301823480         4.5855756002        -0.1755265360
        0.0550035000         2.4500000000         1.3403916554         4.5957831101         0.0904227609
        0.0600036000         2.4500000000         1.3327346748         4.5855756002        -0.1090392117
        0.0650031000         2.4500000000         1.3352870017         4.5906793551        -0.0425518875
        0.0700042000         2.4500000000         1.3403916554         4.5957831101         0.0904227609
        0.0750077000         2.4500000000         1.3301823480         4.5881274777        -0.1755265360
        0.0800061000         2.4500000000         1.3301823480         4.5830237228        -0.1755265360
        0.0850046000         2.4500000000         1.3429439823         4.5983349875         0.1569100852
        0.0900019000         2.4500000000         1.3352870017         4.5906793551        -0.0425518875
        0.0950018000         2.4500000000         1.3403916554         4.5906793551         0.0904227609
        0.1000034000         2.4500000000         1.3378393285         4.5906793551         0.0239354367
        0.1050036000         2.4500000000         1.3378393285         4.5906793551         0.0239354367
        0.1100053000         2.4500000000         1.3352870017         4.5881274777        -0.0425518875
        0.1150056000         2.4500000000         1.3378393285         4.5855756002         0.0239354367
        0.1200028000         2.4500000000         1.3403916554         4.5957831101         0.0904227609
        0.1250042000         2.4500000000         1.3327346748         4.5881274777        -0.1090392117
        0.1300027000         2.4500000000         1.3378393285         4.5932312326         0.0239354367
        0.1350015000         2.4500000000         1.3352870017         4.5906793551        -0.0425518875
        0.1400019000         2.4500000000         1.3352870017         4.5881274777        -0.0425518875
        0.1450053000         2.4500000000         1.3403916554         4.5983349875         0.0904227609
        0.1500028000         2.4500000000         1.3352870017         4.5906793551        -0.0425518875
        0.1550015000         2.4500000000         1.3301823480         4.5855756002        -0.1755265360
        0.1600035000         2.4500000000         1.3352870017         4.5932312326        -0.0425518875
        0.1650027000         2.4500000000         1.3429439823         4.5983349875         0.1569100852
        0.1700025000         2.4500000000         1.3352870017         4.5906793551        -0.0425518875
        0.1750023000         2.4500000000         1.3429439823         4.5957831101         0.1569100852
        0.1800028000         2.4500000000         1.3327346748         4.5906793551        -0.1090392117
        0.1850019000         2.4500000000         1.3352870017         4.5906793551        -0.0425518875
        0.1900012000         2.4500000000         1.3403916554         4.5957831101         0.0904227609
        0.1950012000         2.4500000000         1.3429439823         4.5906793551         0.1569100852
        0.2000011000         2.4500000000         1.3352870017         4.5906793551        -0.0425518875
        0.2050012000         2.4500000000         1.3352870017         4.5906793551        -0.0425518875
        0.2100766000         2.4500000000         1.3429439823         4.5983349875         0.1569100852
        0.2150078000         2.4500000000         1.3403916554         4.5957831101         0.0904227609
        0.2200336000         2.4500000000         1.3352870017         4.5906793551        -0.0425518875
        0.2250020000         2.4500000000         1.3352870017         4.5906793551        -0.0425518875
        0.2300016000         2.4500000000         1.3403916554         4.5983349875         0.0904227609
        0.2350030000         2.4500000000         1.3352870017         4.5906793551        -0.0425518875
        0.2400016000         2.4500000000         1.3352870017         4.5881274777        -0.0425518875
        0.2450017000         2.4500000000         1.3429439823         4.5983349875         0.1569100852
        0.2500013000         2.4500000000         1.3454963091         4.5957831101         0.2233974094
        0.2550012000         2.4500000000         1.3352870017         4.5906793551        -0.0425518875
        0.2600010000         2.4500000000         1.3301823480         4.5830237228        -0.1755265360
        0.2650011000         2.4500000000         1.3454963091         4.5957831101         0.2233974094
        0.2700024000         2.4500000000         1.3429439823         4.5932312326         0.1569100852
        0.2750016000         2.4500000000         1.3352870017         4.5855756002        -0.0425518875
        0.2800011000         2.4500000000         1.3429439823         4.5932312326         0.1569100852
        0.2850050000         2.4500000000         1.3429439823         4.5957831101         0.1569100852
        0.2900013000         2.4500000000         1.3378393285         4.5881274777         0.0239354367
        0.2950011000         2.4500000000         1.3429439823         4.5983349875         0.1569100852
        0.3000011000         2.4500000000         1.3352870017         4.5881274777        -0.0425518875
        0.3050028000         2.4500000000         1.3352870017         4.5906793551        -0.0425518875
        0.3100019000         2.4500000000         1.3403916554         4.5983349875         0.0904227609
        0.3150022000         2.4500000000         1.3403916554         4.5983349875         0.0904227609
        0.3200014000         2.4500000000         1.3301823480         4.5830237228        -0.1755265360
        0.3250011000         2.4500000000         1.3378393285         4.5906793551         0.0239354367
        0.3300011000         2.4500000000         1.3352870017         4.5932312326        -0.0425518875
        0.3350012000         2.4500000000         1.3327346748         4.5855756002        -0.1090392117
        0.3400010000         2.4500000000         1.3429439823         4.5906793551         0.1569100852
        0.3450029000         2.4500000000         1.3429439823         4.5906793551         0.1569100852
        0.3500011000         2.4500000000         1.3352870017         4.5881274777        -0.0425518875
        0.3550022000         2.4500000000         1.3301823480         4.5855756002        -0.1755265360
        0.3600030000         2.4500000000         1.3352870017         4.5906793551        -0.0425518875
        0.3650043000         2.4500000000         1.3429439823         4.5957831101         0.1569100852
        0.3700013000         2.4500000000         1.3301823480         4.5855756002        -0.1755265360
        0.3750017000         2.4500000000         1.3301823480         4.5830237228        -0.1755265360
        0.3800013000         2.4500000000         1.3403916554         4.5957831101         0.0904227609
        0.3850012000         2.4500000000         1.3352870017         4.5906793551        -0.0425518875
        0.3900011000         2.4500000000         1.3352870017         4.5906793551        -0.0425518875
        0.3950019000         2.4500000000         1.3352870017         4.5881274777        -0.0425518875
        0.4000012000         2.4500000000         1.3429439823         4.5906793551         0.1569100852
        0.4050023000         2.4500000000         1.3301823480         4.5855756002        -0.1755265360
        0.4100013000         2.4500000000         1.3403916554         4.5932312326         0.0904227609
        0.4150019000         2.4500000000         1.3327346748         4.5906793551        -0.1090392117
        0.4200013000         2.4500000000         1.3352870017         4.5906793551        -0.0425518875
        0.4250018000         2.4500000000         1.3378393285         4.5906793551         0.0239354367
        0.4300011000         2.4500000000         1.3352870017         4.5932312326        -0.0425518875
        0.4350452000         2.4500000000         1.3301823480         4.5855756002        -0.1755265360
        0.4400023000         2.4500000000         1.3378393285         4.5906793551         0.0239354367
        0.4450040000         2.4500000000         1.3429439823         4.5957831101         0.1569100852
        0.4500011000         2.4500000000         1.3378393285         4.5855756002         0.0239354367
        0.4550014000         2.4500000000         1.3403916554         4.5983349875         0.0904227609
        0.4600029000         2.4500000000         1.3378393285         4.5932312326         0.0239354367
        0.4650021000         2.4500000000         1.3301823480         4.5855756002        -0.1755265360
        0.4700025000         2.4500000000         1.3352870017         4.5881274777        -0.0425518875
        0.4750016000         2.4500000000         1.3352870017         4.5906793551        -0.0425518875
        0.4800019000         2.4500000000         1.3301823480         4.5830237228        -0.1755265360
        0.4850031000         2.4500000000         1.3429439823         4.5957831101         0.1569100852
        0.4900025000         2.4500000000         1.3301823480         4.5855756002        -0.1755265360
        0.4950014000         2.4500000000         1.3352870017         4.5881274777        -0.0425518875
        0.5000011000         2.4500000000         1.3301823480         4.5855756002        -0.1755265360
        0.5050012000         2.4500000000         1.3301823480         4.5855756002        -0.1755265360
        0.5100011000         2.4500000000         1.3378393285         4.5906793551         0.0239354367
        0.5150012000         2.4500000000         1.3429439823         4.5983349875         0.1569100852
        0.5200203000         2.4500000000         1.3301823480         4.5855756002        -0.1755265360
        0.5250028000         2.4500000000         1.3378393285         4.5932312326         0.0239354367
        0.5300011000         2.4500000000         1.3352870017         4.5957831101        -0.0425518875
        0.5350012000         2.4500000000         1.3301823480         4.5881274777        -0.1755265360
        0.5400014000         2.4500000000         1.3403916554         4.5983349875         0.0904227609
        0.5450011000         2.4500000000         1.3378393285         4.5906793551         0.0239354367
        0.5500012000         2.4500000000         1.3429439823         4.5906793551         0.1569100852
        0.5550022000         2.4500000000         1.3429439823         4.5906793551         0.1569100852
        0.5600025000         2.4500000000         1.3301823480         4.5881274777        -0.1755265360
        0.5650013000         2.4500000000         1.3378393285         4.5983349875         0.0239354367
        0.5700012000         2.4500000000         1.3301823480         4.5881274777        -0.1755265360
        0.5750031000         2.4500000000         1.3352870017         4.5906793551        -0.0425518875
        0.5800022000         2.4500000000         1.3378393285         4.5932312326         0.0239354367
        0.5850013000         2.4500000000         1.3352870017         4.5906793551        -0.0425518875
        0.5900011000         2.4500000000         1.3429439823         4.5906793551         0.1569100852
        0.5950013000         2.4500000000         1.3352870017         4.5932312326        -0.0425518875
        0.6000023000         2.4500000000         1.3378393285         4.5932312326         0.0239354367
        0.6050014000         2.4500000000         1.3301823480         4.5881274777        -0.1755265360
        0.6100027000         2.4500000000         1.3352870017         4.5957831101        -0.0425518875
        0.6150025000         2.4500000000         1.3378393285         4.5906793551         0.0239354367
        0.6200014000         2.4500000000         1.3327346748         4.5957831101        -0.1090392117
        0.6250019000         2.4500000000         1.3403916554         4.5983349875         0.0904227609
        0.6300021000         2.4500000000         1.3327346748         4.5855756002        -0.1090392117
        0.6350013000         2.4500000000         1.3352870017         4.5906793551        -0.0425518875
        0.6400011000         2.4500000000         1.3327346748         4.5906793551        -0.1090392117
        0.6450016000         2.4500000000         1.3301823480         4.5830237228        -0.1755265360
        0.6500019000         2.4500000000         1.3352870017         4.5906793551        -0.0425518875
        0.6550012000         2.4500000000         1.3352870017         4.5906793551        -0.0425518875
        0.6600011000         2.4500000000         1.3301823480         4.5855756002        -0.1755265360
        0.6650011000         2.4500000000         1.3378393285         4.5932312326         0.0239354367
        0.6700010000         2.4500000000         1.3352870017         4.5932312326        -0.0425518875
        0.6750012000         2.4500000000         1.3429439823         4.5983349875         0.1569100852
        0.6800011000         2.4500000000         1.3352870017         4.5932312326        -0.0425518875
        0.6850011000         2.4500000000         1.3352870017         4.5932312326        -0.0425518875
        0.6900012000         2.4500000000         1.3429439823         4.5957831101         0.1569100852
        0.6950019000         2.4500000000         1.3378393285         4.5906793551         0.0239354367
        0.7000012000         2.4500000000         1.3352870017         4.5906793551        -0.0425518875
        0.7050014000         2.4500000000         1.3403916554         4.5957831101         0.0904227609
        0.7100011000         2.4500000000         1.3352870017         4.5906793551        -0.0425518875
        0.7150011000         2.4500000000         1.3352870017         4.5932312326        -0.0425518875
        0.7200011000         2.4500000000         1.3429439823         4.5957831101         0.1569100852
        0.7250016000         2.4500000000         1.3352870017         4.5906793551        -0.0425518875
        0.7300012000         2.4500000000         1.3403916554         4.5906793551         0.0904227609
        0.7350022000         2.4500000000         1.3429439823         4.5957831101         0.1569100852
        0.7400030000         2.4500000000         1.3403916554         4.5957831101         0.0904227609
        0.7450036000         2.4500000000         1.3352870017         4.5881274777        -0.0425518875
        0.7500011000         2.4500000000         1.3276300211         4.5881274777        -0.2420138602
        0.7550012000         2.4500000000         1.3429439823         4.5906793551         0.1569100852
        0.7600022000         2.4500000000         1.3276300211         4.5906793551        -0.2420138602
        0.7650012000         2.4500000000         1.3352870017         4.5855756002        -0.0425518875
        0.7700032000         2.4500000000         1.3301823480         4.5855756002        -0.1755265360
        0.7750025000         2.4500000000         1.3429439823         4.5957831101         0.1569100852
        0.7800016000         2.4500000000         1.3403916554         4.5906793551         0.0904227609
        0.7850012000         2.4500000000         1.3352870017         4.5932312326        -0.0425518875
        0.7900019000         2.4500000000         1.3403916554         4.5983349875         0.0904227609
        0.7950012000         2.4500000000         1.3352870017         4.5932312326        -0.0425518875
        0.8000020000         2.4500000000         1.3378393285         4.5906793551         0.0239354367
        0.8050011000         2.4500000000         1.3429439823         4.5957831101         0.1569100852
        0.8100013000         2.4500000000         1.3378393285         4.5932312326         0.0239354367
        0.8150011000         2.4500000000         1.3378393285         4.5906793551         0.0239354367
        0.8200011000         2.4500000000         1.3352870017         4.5881274777        -0.0425518875
        0.8250012000         2.4500000000         1.3352870017         4.5932312326        -0.0425518875
        0.8300012000         2.4500000000         1.3327346748         4.5855756002        -0.1090392117
        0.8350012000         2.4500000000         1.3352870017         4.5932312326        -0.0425518875
        0.8400024000         2.4500000000         1.3378393285         4.5932312326         0.0239354367
        0.8450014000         2.4500000000         1.3429439823         4.5906793551         0.1569100852
        0.8500020000         2.4500000000         1.3352870017         4.5906793551        -0.0425518875
        0.8550011000         2.4500000000         1.3301823480         4.5881274777        -0.1755265360
        0.8600031000         2.4500000000         1.3352870017         4.5906793551        -0.0425518875
        0.8650020000         2.4500000000         1.3276300211         4.5906793551        -0.2420138602
        0.8700013000         2.4500000000         1.3352870017         4.5906793551        -0.0425518875
        0.8750010000         2.4500000000         1.3301823480         4.5830237228        -0.1755265360
        0.8800025000         2.4500000000         1.3454963091         4.5983349875         0.2233974094
        0.8850012000         2.4500000000         1.3301823480         4.5855756002        -0.1755265360
        0.8900020000         2.4500000000         1.3352870017         4.5932312326        -0.0425518875
        0.8950022000         2.4500000000         1.3429439823         4.5983349875         0.1569100852
        0.9000015000         2.4500000000         1.3301823480         4.5830237228        -0.1755265360
        0.9050018000         2.4500000000         1.3403916554         4.5932312326         0.0904227609
        0.9100012000         2.4500000000         1.3378393285         4.5932312326         0.0239354367
        0.9150011000         2.4500000000         1.3301823480         4.5830237228        -0.1755265360
        0.9200011000         2.4500000000         1.3429439823         4.5957831101         0.1569100852
        0.9250030000         2.4500000000         1.3352870017         4.5906793551        -0.0425518875
        0.9300025000         2.4500000000         1.3301823480         4.5830237228        -0.1755265360
        0.9350012000         2.4500000000         1.3429439823         4.5983349875         0.1569100852
        0.9400031000         2.4500000000         1.3352870017         4.5881274777        -0.0425518875
        0.9450029000         2.4500000000         1.3327346748         4.5906793551        -0.1090392117
        0.9500018000         2.4500000000         1.3276300211         4.5881274777        -0.2420138602
        0.9550011000         2.4500000000         1.3378393285         4.5906793551         0.0239354367
        0.9600019000         2.4500000000         1.3301823480         4.5855756002        -0.1755265360
        0.9650013000         2.4500000000         1.3429439823         4.5957831101         0.1569100852
        0.9700017000         2.4500000000         1.3378393285         4.5932312326         0.0239354367
        0.9750026000         2.4500000000         1.3352870017         4.5906793551        -0.0425518875
        0.9800010000         2.4500000000         1.3429439823         4.5983349875         0.1569100852
        0.9850027000         2.4500000000         1.3378393285         4.5906793551         0.0239354367
        0.9900024000         2.4500000000         1.3327346748         4.5906793551        -0.1090392117
        0.9950012000         2.4500000000         1.3301823480         4.5830237228        -0.1755265360
        1.0000011000         2.4500000000         1.3301823480         4.5855756002        -0.1755265360
        1.0050011000         2.4500000000         1.3352870017         4.5906793551        -0.0425518875
        1.0100105000         2.4500000000         1.3531532897         4.5983349875         0.4228593821
        1.0150032000         2.4500000000         1.3454963091         4.5983349875         0.2233974094
        1.0200031000         2.4500000000         1.3429439823         4.5983349875         0.1569100852
        1.0250023000         2.4500000000         1.3301823480         4.5855756002        -0.1755265360
        1.0300016000         2.4500000000         1.3403916554         4.5983349875         0.0904227609
        1.0350013000         2.4500000000         1.3429439823         4.5983349875         0.1569100852
        1.0400011000         2.4500000000         1.3352870017         4.5906793551        -0.0425518875
        1.0450011000         2.4500000000         1.3429439823         4.5983349875         0.1569100852
        1.0500022000         2.4500000000         1.3352870017         4.5906793551        -0.0425518875
        1.0550017000         2.4500000000         1.3301823480         4.5855756002        -0.1755265360
        1.0600026000         2.4500000000         1.3301823480         4.5855756002        -0.1755265360
        1.0650015000         2.4500000000         1.3454963091         4.5957831101         0.2233974094
        1.0700023000         2.4500000000         1.3378393285         4.5881274777         0.0239354367
        1.0750013000         2.4500000000         1.3301823480         4.5855756002        -0.1755265360
        1.0800020000         2.4500000000         1.3352870017         4.5906793551        -0.0425518875
        1.0850015000         2.4500000000         1.3429439823         4.5983349875         0.1569100852
        1.0900011000         2.4500000000         1.3327346748         4.5855756002        -0.1090392117
        1.0950012000         2.4500000000         1.3327346748         4.5932312326        -0.1090392117
        1.1000022000         2.4500000000         1.3301823480         4.5830237228        -0.1755265360
        1.1050013000         2.4500000000         1.3403916554         4.5983349875         0.0904227609
        1.1100033000         2.4500000000         1.3378393285         4.5906793551         0.0239354367
        1.1150062000         2.4500000000         1.3403916554         4.5957831101         0.0904227609
        1.1200030000         2.4500000000         1.3429439823         4.5957831101         0.1569100852
        1.1250032000         2.4500000000         1.3429439823         4.5906793551         0.1569100852
        1.1300028000         2.4500000000         1.3429439823         4.5983349875         0.1569100852
        1.1350022000         2.4500000000         1.3250776943         4.5855756002        -0.3085011844
        1.1400013000         2.4500000000         1.3352870017         4.5855756002        -0.0425518875
        1.1450024000         2.4500000000         1.3301823480         4.5855756002        -0.1755265360
        1.1500012000         2.4500000000         1.3429439823         4.5957831101         0.1569100852
        1.1550012000         2.4500000000         1.3378393285         4.5881274777         0.0239354367
        1.1600011000         2.4500000000         1.3352870017         4.5906793551        -0.0425518875
        1.1650016000         2.4500000000         1.3429439823         4.5983349875         0.1569100852
        1.1700010000         2.4500000000         1.3301823480         4.5855756002        -0.1755265360
        1.1750012000         2.4500000000         1.3352870017         4.5906793551        -0.0425518875
        1.1800011000         2.4500000000         1.3403916554         4.5957831101         0.0904227609
        1.1850012000         2.4500000000         1.3352870017         4.5906793551        -0.0425518875
        1.1900012000         2.4500000000         1.3352870017         4.5906793551        -0.0425518875
        1.1950012000         2.4500000000         1.3454963091         4.5906793551         0.2233974094
        1.2000011000         2.4500000000         1.3403916554         4.5906793551         0.0904227609
        1.2050012000         2.4500000000         1.3352870017         4.5830237228        -0.0425518875
        1.2100011000         2.4500000000         1.3429439823         4.5983349875         0.1569100852
        1.2150011000         2.4500000000         1.3352870017         4.5932312326        -0.0425518875
        1.2200011000         2.4500000000         1.3352870017         4.5906793551        -0.0425518875
        1.2250015000         2.4500000000         1.3429439823         4.5983349875         0.1569100852
        1.2300010000         2.4500000000         1.3301823480         4.5855756002        -0.1755265360
        1.2350025000         2.4500000000         1.3301823480         4.5855756002        -0.1755265360
        1.2400027000         2.4500000000         1.3352870017         4.5932312326        -0.0425518875
        1.2450016000         2.4500000000         1.3301823480         4.5906793551        -0.1755265360
        1.2500010000         2.4500000000         1.3429439823         4.5957831101         0.1569100852
        1.2550017000         2.4500000000         1.3403916554         4.5957831101         0.0904227609
        1.2600013000         2.4500000000         1.3301823480         4.5855756002        -0.1755265360
        1.2650011000         2.4500000000         1.3429439823         4.5983349875         0.1569100852
        1.2700025000         2.4500000000         1.3454963091         4.5957831101         0.2233974094
        1.2750020000         2.4500000000         1.3378393285         4.5906793551         0.0239354367
        1.2800015000         2.4500000000         1.3352870017         4.5957831101        -0.0425518875
        1.2850027000         2.4500000000         1.3352870017         4.5906793551        -0.0425518875
        1.2900024000         2.4500000000         1.3429439823         4.5957831101         0.1569100852
        1.2950011000         2.4500000000         1.3403916554         4.5932312326         0.0904227609
        1.3000011000         2.4500000000         1.3301823480         4.5906793551        -0.1755265360
        1.3050015000         2.4500000000         1.3352870017         4.5932312326        -0.0425518875
        1.3100012000         2.4500000000         1.3301823480         4.5855756002        -0.1755265360
        1.3150012000         2.4500000000         1.3429439823         4.5983349875         0.1569100852
        1.3200020000         2.4500000000         1.3429439823         4.5957831101         0.1569100852
        1.3250012000         2.4500000000         1.3429439823         4.5957831101         0.1569100852
        1.3300018000         2.4500000000         1.3352870017         4.5932312326        -0.0425518875
        1.3350014000         2.4500000000         1.3327346748         4.5830237228        -0.1090392117
        1.3400012000         2.4500000000         1.3454963091         4.5932312326         0.2233974094
        1.3450013000         2.4500000000         1.3378393285         4.5881274777         0.0239354367
        1.3500020000         2.4500000000         1.3352870017         4.5881274777        -0.0425518875
        1.3550013000         2.4500000000         1.3301823480         4.5855756002        -0.1755265360
        1.3600029000         2.4500000000         1.3301823480         4.5855756002        -0.1755265360
        1.3650073000         2.4500000000         1.3378393285         4.5932312326         0.0239354367
        1.3700013000         2.4500000000         1.3403916554         4.5983349875         0.0904227609
        1.3750012000         2.4500000000         1.3352870017         4.5906793551        -0.0425518875
        1.3800012000         2.4500000000         1.3352870017         4.5906793551        -0.0425518875
        1.3850019000         2.4500000000         1.3301823480         4.5830237228        -0.1755265360
        1.3900011000         2.4500000000         1.3352870017         4.5906793551        -0.0425518875
        1.3950083000         2.4500000000         1.3480486360         4.5983349875         0.2898847336
        1.4000028000         2.4500000000         1.3403916554         4.5983349875         0.0904227609
        1.4050025000         2.4500000000         1.3301823480         4.5855756002        -0.1755265360
        1.4100030000         2.4500000000         1.3403916554         4.5855756002         0.0904227609
        1.4150020000         2.4500000000         1.3506009628         4.5983349875         0.3563720579
        1.4200014000         2.4500000000         1.3352870017         4.5906793551        -0.0425518875
        1.4250011000         2.4500000000         1.3429439823         4.5957831101         0.1569100852
        1.4300013000         2.4500000000         1.3378393285         4.5855756002         0.0239354367
        1.4350011000         2.4500000000         1.3429439823         4.5983349875         0.1569100852
        1.4400012000         2.4500000000         1.3352870017         4.5932312326        -0.0425518875
        1.4450011000         2.4500000000         1.3429439823         4.5983349875         0.1569100852
        1.4500011000         2.4500000000         1.3301823480         4.5881274777        -0.1755265360
        1.4550012000         2.4500000000         1.3301823480         4.5830237228        -0.1755265360
        1.4600012000         2.4500000000         1.3378393285         4.5906793551         0.0239354367
        1.4650011000         2.4500000000         1.3352870017         4.5957831101        -0.0425518875
        1.4700012000         2.4500000000         1.3352870017         4.5906793551        -0.0425518875
        1.4750012000         2.4500000000         1.3403916554         4.5855756002         0.0904227609
        1.4800010000         2.4500000000         1.3276300211         4.5855756002        -0.2420138602
        1.4850024000         2.4500000000         1.3301823480         4.5855756002        -0.1755265360
        1.4900022000         2.4500000000         1.3378393285         4.5881274777         0.0239354367
        1.4950013000         2.4500000000         1.3352870017         4.5881274777        -0.0425518875
        1.5000010000         2.4500000000         1.3276300211         4.5906793551        -0.2420138602
        1.5050012000         2.4500000000         1.3352870017         4.5881274777        -0.0425518875
        1.5100011000         2.4500000000         1.3352870017         4.5906793551        -0.0425518875
        1.5150018000         2.4500000000         1.3429439823         4.5957831101         0.1569100852
        1.5200034000         2.4500000000         1.3352870017         4.5906793551        -0.0425518875
        1.5250026000         2.4500000000         1.3301823480         4.5881274777        -0.1755265360
        1.5300022000         2.4500000000         1.3352870017         4.5932312326        -0.0425518875
        1.5350014000         2.4500000000         1.3301823480         4.5855756002        -0.1755265360
        1.5400012000         2.4500000000         1.3327346748         4.5906793551        -0.1090392117
        1.5450026000         2.4500000000         1.3378393285         4.5932312326         0.0239354367
        1.5500291000         2.4500000000         1.3276300211         4.5830237228        -0.2420138602
        1.5550029000         2.4500000000         1.3301823480         4.5830237228        -0.1755265360
        1.5600207000         2.4500000000         1.3352870017         4.5932312326        -0.0425518875
        1.5650032000         2.4500000000         1.3454963091         4.5957831101         0.2233974094
        1.5700036000         2.4500000000         1.3352870017         4.5906793551        -0.0425518875
        1.5750028000         2.4500000000         1.3327346748         4.5881274777        -0.1090392117
        1.5800020000         2.4500000000         1.3429439823         4.5983349875         0.1569100852
        1.5850046000         2.4500000000         1.3352870017         4.5881274777        -0.0425518875
        1.5900044000         2.4500000000         1.3352870017         4.5932312326        -0.0425518875
        1.5950020000         2.4500000000         1.3352870017         4.5932312326        -0.0425518875
        1.6000013000         2.4500000000         1.3429439823         4.5983349875         0.1569100852
        1.6050027000         2.4500000000         1.3352870017         4.5906793551        -0.0425518875
        1.6100019000         2.4500000000         1.3378393285         4.5906793551         0.0239354367
        1.6150016000         2.4500000000         1.3403916554         4.5957831101         0.0904227609
        1.6200023000         2.4500000000         1.3403916554         4.5906793551         0.0904227609
        1.6250024000         2.4500000000         1.3352870017         4.5881274777        -0.0425518875
        1.6300031000         2.4500000000         1.3454963091         4.5983349875         0.2233974094
        1.6350018000         2.4500000000         1.3403916554         4.5906793551         0.0904227609
        1.6400011000         2.4500000000         1.3352870017         4.5906793551        -0.0425518875
        1.6450022000         2.4500000000         1.3352870017         4.5906793551        -0.0425518875
        1.6500013000         2.4500000000         1.3429439823         4.5957831101         0.1569100852
        1.6550021000         2.4500000000         1.3429439823         4.5983349875         0.1569100852
        1.6600032000         2.4500000000         1.3429439823         4.5906793551         0.1569100852
        1.6650028000         2.4500000000         1.3301823480         4.5855756002        -0.1755265360
        1.6700015000         2.4500000000         1.3454963091         4.5906793551         0.2233974094
        1.6750016000         2.4500000000         1.3301823480         4.5830237228        -0.1755265360
        1.6800013000         2.4500000000         1.3429439823         4.5983349875         0.1569100852
        1.6850014000         2.4500000000         1.3352870017         4.5906793551        -0.0425518875
        1.6900316000         2.4500000000         1.3378393285         4.5906793551         0.0239354367
        1.6950026000         2.4500000000         1.3301823480         4.5881274777        -0.1755265360
        1.7000013000         2.4500000000         1.3429439823         4.5957831101         0.1569100852
        1.7050011000         2.4500000000         1.3276300211         4.5855756002        -0.2420138602
        1.7100019000         2.4500000000         1.3429439823         4.5957831101         0.1569100852
        1.7150013000         2.4500000000         1.3352870017         4.5906793551        -0.0425518875
        1.7200013000         2.4500000000         1.3352870017         4.5906793551        -0.0425518875
        1.7250020000         2.4500000000         1.3378393285         4.5881274777         0.0239354367
        1.7300024000         2.4500000000         1.3378393285         4.5906793551         0.0239354367
        1.7350025000         2.4500000000         1.3454963091         4.5957831101         0.2233974094
        1.7400025000         2.4500000000         1.3352870017         4.5881274777        -0.0425518875
        1.7450013000         2.4500000000         1.3352870017         4.5881274777        -0.0425518875
        1.7500010000         2.4500000000         1.3301823480         4.5906793551        -0.1755265360
        1.7550012000         2.4500000000         1.3429439823         4.5957831101         0.1569100852
        1.7600055000         2.4500000000         1.3429439823         4.6008868650         0.1569100852
        1.7650026000         2.4500000000         1.3352870017         4.5906793551        -0.0425518875
        1.7700029000         2.4500000000         1.3301823480         4.5906793551        -0.1755265360
        1.7750013000         2.4500000000         1.3352870017         4.5957831101        -0.0425518875
        1.7800024000         2.4500000000         1.3378393285         4.5906793551         0.0239354367
        1.7850016000         2.4500000000         1.3301823480         4.5855756002        -0.1755265360
        1.7900014000         2.4500000000         1.3301823480         4.5906793551        -0.1755265360
        1.7950015000         2.4500000000         1.3429439823         4.5957831101         0.1569100852
        1.8000030000         2.4500000000         1.3378393285         4.5906793551         0.0239354367
        1.8050023000         2.4500000000         1.3352870017         4.5906793551        -0.0425518875
        1.8100012000         2.4500000000         1.3403916554         4.5983349875         0.0904227609
        1.8150020000         2.4500000000         1.3403916554         4.5957831101         0.0904227609
        1.8200016000         2.4500000000         1.3429439823         4.5957831101         0.1569100852
        1.8250029000         2.4500000000         1.3403916554         4.5983349875         0.0904227609
        1.8300018000         2.4500000000         1.3327346748         4.5855756002        -0.1090392117
        1.8350038000         2.4500000000         1.3301823480         4.5855756002        -0.1755265360
        1.8400158000         2.4500000000         1.3429439823         4.5983349875         0.1569100852
        1.8450032000         2.4500000000         1.3301823480         4.5855756002        -0.1755265360
        1.8500032000         2.4500000000         1.3378393285         4.5906793551         0.0239354367
        1.8550015000         2.4500000000         1.3352870017         4.5906793551        -0.0425518875
        1.8600027000         2.4500000000         1.3378393285         4.5906793551         0.0239354367
        1.8650016000         2.4500000000         1.3454963091         4.5957831101         0.2233974094
        1.8700010000         2.4500000000         1.3301823480         4.5855756002        -0.1755265360
        1.8750023000         2.4500000000         1.3454963091         4.5983349875         0.2233974094
        1.8800021000         2.4500000000         1.3327346748         4.5855756002        -0.1090392117
        1.8850017000         2.4500000000         1.3454963091         4.5906793551         0.2233974094
        1.8900012000         2.4500000000         1.3352870017         4.5957831101        -0.0425518875
        1.8950043000         2.4500000000         1.3352870017         4.5906793551        -0.0425518875
        1.9000025000         2.4500000000         1.3276300211         4.5855756002        -0.2420138602
        1.9050478000         2.4500000000         1.3301823480         4.5830237228        -0.1755265360
        1.9100023000         2.4500000000         1.3301823480         4.5855756002        -0.1755265360
        1.9150014000         2.4500000000         1.3378393285         4.5906793551         0.0239354367
        1.9200011000         2.4500000000         1.3352870017         4.5881274777        -0.0425518875
        1.9250012000         2.4500000000         1.3429439823         4.5957831101         0.1569100852
        1.9300019000         2.4500000000         1.3352870017         4.5906793551        -0.0425518875
        1.9350013000         2.4500000000         1.3301823480         4.5932312326        -0.1755265360
        1.9400033000         2.4500000000         1.3378393285         4.5932312326         0.0239354367
        1.9450015000         2.4500000000         1.3403916554         4.5932312326         0.0904227609
        1.9500020000         2.4500000000         1.3454963091         4.5906793551         0.2233974094
        1.9550014000         2.4500000000         1.3352870017         4.5881274777        -0.0425518875
        1.9600013000         2.4500000000         1.3429439823         4.5957831101         0.1569100852
        1.9650024000         2.4500000000         1.3429439823         4.5983349875         0.1569100852
        1.9700013000         2.4500000000         1.3352870017         4.5881274777        -0.0425518875
        1.9750013000         2.4500000000         1.3352870017         4.5881274777        -0.0425518875
        1.9800018000         2.4500000000         1.3352870017         4.5906793551        -0.0425518875
        1.9850021000         2.4500000000         1.3352870017         4.5881274777        -0.0425518875
        1.9900031000         2.4500000000         1.3403916554         4.5957831101         0.0904227609
        1.9950014000         2.4500000000         1.3352870017         4.5932312326        -0.0425518875
        2.0000010000         2.4500000000         1.3352870017         4.5932312326        -0.0425518875
        2.0050014000         2.4500000000         1.3276300211         4.5855756002        -0.2420138602
        2.0100019000         2.4500000000         1.3352870017         4.5881274777        -0.0425518875
        2.0150027000         2.4500000000         1.3276300211         4.5906793551        -0.2420138602
        2.0200025000         2.4500000000         1.3301823480         4.5855756002        -0.1755265360
        2.0250018000         2.4500000000         1.3352870017         4.5983349875        -0.0425518875
        2.0300012000         2.4500000000         1.3378393285         4.5906793551         0.0239354367
        2.0350017000         2.4500000000         1.3378393285         4.5906793551         0.0239354367
        2.0400012000         2.4500000000         1.3403916554         4.5983349875         0.0904227609
        2.0463412000         2.4500000000         1.3352870017         4.5906793551        -0.0425518875
        2.0500504000         2.4500000000         1.3429439823         4.5906793551         0.1569100852
        2.0550331000         2.4500000000         1.3429439823         4.5983349875         0.1569100852
        2.0600056000         2.4500000000         1.3352870017         4.5932312326        -0.0425518875
        2.0650027000         2.4500000000         1.3301823480         4.5855756002        -0.1755265360
        2.0700053000         2.4500000000         1.3250776943         4.5830237228        -0.3085011844
        2.0750021000         2.4500000000         1.3352870017         4.5906793551        -0.0425518875
        2.0800057000         2.4500000000         1.3429439823         4.5983349875         0.1569100852
        2.0850027000         2.4500000000         1.3352870017         4.5983349875        -0.0425518875
        2.0900018000         2.4500000000         1.3454963091         4.5906793551         0.2233974094
        2.0950061000         2.4500000000         1.3403916554         4.5957831101         0.0904227609
        2.1000039000         2.4500000000         1.3327346748         4.5906793551        -0.1090392117
        2.1050013000         2.4500000000         1.3454963091         4.5957831101         0.2233974094
        2.1100092000         2.4500000000         1.3301823480         4.5855756002        -0.1755265360
        2.1150050000         2.4500000000         1.3301823480         4.5830237228        -0.1755265360
        2.1203275000         2.4500000000         1.3276300211         4.5932312326        -0.2420138602
        2.1250219000         2.4500000000         1.3429439823         4.5957831101         0.1569100852
        2.1300176000         2.4500000000         1.3403916554         4.5957831101         0.0904227609
        2.1350167000         2.4500000000         1.3301823480         4.5855756002        -0.1755265360
        2.1400043000         2.4500000000         1.3429439823         4.5983349875         0.1569100852
        2.1450032000         2.4500000000         1.3352870017         4.5881274777        -0.0425518875
        2.1500041000         2.4500000000         1.3352870017         4.5906793551        -0.0425518875
        2.1550033000         2.4500000000         1.3429439823         4.5957831101         0.1569100852
        2.1600101000         2.4500000000         1.3276300211         4.5830237228        -0.2420138602
        2.1650015000         2.4500000000         1.3352870017         4.5932312326        -0.0425518875
        2.1700030000         2.4500000000         1.3352870017         4.5906793551        -0.0425518875
        2.1750013000         2.4500000000         1.3352870017         4.5881274777        -0.0425518875
        2.1800025000         2.4500000000         1.3352870017         4.5957831101        -0.0425518875
        2.1850014000         2.4500000000         1.3352870017         4.5932312326        -0.0425518875
        2.1900019000         2.4500000000         1.3352870017         4.5906793551        -0.0425518875
        2.1950032000         2.4500000000         1.3352870017         4.5906793551        -0.0425518875
        2.2000027000         2.4500000000         1.3301823480         4.5855756002        -0.1755265360
        2.2050018000         2.4500000000         1.3429439823         4.6008868650         0.1569100852
        2.2100034000         2.4500000000         1.3276300211         4.5881274777        -0.2420138602
        2.2150014000         2.4500000000         1.3301823480         4.5881274777        -0.1755265360
        2.2200034000         2.4500000000         1.3352870017         4.5932312326        -0.0425518875
        2.2250040000         2.4500000000         1.3301823480         4.5855756002        -0.1755265360
        2.2300057000         2.4500000000         1.3352870017         4.5906793551        -0.0425518875
        2.2350022000         2.4500000000         1.3327346748         4.5906793551        -0.1090392117
        2.2400055000         2.4500000000         1.3378393285         4.5906793551         0.0239354367
        2.2450015000         2.4500000000         1.3429439823         4.5983349875         0.1569100852
        2.2500027000         2.4500000000         1.3403916554         4.5983349875         0.0904227609
        2.2550021000         2.4500000000         1.3301823480         4.5855756002        -0.1755265360
        2.2600038000         2.4500000000         1.3352870017         4.5881274777        -0.0425518875
        2.2650021000         2.4500000000         1.3429439823         4.5983349875         0.1569100852
        2.2700032000         2.4500000000         1.3403916554         4.5881274777         0.0904227609
        2.2750019000         2.4500000000         1.3429439823         4.5983349875         0.1569100852
        2.2800017000         2.4500000000         1.3352870017         4.5906793551        -0.0425518875
        2.2850025000         2.4500000000         1.3403916554         4.5932312326         0.0904227609
        2.2900064000         2.4500000000         1.3352870017         4.5932312326        -0.0425518875
        2.2950040000         2.4500000000         1.3403916554         4.5983349875         0.0904227609
        2.3000037000         2.4500000000         1.3352870017         4.5906793551        -0.0425518875
        2.3050052000         2.4500000000         1.3378393285         4.5906793551         0.0239354367
        2.3100064000         2.4500000000         1.3429439823         4.5957831101         0.1569100852
        2.3150053000         2.4500000000         1.3352870017         4.5932312326        -0.0425518875
        2.3200063000         2.4500000000         1.3352870017         4.5906793551        -0.0425518875
        2.3250060000         2.4500000000         1.3403916554         4.5983349875         0.0904227609
        2.3300062000         2.4500000000         1.3429439823         4.5957831101         0.1569100852
        2.3350049000         2.4500000000         1.3429439823         4.5983349875         0.1569100852
        2.3400047000         2.4500000000         1.3352870017         4.5906793551        -0.0425518875
        2.3450063000         2.4500000000         1.3352870017         4.5906793551        -0.0425518875
        2.3500084000         2.4500000000         1.3301823480         4.5855756002        -0.1755265360
        2.3550069000         2.4500000000         1.3429439823         4.5957831101         0.1569100852
        2.3600055000         2.4500000000         1.3327346748         4.5881274777        -0.1090392117
        2.3650053000         2.4500000000         1.3378393285         4.5932312326         0.0239354367
        2.3700044000         2.4500000000         1.3352870017         4.5932312326        -0.0425518875
        2.3750050000         2.4500000000         1.3301823480         4.5855756002        -0.1755265360
        2.3800048000         2.4500000000         1.3352870017         4.5932312326        -0.0425518875
        2.3850028000         2.4500000000         1.3352870017         4.5932312326        -0.0425518875
        2.3900045000         2.4500000000         1.3352870017         4.5906793551        -0.0425518875
        2.3950039000         2.4500000000         1.3301823480         4.5855756002        -0.1755265360
        2.4000046000         2.4500000000         1.3429439823         4.5983349875         0.1569100852
        2.4050061000         2.4500000000         1.3378393285         4.5906793551         0.0239354367
        2.4100063000         2.4500000000         1.3301823480         4.5855756002        -0.1755265360
        2.4150077000         2.4500000000         1.3352870017         4.5906793551        -0.0425518875
        2.4200050000         2.4500000000         1.3352870017         4.5932312326        -0.0425518875
        2.4250046000         2.4500000000         1.3352870017         4.5906793551        -0.0425518875
        2.4300079000         2.4500000000         1.3403916554         4.5983349875         0.0904227609
        2.4350055000         2.4500000000         1.3352870017         4.5906793551        -0.0425518875
        2.4400049000         2.4500000000         1.3352870017         4.5906793551        -0.0425518875
        2.4450055000         2.4500000000         1.3352870017         4.5906793551        -0.0425518875
        2.4500056000         2.4500000000         1.3352870017         4.5906793551        -0.0425518875
        2.4550060000         2.4500000000         1.3352870017         4.5906793551        -0.0425518875
        2.4600041000         2.4500000000         1.3352870017         4.5906793551        -0.0425518875
        2.4650058000         2.4500000000         1.3327346748         4.5855756002        -0.1090392117
        2.4700043000         2.4500000000         1.3429439823         4.5957831101         0.1569100852
        2.4750041000         2.4500000000         1.3352870017         4.5830237228        -0.0425518875
        2.4800017000         2.4500000000         1.3352870017         4.5855756002        -0.0425518875
        2.4850056000         2.4500000000         1.3352870017         4.5906793551        -0.0425518875
        2.4900046000         2.4500000000         1.3378393285         4.5906793551         0.0239354367
        2.4950031000         2.4500000000         1.3352870017         4.5906793551        -0.0425518875
        2.5000025000         2.4500000000         1.3352870017         4.5932312326        -0.0425518875
        2.5050023000         2.4500000000         1.3429439823         4.5957831101         0.1569100852
        2.5100020000         2.4500000000         1.3352870017         4.5906793551        -0.0425518875
        2.5150014000         2.4500000000         1.3378393285         4.5932312326         0.0239354367
        2.5200526000         2.4500000000         1.3403916554         4.5957831101         0.0904227609
        2.5250055000         2.4500000000         1.3403916554         4.5983349875         0.0904227609
        2.5300252000         2.4500000000         1.3352870017         4.5983349875        -0.0425518875
        2.5350024000         2.4500000000         1.3276300211         4.5830237228        -0.2420138602
        2.5400027000         2.4500000000         1.3352870017         4.5906793551        -0.0425518875
        2.5450019000         2.4500000000         1.3454963091         4.5983349875         0.2233974094
        2.5500026000         2.4500000000         1.3301823480         4.5830237228        -0.1755265360
        2.5550024000         2.4500000000         1.3352870017         4.5932312326        -0.0425518875
        2.5600048000         2.4500000000         1.3352870017         4.5906793551        -0.0425518875
        2.5650024000         2.4500000000         1.3327346748         4.5881274777        -0.1090392117
        2.5700014000         2.4500000000         1.3352870017         4.5906793551        -0.0425518875
        2.5750018000         2.4500000000         1.3352870017         4.5983349875        -0.0425518875
        2.5800025000         2.4500000000         1.3378393285         4.5906793551         0.0239354367
        2.5850013000         2.4500000000         1.3403916554         4.5906793551         0.0904227609
        2.5900031000         2.4500000000         1.3352870017         4.5881274777        -0.0425518875
        2.5950027000         2.4500000000         1.3301823480         4.5830237228        -0.1755265360
        2.6000019000         2.4500000000         1.3276300211         4.5855756002        -0.2420138602
        2.6050012000         2.4500000000         1.3429439823         4.5983349875         0.1569100852
        2.6100057000         2.4500000000         1.3250776943         4.5881274777        -0.3085011844
        2.6150020000         2.4500000000         1.3301823480         4.5855756002        -0.1755265360
        2.6200024000         2.4500000000         1.3429439823         4.5983349875         0.1569100852
        2.6250034000         2.4500000000         1.3403916554         4.5906793551         0.0904227609
        2.6300035000         2.4500000000         1.3378393285         4.5906793551         0.0239354367
        2.6350024000         2.4500000000         1.3429439823         4.5983349875         0.1569100852
        2.6400014000         2.4500000000         1.3327346748         4.5855756002        -0.1090392117
        2.6450031000         2.4500000000         1.3301823480         4.5855756002        -0.1755265360
        2.6500041000         2.4500000000         1.3429439823         4.5957831101         0.1569100852
        2.6550027000         2.4500000000         1.3276300211         4.5830237228        -0.2420138602
        2.6600014000         2.4500000000         1.3429439823         4.5983349875         0.1569100852
        2.6650032000         2.4500000000         1.3429439823         4.5983349875         0.1569100852
        2.6700014000         2.4500000000         1.3301823480         4.5881274777        -0.1755265360
        2.6750021000         2.4500000000         1.3429439823         4.5957831101         0.1569100852
        2.6800013000         2.4500000000         1.3327346748         4.5855756002        -0.1090392117
        2.6850025000         2.4500000000         1.3429439823         4.5983349875         0.1569100852
        2.6900014000         2.4500000000         1.3352870017         4.5906793551        -0.0425518875
        2.6950025000         2.4500000000         1.3378393285         4.5932312326         0.0239354367
        2.7000013000         2.4500000000         1.3403916554         4.5983349875         0.0904227609
        2.7050023000         2.4500000000         1.3352870017         4.5906793551        -0.0425518875
        2.7100013000         2.4500000000         1.3429439823         4.5983349875         0.1569100852
        2.7150025000         2.4500000000         1.3352870017         4.5906793551        -0.0425518875
        2.7200015000         2.4500000000         1.3352870017         4.5932312326        -0.0425518875
        2.7250025000         2.4500000000         1.3301823480         4.5906793551        -0.1755265360
        2.7300013000         2.4500000000         1.3327346748         4.5855756002        -0.1090392117
        2.7350025000         2.4500000000         1.3352870017         4.5906793551        -0.0425518875
        2.7400022000         2.4500000000         1.3352870017         4.5906793551        -0.0425518875
        2.7450012000         2.4500000000         1.3301823480         4.5855756002        -0.1755265360
        2.7500011000         2.4500000000         1.3301823480         4.5855756002        -0.1755265360
        2.7550012000         2.4500000000         1.3429439823         4.5983349875         0.1569100852
        2.7600029000         2.4500000000         1.3301823480         4.5855756002        -0.1755265360
        2.7650014000         2.4500000000         1.3352870017         4.5906793551        -0.0425518875
        2.7700027000         2.4500000000         1.3352870017         4.5881274777        -0.0425518875
        2.7750013000         2.4500000000         1.3276300211         4.5830237228        -0.2420138602
        2.7800027000         2.4500000000         1.3352870017         4.5881274777        -0.0425518875
        2.7850014000         2.4500000000         1.3276300211         4.5830237228        -0.2420138602
        2.7900044000         2.4500000000         1.3352870017         4.5906793551        -0.0425518875
        2.7950014000         2.4500000000         1.3327346748         4.5906793551        -0.1090392117
        2.8000053000         2.4500000000         1.3301823480         4.5855756002        -0.1755265360
        2.8050013000         2.4500000000         1.3352870017         4.5906793551        -0.0425518875
        2.8100022000         2.4500000000         1.3301823480         4.5881274777        -0.1755265360
        2.8150025000         2.4500000000         1.3429439823         4.5957831101         0.1569100852
        2.8200015000         2.4500000000         1.3301823480         4.5881274777        -0.1755265360
        2.8250028000         2.4500000000         1.3429439823         4.5983349875         0.1569100852
        2.8300013000         2.4500000000         1.3301823480         4.5855756002        -0.1755265360
        2.8350013000         2.4500000000         1.3378393285         4.5906793551         0.0239354367
        2.8400023000         2.4500000000         1.3403916554         4.5983349875         0.0904227609
        2.8450014000         2.4500000000         1.3276300211         4.5855756002        -0.2420138602
        2.8500022000         2.4500000000         1.3327346748         4.5881274777        -0.1090392117
        2.8550012000         2.4500000000         1.3429439823         4.5957831101         0.1569100852
        2.8600023000         2.4500000000         1.3429439823         4.5906793551         0.1569100852
        2.8650013000         2.4500000000         1.3352870017         4.5906793551        -0.0425518875
        2.8700024000         2.4500000000         1.3403916554         4.5957831101         0.0904227609
        2.8750025000         2.4500000000         1.3352870017         4.5906793551        -0.0425518875
        2.8800028000         2.4500000000         1.3352870017         4.5906793551        -0.0425518875
        2.8850023000         2.4500000000         1.3429439823         4.5957831101         0.1569100852
        2.8900024000         2.4500000000         1.3301823480         4.5855756002        -0.1755265360
        2.8950024000         2.4500000000         1.3454963091         4.5983349875         0.2233974094
        2.9000197000         2.4500000000         1.3429439823         4.5957831101         0.1569100852
        2.9050016000         2.4500000000         1.3454963091         4.5932312326         0.2233974094
        2.9100051000         2.4500000000         1.3352870017         4.5906793551        -0.0425518875
        2.9150021000         2.4500000000         1.3352870017         4.5906793551        -0.0425518875
        2.9200063000         2.4500000000         1.3352870017         4.5906793551        -0.0425518875
        2.9250036000         2.4500000000         1.3429439823         4.5957831101         0.1569100852
        2.9300020000         2.4500000000         1.3378393285         4.5906793551         0.0239354367
        2.9350042000         2.4500000000         1.3301823480         4.5855756002        -0.1755265360
        2.9400047000         2.4500000000         1.3429439823         4.5957831101         0.1569100852
        2.9450048000         2.4500000000         1.3429439823         4.5957831101         0.1569100852
        2.9500034000         2.4500000000         1.3327346748         4.5855756002        -0.1090392117
        2.9550040000         2.4500000000         1.3403916554         4.5906793551         0.0904227609
        2.9600192000         2.4500000000         1.3352870017         4.5906793551        -0.0425518875
        2.9650021000         2.4500000000         1.3301823480         4.5855756002        -0.1755265360
        2.9700035000         2.4500000000         1.3352870017         4.5906793551        -0.0425518875
        2.9750022000         2.4500000000         1.3301823480         4.5855756002        -0.1755265360
        2.9800037000         2.4500000000         1.3403916554         4.5983349875         0.0904227609
        2.9850025000         2.4500000000         1.3378393285         4.5932312326         0.0239354367
        2.9900058000         2.4500000000         1.3378393285         4.5906793551         0.0239354367
        2.9950031000         2.4500000000         1.3429439823         4.5983349875         0.1569100852
        3.0000030000         2.4500000000         1.3352870017         4.5932312326        -0.0425518875
        3.0050028000         2.4500000000         1.3327346748         4.5855756002        -0.1090392117
        3.0100021000         2.4500000000         1.3429439823         4.5983349875         0.1569100852
        3.0150022000         2.4500000000         1.3352870017         4.5906793551        -0.0425518875
        3.0200032000         2.4500000000         1.3352870017         4.5855756002        -0.0425518875
        3.0250063000         2.4500000000         1.3352870017         4.5932312326        -0.0425518875
        3.0300460000         2.4500000000         1.3429439823         4.6008868650         0.1569100852
        3.0350029000         2.4500000000         1.3352870017         4.5906793551        -0.0425518875
        3.0400056000         2.4500000000         1.3352870017         4.5906793551        -0.0425518875
        3.0450017000         2.4500000000         1.3276300211         4.5830237228        -0.2420138602
        3.0500035000         2.4500000000         1.3327346748         4.5906793551        -0.1090392117
        3.0550025000         2.4500000000         1.3276300211         4.5855756002        -0.2420138602
        3.0600044000         2.4500000000         1.3352870017         4.5906793551        -0.0425518875
        3.0650163000         2.4500000000         1.3378393285         4.5932312326         0.0239354367
        3.0700034000         2.4500000000         1.3327346748         4.5906793551        -0.1090392117
        3.0750024000         2.4500000000         1.3378393285         4.5881274777         0.0239354367
        3.0802067000         2.4500000000         1.3454963091         4.5983349875         0.2233974094
        3.0850035000         2.4500000000         1.3429439823         4.5957831101         0.1569100852
        3.0900023000         2.4500000000         1.3352870017         4.5855756002        -0.0425518875
        3.0950050000         2.4500000000         1.3378393285         4.5906793551         0.0239354367
        3.1000149000         2.4500000000         1.3403916554         4.5957831101         0.0904227609
        3.1050026000         2.4500000000         1.3352870017         4.5957831101        -0.0425518875
        3.1100499000         2.4500000000         1.3301823480         4.5881274777        -0.1755265360
        3.1150085000         2.4500000000         1.3301823480         4.5855756002        -0.1755265360
        3.1200039000         2.4500000000         1.3352870017         4.5906793551        -0.0425518875
        3.1250034000         2.4500000000         1.3352870017         4.5932312326        -0.0425518875
        3.1300037000         2.4500000000         1.3352870017         4.5906793551        -0.0425518875
        3.1350226000         2.4500000000         1.3429439823         4.5983349875         0.1569100852
        3.1400020000         2.4500000000         1.3378393285         4.5906793551         0.0239354367
        3.1450030000         2.4500000000         1.3378393285         4.5855756002         0.0239354367
        3.1500036000         2.4500000000         1.3429439823         4.5957831101         0.1569100852
        3.1550035000         2.4500000000         1.3378393285         4.5906793551         0.0239354367
        3.1600033000         2.4500000000         1.3429439823         4.5932312326         0.1569100852
        3.1650070000         2.4500000000         1.3276300211         4.5855756002        -0.2420138602
        3.1700307000         2.4500000000         1.3301823480         4.5855756002        -0.1755265360
        3.1750069000         2.4500000000         1.3378393285         4.5906793551         0.0239354367
        3.1800242000         2.4500000000         1.3378393285         4.5906793551         0.0239354367
        3.1850045000         2.4500000000         1.3429439823         4.5983349875         0.1569100852
        3.1900096000         2.4500000000         1.3352870017         4.5932312326        -0.0425518875
        3.1950066000         2.4500000000         1.3454963091         4.5932312326         0.2233974094
        3.2000072000         2.4500000000         1.3301823480         4.5855756002        -0.1755265360
        3.2050242000         2.4500000000         1.3378393285         4.5906793551         0.0239354367
        3.2100054000         2.4500000000         1.3250776943         4.5830237228        -0.3085011844
        3.2150039000         2.4500000000         1.3378393285         4.5881274777         0.0239354367
        3.2200062000         2.4500000000         1.3352870017         4.5932312326        -0.0425518875
        3.2250048000         2.4500000000         1.3301823480         4.5855756002        -0.1755265360
        3.2300042000         2.4500000000         1.3454963091         4.5932312326         0.2233974094
        3.2350076000         2.4500000000         1.3352870017         4.5906793551        -0.0425518875
        3.2400215000         2.4500000000         1.3429439823         4.5983349875         0.1569100852
        3.2450041000         2.4500000000         1.3352870017         4.5906793551        -0.0425518875
        3.2500053000         2.4500000000         1.3276300211         4.5855756002        -0.2420138602
        3.2550081000         2.4500000000         1.3276300211         4.5855756002        -0.2420138602
        3.2600039000         2.4500000000         1.3378393285         4.5906793551         0.0239354367
        3.2650052000         2.4500000000         1.3403916554         4.5957831101         0.0904227609
        3.2700054000         2.4500000000         1.3378393285         4.5881274777         0.0239354367
        3.2750095000         2.4500000000         1.3352870017         4.5881274777        -0.0425518875
        3.2800032000         2.4500000000         1.3378393285         4.5906793551         0.0239354367
        3.2850068000         2.4500000000         1.3352870017         4.5906793551        -0.0425518875
        3.2900050000         2.4500000000         1.3327346748         4.5881274777        -0.1090392117
        3.2950047000         2.4500000000         1.3352870017         4.5906793551        -0.0425518875
        3.3000027000         2.4500000000         1.3429439823         4.5906793551         0.1569100852
        3.3050027000         2.4500000000         1.3378393285         4.5855756002         0.0239354367
        3.3100022000         2.4500000000         1.3352870017         4.5906793551        -0.0425518875
        3.3150016000         2.4500000000         1.3429439823         4.5983349875         0.1569100852
        3.3200020000         2.4500000000         1.3429439823         4.5983349875         0.1569100852
        3.3250037000         2.4500000000         1.3429439823         4.5957831101         0.1569100852
        3.3300048000         2.4500000000         1.3352870017         4.5906793551        -0.0425518875
        3.3350456000         2.4500000000         1.3276300211         4.5855756002        -0.2420138602
        3.3400079000         2.4500000000         1.3429439823         4.5983349875         0.1569100852
        3.3450021000         2.4500000000         1.3352870017         4.5906793551        -0.0425518875
        3.3500013000         2.4500000000         1.3352870017         4.5932312326        -0.0425518875
        3.3550020000         2.4500000000         1.3378393285         4.5881274777         0.0239354367
        3.3600021000         2.4500000000         1.3352870017         4.5906793551        -0.0425518875
        3.3650023000         2.4500000000         1.3352870017         4.5932312326        -0.0425518875
        3.3700448000         2.4500000000         1.3429439823         4.5957831101         0.1569100852
        3.3750049000         2.4500000000         1.3327346748         4.5855756002        -0.1090392117
        3.3800023000         2.4500000000         1.3429439823         4.6008868650         0.1569100852
        3.3850025000         2.4500000000         1.3378393285         4.5906793551         0.0239354367
        3.3900014000         2.4500000000         1.3352870017         4.5906793551        -0.0425518875
        3.3950045000         2.4500000000         1.3403916554         4.5957831101         0.0904227609
        3.4000022000         2.4500000000         1.3276300211         4.5855756002        -0.2420138602
        3.4050020000         2.4500000000         1.3327346748         4.5830237228        -0.1090392117
        3.4100013000         2.4500000000         1.3352870017         4.5906793551        -0.0425518875
        3.4150019000         2.4500000000         1.3327346748         4.5983349875        -0.1090392117
        3.4200011000         2.4500000000         1.3378393285         4.5906793551         0.0239354367
        3.4250065000         2.4500000000         1.3352870017         4.5855756002        -0.0425518875
        3.4300029000         2.4500000000         1.3429439823         4.5983349875         0.1569100852
        3.4350021000         2.4500000000         1.3378393285         4.5906793551         0.0239354367
        3.4400021000         2.4500000000         1.3352870017         4.5855756002        -0.0425518875
        3.4450013000         2.4500000000         1.3429439823         4.5957831101         0.1569100852
        3.4500610000         2.4500000000         1.3378393285         4.5906793551         0.0239354367
        3.4550022000         2.4500000000         1.3352870017         4.5906793551        -0.0425518875
        3.4600027000         2.4500000000         1.3301823480         4.5830237228        -0.1755265360
        3.4650014000         2.4500000000         1.3429439823         4.5957831101         0.1569100852
        3.4700012000         2.4500000000         1.3327346748         4.5855756002        -0.1090392117
        3.4750025000         2.4500000000         1.3403916554         4.5957831101         0.0904227609
        3.4800013000         2.4500000000         1.3352870017         4.5881274777        -0.0425518875
        3.4850025000         2.4500000000         1.3352870017         4.5906793551        -0.0425518875
        3.4900014000         2.4500000000         1.3352870017         4.5881274777        -0.0425518875
        3.4950020000         2.4500000000         1.3378393285         4.5906793551         0.0239354367
        3.5000013000         2.4500000000         1.3352870017         4.5881274777        -0.0425518875
        3.5050019000         2.4500000000         1.3378393285         4.5855756002         0.0239354367
        3.5100015000         2.4500000000         1.3480486360         4.5906793551         0.2898847336
        3.5150045000         2.4500000000         1.3301823480         4.5855756002        -0.1755265360
        3.5201180000         2.4500000000         1.3301823480         4.5855756002        -0.1755265360
        3.5250074000         2.4500000000         1.3327346748         4.5881274777        -0.1090392117
        3.5301526000         2.4500000000         1.3352870017         4.5881274777        -0.0425518875
        3.5350303000         2.4500000000         1.3403916554         4.5906793551         0.0904227609
        3.5400353000         2.4500000000         1.3403916554         4.5983349875         0.0904227609
        3.5450045000         2.4500000000         1.3352870017         4.5906793551        -0.0425518875
        3.5500518000         2.4500000000         1.3301823480         4.5855756002        -0.1755265360
        3.5550362000         2.4500000000         1.3352870017         4.5932312326        -0.0425518875
        3.5600214000         2.4500000000         1.3301823480         4.5855756002        -0.1755265360
        3.5650254000         2.4500000000         1.3352870017         4.5906793551        -0.0425518875
        3.5700042000         2.4500000000         1.3301823480         4.5855756002        -0.1755265360
        3.5750059000         2.4500000000         1.3301823480         4.5932312326        -0.1755265360
        3.5800037000         2.4500000000         1.3378393285         4.5906793551         0.0239354367
        3.5850045000         2.4500000000         1.3352870017         4.5906793551        -0.0425518875
        3.5900232000         2.4500000000         1.3301823480         4.5855756002        -0.1755265360
        3.5950067000         2.4500000000         1.3352870017         4.5906793551        -0.0425518875
        3.6000041000         2.4500000000         1.3301823480         4.5855756002        -0.1755265360
        3.6050046000         2.4500000000         1.3429439823         4.5906793551         0.1569100852
        3.6100052000         2.4500000000         1.3403916554         4.5957831101         0.0904227609
        3.6150145000         2.4500000000         1.3403916554         4.5983349875         0.0904227609
        3.6200069000         2.4500000000         1.3429439823         4.5932312326         0.1569100852
        3.6253147000         2.4500000000         1.3403916554         4.5983349875         0.0904227609
        3.6300052000         2.4500000000         1.3352870017         4.5906793551        -0.0425518875
        3.6350316000         2.4500000000         1.3301823480         4.5855756002        -0.1755265360
        3.6400063000         2.4500000000         1.3378393285         4.5855756002         0.0239354367
        3.6450046000         2.4500000000         1.3301823480         4.5855756002        -0.1755265360
        3.6500049000         2.4500000000         1.3429439823         4.5957831101         0.1569100852
        3.6550086000         2.4500000000         1.3276300211         4.5830237228        -0.2420138602
        3.6601103000         2.4500000000         1.3352870017         4.5906793551        -0.0425518875
        3.6650056000         2.4500000000         1.3429439823         4.5957831101         0.1569100852
        3.6700308000         2.4500000000         1.3301823480         4.5855756002        -0.1755265360
        3.6750061000         2.4500000000         1.3352870017         4.5906793551        -0.0425518875
        3.6800057000         2.4500000000         1.3352870017         4.5906793551        -0.0425518875
        3.6850054000         2.4500000000         1.3301823480         4.5881274777        -0.1755265360
        3.6900058000         2.4500000000         1.3429439823         4.5906793551         0.1569100852
        3.6953727000         2.4500000000         1.3301823480         4.5881274777        -0.1755265360
        3.7000232000         2.4500000000         1.3352870017         4.5957831101        -0.0425518875
        3.7050501000         2.4500000000         1.3378393285         4.5881274777         0.0239354367
        3.7100068000         2.4500000000         1.3352870017         4.5906793551        -0.0425518875
        3.7150050000         2.4500000000         1.3352870017         4.5906793551        -0.0425518875
        3.7200029000         2.4500000000         1.3352870017         4.5906793551        -0.0425518875
        3.7250048000         2.4500000000         1.3352870017         4.5932312326        -0.0425518875
        3.7300023000         2.4500000000         1.3378393285         4.5881274777         0.0239354367
        3.7350043000         2.4500000000         1.3352870017         4.5906793551        -0.0425518875
        3.7400036000         2.4500000000         1.3352870017         4.5906793551        -0.0425518875
        3.7450026000         2.4500000000         1.3378393285         4.5881274777         0.0239354367
        3.7500012000         2.4500000000         1.3301823480         4.5906793551        -0.1755265360
        3.7550013000         2.4500000000         1.3327346748         4.5855756002        -0.1090392117
        3.7600026000         2.4500000000         1.3403916554         4.5983349875         0.0904227609
        3.7650014000         2.4500000000         1.3352870017         4.5906793551        -0.0425518875
        3.7700053000         2.4500000000         1.3352870017         4.5906793551        -0.0425518875
        3.7750013000         2.4500000000         1.3352870017         4.5881274777        -0.0425518875
        3.7800026000         2.4500000000         1.3454963091         4.5932312326         0.2233974094
        3.7850014000         2.4500000000         1.3352870017         4.5906793551        -0.0425518875
        3.7900012000         2.4500000000         1.3403916554         4.5957831101         0.0904227609
        3.7950045000         2.4500000000         1.3352870017         4.5957831101        -0.0425518875
        3.8000016000         2.4500000000         1.3301823480         4.5855756002        -0.1755265360
        3.8050030000         2.4500000000         1.3301823480         4.5855756002        -0.1755265360
        3.8100013000         2.4500000000         1.3352870017         4.5932312326        -0.0425518875
        3.8150029000         2.4500000000         1.3378393285         4.5906793551         0.0239354367
        3.8200015000         2.4500000000         1.3378393285         4.5881274777         0.0239354367
        3.8250035000         2.4500000000         1.3327346748         4.5855756002        -0.1090392117
        3.8300014000         2.4500000000         1.3429439823         4.5957831101         0.1569100852
        3.8350413000         2.4500000000         1.3352870017         4.5881274777        -0.0425518875
        3.8400048000         2.4500000000         1.3352870017         4.5855756002        -0.0425518875
        3.8450178000         2.4500000000         1.3403916554         4.5906793551         0.0904227609
        3.8500046000         2.4500000000         1.3352870017         4.5957831101        -0.0425518875
        3.8550021000         2.4500000000         1.3352870017         4.5881274777        -0.0425518875
        3.8600038000         2.4500000000         1.3352870017         4.5932312326        -0.0425518875
        3.8650052000         2.4500000000         1.3301823480         4.5881274777        -0.1755265360
        3.8700015000         2.4500000000         1.3378393285         4.5906793551         0.0239354367
        3.8750040000         2.4500000000         1.3429439823         4.5983349875         0.1569100852
        3.8800077000         2.4500000000         1.3429439823         4.5957831101         0.1569100852
        3.8850101000         2.4500000000         1.3378393285         4.5906793551         0.0239354367
        3.8900062000         2.4500000000         1.3352870017         4.5906793551        -0.0425518875
        3.8950042000         2.4500000000         1.3429439823         4.5983349875         0.1569100852
        3.9000032000         2.4500000000         1.3378393285         4.5906793551         0.0239354367
        3.9050033000         2.4500000000         1.3301823480         4.5855756002        -0.1755265360
        3.9100015000         2.4500000000         1.3301823480         4.5957831101        -0.1755265360
        3.9150020000         2.4500000000         1.3352870017         4.5855756002        -0.0425518875
        3.9200016000         2.4500000000         1.3352870017         4.5881274777        -0.0425518875
        3.9250034000         2.4500000000         1.3301823480         4.5855756002        -0.1755265360
        3.9300026000         2.4500000000         1.3352870017         4.5906793551        -0.0425518875
        3.9350037000         2.4500000000         1.3352870017         4.5906793551        -0.0425518875
        3.9400041000         2.4500000000         1.3352870017         4.5957831101        -0.0425518875
        3.9450024000         2.4500000000         1.3378393285         4.5932312326         0.0239354367
        3.9500039000         2.4500000000         1.3378393285         4.5932312326         0.0239354367
        3.9550018000         2.4500000000         1.3352870017         4.5932312326        -0.0425518875
        3.9600026000         2.4500000000         1.3403916554         4.5983349875         0.0904227609
        3.9650018000         2.4500000000         1.3301823480         4.5855756002        -0.1755265360
        3.9700060000         2.4500000000         1.3429439823         4.5906793551         0.1569100852
        3.9751000000         2.4500000000         1.3352870017         4.5932312326        -0.0425518875
        3.9800041000         2.4500000000         1.3301823480         4.5855756002        -0.1755265360
        3.9850149000         2.4500000000         1.3301823480         4.5906793551        -0.1755265360
        3.9900021000         2.4500000000         1.3403916554         4.5830237228         0.0904227609
        3.9950036000         2.4500000000         1.3429439823         4.5957831101         0.1569100852
