% Motor Sweep Step 53/180
% Vcmd       = 2.7700 [V]
% Direction  = CW
% Zone       = DEADZONE
% Vg_offset  = 1.336920 [V]
% K_gimbal   = 26.049690 [(rad/s)/V]

Time[s]              Vcmd[V]              Vg_raw[V]            Pot[V]               Omega[rad/s]
        0.0000084000         2.7700000000         1.3429439823         1.1150222560         0.1569100852
        0.0050217000         2.7700000000         1.3454963091         1.1099185011         0.2233974094
        0.0100034000         2.7700000000         1.3352870017         1.1099185011        -0.0425518875
        0.0150036000         2.7700000000         1.3352870017         1.1124703785        -0.0425518875
        0.0200032000         2.7700000000         1.3454963091         1.1048147461         0.2233974094
        0.0250363000         2.7700000000         1.3301823480         1.1048147461        -0.1755265360
        0.0300034000         2.7700000000         1.3276300211         1.1048147461        -0.2420138602
        0.0350034000         2.7700000000         1.3352870017         1.1048147461        -0.0425518875
        0.0400013000         2.7700000000         1.3403916554         1.1124703785         0.0904227609
        0.0450015000         2.7700000000         1.3659149240         1.1099185011         0.7552960032
        0.0500015000         2.7700000000         1.3863335388         1.1099185011         1.2871945970
        0.0550031000         2.7700000000         1.3608102703         1.1124703785         0.6223213548
        0.0600030000         2.7700000000         1.3710195777         0.0049555613         0.8882706517
        0.0650025000         2.7700000000         1.3812288851         0.0100593162         1.1542199486
        0.0700032000         2.7700000000         1.3659149240        -0.0027000711         0.7552960032
        0.0750023000         2.7700000000         1.3735719045         0.0024036839         0.9547579759
        0.0800013000         2.7700000000         1.3710195777        -0.0001481936         0.8882706517
        0.0850037000         2.7700000000         1.3684672508         0.0024036839         0.8217833274
        0.0900032000         2.7700000000         1.3863335388         0.0075074388         1.2871945970
        0.0950015000         2.7700000000         1.3684672508         0.0024036839         0.8217833274
        0.1000011000         2.7700000000         1.3633625971        -0.0027000711         0.6888086790
        0.1050020000         2.7700000000         1.3735719045         0.0024036839         0.9547579759
        0.1100012000         2.7700000000         1.3735719045         0.0075074388         0.9547579759
        0.1150011000         2.7700000000         1.3786765582         0.0075074388         1.0877326243
        0.1200010000         2.7700000000         1.3735719045         0.0075074388         0.9547579759
        0.1250012000         2.7700000000         1.3735719045        -0.0001481936         0.9547579759
        0.1300026000         2.7700000000         1.3684672508        -0.0052519485         0.8217833274
        0.1350013000         2.7700000000         1.3735719045         0.0024036839         0.9547579759
        0.1400028000         2.7700000000         1.3659149240        -0.0027000711         0.7552960032
        0.1450188000         2.7700000000         1.3812288851         0.0075074388         1.1542199486
        0.1500019000         2.7700000000         1.3786765582         0.0024036839         1.0877326243
        0.1550023000         2.7700000000         1.3761242314         0.0024036839         1.0212453001
        0.1600014000         2.7700000000         1.3863335388        -0.0001481936         1.2871945970
        0.1650017000         2.7700000000         1.3761242314         0.0024036839         1.0212453001
        0.1700012000         2.7700000000         1.3786765582         0.0024036839         1.0877326243
        0.1750030000         2.7700000000         1.3735719045         0.0024036839         0.9547579759
        0.1800210000         2.7700000000         1.3761242314         0.0024036839         1.0212453001
        0.1850019000         2.7700000000         1.3761242314        -0.0001481936         1.0212453001
        0.1900026000         2.7700000000         1.3761242314         0.0024036839         1.0212453001
        0.1950086000         2.7700000000         1.3761242314        -0.0001481936         1.0212453001
        0.2000013000         2.7700000000         1.3684672508         0.0049555613         0.8217833274
        0.2050019000         2.7700000000         1.3786765582         0.0075074388         1.0877326243
        0.2100024000         2.7700000000         1.3659149240        -0.0052519485         0.7552960032
        0.2150204000         2.7700000000         1.3761242314         0.0024036839         1.0212453001
        0.2200026000         2.7700000000         1.3735719045         0.0049555613         0.9547579759
        0.2250028000         2.7700000000         1.3761242314         0.0126111937         1.0212453001
        0.2300024000         2.7700000000         1.3786765582         0.0126111937         1.0877326243
        0.2350038000         2.7700000000         1.3735719045         0.0100593162         0.9547579759
        0.2400012000         2.7700000000         1.3761242314         0.0202668261         1.0212453001
        0.2450022000         2.7700000000         1.3684672508         0.0177149486         0.8217833274
        0.2500026000         2.7700000000         1.3812288851         0.0279224584         1.1542199486
        0.2550021000         2.7700000000         1.3863335388         0.0355780908         1.2871945970
        0.2600012000         2.7700000000         1.3735719045         0.0253705810         0.9547579759
        0.2650030000         2.7700000000         1.3837812120         0.0355780908         1.2207072728
        0.2700015000         2.7700000000         1.3863335388         0.0457856007         1.2871945970
        0.2750017000         2.7700000000         1.3837812120         0.0534412330         1.2207072728
        0.2800012000         2.7700000000         1.3761242314         0.0457856007         1.0212453001
        0.2850026000         2.7700000000         1.3812288851         0.0636487429         1.1542199486
        0.2900011000         2.7700000000         1.3710195777         0.0534412330         0.8882706517
        0.2950020000         2.7700000000         1.3837812120         0.0713043752         1.2207072728
        0.3000013000         2.7700000000         1.3863335388         0.0764081302         1.2871945970
        0.3050015000         2.7700000000         1.3812288851         0.0764081302         1.1542199486
        0.3100011000         2.7700000000         1.3812288851         0.0815118851         1.1542199486
        0.3150019000         2.7700000000         1.3710195777         0.0789600076         0.8882706517
        0.3200010000         2.7700000000         1.3888858657         0.0993750273         1.3536819213
        0.3250039000         2.7700000000         1.3761242314         0.0891675175         1.0212453001
        0.3300011000         2.7700000000         1.3914381925         0.1019269048         1.4201692455
        0.3350018000         2.7700000000         1.3812288851         0.1070306597         1.1542199486
        0.3400011000         2.7700000000         1.3812288851         0.1095825371         1.1542199486
        0.3450011000         2.7700000000         1.3812288851         0.1121344146         1.1542199486
        0.3500011000         2.7700000000         1.3863335388         0.1197900470         1.2871945970
        0.3550029000         2.7700000000         1.3812288851         0.1248938019         1.1542199486
        0.3600018000         2.7700000000         1.3812288851         0.1248938019         1.1542199486
        0.3650014000         2.7700000000         1.3863335388         0.1325494343         1.2871945970
        0.3700011000         2.7700000000         1.4041998268         0.1453088216         1.7526058666
        0.3750011000         2.7700000000         1.3786765582         0.1402050666         1.0877326243
        0.3800012000         2.7700000000         1.3914381925         0.1555163314         1.4201692455
        0.3850010000         2.7700000000         1.3837812120         0.1529644539         1.2207072728
        0.3900029000         2.7700000000         1.3863335388         0.1631719638         1.2871945970
        0.3950014000         2.7700000000         1.3888858657         0.1682757187         1.3536819213
        0.4000022000         2.7700000000         1.3735719045         0.1606200863         0.9547579759
        0.4050012000         2.7700000000         1.3837812120         0.1708275961         1.2207072728
        0.4100022000         2.7700000000         1.3684672508         0.1708275961         0.8217833274
        0.4150014000         2.7700000000         1.3812288851         0.1835869834         1.1542199486
        0.4200013000         2.7700000000         1.3786765582         0.1835869834         1.0877326243
        0.4250013000         2.7700000000         1.3710195777         0.1861388609         0.8882706517
        0.4300012000         2.7700000000         1.3786765582         0.2014501257         1.0877326243
        0.4350011000         2.7700000000         1.3735719045         0.1963463707         0.9547579759
        0.4400009000         2.7700000000         1.3735719045         0.2065538806         0.9547579759
        0.4450028000         2.7700000000         1.3837812120         0.2142095129         1.2207072728
        0.4500013000         2.7700000000         1.3735719045         0.2091057580         0.9547579759
        0.4550236000         2.7700000000         1.3710195777         0.2116576355         0.8882706517
        0.4600020000         2.7700000000         1.3710195777         0.2142095129         0.8882706517
        0.4650011000         2.7700000000         1.3812288851         0.2269689002         1.1542199486
        0.4700106000         2.7700000000         1.3761242314         0.2269689002         1.0212453001
        0.4750012000         2.7700000000         1.3659149240         0.2269689002         0.7552960032
        0.4800023000         2.7700000000         1.3863335388         0.2422801650         1.2871945970
        0.4850013000         2.7700000000         1.3786765582         0.2397282875         1.0877326243
        0.4900011000         2.7700000000         1.3812288851         0.2473839199         1.1542199486
        0.4950010000         2.7700000000         1.3786765582         0.2499357974         1.0877326243
        0.5000021000         2.7700000000         1.3710195777         0.2473839199         0.8882706517
        0.5050012000         2.7700000000         1.3837812120         0.2601433072         1.2207072728
        0.5100011000         2.7700000000         1.3863335388         0.2703508170         1.2871945970
        0.5150019000         2.7700000000         1.3786765582         0.2626951847         1.0877326243
        0.5200026000         2.7700000000         1.3761242314         0.2754545720         1.0212453001
        0.5250012000         2.7700000000         1.3812288851         0.2805583269         1.1542199486
        0.5300011000         2.7700000000         1.3837812120         0.2856620818         1.2207072728
        0.5350018000         2.7700000000         1.3812288851         0.2856620818         1.1542199486
        0.5400012000         2.7700000000         1.3735719045         0.2856620818         0.9547579759
        0.5450022000         2.7700000000         1.3965428462         0.3009733466         1.5531438939
        0.5500012000         2.7700000000         1.3710195777         0.3009733466         0.8882706517
        0.5550010000         2.7700000000         1.3761242314         0.3009733466         1.0212453001
        0.5600011000         2.7700000000         1.3761242314         0.3060771015         1.0212453001
        0.5650010000         2.7700000000         1.3837812120         0.3188364888         1.2207072728
        0.5700050000         2.7700000000         1.3710195777         0.3111808564         0.8882706517
        0.5750031000         2.7700000000         1.3659149240         0.3137327338         0.7552960032
        0.5800013000         2.7700000000         1.3735719045         0.3188364888         0.9547579759
        0.5850022000         2.7700000000         1.3837812120         0.3315958761         1.2207072728
        0.5900020000         2.7700000000         1.3735719045         0.3264921211         0.9547579759
        0.5950012000         2.7700000000         1.3786765582         0.3392515084         1.0877326243
        0.6000020000         2.7700000000         1.3786765582         0.3418033859         1.0877326243
        0.6050022000         2.7700000000         1.3761242314         0.3418033859         1.0212453001
        0.6100013000         2.7700000000         1.3710195777         0.3520108957         0.8882706517
        0.6150011000         2.7700000000         1.3786765582         0.3545627732         1.0877326243
        0.6200011000         2.7700000000         1.3659149240         0.3571146507         0.7552960032
        0.6250010000         2.7700000000         1.3812288851         0.3673221605         1.1542199486
        0.6300015000         2.7700000000         1.3710195777         0.3596665281         0.8882706517
        0.6350021000         2.7700000000         1.3786765582         0.3673221605         1.0877326243
        0.6400272000         2.7700000000         1.3812288851         0.3800815478         1.1542199486
        0.6450017000         2.7700000000         1.3786765582         0.3800815478         1.0877326243
        0.6500010000         2.7700000000         1.3710195777         0.3826334252         0.8882706517
        0.6550011000         2.7700000000         1.3786765582         0.3877371802         1.0877326243
        0.6600011000         2.7700000000         1.3786765582         0.3928409351         1.0877326243
        0.6650010000         2.7700000000         1.3761242314         0.3953928125         1.0212453001
        0.6700010000         2.7700000000         1.3786765582         0.4030484449         1.0877326243
        0.6750015000         2.7700000000         1.3761242314         0.4056003224         1.0212453001
        0.6800011000         2.7700000000         1.3786765582         0.4107040773         1.0877326243
        0.6850010000         2.7700000000         1.3786765582         0.4158078322         1.0877326243
        0.6900010000         2.7700000000         1.3761242314         0.4158078322         1.0212453001
        0.6950030000         2.7700000000         1.3710195777         0.4158078322         0.8882706517
        0.7000025000         2.7700000000         1.3786765582         0.4285672195         1.0877326243
        0.7050027000         2.7700000000         1.3735719045         0.4336709744         0.9547579759
        0.7100049000         2.7700000000         1.3761242314         0.4285672195         1.0212453001
        0.7150019000         2.7700000000         1.3812288851         0.4464303617         1.1542199486
        0.7200013000         2.7700000000         1.3863335388         0.4489822392         1.2871945970
        0.7250010000         2.7700000000         1.3786765582         0.4464303617         1.0877326243
        0.7300024000         2.7700000000         1.3735719045         0.4413266068         0.9547579759
        0.7350014000         2.7700000000         1.3786765582         0.4566378716         1.0877326243
        0.7400012000         2.7700000000         1.3812288851         0.4617416265         1.1542199486
        0.7450011000         2.7700000000         1.3735719045         0.4617416265         0.9547579759
        0.7500010000         2.7700000000         1.3761242314         0.4617416265         1.0212453001
        0.7550042000         2.7700000000         1.3786765582         0.4745010138         1.0877326243
        0.7600096000         2.7700000000         1.3863335388         0.4821566461         1.2871945970
        0.7650021000         2.7700000000         1.3863335388         0.4847085236         1.2871945970
        0.7700013000         2.7700000000         1.3812288851         0.4872604011         1.1542199486
        0.7750010000         2.7700000000         1.3812288851         0.4923641560         1.1542199486
        0.7800011000         2.7700000000         1.3761242314         0.4923641560         1.0212453001
        0.7850011000         2.7700000000         1.3786765582         0.5000197884         1.0877326243
        0.7900020000         2.7700000000         1.3863335388         0.5102272982         1.2871945970
        0.7950303000         2.7700000000         1.3761242314         0.5102272982         1.0212453001
        0.8000023000         2.7700000000         1.3786765582         0.5153310531         1.0877326243
        0.8050022000         2.7700000000         1.3863335388         0.5229866855         1.2871945970
        0.8100023000         2.7700000000         1.3761242314         0.5229866855         1.0212453001
        0.8150013000         2.7700000000         1.3761242314         0.5255385629         1.0212453001
        0.8200023000         2.7700000000         1.3684672508         0.5255385629         0.8217833274
        0.8250014000         2.7700000000         1.3761242314         0.5331941953         1.0212453001
        0.8300020000         2.7700000000         1.3812288851         0.5382979502         1.1542199486
        0.8350011000         2.7700000000         1.3812288851         0.5485054601         1.1542199486
        0.8400012000         2.7700000000         1.3786765582         0.5485054601         1.0877326243
        0.8450011000         2.7700000000         1.3735719045         0.5510573375         0.9547579759
        0.8500011000         2.7700000000         1.3735719045         0.5510573375         0.9547579759
        0.8550025000         2.7700000000         1.3837812120         0.5612648474         1.2207072728
        0.8600026000         2.7700000000         1.3863335388         0.5740242347         1.2871945970
        0.8650014000         2.7700000000         1.3914381925         0.5765761121         1.4201692455
        0.8700133000         2.7700000000         1.3837812120         0.5740242347         1.2207072728
        0.8750023000         2.7700000000         1.3812288851         0.5740242347         1.1542199486
        0.8800012000         2.7700000000         1.3786765582         0.5816798670         1.0877326243
        0.8850012000         2.7700000000         1.3761242314         0.5842317445         1.0212453001
        0.8900026000         2.7700000000         1.3812288851         0.5944392543         1.1542199486
        0.8950016000         2.7700000000         1.3837812120         0.6046467642         1.2207072728
        0.9000011000         2.7700000000         1.3965428462         0.6097505191         1.5531438939
        0.9050014000         2.7700000000         1.3888858657         0.6071986416         1.3536819213
        0.9100011000         2.7700000000         1.3888858657         0.6174061515         1.3536819213
        0.9150022000         2.7700000000         1.3863335388         0.6199580289         1.2871945970
        0.9200012000         2.7700000000         1.3812288851         0.6225099064         1.1542199486
        0.9250023000         2.7700000000         1.3761242314         0.6225099064         1.0212453001
        0.9300021000         2.7700000000         1.3786765582         0.6301655388         1.0877326243
        0.9350011000         2.7700000000         1.3582579434         0.6378211711         0.5558340305
        0.9400010000         2.7700000000         1.3863335388         0.6454768035         1.2871945970
        0.9450031000         2.7700000000         1.3786765582         0.6454768035         1.0877326243
        0.9500027000         2.7700000000         1.3761242314         0.6505805584         1.0212453001
        0.9550027000         2.7700000000         1.3888858657         0.6531324359         1.3536819213
        0.9600041000         2.7700000000         1.3837812120         0.6556843134         1.2207072728
        0.9650039000         2.7700000000         1.3837812120         0.6684437007         1.2207072728
        0.9700051000         2.7700000000         1.3812288851         0.6658918232         1.1542199486
        0.9750027000         2.7700000000         1.3812288851         0.6760993330         1.1542199486
        0.9800047000         2.7700000000         1.3710195777         0.6684437007         0.8882706517
        0.9850029000         2.7700000000         1.3812288851         0.6735474556         1.1542199486
        0.9900025000         2.7700000000         1.3786765582         0.6863068429         1.0877326243
        0.9950028000         2.7700000000         1.3786765582         0.6888587203         1.0877326243
        1.0000017000         2.7700000000         1.3786765582         0.6965143527         1.0877326243
        1.0050022000         2.7700000000         1.3888858657         0.7041699851         1.3536819213
        1.0100029000         2.7700000000         1.3735719045         0.6965143527         0.9547579759
        1.0150041000         2.7700000000         1.3761242314         0.7016181076         1.0212453001
        1.0200033000         2.7700000000         1.3761242314         0.7194812498         1.0212453001
        1.0250019000         2.7700000000         1.3786765582         0.7194812498         1.0877326243
        1.0300015000         2.7700000000         1.3735719045         0.7220331273         0.9547579759
        1.0350020000         2.7700000000         1.3837812120         0.7322406371         1.2207072728
        1.0400025000         2.7700000000         1.3710195777         0.7245850047         0.8882706517
        1.0450016000         2.7700000000         1.3812288851         0.7373443920         1.1542199486
        1.0500030000         2.7700000000         1.3812288851         0.7373443920         1.1542199486
        1.0550018000         2.7700000000         1.3863335388         0.7501037793         1.2871945970
        1.0600037000         2.7700000000         1.3761242314         0.7398962695         1.0212453001
        1.0650050000         2.7700000000         1.3863335388         0.7501037793         1.2871945970
        1.0700042000         2.7700000000         1.3761242314         0.7526556568         1.0212453001
        1.0750017000         2.7700000000         1.3837812120         0.7577594117         1.2207072728
        1.0800011000         2.7700000000         1.3786765582         0.7577594117         1.0877326243
        1.0850027000         2.7700000000         1.3863335388         0.7730706765         1.2871945970
        1.0900028000         2.7700000000         1.3863335388         0.7654150441         1.2871945970
        1.0950036000         2.7700000000         1.3863335388         0.7756225539         1.2871945970
        1.1000037000         2.7700000000         1.3939905194         0.7883819412         1.4866565697
        1.1050046000         2.7700000000         1.3761242314         0.7858300638         1.0212453001
        1.1100023000         2.7700000000         1.3786765582         0.7858300638         1.0877326243
        1.1150013000         2.7700000000         1.3761242314         0.7909338187         1.0212453001
        1.1200025000         2.7700000000         1.3735719045         0.7960375736         0.9547579759
        1.1250048000         2.7700000000         1.3863335388         0.8113488384         1.2871945970
        1.1300022000         2.7700000000         1.3761242314         0.8062450834         1.0212453001
        1.1350023000         2.7700000000         1.3786765582         0.8164525933         1.0877326243
        1.1400026000         2.7700000000         1.3812288851         0.8190044707         1.1542199486
        1.1450022000         2.7700000000         1.3786765582         0.8241082257         1.0877326243
        1.1500011000         2.7700000000         1.3812288851         0.8343157355         1.1542199486
        1.1550012000         2.7700000000         1.3786765582         0.8317638580         1.0877326243
        1.1600012000         2.7700000000         1.3837812120         0.8394194904         1.2207072728
        1.1650030000         2.7700000000         1.3812288851         0.8419713679         1.1542199486
        1.1700017000         2.7700000000         1.3761242314         0.8470751228         1.0212453001
        1.1750074000         2.7700000000         1.3761242314         0.8419713679         1.0212453001
        1.1800012000         2.7700000000         1.3837812120         0.8547307552         1.2207072728
        1.1850032000         2.7700000000         1.3812288851         0.8674901425         1.1542199486
        1.1900023000         2.7700000000         1.3786765582         0.8623863875         1.0877326243
        1.1950028000         2.7700000000         1.3786765582         0.8700420199         1.0877326243
        1.2000024000         2.7700000000         1.3812288851         0.8751457748         1.1542199486
        1.2050020000         2.7700000000         1.3786765582         0.8802495297         1.0877326243
        1.2100012000         2.7700000000         1.3735719045         0.8802495297         0.9547579759
        1.2150021000         2.7700000000         1.3786765582         0.8853532847         1.0877326243
        1.2200012000         2.7700000000         1.3888858657         0.9006645494         1.3536819213
        1.2250022000         2.7700000000         1.3735719045         0.8955607945         0.9547579759
        1.2300022000         2.7700000000         1.3863335388         0.9006645494         1.2871945970
        1.2350016000         2.7700000000         1.3863335388         0.9083201818         1.2871945970
        1.2400012000         2.7700000000         1.3812288851         0.9083201818         1.1542199486
        1.2450010000         2.7700000000         1.3812288851         0.9134239367         1.1542199486
        1.2500011000         2.7700000000         1.3837812120         0.9185276916         1.2207072728
        1.2550011000         2.7700000000         1.3735719045         0.9185276916         0.9547579759
        1.2600011000         2.7700000000         1.3812288851         0.9287352015         1.1542199486
        1.2650024000         2.7700000000         1.3786765582         0.9338389564         1.0877326243
        1.2700012000         2.7700000000         1.3761242314         0.9312870789         1.0212453001
        1.2750010000         2.7700000000         1.3735719045         0.9338389564         0.9547579759
        1.2800013000         2.7700000000         1.3863335388         0.9542539761         1.2871945970
        1.2850010000         2.7700000000         1.3710195777         0.9491502211         0.8882706517
        1.2900022000         2.7700000000         1.3786765582         0.9491502211         1.0877326243
        1.2950019000         2.7700000000         1.3761242314         0.9542539761         1.0212453001
        1.3000010000         2.7700000000         1.3914381925         0.9619096084         1.4201692455
        1.3050014000         2.7700000000         1.3965428462         0.9746689957         1.5531438939
        1.3100014000         2.7700000000         1.3761242314         0.9721171183         1.0212453001
        1.3150009000         2.7700000000         1.3837812120         0.9695652408         1.2207072728
        1.3200032000         2.7700000000         1.3786765582         0.9823246281         1.0877326243
        1.3250024000         2.7700000000         1.3888858657         0.9950840154         1.3536819213
        1.3300769000         2.7700000000         1.3710195777         0.9823246281         0.8882706517
        1.3350038000         2.7700000000         1.3939905194         1.0027396478         1.4866565697
        1.3400019000         2.7700000000         1.3812288851         1.0027396478         1.1542199486
        1.3450027000         2.7700000000         1.3863335388         1.0078434027         1.2871945970
        1.3500022000         2.7700000000         1.3837812120         1.0154990351         1.2207072728
        1.3550040000         2.7700000000         1.3735719045         1.0078434027         0.9547579759
        1.3600028000         2.7700000000         1.3837812120         1.0257065449         1.2207072728
        1.3650016000         2.7700000000         1.3837812120         1.0257065449         1.2207072728
        1.3700013000         2.7700000000         1.3761242314         1.0231546675         1.0212453001
        1.3750012000         2.7700000000         1.3888858657         1.0333621773         1.3536819213
        1.3800014000         2.7700000000         1.3761242314         1.0359140547         1.0212453001
        1.3850024000         2.7700000000         1.3761242314         1.0461215646         1.0212453001
        1.3900021000         2.7700000000         1.3684672508         1.0384659322         0.8217833274
        1.3950013000         2.7700000000         1.3761242314         1.0486734420         1.0212453001
        1.4000022000         2.7700000000         1.3735719045         1.0537771970         0.9547579759
        1.4050013000         2.7700000000         1.3684672508         1.0512253195         0.8217833274
        1.4100027000         2.7700000000         1.3761242314         1.0614328293         1.0212453001
        1.4150012000         2.7700000000         1.3761242314         1.0639847068         1.0212453001
        1.4200013000         2.7700000000         1.3735719045         1.0614328293         0.9547579759
        1.4250011000         2.7700000000         1.3812288851         1.0741922166         1.1542199486
        1.4300011000         2.7700000000         1.3837812120         1.0818478490         1.2207072728
        1.4350011000         2.7700000000         1.3812288851         1.0818478490         1.1542199486
        1.4400023000         2.7700000000         1.3812288851         1.0869516039         1.1542199486
        1.4450025000         2.7700000000         1.3761242314         1.0843997265         1.0212453001
        1.4500015000         2.7700000000         1.3710195777         1.0869516039         0.8882706517
        1.4550010000         2.7700000000         1.3786765582         1.1022628687         1.0877326243
        1.4600022000         2.7700000000         1.3761242314         1.1048147461         1.0212453001
        1.4650013000         2.7700000000         1.3863335388         1.1048147461         1.2871945970
        1.4700017000         2.7700000000         1.3761242314         1.1124703785         1.0212453001
        1.4750011000         2.7700000000         1.3837812120         1.1201260109         1.2207072728
        1.4800064000         2.7700000000         1.3735719045         1.1150222560         0.9547579759
        1.4850013000         2.7700000000         1.3684672508         1.1175741334         0.8217833274
        1.4900011000         2.7700000000         1.3735719045         1.1277816433         0.9547579759
        1.4950024000         2.7700000000         1.3761242314         1.1328853982         1.0212453001
        1.5000012000         2.7700000000         1.3684672508         1.1354372756         0.8217833274
        1.5050010000         2.7700000000         1.3735719045         1.1379891531         0.9547579759
        1.5100011000         2.7700000000         1.3863335388         1.1481966629         1.2871945970
        1.5150020000         2.7700000000         1.3786765582         1.1481966629         1.0877326243
        1.5200013000         2.7700000000         1.3888858657         1.1558522953         1.3536819213
        1.5250051000         2.7700000000         1.3786765582         1.1507485404         1.0877326243
        1.5300031000         2.7700000000         1.3863335388         1.1660598052         1.2871945970
        1.5350017000         2.7700000000         1.3761242314         1.1635079277         1.0212453001
        1.5400010000         2.7700000000         1.3863335388         1.1686116826         1.2871945970
        1.5450021000         2.7700000000         1.3761242314         1.1737154375         1.0212453001
        1.5500012000         2.7700000000         1.3735719045         1.1711635601         0.9547579759
        1.5550013000         2.7700000000         1.3837812120         1.1915785797         1.2207072728
        1.5600026000         2.7700000000         1.3812288851         1.1864748248         1.1542199486
        1.5650013000         2.7700000000         1.3735719045         1.1864748248         0.9547579759
        1.5700028000         2.7700000000         1.3710195777         1.1890267023         0.8882706517
        1.5750025000         2.7700000000         1.3786765582         1.2017860896         1.0877326243
        1.5800013000         2.7700000000         1.3812288851         1.2017860896         1.1542199486
        1.5850023000         2.7700000000         1.3965428462         1.2119935994         1.5531438939
        1.5900010000         2.7700000000         1.3786765582         1.2094417220         1.0877326243
        1.5950024000         2.7700000000         1.3735719045         1.2068898445         0.9547579759
        1.6000013000         2.7700000000         1.3735719045         1.2145454769         0.9547579759
        1.6050024000         2.7700000000         1.3863335388         1.2247529867         1.2871945970
        1.6100013000         2.7700000000         1.3837812120         1.2298567416         1.2207072728
        1.6150012000         2.7700000000         1.3914381925         1.2375123740         1.4201692455
        1.6200011000         2.7700000000         1.3786765582         1.2426161289         1.0877326243
        1.6250011000         2.7700000000         1.3761242314         1.2375123740         1.0212453001
        1.6300010000         2.7700000000         1.3863335388         1.2553755162         1.2871945970
        1.6350017000         2.7700000000         1.3761242314         1.2426161289         1.0212453001
        1.6400019000         2.7700000000         1.3863335388         1.2630311486         1.2871945970
        1.6450028000         2.7700000000         1.3786765582         1.2553755162         1.0877326243
        1.6500014000         2.7700000000         1.3888858657         1.2655830261         1.3536819213
        1.6550012000         2.7700000000         1.3863335388         1.2706867810         1.2871945970
        1.6600009000         2.7700000000         1.3786765582         1.2732386584         1.0877326243
        1.6650011000         2.7700000000         1.3837812120         1.2783424134         1.2207072728
        1.6700011000         2.7700000000         1.3735719045         1.2757905359         0.9547579759
        1.6750023000         2.7700000000         1.3863335388         1.2885499232         1.2871945970
        1.6800010000         2.7700000000         1.3888858657         1.2936536781         1.3536819213
        1.6850011000         2.7700000000         1.3914381925         1.3038611879         1.4201692455
        1.6900027000         2.7700000000         1.3812288851         1.3013093105         1.1542199486
        1.6950011000         2.7700000000         1.3812288851         1.3038611879         1.1542199486
        1.7000012000         2.7700000000         1.3786765582         1.3115168203         1.0877326243
        1.7050011000         2.7700000000         1.3837812120         1.3166205752         1.2207072728
        1.7100010000         2.7700000000         1.3812288851         1.3191724527         1.1542199486
        1.7150033000         2.7700000000         1.3863335388         1.3319318400         1.2871945970
        1.7200013000         2.7700000000         1.3761242314         1.3293799625         1.0212453001
        1.7250018000         2.7700000000         1.3786765582         1.3344837175         1.0877326243
        1.7300022000         2.7700000000         1.3837812120         1.3446912273         1.2207072728
        1.7350015000         2.7700000000         1.3812288851         1.3421393498         1.1542199486
        1.7400010000         2.7700000000         1.3786765582         1.3421393498         1.0877326243
        1.7450010000         2.7700000000         1.3837812120         1.3446912273         1.2207072728
        1.7500010000         2.7700000000         1.3863335388         1.3600024920         1.2871945970
        1.7550012000         2.7700000000         1.3786765582         1.3574506146         1.0877326243
        1.7600012000         2.7700000000         1.3812288851         1.3651062470         1.1542199486
        1.7650020000         2.7700000000         1.3863335388         1.3676581244         1.2871945970
        1.7700012000         2.7700000000         1.3863335388         1.3804175117         1.2871945970
        1.7750011000         2.7700000000         1.3761242314         1.3753137568         1.0212453001
        1.7800011000         2.7700000000         1.3761242314         1.3778656343         1.0212453001
        1.7850012000         2.7700000000         1.3812288851         1.3880731441         1.1542199486
        1.7900010000         2.7700000000         1.3812288851         1.3957287765         1.1542199486
        1.7950014000         2.7700000000         1.3786765582         1.4008325314         1.0877326243
        1.8000010000         2.7700000000         1.3710195777         1.3957287765         0.8882706517
        1.8050011000         2.7700000000         1.3786765582         1.4110400412         1.0877326243
        1.8100010000         2.7700000000         1.3735719045         1.4084881638         0.9547579759
        1.8150010000         2.7700000000         1.3761242314         1.4135919187         1.0212453001
        1.8200025000         2.7700000000         1.3710195777         1.4161437961         0.8882706517
        1.8250014000         2.7700000000         1.3710195777         1.4161437961         0.8882706517
        1.8300011000         2.7700000000         1.3710195777         1.4186956736         0.8882706517
        1.8350033000         2.7700000000         1.3837812120         1.4340069384         1.2207072728
        1.8400012000         2.7700000000         1.3761242314         1.4340069384         1.0212453001
        1.8450011000         2.7700000000         1.3786765582         1.4391106933         1.0877326243
        1.8500010000         2.7700000000         1.3863335388         1.4493182031         1.2871945970
        1.8550022000         2.7700000000         1.3735719045         1.4391106933         0.9547579759
        1.8600012000         2.7700000000         1.3761242314         1.4442144482         1.0212453001
        1.8650012000         2.7700000000         1.3710195777         1.4493182031         0.8882706517
        1.8700010000         2.7700000000         1.3863335388         1.4595257129         1.2871945970
        1.8750080000         2.7700000000         1.3863335388         1.4697332228         1.2871945970
        1.8800023000         2.7700000000         1.3812288851         1.4697332228         1.1542199486
        1.8850013000         2.7700000000         1.3761242314         1.4697332228         1.0212453001
        1.8900034000         2.7700000000         1.3735719045         1.4722851002         0.9547579759
        1.8950013000         2.7700000000         1.3735719045         1.4748369777         0.9547579759
        1.9000016000         2.7700000000         1.3837812120         1.4824926101         1.2207072728
        1.9050013000         2.7700000000         1.3812288851         1.4875963650         1.1542199486
        1.9100026000         2.7700000000         1.3786765582         1.4927001199         1.0877326243
        1.9150013000         2.7700000000         1.3837812120         1.5029076297         1.2207072728
        1.9200022000         2.7700000000         1.3812288851         1.5029076297         1.1542199486
        1.9250023000         2.7700000000         1.3735719045         1.4978038748         0.9547579759
        1.9300018000         2.7700000000         1.3684672508         1.5029076297         0.8217833274
        1.9350012000         2.7700000000         1.3812288851         1.5105632621         1.1542199486
        1.9400011000         2.7700000000         1.3837812120         1.5182188945         1.2207072728
        1.9450026000         2.7700000000         1.3786765582         1.5207707720         1.0877326243
        1.9500020000         2.7700000000         1.3735719045         1.5258745269         0.9547579759
        1.9550013000         2.7700000000         1.3786765582         1.5309782818         1.0877326243
        1.9600011000         2.7700000000         1.3735719045         1.5360820367         0.9547579759
        1.9650012000         2.7700000000         1.3761242314         1.5437376691         1.0212453001
        1.9700022000         2.7700000000         1.3710195777         1.5411857916         0.8882706517
        1.9750012000         2.7700000000         1.3659149240         1.5462895465         0.7552960032
        1.9800024000         2.7700000000         1.3582579434         1.5462895465         0.5558340305
        1.9850013000         2.7700000000         1.3735719045         1.5564970564         0.9547579759
        1.9900024000         2.7700000000         1.3786765582         1.5616008113         1.0877326243
        1.9950014000         2.7700000000         1.3735719045         1.5564970564         0.9547579759
        2.0000011000         2.7700000000         1.3710195777         1.5641526888         0.8882706517
        2.0050011000         2.7700000000         1.3761242314         1.5718083211         1.0212453001
        2.0100010000         2.7700000000         1.3761242314         1.5794639535         1.0212453001
        2.0150024000         2.7700000000         1.3863335388         1.5794639535         1.2871945970
        2.0200013000         2.7700000000         1.3735719045         1.5769120761         0.9547579759
        2.0250021000         2.7700000000         1.3812288851         1.5871195859         1.1542199486
        2.0300013000         2.7700000000         1.3735719045         1.5871195859         0.9547579759
        2.0350010000         2.7700000000         1.3812288851         1.5947752183         1.1542199486
        2.0400017000         2.7700000000         1.3761242314         1.5998789732         1.0212453001
        2.0450013000         2.7700000000         1.3531532897         1.6049827281         0.4228593821
        2.0500022000         2.7700000000         1.3761242314         1.6049827281         1.0212453001
        2.0550013000         2.7700000000         1.3812288851         1.6151902379         1.1542199486
        2.0600026000         2.7700000000         1.3710195777         1.6228458703         0.8882706517
        2.0650035000         2.7700000000         1.3837812120         1.6126383605         1.2207072728
        2.0700031000         2.7700000000         1.3735719045         1.6253977478         0.9547579759
        2.0750012000         2.7700000000         1.3786765582         1.6305015027         1.0877326243
        2.0800011000         2.7700000000         1.3837812120         1.6381571351         1.2207072728
        2.0850064000         2.7700000000         1.3812288851         1.6458127674         1.1542199486
        2.0900013000         2.7700000000         1.3786765582         1.6458127674         1.0877326243
        2.0950021000         2.7700000000         1.3837812120         1.6509165224         1.2207072728
        2.1000018000         2.7700000000         1.3786765582         1.6483646449         1.0877326243
        2.1050061000         2.7700000000         1.3863335388         1.6611240322         1.2871945970
        2.1100012000         2.7700000000         1.3761242314         1.6560202773         1.0212453001
        2.1150021000         2.7700000000         1.3786765582         1.6636759097         1.0877326243
        2.1200102000         2.7700000000         1.3812288851         1.6662277871         1.1542199486
        2.1250018000         2.7700000000         1.3786765582         1.6687796646         1.0877326243
        2.1300011000         2.7700000000         1.3786765582         1.6738834195         1.0877326243
        2.1350012000         2.7700000000         1.3735719045         1.6764352970         0.9547579759
        2.1400011000         2.7700000000         1.3761242314         1.6815390519         1.0212453001
        2.1450017000         2.7700000000         1.3761242314         1.6840909293         1.0212453001
        2.1500010000         2.7700000000         1.3735719045         1.6840909293         0.9547579759
        2.1550010000         2.7700000000         1.3786765582         1.7019540715         1.0877326243
        2.1600011000         2.7700000000         1.3837812120         1.6994021941         1.2207072728
        2.1650017000         2.7700000000         1.3761242314         1.7045059490         1.0212453001
        2.1700012000         2.7700000000         1.3812288851         1.7096097039         1.1542199486
        2.1750021000         2.7700000000         1.3710195777         1.7045059490         0.8882706517
        2.1800013000         2.7700000000         1.3812288851         1.7198172138         1.1542199486
        2.1850029000         2.7700000000         1.3761242314         1.7172653363         1.0212453001
        2.1900024000         2.7700000000         1.3659149240         1.7274728461         0.7552960032
        2.1950024000         2.7700000000         1.3837812120         1.7249209687         1.2207072728
        2.2000013000         2.7700000000         1.3761242314         1.7274728461         1.0212453001
        2.2050172000         2.7700000000         1.3863335388         1.7376803560         1.2871945970
        2.2100012000         2.7700000000         1.3837812120         1.7376803560         1.2207072728
        2.2150011000         2.7700000000         1.3786765582         1.7453359884         1.0877326243
        2.2200010000         2.7700000000         1.3837812120         1.7478878658         1.2207072728
        2.2250011000         2.7700000000         1.3939905194         1.7580953756         1.4866565697
        2.2300024000         2.7700000000         1.3812288851         1.7580953756         1.1542199486
        2.2350012000         2.7700000000         1.3863335388         1.7657510080         1.2871945970
        2.2400010000         2.7700000000         1.3786765582         1.7606472531         1.0877326243
        2.2450010000         2.7700000000         1.3786765582         1.7683028855         1.0877326243
        2.2500010000         2.7700000000         1.3761242314         1.7734066404         1.0212453001
        2.2550010000         2.7700000000         1.3812288851         1.7759585179         1.1542199486
        2.2600021000         2.7700000000         1.3837812120         1.7836141502         1.2207072728
        2.2650022000         2.7700000000         1.3863335388         1.7938216601         1.2871945970
        2.2700021000         2.7700000000         1.3888858657         1.7912697826         1.3536819213
        2.2750012000         2.7700000000         1.3786765582         1.7912697826         1.0877326243
        2.2800010000         2.7700000000         1.3735719045         1.7938216601         0.9547579759
        2.2850011000         2.7700000000         1.3735719045         1.7989254150         0.9547579759
        2.2900017000         2.7700000000         1.3863335388         1.8142366797         1.2871945970
        2.2950011000         2.7700000000         1.3837812120         1.8142366797         1.2207072728
        2.3000050000         2.7700000000         1.3837812120         1.8193404347         1.2207072728
        2.3050011000         2.7700000000         1.3786765582         1.8218923121         1.0877326243
        2.3100011000         2.7700000000         1.3812288851         1.8269960670         1.1542199486
        2.3150010000         2.7700000000         1.3735719045         1.8244441896         0.9547579759
        2.3200029000         2.7700000000         1.3812288851         1.8423073318         1.1542199486
        2.3250024000         2.7700000000         1.3863335388         1.8474110867         1.2871945970
        2.3300013000         2.7700000000         1.3914381925         1.8499629642         1.4201692455
        2.3350011000         2.7700000000         1.3812288851         1.8474110867         1.1542199486
        2.3400021000         2.7700000000         1.3837812120         1.8525148416         1.2207072728
        2.3450017000         2.7700000000         1.3761242314         1.8499629642         1.0212453001
        2.3500013000         2.7700000000         1.3888858657         1.8627223515         1.3536819213
        2.3550030000         2.7700000000         1.3914381925         1.8729298613         1.4201692455
        2.3600020000         2.7700000000         1.3837812120         1.8729298613         1.2207072728
        2.3650013000         2.7700000000         1.3786765582         1.8729298613         1.0877326243
        2.3700011000         2.7700000000         1.3786765582         1.8754817388         1.0877326243
        2.3750022000         2.7700000000         1.3837812120         1.8856892486         1.2207072728
        2.3800012000         2.7700000000         1.3888858657         1.8958967584         1.3536819213
        2.3850062000         2.7700000000         1.3812288851         1.8882411261         1.1542199486
        2.3900021000         2.7700000000         1.3812288851         1.8984486359         1.1542199486
        2.3950012000         2.7700000000         1.3837812120         1.8958967584         1.2207072728
        2.4000015000         2.7700000000         1.3837812120         1.9061042683         1.2207072728
        2.4050026000         2.7700000000         1.3837812120         1.9086561457         1.2207072728
        2.4100023000         2.7700000000         1.3888858657         1.9188636556         1.3536819213
        2.4150023000         2.7700000000         1.3863335388         1.9188636556         1.2871945970
        2.4200013000         2.7700000000         1.3863335388         1.9316230429         1.2871945970
        2.4250024000         2.7700000000         1.3786765582         1.9265192879         1.0877326243
        2.4300027000         2.7700000000         1.3863335388         1.9418305527         1.2871945970
        2.4350009000         2.7700000000         1.3812288851         1.9367267978         1.1542199486
        2.4400028000         2.7700000000         1.3837812120         1.9469343076         1.2207072728
        2.4450027000         2.7700000000         1.3786765582         1.9494861851         1.0877326243
        2.4500017000         2.7700000000         1.3786765582         1.9469343076         1.0877326243
        2.4550012000         2.7700000000         1.3786765582         1.9571418174         1.0877326243
        2.4600023000         2.7700000000         1.3837812120         1.9647974498         1.2207072728
        2.4650013000         2.7700000000         1.3710195777         1.9622455724         0.8882706517
        2.4700011000         2.7700000000         1.3863335388         1.9750049597         1.2871945970
        2.4750011000         2.7700000000         1.3837812120         1.9750049597         1.2207072728
        2.4800028000         2.7700000000         1.3837812120         1.9724530822         1.2207072728
        2.4850013000         2.7700000000         1.3888858657         1.9903162244         1.3536819213
        2.4900014000         2.7700000000         1.3812288851         1.9954199793         1.1542199486
        2.4950011000         2.7700000000         1.3761242314         1.9877643470         1.0212453001
        2.5000019000         2.7700000000         1.3812288851         1.9979718568         1.1542199486
        2.5050012000         2.7700000000         1.3888858657         2.0081793666         1.3536819213
        2.5100083000         2.7700000000         1.3837812120         2.0081793666         1.2207072728
        2.5150033000         2.7700000000         1.3761242314         2.0056274892         1.0212453001
        2.5200033000         2.7700000000         1.3837812120         2.0132831215         1.2207072728
        2.5250015000         2.7700000000         1.3863335388         2.0285943863         1.2871945970
        2.5300010000         2.7700000000         1.3837812120         2.0234906314         1.2207072728
        2.5350011000         2.7700000000         1.3837812120         2.0234906314         1.2207072728
        2.5400012000         2.7700000000         1.3888858657         2.0336981412         1.3536819213
        2.5450011000         2.7700000000         1.3812288851         2.0413537736         1.1542199486
        2.5500015000         2.7700000000         1.3761242314         2.0362500187         1.0212453001
        2.5550011000         2.7700000000         1.3914381925         2.0541131609         1.4201692455
        2.5600017000         2.7700000000         1.3863335388         2.0490094060         1.2871945970
        2.5650011000         2.7700000000         1.3812288851         2.0566650383         1.1542199486
        2.5700032000         2.7700000000         1.3863335388         2.0617687933         1.2871945970
        2.5750021000         2.7700000000         1.3761242314         2.0617687933         1.0212453001
        2.5800024000         2.7700000000         1.3888858657         2.0770800580         1.3536819213
        2.5850032000         2.7700000000         1.3761242314         2.0719763031         1.0212453001
        2.5900018000         2.7700000000         1.3863335388         2.0821838129         1.2871945970
        2.5950011000         2.7700000000         1.3812288851         2.0847356904         1.1542199486
        2.6000010000         2.7700000000         1.3761242314         2.0847356904         1.0212453001
        2.6050029000         2.7700000000         1.3863335388         2.0949432002         1.2871945970
        2.6100025000         2.7700000000         1.3812288851         2.0949432002         1.1542199486
        2.6150030000         2.7700000000         1.3888858657         2.1128063424         1.3536819213
        2.6200023000         2.7700000000         1.3761242314         2.1051507101         1.0212453001
        2.6250030000         2.7700000000         1.3863335388         2.1204619748         1.2871945970
        2.6300024000         2.7700000000         1.3837812120         2.1179100974         1.2207072728
        2.6350012000         2.7700000000         1.3735719045         2.1179100974         0.9547579759
        2.6400021000         2.7700000000         1.3863335388         2.1281176072         1.2871945970
        2.6450013000         2.7700000000         1.3812288851         2.1332213621         1.1542199486
        2.6500014000         2.7700000000         1.3735719045         2.1357732396         0.9547579759
        2.6550010000         2.7700000000         1.3710195777         2.1434288720         0.8882706517
        2.6600011000         2.7700000000         1.3863335388         2.1459807494         1.2871945970
        2.6650016000         2.7700000000         1.3888858657         2.1561882593         1.3536819213
        2.6700011000         2.7700000000         1.3761242314         2.1459807494         1.0212453001
        2.6750010000         2.7700000000         1.3888858657         2.1612920142         1.3536819213
        2.6800013000         2.7700000000         1.3812288851         2.1663957691         1.1542199486
        2.6850011000         2.7700000000         1.3863335388         2.1714995240         1.2871945970
        2.6900011000         2.7700000000         1.3735719045         2.1766032789         0.9547579759
        2.6950028000         2.7700000000         1.3837812120         2.1791551564         1.2207072728
        2.7000025000         2.7700000000         1.3837812120         2.1893626662         1.2207072728
        2.7050013000         2.7700000000         1.3837812120         2.1944664211         1.2207072728
        2.7100020000         2.7700000000         1.3710195777         2.1868107888         0.8882706517
        2.7150010000         2.7700000000         1.3863335388         2.2021220535         1.2871945970
        2.7200021000         2.7700000000         1.3761242314         2.2046739310         1.0212453001
        2.7250022000         2.7700000000         1.3608102703         2.2046739310         0.6223213548
        2.7300022000         2.7700000000         1.3761242314         2.2097776859         1.0212453001
        2.7350014000         2.7700000000         1.3837812120         2.2148814408         1.2207072728
        2.7400011000         2.7700000000         1.3837812120         2.2250889506         1.2207072728
        2.7450013000         2.7700000000         1.3837812120         2.2225370732         1.2207072728
        2.7500010000         2.7700000000         1.3812288851         2.2276408281         1.1542199486
        2.7550010000         2.7700000000         1.3863335388         2.2327445830         1.2871945970
        2.7600011000         2.7700000000         1.3812288851         2.2404002154         1.1542199486
        2.7650025000         2.7700000000         1.3786765582         2.2352964605         1.0877326243
        2.7700014000         2.7700000000         1.3837812120         2.2455039703         1.2207072728
        2.7750013000         2.7700000000         1.3786765582         2.2506077252         1.0877326243
        2.7800010000         2.7700000000         1.3761242314         2.2506077252         1.0212453001
        2.7850011000         2.7700000000         1.3863335388         2.2659189900         1.2871945970
        2.7900010000         2.7700000000         1.3837812120         2.2659189900         1.2207072728
        2.7950045000         2.7700000000         1.3863335388         2.2761264998         1.2871945970
        2.8000011000         2.7700000000         1.3888858657         2.2786783773         1.3536819213
        2.8050011000         2.7700000000         1.3837812120         2.2761264998         1.2207072728
        2.8100011000         2.7700000000         1.3888858657         2.2837821322         1.3536819213
        2.8150010000         2.7700000000         1.3735719045         2.2812302547         0.9547579759
        2.8200025000         2.7700000000         1.3888858657         2.2965415195         1.3536819213
        2.8250020000         2.7700000000         1.3863335388         2.3016452744         1.2871945970
        2.8300012000         2.7700000000         1.3786765582         2.2939896420         1.0877326243
        2.8350010000         2.7700000000         1.3812288851         2.3041971519         1.1542199486
        2.8400010000         2.7700000000         1.3812288851         2.3093009068         1.1542199486
        2.8450015000         2.7700000000         1.3812288851         2.3144046617         1.1542199486
        2.8500010000         2.7700000000         1.3965428462         2.3246121715         1.5531438939
        2.8550028000         2.7700000000         1.3761242314         2.3195084166         1.0212453001
        2.8600012000         2.7700000000         1.3837812120         2.3271640490         1.2207072728
        2.8650041000         2.7700000000         1.3837812120         2.3348196814         1.2207072728
        2.8700022000         2.7700000000         1.3863335388         2.3348196814         1.2871945970
        2.8750013000         2.7700000000         1.3914381925         2.3424753138         1.4201692455
        2.8800018000         2.7700000000         1.3761242314         2.3424753138         1.0212453001
        2.8850039000         2.7700000000         1.3863335388         2.3577865785         1.2871945970
        2.8900024000         2.7700000000         1.3735719045         2.3501309461         0.9547579759
        2.8950012000         2.7700000000         1.3735719045         2.3577865785         0.9547579759
        2.9000018000         2.7700000000         1.3761242314         2.3628903334         1.0212453001
        2.9050012000         2.7700000000         1.3761242314         2.3628903334         1.0212453001
        2.9100030000         2.7700000000         1.3786765582         2.3756497207         1.0877326243
        2.9150013000         2.7700000000         1.3863335388         2.3858572306         1.2871945970
        2.9200010000         2.7700000000         1.3710195777         2.3756497207         0.8882706517
        2.9250010000         2.7700000000         1.3786765582         2.3884091080         1.0877326243
        2.9300029000         2.7700000000         1.3735719045         2.3833053531         0.9547579759
        2.9350011000         2.7700000000         1.3837812120         2.3986166179         1.2207072728
        2.9400012000         2.7700000000         1.3761242314         2.3935128629         1.0212453001
        2.9450029000         2.7700000000         1.3837812120         2.4037203728         1.2207072728
        2.9500030000         2.7700000000         1.3812288851         2.4088241277         1.1542199486
        2.9550016000         2.7700000000         1.3735719045         2.4139278826         0.9547579759
        2.9600012000         2.7700000000         1.3786765582         2.4164797601         1.0877326243
        2.9650018000         2.7700000000         1.3761242314         2.4190316375         1.0212453001
        2.9700173000         2.7700000000         1.3812288851         2.4241353924         1.1542199486
        2.9750019000         2.7700000000         1.3812288851         2.4317910248         1.1542199486
        2.9800033000         2.7700000000         1.3582579434         2.4317910248         0.5558340305
        2.9850013000         2.7700000000         1.3710195777         2.4343429023         0.8882706517
        2.9900013000         2.7700000000         1.3863335388         2.4496541670         1.2871945970
        2.9950019000         2.7700000000         1.3735719045         2.4471022896         0.9547579759
        3.0000011000         2.7700000000         1.3812288851         2.4547579220         1.1542199486
        3.0050010000         2.7700000000         1.3786765582         2.4496541670         1.0877326243
        3.0100024000         2.7700000000         1.3837812120         2.4598616769         1.2207072728
        3.0150022000         2.7700000000         1.3939905194         2.4700691867         1.4866565697
        3.0200014000         2.7700000000         1.3761242314         2.4598616769         1.0212453001
        3.0250011000         2.7700000000         1.3786765582         2.4726210642         1.0877326243
        3.0300023000         2.7700000000         1.3837812120         2.4853804515         1.2207072728
        3.0350014000         2.7700000000         1.3710195777         2.4751729416         0.8882706517
        3.0400011000         2.7700000000         1.3735719045         2.4828285740         0.9547579759
        3.0450011000         2.7700000000         1.3837812120         2.4955879613         1.2207072728
        3.0500032000         2.7700000000         1.3761242314         2.4955879613         1.0212453001
        3.0550020000         2.7700000000         1.3735719045         2.4904842064         0.9547579759
        3.0600010000         2.7700000000         1.3812288851         2.5032435937         1.1542199486
        3.0650024000         2.7700000000         1.3812288851         2.5057954711         1.1542199486
        3.0700030000         2.7700000000         1.3761242314         2.5057954711         1.0212453001
        3.0750026000         2.7700000000         1.3837812120         2.5134511035         1.2207072728
        3.0800014000         2.7700000000         1.3786765582         2.5211067359         1.0877326243
        3.0850027000         2.7700000000         1.3863335388         2.5236586133         1.2871945970
        3.0900011000         2.7700000000         1.3735719045         2.5211067359         0.9547579759
        3.0950011000         2.7700000000         1.3812288851         2.5338661232         1.1542199486
        3.1000010000         2.7700000000         1.3863335388         2.5440736330         1.2871945970
        3.1050047000         2.7700000000         1.3863335388         2.5466255105         1.2871945970
        3.1100033000         2.7700000000         1.3786765582         2.5466255105         1.0877326243
        3.1150037000         2.7700000000         1.3761242314         2.5517292654         1.0212453001
        3.1200013000         2.7700000000         1.3812288851         2.5568330203         1.1542199486
        3.1250012000         2.7700000000         1.3837812120         2.5644886527         1.2207072728
        3.1300014000         2.7700000000         1.3786765582         2.5542811429         1.0877326243
        3.1350010000         2.7700000000         1.3863335388         2.5721442851         1.2871945970
        3.1400032000         2.7700000000         1.3837812120         2.5772480400         1.2207072728
        3.1450024000         2.7700000000         1.3710195777         2.5695924076         0.8882706517
        3.1500012000         2.7700000000         1.3863335388         2.5797999174         1.2871945970
        3.1550011000         2.7700000000         1.3837812120         2.5849036724         1.2207072728
        3.1600010000         2.7700000000         1.3837812120         2.5823517949         1.2207072728
        3.1650025000         2.7700000000         1.3812288851         2.5925593047         1.1542199486
        3.1700014000         2.7700000000         1.3837812120         2.6002149371         1.2207072728
        3.1750020000         2.7700000000         1.3761242314         2.5976630597         1.0212453001
        3.1800012000         2.7700000000         1.3914381925         2.6155262019         1.4201692455
        3.1850011000         2.7700000000         1.3863335388         2.6104224470         1.2871945970
        3.1900011000         2.7700000000         1.3837812120         2.6129743244         1.2207072728
        3.1950028000         2.7700000000         1.3863335388         2.6231818342         1.2871945970
        3.2000025000         2.7700000000         1.3837812120         2.6282855892         1.2207072728
        3.2050013000         2.7700000000         1.3761242314         2.6257337117         1.0212453001
        3.2100025000         2.7700000000         1.3888858657         2.6435968539         1.3536819213
        3.2150012000         2.7700000000         1.3812288851         2.6333893441         1.1542199486
        3.2200023000         2.7700000000         1.3863335388         2.6512524863         1.2871945970
        3.2250013000         2.7700000000         1.3761242314         2.6435968539         1.0212453001
        3.2300025000         2.7700000000         1.3735719045         2.6487006088         0.9547579759
        3.2350143000         2.7700000000         1.3837812120         2.6589081187         1.2207072728
        3.2400022000         2.7700000000         1.3863335388         2.6691156285         1.2871945970
        3.2450014000         2.7700000000         1.3761242314         2.6614599961         1.0212453001
        3.2500012000         2.7700000000         1.3837812120         2.6691156285         1.2207072728
        3.2550021000         2.7700000000         1.3761242314         2.6716675060         1.0212453001
        3.2600013000         2.7700000000         1.3812288851         2.6818750158         1.1542199486
        3.2650012000         2.7700000000         1.3837812120         2.6869787707         1.2207072728
        3.2700012000         2.7700000000         1.3710195777         2.6818750158         0.8882706517
        3.2750011000         2.7700000000         1.3863335388         2.7022900355         1.2871945970
        3.2800011000         2.7700000000         1.3710195777         2.6920825256         0.8882706517
        3.2850011000         2.7700000000         1.3786765582         2.7022900355         1.0877326243
        3.2900019000         2.7700000000         1.3710195777         2.6997381580         0.8882706517
        3.2950029000         2.7700000000         1.3863335388         2.7176013002         1.2871945970
        3.3000028000         2.7700000000         1.3761242314         2.7124975453         1.0212453001
        3.3050028000         2.7700000000         1.3786765582         2.7227050552         1.0877326243
        3.3100014000         2.7700000000         1.3888858657         2.7303606875         1.3536819213
        3.3150019000         2.7700000000         1.3735719045         2.7252569326         0.9547579759
        3.3200028000         2.7700000000         1.3888858657         2.7405681974         1.3536819213
        3.3250022000         2.7700000000         1.3786765582         2.7329125650         1.0877326243
        3.3300218000         2.7700000000         1.3812288851         2.7431200748         1.1542199486
        3.3350020000         2.7700000000         1.3888858657         2.7482238297         1.3536819213
        3.3400012000         2.7700000000         1.3812288851         2.7482238297         1.1542199486
        3.3450043000         2.7700000000         1.3837812120         2.7584313396         1.2207072728
        3.3500025000         2.7700000000         1.3735719045         2.7558794621         0.9547579759
        3.3550034000         2.7700000000         1.3863335388         2.7711907269         1.2871945970
        3.3600013000         2.7700000000         1.3812288851         2.7711907269         1.1542199486
        3.3650010000         2.7700000000         1.3786765582         2.7686388494         1.0877326243
        3.3700011000         2.7700000000         1.3761242314         2.7813982367         1.0212453001
        3.3750011000         2.7700000000         1.3812288851         2.7890538691         1.1542199486
        3.3800010000         2.7700000000         1.3863335388         2.7890538691         1.2871945970
        3.3850014000         2.7700000000         1.3863335388         2.7992613789         1.2871945970
        3.3900020000         2.7700000000         1.3735719045         2.7890538691         0.9547579759
        3.3950019000         2.7700000000         1.3863335388         2.8069170113         1.2871945970
        3.4000012000         2.7700000000         1.3863335388         2.8145726437         1.2871945970
        3.4050011000         2.7700000000         1.3965428462         2.8094688888         1.5531438939
        3.4100010000         2.7700000000         1.3863335388         2.8222282761         1.2871945970
        3.4150019000         2.7700000000         1.3837812120         2.8222282761         1.2207072728
        3.4200012000         2.7700000000         1.3761242314         2.8171245211         1.0212453001
        3.4250012000         2.7700000000         1.3888858657         2.8349876633         1.3536819213
        3.4300027000         2.7700000000         1.3786765582         2.8324357859         1.0877326243
        3.4350027000         2.7700000000         1.3761242314         2.8324357859         1.0212453001
        3.4400012000         2.7700000000         1.3608102703         2.8426432957         0.6223213548
        3.4450025000         2.7700000000         1.3786765582         2.8502989281         1.0877326243
        3.4500014000         2.7700000000         1.3761242314         2.8502989281         1.0212453001
        3.4550020000         2.7700000000         1.3786765582         2.8554026830         1.0877326243
        3.4600014000         2.7700000000         1.3735719045         2.8579545605         0.9547579759
        3.4650016000         2.7700000000         1.3735719045         2.8579545605         0.9547579759
        3.4700012000         2.7700000000         1.3837812120         2.8656101929         1.2207072728
        3.4750012000         2.7700000000         1.3863335388         2.8732658252         1.2871945970
        3.4800021000         2.7700000000         1.3888858657         2.8834733351         1.3536819213
        3.4850014000         2.7700000000         1.3786765582         2.8732658252         1.0877326243
        3.4900027000         2.7700000000         1.3786765582         2.8834733351         1.0877326243
        3.4950021000         2.7700000000         1.3863335388         2.8936808449         1.2871945970
        3.5000013000         2.7700000000         1.3812288851         2.8911289674         1.1542199486
        3.5050102000         2.7700000000         1.3812288851         2.8987845998         1.1542199486
        3.5100032000         2.7700000000         1.3761242314         2.9038883547         1.0212453001
        3.5150034000         2.7700000000         1.3786765582         2.9038883547         1.0877326243
        3.5200066000         2.7700000000         1.3761242314         2.9064402322         1.0212453001
        3.5250019000         2.7700000000         1.3735719045         2.9115439871         0.9547579759
        3.5300012000         2.7700000000         1.3812288851         2.9217514970         1.1542199486
        3.5350012000         2.7700000000         1.3812288851         2.9294071293         1.1542199486
        3.5400013000         2.7700000000         1.3837812120         2.9319590068         1.2207072728
        3.5450012000         2.7700000000         1.3786765582         2.9345108842         1.0877326243
        3.5500018000         2.7700000000         1.3837812120         2.9421665166         1.2207072728
        3.5550012000         2.7700000000         1.3812288851         2.9498221490         1.1542199486
        3.5600031000         2.7700000000         1.3812288851         2.9498221490         1.1542199486
        3.5650026000         2.7700000000         1.3786765582         2.9498221490         1.0877326243
        3.5700024000         2.7700000000         1.3888858657         2.9676852912         1.3536819213
        3.5750015000         2.7700000000         1.3735719045         2.9625815363         0.9547579759
        3.5800013000         2.7700000000         1.3965428462         2.9727890461         1.5531438939
        3.5850015000         2.7700000000         1.3812288851         2.9804446785         1.1542199486
        3.5900011000         2.7700000000         1.3837812120         2.9778928011         1.2207072728
        3.5950012000         2.7700000000         1.3735719045         2.9753409236         0.9547579759
        3.6000011000         2.7700000000         1.3837812120         2.9855484334         1.2207072728
        3.6050022000         2.7700000000         1.3761242314         2.9932040658         1.0212453001
        3.6100013000         2.7700000000         1.3735719045         2.9957559433         0.9547579759
        3.6150011000         2.7700000000         1.3812288851         2.9983078207         1.1542199486
        3.6200027000         2.7700000000         1.3761242314         2.9983078207         1.0212453001
        3.6250012000         2.7700000000         1.3812288851         3.0110672080         1.1542199486
        3.6300017000         2.7700000000         1.3863335388         3.0187228404         1.2871945970
        3.6350010000         2.7700000000         1.3761242314         3.0136190855         1.0212453001
        3.6400022000         2.7700000000         1.3888858657         3.0263784728         1.3536819213
        3.6450012000         2.7700000000         1.3914381925         3.0365859826         1.4201692455
        3.6500011000         2.7700000000         1.3863335388         3.0289303502         1.2871945970
        3.6550011000         2.7700000000         1.3888858657         3.0416897375         1.3536819213
        3.6600018000         2.7700000000         1.3888858657         3.0467934924         1.3536819213
        3.6650012000         2.7700000000         1.3812288851         3.0391378601         1.1542199486
        3.6700021000         2.7700000000         1.3888858657         3.0570010023         1.3536819213
        3.6750012000         2.7700000000         1.3812288851         3.0544491248         1.1542199486
        3.6800022000         2.7700000000         1.3786765582         3.0595528797         1.0877326243
        3.6850012000         2.7700000000         1.3812288851         3.0646566347         1.1542199486
        3.6900011000         2.7700000000         1.3735719045         3.0621047572         0.9547579759
        3.6950026000         2.7700000000         1.3863335388         3.0825197769         1.2871945970
        3.7000014000         2.7700000000         1.3837812120         3.0850716543         1.2207072728
        3.7050011000         2.7700000000         1.3914381925         3.0825197769         1.4201692455
        3.7100018000         2.7700000000         1.3761242314         3.0799678994         1.0212453001
        3.7150015000         2.7700000000         1.3837812120         3.0978310416         1.2207072728
        3.7200011000         2.7700000000         1.3888858657         3.0978310416         1.3536819213
        3.7250010000         2.7700000000         1.3863335388         3.1003829191         1.2871945970
        3.7300020000         2.7700000000         1.3812288851         3.1029347965         1.1542199486
        3.7350012000         2.7700000000         1.3735719045         3.1054866740         0.9547579759
        3.7400011000         2.7700000000         1.3888858657         3.1182460613         1.3536819213
        3.7450010000         2.7700000000         1.3735719045         3.1182460613         0.9547579759
        3.7500012000         2.7700000000         1.3863335388         3.1207979388         1.2871945970
        3.7550010000         2.7700000000         1.3761242314         3.1284535711         1.0212453001
        3.7600011000         2.7700000000         1.3710195777         3.1233498162         0.8882706517
        3.7650035000         2.7700000000         1.3812288851         3.1412129584         1.1542199486
        3.7700024000         2.7700000000         1.3735719045         3.1335573261         0.9547579759
        3.7750014000         2.7700000000         1.3735719045         3.1412129584         0.9547579759
        3.7800022000         2.7700000000         1.3812288851         3.1463167133         1.1542199486
        3.7850012000         2.7700000000         1.3735719045         3.1514204683         0.9547579759
        3.7900017000         2.7700000000         1.3659149240         3.1539723457         0.7552960032
        3.7950011000         2.7700000000         1.3837812120         3.1667317330         1.2207072728
        3.8000016000         2.7700000000         1.3735719045         3.1565242232         0.9547579759
        3.8050011000         2.7700000000         1.3812288851         3.1667317330         1.1542199486
        3.8100012000         2.7700000000         1.3863335388         3.1769392429         1.2871945970
        3.8150011000         2.7700000000         1.3863335388         3.1769392429         1.2871945970
        3.8200023000         2.7700000000         1.3557056165         3.1820429978         0.4893467063
        3.8250014000         2.7700000000         1.3914381925         3.1922505076         1.4201692455
        3.8300012000         2.7700000000         1.3863335388         3.1973542625         1.2871945970
        3.8350011000         2.7700000000         1.3735719045         3.1871467527         0.9547579759
        3.8400013000         2.7700000000         1.3863335388         3.2024580174         1.2871945970
        3.8450010000         2.7700000000         1.3863335388         3.2050098949         1.2871945970
        3.8500318000         2.7700000000         1.3786765582         3.2075617724         1.0877326243
        3.8550036000         2.7700000000         1.3812288851         3.2152174047         1.1542199486
        3.8600012000         2.7700000000         1.3812288851         3.2177692822         1.1542199486
        3.8650020000         2.7700000000         1.3863335388         3.2254249146         1.2871945970
        3.8700011000         2.7700000000         1.3710195777         3.2203211597         0.8882706517
        3.8750011000         2.7700000000         1.3837812120         3.2330805470         1.2207072728
        3.8800011000         2.7700000000         1.3786765582         3.2356324244         1.0877326243
        3.8850020000         2.7700000000         1.3837812120         3.2407361793         1.2207072728
        3.8900013000         2.7700000000         1.3837812120         3.2432880568         1.2207072728
        3.8950018000         2.7700000000         1.3888858657         3.2458399342         1.3536819213
        3.9000011000         2.7700000000         1.3837812120         3.2509436892         1.2207072728
        3.9050011000         2.7700000000         1.3863335388         3.2637030765         1.2871945970
        3.9100010000         2.7700000000         1.3761242314         3.2585993215         1.0212453001
        3.9150026000         2.7700000000         1.3863335388         3.2713587088         1.2871945970
        3.9200012000         2.7700000000         1.3735719045         3.2637030765         0.9547579759
        3.9250011000         2.7700000000         1.3786765582         3.2764624638         1.0877326243
        3.9300014000         2.7700000000         1.3786765582         3.2790143412         1.0877326243
        3.9350012000         2.7700000000         1.3761242314         3.2841180961         1.0212453001
        3.9400010000         2.7700000000         1.3837812120         3.2917737285         1.2207072728
        3.9450030000         2.7700000000         1.3761242314         3.2968774834         1.0212453001
        3.9500031000         2.7700000000         1.3735719045         3.2892218510         0.9547579759
        3.9550013000         2.7700000000         1.3837812120         3.3019812383         1.2207072728
        3.9600010000         2.7700000000         1.3786765582         3.3045331158         1.0877326243
        3.9650013000         2.7700000000         1.3735719045         3.3019812383         0.9547579759
        3.9700049000         2.7700000000         1.3710195777         3.3070849933         0.8882706517
        3.9750025000         2.7700000000         1.3863335388         3.3249481355         1.2871945970
        3.9800024000         2.7700000000         1.3786765582         3.3223962580         1.0877326243
        3.9850013000         2.7700000000         1.3812288851         3.3275000129         1.1542199486
        3.9900021000         2.7700000000         1.3863335388         3.3377075228         1.2871945970
        3.9950013000         2.7700000000         1.3812288851         3.3351556453         1.1542199486
