% Motor Sweep Step 66/180
% Vcmd       = 2.1700 [V]
% Direction  = CCW
% Zone       = DEADZONE
% Vg_offset  = 1.336920 [V]
% K_gimbal   = 26.049690 [(rad/s)/V]

Time[s]              Vcmd[V]              Vg_raw[V]            Pot[V]               Omega[rad/s]
        0.0000065000         2.1700000000         1.3352870017         2.3552347011        -0.0425518875
        0.0050045000         2.1700000000         1.3403916554         2.3577865785         0.0904227609
        0.0100040000         2.1700000000         1.3352870017         2.3501309461        -0.0425518875
        0.0150033000         2.1700000000         1.3327346748         2.3501309461        -0.1090392117
        0.0200028000         2.1700000000         1.3352870017         2.3577865785        -0.0425518875
        0.0250029000         2.1700000000         1.3378393285         2.3552347011         0.0239354367
        0.0300029000         2.1700000000         1.3327346748         2.3577865785        -0.1090392117
        0.0350082000         2.1700000000         1.2893451183         2.3526828236        -1.2393237236
        0.0400135000         2.1700000000         1.2689265034         2.3424753138        -1.7712223174
        0.0450028000         2.1700000000         1.3046590794         2.3501309461        -0.8403997782
        0.0500051000         2.1700000000         1.2842404646         2.3399234363        -1.3722983720
        0.0550064000         2.1700000000         1.2842404646         2.3424753138        -1.3722983720
        0.0600236000         2.1700000000         1.2918974451         2.3348196814        -1.1728363994
        0.0650063000         2.1700000000         1.2714788303         2.3220602941        -1.7047349932
        0.0700132000         2.1700000000         1.2765834840         2.3195084166        -1.5717603447
        0.0750029000         2.1700000000         1.2842404646         2.3118527843        -1.3722983720
        0.0800028000         2.1700000000         1.2740311571         2.3067490293        -1.6382476689
        0.0850203000         2.1700000000         1.2867927914         2.3041971519        -1.3058110478
        0.0900027000         2.1700000000         1.2740311571         2.2888858871        -1.6382476689
        0.0950118000         2.1700000000         1.2842404646         2.2914377646        -1.3722983720
        0.1000041000         2.1700000000         1.2867927914         2.2863340097        -1.3058110478
        0.1050026000         2.1700000000         1.2791358108         2.2761264998        -1.5052730205
        0.1100026000         2.1700000000         1.2816881377         2.2633671125        -1.4387856963
        0.1150012000         2.1700000000         1.2765834840         2.2633671125        -1.5717603447
        0.1200010000         2.1700000000         1.2816881377         2.2582633576        -1.4387856963
        0.1250018000         2.1700000000         1.2791358108         2.2582633576        -1.5052730205
        0.1300011000         2.1700000000         1.2765834840         2.2429520929        -1.5717603447
        0.1350026000         2.1700000000         1.2765834840         2.2404002154        -1.5717603447
        0.1400013000         2.1700000000         1.2791358108         2.2404002154        -1.5052730205
        0.1450010000         2.1700000000         1.2765834840         2.2199851957        -1.5717603447
        0.1500013000         2.1700000000         1.2714788303         2.2123295633        -1.7047349932
        0.1550010000         2.1700000000         1.2765834840         2.2148814408        -1.5717603447
        0.1600013000         2.1700000000         1.2842404646         2.2148814408        -1.3722983720
        0.1650031000         2.1700000000         1.2842404646         2.2097776859        -1.3722983720
        0.1700049000         2.1700000000         1.2714788303         2.1919145437        -1.7047349932
        0.1750025000         2.1700000000         1.2714788303         2.1842589113        -1.7047349932
        0.1800051000         2.1700000000         1.2791358108         2.1868107888        -1.5052730205
        0.1850026000         2.1700000000         1.2714788303         2.1740514015        -1.7047349932
        0.1900018000         2.1700000000         1.2689265034         2.1689476465        -1.7712223174
        0.1950030000         2.1700000000         1.2689265034         2.1612920142        -1.7712223174
        0.2000013000         2.1700000000         1.2740311571         2.1612920142        -1.6382476689
        0.2050023000         2.1700000000         1.2791358108         2.1587401367        -1.5052730205
        0.2100013000         2.1700000000         1.2791358108         2.1485326269        -1.5052730205
        0.2150014000         2.1700000000         1.2893451183         2.1459807494        -1.2393237236
        0.2200011000         2.1700000000         1.2791358108         2.1434288720        -1.5052730205
        0.2250013000         2.1700000000         1.2765834840         2.1306694847        -1.5717603447
        0.2300011000         2.1700000000         1.2638218497         2.1179100974        -1.9041969659
        0.2350013000         2.1700000000         1.2740311571         2.1179100974        -1.6382476689
        0.2400012000         2.1700000000         1.2587171960         2.1102544650        -2.0371716143
        0.2450012000         2.1700000000         1.2765834840         2.1102544650        -1.5717603447
        0.2500011000         2.1700000000         1.2663741766         2.0923913228        -1.8377096416
        0.2550022000         2.1700000000         1.2791358108         2.0974950777        -1.5052730205
        0.2600025000         2.1700000000         1.2612695229         2.0770800580        -1.9706842901
        0.2650021000         2.1700000000         1.2791358108         2.0821838129        -1.5052730205
        0.2700011000         2.1700000000         1.2714788303         2.0694244256        -1.7047349932
        0.2750010000         2.1700000000         1.2714788303         2.0592169158        -1.7047349932
        0.2800010000         2.1700000000         1.2714788303         2.0592169158        -1.7047349932
        0.2850011000         2.1700000000         1.2765834840         2.0515612834        -1.5717603447
        0.2900011000         2.1700000000         1.2638218497         2.0413537736        -1.9041969659
        0.2950033000         2.1700000000         1.2714788303         2.0413537736        -1.7047349932
        0.3000027000         2.1700000000         1.2587171960         2.0311462638        -2.0371716143
        0.3050016000         2.1700000000         1.2612695229         2.0183868765        -1.9706842901
        0.3100012000         2.1700000000         1.2765834840         2.0132831215        -1.5717603447
        0.3150016000         2.1700000000         1.2536125423         2.0132831215        -2.1701462628
        0.3200014000         2.1700000000         1.2663741766         2.0030756117        -1.8377096416
        0.3250041000         2.1700000000         1.2612695229         1.9979718568        -1.9706842901
        0.3300024000         2.1700000000         1.2740311571         1.9954199793        -1.6382476689
        0.3350012000         2.1700000000         1.2663741766         1.9775568371        -1.8377096416
        0.3400029000         2.1700000000         1.2740311571         1.9775568371        -1.6382476689
        0.3450013000         2.1700000000         1.2714788303         1.9699012047        -1.7047349932
        0.3500023000         2.1700000000         1.2663741766         1.9647974498        -1.8377096416
        0.3550024000         2.1700000000         1.2740311571         1.9571418174        -1.6382476689
        0.3600071000         2.1700000000         1.2689265034         1.9520380625        -1.7712223174
        0.3650027000         2.1700000000         1.2638218497         1.9443824302        -1.9041969659
        0.3700015000         2.1700000000         1.2740311571         1.9418305527        -1.6382476689
        0.3750016000         2.1700000000         1.2587171960         1.9214155330        -2.0371716143
        0.3800011000         2.1700000000         1.2714788303         1.9214155330        -1.7047349932
        0.3850024000         2.1700000000         1.2587171960         1.9188636556        -2.0371716143
        0.3900013000         2.1700000000         1.2714788303         1.9061042683        -1.7047349932
        0.3950010000         2.1700000000         1.2689265034         1.9010005134        -1.7712223174
        0.4000036000         2.1700000000         1.2638218497         1.8907930035        -1.9041969659
        0.4050022000         2.1700000000         1.2663741766         1.8882411261        -1.8377096416
        0.4100014000         2.1700000000         1.2663741766         1.8805854937        -1.8377096416
        0.4150011000         2.1700000000         1.2765834840         1.8831373711        -1.5717603447
        0.4200023000         2.1700000000         1.2663741766         1.8678261064        -1.8377096416
        0.4250013000         2.1700000000         1.2740311571         1.8601704740        -1.6382476689
        0.4300021000         2.1700000000         1.2536125423         1.8499629642        -2.1701462628
        0.4350012000         2.1700000000         1.2714788303         1.8474110867        -1.7047349932
        0.4400191000         2.1700000000         1.2791358108         1.8474110867        -1.5052730205
        0.4450025000         2.1700000000         1.2714788303         1.8423073318        -1.7047349932
        0.4500012000         2.1700000000         1.2740311571         1.8346516994        -1.6382476689
        0.4550019000         2.1700000000         1.2740311571         1.8142366797        -1.6382476689
        0.4600013000         2.1700000000         1.2510602154         1.8116848023        -2.2366335870
        0.4650022000         2.1700000000         1.2791358108         1.8167885572        -1.5052730205
        0.4700013000         2.1700000000         1.2714788303         1.8014772924        -1.7047349932
        0.4750023000         2.1700000000         1.2612695229         1.7912697826        -1.9706842901
        0.4800015000         2.1700000000         1.2689265034         1.7912697826        -1.7712223174
        0.4850013000         2.1700000000         1.2714788303         1.7836141502        -1.7047349932
        0.4900011000         2.1700000000         1.2714788303         1.7734066404        -1.7047349932
        0.4950011000         2.1700000000         1.2791358108         1.7708547629        -1.5052730205
        0.5000019000         2.1700000000         1.2689265034         1.7606472531        -1.7712223174
        0.5050019000         2.1700000000         1.2816881377         1.7683028855        -1.4387856963
        0.5100030000         2.1700000000         1.2714788303         1.7529916207        -1.7047349932
        0.5150025000         2.1700000000         1.2714788303         1.7453359884        -1.7047349932
        0.5200012000         2.1700000000         1.2714788303         1.7376803560        -1.7047349932
        0.5250011000         2.1700000000         1.2740311571         1.7376803560        -1.6382476689
        0.5300010000         2.1700000000         1.2740311571         1.7198172138        -1.6382476689
        0.5350010000         2.1700000000         1.2714788303         1.7223690912        -1.7047349932
        0.5400011000         2.1700000000         1.2714788303         1.7223690912        -1.7047349932
        0.5450027000         2.1700000000         1.2816881377         1.7096097039        -1.4387856963
        0.5500013000         2.1700000000         1.2842404646         1.7096097039        -1.3722983720
        0.5550013000         2.1700000000         1.2791358108         1.6968503166        -1.5052730205
        0.5600010000         2.1700000000         1.2689265034         1.6891946843        -1.7712223174
        0.5650011000         2.1700000000         1.2714788303         1.6789871744        -1.7047349932
        0.5700010000         2.1700000000         1.2740311571         1.6789871744        -1.6382476689
        0.5750012000         2.1700000000         1.2842404646         1.6789871744        -1.3722983720
        0.5800022000         2.1700000000         1.2663741766         1.6687796646        -1.8377096416
        0.5850020000         2.1700000000         1.2842404646         1.6687796646        -1.3722983720
        0.5900012000         2.1700000000         1.2740311571         1.6636759097        -1.6382476689
        0.5950011000         2.1700000000         1.2816881377         1.6560202773        -1.4387856963
        0.6000014000         2.1700000000         1.2791358108         1.6483646449        -1.5052730205
        0.6050011000         2.1700000000         1.2638218497         1.6381571351        -1.9041969659
        0.6100012000         2.1700000000         1.2740311571         1.6330533802        -1.6382476689
        0.6150011000         2.1700000000         1.2740311571         1.6279496252        -1.6382476689
        0.6200018000         2.1700000000         1.2714788303         1.6202939929        -1.7047349932
        0.6250114000         2.1700000000         1.2842404646         1.6228458703        -1.3722983720
        0.6300042000         2.1700000000         1.2765834840         1.6100864830        -1.5717603447
        0.6350025000         2.1700000000         1.2740311571         1.6024308506        -1.6382476689
        0.6400026000         2.1700000000         1.2765834840         1.5973270957        -1.5717603447
        0.6450015000         2.1700000000         1.2791358108         1.5871195859        -1.5052730205
        0.6500022000         2.1700000000         1.2740311571         1.5845677084        -1.6382476689
        0.6550012000         2.1700000000         1.2740311571         1.5718083211        -1.6382476689
        0.6600010000         2.1700000000         1.2740311571         1.5743601986        -1.6382476689
        0.6650011000         2.1700000000         1.2791358108         1.5692564437        -1.5052730205
        0.6700025000         2.1700000000         1.2740311571         1.5590489338        -1.6382476689
        0.6750013000         2.1700000000         1.2816881377         1.5539451789        -1.4387856963
        0.6800018000         2.1700000000         1.2663741766         1.5411857916        -1.8377096416
        0.6850011000         2.1700000000         1.2765834840         1.5437376691        -1.5717603447
        0.6900011000         2.1700000000         1.2714788303         1.5335301593        -1.7047349932
        0.6950016000         2.1700000000         1.2791358108         1.5309782818        -1.5052730205
        0.7000033000         2.1700000000         1.2765834840         1.5284264043        -1.5717603447
        0.7050012000         2.1700000000         1.2765834840         1.5156670170        -1.5717603447
        0.7100011000         2.1700000000         1.2638218497         1.5029076297        -1.9041969659
        0.7150017000         2.1700000000         1.2740311571         1.4978038748        -1.6382476689
        0.7200011000         2.1700000000         1.2714788303         1.5003557523        -1.7047349932
        0.7250011000         2.1700000000         1.2842404646         1.4978038748        -1.3722983720
        0.7300020000         2.1700000000         1.2791358108         1.4901482425        -1.5052730205
        0.7350013000         2.1700000000         1.2791358108         1.4799407326        -1.5052730205
        0.7400011000         2.1700000000         1.2765834840         1.4748369777        -1.5717603447
        0.7450011000         2.1700000000         1.2740311571         1.4620775904        -1.6382476689
        0.7500011000         2.1700000000         1.2714788303         1.4620775904        -1.7047349932
        0.7550010000         2.1700000000         1.2791358108         1.4595257129        -1.5052730205
        0.7600022000         2.1700000000         1.2791358108         1.4569738355        -1.5052730205
        0.7650013000         2.1700000000         1.2867927914         1.4518700806        -1.3058110478
        0.7700016000         2.1700000000         1.2816881377         1.4467663256        -1.4387856963
        0.7750023000         2.1700000000         1.2740311571         1.4289031834        -1.6382476689
        0.7800013000         2.1700000000         1.2867927914         1.4340069384        -1.3058110478
        0.7850016000         2.1700000000         1.2816881377         1.4263513060        -1.4387856963
        0.7900012000         2.1700000000         1.2663741766         1.4084881638        -1.8377096416
        0.7950026000         2.1700000000         1.2867927914         1.4135919187        -1.3058110478
        0.8000017000         2.1700000000         1.2765834840         1.4059362863        -1.5717603447
        0.8050012000         2.1700000000         1.2791358108         1.3982806539        -1.5052730205
        0.8100011000         2.1700000000         1.2816881377         1.3957287765        -1.4387856963
        0.8150013000         2.1700000000         1.2791358108         1.3880731441        -1.5052730205
        0.8200021000         2.1700000000         1.2867927914         1.3880731441        -1.3058110478
        0.8250017000         2.1700000000         1.2842404646         1.3829693892        -1.3722983720
        0.8300010000         2.1700000000         1.2765834840         1.3676581244        -1.5717603447
        0.8350356000         2.1700000000         1.2842404646         1.3702100019        -1.3722983720
        0.8400034000         2.1700000000         1.2714788303         1.3523468597        -1.7047349932
        0.8450023000         2.1700000000         1.2714788303         1.3446912273        -1.7047349932
        0.8500024000         2.1700000000         1.2765834840         1.3446912273        -1.5717603447
        0.8550013000         2.1700000000         1.2867927914         1.3421393498        -1.3058110478
        0.8600025000         2.1700000000         1.2918974451         1.3370355949        -1.1728363994
        0.8650012000         2.1700000000         1.2714788303         1.3217243302        -1.7047349932
        0.8700012000         2.1700000000         1.2791358108         1.3242762076        -1.5052730205
        0.8750010000         2.1700000000         1.2740311571         1.3166205752        -1.6382476689
        0.8800022000         2.1700000000         1.2765834840         1.3115168203        -1.5717603447
        0.8850020000         2.1700000000         1.2765834840         1.3013093105        -1.5717603447
        0.8900015000         2.1700000000         1.2816881377         1.3038611879        -1.4387856963
        0.8950016000         2.1700000000         1.2714788303         1.2987574330        -1.7047349932
        0.9000010000         2.1700000000         1.2765834840         1.2859980457        -1.5717603447
        0.9050010000         2.1700000000         1.2816881377         1.2859980457        -1.4387856963
        0.9100018000         2.1700000000         1.2842404646         1.2732386584        -1.3722983720
        0.9150011000         2.1700000000         1.2689265034         1.2681349035        -1.7712223174
        0.9200025000         2.1700000000         1.2816881377         1.2630311486        -1.4387856963
        0.9250017000         2.1700000000         1.2765834840         1.2630311486        -1.5717603447
        0.9300011000         2.1700000000         1.2918974451         1.2579273937        -1.1728363994
        0.9350016000         2.1700000000         1.2714788303         1.2451680064        -1.7047349932
        0.9400011000         2.1700000000         1.2740311571         1.2451680064        -1.6382476689
        0.9450026000         2.1700000000         1.2816881377         1.2375123740        -1.4387856963
        0.9500030000         2.1700000000         1.2842404646         1.2324086191        -1.3722983720
        0.9550022000         2.1700000000         1.2791358108         1.2273048642        -1.5052730205
        0.9600025000         2.1700000000         1.2791358108         1.2170973543        -1.5052730205
        0.9650013000         2.1700000000         1.2612695229         1.2119935994        -1.9706842901
        0.9700014000         2.1700000000         1.2842404646         1.2017860896        -1.3722983720
        0.9750010000         2.1700000000         1.2663741766         1.1915785797        -1.8377096416
        0.9800011000         2.1700000000         1.2740311571         1.1915785797        -1.6382476689
        0.9850011000         2.1700000000         1.2714788303         1.1864748248        -1.7047349932
        0.9900021000         2.1700000000         1.2663741766         1.1711635601        -1.8377096416
        0.9950013000         2.1700000000         1.2740311571         1.1711635601        -1.6382476689
        1.0000011000         2.1700000000         1.2714788303         1.1660598052        -1.7047349932
        1.0050010000         2.1700000000         1.2638218497         1.1533004179        -1.9041969659
        1.0100028000         2.1700000000         1.2842404646         1.1584041728        -1.3722983720
        1.0150060000         2.1700000000         1.2740311571         1.1481966629        -1.6382476689
        1.0200014000         2.1700000000         1.2740311571         1.1405410306        -1.6382476689
        1.0250010000         2.1700000000         1.2765834840         1.1354372756        -1.5717603447
        1.0300026000         2.1700000000         1.2765834840         1.1354372756        -1.5717603447
        1.0350028000         2.1700000000         1.2765834840         1.1252297658        -1.5717603447
        1.0400031000         2.1700000000         1.2714788303         1.1124703785        -1.7047349932
        1.0450053000         2.1700000000         1.2791358108         1.1124703785        -1.5052730205
        1.0500049000         2.1700000000         1.2638218497         1.0997109912        -1.9041969659
        1.0550094000         2.1700000000         1.2689265034         1.0946072363        -1.7712223174
        1.0600022000         2.1700000000         1.2714788303         1.0869516039        -1.7047349932
        1.0650015000         2.1700000000         1.2663741766         1.0818478490        -1.8377096416
        1.0700021000         2.1700000000         1.2765834840         1.0818478490        -1.5717603447
        1.0750207000         2.1700000000         1.2740311571         1.0767440941        -1.6382476689
        1.0800028000         2.1700000000         1.2816881377         1.0639847068        -1.4387856963
        1.0850021000         2.1700000000         1.2740311571         1.0563290744        -1.6382476689
        1.0900030000         2.1700000000         1.2663741766         1.0486734420        -1.8377096416
        1.0950013000         2.1700000000         1.2791358108         1.0512253195        -1.5052730205
        1.1000020000         2.1700000000         1.2765834840         1.0461215646        -1.5717603447
        1.1050012000         2.1700000000         1.2714788303         1.0410178097        -1.7047349932
        1.1100024000         2.1700000000         1.2867927914         1.0384659322        -1.3058110478
        1.1150012000         2.1700000000         1.2816881377         1.0308102998        -1.4387856963
        1.1200012000         2.1700000000         1.2765834840         1.0206027900        -1.5717603447
        1.1250011000         2.1700000000         1.2765834840         1.0129471576        -1.5717603447
        1.1300017000         2.1700000000         1.2689265034         1.0001877703        -1.7712223174
        1.1350032000         2.1700000000         1.2663741766         0.9950840154        -1.8377096416
        1.1400025000         2.1700000000         1.2791358108         0.9925321379        -1.5052730205
        1.1450014000         2.1700000000         1.2842404646         0.9925321379        -1.3722983720
        1.1500014000         2.1700000000         1.2816881377         0.9874283830        -1.4387856963
        1.1550012000         2.1700000000         1.2816881377         0.9772208732        -1.4387856963
        1.1600125000         2.1700000000         1.2791358108         0.9670133634        -1.5052730205
        1.1650014000         2.1700000000         1.2791358108         0.9619096084        -1.5052730205
        1.1700033000         2.1700000000         1.2791358108         0.9593577310        -1.5052730205
        1.1750013000         2.1700000000         1.2765834840         0.9542539761        -1.5717603447
        1.1800014000         2.1700000000         1.2842404646         0.9517020986        -1.3722983720
        1.1850011000         2.1700000000         1.2842404646         0.9440464662        -1.3722983720
        1.1900014000         2.1700000000         1.2791358108         0.9338389564        -1.5052730205
        1.1950038000         2.1700000000         1.2740311571         0.9261833240        -1.6382476689
        1.2000027000         2.1700000000         1.2765834840         0.9236314466        -1.5717603447
        1.2050018000         2.1700000000         1.2791358108         0.9159758142        -1.5052730205
        1.2100024000         2.1700000000         1.2867927914         0.9159758142        -1.3058110478
        1.2150029000         2.1700000000         1.2791358108         0.9032164269        -1.5052730205
        1.2200017000         2.1700000000         1.2740311571         0.9032164269        -1.6382476689
        1.2250029000         2.1700000000         1.2791358108         0.8904570396        -1.5052730205
        1.2300017000         2.1700000000         1.2816881377         0.8930089170        -1.4387856963
        1.2350026000         2.1700000000         1.2663741766         0.8725938974        -1.8377096416
        1.2400021000         2.1700000000         1.2714788303         0.8700420199        -1.7047349932
        1.2450019000         2.1700000000         1.2663741766         0.8598345101        -1.8377096416
        1.2500015000         2.1700000000         1.2842404646         0.8674901425        -1.3722983720
        1.2550022000         2.1700000000         1.2740311571         0.8547307552        -1.6382476689
        1.2600022000         2.1700000000         1.2689265034         0.8470751228        -1.7712223174
        1.2650027000         2.1700000000         1.2740311571         0.8470751228        -1.6382476689
        1.2700032000         2.1700000000         1.2740311571         0.8343157355        -1.6382476689
        1.2750019000         2.1700000000         1.2765834840         0.8343157355        -1.5717603447
        1.2800020000         2.1700000000         1.2791358108         0.8266601031        -1.5052730205
        1.2850016000         2.1700000000         1.2740311571         0.8215563482        -1.6382476689
        1.2900016000         2.1700000000         1.2765834840         0.8087969609        -1.5717603447
        1.2950030000         2.1700000000         1.2740311571         0.8087969609        -1.6382476689
        1.3000035000         2.1700000000         1.2714788303         0.7934856961        -1.7047349932
        1.3050032000         2.1700000000         1.2714788303         0.7807263088        -1.7047349932
        1.3100026000         2.1700000000         1.2663741766         0.7756225539        -1.8377096416
        1.3150024000         2.1700000000         1.2714788303         0.7730706765        -1.7047349932
        1.3200014000         2.1700000000         1.2638218497         0.7705187990        -1.9041969659
        1.3250050000         2.1700000000         1.2740311571         0.7603112892        -1.6382476689
        1.3300025000         2.1700000000         1.2663741766         0.7577594117        -1.8377096416
        1.3350021000         2.1700000000         1.2714788303         0.7424481470        -1.7047349932
        1.3400014000         2.1700000000         1.2638218497         0.7373443920        -1.9041969659
        1.3450030000         2.1700000000         1.2689265034         0.7347925146        -1.7712223174
        1.3500021000         2.1700000000         1.2689265034         0.7296887597        -1.7712223174
        1.3550019000         2.1700000000         1.2765834840         0.7296887597        -1.5717603447
        1.3600060000         2.1700000000         1.2714788303         0.7169293724        -1.7047349932
        1.3650016000         2.1700000000         1.2689265034         0.7067218625        -1.7712223174
        1.3700045000         2.1700000000         1.2791358108         0.6990662302        -1.5052730205
        1.3750042000         2.1700000000         1.2689265034         0.6939624752        -1.7712223174
        1.3800025000         2.1700000000         1.2663741766         0.6863068429        -1.8377096416
        1.3850027000         2.1700000000         1.2740311571         0.6837549654        -1.6382476689
        1.3900019000         2.1700000000         1.2663741766         0.6709955781        -1.8377096416
        1.3950015000         2.1700000000         1.2663741766         0.6633399457        -1.8377096416
        1.4000025000         2.1700000000         1.2638218497         0.6480286810        -1.9041969659
        1.4050020000         2.1700000000         1.2587171960         0.6454768035        -2.0371716143
        1.4100019000         2.1700000000         1.2663741766         0.6505805584        -1.8377096416
        1.4150015000         2.1700000000         1.2663741766         0.6403730486        -1.8377096416
        1.4200024000         2.1700000000         1.2587171960         0.6250617838        -2.0371716143
        1.4250017000         2.1700000000         1.2689265034         0.6174061515        -1.7712223174
        1.4300028000         2.1700000000         1.2689265034         0.6199580289        -1.7712223174
        1.4350018000         2.1700000000         1.2612695229         0.6097505191        -1.9706842901
        1.4400020000         2.1700000000         1.2612695229         0.5918873769        -1.9706842901
        1.4450014000         2.1700000000         1.2561648691         0.5867836220        -2.1036589385
        1.4500015000         2.1700000000         1.2638218497         0.5893354994        -1.9041969659
        1.4550020000         2.1700000000         1.2612695229         0.5714723572        -1.9706842901
        1.4600022000         2.1700000000         1.2612695229         0.5638167248        -1.9706842901
        1.4650016000         2.1700000000         1.2663741766         0.5612648474        -1.8377096416
        1.4700023000         2.1700000000         1.2612695229         0.5536092150        -1.9706842901
        1.4750016000         2.1700000000         1.2638218497         0.5485054601        -1.9041969659
        1.4800021000         2.1700000000         1.2587171960         0.5331941953        -2.0371716143
        1.4850026000         2.1700000000         1.2714788303         0.5357460728        -1.7047349932
        1.4900025000         2.1700000000         1.2510602154         0.5229866855        -2.2366335870
        1.4950020000         2.1700000000         1.2638218497         0.5127791757        -1.9041969659
        1.5000014000         2.1700000000         1.2612695229         0.5076754207        -1.9706842901
        1.5050013000         2.1700000000         1.2638218497         0.5000197884        -1.9041969659
        1.5100026000         2.1700000000         1.2561648691         0.4872604011        -2.1036589385
        1.5150016000         2.1700000000         1.2612695229         0.4847085236        -1.9706842901
        1.5200017000         2.1700000000         1.2638218497         0.4770528912        -1.9041969659
        1.5250015000         2.1700000000         1.2638218497         0.4719491363        -1.9041969659
        1.5300011000         2.1700000000         1.2459555617         0.4693972588        -2.3696082354
        1.5350017000         2.1700000000         1.2536125423         0.4591897490        -2.1701462628
        1.5400012000         2.1700000000         1.2638218497         0.4489822392        -1.9041969659
        1.5450037000         2.1700000000         1.2561648691         0.4362228519        -2.1036589385
        1.5500035000         2.1700000000         1.2587171960         0.4285672195        -2.0371716143
        1.5550047000         2.1700000000         1.2612695229         0.4260153420        -1.9706842901
        1.5600033000         2.1700000000         1.2638218497         0.4107040773        -1.9041969659
        1.5650073000         2.1700000000         1.2740311571         0.4158078322        -1.6382476689
        1.5700029000         2.1700000000         1.2561648691         0.4056003224        -2.1036589385
        1.5750038000         2.1700000000         1.2638218497         0.3928409351        -1.9041969659
        1.5800043000         2.1700000000         1.2638218497         0.3851853027        -1.9041969659
        1.5850038000         2.1700000000         1.2689265034         0.3877371802        -1.7712223174
        1.5900029000         2.1700000000         1.2612695229         0.3673221605        -1.9706842901
        1.5950021000         2.1700000000         1.2663741766         0.3724259154        -1.8377096416
        1.6000012000         2.1700000000         1.2510602154         0.3622184056        -2.2366335870
        1.6050029000         2.1700000000         1.2587171960         0.3494590183        -2.0371716143
        1.6100017000         2.1700000000         1.2638218497         0.3392515084        -1.9041969659
        1.6150016000         2.1700000000         1.2638218497         0.3315958761        -1.9041969659
        1.6200018000         2.1700000000         1.2663741766         0.3239402437        -1.8377096416
        1.6250015000         2.1700000000         1.2612695229         0.3188364888        -1.9706842901
        1.6300025000         2.1700000000         1.2638218497         0.3111808564        -1.9041969659
        1.6350050000         2.1700000000         1.2536125423         0.2958695916        -2.1701462628
        1.6400021000         2.1700000000         1.2587171960         0.2882139593        -2.0371716143
        1.6450040000         2.1700000000         1.2485078886         0.2882139593        -2.3031209112
        1.6500016000         2.1700000000         1.2612695229         0.2805583269        -1.9706842901
        1.6550040000         2.1700000000         1.2638218497         0.2754545720        -1.9041969659
        1.6600025000         2.1700000000         1.2536125423         0.2575914298        -2.1701462628
        1.6650013000         2.1700000000         1.2612695229         0.2575914298        -1.9706842901
        1.6700021000         2.1700000000         1.2689265034         0.2524876748        -1.7712223174
        1.6750013000         2.1700000000         1.2638218497         0.2473839199        -1.9041969659
        1.6800011000         2.1700000000         1.2587171960         0.2320726552        -2.0371716143
        1.6850023000         2.1700000000         1.2689265034         0.2295207777        -1.7712223174
        1.6900014000         2.1700000000         1.2587171960         0.2167613904        -2.0371716143
        1.6950015000         2.1700000000         1.2561648691         0.2014501257        -2.1036589385
        1.7000025000         2.1700000000         1.2561648691         0.1937944933        -2.1036589385
        1.7050020000         2.1700000000         1.2510602154         0.1861388609        -2.2366335870
        1.7100021000         2.1700000000         1.2536125423         0.1759313511        -2.1701462628
        1.7150031000         2.1700000000         1.2536125423         0.1682757187        -2.1701462628
        1.7200011000         2.1700000000         1.2587171960         0.1631719638        -2.0371716143
        1.7250024000         2.1700000000         1.2663741766         0.1657238412        -1.8377096416
        1.7300012000         2.1700000000         1.2587171960         0.1555163314        -2.0371716143
        1.7350012000         2.1700000000         1.2561648691         0.1427569441        -2.1036589385
        1.7400011000         2.1700000000         1.2663741766         0.1351013117        -1.8377096416
        1.7450030000         2.1700000000         1.2561648691         0.1248938019        -2.1036589385
        1.7500012000         2.1700000000         1.2612695229         0.1223419244        -1.9706842901
        1.7550012000         2.1700000000         1.2561648691         0.1121344146        -2.1036589385
        1.7600034000         2.1700000000         1.2510602154         0.1019269048        -2.2366335870
        1.7650029000         2.1700000000         1.2612695229         0.0942712724        -1.9706842901
        1.7700026000         2.1700000000         1.2587171960         0.0840637625        -2.0371716143
        1.7750018000         2.1700000000         1.2638218497         0.0815118851        -1.9041969659
        1.7800055000         2.1700000000         1.2612695229         0.0636487429        -1.9706842901
        1.7850019000         2.1700000000         1.2638218497         0.0662006203        -1.9041969659
        1.7900023000         2.1700000000         1.2587171960         0.0508893556        -2.0371716143
        1.7950035000         2.1700000000         1.2587171960         0.0406818457        -2.0371716143
        1.8000024000         2.1700000000         1.2536125423         0.0253705810        -2.1701462628
        1.8050030000         2.1700000000         1.2536125423         0.0177149486        -2.1701462628
        1.8100012000         2.1700000000         1.2561648691         0.0177149486        -2.1036589385
        1.8150014000         2.1700000000         1.2587171960         0.0151630711        -2.0371716143
        1.8200011000         2.1700000000         1.2663741766         0.0049555613        -1.8377096416
        1.8250029000         2.1700000000         1.2714788303         0.0075074388        -1.7047349932
        1.8300021000         2.1700000000         1.2561648691        -0.0001481936        -2.1036589385
        1.8350027000         2.1700000000         1.2587171960         0.0024036839        -2.0371716143
        1.8400025000         2.1700000000         1.2612695229         0.0075074388        -1.9706842901
        1.8450014000         2.1700000000         1.2638218497         0.0075074388        -1.9041969659
        1.8500017000         2.1700000000         1.2561648691        -0.0001481936        -2.1036589385
        1.8550012000         2.1700000000         1.2536125423         0.0024036839        -2.1701462628
        1.8600012000         2.1700000000         1.2663741766         0.0075074388        -1.8377096416
        1.8650011000         2.1700000000         1.2536125423        -0.0001481936        -2.1701462628
        1.8700019000         2.1700000000         1.2587171960        -0.0001481936        -2.0371716143
        1.8750011000         2.1700000000         1.2587171960         0.0024036839        -2.0371716143
        1.8800010000         2.1700000000         1.2561648691         0.0075074388        -2.1036589385
        1.8850033000         2.1700000000         1.2536125423         0.0024036839        -2.1701462628
        1.8900022000         2.1700000000         1.2587171960         0.0024036839        -2.0371716143
        1.8950015000         2.1700000000         1.2561648691         0.0126111937        -2.1036589385
        1.9000013000         2.1700000000         1.2510602154         1.1048147461        -2.2366335870
        1.9050012000         2.1700000000         1.2485078886         1.1099185011        -2.3031209112
        1.9100029000         2.1700000000         1.2638218497         1.1150222560        -1.9041969659
        1.9150012000         2.1700000000         1.2510602154         1.1175741334        -2.2366335870
        1.9200021000         2.1700000000         1.2459555617         1.1124703785        -2.3696082354
        1.9250012000         2.1700000000         1.2510602154         1.1124703785        -2.2366335870
        1.9300013000         2.1700000000         1.2510602154         4.9785647289        -2.2366335870
        1.9350011000         2.1700000000         1.2561648691         5.0066353810        -2.1036589385
        1.9400018000         2.1700000000         1.2536125423         5.0015316260        -2.1701462628
        1.9450012000         2.1700000000         1.2536125423         4.9989797486        -2.1701462628
        1.9500011000         2.1700000000         1.2485078886         4.9989797486        -2.3031209112
        1.9550011000         2.1700000000         1.2561648691         5.0091872584        -2.1036589385
        1.9600010000         2.1700000000         1.2740311571         5.0142910133        -1.6382476689
        1.9650011000         2.1700000000         1.2689265034         5.0117391359        -1.7712223174
        1.9700023000         2.1700000000         1.2536125423         5.0015316260        -2.1701462628
        1.9750017000         2.1700000000         1.2587171960         4.9989797486        -2.0371716143
        1.9800026000         2.1700000000         1.2536125423         5.0091872584        -2.1701462628
        1.9850013000         2.1700000000         1.2561648691         5.0066353810        -2.1036589385
        1.9900033000         2.1700000000         1.2663741766         5.0117391359        -1.8377096416
        1.9950022000         2.1700000000         1.2638218497         5.0142910133        -1.9041969659
        2.0000013000         2.1700000000         1.2612695229         5.0066353810        -1.9706842901
        2.0050010000         2.1700000000         1.2638218497         5.0117391359        -1.9041969659
        2.0100026000         2.1700000000         1.2612695229         5.0015316260        -1.9706842901
        2.0150017000         2.1700000000         1.2638218497         4.9964278711        -1.9041969659
        2.0200013000         2.1700000000         1.2612695229         4.9887722387        -1.9706842901
        2.0250019000         2.1700000000         1.2714788303         4.9836684838        -1.7047349932
        2.0300013000         2.1700000000         1.2663741766         4.9760128515        -1.8377096416
        2.0350022000         2.1700000000         1.2638218497         4.9709090965        -1.9041969659
        2.0400011000         2.1700000000         1.2638218497         4.9555978318        -1.9041969659
        2.0450022000         2.1700000000         1.2740311571         4.9555978318        -1.6382476689
        2.0500013000         2.1700000000         1.2714788303         4.9428384445        -1.7047349932
        2.0550063000         2.1700000000         1.2638218497         4.9377346896        -1.9041969659
        2.0600032000         2.1700000000         1.2663741766         4.9249753023        -1.8377096416
        2.0650013000         2.1700000000         1.2689265034         4.9275271797        -1.7712223174
        2.0700012000         2.1700000000         1.2689265034         4.9122159150        -1.7712223174
        2.0750019000         2.1700000000         1.2587171960         4.9045602826        -2.0371716143
        2.0800010000         2.1700000000         1.2561648691         4.8866971404        -2.1036589385
        2.0850020000         2.1700000000         1.2612695229         4.8815933855        -1.9706842901
        2.0900011000         2.1700000000         1.2638218497         4.8790415080        -1.9041969659
        2.0950011000         2.1700000000         1.2689265034         4.8764896306        -1.7712223174
        2.1000010000         2.1700000000         1.2689265034         4.8713858756        -1.7712223174
        2.1050025000         2.1700000000         1.2714788303         4.8560746109        -1.7047349932
        2.1100013000         2.1700000000         1.2638218497         4.8484189785        -1.9041969659
        2.1150011000         2.1700000000         1.2689265034         4.8433152236        -1.7712223174
        2.1200021000         2.1700000000         1.2612695229         4.8356595912        -1.9706842901
        2.1250011000         2.1700000000         1.2638218497         4.8305558363        -1.9041969659
        2.1300012000         2.1700000000         1.2612695229         4.8177964490        -1.9706842901
        2.1350025000         2.1700000000         1.2663741766         4.8101408166        -1.8377096416
        2.1400020000         2.1700000000         1.2485078886         4.7948295519        -2.3031209112
        2.1450012000         2.1700000000         1.2561648691         4.7871739195        -2.1036589385
        2.1500062000         2.1700000000         1.2536125423         4.7769664097        -2.1701462628
        2.1550012000         2.1700000000         1.2561648691         4.7693107773        -2.1036589385
        2.1600021000         2.1700000000         1.2561648691         4.7616551449        -2.1036589385
        2.1650012000         2.1700000000         1.2612695229         4.7616551449        -1.9706842901
        2.1700032000         2.1700000000         1.2587171960         4.7565513900        -2.0371716143
        2.1750017000         2.1700000000         1.2663741766         4.7463438801        -1.8377096416
        2.1800017000         2.1700000000         1.2587171960         4.7361363703        -2.0371716143
        2.1850011000         2.1700000000         1.2536125423         4.7208251056        -2.1701462628
        2.1900021000         2.1700000000         1.2561648691         4.7157213506        -2.1036589385
        2.1950019000         2.1700000000         1.2459555617         4.7055138408        -2.3696082354
        2.2000015000         2.1700000000         1.2638218497         4.7055138408        -1.9041969659
        2.2050011000         2.1700000000         1.2510602154         4.6953063310        -2.2366335870
        2.2100029000         2.1700000000         1.2638218497         4.6902025760        -1.9041969659
        2.2150018000         2.1700000000         1.2638218497         4.6876506986        -1.9041969659
        2.2200013000         2.1700000000         1.2561648691         4.6697875564        -2.1036589385
        2.2250011000         2.1700000000         1.2536125423         4.6570281691        -2.1701462628
        2.2300010000         2.1700000000         1.2536125423         4.6493725367        -2.1701462628
        2.2350029000         2.1700000000         1.2612695229         4.6544762916        -1.9706842901
        2.2400022000         2.1700000000         1.2587171960         4.6391650269        -2.0371716143
        2.2450032000         2.1700000000         1.2638218497         4.6366131494        -1.9041969659
        2.2500038000         2.1700000000         1.2510602154         4.6187500072        -2.2366335870
        2.2550024000         2.1700000000         1.2587171960         4.6161981297        -2.0371716143
        2.2600022000         2.1700000000         1.2638218497         4.6085424974        -1.9041969659
        2.2650017000         2.1700000000         1.2561648691         4.5983349875        -2.1036589385
        2.2700011000         2.1700000000         1.2408509080         4.5881274777        -2.5025828839
        2.2750013000         2.1700000000         1.2382985811         4.5779199678        -2.5690702081
        2.2800012000         2.1700000000         1.2587171960         4.5753680904        -2.0371716143
        2.2850012000         2.1700000000         1.2587171960         4.5626087031        -2.0371716143
        2.2900010000         2.1700000000         1.2561648691         4.5575049482        -2.1036589385
        2.2950025000         2.1700000000         1.2587171960         4.5472974383        -2.0371716143
        2.3000013000         2.1700000000         1.2587171960         4.5396418060        -2.0371716143
        2.3050015000         2.1700000000         1.2561648691         4.5268824187        -2.1036589385
        2.3100011000         2.1700000000         1.2612695229         4.5217786637        -1.9706842901
        2.3150011000         2.1700000000         1.2638218497         4.5141230314        -1.9041969659
        2.3200023000         2.1700000000         1.2638218497         4.5090192765        -1.9041969659
        2.3250023000         2.1700000000         1.2561648691         4.4988117666        -2.1036589385
        2.3300011000         2.1700000000         1.2689265034         4.5013636441        -1.7712223174
        2.3350031000         2.1700000000         1.2587171960         4.4835005019        -2.0371716143
        2.3400022000         2.1700000000         1.2663741766         4.4783967469        -1.8377096416
        2.3450017000         2.1700000000         1.2689265034         4.4758448695        -1.7712223174
        2.3500011000         2.1700000000         1.2587171960         4.4681892371        -2.0371716143
        2.3550018000         2.1700000000         1.2638218497         4.4554298498        -1.9041969659
        2.3600013000         2.1700000000         1.2612695229         4.4503260949        -1.9706842901
        2.3650056000         2.1700000000         1.2638218497         4.4401185851        -1.9041969659
        2.3700025000         2.1700000000         1.2510602154         4.4248073203        -2.2366335870
        2.3750017000         2.1700000000         1.2561648691         4.4197035654        -2.1036589385
        2.3800027000         2.1700000000         1.2663741766         4.4145998105        -1.8377096416
        2.3850038000         2.1700000000         1.2663741766         4.4145998105        -1.8377096416
        2.3900025000         2.1700000000         1.2689265034         4.4094960556        -1.7712223174
        2.3950011000         2.1700000000         1.2587171960         4.3941847908        -2.0371716143
        2.4000010000         2.1700000000         1.2561648691         4.3788735260        -2.1036589385
        2.4050016000         2.1700000000         1.2587171960         4.3788735260        -2.0371716143
        2.4100013000         2.1700000000         1.2612695229         4.3686660162        -1.9706842901
        2.4150029000         2.1700000000         1.2587171960         4.3610103838        -2.0371716143
        2.4200021000         2.1700000000         1.2663741766         4.3533547515        -1.8377096416
        2.4250025000         2.1700000000         1.2587171960         4.3380434867        -2.0371716143
        2.4300012000         2.1700000000         1.2587171960         4.3303878543        -2.0371716143
        2.4350016000         2.1700000000         1.2638218497         4.3303878543        -1.9041969659
        2.4400011000         2.1700000000         1.2714788303         4.3252840994        -1.7047349932
        2.4450010000         2.1700000000         1.2663741766         4.3227322219        -1.8377096416
        2.4500024000         2.1700000000         1.2663741766         4.3074209572        -1.8377096416
        2.4550012000         2.1700000000         1.2638218497         4.3023172023        -1.9041969659
        2.4600015000         2.1700000000         1.2638218497         4.2972134474        -1.9041969659
        2.4650012000         2.1700000000         1.2638218497         4.2895578150        -1.9041969659
        2.4700018000         2.1700000000         1.2638218497         4.2793503051        -1.9041969659
        2.4750014000         2.1700000000         1.2612695229         4.2742465502        -1.9706842901
        2.4800017000         2.1700000000         1.2663741766         4.2691427953        -1.8377096416
        2.4850016000         2.1700000000         1.2638218497         4.2589352855        -1.9041969659
        2.4900011000         2.1700000000         1.2740311571         4.2563834080        -1.6382476689
        2.4950011000         2.1700000000         1.2740311571         4.2512796531        -1.6382476689
        2.5000011000         2.1700000000         1.2740311571         4.2385202658        -1.6382476689
        2.5050011000         2.1700000000         1.2638218497         4.2308646334        -1.9041969659
        2.5100030000         2.1700000000         1.2714788303         4.2257608785        -1.7047349932
        2.5150024000         2.1700000000         1.2536125423         4.2130014912        -2.1701462628
        2.5200013000         2.1700000000         1.2612695229         4.2078977363        -1.9706842901
        2.5250011000         2.1700000000         1.2587171960         4.1976902265        -2.0371716143
        2.5300020000         2.1700000000         1.2663741766         4.1976902265        -1.8377096416
        2.5350013000         2.1700000000         1.2587171960         4.1874827166        -2.0371716143
        2.5400011000         2.1700000000         1.2689265034         4.1798270842        -1.7712223174
        2.5450022000         2.1700000000         1.2587171960         4.1696195744        -2.0371716143
        2.5500021000         2.1700000000         1.2587171960         4.1594120646        -2.0371716143
        2.5550012000         2.1700000000         1.2587171960         4.1568601871        -2.0371716143
        2.5600017000         2.1700000000         1.2587171960         4.1492045547        -2.0371716143
        2.5650012000         2.1700000000         1.2612695229         4.1441007998        -1.9706842901
        2.5700010000         2.1700000000         1.2536125423         4.1338932900        -2.1701462628
        2.5750025000         2.1700000000         1.2663741766         4.1211339027        -1.8377096416
        2.5800010000         2.1700000000         1.2612695229         4.1211339027        -1.9706842901
        2.5850010000         2.1700000000         1.2740311571         4.1211339027        -1.6382476689
        2.5900010000         2.1700000000         1.2714788303         4.1160301478        -1.7047349932
        2.5950010000         2.1700000000         1.2612695229         4.0981670056        -1.9706842901
        2.6000013000         2.1700000000         1.2638218497         4.0981670056        -1.9041969659
        2.6050011000         2.1700000000         1.2612695229         4.0828557408        -1.9706842901
        2.6100015000         2.1700000000         1.2587171960         4.0752001084        -2.0371716143
        2.6150010000         2.1700000000         1.2561648691         4.0726482310        -2.1036589385
        2.6200024000         2.1700000000         1.2587171960         4.0649925986        -2.0371716143
        2.6250021000         2.1700000000         1.2612695229         4.0573369662        -1.9706842901
        2.6300020000         2.1700000000         1.2638218497         4.0573369662        -1.9041969659
        2.6350029000         2.1700000000         1.2663741766         4.0420257015        -1.8377096416
        2.6400021000         2.1700000000         1.2638218497         4.0369219465        -1.9041969659
        2.6450012000         2.1700000000         1.2612695229         4.0216106818        -1.9706842901
        2.6500038000         2.1700000000         1.2612695229         4.0190588043        -1.9706842901
        2.6550026000         2.1700000000         1.2561648691         4.0062994170        -2.1036589385
        2.6600011000         2.1700000000         1.2561648691         4.0011956621        -2.1036589385
        2.6650011000         2.1700000000         1.2587171960         3.9960919072        -2.0371716143
        2.6700022000         2.1700000000         1.2510602154         3.9909881523        -2.2366335870
        2.6750014000         2.1700000000         1.2612695229         3.9833325199        -1.9706842901
        2.6800012000         2.1700000000         1.2587171960         3.9807806424        -2.0371716143
        2.6850010000         2.1700000000         1.2587171960         3.9603656228        -2.0371716143
        2.6900011000         2.1700000000         1.2561648691         3.9552618679        -2.1036589385
        2.6950010000         2.1700000000         1.2663741766         3.9501581129        -1.8377096416
        2.7000011000         2.1700000000         1.2587171960         3.9476062355        -2.0371716143
        2.7050028000         2.1700000000         1.2638218497         3.9450543580        -1.9041969659
        2.7100022000         2.1700000000         1.2638218497         3.9322949707        -1.9041969659
        2.7150018000         2.1700000000         1.2612695229         3.9297430933        -1.9706842901
        2.7200011000         2.1700000000         1.2714788303         3.9195355834        -1.7047349932
        2.7250012000         2.1700000000         1.2689265034         3.9144318285        -1.7712223174
        2.7300013000         2.1700000000         1.2689265034         3.9067761961        -1.7712223174
        2.7350013000         2.1700000000         1.2740311571         3.9016724412        -1.6382476689
        2.7400010000         2.1700000000         1.2740311571         3.8914649314        -1.6382476689
        2.7450025000         2.1700000000         1.2689265034         3.8838092990        -1.7712223174
        2.7500013000         2.1700000000         1.2663741766         3.8736017892        -1.8377096416
        2.7550011000         2.1700000000         1.2587171960         3.8633942793        -2.0371716143
        2.7600025000         2.1700000000         1.2689265034         3.8582905244        -1.7712223174
        2.7650014000         2.1700000000         1.2638218497         3.8506348920        -1.9041969659
        2.7700020000         2.1700000000         1.2612695229         3.8429792597        -1.9706842901
        2.7750011000         2.1700000000         1.2714788303         3.8429792597        -1.7047349932
        2.7800016000         2.1700000000         1.2663741766         3.8276679949        -1.8377096416
        2.7850012000         2.1700000000         1.2689265034         3.8225642400        -1.7712223174
        2.7900010000         2.1700000000         1.2689265034         3.8174604851        -1.7712223174
        2.7950030000         2.1700000000         1.2663741766         3.8098048527        -1.8377096416
        2.8000024000         2.1700000000         1.2714788303         3.8021492203        -1.7047349932
        2.8050014000         2.1700000000         1.2689265034         3.7944935879        -1.7712223174
        2.8100023000         2.1700000000         1.2714788303         3.7919417105        -1.7047349932
        2.8150013000         2.1700000000         1.2638218497         3.7791823232        -1.9041969659
        2.8200010000         2.1700000000         1.2638218497         3.7715266908        -1.9041969659
        2.8250010000         2.1700000000         1.2663741766         3.7638710584        -1.8377096416
        2.8300020000         2.1700000000         1.2638218497         3.7536635486        -1.9041969659
        2.8350013000         2.1700000000         1.2663741766         3.7511116711        -1.8377096416
        2.8400018000         2.1700000000         1.2638218497         3.7485597937        -1.9041969659
        2.8450013000         2.1700000000         1.2663741766         3.7332485289        -1.8377096416
        2.8500019000         2.1700000000         1.2612695229         3.7306966515        -1.9706842901
        2.8550013000         2.1700000000         1.2638218497         3.7153853867        -1.9041969659
        2.8600023000         2.1700000000         1.2561648691         3.7153853867        -2.1036589385
        2.8650012000         2.1700000000         1.2561648691         3.7000741219        -2.1036589385
        2.8700012000         2.1700000000         1.2382985811         3.6924184896        -2.5690702081
        2.8750012000         2.1700000000         1.2714788303         3.6949703670        -1.7047349932
        2.8800011000         2.1700000000         1.2638218497         3.6898666121        -1.9041969659
        2.8850027000         2.1700000000         1.2612695229         3.6694515924        -1.9706842901
        2.8900017000         2.1700000000         1.2612695229         3.6643478375        -1.9706842901
        2.8950011000         2.1700000000         1.2612695229         3.6566922051        -1.9706842901
        2.9000011000         2.1700000000         1.2612695229         3.6490365728        -1.9706842901
        2.9050011000         2.1700000000         1.2663741766         3.6490365728        -1.8377096416
        2.9100032000         2.1700000000         1.2714788303         3.6490365728        -1.7047349932
        2.9150029000         2.1700000000         1.2536125423         3.6337253080        -2.1701462628
        2.9200018000         2.1700000000         1.2612695229         3.6311734306        -1.9706842901
        2.9250012000         2.1700000000         1.2740311571         3.6184140433        -1.6382476689
        2.9300023000         2.1700000000         1.2663741766         3.6107584109        -1.8377096416
        2.9350013000         2.1700000000         1.2663741766         3.6031027785        -1.8377096416
        2.9400023000         2.1700000000         1.2638218497         3.5979990236        -1.9041969659
        2.9450017000         2.1700000000         1.2740311571         3.5954471461        -1.6382476689
        2.9500014000         2.1700000000         1.2663741766         3.5877915138        -1.8377096416
        2.9550011000         2.1700000000         1.2740311571         3.5750321265        -1.6382476689
        2.9600010000         2.1700000000         1.2561648691         3.5597208617        -2.1036589385
        2.9650019000         2.1700000000         1.2638218497         3.5597208617        -1.9041969659
        2.9700013000         2.1700000000         1.2561648691         3.5469614744        -2.1036589385
        2.9750011000         2.1700000000         1.2663741766         3.5469614744        -1.8377096416
        2.9800087000         2.1700000000         1.2587171960         3.5367539646        -2.0371716143
        2.9850046000         2.1700000000         1.2587171960         3.5265464547        -2.0371716143
        2.9900035000         2.1700000000         1.2587171960         3.5239945773        -2.0371716143
        2.9950030000         2.1700000000         1.2663741766         3.5163389449        -1.8377096416
        3.0000031000         2.1700000000         1.2612695229         3.5061314351        -1.9706842901
        3.0050040000         2.1700000000         1.2638218497         3.5035795576        -1.9041969659
        3.0100062000         2.1700000000         1.2663741766         3.4908201703        -1.8377096416
        3.0150062000         2.1700000000         1.2689265034         3.4933720478        -1.7712223174
        3.0200019000         2.1700000000         1.2612695229         3.4806126605        -1.9706842901
        3.0250014000         2.1700000000         1.2587171960         3.4653013957        -2.0371716143
        3.0300010000         2.1700000000         1.2638218497         3.4704051506        -1.9041969659
        3.0350020000         2.1700000000         1.2612695229         3.4576457633        -1.9706842901
        3.0400011000         2.1700000000         1.2638218497         3.4576457633        -1.9041969659
        3.0450030000         2.1700000000         1.2638218497         3.4423344986        -1.9041969659
        3.0500016000         2.1700000000         1.2638218497         3.4295751113        -1.9041969659
        3.0550013000         2.1700000000         1.2536125423         3.4193676015        -2.1701462628
        3.0600023000         2.1700000000         1.2612695229         3.4168157240        -1.9706842901
        3.0650030000         2.1700000000         1.2714788303         3.4168157240        -1.7047349932
        3.0700024000         2.1700000000         1.2663741766         3.4066082142        -1.8377096416
        3.0750095000         2.1700000000         1.2612695229         3.3887450720        -1.9706842901
        3.0800012000         2.1700000000         1.2587171960         3.3887450720        -2.0371716143
        3.0850011000         2.1700000000         1.2561648691         3.3734338072        -2.1036589385
        3.0900010000         2.1700000000         1.2689265034         3.3759856847        -1.7712223174
        3.0950010000         2.1700000000         1.2740311571         3.3734338072        -1.6382476689
        3.1000011000         2.1700000000         1.2714788303         3.3632262974        -1.7047349932
        3.1050013000         2.1700000000         1.2689265034         3.3606744199        -1.7712223174
        3.1100011000         2.1700000000         1.2663741766         3.3504669101        -1.8377096416
        3.1150016000         2.1700000000         1.2587171960         3.3377075228        -2.0371716143
        3.1200011000         2.1700000000         1.2612695229         3.3275000129        -1.9706842901
        3.1250011000         2.1700000000         1.2434032349         3.3172925031        -2.4360955597
        3.1300010000         2.1700000000         1.2663741766         3.3147406256        -1.8377096416
        3.1350023000         2.1700000000         1.2638218497         3.3070849933        -1.9041969659
        3.1400015000         2.1700000000         1.2587171960         3.2892218510        -2.0371716143
        3.1450012000         2.1700000000         1.2663741766         3.3019812383        -1.8377096416
        3.1500011000         2.1700000000         1.2689265034         3.2866699736        -1.7712223174
        3.1550018000         2.1700000000         1.2689265034         3.2866699736        -1.7712223174
        3.1600013000         2.1700000000         1.2638218497         3.2713587088        -1.9041969659
        3.1650019000         2.1700000000         1.2663741766         3.2688068314        -1.8377096416
        3.1700022000         2.1700000000         1.2638218497         3.2560474441        -1.9041969659
        3.1750025000         2.1700000000         1.2587171960         3.2432880568        -2.0371716143
        3.1800013000         2.1700000000         1.2612695229         3.2432880568        -1.9706842901
        3.1850012000         2.1700000000         1.2612695229         3.2356324244        -1.9706842901
        3.1900011000         2.1700000000         1.2612695229         3.2305286695        -1.9706842901
        3.1950020000         2.1700000000         1.2663741766         3.2254249146        -1.8377096416
        3.2000052000         2.1700000000         1.2638218497         3.2075617724        -1.9041969659
        3.2050011000         2.1700000000         1.2663741766         3.2101136498        -1.8377096416
        3.2100010000         2.1700000000         1.2561648691         3.1922505076        -2.1036589385
        3.2150011000         2.1700000000         1.2536125423         3.1820429978        -2.1701462628
        3.2200010000         2.1700000000         1.2638218497         3.1896986301        -1.9041969659
        3.2250011000         2.1700000000         1.2663741766         3.1743873654        -1.8377096416
        3.2300033000         2.1700000000         1.2740311571         3.1743873654        -1.6382476689
        3.2350022000         2.1700000000         1.2612695229         3.1590761006        -1.9706842901
        3.2400022000         2.1700000000         1.2612695229         3.1463167133        -1.9706842901
        3.2450012000         2.1700000000         1.2689265034         3.1539723457        -1.7712223174
        3.2500015000         2.1700000000         1.2663741766         3.1412129584        -1.8377096416
        3.2550010000         2.1700000000         1.2689265034         3.1335573261        -1.7712223174
        3.2600022000         2.1700000000         1.2689265034         3.1259016937        -1.7712223174
        3.2650024000         2.1700000000         1.2612695229         3.1259016937        -1.9706842901
        3.2700012000         2.1700000000         1.2791358108         3.1182460613        -1.5052730205
        3.2750011000         2.1700000000         1.2740311571         3.1080385515        -1.6382476689
        3.2800018000         2.1700000000         1.2587171960         3.0927272867        -2.0371716143
        3.2850014000         2.1700000000         1.2689265034         3.0876235318        -1.7712223174
        3.2900011000         2.1700000000         1.2638218497         3.0850716543        -1.9041969659
        3.2950022000         2.1700000000         1.2714788303         3.0774160220        -1.7047349932
        3.3000017000         2.1700000000         1.2663741766         3.0697603896        -1.8377096416
        3.3050012000         2.1700000000         1.2714788303         3.0697603896        -1.7047349932
        3.3100017000         2.1700000000         1.2587171960         3.0493453699        -2.0371716143
        3.3150011000         2.1700000000         1.2714788303         3.0467934924        -1.7047349932
        3.3200011000         2.1700000000         1.2689265034         3.0391378601        -1.7712223174
        3.3250021000         2.1700000000         1.2612695229         3.0289303502        -1.9706842901
        3.3300011000         2.1700000000         1.2740311571         3.0340341051        -1.6382476689
        3.3350017000         2.1700000000         1.2663741766         3.0161709629        -1.8377096416
        3.3400035000         2.1700000000         1.2765834840         3.0161709629        -1.5717603447
        3.3450013000         2.1700000000         1.2791358108         3.0136190855        -1.5052730205
        3.3500014000         2.1700000000         1.2612695229         3.0008596982        -1.9706842901
        3.3550013000         2.1700000000         1.2714788303         2.9983078207        -1.7047349932
        3.3600011000         2.1700000000         1.2714788303         2.9906521883        -1.7047349932
        3.3650068000         2.1700000000         1.2765834840         2.9778928011        -1.5717603447
        3.3700042000         2.1700000000         1.2714788303         2.9727890461        -1.7047349932
        3.3750018000         2.1700000000         1.2663741766         2.9727890461        -1.8377096416
        3.3800011000         2.1700000000         1.2765834840         2.9651334138        -1.5717603447
        3.3850035000         2.1700000000         1.2765834840         2.9549259039        -1.5717603447
        3.3900026000         2.1700000000         1.2740311571         2.9549259039        -1.6382476689
        3.3950013000         2.1700000000         1.2638218497         2.9345108842        -1.9041969659
        3.4000010000         2.1700000000         1.2740311571         2.9345108842        -1.6382476689
        3.4050017000         2.1700000000         1.2765834840         2.9294071293        -1.5717603447
        3.4100014000         2.1700000000         1.2740311571         2.9166477420        -1.6382476689
        3.4150017000         2.1700000000         1.2638218497         2.9115439871        -1.9041969659
        3.4200025000         2.1700000000         1.2663741766         2.9089921097        -1.8377096416
        3.4250013000         2.1700000000         1.2740311571         2.9089921097        -1.6382476689
        3.4300011000         2.1700000000         1.2714788303         2.9013364773        -1.7047349932
        3.4350011000         2.1700000000         1.2740311571         2.8911289674        -1.6382476689
        3.4400010000         2.1700000000         1.2740311571         2.8885770900        -1.6382476689
        3.4450011000         2.1700000000         1.2740311571         2.8783695801        -1.6382476689
        3.4500012000         2.1700000000         1.2638218497         2.8681620703        -1.9041969659
        3.4550590000         2.1700000000         1.2714788303         2.8605064379        -1.7047349932
        3.4600029000         2.1700000000         1.2689265034         2.8579545605        -1.7712223174
        3.4650011000         2.1700000000         1.2714788303         2.8502989281        -1.7047349932
        3.4700018000         2.1700000000         1.2536125423         2.8426432957        -2.1701462628
        3.4750031000         2.1700000000         1.2638218497         2.8298839084        -1.9041969659
        3.4800022000         2.1700000000         1.2689265034         2.8222282761        -1.7712223174
        3.4850012000         2.1700000000         1.2689265034         2.8247801535        -1.7712223174
        3.4900019000         2.1700000000         1.2689265034         2.8145726437        -1.7712223174
        3.4950011000         2.1700000000         1.2714788303         2.8145726437        -1.7047349932
        3.5000013000         2.1700000000         1.2663741766         2.7967095015        -1.8377096416
        3.5050010000         2.1700000000         1.2638218497         2.7967095015        -1.9041969659
        3.5100018000         2.1700000000         1.2765834840         2.7916057465        -1.5717603447
        3.5150013000         2.1700000000         1.2791358108         2.7890538691        -1.5052730205
        3.5200013000         2.1700000000         1.2714788303         2.7762944818        -1.7047349932
        3.5250010000         2.1700000000         1.2612695229         2.7635350945        -1.9706842901
        3.5300010000         2.1700000000         1.2587171960         2.7584313396        -2.0371716143
        3.5350011000         2.1700000000         1.2587171960         2.7507757072        -2.0371716143
        3.5400013000         2.1700000000         1.2689265034         2.7405681974        -1.7712223174
        3.5450028000         2.1700000000         1.2714788303         2.7482238297        -1.7047349932
        3.5500020000         2.1700000000         1.2765834840         2.7405681974        -1.5717603447
        3.5550013000         2.1700000000         1.2714788303         2.7329125650        -1.7047349932
        3.5600027000         2.1700000000         1.2689265034         2.7176013002        -1.7712223174
        3.5650011000         2.1700000000         1.2638218497         2.7048419129        -1.9041969659
        3.5700011000         2.1700000000         1.2714788303         2.7073937904        -1.7047349932
        3.5750016000         2.1700000000         1.2663741766         2.6920825256        -1.8377096416
        3.5800011000         2.1700000000         1.2689265034         2.6946344031        -1.7712223174
        3.5850011000         2.1700000000         1.2740311571         2.6869787707        -1.6382476689
        3.5900010000         2.1700000000         1.2714788303         2.6869787707        -1.7047349932
        3.5950011000         2.1700000000         1.2689265034         2.6793231383        -1.7712223174
        3.6000015000         2.1700000000         1.2714788303         2.6716675060        -1.7047349932
        3.6050010000         2.1700000000         1.2791358108         2.6665637511        -1.5052730205
        3.6100016000         2.1700000000         1.2638218497         2.6512524863        -1.9041969659
        3.6150011000         2.1700000000         1.2791358108         2.6538043638        -1.5052730205
        3.6200021000         2.1700000000         1.2689265034         2.6461487314        -1.7712223174
        3.6250012000         2.1700000000         1.2740311571         2.6308374666        -1.6382476689
        3.6300013000         2.1700000000         1.2638218497         2.6257337117        -1.9041969659
        3.6350025000         2.1700000000         1.2663741766         2.6231818342        -1.8377096416
        3.6400020000         2.1700000000         1.2740311571         2.6180780793        -1.6382476689
        3.6450025000         2.1700000000         1.2689265034         2.6104224470        -1.7712223174
        3.6500013000         2.1700000000         1.2663741766         2.6027668146        -1.8377096416
        3.6550045000         2.1700000000         1.2663741766         2.5849036724        -1.8377096416
        3.6600014000         2.1700000000         1.2663741766         2.5823517949        -1.8377096416
        3.6650011000         2.1700000000         1.2612695229         2.5721442851        -1.9706842901
        3.6700024000         2.1700000000         1.2638218497         2.5619367752        -1.9041969659
        3.6750013000         2.1700000000         1.2638218497         2.5619367752        -1.9041969659
        3.6800011000         2.1700000000         1.2663741766         2.5568330203        -1.8377096416
        3.6850031000         2.1700000000         1.2612695229         2.5466255105        -1.9706842901
        3.6900016000         2.1700000000         1.2689265034         2.5440736330        -1.7712223174
        3.6950012000         2.1700000000         1.2714788303         2.5364180006        -1.7047349932
        3.7000021000         2.1700000000         1.2791358108         2.5338661232        -1.5052730205
        3.7050011000         2.1700000000         1.2663741766         2.5236586133        -1.8377096416
        3.7100023000         2.1700000000         1.2740311571         2.5211067359        -1.6382476689
        3.7150013000         2.1700000000         1.2612695229         2.5083473486        -1.9706842901
        3.7200012000         2.1700000000         1.2689265034         2.5006917162        -1.7712223174
        3.7250009000         2.1700000000         1.2663741766         2.4930360838        -1.8377096416
        3.7300022000         2.1700000000         1.2561648691         2.4828285740        -2.1036589385
        3.7350012000         2.1700000000         1.2587171960         2.4726210642        -2.0371716143
        3.7400015000         2.1700000000         1.2663741766         2.4726210642        -1.8377096416
        3.7450011000         2.1700000000         1.2663741766         2.4675173092        -1.8377096416
        3.7500024000         2.1700000000         1.2714788303         2.4573097994        -1.7047349932
        3.7550011000         2.1700000000         1.2714788303         2.4547579220        -1.7047349932
        3.7600022000         2.1700000000         1.2612695229         2.4394466572        -1.9706842901
        3.7650012000         2.1700000000         1.2663741766         2.4368947797        -1.8377096416
        3.7700017000         2.1700000000         1.2714788303         2.4343429023        -1.7047349932
        3.7750022000         2.1700000000         1.2714788303         2.4317910248        -1.7047349932
        3.7800015000         2.1700000000         1.2765834840         2.4266872699        -1.5717603447
        3.7850030000         2.1700000000         1.2740311571         2.4113760052        -1.6382476689
        3.7900013000         2.1700000000         1.2689265034         2.4088241277        -1.7712223174
        3.7950027000         2.1700000000         1.2689265034         2.3935128629        -1.7712223174
        3.8000014000         2.1700000000         1.2612695229         2.3884091080        -1.9706842901
        3.8050014000         2.1700000000         1.2765834840         2.3884091080        -1.5717603447
        3.8100011000         2.1700000000         1.2740311571         2.3858572306        -1.6382476689
        3.8150016000         2.1700000000         1.2740311571         2.3730978433        -1.6382476689
        3.8200021000         2.1700000000         1.2612695229         2.3577865785        -1.9706842901
        3.8250054000         2.1700000000         1.2612695229         2.3603384560        -1.9706842901
        3.8300012000         2.1700000000         1.2612695229         2.3526828236        -1.9706842901
        3.8350028000         2.1700000000         1.2663741766         2.3424753138        -1.8377096416
        3.8400013000         2.1700000000         1.2740311571         2.3424753138        -1.6382476689
        3.8450010000         2.1700000000         1.2638218497         2.3271640490        -1.9041969659
        3.8500027000         2.1700000000         1.2587171960         2.3220602941        -2.0371716143
        3.8550013000         2.1700000000         1.2612695229         2.3169565392        -1.9706842901
        3.8600011000         2.1700000000         1.2689265034         2.3067490293        -1.7712223174
        3.8650022000         2.1700000000         1.2689265034         2.3041971519        -1.7712223174
        3.8700012000         2.1700000000         1.2536125423         2.2939896420        -2.1701462628
        3.8750016000         2.1700000000         1.2612695229         2.2914377646        -1.9706842901
        3.8800030000         2.1700000000         1.2740311571         2.2888858871        -1.6382476689
        3.8850033000         2.1700000000         1.2740311571         2.2812302547        -1.6382476689
        3.8900042000         2.1700000000         1.2816881377         2.2812302547        -1.4387856963
        3.8950033000         2.1700000000         1.2740311571         2.2735746224        -1.6382476689
        3.9000014000         2.1700000000         1.2791358108         2.2608152351        -1.5052730205
        3.9050017000         2.1700000000         1.2689265034         2.2506077252        -1.7712223174
        3.9100025000         2.1700000000         1.2689265034         2.2455039703        -1.7712223174
        3.9150014000         2.1700000000         1.2740311571         2.2455039703        -1.6382476689
        3.9200032000         2.1700000000         1.2714788303         2.2352964605        -1.7047349932
        3.9250028000         2.1700000000         1.2714788303         2.2276408281        -1.7047349932
        3.9300026000         2.1700000000         1.2740311571         2.2276408281        -1.6382476689
        3.9350048000         2.1700000000         1.2791358108         2.2199851957        -1.5052730205
        3.9400016000         2.1700000000         1.2663741766         2.2072258084        -1.8377096416
        3.9450013000         2.1700000000         1.2816881377         2.2072258084        -1.4387856963
        3.9500014000         2.1700000000         1.2740311571         2.1995701761        -1.6382476689
        3.9550012000         2.1700000000         1.2765834840         2.1868107888        -1.5717603447
        3.9600012000         2.1700000000         1.2612695229         2.1740514015        -1.9706842901
        3.9650011000         2.1700000000         1.2740311571         2.1766032789        -1.6382476689
        3.9700013000         2.1700000000         1.2689265034         2.1714995240        -1.7712223174
        3.9750012000         2.1700000000         1.2816881377         2.1689476465        -1.4387856963
        3.9800011000         2.1700000000         1.2663741766         2.1612920142        -1.8377096416
        3.9850014000         2.1700000000         1.2714788303         2.1485326269        -1.7047349932
        3.9900021000         2.1700000000         1.2638218497         2.1408769945        -1.9041969659
        3.9950014000         2.1700000000         1.2740311571         2.1332213621        -1.6382476689
