% Motor Sweep Step 99/180
% Vcmd       = 3.0000 [V]
% Direction  = CW
% Zone       = DEADZONE
% Vg_offset  = 1.336920 [V]
% K_gimbal   = 26.049690 [(rad/s)/V]

Time[s]              Vcmd[V]              Vg_raw[V]            Pot[V]               Omega[rad/s]
        0.0000095000         3.0000000000         1.3352870017         2.0005237343        -0.0425518875
        0.0050072000         3.0000000000         1.3301823480         1.9928681019        -0.1755265360
        0.0100073000         3.0000000000         1.3378393285         2.0005237343         0.0239354367
        0.0150023000         3.0000000000         1.3378393285         2.0005237343         0.0239354367
        0.0200018000         3.0000000000         1.3429439823         2.0081793666         0.1569100852
        0.0250042000         3.0000000000         1.3480486360         2.0081793666         0.2898847336
        0.0300014000         3.0000000000         1.4348277491         1.9979718568         2.5504537573
        0.0350028000         3.0000000000         1.4246184417         2.0209387539         2.2845044604
        0.0400030000         3.0000000000         1.4118568074         2.0158349990         1.9520678393
        0.0450029000         3.0000000000         1.4348277491         2.0336981412         2.5504537573
        0.0500036000         3.0000000000         1.4348277491         2.0439056511         2.5504537573
        0.0550030000         3.0000000000         1.4246184417         2.0515612834         2.2845044604
        0.0600030000         3.0000000000         1.4475893834         2.0643206707         2.8828903785
        0.0650030000         3.0000000000         1.4399324028         2.0668725482         2.6834284058
        0.0700031000         3.0000000000         1.4373800759         2.0770800580         2.6169410816
        0.0750029000         3.0000000000         1.4501417102         2.0949432002         2.9493777027
        0.0800025000         3.0000000000         1.4577986908         2.1128063424         3.1488396754
        0.0850014000         3.0000000000         1.4475893834         2.1230138523         2.8828903785
        0.0900012000         3.0000000000         1.4577986908         2.1357732396         3.1488396754
        0.0950011000         3.0000000000         1.4552463639         2.1383251170         3.0823523511
        0.1000020000         3.0000000000         1.4603510177         2.1536363818         3.2153269996
        0.1050018000         3.0000000000         1.4577986908         2.1663957691         3.1488396754
        0.1100014000         3.0000000000         1.4629033445         2.1714995240         3.2818143238
        0.1150012000         3.0000000000         1.4756649788         2.1944664211         3.6142509450
        0.1200013000         3.0000000000         1.4629033445         2.2021220535         3.2818143238
        0.1250027000         3.0000000000         1.4577986908         2.2097776859         3.1488396754
        0.1300023000         3.0000000000         1.4782173056         2.2301927056         3.6807382692
        0.1350014000         3.0000000000         1.4603510177         2.2429520929         3.2153269996
        0.1400012000         3.0000000000         1.4705603251         2.2608152351         3.4812762965
        0.1450012000         3.0000000000         1.4731126519         2.2710227449         3.5477636207
        0.1500019000         3.0000000000         1.4731126519         2.2812302547         3.5477636207
        0.1550013000         3.0000000000         1.4782173056         2.2914377646         3.6807382692
        0.1600023000         3.0000000000         1.4782173056         2.3093009068         3.6807382692
        0.1650015000         3.0000000000         1.4731126519         2.3246121715         3.5477636207
        0.1700026000         3.0000000000         1.4858742862         2.3424753138         3.8802002419
        0.1750031000         3.0000000000         1.4833219594         2.3526828236         3.8137129176
        0.1800012000         3.0000000000         1.4833219594         2.3679940883         3.8137129176
        0.1850018000         3.0000000000         1.4756649788         2.3782015982         3.6142509450
        0.1900022000         3.0000000000         1.4833219594         2.4011684953         3.8137129176
        0.1950020000         3.0000000000         1.4782173056         2.4113760052         3.6807382692
        0.2000013000         3.0000000000         1.4909789399         2.4343429023         4.0131748903
        0.2050017000         3.0000000000         1.4858742862         2.4445504121         3.8802002419
        0.2100014000         3.0000000000         1.4858742862         2.4522060445         3.8802002419
        0.2150011000         3.0000000000         1.4782173056         2.4649654318         3.6807382692
        0.2200010000         3.0000000000         1.4884266131         2.4879323289         3.9466875661
        0.2250012000         3.0000000000         1.4807696325         2.5006917162         3.7472255934
        0.2300011000         3.0000000000         1.4935312668         2.5134511035         4.0796622145
        0.2350043000         3.0000000000         1.4807696325         2.5338661232         3.7472255934
        0.2400025000         3.0000000000         1.4858742862         2.5517292654         3.8802002419
        0.2450013000         3.0000000000         1.4884266131         2.5644886527         3.9466875661
        0.2500027000         3.0000000000         1.4909789399         2.5849036724         4.0131748903
        0.2550014000         3.0000000000         1.4986359205         2.6002149371         4.2126368630
        0.2600014000         3.0000000000         1.4858742862         2.6078705695         3.8802002419
        0.2650018000         3.0000000000         1.4884266131         2.6282855892         3.9466875661
        0.2700012000         3.0000000000         1.4807696325         2.6308374666         3.7472255934
        0.2750029000         3.0000000000         1.4960835936         2.6589081187         4.1461495388
        0.2800022000         3.0000000000         1.4884266131         2.6691156285         3.9466875661
        0.2850024000         3.0000000000         1.4782173056         2.6767712609         3.6807382692
        0.2900014000         3.0000000000         1.4935312668         2.7048419129         4.0796622145
        0.2950016000         3.0000000000         1.4884266131         2.7124975453         3.9466875661
        0.3000012000         3.0000000000         1.4909789399         2.7303606875         4.0131748903
        0.3050026000         3.0000000000         1.4986359205         2.7456719523         4.2126368630
        0.3100012000         3.0000000000         1.4782173056         2.7558794621         3.6807382692
        0.3150021000         3.0000000000         1.4909789399         2.7711907269         4.0131748903
        0.3200023000         3.0000000000         1.4833219594         2.7865019916         3.8137129176
        0.3250013000         3.0000000000         1.5011882474         2.8120207662         4.2791241872
        0.3300034000         3.0000000000         1.4935312668         2.8196763986         4.0796622145
        0.3350014000         3.0000000000         1.4960835936         2.8477470506         4.1461495388
        0.3400012000         3.0000000000         1.5037405742         2.8630583154         4.3456115115
        0.3450015000         3.0000000000         1.5037405742         2.8707139478         4.3456115115
        0.3500012000         3.0000000000         1.4858742862         2.8885770900         3.8802002419
        0.3550032000         3.0000000000         1.4884266131         2.9064402322         3.9466875661
        0.3600020000         3.0000000000         1.4935312668         2.9217514970         4.0796622145
        0.3650021000         3.0000000000         1.5011882474         2.9447183941         4.2791241872
        0.3700013000         3.0000000000         1.5088452279         2.9625815363         4.4785861599
        0.3750024000         3.0000000000         1.4909789399         2.9702371687         4.0131748903
        0.3800016000         3.0000000000         1.5011882474         2.9855484334         4.2791241872
        0.3850055000         3.0000000000         1.4960835936         3.0034115756         4.1461495388
        0.3900020000         3.0000000000         1.5037405742         3.0187228404         4.3456115115
        0.3950351000         3.0000000000         1.4935312668         3.0365859826         4.0796622145
        0.4000017000         3.0000000000         1.5037405742         3.0595528797         4.3456115115
        0.4050144000         3.0000000000         1.5011882474         3.0697603896         4.2791241872
        0.4100032000         3.0000000000         1.4858742862         3.0799678994         3.8802002419
        0.4150022000         3.0000000000         1.5062929011         3.0952791642         4.4120988357
        0.4200030000         3.0000000000         1.4858742862         3.1182460613         3.8802002419
        0.4250024000         3.0000000000         1.4960835936         3.1412129584         4.1461495388
        0.4300021000         3.0000000000         1.5062929011         3.1565242232         4.4120988357
        0.4350013000         3.0000000000         1.5011882474         3.1718354879         4.2791241872
        0.4400011000         3.0000000000         1.5011882474         3.1845948752         4.2791241872
        0.4450020000         3.0000000000         1.4807696325         3.1948023851         3.7472255934
        0.4500013000         3.0000000000         1.5062929011         3.2203211597         4.4120988357
        0.4550028000         3.0000000000         1.4884266131         3.2254249146         3.9466875661
        0.4600027000         3.0000000000         1.5062929011         3.2458399342         4.4120988357
        0.4650013000         3.0000000000         1.4986359205         3.2713587088         4.2126368630
        0.4700024000         3.0000000000         1.4909789399         3.2815662187         4.0131748903
        0.4750017000         3.0000000000         1.5037405742         3.3019812383         4.3456115115
        0.4800020000         3.0000000000         1.4986359205         3.3121887482         4.2126368630
        0.4850024000         3.0000000000         1.4935312668         3.3275000129         4.0796622145
        0.4900016000         3.0000000000         1.4986359205         3.3504669101         4.2126368630
        0.4950013000         3.0000000000         1.4909789399         3.3581225424         4.0131748903
        0.5000030000         3.0000000000         1.4909789399         3.3734338072         4.0131748903
        0.5050024000         3.0000000000         1.4960835936         3.3938488269         4.1461495388
        0.5100030000         3.0000000000         1.4935312668         3.4066082142         4.0796622145
        0.5150017000         3.0000000000         1.4909789399         3.4244713564         4.0131748903
        0.5200025000         3.0000000000         1.4807696325         3.4321269888         3.7472255934
        0.5250014000         3.0000000000         1.5011882474         3.4499901310         4.2791241872
        0.5300012000         3.0000000000         1.4807696325         3.4729570281         3.7472255934
        0.5350027000         3.0000000000         1.4782173056         3.4933720478         3.6807382692
        0.5400017000         3.0000000000         1.4858742862         3.5035795576         3.8802002419
        0.5450014000         3.0000000000         1.4960835936         3.5163389449         4.1461495388
        0.5500029000         3.0000000000         1.4960835936         3.5367539646         4.1461495388
        0.5550022000         3.0000000000         1.4935312668         3.5520652293         4.0796622145
        0.5600013000         3.0000000000         1.4807696325         3.5597208617         3.7472255934
        0.5650030000         3.0000000000         1.4960835936         3.5826877588         4.1461495388
        0.5700032000         3.0000000000         1.4858742862         3.5928952687         3.8802002419
        0.5750041000         3.0000000000         1.4960835936         3.6133102883         4.1461495388
        0.5800015000         3.0000000000         1.4858742862         3.6286215531         3.8802002419
        0.5850012000         3.0000000000         1.4884266131         3.6464846953         3.9466875661
        0.5900011000         3.0000000000         1.4833219594         3.6541403277         3.8137129176
        0.5950011000         3.0000000000         1.4884266131         3.6720034699         3.9466875661
        0.6000017000         3.0000000000         1.4935312668         3.6924184896         4.0796622145
        0.6050012000         3.0000000000         1.4909789399         3.7153853867         4.0131748903
        0.6100017000         3.0000000000         1.5088452279         3.7306966515         4.4785861599
        0.6150013000         3.0000000000         1.4858742862         3.7383522838         3.8802002419
        0.6200015000         3.0000000000         1.4884266131         3.7536635486         3.9466875661
        0.6250026000         3.0000000000         1.4935312668         3.7791823232         4.0796622145
        0.6300014000         3.0000000000         1.4858742862         3.7842860781         3.8802002419
        0.6350011000         3.0000000000         1.4756649788         3.7944935879         3.6142509450
        0.6400011000         3.0000000000         1.4986359205         3.8174604851         4.2126368630
        0.6450012000         3.0000000000         1.4884266131         3.8327717498         3.9466875661
        0.6500011000         3.0000000000         1.4858742862         3.8506348920         3.8802002419
        0.6550010000         3.0000000000         1.4884266131         3.8659461568         3.9466875661
        0.6600023000         3.0000000000         1.4884266131         3.8787055441         3.9466875661
        0.6650015000         3.0000000000         1.4909789399         3.9016724412         4.0131748903
        0.6700012000         3.0000000000         1.4858742862         3.9042243187         3.8802002419
        0.6750012000         3.0000000000         1.4629033445         3.9220874609         3.2818143238
        0.6800019000         3.0000000000         1.4986359205         3.9399506031         4.2126368630
        0.6850012000         3.0000000000         1.4833219594         3.9552618679         3.8137129176
        0.6900013000         3.0000000000         1.5062929011         3.9782287650         4.4120988357
        0.6950021000         3.0000000000         1.4833219594         3.9884362748         3.8137129176
        0.7000015000         3.0000000000         1.4833219594         4.0037475396         3.8137129176
        0.7050012000         3.0000000000         1.4833219594         4.0088512945         3.8137129176
        0.7100016000         3.0000000000         1.4909789399         4.0394738240         4.0131748903
        0.7150011000         3.0000000000         1.4960835936         4.0496813338         4.1461495388
        0.7200016000         3.0000000000         1.4909789399         4.0573369662         4.0131748903
        0.7250013000         3.0000000000         1.4833219594         4.0803038633         3.8137129176
        0.7300162000         3.0000000000         1.4960835936         4.0981670056         4.1461495388
        0.7350018000         3.0000000000         1.4807696325         4.1007188830         3.7472255934
        0.7400014000         3.0000000000         1.4986359205         4.1262376576         4.2126368630
        0.7450021000         3.0000000000         1.4986359205         4.1389970449         4.2126368630
        0.7500033000         3.0000000000         1.4884266131         4.1619639420         3.9466875661
        0.7550024000         3.0000000000         1.4909789399         4.1772752068         4.0131748903
        0.7600016000         3.0000000000         1.4807696325         4.1900345941         3.7472255934
        0.7650034000         3.0000000000         1.4986359205         4.2027939814         4.2126368630
        0.7700013000         3.0000000000         1.4935312668         4.2257608785         4.0796622145
        0.7750011000         3.0000000000         1.4858742862         4.2283127560         3.8802002419
        0.7800011000         3.0000000000         1.4884266131         4.2512796531         3.9466875661
        0.7850028000         3.0000000000         1.4960835936         4.2614871629         4.1461495388
        0.7900014000         3.0000000000         1.5113975548         4.2921096924         4.5450734841
        0.7950010000         3.0000000000         1.4884266131         4.2972134474         3.9466875661
        0.8000012000         3.0000000000         1.4960835936         4.3125247121         4.1461495388
        0.8050019000         3.0000000000         1.4833219594         4.3303878543         3.8137129176
        0.8100012000         3.0000000000         1.5037405742         4.3482509965         4.3456115115
        0.8150018000         3.0000000000         1.4935312668         4.3635622613         4.0796622145
        0.8200032000         3.0000000000         1.4986359205         4.3865291584         4.2126368630
        0.8250025000         3.0000000000         1.4858742862         4.3992885457         3.8802002419
        0.8300016000         3.0000000000         1.5037405742         4.4145998105         4.3456115115
        0.8350012000         3.0000000000         1.4884266131         4.4248073203         3.9466875661
        0.8400011000         3.0000000000         1.4986359205         4.4554298498         4.2126368630
        0.8450014000         3.0000000000         1.4935312668         4.4656373597         4.0796622145
        0.8500012000         3.0000000000         1.4909789399         4.4809486244         4.0131748903
        0.8550011000         3.0000000000         1.5088452279         4.5013636441         4.4785861599
        0.8600010000         3.0000000000         1.4909789399         4.5064673990         4.0131748903
        0.8650014000         3.0000000000         1.5037405742         4.5319861736         4.3456115115
        0.8700011000         3.0000000000         1.5011882474         4.5498493158         4.2791241872
        0.8750020000         3.0000000000         1.4884266131         4.5575049482         3.9466875661
        0.8800029000         3.0000000000         1.5062929011         4.5881274777         4.4120988357
        0.8850030000         3.0000000000         1.4858742862         4.5906793551         3.8802002419
        0.8900028000         3.0000000000         1.4960835936         4.6136462523         4.1461495388
        0.8950032000         3.0000000000         1.5037405742         4.6315093945         4.3456115115
        0.9000029000         3.0000000000         1.4960835936         4.6493725367         4.1461495388
        0.9050030000         3.0000000000         1.5113975548         4.6672356789         4.5450734841
        0.9100029000         3.0000000000         1.4884266131         4.6825469437         3.9466875661
        0.9150049000         3.0000000000         1.4986359205         4.7055138408         4.2126368630
        0.9200030000         3.0000000000         1.5037405742         4.7208251056         4.3456115115
        0.9250028000         3.0000000000         1.5037405742         4.7310326154         4.3456115115
        0.9300029000         3.0000000000         1.5037405742         4.7539995125         4.3456115115
        0.9350070000         3.0000000000         1.4909789399         4.7616551449         4.0131748903
        0.9400028000         3.0000000000         1.4909789399         4.7769664097         4.0131748903
        0.9450029000         3.0000000000         1.5011882474         4.7999333068         4.2791241872
        0.9500033000         3.0000000000         1.5062929011         4.8254520814         4.4120988357
        0.9550029000         3.0000000000         1.4960835936         4.8331077137         4.1461495388
        0.9600014000         3.0000000000         1.4935312668         4.8535227334         4.0796622145
        0.9650011000         3.0000000000         1.4986359205         4.8713858756         4.2126368630
        0.9700011000         3.0000000000         1.5011882474         4.8866971404         4.2791241872
        0.9750018000         3.0000000000         1.5011882474         4.9096640375         4.2791241872
        0.9800046000         3.0000000000         1.4960835936         4.9224234248         4.1461495388
        0.9850011000         3.0000000000         1.4884266131         4.9402865670         3.9466875661
        0.9900012000         3.0000000000         1.5088452279         4.9607015867         4.4785861599
        0.9950025000         3.0000000000         1.5011882474         4.9760128515         4.2791241872
        1.0000019000         3.0000000000         1.5037405742         5.0015316260         4.3456115115
        1.0050022000         3.0000000000         1.4909789399         5.0015316260         4.0131748903
        1.0100013000         3.0000000000         1.5011882474         5.0117391359         4.2791241872
        1.0150018000         3.0000000000         1.4986359205         5.0015316260         4.2126368630
        1.0200013000         3.0000000000         1.4960835936         4.9989797486         4.1461495388
        1.0250012000         3.0000000000         1.4986359205         5.0066353810         4.2126368630
        1.0300010000         3.0000000000         1.4960835936         5.0015316260         4.1461495388
        1.0350076000         3.0000000000         1.5037405742         5.0091872584         4.3456115115
        1.0400024000         3.0000000000         1.5088452279         4.9811166064         4.4785861599
        1.0450014000         3.0000000000         1.4960835936         1.1099185011         4.1461495388
        1.0500023000         3.0000000000         1.5037405742         1.1073666236         4.3456115115
        1.0550014000         3.0000000000         1.5062929011         1.1099185011         4.4120988357
        1.0600204000         3.0000000000         1.5088452279         0.0024036839         4.4785861599
        1.0650032000         3.0000000000         1.5062929011         0.0024036839         4.4120988357
        1.0700032000         3.0000000000         1.4960835936         0.0024036839         4.1461495388
        1.0750028000         3.0000000000         1.5011882474        -0.0027000711         4.2791241872
        1.0800014000         3.0000000000         1.5139498816         0.0075074388         4.6115608084
        1.0850012000         3.0000000000         1.5088452279        -0.0052519485         4.4785861599
        1.0900011000         3.0000000000         1.4935312668        -0.0052519485         4.0796622145
        1.0950011000         3.0000000000         1.5062929011         0.0202668261         4.4120988357
        1.1000015000         3.0000000000         1.5037405742         0.0253705810         4.3456115115
        1.1050011000         3.0000000000         1.5165022085         0.0534412330         4.6780481326
        1.1100033000         3.0000000000         1.5139498816         0.0636487429         4.6115608084
        1.1150013000         3.0000000000         1.5190545354         0.0891675175         4.7445354568
        1.1200012000         3.0000000000         1.5088452279         0.1019269048         4.4785861599
        1.1250027000         3.0000000000         1.5062929011         0.1197900470         4.4120988357
        1.1300019000         3.0000000000         1.5088452279         0.1376531892         4.4785861599
        1.1350015000         3.0000000000         1.5113975548         0.1580682088         4.5450734841
        1.1400012000         3.0000000000         1.4858742862         0.1733794736         3.8802002419
        1.1450012000         3.0000000000         1.5037405742         0.1912426158         4.3456115115
        1.1500019000         3.0000000000         1.5062929011         0.2116576355         4.4120988357
        1.1550013000         3.0000000000         1.5088452279         0.2269689002         4.4785861599
        1.1600036000         3.0000000000         1.5088452279         0.2473839199         4.4785861599
        1.1650029000         3.0000000000         1.5139498816         0.2652470621         4.6115608084
        1.1700021000         3.0000000000         1.4960835936         0.2780064494         4.1461495388
        1.1750032000         3.0000000000         1.5113975548         0.3086289789         4.5450734841
        1.1800026000         3.0000000000         1.5139498816         0.3213883662         4.6115608084
        1.1850053000         3.0000000000         1.5165022085         0.3443552634         4.6780481326
        1.1900051000         3.0000000000         1.5088452279         0.3596665281         4.4785861599
        1.1950049000         3.0000000000         1.5011882474         0.3800815478         4.2791241872
        1.2000041000         3.0000000000         1.5165022085         0.3979446900         4.6780481326
        1.2050034000         3.0000000000         1.4986359205         0.4030484449         4.2126368630
        1.2100034000         3.0000000000         1.5062929011         0.4311190970         4.4120988357
        1.2150049000         3.0000000000         1.4935312668         0.4387747293         4.0796622145
        1.2200028000         3.0000000000         1.5062929011         0.4617416265         4.4120988357
        1.2250034000         3.0000000000         1.5113975548         0.4821566461         4.5450734841
        1.2300026000         3.0000000000         1.4986359205         0.4974679109         4.2126368630
        1.2350018000         3.0000000000         1.5011882474         0.5127791757         4.2791241872
        1.2400025000         3.0000000000         1.5088452279         0.5357460728         4.4785861599
        1.2450020000         3.0000000000         1.5037405742         0.5510573375         4.3456115115
        1.2500056000         3.0000000000         1.5037405742         0.5663686023         4.3456115115
        1.2550037000         3.0000000000         1.5062929011         0.5893354994         4.4120988357
        1.2600023000         3.0000000000         1.5037405742         0.6071986416         4.3456115115
        1.2650020000         3.0000000000         1.5088452279         0.6276136613         4.4785861599
        1.2700018000         3.0000000000         1.5088452279         0.6378211711         4.4785861599
        1.2750026000         3.0000000000         1.5037405742         0.6505805584         4.3456115115
        1.2800015000         3.0000000000         1.5062929011         0.6684437007         4.4120988357
        1.2850029000         3.0000000000         1.4909789399         0.6837549654         4.0131748903
        1.2900015000         3.0000000000         1.5037405742         0.7067218625         4.3456115115
        1.2950012000         3.0000000000         1.4960835936         0.7220331273         4.1461495388
        1.3000020000         3.0000000000         1.5062929011         0.7424481470         4.4120988357
        1.3050013000         3.0000000000         1.5062929011         0.7577594117         4.4120988357
        1.3100017000         3.0000000000         1.5113975548         0.7807263088         4.5450734841
        1.3150012000         3.0000000000         1.4986359205         0.7832781863         4.2126368630
        1.3200023000         3.0000000000         1.5037405742         0.8139007158         4.3456115115
        1.3250012000         3.0000000000         1.5113975548         0.8292119806         4.5450734841
        1.3300017000         3.0000000000         1.5113975548         0.8419713679         4.5450734841
        1.3350013000         3.0000000000         1.5088452279         0.8598345101         4.4785861599
        1.3400012000         3.0000000000         1.4935312668         0.8700420199         4.0796622145
        1.3450024000         3.0000000000         1.5037405742         0.8955607945         4.3456115115
        1.3500012000         3.0000000000         1.5011882474         0.9108720593         4.2791241872
        1.3550020000         3.0000000000         1.5216068622         0.9363908338         4.8110227810
        1.3600023000         3.0000000000         1.5011882474         0.9440464662         4.2791241872
        1.3650012000         3.0000000000         1.4935312668         0.9568058535         4.0796622145
        1.3700012000         3.0000000000         1.5088452279         0.9899802605         4.4785861599
        1.3750026000         3.0000000000         1.5011882474         0.9976358929         4.2791241872
        1.3800056000         3.0000000000         1.4986359205         1.0103952802         4.2126368630
        1.3850013000         3.0000000000         1.4909789399         1.0282584224         4.0131748903
        1.3900010000         3.0000000000         1.5062929011         1.0435696871         4.4120988357
        1.3950013000         3.0000000000         1.4986359205         1.0665365843         4.2126368630
        1.4000011000         3.0000000000         1.5113975548         1.0843997265         4.5450734841
        1.4050011000         3.0000000000         1.5062929011         1.1073666236         4.4120988357
        1.4100035000         3.0000000000         1.5037405742         1.1073666236         4.3456115115
        1.4150025000         3.0000000000         1.4935312668         1.1226778884         4.0796622145
        1.4200021000         3.0000000000         1.5062929011         1.1558522953         4.4120988357
        1.4250013000         3.0000000000         1.4909789399         1.1737154375         4.0131748903
        1.4300016000         3.0000000000         1.4960835936         1.1813710699         4.1461495388
        1.4350010000         3.0000000000         1.5037405742         1.2017860896         4.3456115115
        1.4400011000         3.0000000000         1.5011882474         1.2170973543         4.2791241872
        1.4450026000         3.0000000000         1.5088452279         1.2349604965         4.4785861599
        1.4500013000         3.0000000000         1.4960835936         1.2451680064         4.1461495388
        1.4550021000         3.0000000000         1.5088452279         1.2757905359         4.4785861599
        1.4600013000         3.0000000000         1.5037405742         1.2757905359         4.3456115115
        1.4650010000         3.0000000000         1.5113975548         1.3013093105         4.5450734841
        1.4700013000         3.0000000000         1.5088452279         1.3166205752         4.4785861599
        1.4750032000         3.0000000000         1.5037405742         1.3293799625         4.3456115115
        1.4800026000         3.0000000000         1.5011882474         1.3497949822         4.2791241872
        1.4850020000         3.0000000000         1.5241591891         1.3676581244         4.8775101053
        1.4900013000         3.0000000000         1.5062929011         1.3957287765         4.4120988357
        1.4950031000         3.0000000000         1.5139498816         1.4059362863         4.6115608084
        1.5000029000         3.0000000000         1.5113975548         1.4212475511         4.5450734841
        1.5050022000         3.0000000000         1.5062929011         1.4340069384         4.4120988357
        1.5100018000         3.0000000000         1.5113975548         1.4595257129         4.5450734841
        1.5150025000         3.0000000000         1.5113975548         1.4773888552         4.5450734841
        1.5200022000         3.0000000000         1.5113975548         1.4978038748         4.5450734841
        1.5250015000         3.0000000000         1.5062929011         1.5105632621         4.4120988357
        1.5300035000         3.0000000000         1.5165022085         1.5284264043         4.6780481326
        1.5350030000         3.0000000000         1.4909789399         1.5386339142         4.0131748903
        1.5400030000         3.0000000000         1.5190545354         1.5616008113         4.7445354568
        1.5450011000         3.0000000000         1.4960835936         1.5769120761         4.1461495388
        1.5500012000         3.0000000000         1.5088452279         1.5896714634         4.4785861599
        1.5550011000         3.0000000000         1.5011882474         1.6126383605         4.2791241872
        1.5600010000         3.0000000000         1.5165022085         1.6381571351         4.6780481326
        1.5650012000         3.0000000000         1.5088452279         1.6483646449         4.4785861599
        1.5700025000         3.0000000000         1.5062929011         1.6636759097         4.4120988357
        1.5750013000         3.0000000000         1.4960835936         1.6764352970         4.1461495388
        1.5800010000         3.0000000000         1.5037405742         1.7045059490         4.3456115115
        1.5850011000         3.0000000000         1.5062929011         1.7070578265         4.4120988357
        1.5900018000         3.0000000000         1.5088452279         1.7325766011         4.4785861599
        1.5950014000         3.0000000000         1.5139498816         1.7529916207         4.6115608084
        1.6000013000         3.0000000000         1.5088452279         1.7683028855         4.4785861599
        1.6050021000         3.0000000000         1.4986359205         1.7734066404         4.2126368630
        1.6100034000         3.0000000000         1.5062929011         1.7963735375         4.4120988357
        1.6150014000         3.0000000000         1.5088452279         1.8142366797         4.4785861599
        1.6200025000         3.0000000000         1.5267115159         1.8372035769         4.9439974295
        1.6250022000         3.0000000000         1.4960835936         1.8448592093         4.1461495388
        1.6300020000         3.0000000000         1.4986359205         1.8601704740         4.2126368630
        1.6350014000         3.0000000000         1.5062929011         1.8754817388         4.4120988357
        1.6400011000         3.0000000000         1.4960835936         1.9035523908         4.1461495388
        1.6450011000         3.0000000000         1.4909789399         1.9086561457         4.0131748903
        1.6500012000         3.0000000000         1.4986359205         1.9239674105         4.2126368630
        1.6550012000         3.0000000000         1.5062929011         1.9418305527         4.4120988357
        1.6600029000         3.0000000000         1.4986359205         1.9647974498         4.2126368630
        1.6650013000         3.0000000000         1.4960835936         1.9775568371         4.1461495388
        1.6700013000         3.0000000000         1.5037405742         1.9928681019         4.3456115115
        1.6750012000         3.0000000000         1.4986359205         2.0081793666         4.2126368630
        1.6800014000         3.0000000000         1.5088452279         2.0362500187         4.4785861599
        1.6850011000         3.0000000000         1.5190545354         2.0541131609         4.7445354568
        1.6900013000         3.0000000000         1.4986359205         2.0668725482         4.2126368630
        1.6950021000         3.0000000000         1.5088452279         2.0796319355         4.4785861599
        1.7000024000         3.0000000000         1.5088452279         2.1051507101         4.4785861599
        1.7050013000         3.0000000000         1.5088452279         2.1204619748         4.4785861599
        1.7100025000         3.0000000000         1.4960835936         2.1332213621         4.1461495388
        1.7150015000         3.0000000000         1.5165022085         2.1485326269         4.6780481326
        1.7200010000         3.0000000000         1.5088452279         2.1689476465         4.4785861599
        1.7250012000         3.0000000000         1.5062929011         2.1893626662         4.4120988357
        1.7300028000         3.0000000000         1.5062929011         2.1995701761         4.4120988357
        1.7350020000         3.0000000000         1.5062929011         2.2199851957         4.4120988357
        1.7400013000         3.0000000000         1.5165022085         2.2378483379         4.6780481326
        1.7450025000         3.0000000000         1.5062929011         2.2582633576         4.4120988357
        1.7500027000         3.0000000000         1.5139498816         2.2761264998         4.6115608084
        1.7550026000         3.0000000000         1.5088452279         2.2863340097         4.4785861599
        1.7600014000         3.0000000000         1.4960835936         2.2990933970         4.1461495388
        1.7650524000         3.0000000000         1.5011882474         2.3169565392         4.2791241872
        1.7700042000         3.0000000000         1.5139498816         2.3475790687         4.6115608084
        1.7750024000         3.0000000000         1.5088452279         2.3577865785         4.4785861599
        1.7800018000         3.0000000000         1.5011882474         2.3705459658         4.2791241872
        1.7850025000         3.0000000000         1.5216068622         2.3986166179         4.8110227810
        1.7900017000         3.0000000000         1.5037405742         2.4088241277         4.3456115115
        1.7950011000         3.0000000000         1.5062929011         2.4266872699         4.4120988357
        1.8000011000         3.0000000000         1.5037405742         2.4394466572         4.3456115115
        1.8050011000         3.0000000000         1.5139498816         2.4624135543         4.6115608084
        1.8100017000         3.0000000000         1.5037405742         2.4802766965         4.3456115115
        1.8150054000         3.0000000000         1.4935312668         2.4904842064         4.0796622145
        1.8200011000         3.0000000000         1.5062929011         2.5083473486         4.4120988357
        1.8250010000         3.0000000000         1.5088452279         2.5313142457         4.4785861599
        1.8300015000         3.0000000000         1.5190545354         2.5542811429         4.7445354568
        1.8350011000         3.0000000000         1.4960835936         2.5644886527         4.1461495388
        1.8400010000         3.0000000000         1.5037405742         2.5772480400         4.3456115115
        1.8450010000         3.0000000000         1.5190545354         2.6002149371         4.7445354568
        1.8500020000         3.0000000000         1.5113975548         2.6231818342         4.5450734841
        1.8550011000         3.0000000000         1.4807696325         2.6282855892         3.7472255934
        1.8600011000         3.0000000000         1.5088452279         2.6512524863         4.4785861599
        1.8650012000         3.0000000000         1.5088452279         2.6640118736         4.4785861599
        1.8700016000         3.0000000000         1.5037405742         2.6869787707         4.3456115115
        1.8750030000         3.0000000000         1.5062929011         2.7022900355         4.4120988357
        1.8800024000         3.0000000000         1.5062929011         2.7201531777         4.4120988357
        1.8850014000         3.0000000000         1.5165022085         2.7431200748         4.6780481326
        1.8900012000         3.0000000000         1.5088452279         2.7558794621         4.4785861599
        1.8950012000         3.0000000000         1.5088452279         2.7788463592         4.4785861599
        1.9000026000         3.0000000000         1.5037405742         2.7890538691         4.3456115115
        1.9050011000         3.0000000000         1.5037405742         2.8018132564         4.3456115115
        1.9100023000         3.0000000000         1.5113975548         2.8298839084         4.5450734841
        1.9150014000         3.0000000000         1.5011882474         2.8451951732         4.2791241872
        1.9200020000         3.0000000000         1.5037405742         2.8528508056         4.3456115115
        1.9250013000         3.0000000000         1.5062929011         2.8707139478         4.4120988357
        1.9300020000         3.0000000000         1.5062929011         2.8911289674         4.4120988357
        1.9350013000         3.0000000000         1.5113975548         2.9140958646         4.5450734841
        1.9400012000         3.0000000000         1.4960835936         2.9191996195         4.1461495388
        1.9450011000         3.0000000000         1.5062929011         2.9421665166         4.4120988357
        1.9500018000         3.0000000000         1.5011882474         2.9523740265         4.2791241872
        1.9550012000         3.0000000000         1.5037405742         2.9753409236         4.3456115115
        1.9600014000         3.0000000000         1.5037405742         2.9932040658         4.3456115115
        1.9650011000         3.0000000000         1.4960835936         3.0110672080         4.1461495388
        1.9700013000         3.0000000000         1.5139498816         3.0340341051         4.6115608084
        1.9750011000         3.0000000000         1.5088452279         3.0493453699         4.4785861599
        1.9800011000         3.0000000000         1.4960835936         3.0544491248         4.1461495388
        1.9850019000         3.0000000000         1.5011882474         3.0799678994         4.2791241872
        1.9900026000         3.0000000000         1.5062929011         3.0978310416         4.4120988357
        1.9950014000         3.0000000000         1.5062929011         3.1080385515         4.4120988357
        2.0000024000         3.0000000000         1.5037405742         3.1361092035         4.3456115115
        2.0050023000         3.0000000000         1.5037405742         3.1412129584         4.3456115115
        2.0100012000         3.0000000000         1.4986359205         3.1616279781         4.2126368630
        2.0150019000         3.0000000000         1.5113975548         3.1794911203         4.5450734841
        2.0200012000         3.0000000000         1.4960835936         3.1999061400         4.1461495388
        2.0250032000         3.0000000000         1.5011882474         3.2203211597         4.2791241872
        2.0300024000         3.0000000000         1.4909789399         3.2381843019         4.0131748903
        2.0350028000         3.0000000000         1.5113975548         3.2483918117         4.5450734841
        2.0400013000         3.0000000000         1.4986359205         3.2662549539         4.2126368630
        2.0450011000         3.0000000000         1.4858742862         3.2764624638         3.8802002419
        2.0500012000         3.0000000000         1.4986359205         3.2917737285         4.2126368630
        2.0550023000         3.0000000000         1.4986359205         3.3147406256         4.2126368630
        2.0600013000         3.0000000000         1.5088452279         3.3377075228         4.4785861599
        2.0650016000         3.0000000000         1.4884266131         3.3428112777         3.9466875661
        2.0700012000         3.0000000000         1.4935312668         3.3632262974         4.0796622145
        2.0750019000         3.0000000000         1.5088452279         3.3836413170         4.4785861599
        2.0800012000         3.0000000000         1.5037405742         3.4015044592         4.3456115115
        2.0850011000         3.0000000000         1.4986359205         3.4091600916         4.2126368630
        2.0900010000         3.0000000000         1.4884266131         3.4244713564         3.9466875661
        2.0950012000         3.0000000000         1.4935312668         3.4448863760         4.0796622145
        2.1000012000         3.0000000000         1.5088452279         3.4653013957         4.4785861599
        2.1050010000         3.0000000000         1.4986359205         3.4857164154         4.2126368630
        2.1100011000         3.0000000000         1.5088452279         3.5010276801         4.4785861599
        2.1150023000         3.0000000000         1.4935312668         3.5086833125         4.0796622145
        2.1200016000         3.0000000000         1.4935312668         3.5239945773         4.0796622145
        2.1250022000         3.0000000000         1.5037405742         3.5444095970         4.3456115115
        2.1300020000         3.0000000000         1.4909789399         3.5622727392         4.0131748903
        2.1350018000         3.0000000000         1.5113975548         3.5877915138         4.5450734841
        2.1400020000         3.0000000000         1.4909789399         3.5954471461         4.0131748903
        2.1450050000         3.0000000000         1.5088452279         3.6133102883         4.4785861599
        2.1500050000         3.0000000000         1.4986359205         3.6286215531         4.2126368630
        2.1550069000         3.0000000000         1.5037405742         3.6490365728         4.3456115115
        2.1600074000         3.0000000000         1.4909789399         3.6592440826         4.0131748903
        2.1650091000         3.0000000000         1.5037405742         3.6796591023         4.3456115115
        2.1700021000         3.0000000000         1.5139498816         3.6975222445         4.6115608084
        2.1750019000         3.0000000000         1.4960835936         3.7128335092         4.1461495388
        2.1800019000         3.0000000000         1.5062929011         3.7306966515         4.4120988357
        2.1850036000         3.0000000000         1.4986359205         3.7536635486         4.2126368630
        2.1900030000         3.0000000000         1.5037405742         3.7638710584         4.3456115115
        2.1950030000         3.0000000000         1.4986359205         3.7766304457         4.2126368630
        2.2000021000         3.0000000000         1.5037405742         3.7995973429         4.3456115115
        2.2050024000         3.0000000000         1.4935312668         3.8098048527         4.0796622145
        2.2100023000         3.0000000000         1.4935312668         3.8225642400         4.0796622145
        2.2150046000         3.0000000000         1.4986359205         3.8480830146         4.2126368630
        2.2200030000         3.0000000000         1.4986359205         3.8684980342         4.2126368630
        2.2250023000         3.0000000000         1.4960835936         3.8761536666         4.1461495388
        2.2300015000         3.0000000000         1.4960835936         3.8940168088         4.1461495388
        2.2350020000         3.0000000000         1.4986359205         3.9042243187         4.2126368630
        2.2400035000         3.0000000000         1.4909789399         3.9322949707         4.0131748903
        2.2450030000         3.0000000000         1.5062929011         3.9450543580         4.4120988357
        2.2500041000         3.0000000000         1.4833219594         3.9527099904         3.8137129176
        2.2550021000         3.0000000000         1.4986359205         3.9705731326         4.2126368630
        2.2600024000         3.0000000000         1.4909789399         3.9960919072         4.0131748903
        2.2650013000         3.0000000000         1.4884266131         4.0062994170         3.9466875661
        2.2700012000         3.0000000000         1.4935312668         4.0216106818         4.0796622145
        2.2750049000         3.0000000000         1.5037405742         4.0394738240         4.3456115115
        2.2800023000         3.0000000000         1.4935312668         4.0471294564         4.0796622145
        2.2850029000         3.0000000000         1.4807696325         4.0624407211         3.7472255934
        2.2900023000         3.0000000000         1.5011882474         4.0854076183         4.2791241872
        2.2950012000         3.0000000000         1.4884266131         4.1058226379         3.9466875661
        2.3000011000         3.0000000000         1.4884266131         4.1109263928         3.9466875661
        2.3050013000         3.0000000000         1.4986359205         4.1287895351         4.2126368630
        2.3100023000         3.0000000000         1.4935312668         4.1517564322         4.0796622145
        2.3150030000         3.0000000000         1.4807696325         4.1645158195         3.7472255934
        2.3200022000         3.0000000000         1.4884266131         4.1823789617         3.9466875661
        2.3250014000         3.0000000000         1.4935312668         4.1900345941         4.0796622145
        2.3300012000         3.0000000000         1.5011882474         4.2130014912         4.2791241872
        2.3350011000         3.0000000000         1.4935312668         4.2308646334         4.0796622145
        2.3400011000         3.0000000000         1.4833219594         4.2385202658         3.8137129176
        2.3450056000         3.0000000000         1.4909789399         4.2589352855         4.0131748903
        2.3500016000         3.0000000000         1.4909789399         4.2767984277         4.0131748903
        2.3550019000         3.0000000000         1.5113975548         4.2921096924         4.5450734841
        2.3600012000         3.0000000000         1.4884266131         4.3074209572         3.9466875661
        2.3650022000         3.0000000000         1.5011882474         4.3227322219         4.2791241872
        2.3700012000         3.0000000000         1.4960835936         4.3456991191         4.1461495388
        2.3750024000         3.0000000000         1.5011882474         4.3559066289         4.2791241872
        2.3800014000         3.0000000000         1.4986359205         4.3788735260         4.2126368630
        2.3850108000         3.0000000000         1.4986359205         4.3941847908         4.2126368630
        2.3900021000         3.0000000000         1.4884266131         4.4043923006         3.9466875661
        2.3950020000         3.0000000000         1.4986359205         4.4197035654         4.2126368630
        2.4000013000         3.0000000000         1.4960835936         4.4375667076         4.1461495388
        2.4050010000         3.0000000000         1.4909789399         4.4554298498         4.0131748903
        2.4100030000         3.0000000000         1.4909789399         4.4732929920         4.0131748903
        2.4150023000         3.0000000000         1.4909789399         4.4835005019         4.0131748903
        2.4200021000         3.0000000000         1.5113975548         4.5115711539         4.5450734841
        2.4250012000         3.0000000000         1.4935312668         4.5192267863         4.0796622145
        2.4300021000         3.0000000000         1.4935312668         4.5345380510         4.0796622145
        2.4350016000         3.0000000000         1.4960835936         4.5651605806         4.1461495388
        2.4400015000         3.0000000000         1.5037405742         4.5728162129         4.3456115115
        2.4450026000         3.0000000000         1.5062929011         4.5906793551         4.4120988357
        2.4500013000         3.0000000000         1.4858742862         4.6085424974         3.8802002419
        2.4550012000         3.0000000000         1.4960835936         4.6187500072         4.1461495388
        2.4600012000         3.0000000000         1.4960835936         4.6442687818         4.1461495388
        2.4650010000         3.0000000000         1.5113975548         4.6595800465         4.5450734841
        2.4700012000         3.0000000000         1.4884266131         4.6748913113         3.9466875661
        2.4750017000         3.0000000000         1.4884266131         4.6927544535         3.9466875661
        2.4800023000         3.0000000000         1.4935312668         4.7080657183         4.0796622145
        2.4850013000         3.0000000000         1.5037405742         4.7259288605         4.3456115115
        2.4900014000         3.0000000000         1.5037405742         4.7514476351         4.3456115115
        2.4950012000         3.0000000000         1.4884266131         4.7539995125         3.9466875661
        2.5000029000         3.0000000000         1.4960835936         4.7820701646         4.1461495388
        2.5050024000         3.0000000000         1.5011882474         4.7973814293         4.2791241872
        2.5100022000         3.0000000000         1.5037405742         4.8126926941         4.3456115115
        2.5150014000         3.0000000000         1.4960835936         4.8280039588         4.1461495388
        2.5200013000         3.0000000000         1.4935312668         4.8407633461         4.0796622145
        2.5250011000         3.0000000000         1.4935312668         4.8637302433         4.0796622145
        2.5300910000         3.0000000000         1.5011882474         4.8739377531         4.2791241872
        2.5350022000         3.0000000000         1.5088452279         4.9045602826         4.4785861599
        2.5400023000         3.0000000000         1.5113975548         4.9122159150         4.5450734841
        2.5450017000         3.0000000000         1.5062929011         4.9377346896         4.4120988357
        2.5500033000         3.0000000000         1.5088452279         4.9607015867         4.4785861599
        2.5550024000         3.0000000000         1.4986359205         4.9658053416         4.2126368630
        2.5600013000         3.0000000000         1.5088452279         4.9964278711         4.4785861599
        2.5650392000         3.0000000000         1.5037405742         5.0066353810         4.3456115115
        2.5700023000         3.0000000000         1.4884266131         5.0117391359         3.9466875661
        2.5750012000         3.0000000000         1.5062929011         4.9989797486         4.4120988357
        2.5800017000         3.0000000000         1.4935312668         5.0066353810         4.0796622145
        2.5850011000         3.0000000000         1.5062929011         5.0066353810         4.4120988357
        2.5900015000         3.0000000000         1.4833219594         5.0015316260         3.8137129176
        2.5950012000         3.0000000000         1.4935312668         5.0066353810         4.0796622145
        2.6000012000         3.0000000000         1.5088452279         5.0040835035         4.4785861599
        2.6050011000         3.0000000000         1.4884266131         1.1150222560         3.9466875661
        2.6100022000         3.0000000000         1.4960835936         1.1150222560         4.1461495388
        2.6150012000         3.0000000000         1.4986359205         1.1073666236         4.2126368630
        2.6200019000         3.0000000000         1.5011882474         1.1099185011         4.2791241872
        2.6250020000         3.0000000000         1.4960835936        -0.0052519485         4.1461495388
        2.6300016000         3.0000000000         1.5011882474         0.0075074388         4.2791241872
        2.6350012000         3.0000000000         1.4756649788         0.0024036839         3.6142509450
        2.6400012000         3.0000000000         1.4909789399        -0.0001481936         4.0131748903
        2.6450017000         3.0000000000         1.5165022085         0.0075074388         4.6780481326
        2.6500012000         3.0000000000         1.4935312668         0.0049555613         4.0796622145
        2.6550022000         3.0000000000         1.4884266131        -0.0052519485         3.9466875661
        2.6600027000         3.0000000000         1.4909789399         0.0151630711         4.0131748903
        2.6650030000         3.0000000000         1.4960835936         0.0279224584         4.1461495388
        2.6700020000         3.0000000000         1.5011882474         0.0534412330         4.2791241872
        2.6750015000         3.0000000000         1.5088452279         0.0610968654         4.4785861599
        2.6800010000         3.0000000000         1.4884266131         0.0713043752         3.9466875661
        2.6850107000         3.0000000000         1.4986359205         0.0968231498         4.2126368630
        2.6900031000         3.0000000000         1.5165022085         0.1197900470         4.6780481326
        2.6950037000         3.0000000000         1.4986359205         0.1325494343         4.2126368630
        2.7000027000         3.0000000000         1.4986359205         0.1504125765         4.2126368630
        2.7050019000         3.0000000000         1.4909789399         0.1606200863         4.0131748903
        2.7100011000         3.0000000000         1.4960835936         0.1810351060         4.1461495388
        2.7150023000         3.0000000000         1.4935312668         0.2014501257         4.0796622145
        2.7200013000         3.0000000000         1.4986359205         0.2116576355         4.2126368630
        2.7250013000         3.0000000000         1.5113975548         0.2422801650         4.5450734841
        2.7300011000         3.0000000000         1.5011882474         0.2499357974         4.2791241872
        2.7350011000         3.0000000000         1.5037405742         0.2780064494         4.3456115115
        2.7400013000         3.0000000000         1.4960835936         0.2805583269         4.1461495388
        2.7450013000         3.0000000000         1.5011882474         0.3035252240         4.2791241872
        2.7500033000         3.0000000000         1.5113975548         0.3213883662         4.5450734841
        2.7550022000         3.0000000000         1.5139498816         0.3392515084         4.6115608084
        2.7600017000         3.0000000000         1.4986359205         0.3571146507         4.2126368630
        2.7650029000         3.0000000000         1.4909789399         0.3698740379         4.0131748903
        2.7700028000         3.0000000000         1.4986359205         0.3851853027         4.2126368630
        2.7750013000         3.0000000000         1.4909789399         0.4030484449         4.0131748903
        2.7800010000         3.0000000000         1.4935312668         0.4158078322         4.0796622145
        2.7850024000         3.0000000000         1.5113975548         0.4489822392         4.5450734841
        2.7900014000         3.0000000000         1.5037405742         0.4591897490         4.3456115115
        2.7950012000         3.0000000000         1.4986359205         0.4745010138         4.2126368630
        2.8000011000         3.0000000000         1.4960835936         0.4949160334         4.1461495388
        2.8050013000         3.0000000000         1.4986359205         0.5102272982         4.2126368630
        2.8100011000         3.0000000000         1.4960835936         0.5280904404         4.1461495388
        2.8150049000         3.0000000000         1.4909789399         0.5357460728         4.0131748903
        2.8200012000         3.0000000000         1.5037405742         0.5587129699         4.3456115115
        2.8250012000         3.0000000000         1.4986359205         0.5740242347         4.2126368630
        2.8300012000         3.0000000000         1.5088452279         0.5969911318         4.4785861599
        2.8350019000         3.0000000000         1.4884266131         0.6020948867         3.9466875661
        2.8400011000         3.0000000000         1.5088452279         0.6327174162         4.4785861599
        2.8450019000         3.0000000000         1.5011882474         0.6429249261         4.2791241872
        2.8500012000         3.0000000000         1.5011882474         0.6607880683         4.2791241872
        2.8550019000         3.0000000000         1.5062929011         0.6786512105         4.4120988357
        2.8600010000         3.0000000000         1.5062929011         0.6939624752         4.4120988357
        2.8650011000         3.0000000000         1.5139498816         0.7194812498         4.6115608084
        2.8700011000         3.0000000000         1.4986359205         0.7296887597         4.2126368630
        2.8750023000         3.0000000000         1.4960835936         0.7424481470         4.1461495388
        2.8800016000         3.0000000000         1.4986359205         0.7552075343         4.2126368630
        2.8850011000         3.0000000000         1.5011882474         0.7807263088         4.2791241872
        2.8900011000         3.0000000000         1.5037405742         0.7985894511         4.3456115115
        2.8950025000         3.0000000000         1.5088452279         0.8113488384         4.4785861599
        2.9000013000         3.0000000000         1.5165022085         0.8317638580         4.6780481326
        2.9050019000         3.0000000000         1.5088452279         0.8496270002         4.4785861599
        2.9100025000         3.0000000000         1.4986359205         0.8674901425         4.2126368630
        2.9150015000         3.0000000000         1.5062929011         0.8904570396         4.4120988357
        2.9200010000         3.0000000000         1.5037405742         0.9032164269         4.3456115115
        2.9250029000         3.0000000000         1.5037405742         0.9134239367         4.3456115115
        2.9300015000         3.0000000000         1.5113975548         0.9389427113         4.5450734841
        2.9350046000         3.0000000000         1.5011882474         0.9542539761         4.2791241872
        2.9400014000         3.0000000000         1.5062929011         0.9721171183         4.4120988357
        2.9450018000         3.0000000000         1.5088452279         0.9848765056         4.4785861599
        2.9500011000         3.0000000000         1.5088452279         1.0078434027         4.4785861599
        2.9550011000         3.0000000000         1.4960835936         1.0308102998         4.1461495388
        2.9600011000         3.0000000000         1.5190545354         1.0486734420         4.7445354568
        2.9650010000         3.0000000000         1.5011882474         1.0537771970         4.2791241872
        2.9700011000         3.0000000000         1.5139498816         1.0818478490         4.6115608084
        2.9750031000         3.0000000000         1.4986359205         1.0869516039         4.2126368630
        2.9800012000         3.0000000000         1.4909789399         1.1022628687         4.0131748903
        2.9850011000         3.0000000000         1.5062929011         1.1277816433         4.4120988357
        2.9900012000         3.0000000000         1.5011882474         1.1405410306         4.2791241872
        2.9950027000         3.0000000000         1.5113975548         1.1660598052         4.5450734841
        3.0000029000         3.0000000000         1.4935312668         1.1762673150         4.0796622145
        3.0050020000         3.0000000000         1.4986359205         1.1864748248         4.2126368630
        3.0100013000         3.0000000000         1.4935312668         1.2094417220         4.0796622145
        3.0150013000         3.0000000000         1.5088452279         1.2298567416         4.4785861599
        3.0200013000         3.0000000000         1.4909789399         1.2349604965         4.0131748903
        3.0250015000         3.0000000000         1.5037405742         1.2630311486         4.3456115115
        3.0300010000         3.0000000000         1.4935312668         1.2757905359         4.0796622145
        3.0350022000         3.0000000000         1.5088452279         1.2962055556         4.4785861599
        3.0400041000         3.0000000000         1.4858742862         1.3064130654         3.8802002419
        3.0450024000         3.0000000000         1.4935312668         1.3166205752         4.0796622145
        3.0500014000         3.0000000000         1.4909789399         1.3319318400         4.0131748903
        3.0550011000         3.0000000000         1.5037405742         1.3548987371         4.3456115115
        3.0600012000         3.0000000000         1.5088452279         1.3778656343         4.4785861599
        3.0650014000         3.0000000000         1.4909789399         1.3855212666         4.0131748903
        3.0700016000         3.0000000000         1.5037405742         1.4110400412         4.3456115115
        3.0750014000         3.0000000000         1.4960835936         1.4161437961         4.1461495388
        3.0800010000         3.0000000000         1.5088452279         1.4467663256         4.4785861599
        3.0850012000         3.0000000000         1.5011882474         1.4569738355         4.2791241872
        3.0900011000         3.0000000000         1.5037405742         1.4748369777         4.3456115115
        3.0950025000         3.0000000000         1.5062929011         1.4952519974         4.4120988357
        3.1000012000         3.0000000000         1.4960835936         1.4978038748         4.1461495388
        3.1050018000         3.0000000000         1.5190545354         1.5258745269         4.7445354568
        3.1100011000         3.0000000000         1.4960835936         1.5335301593         4.1461495388
        3.1150027000         3.0000000000         1.5011882474         1.5539451789         4.2791241872
        3.1200022000         3.0000000000         1.5062929011         1.5718083211         4.4120988357
        3.1250021000         3.0000000000         1.5088452279         1.5973270957         4.4785861599
        3.1300014000         3.0000000000         1.4986359205         1.6049827281         4.2126368630
        3.1350382000         3.0000000000         1.4858742862         1.6151902379         3.8802002419
        3.1400011000         3.0000000000         1.5062929011         1.6381571351         4.4120988357
        3.1450011000         3.0000000000         1.5037405742         1.6560202773         4.3456115115
        3.1500017000         3.0000000000         1.4986359205         1.6713315420         4.2126368630
        3.1550012000         3.0000000000         1.4935312668         1.6789871744         4.0796622145
        3.1600029000         3.0000000000         1.4986359205         1.7019540715         4.2126368630
        3.1650027000         3.0000000000         1.5062929011         1.7198172138         4.4120988357
        3.1700013000         3.0000000000         1.5062929011         1.7274728461         4.4120988357
        3.1750010000         3.0000000000         1.5011882474         1.7529916207         4.2791241872
        3.1800019000         3.0000000000         1.4986359205         1.7708547629         4.2126368630
        3.1850012000         3.0000000000         1.4986359205         1.7861660277         4.2126368630
        3.1900013000         3.0000000000         1.5113975548         1.8014772924         4.5450734841
        3.1950020000         3.0000000000         1.4960835936         1.8193404347         4.1461495388
        3.2000012000         3.0000000000         1.5190545354         1.8423073318         4.7445354568
        3.2050010000         3.0000000000         1.4884266131         1.8448592093         3.9466875661
        3.2100011000         3.0000000000         1.5113975548         1.8678261064         4.5450734841
        3.2150010000         3.0000000000         1.5113975548         1.8831373711         4.5450734841
        3.2200156000         3.0000000000         1.5062929011         1.9010005134         4.4120988357
        3.2250035000         3.0000000000         1.5088452279         1.9188636556         4.4785861599
        3.2300037000         3.0000000000         1.4986359205         1.9341749203         4.2126368630
        3.2350027000         3.0000000000         1.5011882474         1.9418305527         4.2791241872
        3.2400015000         3.0000000000         1.5011882474         1.9673493273         4.2791241872
        3.2450017000         3.0000000000         1.5037405742         1.9826605920         4.3456115115
        3.2500022000         3.0000000000         1.5062929011         2.0005237343         4.4120988357
        3.2550019000         3.0000000000         1.5113975548         2.0234906314         4.5450734841
        3.2600027000         3.0000000000         1.4935312668         2.0311462638         4.0796622145
        3.2650014000         3.0000000000         1.5062929011         2.0566650383         4.4120988357
        3.2700014000         3.0000000000         1.5037405742         2.0617687933         4.3456115115
        3.2750033000         3.0000000000         1.5113975548         2.0898394453         4.5450734841
        3.2800025000         3.0000000000         1.5037405742         2.1000469552         4.3456115115
        3.2850026000         3.0000000000         1.5062929011         2.1179100974         4.4120988357
        3.2900014000         3.0000000000         1.5037405742         2.1383251170         4.3456115115
        3.2950010000         3.0000000000         1.5113975548         2.1536363818         4.5450734841
        3.3000012000         3.0000000000         1.5011882474         2.1714995240         4.2791241872
        3.3050030000         3.0000000000         1.4884266131         2.1791551564         3.9466875661
        3.3100042000         3.0000000000         1.4960835936         2.2021220535         4.1461495388
        3.3150057000         3.0000000000         1.5037405742         2.2199851957         4.3456115115
        3.3200012000         3.0000000000         1.5088452279         2.2378483379         4.4785861599
        3.3250020000         3.0000000000         1.4909789399         2.2531596027         4.0131748903
        3.3300012000         3.0000000000         1.5037405742         2.2710227449         4.3456115115
        3.3350028000         3.0000000000         1.4986359205         2.2914377646         4.2126368630
        3.3400014000         3.0000000000         1.5190545354         2.3093009068         4.7445354568
        3.3450011000         3.0000000000         1.4960835936         2.3195084166         4.1461495388
        3.3500022000         3.0000000000         1.4960835936         2.3348196814         4.1461495388
        3.3550024000         3.0000000000         1.5011882474         2.3501309461         4.2791241872
        3.3600012000         3.0000000000         1.4986359205         2.3679940883         4.2126368630
        3.3650011000         3.0000000000         1.5062929011         2.3858572306         4.4120988357
        3.3700011000         3.0000000000         1.4960835936         2.4088241277         4.1461495388
        3.3750030000         3.0000000000         1.4986359205         2.4190316375         4.2126368630
        3.3800025000         3.0000000000         1.4884266131         2.4266872699         3.9466875661
        3.3850016000         3.0000000000         1.4960835936         2.4419985347         4.1461495388
        3.3900011000         3.0000000000         1.4884266131         2.4649654318         3.9466875661
        3.3950205000         3.0000000000         1.4960835936         2.4828285740         4.1461495388
        3.4000038000         3.0000000000         1.5011882474         2.5032435937         4.2791241872
        3.4050020000         3.0000000000         1.5088452279         2.5211067359         4.4785861599
        3.4100029000         3.0000000000         1.4884266131         2.5236586133         3.9466875661
        3.4150027000         3.0000000000         1.4960835936         2.5491773879         4.1461495388
        3.4200013000         3.0000000000         1.4960835936         2.5644886527         4.1461495388
        3.4250018000         3.0000000000         1.5165022085         2.5874555498         4.6780481326
        3.4300012000         3.0000000000         1.5165022085         2.6053186920         4.6780481326
        3.4350010000         3.0000000000         1.4986359205         2.6155262019         4.2126368630
        3.4400017000         3.0000000000         1.4986359205         2.6282855892         4.2126368630
        3.4450025000         3.0000000000         1.4986359205         2.6487006088         4.2126368630
        3.4500015000         3.0000000000         1.5165022085         2.6716675060         4.6780481326
        3.4550012000         3.0000000000         1.4986359205         2.6793231383         4.2126368630
        3.4600011000         3.0000000000         1.4986359205         2.6946344031         4.2126368630
        3.4650016000         3.0000000000         1.5062929011         2.7124975453         4.4120988357
        3.4700012000         3.0000000000         1.4960835936         2.7252569326         4.1461495388
        3.4750019000         3.0000000000         1.5139498816         2.7533275847         4.6115608084
        3.4800011000         3.0000000000         1.4960835936         2.7635350945         4.1461495388
        3.4850020000         3.0000000000         1.5037405742         2.7813982367         4.3456115115
        3.4900012000         3.0000000000         1.5037405742         2.7992613789         4.3456115115
        3.4950011000         3.0000000000         1.5037405742         2.8094688888         4.3456115115
        3.5000035000         3.0000000000         1.4960835936         2.8298839084         4.1461495388
        3.5050025000         3.0000000000         1.4884266131         2.8502989281         3.9466875661
        3.5100019000         3.0000000000         1.5037405742         2.8630583154         4.3456115115
        3.5150012000         3.0000000000         1.4986359205         2.8732658252         4.2126368630
        3.5200012000         3.0000000000         1.5088452279         2.9013364773         4.4785861599
        3.5250030000         3.0000000000         1.5011882474         2.9217514970         4.2791241872
        3.5300021000         3.0000000000         1.5062929011         2.9370627617         4.4120988357
        3.5350023000         3.0000000000         1.5088452279         2.9472702715         4.4785861599
        3.5400013000         3.0000000000         1.5011882474         2.9574777814         4.2791241872
        3.5450011000         3.0000000000         1.4960835936         2.9804446785         4.1461495388
        3.5500012000         3.0000000000         1.5011882474         2.9957559433         4.2791241872
        3.5550013000         3.0000000000         1.5037405742         3.0110672080         4.3456115115
        3.5600021000         3.0000000000         1.5062929011         3.0314822277         4.4120988357
        3.5650058000         3.0000000000         1.4884266131         3.0442416150         3.9466875661
        3.5700031000         3.0000000000         1.5062929011         3.0646566347         4.4120988357
        3.5750028000         3.0000000000         1.5037405742         3.0927272867         4.3456115115
        3.5800049000         3.0000000000         1.5062929011         3.0952791642         4.4120988357
        3.5850028000         3.0000000000         1.5011882474         3.1233498162         4.2791241872
        3.5900012000         3.0000000000         1.5037405742         3.1335573261         4.3456115115
        3.5950011000         3.0000000000         1.4960835936         3.1514204683         4.1461495388
        3.6000020000         3.0000000000         1.5088452279         3.1743873654         4.4785861599
        3.6050011000         3.0000000000         1.5062929011         3.1845948752         4.4120988357
        3.6100012000         3.0000000000         1.4935312668         3.1999061400         4.0796622145
        3.6150012000         3.0000000000         1.4986359205         3.2126655273         4.2126368630
        3.6200014000         3.0000000000         1.4935312668         3.2356324244         4.0796622145
        3.6250020000         3.0000000000         1.5216068622         3.2560474441         4.8110227810
        3.6300014000         3.0000000000         1.4986359205         3.2739105863         4.2126368630
        3.6350012000         3.0000000000         1.5113975548         3.2892218510         4.5450734841
        3.6400012000         3.0000000000         1.5088452279         3.3019812383         4.4785861599
        3.6450032000         3.0000000000         1.4986359205         3.3121887482         4.2126368630
        3.6500014000         3.0000000000         1.4986359205         3.3300518904         4.2126368630
        3.6550011000         3.0000000000         1.4986359205         3.3504669101         4.2126368630
        3.6600024000         3.0000000000         1.5037405742         3.3759856847         4.3456115115
        3.6650021000         3.0000000000         1.4960835936         3.3759856847         4.1461495388
        3.6700012000         3.0000000000         1.5037405742         3.4015044592         4.3456115115
        3.6750015000         3.0000000000         1.4960835936         3.4142638465         4.1461495388
        3.6800011000         3.0000000000         1.4909789399         3.4270232338         4.0131748903
        3.6850010000         3.0000000000         1.5088452279         3.4601976408         4.4785861599
        3.6900016000         3.0000000000         1.5062929011         3.4704051506         4.4120988357
        3.6950016000         3.0000000000         1.5011882474         3.4882682929         4.2791241872
        3.7000011000         3.0000000000         1.4935312668         3.4959239252         4.0796622145
        3.7050013000         3.0000000000         1.4935312668         3.5239945773         4.0796622145
        3.7100011000         3.0000000000         1.5088452279         3.5367539646         4.4785861599
        3.7150026000         3.0000000000         1.4782173056         3.5571689842         3.6807382692
        3.7200012000         3.0000000000         1.4909789399         3.5699283715         4.0131748903
        3.7250012000         3.0000000000         1.5037405742         3.5852396363         4.3456115115
        3.7300011000         3.0000000000         1.4986359205         3.6056546560         4.2126368630
        3.7350011000         3.0000000000         1.4986359205         3.6107584109         4.2126368630
        3.7400011000         3.0000000000         1.4858742862         3.6311734306         3.8802002419
        3.7450017000         3.0000000000         1.5011882474         3.6541403277         4.2791241872
        3.7500031000         3.0000000000         1.4986359205         3.6643478375         4.2126368630
        3.7550029000         3.0000000000         1.4909789399         3.6771072248         4.0131748903
        3.7600028000         3.0000000000         1.5113975548         3.7051778769         4.5450734841
        3.7650316000         3.0000000000         1.4935312668         3.7153853867         4.0796622145
        3.7700033000         3.0000000000         1.5011882474         3.7306966515         4.2791241872
        3.7750022000         3.0000000000         1.4909789399         3.7460079162         4.0131748903
        3.7800012000         3.0000000000         1.5113975548         3.7638710584         4.5450734841
        3.7850037000         3.0000000000         1.4731126519         3.7791823232         3.5477636207
        3.7900013000         3.0000000000         1.4986359205         3.7995973429         4.2126368630
        3.7950010000         3.0000000000         1.4960835936         3.8123567301         4.1461495388
        3.8000012000         3.0000000000         1.4909789399         3.8225642400         4.0131748903
        3.8050021000         3.0000000000         1.5037405742         3.8455311371         4.3456115115
        3.8100011000         3.0000000000         1.4909789399         3.8684980342         4.0131748903
        3.8150022000         3.0000000000         1.4986359205         3.8710499117         4.2126368630
        3.8200021000         3.0000000000         1.4935312668         3.8914649314         4.0796622145
        3.8250015000         3.0000000000         1.5011882474         3.9093280736         4.2791241872
        3.8300012000         3.0000000000         1.4884266131         3.9297430933         3.9466875661
        3.8350018000         3.0000000000         1.4960835936         3.9399506031         4.1461495388
        3.8400013000         3.0000000000         1.4833219594         3.9476062355         3.8137129176
        3.8450031000         3.0000000000         1.5062929011         3.9731250101         4.4120988357
        3.8500031000         3.0000000000         1.4960835936         3.9884362748         4.1461495388
        3.8550026000         3.0000000000         1.4960835936         4.0114031719         4.1461495388
        3.8600014000         3.0000000000         1.4960835936         4.0216106818         4.1461495388
        3.8650012000         3.0000000000         1.4858742862         4.0369219465         3.8802002419
        3.8700013000         3.0000000000         1.5037405742         4.0496813338         4.3456115115
        3.8750022000         3.0000000000         1.4833219594         4.0675444760         3.8137129176
        3.8800015000         3.0000000000         1.4986359205         4.0854076183         4.2126368630
        3.8850012000         3.0000000000         1.4884266131         4.0981670056         3.9466875661
        3.8900014000         3.0000000000         1.4909789399         4.1109263928         4.0131748903
        3.8950012000         3.0000000000         1.5011882474         4.1287895351         4.2791241872
        3.9000011000         3.0000000000         1.4833219594         4.1441007998         3.8137129176
        3.9050012000         3.0000000000         1.4960835936         4.1645158195         4.1461495388
        3.9100030000         3.0000000000         1.4960835936         4.1798270842         4.1461495388
        3.9150024000         3.0000000000         1.4986359205         4.1925864715         4.2126368630
        3.9200011000         3.0000000000         1.5037405742         4.2155533687         4.3456115115
        3.9250019000         3.0000000000         1.5037405742         4.2308646334         4.3456115115
        3.9300013000         3.0000000000         1.4884266131         4.2410721433         3.9466875661
        3.9350032000         3.0000000000         1.4986359205         4.2640390404         4.2126368630
        3.9400013000         3.0000000000         1.5011882474         4.2793503051         4.2791241872
        3.9450013000         3.0000000000         1.4960835936         4.3023172023         4.1461495388
        3.9500011000         3.0000000000         1.5011882474         4.3227322219         4.2791241872
        3.9550014000         3.0000000000         1.4909789399         4.3303878543         4.0131748903
        3.9600011000         3.0000000000         1.5037405742         4.3482509965         4.3456115115
        3.9650012000         3.0000000000         1.5062929011         4.3686660162         4.4120988357
        3.9700012000         3.0000000000         1.5113975548         4.3865291584         4.5450734841
        3.9750014000         3.0000000000         1.4858742862         4.3992885457         3.8802002419
        3.9800010000         3.0000000000         1.5062929011         4.4145998105         4.4120988357
        3.9850016000         3.0000000000         1.5011882474         4.4324629527         4.2791241872
        3.9900011000         3.0000000000         1.5088452279         4.4554298498         4.4785861599
        3.9950011000         3.0000000000         1.4935312668         4.4656373597         4.0796622145
