% Motor Sweep Step 96/180
% Vcmd       = 2.0200 [V]
% Direction  = CCW
% Zone       = DEADZONE
% Vg_offset  = 1.336920 [V]
% K_gimbal   = 26.049690 [(rad/s)/V]

Time[s]              Vcmd[V]              Vg_raw[V]            Pot[V]               Omega[rad/s]
        0.0000076000         2.0200000000         1.3352870017         3.4831645379        -0.0425518875
        0.0050016000         2.0200000000         1.3352870017         3.4780607830        -0.0425518875
        0.0100018000         2.0200000000         1.3378393285         3.4780607830         0.0239354367
        0.0150011000         2.0200000000         1.3378393285         3.4755089056         0.0239354367
        0.0200091000         2.0200000000         1.3352870017         3.4755089056        -0.0425518875
        0.0250022000         2.0200000000         1.3250776943         3.4755089056        -0.3085011844
        0.0300015000         2.0200000000         1.2076706589         3.4653013957        -3.3669180988
        0.0350011000         2.0200000000         1.2689265034         3.4525420084        -1.7712223174
        0.0400019000         2.0200000000         1.2663741766         3.4576457633        -1.8377096416
        0.0450029000         2.0200000000         1.2485078886         3.4499901310        -2.3031209112
        0.0500034000         2.0200000000         1.2434032349         3.4321269888        -2.4360955597
        0.0550033000         2.0200000000         1.2510602154         3.4193676015        -2.2366335870
        0.0600063000         2.0200000000         1.2382985811         3.4142638465        -2.5690702081
        0.0650029000         2.0200000000         1.2331939274         3.4040563367        -2.7020448566
        0.0700013000         2.0200000000         1.2510602154         3.3912969494        -2.2366335870
        0.0750021000         2.0200000000         1.2102229857         3.3810894396        -3.3004307746
        0.0800029000         2.0200000000         1.2306416006         3.3734338072        -2.7685321808
        0.0850024000         2.0200000000         1.2280892737         3.3632262974        -2.8350195050
        0.0900014000         2.0200000000         1.2102229857         3.3453631551        -3.3004307746
        0.0950018000         2.0200000000         1.2127753126         3.3326037679        -3.2339434504
        0.1000010000         2.0200000000         1.2127753126         3.3223962580        -3.2339434504
        0.1050020000         2.0200000000         1.2204322931         3.3147406256        -3.0344814777
        0.1100013000         2.0200000000         1.2204322931         3.3096368707        -3.0344814777
        0.1150024000         2.0200000000         1.2153276394         3.2917737285        -3.1674561262
        0.1200013000         2.0200000000         1.2280892737         3.2866699736        -2.8350195050
        0.1250022000         2.0200000000         1.2127753126         3.2662549539        -3.2339434504
        0.1300011000         2.0200000000         1.2127753126         3.2611511990        -3.2339434504
        0.1350016000         2.0200000000         1.2127753126         3.2458399342        -3.2339434504
        0.1400013000         2.0200000000         1.2102229857         3.2305286695        -3.3004307746
        0.1450012000         2.0200000000         1.2025660052         3.2177692822        -3.4998927473
        0.1500024000         2.0200000000         1.2000136783         3.1973542625        -3.5663800715
        0.1550020000         2.0200000000         1.2000136783         3.1845948752        -3.5663800715
        0.1600013000         2.0200000000         1.2051183320         3.1794911203        -3.4334054231
        0.1650012000         2.0200000000         1.2051183320         3.1692836105        -3.4334054231
        0.1700010000         2.0200000000         1.2076706589         3.1565242232        -3.3669180988
        0.1750010000         2.0200000000         1.1949090246         3.1361092035        -3.6993547200
        0.1800017000         2.0200000000         1.2153276394         3.1284535711        -3.1674561262
        0.1850017000         2.0200000000         1.1923566977         3.1131423064        -3.7658420442
        0.1900012000         2.0200000000         1.2051183320         3.0978310416        -3.4334054231
        0.1950012000         2.0200000000         1.1846997172         3.0774160220        -3.9653040169
        0.2000010000         2.0200000000         1.1949090246         3.0621047572        -3.6993547200
        0.2050027000         2.0200000000         1.2000136783         3.0621047572        -3.5663800715
        0.2100023000         2.0200000000         1.2000136783         3.0391378601        -3.5663800715
        0.2150011000         2.0200000000         1.1923566977         3.0212747179        -3.7658420442
        0.2200010000         2.0200000000         1.2000136783         3.0161709629        -3.5663800715
        0.2250090000         2.0200000000         1.1898043709         2.9983078207        -3.8323293684
        0.2300012000         2.0200000000         1.1923566977         2.9829965560        -3.7658420442
        0.2350019000         2.0200000000         1.1821473903         2.9651334138        -4.0317913411
        0.2400023000         2.0200000000         1.2051183320         2.9498221490        -3.4334054231
        0.2450018000         2.0200000000         1.1846997172         2.9396146392        -3.9653040169
        0.2500010000         2.0200000000         1.1974613514         2.9217514970        -3.6328673957
        0.2550011000         2.0200000000         1.1898043709         2.9166477420        -3.8323293684
        0.2600010000         2.0200000000         1.2000136783         2.9038883547        -3.5663800715
        0.2650016000         2.0200000000         1.2051183320         2.8911289674        -3.4334054231
        0.2700013000         2.0200000000         1.2051183320         2.8732658252        -3.4334054231
        0.2750021000         2.0200000000         1.1846997172         2.8554026830        -3.9653040169
        0.2800013000         2.0200000000         1.1872520440         2.8324357859        -3.8988166927
        0.2850128000         2.0200000000         1.2025660052         2.8298839084        -3.4998927473
        0.2900027000         2.0200000000         1.1949090246         2.8120207662        -3.6993547200
        0.2950022000         2.0200000000         1.1872520440         2.7992613789        -3.8988166927
        0.3000019000         2.0200000000         1.1821473903         2.7762944818        -4.0317913411
        0.3050014000         2.0200000000         1.1923566977         2.7609832170        -3.7658420442
        0.3100018000         2.0200000000         1.1821473903         2.7482238297        -4.0317913411
        0.3150014000         2.0200000000         1.1923566977         2.7354644424        -3.7658420442
        0.3200011000         2.0200000000         1.1821473903         2.7176013002        -4.0317913411
        0.3250010000         2.0200000000         1.1923566977         2.7099456679        -3.7658420442
        0.3300028000         2.0200000000         1.1923566977         2.6946344031        -3.7658420442
        0.3350022000         2.0200000000         1.1770427366         2.6793231383        -4.1647659896
        0.3400013000         2.0200000000         1.1846997172         2.6665637511        -3.9653040169
        0.3450019000         2.0200000000         1.1846997172         2.6461487314        -3.9653040169
        0.3500025000         2.0200000000         1.1872520440         2.6359412215        -3.8988166927
        0.3550014000         2.0200000000         1.1846997172         2.6231818342        -3.9653040169
        0.3600015000         2.0200000000         1.1898043709         2.6078705695        -3.8323293684
        0.3650024000         2.0200000000         1.1974613514         2.5976630597        -3.6328673957
        0.3700015000         2.0200000000         1.1846997172         2.5721442851        -3.9653040169
        0.3750012000         2.0200000000         1.1872520440         2.5568330203        -3.8988166927
        0.3800022000         2.0200000000         1.1898043709         2.5542811429        -3.8323293684
        0.3850014000         2.0200000000         1.1795950634         2.5313142457        -4.0982786653
        0.3900013000         2.0200000000         1.1898043709         2.5108992261        -3.8323293684
        0.3950015000         2.0200000000         1.1846997172         2.5083473486        -3.9653040169
        0.4000025000         2.0200000000         1.1846997172         2.4879323289        -3.9653040169
        0.4050025000         2.0200000000         1.1846997172         2.4649654318        -3.9653040169
        0.4100014000         2.0200000000         1.1821473903         2.4522060445        -4.0317913411
        0.4150021000         2.0200000000         1.2000136783         2.4471022896        -3.5663800715
        0.4200013000         2.0200000000         1.1744904097         2.4266872699        -4.2312533138
        0.4250012000         2.0200000000         1.1974613514         2.4190316375        -3.6328673957
        0.4300019000         2.0200000000         1.1898043709         2.4037203728        -3.8323293684
        0.4350012000         2.0200000000         1.1949090246         2.3833053531        -3.6993547200
        0.4400011000         2.0200000000         1.1872520440         2.3705459658        -3.8988166927
        0.4450015000         2.0200000000         1.1923566977         2.3603384560        -3.7658420442
        0.4500018000         2.0200000000         1.1974613514         2.3399234363        -3.6328673957
        0.4550030000         2.0200000000         1.2102229857         2.3322678039        -3.3004307746
        0.4600026000         2.0200000000         1.1898043709         2.3169565392        -3.8323293684
        0.4650012000         2.0200000000         1.1974613514         2.3016452744        -3.6328673957
        0.4700012000         2.0200000000         1.1872520440         2.2812302547        -3.8988166927
        0.4750014000         2.0200000000         1.1846997172         2.2659189900        -3.9653040169
        0.4800011000         2.0200000000         1.1770427366         2.2429520929        -4.1647659896
        0.4850009000         2.0200000000         1.1923566977         2.2378483379        -3.7658420442
        0.4900032000         2.0200000000         1.1923566977         2.2276408281        -3.7658420442
        0.4950013000         2.0200000000         1.2025660052         2.2123295633        -3.4998927473
        0.5000010000         2.0200000000         1.1846997172         2.1842589113        -3.9653040169
        0.5050012000         2.0200000000         1.1949090246         2.1766032789        -3.6993547200
        0.5100012000         2.0200000000         1.1846997172         2.1561882593        -3.9653040169
        0.5150012000         2.0200000000         1.1923566977         2.1383251170        -3.7658420442
        0.5200018000         2.0200000000         1.1898043709         2.1332213621        -3.8323293684
        0.5250027000         2.0200000000         1.2000136783         2.1179100974        -3.5663800715
        0.5300021000         2.0200000000         1.1898043709         2.1051507101        -3.8323293684
        0.5350020000         2.0200000000         1.2051183320         2.0923913228        -3.4334054231
        0.5400013000         2.0200000000         1.1846997172         2.0770800580        -3.9653040169
        0.5450011000         2.0200000000         1.1898043709         2.0617687933        -3.8323293684
        0.5500021000         2.0200000000         1.2000136783         2.0541131609        -3.5663800715
        0.5550010000         2.0200000000         1.1898043709         2.0336981412        -3.8323293684
        0.5600011000         2.0200000000         1.1770427366         2.0107312441        -4.1647659896
        0.5650017000         2.0200000000         1.1974613514         2.0030756117        -3.6328673957
        0.5700011000         2.0200000000         1.1821473903         1.9852124695        -4.0317913411
        0.5750014000         2.0200000000         1.2025660052         1.9750049597        -3.4998927473
        0.5800029000         2.0200000000         1.1872520440         1.9571418174        -3.8988166927
        0.5850026000         2.0200000000         1.1949090246         1.9469343076        -3.6993547200
        0.5900398000         2.0200000000         1.1821473903         1.9290711654        -4.0317913411
        0.5950025000         2.0200000000         1.1898043709         1.9163117781        -3.8323293684
        0.6000015000         2.0200000000         1.1949090246         1.8984486359        -3.6993547200
        0.6050011000         2.0200000000         1.1974613514         1.8933448810        -3.6328673957
        0.6100028000         2.0200000000         1.2000136783         1.8831373711        -3.5663800715
        0.6150024000         2.0200000000         1.1974613514         1.8652742289        -3.6328673957
        0.6200014000         2.0200000000         1.1898043709         1.8423073318        -3.8323293684
        0.6250024000         2.0200000000         1.1949090246         1.8295479445        -3.6993547200
        0.6300012000         2.0200000000         1.1923566977         1.8167885572        -3.7658420442
        0.6350011000         2.0200000000         1.1846997172         1.7938216601        -3.9653040169
        0.6400010000         2.0200000000         1.1846997172         1.7810622728        -3.9653040169
        0.6450162000         2.0200000000         1.2025660052         1.7785103953        -3.4998927473
        0.6500021000         2.0200000000         1.1898043709         1.7580953756        -3.8323293684
        0.6550014000         2.0200000000         1.2025660052         1.7504397433        -3.4998927473
        0.6600011000         2.0200000000         1.1846997172         1.7376803560        -3.9653040169
        0.6650016000         2.0200000000         1.2000136783         1.7274728461        -3.5663800715
        0.6700010000         2.0200000000         1.1821473903         1.6968503166        -4.0317913411
        0.6750011000         2.0200000000         1.2025660052         1.6968503166        -3.4998927473
        0.6800010000         2.0200000000         1.1821473903         1.6789871744        -4.0317913411
        0.6850011000         2.0200000000         1.1949090246         1.6560202773        -3.6993547200
        0.6900010000         2.0200000000         1.1923566977         1.6458127674        -3.7658420442
        0.6950014000         2.0200000000         1.1898043709         1.6330533802        -3.8323293684
        0.7000011000         2.0200000000         1.1923566977         1.6177421154        -3.7658420442
        0.7050029000         2.0200000000         1.1872520440         1.6049827281        -3.8988166927
        0.7100024000         2.0200000000         1.1923566977         1.5973270957        -3.7658420442
        0.7150012000         2.0200000000         1.2025660052         1.5794639535        -3.4998927473
        0.7200011000         2.0200000000         1.1668334292         1.5616008113        -4.4307152865
        0.7250018000         2.0200000000         1.1872520440         1.5462895465        -3.8988166927
        0.7300012000         2.0200000000         1.2051183320         1.5386339142        -3.4334054231
        0.7350012000         2.0200000000         1.1795950634         1.5131151396        -4.0982786653
        0.7400024000         2.0200000000         1.2025660052         1.4978038748        -3.4998927473
        0.7450022000         2.0200000000         1.1872520440         1.4901482425        -3.8988166927
        0.7500012000         2.0200000000         1.1974613514         1.4748369777        -3.6328673957
        0.7550012000         2.0200000000         1.1898043709         1.4620775904        -3.8323293684
        0.7600011000         2.0200000000         1.1974613514         1.4493182031        -3.6328673957
        0.7650010000         2.0200000000         1.1719380829         1.4289031834        -4.2977406380
        0.7700020000         2.0200000000         1.2025660052         1.4212475511        -3.4998927473
        0.7750019000         2.0200000000         1.1795950634         1.3957287765        -4.0982786653
        0.7800015000         2.0200000000         1.2000136783         1.3829693892        -3.5663800715
        0.7850019000         2.0200000000         1.1923566977         1.3727618793        -3.7658420442
        0.7900012000         2.0200000000         1.1923566977         1.3676581244        -3.7658420442
        0.7950015000         2.0200000000         1.1949090246         1.3497949822        -3.6993547200
        0.8000027000         2.0200000000         1.1898043709         1.3268280851        -3.8323293684
        0.8050016000         2.0200000000         1.1821473903         1.3089649429        -4.0317913411
        0.8100011000         2.0200000000         1.1949090246         1.3013093105        -3.6993547200
        0.8150011000         2.0200000000         1.1821473903         1.2808942908        -4.0317913411
        0.8200011000         2.0200000000         1.1846997172         1.2655830261        -3.9653040169
        0.8250099000         2.0200000000         1.1974613514         1.2579273937        -3.6328673957
        0.8300029000         2.0200000000         1.1821473903         1.2375123740        -4.0317913411
        0.8350021000         2.0200000000         1.1693857560         1.2222011093        -4.3642279622
        0.8400017000         2.0200000000         1.1898043709         1.2145454769        -3.8323293684
        0.8450023000         2.0200000000         1.1846997172         1.2017860896        -3.9653040169
        0.8500012000         2.0200000000         1.1974613514         1.1941304572        -3.6328673957
        0.8550139000         2.0200000000         1.1898043709         1.1711635601        -3.8323293684
        0.8600012000         2.0200000000         1.1770427366         1.1481966629        -4.1647659896
        0.8650021000         2.0200000000         1.2076706589         1.1481966629        -3.3669180988
        0.8700013000         2.0200000000         1.1872520440         1.1277816433        -3.8988166927
        0.8750012000         2.0200000000         1.1949090246         1.1124703785        -3.6993547200
        0.8800017000         2.0200000000         1.1872520440         1.0946072363        -3.8988166927
        0.8850018000         2.0200000000         1.2025660052         1.0895034814        -3.4998927473
        0.8900039000         2.0200000000         1.2025660052         1.0716403392        -3.4998927473
        0.8950032000         2.0200000000         1.2025660052         1.0537771970        -3.4998927473
        0.9000022000         2.0200000000         1.1949090246         1.0435696871        -3.6993547200
        0.9050014000         2.0200000000         1.2025660052         1.0308102998        -3.4998927473
        0.9100024000         2.0200000000         1.2025660052         1.0154990351        -3.4998927473
        0.9150012000         2.0200000000         1.1898043709         0.9950840154        -3.8323293684
        0.9200031000         2.0200000000         1.1898043709         0.9772208732        -3.8323293684
        0.9250025000         2.0200000000         1.1872520440         0.9644614859        -3.8988166927
        0.9300027000         2.0200000000         1.1923566977         0.9568058535        -3.7658420442
        0.9350012000         2.0200000000         1.1872520440         0.9414945888        -3.8988166927
        0.9400012000         2.0200000000         1.2051183320         0.9338389564        -3.4334054231
        0.9450011000         2.0200000000         1.1872520440         0.9108720593        -3.8988166927
        0.9500012000         2.0200000000         1.2051183320         0.9006645494        -3.4334054231
        0.9550027000         2.0200000000         1.1872520440         0.8828014072        -3.8988166927
        0.9600017000         2.0200000000         1.2051183320         0.8725938974        -3.4334054231
        0.9650012000         2.0200000000         1.1974613514         0.8547307552        -3.6328673957
        0.9700030000         2.0200000000         1.1923566977         0.8394194904        -3.7658420442
        0.9750015000         2.0200000000         1.1974613514         0.8266601031        -3.6328673957
        0.9800013000         2.0200000000         1.1923566977         0.8113488384        -3.7658420442
        0.9850011000         2.0200000000         1.1923566977         0.7909338187        -3.7658420442
        0.9900033000         2.0200000000         1.1898043709         0.7781744314        -3.8323293684
        0.9950018000         2.0200000000         1.1923566977         0.7628631666        -3.7658420442
        1.0000012000         2.0200000000         1.1872520440         0.7526556568        -3.8988166927
        1.0050011000         2.0200000000         1.2025660052         0.7398962695        -3.4998927473
        1.0100021000         2.0200000000         1.1821473903         0.7194812498        -4.0317913411
        1.0150012000         2.0200000000         1.1898043709         0.7067218625        -3.8323293684
        1.0200012000         2.0200000000         1.1949090246         0.6990662302        -3.6993547200
        1.0250022000         2.0200000000         1.2025660052         0.6863068429        -3.4998927473
        1.0300020000         2.0200000000         1.1898043709         0.6709955781        -3.8323293684
        1.0350142000         2.0200000000         1.1949090246         0.6480286810        -3.6993547200
        1.0400018000         2.0200000000         1.1821473903         0.6378211711        -4.0317913411
        1.0450012000         2.0200000000         1.2025660052         0.6301655388        -3.4998927473
        1.0500012000         2.0200000000         1.2025660052         0.6123023966        -3.4998927473
        1.0550029000         2.0200000000         1.1770427366         0.5944392543        -4.1647659896
        1.0600019000         2.0200000000         1.1949090246         0.5714723572        -3.6993547200
        1.0650011000         2.0200000000         1.1821473903         0.5612648474        -4.0317913411
        1.0700011000         2.0200000000         1.1974613514         0.5510573375        -3.6328673957
        1.0750010000         2.0200000000         1.1974613514         0.5382979502        -3.6328673957
        1.0800039000         2.0200000000         1.1846997172         0.5178829306        -3.9653040169
        1.0850013000         2.0200000000         1.1923566977         0.5025716658        -3.7658420442
        1.0900016000         2.0200000000         1.1923566977         0.4821566461        -3.7658420442
        1.0950011000         2.0200000000         1.1898043709         0.4719491363        -3.8323293684
        1.1000011000         2.0200000000         1.1923566977         0.4642935039        -3.7658420442
        1.1050011000         2.0200000000         1.1974613514         0.4515341166        -3.6328673957
        1.1100013000         2.0200000000         1.1923566977         0.4311190970        -3.7658420442
        1.1150024000         2.0200000000         1.2025660052         0.4209115871        -3.4998927473
        1.1200014000         2.0200000000         1.1693857560         0.4004965675        -4.3642279622
        1.1250011000         2.0200000000         1.1821473903         0.3826334252        -4.0317913411
        1.1300010000         2.0200000000         1.1898043709         0.3647702830        -3.8323293684
        1.1350055000         2.0200000000         1.1821473903         0.3520108957        -4.0317913411
        1.1400025000         2.0200000000         1.1795950634         0.3290439986        -4.0982786653
        1.1450011000         2.0200000000         1.1974613514         0.3264921211        -3.6328673957
        1.1500019000         2.0200000000         1.1795950634         0.3009733466        -4.0982786653
        1.1550367000         2.0200000000         1.1795950634         0.2831102043        -4.0982786653
        1.1600022000         2.0200000000         1.1898043709         0.2805583269        -3.8323293684
        1.1650012000         2.0200000000         1.1846997172         0.2524876748        -3.9653040169
        1.1700017000         2.0200000000         1.1923566977         0.2371764101        -3.7658420442
        1.1750011000         2.0200000000         1.1846997172         0.2320726552        -3.9653040169
        1.1800011000         2.0200000000         1.1821473903         0.2091057580        -4.0317913411
        1.1850011000         2.0200000000         1.1949090246         0.1963463707        -3.6993547200
        1.1900011000         2.0200000000         1.1898043709         0.1810351060        -3.8323293684
        1.1950010000         2.0200000000         1.1846997172         0.1631719638        -3.9653040169
        1.2000010000         2.0200000000         1.1898043709         0.1504125765        -3.8323293684
        1.2050021000         2.0200000000         1.1898043709         0.1351013117        -3.8323293684
        1.2100013000         2.0200000000         1.1872520440         0.1172381695        -3.8988166927
        1.2150010000         2.0200000000         1.1719380829         0.0968231498        -4.2977406380
        1.2200011000         2.0200000000         1.1744904097         0.0713043752        -4.2312533138
        1.2250011000         2.0200000000         1.1770427366         0.0636487429        -4.1647659896
        1.2300016000         2.0200000000         1.1872520440         0.0457856007        -3.8988166927
        1.2350012000         2.0200000000         1.1898043709         0.0355780908        -3.8323293684
        1.2400029000         2.0200000000         1.1846997172         0.0177149486        -3.9653040169
        1.2450014000         2.0200000000         1.1821473903         0.0024036839        -4.0317913411
        1.2500012000         2.0200000000         1.1795950634        -0.0027000711        -4.0982786653
        1.2550011000         2.0200000000         1.1719380829        -0.0052519485        -4.2977406380
        1.2600013000         2.0200000000         1.1872520440         0.0075074388        -3.8988166927
        1.2650014000         2.0200000000         1.1744904097         0.0049555613        -4.2312533138
        1.2700011000         2.0200000000         1.1846997172         0.0100593162        -3.9653040169
        1.2750020000         2.0200000000         1.1770427366         0.0024036839        -4.1647659896
        1.2800021000         2.0200000000         1.1744904097        -0.0001481936        -4.2312533138
        1.2850013000         2.0200000000         1.1872520440         1.1099185011        -3.8988166927
        1.2900011000         2.0200000000         1.1617287755         1.1150222560        -4.5636899349
        1.2950010000         2.0200000000         1.1795950634         1.1150222560        -4.0982786653
        1.3000011000         2.0200000000         1.1770427366         4.9862203613        -4.1647659896
        1.3050176000         2.0200000000         1.1872520440         5.0066353810        -3.8988166927
        1.3100011000         2.0200000000         1.1719380829         5.0117391359        -4.2977406380
        1.3150020000         2.0200000000         1.1719380829         5.0066353810        -4.2977406380
        1.3200012000         2.0200000000         1.1770427366         5.0015316260        -4.1647659896
        1.3250010000         2.0200000000         1.1515194680         5.0066353810        -4.8296392318
        1.3300029000         2.0200000000         1.1795950634         5.0066353810        -4.0982786653
        1.3350021000         2.0200000000         1.1719380829         5.0066353810        -4.2977406380
        1.3400276000         2.0200000000         1.1693857560         4.9862203613        -4.3642279622
        1.3450020000         2.0200000000         1.1744904097         4.9836684838        -4.2312533138
        1.3500011000         2.0200000000         1.1693857560         4.9607015867        -4.3642279622
        1.3550027000         2.0200000000         1.1719380829         4.9428384445        -4.2977406380
        1.3600024000         2.0200000000         1.1693857560         4.9275271797        -4.3642279622
        1.3650022000         2.0200000000         1.1821473903         4.9147677924        -4.0317913411
        1.3700013000         2.0200000000         1.1821473903         4.8994565277        -4.0317913411
        1.3750018000         2.0200000000         1.1719380829         4.8713858756        -4.2977406380
        1.3800022000         2.0200000000         1.1693857560         4.8484189785        -4.3642279622
        1.3850013000         2.0200000000         1.1719380829         4.8407633461        -4.2977406380
        1.3900026000         2.0200000000         1.1719380829         4.8203483265        -4.2977406380
        1.3950012000         2.0200000000         1.1744904097         4.8050370617        -4.2312533138
        1.4000021000         2.0200000000         1.1464148143         4.7871739195        -4.9626138803
        1.4050014000         2.0200000000         1.1642811023         4.7616551449        -4.4972026107
        1.4100015000         2.0200000000         1.1591764486         4.7463438801        -4.6301772591
        1.4150010000         2.0200000000         1.1693857560         4.7284807379        -4.3642279622
        1.4200010000         2.0200000000         1.1846997172         4.7233769830        -3.9653040169
        1.4250099000         2.0200000000         1.1693857560         4.7080657183        -4.3642279622
        1.4300033000         2.0200000000         1.1846997172         4.6902025760        -3.9653040169
        1.4350026000         2.0200000000         1.1744904097         4.6646838015        -4.2312533138
        1.4400020000         2.0200000000         1.1719380829         4.6493725367        -4.2977406380
        1.4450013000         2.0200000000         1.1795950634         4.6340612719        -4.0982786653
        1.4500025000         2.0200000000         1.1642811023         4.6136462523        -4.4972026107
        1.4550029000         2.0200000000         1.1744904097         4.5906793551        -4.2312533138
        1.4600023000         2.0200000000         1.1821473903         4.5855756002        -4.0317913411
        1.4650017000         2.0200000000         1.1770427366         4.5626087031        -4.1647659896
        1.4700061000         2.0200000000         1.1617287755         4.5447455609        -4.5636899349
        1.4750014000         2.0200000000         1.1821473903         4.5370899285        -4.0317913411
        1.4800015000         2.0200000000         1.1795950634         4.5192267863        -4.0982786653
        1.4850011000         2.0200000000         1.1719380829         4.4911561342        -4.2977406380
        1.4900046000         2.0200000000         1.1693857560         4.4835005019        -4.3642279622
        1.4950039000         2.0200000000         1.1693857560         4.4579817273        -4.3642279622
        1.5000050000         2.0200000000         1.1795950634         4.4426704625        -4.0982786653
        1.5050026000         2.0200000000         1.1642811023         4.4197035654        -4.4972026107
        1.5100076000         2.0200000000         1.1744904097         4.4145998105        -4.2312533138
        1.5150040000         2.0200000000         1.1642811023         4.3839772810        -4.4972026107
        1.5200019000         2.0200000000         1.1770427366         4.3737697711        -4.1647659896
        1.5250048000         2.0200000000         1.1719380829         4.3584585064        -4.2977406380
        1.5300034000         2.0200000000         1.1821473903         4.3405953642        -4.0317913411
        1.5350038000         2.0200000000         1.1617287755         4.3227322219        -4.5636899349
        1.5400026000         2.0200000000         1.1719380829         4.3023172023        -4.2977406380
        1.5450038000         2.0200000000         1.1642811023         4.2921096924        -4.4972026107
        1.5500030000         2.0200000000         1.1821473903         4.2793503051        -4.0317913411
        1.5550055000         2.0200000000         1.1744904097         4.2563834080        -4.2312533138
        1.5600044000         2.0200000000         1.1668334292         4.2359683883        -4.4307152865
        1.5650049000         2.0200000000         1.1821473903         4.2308646334        -4.0317913411
        1.5700045000         2.0200000000         1.1617287755         4.2053458588        -4.5636899349
        1.5750027000         2.0200000000         1.1872520440         4.1951383490        -3.8988166927
        1.5800045000         2.0200000000         1.1413101606         4.1619639420        -5.0955885287
        1.5850031000         2.0200000000         1.1744904097         4.1466526773        -4.2312533138
        1.5900030000         2.0200000000         1.1668334292         4.1313414125        -4.4307152865
        1.5950026000         2.0200000000         1.1872520440         4.1262376576        -3.8988166927
        1.6000031000         2.0200000000         1.1719380829         4.1083745154        -4.2977406380
        1.6050015000         2.0200000000         1.1668334292         4.0930632506        -4.4307152865
        1.6100011000         2.0200000000         1.1821473903         4.0700963535        -4.0317913411
        1.6150025000         2.0200000000         1.1719380829         4.0573369662        -4.2977406380
        1.6200026000         2.0200000000         1.1795950634         4.0343700691        -4.0982786653
        1.6250013000         2.0200000000         1.1540717949         4.0190588043        -4.7631519076
        1.6300011000         2.0200000000         1.1668334292         3.9986437847        -4.4307152865
        1.6350012000         2.0200000000         1.1744904097         3.9884362748        -4.2312533138
        1.6400018000         2.0200000000         1.1744904097         3.9705731326        -4.2312533138
        1.6450012000         2.0200000000         1.1668334292         3.9527099904        -4.4307152865
        1.6500024000         2.0200000000         1.1719380829         3.9425024806        -4.2977406380
        1.6550013000         2.0200000000         1.1744904097         3.9271912158        -4.2312533138
        1.6600011000         2.0200000000         1.1795950634         3.9016724412        -4.0982786653
        1.6650011000         2.0200000000         1.1617287755         3.8863611765        -4.5636899349
        1.6700011000         2.0200000000         1.1719380829         3.8710499117        -4.2977406380
        1.6750022000         2.0200000000         1.1642811023         3.8531867695        -4.4972026107
        1.6800012000         2.0200000000         1.1821473903         3.8429792597        -4.0317913411
        1.6850013000         2.0200000000         1.1591764486         3.8251161174        -4.6301772591
        1.6900010000         2.0200000000         1.1617287755         3.8021492203        -4.5636899349
        1.6950028000         2.0200000000         1.1566241217         3.7791823232        -4.6966645834
        1.7000013000         2.0200000000         1.1770427366         3.7740785683        -4.1647659896
        1.7050028000         2.0200000000         1.1770427366         3.7460079162        -4.1647659896
        1.7100018000         2.0200000000         1.1591764486         3.7358004064        -4.6301772591
        1.7150015000         2.0200000000         1.1872520440         3.7255928965        -3.8988166927
        1.7200010000         2.0200000000         1.1591764486         3.6949703670        -4.6301772591
        1.7250011000         2.0200000000         1.1872520440         3.6949703670        -3.8988166927
        1.7300010000         2.0200000000         1.1617287755         3.6694515924        -4.5636899349
        1.7350019000         2.0200000000         1.1795950634         3.6541403277        -4.0982786653
        1.7400023000         2.0200000000         1.1719380829         3.6362771855        -4.2977406380
        1.7450027000         2.0200000000         1.1693857560         3.6184140433        -4.3642279622
        1.7500011000         2.0200000000         1.1770427366         3.6031027785        -4.1647659896
        1.7550029000         2.0200000000         1.1719380829         3.5928952687        -4.2977406380
        1.7600012000         2.0200000000         1.1719380829         3.5699283715        -4.2977406380
        1.7650018000         2.0200000000         1.1693857560         3.5520652293        -4.3642279622
        1.7700012000         2.0200000000         1.1770427366         3.5342020871        -4.1647659896
        1.7750031000         2.0200000000         1.1821473903         3.5265464547        -4.0317913411
        1.7800018000         2.0200000000         1.1693857560         3.5035795576        -4.3642279622
        1.7850019000         2.0200000000         1.1795950634         3.4857164154        -4.0982786653
        1.7900012000         2.0200000000         1.1795950634         3.4704051506        -4.0982786653
        1.7951560000         2.0200000000         1.1795950634         3.4627495183        -4.0982786653
        1.8000031000         2.0200000000         1.1668334292         3.4372307437        -4.4307152865
        1.8050024000         2.0200000000         1.1566241217         3.4142638465        -4.6966645834
        1.8100024000         2.0200000000         1.1693857560         3.3989525818        -4.3642279622
        1.8150011000         2.0200000000         1.1744904097         3.3861931945        -4.2312533138
        1.8200016000         2.0200000000         1.1668334292         3.3734338072        -4.4307152865
        1.8250011000         2.0200000000         1.1795950634         3.3632262974        -4.0982786653
        1.8300028000         2.0200000000         1.1617287755         3.3377075228        -4.5636899349
        1.8350012000         2.0200000000         1.1821473903         3.3223962580        -4.0317913411
        1.8400022000         2.0200000000         1.1668334292         3.2994293609        -4.4307152865
        1.8450012000         2.0200000000         1.1642811023         3.2892218510        -4.4972026107
        1.8500013000         2.0200000000         1.1744904097         3.2688068314        -4.2312533138
        1.8550011000         2.0200000000         1.1566241217         3.2483918117        -4.6966645834
        1.8600021000         2.0200000000         1.1821473903         3.2381843019        -4.0317913411
        1.8650026000         2.0200000000         1.1693857560         3.2203211597        -4.3642279622
        1.8700015000         2.0200000000         1.1668334292         3.1973542625        -4.4307152865
        1.8750011000         2.0200000000         1.1617287755         3.1794911203        -4.5636899349
        1.8800019000         2.0200000000         1.1693857560         3.1692836105        -4.3642279622
        1.8850013000         2.0200000000         1.1719380829         3.1539723457        -4.2977406380
        1.8900027000         2.0200000000         1.1515194680         3.1335573261        -4.8296392318
        1.8950014000         2.0200000000         1.1719380829         3.1207979388        -4.2977406380
        1.9000030000         2.0200000000         1.1591764486         3.0978310416        -4.6301772591
        1.9050015000         2.0200000000         1.1846997172         3.0876235318        -3.9653040169
        1.9100018000         2.0200000000         1.1617287755         3.0774160220        -4.5636899349
        1.9150011000         2.0200000000         1.1693857560         3.0544491248        -4.3642279622
        1.9200013000         2.0200000000         1.1719380829         3.0391378601        -4.2977406380
        1.9250011000         2.0200000000         1.1821473903         3.0238265953        -4.0317913411
        1.9300020000         2.0200000000         1.1719380829         3.0110672080        -4.2977406380
        1.9350040000         2.0200000000         1.1617287755         2.9906521883        -4.5636899349
        1.9400023000         2.0200000000         1.1617287755         2.9753409236        -4.5636899349
        1.9450013000         2.0200000000         1.1872520440         2.9625815363        -3.8988166927
        1.9500028000         2.0200000000         1.1642811023         2.9396146392        -4.4972026107
        1.9550050000         2.0200000000         1.1719380829         2.9243033744        -4.2977406380
        1.9600033000         2.0200000000         1.1770427366         2.9140958646        -4.1647659896
        1.9650039000         2.0200000000         1.1719380829         2.8885770900        -4.2977406380
        1.9700031000         2.0200000000         1.1770427366         2.8707139478        -4.1647659896
        1.9750038000         2.0200000000         1.1566241217         2.8528508056        -4.6966645834
        1.9800028000         2.0200000000         1.1770427366         2.8375395408        -4.1647659896
        1.9850037000         2.0200000000         1.1846997172         2.8349876633        -3.9653040169
        1.9900025000         2.0200000000         1.1846997172         2.8222282761        -3.9653040169
        1.9950084000         2.0200000000         1.1795950634         2.7992613789        -4.0982786653
        2.0000013000         2.0200000000         1.1795950634         2.7839501142        -4.0982786653
        2.0050011000         2.0200000000         1.1846997172         2.7660869720        -3.9653040169
        2.0100010000         2.0200000000         1.1566241217         2.7431200748        -4.6966645834
        2.0150014000         2.0200000000         1.1821473903         2.7329125650        -4.0317913411
        2.0200012000         2.0200000000         1.1693857560         2.7176013002        -4.3642279622
        2.0250192000         2.0200000000         1.1846997172         2.6997381580        -3.9653040169
        2.0300015000         2.0200000000         1.1821473903         2.6818750158        -4.0317913411
        2.0350020000         2.0200000000         1.1744904097         2.6640118736        -4.2312533138
        2.0400012000         2.0200000000         1.1846997172         2.6589081187        -3.9653040169
        2.0450012000         2.0200000000         1.1744904097         2.6410449765        -4.2312533138
        2.0500012000         2.0200000000         1.1770427366         2.6180780793        -4.1647659896
        2.0550014000         2.0200000000         1.1923566977         2.6129743244        -3.7658420442
        2.0600029000         2.0200000000         1.1923566977         2.5925593047        -3.7658420442
        2.0650013000         2.0200000000         1.1719380829         2.5797999174        -4.2977406380
        2.0700018000         2.0200000000         1.1821473903         2.5542811429        -4.0317913411
        2.0750013000         2.0200000000         1.1795950634         2.5440736330        -4.0982786653
        2.0800031000         2.0200000000         1.1923566977         2.5364180006        -3.7658420442
        2.0850022000         2.0200000000         1.1949090246         2.5236586133        -3.6993547200
        2.0900021000         2.0200000000         1.1821473903         2.5057954711        -4.0317913411
        2.0950042000         2.0200000000         1.1923566977         2.4930360838        -3.7658420442
        2.1000011000         2.0200000000         1.1872520440         2.4726210642        -3.8988166927
        2.1050010000         2.0200000000         1.1949090246         2.4624135543        -3.6993547200
        2.1100018000         2.0200000000         1.1923566977         2.4445504121        -3.7658420442
        2.1150021000         2.0200000000         1.1770427366         2.4215835150        -4.1647659896
        2.1200018000         2.0200000000         1.1923566977         2.4088241277        -3.7658420442
        2.1250011000         2.0200000000         1.1923566977         2.4011684953        -3.7658420442
        2.1300010000         2.0200000000         1.2000136783         2.3909609855        -3.5663800715
        2.1350011000         2.0200000000         1.1923566977         2.3705459658        -3.7658420442
        2.1400038000         2.0200000000         1.2000136783         2.3628903334        -3.5663800715
        2.1450016000         2.0200000000         1.1923566977         2.3475790687        -3.7658420442
        2.1500019000         2.0200000000         1.1923566977         2.3297159265        -3.7658420442
        2.1550012000         2.0200000000         1.1821473903         2.3067490293        -4.0317913411
        2.1600013000         2.0200000000         1.1846997172         2.2914377646        -3.9653040169
        2.1650010000         2.0200000000         1.1898043709         2.2812302547        -3.8323293684
        2.1700010000         2.0200000000         1.1923566977         2.2710227449        -3.7658420442
        2.1750011000         2.0200000000         1.2000136783         2.2582633576        -3.5663800715
        2.1800010000         2.0200000000         1.1923566977         2.2378483379        -3.7658420442
        2.1850011000         2.0200000000         1.1693857560         2.2199851957        -4.3642279622
        2.1900025000         2.0200000000         1.1923566977         2.2072258084        -3.7658420442
        2.1950011000         2.0200000000         1.1795950634         2.1893626662        -4.0982786653
        2.2000011000         2.0200000000         1.1795950634         2.1740514015        -4.0982786653
        2.2050026000         2.0200000000         1.1821473903         2.1587401367        -4.0317913411
        2.2100019000         2.0200000000         1.1846997172         2.1434288720        -3.9653040169
        2.2150012000         2.0200000000         1.1846997172         2.1357732396        -3.9653040169
        2.2200011000         2.0200000000         1.2000136783         2.1281176072        -3.5663800715
        2.2250011000         2.0200000000         1.1872520440         2.1128063424        -3.8988166927
        2.2300011000         2.0200000000         1.2102229857         2.0974950777        -3.3004307746
        2.2350010000         2.0200000000         1.1923566977         2.0821838129        -3.7658420442
        2.2400024000         2.0200000000         1.2025660052         2.0668725482        -3.4998927473
        2.2450012000         2.0200000000         1.1872520440         2.0490094060        -3.8988166927
        2.2500014000         2.0200000000         1.1949090246         2.0336981412        -3.6993547200
        2.2550010000         2.0200000000         1.1923566977         2.0234906314        -3.7658420442
        2.2600010000         2.0200000000         1.2025660052         2.0107312441        -3.4998927473
        2.2650011000         2.0200000000         1.1821473903         1.9852124695        -4.0317913411
        2.2700014000         2.0200000000         1.1923566977         1.9673493273        -3.7658420442
        2.2750020000         2.0200000000         1.1898043709         1.9520380625        -3.8323293684
        2.2800015000         2.0200000000         1.1923566977         1.9443824302        -3.7658420442
        2.2850011000         2.0200000000         1.1846997172         1.9290711654        -3.9653040169
        2.2900016000         2.0200000000         1.1795950634         1.9137599006        -4.0982786653
        2.2950012000         2.0200000000         1.1898043709         1.8984486359        -3.8323293684
        2.3000023000         2.0200000000         1.2000136783         1.8907930035        -3.5663800715
        2.3050012000         2.0200000000         1.2025660052         1.8780336162        -3.4998927473
        2.3100023000         2.0200000000         1.1898043709         1.8550667191        -3.8323293684
        2.3150019000         2.0200000000         1.1846997172         1.8397554543        -3.9653040169
        2.3200011000         2.0200000000         1.2000136783         1.8295479445        -3.5663800715
        2.3250011000         2.0200000000         1.1923566977         1.8116848023        -3.7658420442
        2.3300024000         2.0200000000         1.2025660052         1.7989254150        -3.4998927473
        2.3350012000         2.0200000000         1.1668334292         1.7836141502        -4.4307152865
        2.3400011000         2.0200000000         1.1949090246         1.7631991306        -3.6993547200
        2.3450011000         2.0200000000         1.1898043709         1.7606472531        -3.8323293684
        2.3500018000         2.0200000000         1.2025660052         1.7427841109        -3.4998927473
        2.3550011000         2.0200000000         1.1898043709         1.7274728461        -3.8323293684
        2.3600012000         2.0200000000         1.1949090246         1.7172653363        -3.6993547200
        2.3650023000         2.0200000000         1.1846997172         1.6968503166        -3.9653040169
        2.3700058000         2.0200000000         1.1923566977         1.6789871744        -3.7658420442
        2.3750012000         2.0200000000         1.1846997172         1.6636759097        -3.9653040169
        2.3800011000         2.0200000000         1.2000136783         1.6560202773        -3.5663800715
        2.3850010000         2.0200000000         1.1846997172         1.6356052576        -3.9653040169
        2.3900021000         2.0200000000         1.2000136783         1.6305015027        -3.5663800715
        2.3950012000         2.0200000000         1.1898043709         1.6100864830        -3.8323293684
        2.4000021000         2.0200000000         1.2000136783         1.6024308506        -3.5663800715
        2.4050015000         2.0200000000         1.2025660052         1.5947752183        -3.4998927473
        2.4100051000         2.0200000000         1.1949090246         1.5667045662        -3.6993547200
        2.4150023000         2.0200000000         1.1923566977         1.5590489338        -3.7658420442
        2.4200014000         2.0200000000         1.2051183320         1.5462895465        -3.4334054231
        2.4250011000         2.0200000000         1.1923566977         1.5309782818        -3.7658420442
        2.4300019000         2.0200000000         1.1974613514         1.5156670170        -3.6328673957
        2.4350012000         2.0200000000         1.1949090246         1.5003557523        -3.6993547200
        2.4400011000         2.0200000000         1.1898043709         1.4824926101        -3.8323293684
        2.4450011000         2.0200000000         1.1949090246         1.4697332228        -3.6993547200
        2.4500014000         2.0200000000         1.1974613514         1.4569738355        -3.6328673957
        2.4550031000         2.0200000000         1.1898043709         1.4442144482        -3.8323293684
        2.4600023000         2.0200000000         1.2000136783         1.4340069384        -3.5663800715
        2.4650012000         2.0200000000         1.2076706589         1.4263513060        -3.3669180988
        2.4700011000         2.0200000000         1.2000136783         1.4135919187        -3.5663800715
        2.4750010000         2.0200000000         1.2127753126         1.4033844088        -3.2339434504
        2.4800017000         2.0200000000         1.2127753126         1.3855212666        -3.2339434504
        2.4850011000         2.0200000000         1.2127753126         1.3727618793        -3.2339434504
        2.4900028000         2.0200000000         1.2025660052         1.3600024920        -3.4998927473
        2.4950025000         2.0200000000         1.2102229857         1.3472431047        -3.3004307746
        2.5000024000         2.0200000000         1.2000136783         1.3268280851        -3.5663800715
        2.5050013000         2.0200000000         1.2025660052         1.3166205752        -3.4998927473
        2.5100010000         2.0200000000         1.1974613514         1.2962055556        -3.6328673957
        2.5150011000         2.0200000000         1.1923566977         1.2808942908        -3.7658420442
        2.5200060000         2.0200000000         1.2000136783         1.2732386584        -3.5663800715
        2.5250028000         2.0200000000         1.2051183320         1.2553755162        -3.4334054231
        2.5300013000         2.0200000000         1.1923566977         1.2451680064        -3.7658420442
        2.5350026000         2.0200000000         1.2025660052         1.2298567416        -3.4998927473
        2.5400013000         2.0200000000         1.2102229857         1.2247529867        -3.3004307746
        2.5450012000         2.0200000000         1.1974613514         1.2043379670        -3.6328673957
        2.5500011000         2.0200000000         1.2076706589         1.1992342121        -3.3669180988
        2.5550037000         2.0200000000         1.2076706589         1.1839229474        -3.3669180988
        2.5600011000         2.0200000000         1.2000136783         1.1686116826        -3.5663800715
        2.5650011000         2.0200000000         1.2025660052         1.1507485404        -3.4998927473
        2.5700014000         2.0200000000         1.2025660052         1.1379891531        -3.4998927473
        2.5750011000         2.0200000000         1.1949090246         1.1252297658        -3.6993547200
        2.5800033000         2.0200000000         1.2051183320         1.1124703785        -3.4334054231
        2.5850027000         2.0200000000         1.1949090246         1.0920553588        -3.6993547200
        2.5900016000         2.0200000000         1.1923566977         1.0792959716        -3.7658420442
        2.5950013000         2.0200000000         1.2102229857         1.0767440941        -3.3004307746
        2.6000012000         2.0200000000         1.2025660052         1.0563290744        -3.4998927473
        2.6050028000         2.0200000000         1.1974613514         1.0435696871        -3.6328673957
        2.6100013000         2.0200000000         1.2153276394         1.0359140547        -3.1674561262
        2.6150032000         2.0200000000         1.1923566977         1.0129471576        -3.7658420442
        2.6200027000         2.0200000000         1.1949090246         0.9976358929        -3.6993547200
        2.6250013000         2.0200000000         1.2000136783         0.9823246281        -3.5663800715
        2.6300013000         2.0200000000         1.2025660052         0.9721171183        -3.4998927473
        2.6350012000         2.0200000000         1.2025660052         0.9670133634        -3.4998927473
        2.6400017000         2.0200000000         1.2127753126         0.9542539761        -3.2339434504
        2.6450012000         2.0200000000         1.2000136783         0.9338389564        -3.5663800715
        2.6500020000         2.0200000000         1.1923566977         0.9134239367        -3.7658420442
        2.6550012000         2.0200000000         1.2025660052         0.8981126720        -3.4998927473
        2.6600015000         2.0200000000         1.1949090246         0.8879051621        -3.6993547200
        2.6650011000         2.0200000000         1.2000136783         0.8700420199        -3.5663800715
        2.6700011000         2.0200000000         1.2025660052         0.8649382650        -3.4998927473
        2.6750011000         2.0200000000         1.2025660052         0.8521788777        -3.4998927473
        2.6800020000         2.0200000000         1.1923566977         0.8343157355        -3.7658420442
        2.6850011000         2.0200000000         1.2153276394         0.8266601031        -3.1674561262
        2.6900010000         2.0200000000         1.1974613514         0.8113488384        -3.6328673957
        2.6950024000         2.0200000000         1.2000136783         0.7909338187        -3.5663800715
        2.7000019000         2.0200000000         1.2025660052         0.7807263088        -3.4998927473
        2.7050019000         2.0200000000         1.2000136783         0.7705187990        -3.5663800715
        2.7100012000         2.0200000000         1.2000136783         0.7577594117        -3.5663800715
        2.7150011000         2.0200000000         1.2127753126         0.7450000244        -3.2339434504
        2.7200019000         2.0200000000         1.1898043709         0.7296887597        -3.8323293684
        2.7250011000         2.0200000000         1.2102229857         0.7143774949        -3.3004307746
        2.7300019000         2.0200000000         1.2051183320         0.7016181076        -3.4334054231
        2.7350017000         2.0200000000         1.1923566977         0.6786512105        -3.7658420442
        2.7400022000         2.0200000000         1.1872520440         0.6607880683        -3.8988166927
        2.7450012000         2.0200000000         1.1949090246         0.6429249261        -3.6993547200
        2.7500024000         2.0200000000         1.1821473903         0.6327174162        -4.0317913411
        2.7550021000         2.0200000000         1.2025660052         0.6276136613        -3.4998927473
        2.7600012000         2.0200000000         1.2025660052         0.6148542740        -3.4998927473
        2.7650012000         2.0200000000         1.1974613514         0.5944392543        -3.6328673957
        2.7700013000         2.0200000000         1.1846997172         0.5714723572        -3.9653040169
        2.7750020000         2.0200000000         1.1974613514         0.5689204797        -3.6328673957
        2.7800013000         2.0200000000         1.2000136783         0.5536092150        -3.5663800715
        2.7850023000         2.0200000000         1.1949090246         0.5306423179        -3.6993547200
        2.7900012000         2.0200000000         1.1923566977         0.5229866855        -3.7658420442
        2.7950036000         2.0200000000         1.1898043709         0.5025716658        -3.8323293684
        2.8000011000         2.0200000000         1.2051183320         0.4898122785        -3.4334054231
        2.8050010000         2.0200000000         1.1795950634         0.4668453814        -4.0982786653
        2.8100011000         2.0200000000         1.1923566977         0.4540859941        -3.7658420442
        2.8150011000         2.0200000000         1.1872520440         0.4362228519        -3.8988166927
        2.8200011000         2.0200000000         1.1795950634         0.4209115871        -4.0982786653
        2.8250011000         2.0200000000         1.1872520440         0.4107040773        -3.8988166927
        2.8300022000         2.0200000000         1.1770427366         0.3902890576        -4.1647659896
        2.8350020000         2.0200000000         1.1719380829         0.3775296703        -4.2977406380
        2.8400012000         2.0200000000         1.1923566977         0.3647702830        -3.7658420442
        2.8450012000         2.0200000000         1.1821473903         0.3571146507        -4.0317913411
        2.8500010000         2.0200000000         1.1872520440         0.3315958761        -3.8988166927
        2.8550011000         2.0200000000         1.1846997172         0.3213883662        -3.9653040169
        2.8600010000         2.0200000000         1.1872520440         0.2984214691        -3.8988166927
        2.8650026000         2.0200000000         1.1770427366         0.2805583269        -4.1647659896
        2.8700013000         2.0200000000         1.1719380829         0.2626951847        -4.2977406380
        2.8750011000         2.0200000000         1.1872520440         0.2524876748        -3.8988166927
        2.8800015000         2.0200000000         1.1872520440         0.2397282875        -3.8988166927
        2.8850011000         2.0200000000         1.1744904097         0.2193132679        -4.2312533138
        2.8900011000         2.0200000000         1.1872520440         0.2091057580        -3.8988166927
        2.8950010000         2.0200000000         1.1821473903         0.1912426158        -4.0317913411
        2.9000073000         2.0200000000         1.1770427366         0.1657238412        -4.1647659896
        2.9050024000         2.0200000000         1.1668334292         0.1529644539        -4.4307152865
        2.9100016000         2.0200000000         1.1719380829         0.1351013117        -4.2977406380
        2.9150011000         2.0200000000         1.1821473903         0.1197900470        -4.0317913411
        2.9200015000         2.0200000000         1.1744904097         0.1019269048        -4.2312533138
        2.9250011000         2.0200000000         1.1795950634         0.0891675175        -4.0982786653
        2.9300011000         2.0200000000         1.1719380829         0.0713043752        -4.2977406380
        2.9350010000         2.0200000000         1.1719380829         0.0457856007        -4.2977406380
        2.9400012000         2.0200000000         1.1744904097         0.0279224584        -4.2312533138
        2.9450011000         2.0200000000         1.1898043709         0.0228187035        -3.8323293684
        2.9500017000         2.0200000000         1.1719380829         0.0049555613        -4.2977406380
        2.9550030000         2.0200000000         1.1846997172        -0.0001481936        -3.9653040169
        2.9600056000         2.0200000000         1.1668334292        -0.0052519485        -4.4307152865
        2.9650033000         2.0200000000         1.1770427366        -0.0001481936        -4.1647659896
        2.9700014000         2.0200000000         1.1821473903         0.0075074388        -4.0317913411
        2.9750011000         2.0200000000         1.1744904097         0.0075074388        -4.2312533138
        2.9800019000         2.0200000000         1.1770427366         0.0024036839        -4.1647659896
        2.9850023000         2.0200000000         1.1719380829         0.0049555613        -4.2977406380
        2.9900024000         2.0200000000         1.1744904097         1.0920553588        -4.2312533138
        2.9950012000         2.0200000000         1.1591764486         1.0971591138        -4.6301772591
        3.0000029000         2.0200000000         1.1719380829         1.1048147461        -4.2977406380
        3.0050026000         2.0200000000         1.1846997172         4.9964278711        -3.9653040169
        3.0100012000         2.0200000000         1.1693857560         5.0040835035        -4.3642279622
        3.0150013000         2.0200000000         1.1693857560         5.0066353810        -4.3642279622
        3.0200011000         2.0200000000         1.1719380829         4.9989797486        -4.2977406380
        3.0250020000         2.0200000000         1.1821473903         5.0066353810        -4.0317913411
        3.0300013000         2.0200000000         1.1668334292         5.0015316260        -4.4307152865
        3.0350012000         2.0200000000         1.1617287755         5.0066353810        -4.5636899349
        3.0400010000         2.0200000000         1.1617287755         5.0066353810        -4.5636899349
        3.0450011000         2.0200000000         1.1693857560         4.9913241162        -4.3642279622
        3.0500023000         2.0200000000         1.1872520440         4.9760128515        -3.8988166927
        3.0550035000         2.0200000000         1.1821473903         4.9607015867        -4.0317913411
        3.0600046000         2.0200000000         1.1821473903         4.9479421994        -4.0317913411
        3.0650031000         2.0200000000         1.1617287755         4.9224234248        -4.5636899349
        3.0700033000         2.0200000000         1.1744904097         4.9096640375        -4.2312533138
        3.0750031000         2.0200000000         1.1898043709         4.8969046502        -3.8323293684
        3.0800032000         2.0200000000         1.1821473903         4.8841452629        -4.0317913411
        3.0850029000         2.0200000000         1.1642811023         4.8586264883        -4.4972026107
        3.0900027000         2.0200000000         1.1846997172         4.8433152236        -3.9653040169
        3.0950030000         2.0200000000         1.1872520440         4.8305558363        -3.8988166927
        3.1000029000         2.0200000000         1.1744904097         4.8050370617        -4.2312533138
        3.1050029000         2.0200000000         1.1591764486         4.7871739195        -4.6301772591
        3.1100068000         2.0200000000         1.1617287755         4.7667588998        -4.5636899349
        3.1150030000         2.0200000000         1.1821473903         4.7565513900        -4.0317913411
        3.1200065000         2.0200000000         1.1719380829         4.7310326154        -4.2977406380
        3.1250078000         2.0200000000         1.1795950634         4.7208251056        -4.0982786653
        3.1300029000         2.0200000000         1.1642811023         4.7106175957        -4.4972026107
        3.1350104000         2.0200000000         1.1872520440         4.6876506986        -3.8988166927
        3.1400045000         2.0200000000         1.1719380829         4.6697875564        -4.2977406380
        3.1450012000         2.0200000000         1.1846997172         4.6595800465        -3.9653040169
        3.1500029000         2.0200000000         1.1795950634         4.6417169043        -4.0982786653
        3.1550014000         2.0200000000         1.1719380829         4.6264056396        -4.2977406380
        3.1600013000         2.0200000000         1.1821473903         4.6034387424        -4.0317913411
        3.1650012000         2.0200000000         1.1744904097         4.5881274777        -4.2312533138
        3.1700012000         2.0200000000         1.1744904097         4.5702643355        -4.2312533138
        3.1750011000         2.0200000000         1.1719380829         4.5524011933        -4.2977406380
        3.1800012000         2.0200000000         1.1617287755         4.5268824187        -4.5636899349
        3.1850012000         2.0200000000         1.1744904097         4.5166749088        -4.2312533138
        3.1900011000         2.0200000000         1.1846997172         4.4988117666        -3.9653040169
        3.1950012000         2.0200000000         1.1642811023         4.4886042568        -4.4972026107
        3.2000012000         2.0200000000         1.1821473903         4.4732929920        -4.0317913411
        3.2050031000         2.0200000000         1.1642811023         4.4426704625        -4.4972026107
        3.2100024000         2.0200000000         1.1719380829         4.4273591978        -4.2977406380
        3.2150013000         2.0200000000         1.1693857560         4.4120479330        -4.3642279622
        3.2200011000         2.0200000000         1.1744904097         4.4018404232        -4.2312533138
        3.2250011000         2.0200000000         1.1693857560         4.3839772810        -4.3642279622
        3.2300051000         2.0200000000         1.1719380829         4.3661141388        -4.2977406380
        3.2350011000         2.0200000000         1.2000136783         4.3559066289        -3.5663800715
        3.2400022000         2.0200000000         1.1617287755         4.3278359769        -4.5636899349
        3.2450013000         2.0200000000         1.1668334292         4.3099728347        -4.4307152865
        3.2506696000         2.0200000000         1.1642811023         4.2972134474        -4.4972026107
        3.2550048000         2.0200000000         1.1719380829         4.2793503051        -4.2977406380
        3.2600022000         2.0200000000         1.1846997172         4.2716946728        -3.9653040169
        3.2650022000         2.0200000000         1.1617287755         4.2487277756        -4.5636899349
        3.2700012000         2.0200000000         1.1770427366         4.2308646334        -4.1647659896
        3.2750022000         2.0200000000         1.1642811023         4.2104496138        -4.4972026107
        3.2800013000         2.0200000000         1.1693857560         4.1900345941        -4.3642279622
        3.2850012000         2.0200000000         1.1668334292         4.1823789617        -4.4307152865
        3.2900011000         2.0200000000         1.1642811023         4.1568601871        -4.4972026107
        3.2950010000         2.0200000000         1.1668334292         4.1415489224        -4.4307152865
        3.3000010000         2.0200000000         1.1693857560         4.1287895351        -4.3642279622
        3.3050011000         2.0200000000         1.1872520440         4.1134782703        -3.8988166927
        3.3100010000         2.0200000000         1.1693857560         4.1007188830        -4.3642279622
        3.3150026000         2.0200000000         1.1668334292         4.0777519859        -4.4307152865
        3.3200041000         2.0200000000         1.1642811023         4.0624407211        -4.4972026107
        3.3250012000         2.0200000000         1.1693857560         4.0445775789        -4.3642279622
        3.3300021000         2.0200000000         1.1719380829         4.0292663142        -4.2977406380
        3.3350021000         2.0200000000         1.1591764486         4.0037475396        -4.6301772591
        3.3400011000         2.0200000000         1.1617287755         3.9884362748        -4.5636899349
        3.3450011000         2.0200000000         1.1719380829         3.9858843974        -4.2977406380
        3.3500010000         2.0200000000         1.1693857560         3.9603656228        -4.3642279622
        3.3550022000         2.0200000000         1.1591764486         3.9348468482        -4.6301772591
        3.3600012000         2.0200000000         1.1617287755         3.9271912158        -4.5636899349
        3.3650023000         2.0200000000         1.1668334292         3.9144318285        -4.4307152865
        3.3700013000         2.0200000000         1.1744904097         3.8914649314        -4.2312533138
        3.3750016000         2.0200000000         1.1693857560         3.8761536666        -4.3642279622
        3.3800021000         2.0200000000         1.1566241217         3.8582905244        -4.6966645834
        3.3850013000         2.0200000000         1.1617287755         3.8429792597        -4.5636899349
        3.3900012000         2.0200000000         1.1744904097         3.8200123625        -4.2312533138
        3.3950010000         2.0200000000         1.1362055069         3.8072529752        -5.2285631772
        3.4000036000         2.0200000000         1.1693857560         3.7842860781        -4.3642279622
        3.4050021000         2.0200000000         1.1617287755         3.7715266908        -4.5636899349
        3.4100014000         2.0200000000         1.1795950634         3.7562154260        -4.0982786653
        3.4150010000         2.0200000000         1.1591764486         3.7383522838        -4.6301772591
        3.4200017000         2.0200000000         1.1719380829         3.7281447740        -4.2977406380
        3.4250011000         2.0200000000         1.1744904097         3.7077297543        -4.2312533138
        3.4300011000         2.0200000000         1.1617287755         3.6873147347        -4.5636899349
        3.4350010000         2.0200000000         1.1770427366         3.6720034699        -4.1647659896
        3.4400022000         2.0200000000         1.1566241217         3.6464846953        -4.6966645834
        3.4450011000         2.0200000000         1.1464148143         3.6311734306        -4.9626138803
        3.4500012000         2.0200000000         1.1591764486         3.6158621658        -4.6301772591
        3.4550024000         2.0200000000         1.1821473903         3.6031027785        -4.0317913411
        3.4600019000         2.0200000000         1.1642811023         3.5903433912        -4.4972026107
        3.4650013000         2.0200000000         1.1719380829         3.5750321265        -4.2977406380
        3.4700012000         2.0200000000         1.1642811023         3.5495133519        -4.4972026107
        3.4750010000         2.0200000000         1.1744904097         3.5342020871        -4.2312533138
        3.4800012000         2.0200000000         1.1642811023         3.5137870674        -4.4972026107
        3.4850009000         2.0200000000         1.1617287755         3.4959239252        -4.5636899349
        3.4900026000         2.0200000000         1.1846997172         3.4908201703        -3.9653040169
        3.4950013000         2.0200000000         1.1744904097         3.4755089056        -4.2312533138
        3.5000019000         2.0200000000         1.1693857560         3.4525420084        -4.3642279622
        3.5050014000         2.0200000000         1.1591764486         3.4295751113        -4.6301772591
        3.5100010000         2.0200000000         1.1821473903         3.4219194789        -4.0317913411
        3.5150012000         2.0200000000         1.1642811023         3.3989525818        -4.4972026107
        3.5200020000         2.0200000000         1.1719380829         3.3861931945        -4.2977406380
        3.5250012000         2.0200000000         1.1668334292         3.3708819297        -4.4307152865
        3.5300010000         2.0200000000         1.1693857560         3.3428112777        -4.3642279622
        3.5350024000         2.0200000000         1.1617287755         3.3377075228        -4.5636899349
        3.5400013000         2.0200000000         1.1821473903         3.3147406256        -4.0317913411
        3.5450011000         2.0200000000         1.1693857560         3.2994293609        -4.3642279622
        3.5500010000         2.0200000000         1.1719380829         3.2841180961        -4.2977406380
        3.5550011000         2.0200000000         1.1846997172         3.2739105863        -3.9653040169
        3.5600011000         2.0200000000         1.1821473903         3.2509436892        -4.0317913411
        3.5650011000         2.0200000000         1.1795950634         3.2356324244        -4.0982786653
        3.5700012000         2.0200000000         1.1591764486         3.2177692822        -4.6301772591
        3.5750022000         2.0200000000         1.1719380829         3.1973542625        -4.2977406380
        3.5800027000         2.0200000000         1.1719380829         3.1896986301        -4.2977406380
        3.5850013000         2.0200000000         1.1821473903         3.1667317330        -4.0317913411
        3.5900011000         2.0200000000         1.1719380829         3.1539723457        -4.2977406380
        3.5950011000         2.0200000000         1.1566241217         3.1361092035        -4.6966645834
        3.6000011000         2.0200000000         1.1795950634         3.1182460613        -4.0982786653
        3.6050175000         2.0200000000         1.1770427366         3.1080385515        -4.1647659896
        3.6100031000         2.0200000000         1.1846997172         3.0927272867        -3.9653040169
        3.6150040000         2.0200000000         1.1642811023         3.0621047572        -4.4972026107
        3.6200032000         2.0200000000         1.1795950634         3.0544491248        -4.0982786653
        3.6250013000         2.0200000000         1.1821473903         3.0442416150        -4.0317913411
        3.6300012000         2.0200000000         1.1744904097         3.0212747179        -4.2312533138
        3.6350012000         2.0200000000         1.1719380829         3.0034115756        -4.2977406380
        3.6400012000         2.0200000000         1.1719380829         2.9932040658        -4.2977406380
        3.6450012000         2.0200000000         1.1770427366         2.9753409236        -4.1647659896
        3.6500038000         2.0200000000         1.1719380829         2.9523740265        -4.2977406380
        3.6550012000         2.0200000000         1.1642811023         2.9472702715        -4.4972026107
        3.6600014000         2.0200000000         1.1693857560         2.9345108842        -4.3642279622
        3.6650011000         2.0200000000         1.1821473903         2.9038883547        -4.0317913411
        3.6700011000         2.0200000000         1.1693857560         2.8962327224        -4.3642279622
        3.6750017000         2.0200000000         1.1898043709         2.8834733351        -3.8323293684
        3.6800011000         2.0200000000         1.1515194680         2.8579545605        -4.8296392318
        3.6850021000         2.0200000000         1.1923566977         2.8451951732        -3.7658420442
        3.6900016000         2.0200000000         1.1770427366         2.8298839084        -4.1647659896
        3.6950011000         2.0200000000         1.1821473903         2.8120207662        -4.0317913411
        3.7000012000         2.0200000000         1.1821473903         2.7890538691        -4.0317913411
        3.7050030000         2.0200000000         1.1693857560         2.7890538691        -4.3642279622
        3.7100025000         2.0200000000         1.1898043709         2.7711907269        -3.8323293684
        3.7150014000         2.0200000000         1.1642811023         2.7507757072        -4.4972026107
        3.7200010000         2.0200000000         1.1923566977         2.7380163199        -3.7658420442
        3.7250011000         2.0200000000         1.1642811023         2.7124975453        -4.4972026107
        3.7300011000         2.0200000000         1.1795950634         2.6997381580        -4.0982786653
        3.7350014000         2.0200000000         1.1898043709         2.6946344031        -3.8323293684
        3.7400022000         2.0200000000         1.1821473903         2.6716675060        -4.0317913411
        3.7450016000         2.0200000000         1.1744904097         2.6589081187        -4.2312533138
        3.7500011000         2.0200000000         1.1795950634         2.6359412215        -4.0982786653
        3.7550017000         2.0200000000         1.1821473903         2.6333893441        -4.0317913411
        3.7600012000         2.0200000000         1.1872520440         2.6180780793        -3.8988166927
        3.7650012000         2.0200000000         1.1846997172         2.5951111822        -3.9653040169
        3.7700010000         2.0200000000         1.1719380829         2.5823517949        -4.2977406380
        3.7750057000         2.0200000000         1.1821473903         2.5568330203        -4.0317913411
        3.7800032000         2.0200000000         1.1744904097         2.5491773879        -4.2312533138
        3.7850020000         2.0200000000         1.1744904097         2.5262104908        -4.2312533138
        3.7900023000         2.0200000000         1.1872520440         2.5160029810        -3.8988166927
        3.7950029000         2.0200000000         1.1795950634         2.5057954711        -4.0982786653
        3.8000021000         2.0200000000         1.1770427366         2.4853804515        -4.1647659896
        3.8050017000         2.0200000000         1.1846997172         2.4700691867        -3.9653040169
        3.8100011000         2.0200000000         1.1846997172         2.4496541670        -3.9653040169
        3.8150011000         2.0200000000         1.1821473903         2.4343429023        -4.0317913411
        3.8200010000         2.0200000000         1.1744904097         2.4241353924        -4.2312533138
        3.8250019000         2.0200000000         1.1821473903         2.4088241277        -4.0317913411
        3.8300023000         2.0200000000         1.1795950634         2.3935128629        -4.0982786653
        3.8350013000         2.0200000000         1.1974613514         2.3833053531        -3.6328673957
        3.8400017000         2.0200000000         1.1821473903         2.3654422109        -4.0317913411
        3.8450012000         2.0200000000         1.1719380829         2.3424753138        -4.2977406380
        3.8500016000         2.0200000000         1.1846997172         2.3246121715        -3.9653040169
        3.8550012000         2.0200000000         1.1795950634         2.3144046617        -4.0982786653
        3.8600010000         2.0200000000         1.1974613514         2.3067490293        -3.6328673957
        3.8650021000         2.0200000000         1.1795950634         2.2863340097        -4.0982786653
        3.8700013000         2.0200000000         1.1872520440         2.2761264998        -3.8988166927
        3.8750010000         2.0200000000         1.1898043709         2.2608152351        -3.8323293684
        3.8800015000         2.0200000000         1.1974613514         2.2506077252        -3.6328673957
        3.8850011000         2.0200000000         1.1821473903         2.2301927056        -4.0317913411
        3.8900012000         2.0200000000         1.1872520440         2.2097776859        -3.8988166927
        3.8950013000         2.0200000000         1.1846997172         2.1944664211        -3.9653040169
        3.9000011000         2.0200000000         1.1974613514         2.1791551564        -3.6328673957
        3.9050010000         2.0200000000         1.1846997172         2.1561882593        -3.9653040169
        3.9100023000         2.0200000000         1.1898043709         2.1536363818        -3.8323293684
        3.9150011000         2.0200000000         1.1923566977         2.1383251170        -3.7658420442
        3.9200020000         2.0200000000         1.1949090246         2.1230138523        -3.6993547200
        3.9250013000         2.0200000000         1.1795950634         2.1025988326        -4.0982786653
        3.9300015000         2.0200000000         1.1898043709         2.0821838129        -3.8323293684
        3.9350010000         2.0200000000         1.1795950634         2.0694244256        -4.0982786653
        3.9400012000         2.0200000000         1.1949090246         2.0592169158        -3.6993547200
        3.9450010000         2.0200000000         1.1898043709         2.0464575285        -3.8323293684
        3.9500012000         2.0200000000         1.2025660052         2.0362500187        -3.4998927473
        3.9550031000         2.0200000000         1.1846997172         2.0158349990        -3.9653040169
        3.9600033000         2.0200000000         1.1898043709         1.9954199793        -3.8323293684
        3.9650012000         2.0200000000         1.1846997172         1.9775568371        -3.9653040169
        3.9700012000         2.0200000000         1.2076706589         1.9775568371        -3.3669180988
        3.9750017000         2.0200000000         1.1974613514         1.9622455724        -3.6328673957
        3.9800011000         2.0200000000         1.1949090246         1.9392786752        -3.6993547200
        3.9850023000         2.0200000000         1.1974613514         1.9341749203        -3.6328673957
        3.9900022000         2.0200000000         1.1949090246         1.9163117781        -3.6993547200
        3.9950013000         2.0200000000         1.1949090246         1.9010005134        -3.6993547200
