% f=2.80Hz  n_cycles=5  N_total=357  dt=0.005000
% Amp=1.5000V  K_lin=5.741200
Time[s]              Vcmd[V]              Vc[V]                Vg[V]                Pot[V]               Omega[rad/s]         Omega_target[rad/s] 
        0.0000000000         0.0000000000         2.5000000000         1.3378393285         2.5415217556         0.0212759438         0.0000000000
        0.0050000000         0.1317767948         2.7461884135         1.3378393285         2.5415217556         0.0212759438         0.7565569345
        0.0100000000         0.2625345885         2.7899937892         1.3378393285         2.5440736330         0.0212759438         1.5072635793
        0.0150000000         0.3912622594         2.8328052756         1.3378393285         2.5389698781         0.0212759438         2.2463148839
        0.0200000000         0.5169643848         2.8743165124         1.3403916554         2.5415217556         0.0877632680         2.9679959258
        0.0250000000         0.6386689373         2.9142364674         1.3352870017         2.5440736330        -0.0452113805         3.6667261031
        0.0300000000         0.7554348025         2.9522906697         1.3327346748         2.5389698781        -0.1116987047         4.3371022878
        0.0350000000         0.8663590551         2.9882222503         1.3429439823         2.5466255105         0.1542505922         4.9739406073
        0.0400000000         0.9705839424         3.0217928140         1.3403916554         2.5415217556         0.0877632680         5.5723165298
        0.0450000000         1.0673035158         3.0527831642         1.3403916554         2.5415217556         0.0877632680         6.1276029450
        0.0500000000         1.1557698642         3.0809939006         1.3403916554         2.5415217556         0.0877632680         6.6355059441
        0.0550000000         1.2352988964         3.1062459090         1.3378393285         2.5364180006         0.0212759438         7.0920980243
        0.0600000000         1.3052756320         3.1283807580         1.3327346748         2.5364180006        -0.1116987047         7.4938484585
        0.0650000000         1.3651589560         3.1472610182         1.3378393285         2.5415217556         0.0212759438         7.8376505983
        0.0700000000         1.4144858038         3.1627705152         1.3429439823         2.5466255105         0.1542505922         8.1208458970
        0.0750000000         1.4528747417         3.1748145267         1.3429439823         2.5415217556         0.1542505922         8.3412444670
        0.0800000000         1.4800289163         3.1833199326         1.3429439823         2.5440736330         0.1542505922         8.4971420143
        0.0850000000         1.4957383504         3.1882353239         1.3454963091         2.5440736330         0.2207379164         8.5873330173
        0.0900000000         1.4998815663         3.1895310762         1.3429439823         2.5389698781         0.1542505922         8.6111200485
        0.0950000000         1.4924265255         3.1871993906         1.3506009628         2.5466255105         0.3537125649         8.5683191680
        0.1000000000         1.4734308761         3.1812543042         1.3506009628         2.5466255105         0.3537125649         8.4592613458
        0.1050000000         1.4430415074         3.1717316712         1.3557056165         2.5568330203         0.4866872133         8.2847899022
        0.1100000000         1.4014934137         3.1586891127         1.3454963091         2.5491773879         0.2207379164         8.0462539866
        0.1150000000         1.3491078773         3.1422059337         1.3837812120         2.5466255105         1.2180477798         7.7454981454
        0.1200000000         1.2862899843         3.1223830028         1.5547871113         2.5644886527         5.6726985030         7.3848480578
        0.1250000000         1.2135254916         3.0993425897         1.5981766679         2.6002149371         6.8029830149         6.9670925522
        0.1300000000         1.1313770711         3.0732281528         1.5726533993         2.6231818342         6.1381097726         6.4954620406
        0.1350000000         1.0404799587         3.0442040688         1.5471301308         2.6435968539         5.4732365303         5.9736035390
        0.1400000000         0.9415370419         3.0124552920         1.5343684965         2.6589081187         5.1407999092         5.4055524652
        0.1450000000         0.8353134247         2.9781869332         1.5062929011         2.6793231383         4.4094393427         4.7957014341
        0.1500000000         0.7226305112         2.9416237406         1.5011882474         2.7048419129         4.2764646943         4.1487662906
        0.1550000000         0.6043596536         2.9030094675         1.4935312668         2.7150494228         4.0770027216         3.4697496431
        0.1600000000         0.4814154147         2.8626061080         1.4909789399         2.7303606875         4.0105153974         2.7639021789
        0.1650000000         0.3547484955         2.8206929790         1.5139498816         2.7354644424         4.6089013154         2.0366820626
        0.1700000000         0.2253383837         2.7775656269         1.5165022085         2.7533275847         4.6753886396         1.2937127284
        0.1750000000         0.0941857793         2.7335345354         1.5088452279         2.7788463592         4.4759266669         0.5407393961
        0.1800000000        -0.0376951432         2.5000000000         1.5088452279         2.7967095015         4.4759266669        -0.2164153559
        0.1850000000        -0.1692845773         2.2218269524         1.4756649788         2.8094688888         3.6115914520        -0.9718966153
        0.1900000000        -0.2995649708         2.1838079983         1.4782173056         2.8247801535         3.6780787762        -1.7198624102
        0.1950000000        -0.4275288937         2.1462252157         1.4475893834         2.8426432957         2.8802308855        -2.4545288845
        0.2000000000        -0.5521868290         2.1093804401         1.4195137880         2.8400914183         2.1488703190        -3.1702150228
        0.2050000000        -0.6725748241         2.0735753369         1.4144091342         2.8630583154         2.0158956706        -3.8613865803
        0.2100000000        -0.7877619449         2.0391086927         1.3837812120         2.8502989281         1.2180477798        -4.5226988783
        0.2150000000        -0.8968574746         2.0062735336         1.3506009628         2.8681620703         0.3537125649        -5.1490381331
        0.2200000000        -0.9990178012         1.9753540975         1.3480486360         2.8681620703         0.2872252407        -5.7355610000
        0.2250000000        -1.0934529411         1.9466227032         1.3250776943         2.8681620703        -0.3111606774        -6.2777320256
        0.2300000000        -1.1794326482         1.9203365636         1.3301823480         2.8681620703        -0.1781860289        -6.7713587199
        0.2350000000        -1.2562920601         1.8967346047         1.3352870017         2.8656101929        -0.0452113805        -7.2126239752
        0.2400000000        -1.3234368397         1.8760343569         1.3403916554         2.8630583154         0.0877632680        -7.5981155838
        0.2450000000        -1.3803477710         1.8584289944         1.3378393285         2.8656101929         0.0212759438        -7.9248526231
        0.2500000000        -1.4265847744         1.8440845978         1.3301823480         2.8656101929        -0.1781860289        -8.1903085070
        0.2550000000        -1.4617903092         1.8331377195         1.3327346748         2.8605064379        -0.1116987047        -8.3924305231
        0.2600000000        -1.4856921385         1.8256933241         1.3454963091         2.8732658252         0.2207379164        -8.5296557058
        0.2650000000        -1.4981054349         1.8218231694         1.3301823480         2.8605064379        -0.1781860289        -8.6009229229
        0.2700000000        -1.4989342090         1.8215646822         1.3327346748         2.8732658252        -0.1116987047        -8.6056810805
        0.2750000000        -1.4881720520         1.8249203651         1.3378393285         2.8681620703         0.0212759438        -8.5438933848
        0.2800000000        -1.4659021854         1.8318577571         1.3352870017         2.8732658252        -0.0452113805        -8.4160376265
        0.2850000000        -1.4322968171         1.8423099480         1.3301823480         2.8681620703        -0.1781860289        -8.2231024864
        0.2900000000        -1.3876158103         1.8561766288         1.3123160600         2.8681620703        -0.6435972985        -7.9665798898
        0.2950000000        -1.3322046732         1.8733256433         1.2434032349         2.8502989281        -2.4387550526        -7.6484534699
        0.3000000000        -1.2664918883         1.8935949881         1.0902636235         2.8451951732        -6.4279945062        -7.2711832288
        0.3050000000        -1.1909855980         1.9167951982         1.1157868920         2.8120207662        -5.7631212640        -6.8376865151
        0.3100000000        -1.1062696760         1.9427120457         1.1489671412         2.8043651338        -4.8987860490        -6.3513154641
        0.3150000000        -1.0129992122         1.9711094733         1.1566241217         2.7813982367        -4.6993240763        -5.8158310770
        0.3200000000        -0.9118954465         2.0017326868         1.1795950634         2.7609832170        -4.1009381583        -5.2353741377
        0.3250000000        -0.8037401925         2.0343113299         1.1949090246         2.7482238297        -3.7020142129        -4.6144331930
        0.3300000000        -0.6893697909         2.0685626735         1.1923566977         2.7278088101        -3.7685015372        -3.9578098437
        0.3350000000        -0.5696686433         2.1041947590         1.1898043709         2.7150494228        -3.8349888614        -3.2705816148
        0.3400000000        -0.4455623724         2.1409094423         1.1719380829         2.6971862806        -4.3004001310        -2.5580626922
        0.3450000000        -0.3180106649         2.1784052993         1.1795950634         2.6920825256        -4.1009381583        -1.8257628292
        0.3500000000        -0.1879998503         2.2163803601         1.1821473903         2.6691156285        -4.0344508341        -1.0793447408
        0.3550000000        -0.0565352740         2.2545346511         1.1974613514         2.6640118736        -3.6355268887        -0.3245803151
        0.3600000000         0.0753664773         2.7271893370         1.1898043709         2.6333893441        -3.8349888614         0.4326940193
        0.3650000000         0.2066854360         2.7713233850         1.2000136783         2.6282855892        -3.5690395645         1.1866224253
        0.3700000000         0.3364061414         2.8145991825         1.2280892737         2.6231818342        -2.8376789980         1.9313749391
        0.3750000000         0.4635254916         2.8567042300         1.2536125423         2.6104224470        -2.1728057557         2.6611925522
        0.3800000000         0.5870605003         2.8973407632         1.2638218497         2.5976630597        -1.9068564588         3.3704317441
        0.3850000000         0.7060558982         2.9362270752         1.2842404646         2.5951111822        -1.3749578650         4.0536081230
        0.3900000000         0.8195915201         2.9730986374         1.2944497720         2.5823517949        -1.1090085681         4.7054388352
        0.3950000000         0.9267894196         3.0077090403         1.3250776943         2.5874555498        -0.3111606774         5.3208834160
        0.4000000000         1.0268206589         3.0398307793         1.3378393285         2.5900074273         0.0212759438         5.8951827668
        0.4050000000         1.1189117181         3.0692559040         1.3454963091         2.5849036724         0.2207379164         6.4238959562
        0.4100000000         1.2023504773         3.0957965526         1.3327346748         2.5823517949        -0.1116987047         6.9029345603
        0.4150000000         1.2764917227         3.1192853862         1.3327346748         2.5772480400        -0.1116987047         7.3285942783
        0.4200000000         1.3407621362         3.1395759401         1.3378393285         2.5874555498         0.0212759438         7.6975835765
        0.4250000000         1.3946647288         3.1565429033         1.3429439823         2.5849036724         0.1542505922         8.0070491412
        0.4300000000         1.4377826835         3.1700823389         1.3480486360         2.5849036724         0.2872252407         8.2545979427
        0.4350000000         1.4697825786         3.1801118530         1.3506009628         2.5900074273         0.3537125649         8.4383157401
        0.4400000000         1.4904169658         3.1865707210         1.3454963091         2.5823517949         0.2207379164         8.5567818839
        0.4450000000         1.4995262839         3.1894199754         1.3531532897         2.5900074273         0.4201998891         8.6090803013
        0.4500000000         1.4970400926         3.1886424603         1.3557056165         2.5951111822         0.4866872133         8.5948065799
        0.4550000000         1.4829776171         3.1842428552         1.3429439823         2.5874555498         0.1542505922         8.5140710953
        0.4600000000         1.4574475994         3.1762476686         1.3327346748         2.5874555498        -0.1116987047         8.3674981575
        0.4650000000         1.4206474575         3.1647052008         1.3454963091         2.5976630597         0.2207379164         8.1562211830
        0.4700000000         1.3728617589         3.1496854763         1.3557056165         2.5976630597         0.4866872133         7.8818739304
        0.4750000000         1.3144600201         3.1312801394         1.4424847297         2.6002149371         2.7472562370         7.5465778672
        0.4800000000         1.2458938488         3.1096023109         1.5905196873         2.6206299568         6.6035210422         7.1529257647
        0.4850000000         1.1676934524         3.0847863978         1.5726533993         2.6410449765         6.1381097726         6.7039616486
        0.4900000000         1.0804635373         3.0569878491         1.5496824576         2.6665637511         5.5397238546         6.2031572605
        0.4950000000         0.9848786336         3.0263828468         1.5394731502         2.6895306482         5.2737745577         5.6543852114
        0.5000000000         0.8816778784         2.9931679206         1.5139498816         2.7048419129         4.6089013154         5.0618890357
        0.5050000000         0.7716593007         2.9575594731         1.4807696325         2.7227050552         3.7445661004         4.4302503770
        0.5100000000         0.6556736500         2.9197931979         1.4833219594         2.7405681974         3.8110534247         3.7643535592
        0.5150000000         0.5346178181         2.8801233748         1.4909789399         2.7482238297         4.0105153974         3.0693478171
        0.5200000000         0.4094279033         2.8388220195         1.5062929011         2.7609832170         4.4094393427         2.3506074783
        0.5250000000         0.2810719719         2.7961778692         1.5113975548         2.7865019916         4.5424139912         1.6136904049
        0.5300000000         0.1505425723         2.7524951778         1.5062929011         2.8069170113         4.4094393427         0.8642950160
        0.5350000000         0.0188490598         2.5000000000         1.4884266131         2.8196763986         3.9440280731         0.1082162223
        0.5400000000        -0.1129902083         2.2381799532         1.4782173056         2.8298839084         3.6780787762        -0.6486993838
        0.5450000000        -0.2439557478         2.2000659705         1.4731126519         2.8477470506         3.5451041278        -1.4005987392
        0.5500000000        -0.3730348307         2.1622593791         1.4654556714         2.8656101929         3.3456421551        -2.1416675703
        0.5550000000        -0.4992293168         2.1250613063         1.4373800759         2.8707139478         2.6142815886        -2.8661753535
        0.5600000000        -0.6215633715         2.0887738110         1.4067521537         2.8732658252         1.8164336979        -3.5685196284
        0.5650000000        -0.7390910123         2.0536972570         1.4067521537         2.8936808449         1.8164336979        -4.2432693199
        0.5700000000        -0.8509034237         2.0201275021         1.3659149240         2.8834733351         0.7526365102        -4.8852067361
        0.5750000000        -0.9561359846         1.9883529291         1.3506009628         2.8911289674         0.3537125649        -5.4893679149
        0.5800000000        -1.0539749547         1.9586513531         1.3378393285         2.8962327224         0.0212759438        -6.0510810099
        0.5850000000        -1.1436637665         1.9312868524         1.3327346748         2.8911289674        -0.1116987047        -6.5660024163
        0.5900000000        -1.2245088761         1.9065065765         1.3403916554         2.8911289674         0.0877632680        -7.0301503593
        0.5950000000        -1.2958851258         1.8845375985         1.3378393285         2.8987845998         0.0212759438        -7.4399356842
        0.6000000000        -1.3572405787         1.8655838809         1.3301823480         2.8936808449        -0.1781860289        -7.7921896104
        0.6050000000        -1.4081007865         1.8498234333         1.3352870017         2.8885770900        -0.0452113805        -8.0841882353
        0.6100000000        -1.4480724582         1.8374057388         1.3327346748         2.8860252125        -0.1116987047        -8.3136735973
        0.6150000000        -1.4768465018         1.8284495249         1.3327346748         2.8834733351        -0.1116987047        -8.4788711361
        0.6200000000        -1.4942004137         1.8230409484         1.3378393285         2.8885770900         0.0212759438        -8.5785034152
        0.6250000000        -1.5000000000         1.8212322538         1.3378393285         2.8911289674         0.0212759438        -8.6118000000
        0.6300000000        -1.4942004137         1.8230409484         1.3352870017         2.8936808449        -0.0452113805        -8.5785034152
        0.6350000000        -1.4768465018         1.8284495249         1.3276300211         2.8911289674        -0.2446733532        -8.4788711361
        0.6400000000        -1.4480724582         1.8374057388         1.3429439823         2.8962327224         0.1542505922        -8.3136735973
        0.6450000000        -1.4081007865         1.8498234333         1.3301823480         2.8860252125        -0.1781860289        -8.0841882353
        0.6500000000        -1.3572405787         1.8655838809         1.2663741766         2.8860252125        -1.8403691346        -7.7921896104
        0.6550000000        -1.2958851258         1.8845375985         1.1030252578         2.8758177027        -6.0955578851        -7.4399356842
        0.6600000000        -1.2245088761         1.9065065765         1.1259961995         2.8426432957        -5.4971719671        -7.0301503593
        0.6650000000        -1.1436637665         1.9312868524         1.1591764486         2.8324357859        -4.6328367521        -6.5660024163
        0.6700000000        -1.0539749547         1.9586513531         1.1668334292         2.8120207662        -4.4333747794        -6.0510810099
        0.6750000000        -0.9561359846         1.9883529291         1.1744904097         2.7941576240        -4.2339128068        -5.4893679149
        0.6800000000        -0.8509034237         2.0201275021         1.1949090246         2.7788463592        -3.7020142129        -4.8852067361
        0.6850000000        -0.7390910123         2.0536972570         1.1872520440         2.7558794621        -3.9014761856        -4.2432693199
        0.6900000000        -0.6215633715         2.0887738110         1.1744904097         2.7482238297        -4.2339128068        -3.5685196284
        0.6950000000        -0.4992293168         2.1250613063         1.1795950634         2.7329125650        -4.1009381583        -2.8661753535
        0.7000000000        -0.3730348307         2.1622593791         1.1744904097         2.7099456679        -4.2339128068        -2.1416675703
        0.7050000000        -0.2439557478         2.2000659705         1.1898043709         2.6997381580        -3.8349888614        -1.4005987392
        0.7100000000        -0.1129902083         2.2381799532         1.1821473903         2.6767712609        -4.0344508341        -0.6486993838
        0.7150000000         0.0188490598         2.5000000000         1.1923566977         2.6691156285        -3.7685015372         0.1082162223
        0.7200000000         0.1505425723         2.7524951778         1.1949090246         2.6538043638        -3.7020142129         0.8642950160
        0.7250000000         0.2810719719         2.7961778692         1.2076706589         2.6435968539        -3.3695775918         1.6136904049
        0.7300000000         0.4094279033         2.8388220195         1.2357462543         2.6384930990        -2.6382170253         2.3506074783
        0.7350000000         0.5346178181         2.8801233748         1.2485078886         2.6155262019        -2.3057804042         3.0693478171
        0.7400000000         0.6556736500         2.9197931979         1.2791358108         2.6257337117        -1.5079325135         3.7643535592
        0.7450000000         0.7716593007         2.9575594731         1.2893451183         2.6053186920        -1.2419832166         4.4302503770
        0.7500000000         0.8816778784         2.9931679206         1.3301823480         2.6129743244        -0.1781860289         5.0618890357
        0.7550000000         0.9848786336         3.0263828468         1.3378393285         2.6002149371         0.0212759438         5.6543852114
        0.7600000000         1.0804635373         3.0569878491         1.3352870017         2.6027668146        -0.0452113805         6.2031572605
        0.7650000000         1.1676934524         3.0847863978         1.3301823480         2.6027668146        -0.1781860289         6.7039616486
        0.7700000000         1.2458938488         3.1096023109         1.3378393285         2.6104224470         0.0212759438         7.1529257647
        0.7750000000         1.3144600201         3.1312801394         1.3429439823         2.6180780793         0.1542505922         7.5465778672
        0.7800000000         1.3728617589         3.1496854763         1.3454963091         2.6104224470         0.2207379164         7.8818739304
        0.7850000000         1.4206474575         3.1647052008         1.3454963091         2.6053186920         0.2207379164         8.1562211830
        0.7900000000         1.4574475994         3.1762476686         1.3480486360         2.6104224470         0.2872252407         8.3674981575
        0.7950000000         1.4829776171         3.1842428552         1.3557056165         2.6129743244         0.4866872133         8.5140710953
        0.8000000000         1.4970400926         3.1886424603         1.3531532897         2.6206299568         0.4201998891         8.5948065799
        0.8050000000         1.4995262839         3.1894199754         1.3531532897         2.6180780793         0.4201998891         8.6090803013
        0.8100000000         1.4904169658         3.1865707210         1.3403916554         2.6104224470         0.0877632680         8.5567818839
        0.8150000000         1.4697825786         3.1801118530         1.3352870017         2.6078705695        -0.0452113805         8.4383157401
        0.8200000000         1.4377826835         3.1700823389         1.3378393285         2.6180780793         0.0212759438         8.2545979427
        0.8250000000         1.3946647288         3.1565429033         1.3429439823         2.6257337117         0.1542505922         8.0070491412
        0.8300000000         1.3407621362         3.1395759401         1.3506009628         2.6180780793         0.3537125649         7.6975835765
        0.8350000000         1.2764917227         3.1192853862         1.4680079982         2.6257337117         3.4121294793         7.3285942783
        0.8400000000         1.2023504773         3.0957965526         1.5905196873         2.6435968539         6.6035210422         6.9029345603
        0.8450000000         1.1189117181         3.0692559040         1.5752057262         2.6767712609         6.2045970968         6.4238959562
        0.8500000000         1.0268206589         3.0398307793         1.5547871113         2.6971862806         5.6726985030         5.8951827668
        0.8550000000         0.9267894196         3.0077090403         1.5267115159         2.7150494228         4.9413379365         5.3208834160
        0.8600000000         0.8195915201         2.9730986374         1.4986359205         2.7303606875         4.2099773700         4.7054388352
        0.8650000000         0.7060558982         2.9362270752         1.4909789399         2.7482238297         4.0105153974         4.0536081230
        0.8700000000         0.5870605003         2.8973407632         1.4960835936         2.7686388494         4.1434900458         3.3704317441
        0.8750000000         0.4635254916         2.8567042300         1.4960835936         2.7839501142         4.1434900458         2.6611925522
        0.8800000000         0.3364061414         2.8145991825         1.4884266131         2.7865019916         3.9440280731         1.9313749391
        0.8850000000         0.2066854360         2.7713233850         1.5037405742         2.8171245211         4.3429520185         1.1866224253
        0.8900000000         0.0753664773         2.7271893370         1.4986359205         2.8298839084         4.2099773700         0.4326940193
        0.8950000000        -0.0565352740         2.2545346511         1.4884266131         2.8426432957         3.9440280731        -0.3245803151
        0.9000000000        -0.1879998503         2.2163803601         1.4807696325         2.8554026830         3.7445661004        -1.0793447408
        0.9050000000        -0.3180106649         2.1784052993         1.4399324028         2.8707139478         2.6807689128        -1.8257628292
        0.9100000000        -0.4455623724         2.1409094423         1.4373800759         2.8809214576         2.6142815886        -2.5580626922
        0.9150000000        -0.5696686433         2.1041947590         1.4118568074         2.8860252125         1.9494083463        -3.2705816148
        0.9200000000        -0.6893697909         2.0685626735         1.3837812120         2.8987845998         1.2180477798        -3.9578098437
        0.9250000000        -0.8037401925         2.0343113299         1.3684672508         2.8962327224         0.8191238345        -4.6144331930
        0.9300000000        -0.9118954465         2.0017326868         1.3633625971         2.9115439871         0.6861491860        -5.2353741377
        0.9350000000        -1.0129992122         1.9711094733         1.3327346748         2.8987845998        -0.1116987047        -5.8158310770
        0.9400000000        -1.1062696760         1.9427120457         1.3327346748         2.9038883547        -0.1116987047        -6.3513154641
        0.9450000000        -1.1909855980         1.9167951982         1.3378393285         2.9013364773         0.0212759438        -6.8376865151
        0.9500000000        -1.2664918883         1.8935949881         1.3352870017         2.8936808449        -0.0452113805        -7.2711832288
        0.9550000000        -1.3322046732         1.8733256433         1.3352870017         2.9089921097        -0.0452113805        -7.6484534699
        0.9600000000        -1.3876158103         1.8561766288         1.3378393285         2.9038883547         0.0212759438        -7.9665798898
        0.9650000000        -1.4322968171         1.8423099480         1.3378393285         2.9038883547         0.0212759438        -8.2231024864
        0.9700000000        -1.4659021854         1.8318577571         1.3199730405         2.9013364773        -0.4441353258        -8.4160376265
        0.9750000000        -1.4881720520         1.8249203651         1.3429439823         2.9038883547         0.1542505922        -8.5438933848
        0.9800000000        -1.4989342090         1.8215646822         1.3403916554         2.8987845998         0.0877632680        -8.6056810805
        0.9850000000        -1.4981054349         1.8218231694         1.3352870017         2.9038883547        -0.0452113805        -8.6009229229
        0.9900000000        -1.4856921385         1.8256933241         1.3454963091         2.9038883547         0.2207379164        -8.5296557058
        0.9950000000        -1.4617903092         1.8331377195         1.3429439823         2.9115439871         0.1542505922        -8.3924305231
        1.0000000000        -1.4265847744         1.8440845978         1.3352870017         2.9038883547        -0.0452113805        -8.1903085070
        1.0050000000        -1.3803477710         1.8584289944         1.2842404646         2.8936808449        -1.3749578650        -7.9248526231
        1.0100000000        -1.3234368397         1.8760343569         1.0979206040         2.8758177027        -6.2285325336        -7.5981155838
        1.0150000000        -1.2562920601         1.8967346047         1.1234438726         2.8707139478        -5.5636592913        -7.2126239752
        1.0200000000        -1.1794326482         1.9203365636         1.1566241217         2.8502989281        -4.6993240763        -6.7713587199
        1.0250000000        -1.0934529411         1.9466227032         1.1719380829         2.8247801535        -4.3004001310        -6.2777320256
        1.0300000000        -0.9990178012         1.9753540975         1.1668334292         2.8043651338        -4.4333747794        -5.7355610000
        1.0350000000        -0.8968574746         2.0062735336         1.1795950634         2.7865019916        -4.1009381583        -5.1490381331
        1.0400000000        -0.7877619449         2.0391086927         1.1821473903         2.7788463592        -4.0344508341        -4.5226988783
        1.0450000000        -0.6725748241         2.0735753369         1.1770427366         2.7686388494        -4.1674254825        -3.8613865803
        1.0500000000        -0.5521868290         2.1093804401         1.1617287755         2.7482238297        -4.5663494279        -3.1702150228
        1.0550000000        -0.4275288937         2.1462252157         1.1923566977         2.7303606875        -3.7685015372        -2.4545288845
        1.0600000000        -0.2995649708         2.1838079983         1.1898043709         2.7176013002        -3.8349888614        -1.7198624102
        1.0650000000        -0.1692845773         2.2218269524         1.1898043709         2.6971862806        -3.8349888614        -0.9718966153
        1.0700000000        -0.0376951432         2.5000000000         1.1898043709         2.6895306482        -3.8349888614        -0.2164153559
        1.0750000000         0.0941857793         2.7335345354         1.2000136783         2.6691156285        -3.5690395645         0.5407393961
        1.0800000000         0.2253383837         2.7775656269         1.2051183320         2.6512524863        -3.4360649160         1.2937127284
        1.0850000000         0.3547484955         2.8206929790         1.2204322931         2.6435968539        -3.0371409707         2.0366820626
        1.0900000000         0.4814154147         2.8626061080         1.2459555617         2.6410449765        -2.3722677284         2.7639021789
        1.0950000000         0.6043596536         2.9030094675         1.2714788303         2.6282855892        -1.7073944861         3.4697496431
        1.1000000000         0.7226305112         2.9416237406         1.2765834840         2.6231818342        -1.5744198377         4.1487662906
        1.1050000000         0.8353134247         2.9781869332         1.3021067526         2.6104224470        -0.9095465954         4.7957014341
        1.1100000000         0.9415370419         3.0124552920         1.3301823480         2.6129743244        -0.1781860289         5.4055524652
        1.1150000000         1.0404799587         3.0442040688         1.3429439823         2.6155262019         0.1542505922         5.9736035390
        1.1200000000         1.1313770711         3.0732281528         1.3429439823         2.6231818342         0.1542505922         6.4954620406
        1.1250000000         1.2135254916         3.0993425897         1.3352870017         2.6104224470        -0.0452113805         6.9670925522
        1.1300000000         1.2862899843         3.1223830028         1.3327346748         2.6104224470        -0.1116987047         7.3848480578
        1.1350000000         1.3491078773         3.1422059337         1.3276300211         2.6104224470        -0.2446733532         7.7454981454
        1.1400000000         1.4014934137         3.1586891127         1.3454963091         2.6257337117         0.2207379164         8.0462539866
        1.1450000000         1.4430415074         3.1717316712         1.3454963091         2.6257337117         0.2207379164         8.2847899022
        1.1500000000         1.4734308761         3.1812543042         1.3480486360         2.6231818342         0.2872252407         8.4592613458
        1.1550000000         1.4924265255         3.1871993906         1.3506009628         2.6257337117         0.3537125649         8.5683191680
        1.1600000000         1.4998815663         3.1895310762         1.3454963091         2.6206299568         0.2207379164         8.6111200485
        1.1650000000         1.4957383504         3.1882353239         1.3378393285         2.6129743244         0.0212759438         8.5873330173
        1.1700000000         1.4800289163         3.1833199326         1.3506009628         2.6231818342         0.3537125649         8.4971420143
        1.1750000000         1.4528747417         3.1748145267         1.3454963091         2.6231818342         0.2207379164         8.3412444670
        1.1800000000         1.4144858038         3.1627705152         1.3506009628         2.6231818342         0.3537125649         8.1208458970
        1.1850000000         1.3651589560         3.1472610182         1.3531532897         2.6180780793         0.4201998891         7.8376505983
        1.1900000000         1.3052756320         3.1283807580         1.4884266131         2.6333893441         3.9440280731         7.4938484585
        1.1950000000         1.2352988964         3.1062459090         1.6032813216         2.6614599961         6.9359576633         7.0920980243
        1.2000000000         1.1557698642         3.0809939006         1.5573394382         2.6742193834         5.7391858272         6.6355059441
        1.2050000000         1.0673035158         3.0527831642         1.5369208233         2.6997381580         5.2072872334         6.1276029450
        1.2100000000         0.9705839424         3.0217928140         1.5165022085         2.7201531777         4.6753886396         5.5723165298
        1.2150000000         0.8663590551         2.9882222503         1.4960835936         2.7380163199         4.1434900458         4.9739406073
        1.2200000000         0.7554348025         2.9522906697         1.5011882474         2.7609832170         4.2764646943         4.3371022878
        1.2250000000         0.6386689373         2.9142364674         1.5062929011         2.7762944818         4.4094393427         3.6667261031
        1.2300000000         0.5169643848         2.8743165124         1.5037405742         2.7890538691         4.3429520185         2.9679959258
        1.2350000000         0.3912622594         2.8328052756         1.4935312668         2.7941576240         4.0770027216         2.2463148839
        1.2400000000         0.2625345885         2.7899937892         1.5037405742         2.8247801535         4.3429520185         1.5072635793
        1.2450000000         0.1317767948         2.7461884135         1.4986359205         2.8400914183         4.2099773700         0.7565569345
        1.2500000000         0.0000000000         2.5000000000         1.4986359205         2.8605064379         4.2099773700         0.0000000000
        1.2550000000        -0.1317767948         2.2327276149         1.4782173056         2.8630583154         3.6780787762        -0.7565569345
        1.2600000000        -0.2625345885         2.1946392112         1.4731126519         2.8834733351         3.5451041278        -1.5072635793
        1.2650000000        -0.3912622594         2.1569010657         1.4475893834         2.8885770900         2.8802308855        -2.2463148839
        1.2700000000        -0.5169643848         2.1198145922         1.4322754222         2.9038883547         2.4813069401        -2.9679959258
        1.2750000000        -0.6386689373         2.0836817728         1.4093044805         2.9140958646         1.8829210221        -3.6667261031
        1.2800000000        -0.7554348025         2.0488025035         1.3837812120         2.9166477420         1.2180477798        -4.3371022878
        1.2850000000        -0.8663590551         2.0154717596         1.3735719045         2.9294071293         0.9520984829        -4.9739406073
        1.2900000000        -0.9705839424         1.9839766058         1.3633625971         2.9345108842         0.6861491860        -5.5723165298
        1.2950000000        -1.0673035158         1.9545930900         1.3429439823         2.9268552519         0.1542505922        -6.1276029450
        1.3000000000        -1.1557698642         1.9275830671         1.3301823480         2.9294071293        -0.1781860289        -6.6355059441
        1.3050000000        -1.2352988964         1.9031910097         1.3327346748         2.9294071293        -0.1116987047        -7.0920980243
        1.3100000000        -1.3052756320         1.8816408713         1.3352870017         2.9268552519        -0.0452113805        -7.4938484585
        1.3150000000        -1.3651589560         1.8631330755         1.3454963091         2.9345108842         0.2207379164        -7.8376505983
        1.3200000000        -1.4144858038         1.8478417070         1.3276300211         2.9217514970        -0.2446733532        -8.1208458970
        1.3250000000        -1.4528747417         1.8359119828         1.3454963091         2.9294071293         0.2207379164        -8.3412444670
        1.3300000000        -1.4800289163         1.8274580780         1.3327346748         2.9294071293        -0.1116987047        -8.4971420143
        1.3350000000        -1.4957383504         1.8225613756         1.3327346748         2.9191996195        -0.1116987047        -8.5873330173
        1.3400000000        -1.4998815663         1.8212691952         1.3352870017         2.9294071293        -0.0452113805        -8.6111200485
        1.3450000000        -1.4924265255         1.8235940463         1.3352870017         2.9294071293        -0.0452113805        -8.5683191680
        1.3500000000        -1.4734308761         1.8295134291         1.3454963091         2.9345108842         0.2207379164        -8.4592613458
        1.3550000000        -1.4430415074         1.8389701917         1.3403916554         2.9294071293         0.0877632680        -8.2847899022
        1.3600000000        -1.4014934137         1.8518734304         1.3378393285         2.9319590068         0.0212759438        -8.0462539866
        1.3650000000        -1.3491078773         1.8680999027         1.2204322931         2.9140958646        -3.0371409707        -7.7454981454
        1.3700000000        -1.2862899843         1.8874959049         1.0902636235         2.8987845998        -6.4279945062        -7.3848480578
        1.3750000000        -1.2135254916         1.9098795553         1.1234438726         2.8707139478        -5.5636592913        -6.9670925522
        1.3800000000        -1.1313770711         1.9350434104         1.1515194680         2.8630583154        -4.8322987248        -6.4954620406
        1.3850000000        -1.0404799587         1.9627573399         1.1693857560         2.8426432957        -4.3668874552        -5.9736035390
        1.3900000000        -0.9415370419         1.9927715813         1.1795950634         2.8196763986        -4.1009381583        -5.4055524652
        1.3950000000        -0.8353134247         2.0248198986         1.1923566977         2.8120207662        -3.7685015372        -4.7957014341
        1.4000000000        -0.7226305112         2.0586227739         1.1795950634         2.8018132564        -4.1009381583        -4.1487662906
        1.4050000000        -0.6043596536         2.0938905699         1.1642811023         2.7711907269        -4.4998621037        -3.4697496431
        1.4100000000        -0.4814154147         2.1303266064         1.1821473903         2.7686388494        -4.0344508341        -2.7639021789
        1.4150000000        -0.3547484955         2.1676301097         1.1923566977         2.7431200748        -3.7685015372        -2.0366820626
        1.4200000000        -0.2253383837         2.2054989975         1.1898043709         2.7329125650        -3.8349888614        -1.2937127284
        1.4250000000        -0.0941857793         2.2436324785         1.1846997172         2.7099456679        -3.9679635098        -0.5407393961
        1.4300000000         0.0376951432         2.5000000000         1.1898043709         2.7022900355        -3.8349888614         0.2164153559
        1.4350000000         0.1692845773         2.7587872235         1.1872520440         2.6793231383        -3.9014761856         0.9718966153
        1.4400000000         0.2995649708         2.8023407309         1.2153276394         2.6818750158        -3.1701156191         1.7198624102
        1.4450000000         0.4275288937         2.8448113335         1.2229846200         2.6589081187        -2.9706536464         2.4545288845
        1.4500000000         0.5521868290         2.8858969127         1.2485078886         2.6563562412        -2.3057804042         3.1702150228
        1.4550000000         0.6725748241         2.9253110509         1.2612695229         2.6487006088        -1.9733437830         3.8613865803
        1.4600000000         0.7877619449         2.9627842081         1.2765834840         2.6359412215        -1.5744198377         4.5226988783
        1.4650000000         0.8968574746         2.9980647113         1.2970020988         2.6257337117        -1.0425212439         5.1490381331
        1.4700000000         0.9990178012         3.0309195826         1.3327346748         2.6359412215        -0.1116987047         5.7355610000
        1.4750000000         1.0934529411         3.0611352256         1.3403916554         2.6257337117         0.0877632680         6.2777320256
        1.4800000000         1.1794326482         3.0885179903         1.3480486360         2.6384930990         0.2872252407         6.7713587199
        1.4850000000         1.2562920601         3.1128946352         1.3403916554         2.6282855892         0.0877632680         7.2126239752
        1.4900000000         1.3234368397         3.1341126998         1.3378393285         2.6308374666         0.0212759438         7.5981155838
        1.4950000000         1.3803477710         3.1520408044         1.3327346748         2.6257337117        -0.1116987047         7.9248526231
        1.5000000000         1.4265847744         3.1665688859         1.3378393285         2.6308374666         0.0212759438         8.1903085070
        1.5050000000         1.4617903092         3.1776083807         1.3454963091         2.6384930990         0.2207379164         8.3924305231
        1.5100000000         1.4856921385         3.1850923624         1.3403916554         2.6384930990         0.0877632680         8.5296557058
        1.5150000000         1.4981054349         3.1889756401         1.3429439823         2.6333893441         0.1542505922         8.6009229229
        1.5200000000         1.4989342090         3.1892348224         1.3378393285         2.6282855892         0.0212759438         8.6056810805
        1.5250000000         1.4881720520         3.1858683495         1.3429439823         2.6333893441         0.1542505922         8.5438933848
        1.5300000000         1.4659021854         3.1788964952         1.3531532897         2.6410449765         0.4201998891         8.4160376265
        1.5350000000         1.4322968171         3.1683613394         1.3506009628         2.6410449765         0.3537125649         8.2231024864
        1.5400000000         1.3876158103         3.1543267085         1.3531532897         2.6384930990         0.4201998891         7.9665798898
        1.5450000000         1.3322046732         3.1368780826         1.4373800759         2.6435968539         2.6142815886         7.6484534699
        1.5500000000         1.2664918883         3.1161224635         1.5777580530         2.6563562412         6.2710844211         7.2711832288
        1.5550000000         1.1909855980         3.0921881988         1.5777580530         2.6946344031         6.2710844211         6.8376865151
        1.5600000000         1.1062696760         3.0652247542         1.5522347845         2.7048419129         5.6062111788         6.3513154641
        1.5650000000         1.0129992122         3.0354024234         1.5165022085         2.7278088101         4.6753886396         5.8158310770
        1.5700000000         0.9118954465         3.0029119670         1.4986359205         2.7431200748         4.2099773700         5.2353741377
        1.5750000000         0.8037401925         2.9679641639         1.5062929011         2.7711907269         4.4094393427         4.6144331930
        1.5800000000         0.6893697909         2.9307892622         1.4935312668         2.7737426043         4.0770027216         3.9578098437
        1.5850000000         0.5696686433         2.8916363113         1.5062929011         2.7992613789         4.4094393427         3.2705816148
        1.5900000000         0.4455623724         2.8507723555         1.5062929011         2.8120207662         4.4094393427         2.5580626922
        1.5950000000         0.3180106649         2.8084814686         1.5113975548         2.8349876633         4.5424139912         1.8257628292
        1.6000000000         0.1879998503         2.7650636058         1.4909789399         2.8400914183         4.0105153974         1.0793447408
        1.6050000000         0.0565352740         2.7208332509         1.4986359205         2.8681620703         4.2099773700         0.3245803151
        1.6100000000        -0.0753664773         2.2490843304         1.4833219594         2.8732658252         3.8110534247        -0.4326940193
        1.6150000000        -0.2066854360         2.2109374182         1.4782173056         2.8936808449         3.6780787762        -1.1866224253
        1.6200000000        -0.3364061414         2.1730123765         1.4577986908         2.9064402322         3.1461801824        -1.9313749391
        1.6250000000        -0.4635254916         2.1356096121         1.4373800759         2.9166477420         2.6142815886        -2.6611925522
        1.6300000000        -0.5870605003         2.0990311771         1.4144091342         2.9319590068         2.0158956706        -3.3704317441
        1.6350000000        -0.7060558982         2.0635781989         1.3863335388         2.9268552519         1.2845351041        -4.0536081230
        1.6400000000        -0.8195915201         2.0295481192         1.3735719045         2.9447183941         0.9520984829        -4.7054388352
        1.6450000000        -0.9267894196         1.9972317675         1.3352870017         2.9345108842        -0.0452113805        -5.3208834160
        1.6500000000        -1.0268206589         1.9669102993         1.3174207137         2.9396146392        -0.5106226501        -5.8951827668
        1.6550000000        -1.1189117181         1.9388520434         1.3454963091         2.9447183941         0.2207379164        -6.4238959562
        1.6600000000        -1.2023504773         1.9133093107         1.3403916554         2.9396146392         0.0877632680        -6.9029345603
        1.6650000000        -1.2764917227         1.8905152264         1.3403916554         2.9472702715         0.0877632680        -7.3285942783
        1.6700000000        -1.3407621362         1.8706806558         1.3276300211         2.9319590068        -0.2446733532        -7.6975835765
        1.6750000000        -1.3946647288         1.8539912994         1.3454963091         2.9447183941         0.2207379164        -8.0070491412
        1.6800000000        -1.4377826835         1.8406050348         1.3352870017         2.9370627617        -0.0452113805        -8.2545979427
        1.6850000000        -1.4697825786         1.8306495811         1.3301823480         2.9370627617        -0.1781860289        -8.4383157401
        1.6900000000        -1.4904169658         1.8242205598         1.3403916554         2.9370627617         0.0877632680        -8.5567818839
        1.6950000000        -1.4995262839         1.8213800120         1.3378393285         2.9370627617         0.0212759438        -8.6090803013
        1.7000000000        -1.4970400926         1.8221554225         1.3429439823         2.9447183941         0.1542505922        -8.5948065799
        1.7050000000        -1.4829776171         1.8265392840         1.3352870017         2.9370627617        -0.0452113805        -8.5140710953
        1.7100000000        -1.4574475994         1.8344892166         1.3352870017         2.9396146392        -0.0452113805        -8.3674981575
        1.7150000000        -1.4206474575         1.8459286375         1.3352870017         2.9319590068        -0.0452113805        -8.1562211830
        1.7200000000        -1.3728617589         1.8607479596         1.3097637331         2.9319590068        -0.7100846227        -7.8818739304
        1.7250000000        -1.3144600201         1.8788062766         1.1259961995         2.9268552519        -5.4971719671        -7.5465778672
        1.7300000000        -1.2458938488         1.8999334805         1.1132345652         2.8936808449        -5.8296085882        -7.1529257647
        1.7350000000        -1.1676934524         1.9239327440         1.1489671412         2.8758177027        -4.8987860490        -6.7039616486
        1.7400000000        -1.0804635373         1.9505832945         1.1566241217         2.8528508056        -4.6993240763        -6.2031572605
        1.7450000000        -0.9848786336         1.9796434008         1.1821473903         2.8400914183        -4.0344508341        -5.6543852114
        1.7500000000        -0.8816778784         2.0108534965         1.1846997172         2.8222282761        -3.9679635098        -5.0618890357
        1.7550000000        -0.7716593007         2.0439393658         1.1795950634         2.8120207662        -4.1009381583        -4.4302503770
        1.7600000000        -0.6556736500         2.0786153253         1.1591764486         2.7992613789        -4.6328367521        -3.7643535592
        1.7650000000        -0.5346178181         2.1145873438         1.1744904097         2.7813982367        -4.2339128068        -3.0693478171
        1.7700000000        -0.4094279033         2.1515560507         1.1821473903         2.7584313396        -4.0344508341        -2.3506074783
        1.7750000000        -0.2810719719         2.1892195949         1.2000136783         2.7482238297        -3.5690395645        -1.6136904049
        1.7800000000        -0.1505425723         2.2272763264         1.2000136783         2.7405681974        -3.5690395645        -0.8642950160
