% f=5.10Hz  n_cycles=5  N_total=196  dt=0.005000
% Amp=1.0000V  K_lin=8.382100
Time[s]              Vcmd[V]              Vc[V]                Vg[V]                Pot[V]               Omega[rad/s]         Omega_target[rad/s] 
        0.0000000000         0.0000000000         2.5000000000         1.3429439823         0.8317638580         0.1469369865         0.0000000000
        0.0050000000         0.1595366024         2.8154170647         1.3352870017         0.8292119806        -0.0525249861         1.3372517550
        0.0100000000         0.3149865197         2.8915306764         1.3301823480         0.8215563482        -0.1854996346         2.6402485064
        0.0150000000         0.4623677510         2.9658103417         1.3352870017         0.8266601031        -0.0525249861         3.8756127260
        0.0200000000         0.5979049831         3.0361027526         1.3429439823         0.8343157355         0.1469369865         5.0116993585
        0.0250000000         0.7181262978         3.1001800639         1.3378393285         0.8266601031         0.0139623381         6.0194064405
        0.0300000000         0.8199521093         3.1558268583         1.3327346748         0.8190044707        -0.1190123104         6.8729205756
        0.0350000000         0.9007740506         3.2009571085         1.3352870017         0.8215563482        -0.0525249861         7.5503781696
        0.0400000000         0.9585217890         3.2337552419         1.4833219594         0.8292119806         3.8037398190         8.0344254877
        0.0450000000         0.9917160601         3.2528255114         1.4424847297         0.8521788777         2.7399426314         8.3126631875
        0.0500000000         0.9995065604         3.2573247685         1.4220661148         0.8623863875         2.2080440376         8.3779639396
        0.0550000000         0.9816937285         3.2470505630         1.5062929011         0.8649382650         4.4021257370         8.2286550020
        0.0600000000         0.9387338577         3.2224632052         1.4858742862         0.8776976523         3.8702271432         7.8685610682
        0.0650000000         0.8717274065         3.1846361161         1.4654556714         0.8981126720         3.3383285494         7.3069062943
        0.0700000000         0.7823908106         3.1351470533         1.5190545354         0.9185276916         4.7345623582         6.5580780133
        0.0750000000         0.6730125135         3.0759354654         1.4960835936         0.9312870789         4.1361764401         5.6412581895
        0.0800000000         0.5463943467         3.0091538399         1.4884266131         0.9465983437         3.9367144675         4.5799320538
        0.0850000000         0.4057797577         2.9370347859         1.5113975548         0.9568058535         4.5351003855         3.4012865067
        0.0900000000         0.2547707257         2.8617856148         1.4935312668         0.9772208732         4.0696891159         2.1355136998
        0.0950000000         0.0972354939         2.7855130371         1.4909789399         0.9950840154         4.0032017917         0.8150376336
        0.1000000000        -0.0627905195         2.2114129306         1.4960835936         1.0129471576         4.1361764401        -0.5263164137
        0.1050000000        -0.2212080928         2.1319512346         1.4782173056         1.0333621773         3.6707651706        -1.8541883546
        0.1100000000        -0.3739592057         2.0531486038         1.4348277491         1.0384659322         2.5404806587        -3.1345634584
        0.1150000000        -0.5171309901         1.9771705617         1.4016475000         1.0486734420         1.6761454438        -4.3346436724
        0.1200000000        -0.6470559616         1.9062946351         1.3582579434         1.0461215646         0.5458609319        -5.4236877755
        0.1250000000        -0.7604059656         1.8428377154         1.3199730405         1.0435696871        -0.4514489315        -6.3737988443
        0.1300000000        -0.8542774317         1.7890535002         1.3301823480         1.0461215646        -0.1854996346        -7.1606388602
        0.1350000000        -0.9262657510         1.7470015127         1.3403916554         1.0486734420         0.0804496623        -7.7640521516
        0.1400000000        -0.9745268728         1.7183977567         1.2842404646         1.0410178097        -1.3822714707        -8.1685817004
        0.1450000000        -0.9978245415         1.7044669599         1.1617287755         1.0282584224        -4.5736630336        -8.3638650890
        0.1500000000        -0.9955619646         1.7058234228         1.2510602154         1.0257065449        -2.2466066856        -8.3448999435
        0.1550000000        -0.9677971003         1.7224068028         1.2178799663         1.0027396478        -3.1109419006        -8.1121720747
        0.1600000000        -0.9152411726         1.7534885558         1.1387578337         0.9950840154        -5.1720489516        -7.6716430330
        0.1650000000        -0.8392404527         1.7977474126         1.1974613514         0.9746689957        -3.6428404944        -7.0345973982
        0.1700000000        -0.7417417727         1.8533956404         1.1872520440         0.9644614859        -3.9087897913        -6.2173537133
        0.1750000000        -0.6252426563         1.9183289165         1.1387578337         0.9440464662        -5.1720489516        -5.2408464697
        0.1800000000        -0.4927273415         1.9902736088         1.1974613514         0.9338389564        -3.6428404944        -4.1300898496
        0.1850000000        -0.3475903370         2.0669131927         1.1668334292         0.9134239367        -4.4406883851        -2.9135369635
        0.1900000000        -0.1935494681         2.1459854418         1.1693857560         0.8930089170        -4.3742010609        -1.6223509961
        0.1950000000        -0.0345506414         2.5000000000         1.1898043709         0.8776976523        -3.8423024671        -0.2896069311
        0.2000000000         0.1253332336         2.7989586188         1.1795950634         0.8623863875        -4.1082517640         1.0505556971
        0.2050000000         0.2820065759         2.8751975518         1.2076706589         0.8547307552        -3.3768911975         2.3638073199
        0.2100000000         0.4314560457         2.9500510662         1.2485078886         0.8394194904        -2.3130940098         3.6165077205
        0.2150000000         0.5698533495         3.0213904796         1.2970020988         0.8394194904        -1.0498348495         4.7765677606
        0.2200000000         0.6936533058         3.0869977055         1.3403916554         0.8419713679         0.0804496623         5.8142713747
        0.2250000000         0.7996846585         3.1446457517         1.3378393285         0.8292119806         0.0139623381         6.7030367759
        0.2300000000         0.8852313113         3.1922094073         1.3301823480         0.8368676129        -0.1854996346         7.4200973747
        0.2350000000         0.9481019037         3.2278020871         1.3403916554         0.8419713679         0.0804496623         7.9470849669
        0.2400000000         0.9866859442         3.2499252589         1.3531532897         0.8394194904         0.4128862834         8.2705002529
        0.2450000000         0.9999950652         3.2576071971         1.5037405742         0.8419713679         4.3356384128         8.3820586360
        0.2500000000         0.9876883406         3.2505029189         1.4322754222         0.8572826326         2.4739933345         8.2789024397
        0.2550000000         0.9500810191         3.2289316032         1.4322754222         0.8649382650         2.4739933345         7.9636741102
        0.2600000000         0.8881364488         3.1938419350         1.5088452279         0.8751457748         4.4686130613         7.4444485276
        0.2650000000         0.8034414001         3.1467142391         1.4884266131         0.8955607945         3.9367144675         6.7345261599
        0.2700000000         0.6981654190         3.0894227140         1.4577986908         0.9083201818         3.1388665767         5.8520923585
        0.2750000000         0.5750052520         3.0240859298         1.5113975548         0.9312870789         4.5351003855         4.8197515232
        0.2800000000         0.4371157667         2.9529291670         1.4756649788         0.9414945888         3.6042778463         3.6639480676
        0.2850000000         0.2880291360         2.8781725731         1.4935312668         0.9593577310         4.0696891159         2.4142890210
        0.2900000000         0.1315643591         2.8019494964         1.4935312668         0.9797727506         4.0696891159         1.1027856143
        0.2950000000        -0.0282705668         2.5000000000         1.4833219594         0.9950840154         3.8037398190        -0.2369667177
        0.3000000000        -0.1873813146         2.1491057335         1.4705603251         1.0027396478         3.4713031979        -1.5706489170
        0.3050000000        -0.3416921079         2.0699826638         1.4526940371         1.0103952802         3.0058919283        -2.8640974176
        0.3100000000        -0.4872501257         1.9932056793         1.4093044805         1.0231546675         1.8756074164        -4.0841792788
        0.3150000000        -0.6203267580         1.9210333164         1.3735719045         1.0282584224         0.9447848773        -5.1996409180
        0.3200000000        -0.7375131174         1.8557816012         1.3454963091         1.0359140547         0.2134243108        -6.1819087010
        0.3250000000        -0.8358073614         1.7997280528         1.3276300211         1.0410178097        -0.2519869588        -7.0058208837
        0.3300000000        -0.9126915874         1.7549863177         1.3403916554         1.0333621773         0.0804496623        -7.6502721548
        0.3350000000        -0.9661963313         1.7233594269         1.3480486360         1.0410178097         0.2799116350        -8.0987542684
        0.3400000000        -0.9949510170         1.7061895669         1.1898043709         1.0308102998        -3.8423024671        -8.3397789194
        0.3450000000        -0.9982190653         1.7042303556         1.2153276394         1.0154990351        -3.1774292248        -8.3671720271
        0.3500000000        -0.9759167619         1.7175689412         1.2459555617         1.0103952802        -2.3795813341        -8.1802318902
        0.3550000000        -0.9286154021         1.7456167009         1.1770427366         0.9976358929        -4.1747390882        -7.7837471623
        0.3600000000        -0.8575266562         1.7871708822         1.1719380829         0.9746689957        -4.3077137366        -7.1878741849
        0.3650000000        -0.7644715314         1.8405320587         1.1974613514         0.9568058535        -3.6428404944        -6.4078768235
        0.3700000000        -0.6518337253         1.9036512988         1.1591764486         0.9440464662        -4.6401503578        -5.4637354688
        0.3750000000        -0.5224985647         1.9742798874         1.1591764486         0.9261833240        -4.6401503578        -4.3796352193
        0.3800000000        -0.3797790955         2.0501012795         1.1923566977         0.9159758142        -3.7758151428        -3.1833463566
        0.3850000000        -0.2273312156         2.1288348485         1.1719380829         0.8955607945        -4.3077137366        -1.9055129827
        0.3900000000        -0.0690600257         2.2083096495         1.1872520440         0.8776976523        -3.9087897913        -0.5788680415
        0.3950000000         0.0909802039         2.7825287797         1.1923566977         0.8598345101        -3.7758151428         0.7626051671
        0.4000000000         0.2486898872         2.8588005134         1.2025660052         0.8521788777        -3.5098658459         2.0845435032
        0.4050000000         0.4000291372         2.9341286569         1.2536125423         0.8470751228        -2.1801193614         3.3530842312
        0.4100000000         0.5411212521         3.0064115901         1.2867927914         0.8343157355        -1.3157841464         4.5357324475
        0.4150000000         0.6683520202         3.0734447188         1.3327346748         0.8368676129        -0.1190123104         5.6021934682
        0.4200000000         0.7784623016         3.1329946383         1.3531532897         0.8317638580         0.4128862834         6.5251488580
        0.4250000000         0.8686315144         3.1829033704         1.3250776943         0.8241082257        -0.3184742830         7.2809562172
        0.4300000000         0.9365498867         3.2212203567         1.3403916554         0.8368676129         0.0804496623         7.8502548057
        0.4350000000         0.9804776234         3.2463508437         1.3633625971         0.8419713679         0.6788355804         8.2184614869
        0.4400000000         0.9992894726         3.2571992708         1.5037405742         0.8470751228         4.3356384128         8.3761442886
        0.4450000000         0.9925035507         3.2532799011         1.4373800759         0.8598345101         2.6069679829         8.3192640127
        0.4500000000         0.9602936857         3.2347691349         1.4322754222         0.8623863875         2.4739933345         8.0492777027
        0.4550000000         0.9034849644         3.2024862768         1.5573394382         0.8802495297         5.7318722216         7.5731013204
        0.4600000000         0.8235325976         3.1578077011         1.4884266131         0.9006645494         3.9367144675         6.9029325866
        0.4650000000         0.7224846429         3.1025353115         1.4629033445         0.9083201818         3.2718412252         6.0559385249
        0.4700000000         0.6029295417         3.0387473051         1.5216068622         0.9312870789         4.8010496824         5.0538157114
        0.4750000000         0.4679298143         2.9686564165         1.4833219594         0.9389427113         3.8037398190         3.9222344961
        0.4800000000         0.3209436098         2.8944918404         1.4909789399         0.9542539761         4.0032017917         2.6901814318
        0.4850000000         0.1657361228         2.8184110804         1.4960835936         0.9721171183         4.1361764401         1.3892167552
        0.4900000000         0.0062831440         2.5000000000         1.4833219594         0.9925321379         3.8037398190         0.0526659410
        0.4950000000        -0.1533307837         2.1662694548         1.4680079982         0.9976358929         3.4048158736        -1.2852339624
        0.5000000000        -0.3090169944         2.0869253944         1.4654556714         1.0129471576         3.3383285494        -2.5902113486
        0.5050000000        -0.4567874343         2.0094547793         1.4169614611         1.0257065449         2.0750693891        -3.8288379533
        0.5100000000        -0.5928568202         1.9360940775         1.4067521537         1.0282584224         1.8091200922        -4.9693851523
        0.5150000000        -0.7137396023         1.8691539854         1.3429439823         1.0308102998         0.1469369865        -5.9826367202
        0.5200000000        -0.8163392507         1.8109299833         1.3199730405         1.0308102998        -0.4514489315        -6.8426372334
        0.5250000000        -0.8980275758         1.7635829469         1.3403916554         1.0333621773         0.0804496623        -7.5273569428
        0.5300000000        -0.9567120516         1.7289958470         1.3403916554         1.0308102998         0.0804496623        -8.0192560874
        0.5350000000        -0.9908894182         1.7086222803         1.2153276394         1.0231546675        -3.1774292248        -8.3057341925
        0.5400000000        -0.9996841893         1.7033514846         1.1974613514         1.0129471576        -3.6428404944        -8.3794528430
        0.5450000000        -0.9828710781         1.7134176569         1.2408509080         0.9976358929        -2.5125559825        -8.2385236640
        0.5500000000        -0.9408807690         1.7383750228         1.1821473903         0.9848765056        -4.0417644397        -7.8865566935
        0.5550000000        -0.8747888843         1.7771449124         1.1617287755         0.9746689957        -4.5736630336        -7.3325679074
        0.5600000000        -0.7862884321         1.8281231566         1.1923566977         0.9517020986        -3.7758151428        -6.5907482670
        0.5650000000        -0.6776464375         1.8893232566         1.1591764486         0.9363908338        -4.6401503578        -5.6801002035
        0.5700000000        -0.5516458706         1.9585275904         1.1642811023         0.9236314466        -4.5071757093        -4.6239508522
        0.5750000000        -0.4115143586         2.0334244240         1.2204322931         0.9083201818        -3.0444545763        -3.4493545053
        0.5800000000        -0.2608415063         2.1117181470         1.1540717949         0.8879051621        -4.7731250062        -2.1863995899
        0.5850000000        -0.1034869453         2.1912093264         1.1872520440         0.8853532847        -3.9087897913        -0.8674379238
        0.5900000000         0.0565185345         2.5000000000         1.1974613514         0.8623863875        -3.6428404944         0.4737440079
        0.5950000000         0.2150762370         2.8423601451         1.2000136783         0.8547307552        -3.5763531702         1.8027905263
        0.6000000000         0.3681245527         2.9180649764         1.2102229857         0.8394194904        -3.3104038732         3.0856568131
        0.6050000000         0.5117430001         2.9911885984         1.2510602154         0.8215563482        -2.2466066856         4.2894810013
        0.6100000000         0.6422526532         3.0595433444         1.3021067526         0.8215563482        -0.9168602011         5.3834259642
        0.6150000000         0.7563103803         3.1208942536         1.3454963091         0.8215563482         0.2134243108         6.3394692383
        0.6200000000         0.8509944818         3.1730567618         1.3429439823         0.8266601031         0.1469369865         7.1331208459
        0.6250000000         0.9238795325         3.2140233215         1.3352870017         0.8266601031        -0.0525249861         7.7440506295
        0.6300000000         0.9730985110         3.2421097353         1.3863335388         0.8266601031         1.2772214984         8.1566090289
        0.6350000000         0.9973906252         3.2561018544         1.4450370565         0.8317638580         2.8064299556         8.3602279598
        0.6400000000         0.9961336091         3.2553756729         1.4782173056         0.8419713679         3.6707651706         8.3496915252
        0.6450000000         0.9693596624         3.2399638990         1.4246184417         0.8521788777         2.2745313618         8.1252696262
        0.6500000000         0.9177546257         3.2105523815         1.4782173056         0.8572826326         3.6707651706         7.6927110479
        0.6550000000         0.8426404122         3.1684073160         1.5190545354         0.8751457748         4.7345623582         7.0630961988
        0.6600000000         0.7459411454         3.1152512727         1.4654556714         0.8879051621         3.3383285494         6.2525532751
        0.6650000000         0.6301338712         3.0531154211         1.4782173056         0.8981126720         3.6707651706         5.2818451217
        0.6700000000         0.4981851053         2.9841944351         1.5062929011         0.9134239367         4.4021257370         4.1758373715
        0.6750000000         0.3534748438         2.9107224620         1.4629033445         0.9287352015         3.2718412252         2.9628614880
        0.6800000000         0.1997099805         2.8348784167         1.4909789399         0.9440464662         4.0032017917         1.6739890277
        0.6850000000         0.0408293520         2.5000000000         1.4986359205         0.9593577310         4.2026637644         0.3422357112
        0.6900000000        -0.1190971601         2.1834219215         1.4603510177         0.9772208732         3.2053539010        -0.9982843056
        0.6950000000        -0.2759728826         2.1039547682         1.4680079982         0.9950840154         3.4048158736        -2.3132322996
        0.7000000000        -0.4257792916         2.0258947862         1.4246184417         1.0052915252         2.2745313618        -3.5689245998
        0.7050000000        -0.5646789501         1.9514535702         1.3761242314         1.0103952802         1.0112722015        -4.7331954273
        0.7100000000        -0.6891138084         1.8829323321         1.3301823480         1.0078434027        -0.1854996346        -5.7762208533
        0.7150000000        -0.7958963467         1.8226389388         1.3250776943         1.0052915252        -0.3184742830        -6.6712827675
        0.7200000000        -0.8822912264         1.7727747704         1.3378393285         1.0078434027         0.0139623381        -7.3954532891
        0.7250000000        -0.9460853588         1.7352955968         1.3403916554         1.0103952802         0.0804496623        -7.9301820862
        0.7300000000        -0.9856445951         1.7117600378         1.2638218497         1.0027396478        -1.9141700645        -8.2617715610
        0.7350000000        -0.9999555871         1.7031886480         1.1719380829         0.9899802605        -4.3077137366        -8.3817277267
        0.7400000000        -0.9886517447         1.7099614893         1.2587171960         0.9874283830        -2.0471447129        -8.2869777896
        0.7450000000        -0.9520226269         1.7317778713         1.2025660052         0.9746689957        -3.5098658459        -7.9799488613
        0.7500000000        -0.8910065242         1.7676882989         1.1413101606         0.9440464662        -5.1055616274        -7.4685057864
        0.7550000000        -0.8071664232         1.8161906276         1.2127753126         0.9363908338        -3.2439165490        -6.7657496763
        0.7600000000        -0.7026499698         1.8753679100         1.1719380829         0.9185276916        -4.3077137366        -5.8896823119
        0.7650000000        -0.5801344544         1.9430400370         1.1566241217         0.8955607945        -4.7066376820        -4.8627450102
        0.7700000000        -0.4427582310         2.0169052246         1.1872520440         0.8904570396        -3.9087897913        -3.7112437684
        0.7750000000        -0.2940403252         2.0946565910         1.1591764486         0.8725938974        -4.6401503578        -2.4646754101
        0.7800000000        -0.1377902907         2.1740686427         1.1846997172         0.8547307552        -3.9752771155        -1.1549719955
        0.7850000000         0.0219893761         2.5000000000         1.2025660052         0.8419713679        -3.5098658459         0.1843171493
        0.7900000000         0.1812057636         2.8258966983         1.1846997172         0.8292119806        -3.9752771155         1.5188848313
        0.7950000000         0.3357803894         2.9018816553         1.2255369469         0.8164525933        -2.9114799279         2.8145448019
        0.8000000000         0.4817536741         2.9757439454         1.2714788303         0.8113488384        -1.7147080918         4.0381074717
        0.8050000000         0.6153863702         3.0453159761         1.3046590794         0.8011413285        -0.8503728769         5.1582300935
        0.8100000000         0.7332553462         3.1083657754         1.3403916554         0.7960375736         0.0804496623         6.1462196376
        0.8150000000         0.8323412738         3.1626881170         1.3327346748         0.7960375736        -0.1190123104         6.9767677915
        0.8200000000         0.9101059707         3.2062253443         1.3250776943         0.7960375736        -0.3184742830         7.6285992569
        0.8250000000         0.9645574185         3.2372107441         1.3454963091         0.8011413285         0.2134243108         8.0850167373
        0.8300000000         0.9943007904         3.2543172711         1.3608102703         0.8062450834         0.6123482561         8.3343286552
        0.8350000000         0.9985741811         3.2567858133         1.5165022085         0.8139007158         4.6680750340         8.3701486436
        0.8400000000         0.9772681236         3.2445052162         1.4271707685         0.8266601031         2.3410186860         8.1915591386
        0.8450000000         0.9309283931         3.2180244159         1.4399324028         0.8368676129         2.6734553072         7.8031348839
        0.8500000000         0.8607420270         3.1784935552         1.5267115159         0.8496270002         4.9340243309         7.2148257445
        0.8550000000         0.7685069172         3.1275488949         1.4833219594         0.8598345101         3.8037398190         6.4417018308
        0.8600000000         0.6565857558         3.0671677578         1.4603510177         0.8725938974         3.2053539010         5.5035674633
        0.8650000000         0.5278455119         2.9995209580         1.5139498816         0.8955607945         4.6015877097         4.4244538657
        0.8700000000         0.3855839923         2.9268431911         1.4884266131         0.9134239367         3.9367144675         3.2320035817
        0.8750000000         0.2334453639         2.8513317651         1.4858742862         0.9261833240         3.8702271432         1.9567623844
        0.8800000000         0.0753268055         2.7750752606         1.4858742862         0.9440464662         3.8702271432         0.6313968166
        0.8850000000        -0.0847213221         2.2005430351         1.4782173056         0.9568058535         3.6707651706        -0.7101425943
        0.8900000000        -0.2425992308         2.1210490586         1.4960835936         0.9772208732         4.1361764401        -2.0334910124
        0.8950000000        -0.3942627243         2.0425027950         1.4169614611         0.9874283830         2.0750693891        -3.3047495817
        0.9000000000        -0.5358267950         1.9670884238         1.3914381925         0.9874283830         1.4101961468        -4.4913537782
        0.9050000000        -0.6636651414         1.8970938231         1.3480486360         0.9848765056         0.2799116350        -5.5629075820
        0.9100000000        -0.7745030602         1.8348339688         1.3250776943         0.9874283830        -0.3184742830        -6.4919621009
        0.9150000000        -0.8655013303         1.7825442237         1.3378393285         0.9899802605         0.0139623381        -7.2547187003
        0.9200000000        -0.9343289425         1.7422460195         1.3480486360         0.9976358929         0.2799116350        -7.8316386286
        0.9250000000        -0.9792228106         1.7155963358         1.2331939274         0.9797727506        -2.7120179552        -8.2079435209
        0.9300000000        -0.9990329347         1.7037421869         1.2000136783         0.9721171183        -3.5763531702        -8.3739939618
        0.9350000000        -0.9932518590         1.7072075865         1.2485078886         0.9619096084        -2.3130940098        -8.3255364077
        0.9400000000        -0.9620276716         1.7258384464         1.1974613514         0.9568058535        -3.6428404944        -8.0638121460
        0.9450000000        -0.9061602102         1.7588190074         1.1540717949         0.9363908338        -4.7731250062        -7.5955254981
        0.9500000000        -0.8270805743         1.8047556705         1.1949090246         0.9287352015        -3.7093278186        -6.9326720816
        0.9550000000        -0.7268144655         1.8618081852         1.1795950634         0.9108720593        -4.1082517640        -6.0922315312
        0.9600000000        -0.6079302977         1.9278405919         1.1898043709         0.8904570396        -3.8423024671        -5.0957325483
        0.9650000000        -0.4734734044         2.0005664976         1.1719380829         0.8649382650        -4.3077137366        -3.9687014231
        0.9700000000        -0.3268880297         2.0776717641         1.1642811023         0.8521788777        -4.5071757093        -2.7400081534
        0.9750000000        -0.1719291003         2.1569075211         1.1795950634         0.8343157355        -4.1082517640        -1.4411269115
