% f=3.70Hz  n_cycles=5  N_total=270  dt=0.005000
% Amp=1.0000V  K_lin=8.382100
Time[s]              Vcmd[V]              Vc[V]                Vg[V]                Pot[V]               Omega[rad/s]         Omega_target[rad/s] 
        0.0000000000         0.0000000000         2.5000000000         1.3454963091         1.5207707720         0.2134243108         0.0000000000
        0.0050000000         0.1159773448         2.7944741133         1.3429439823         1.5309782818         0.1469369865         0.9721337019
        0.0100000000         0.2303894267         2.8498371101         1.3454963091         1.5284264043         0.2134243108         1.9311472133
        0.0150000000         0.3416921079         2.9048320092         1.3378393285         1.5258745269         0.0139623381         2.8640974176
        0.0200000000         0.4483832161         2.9586686627         1.3352870017         1.5258745269        -0.0525249861         3.7583929556
        0.0250000000         0.5490228180         3.0105218966         1.3378393285         1.5258745269         0.0139623381         4.6019641627
        0.0300000000         0.6422526532         3.0595433444         1.3327346748         1.5207707720        -0.1190123104         5.3834259642
        0.0350000000         0.7268144655         3.1048774464         1.3327346748         1.5284264043        -0.1190123104         6.0922315312
        0.0400000000         0.8015669849         3.1456819454         1.4246184417         1.5284264043         2.2745313618         6.7188146239
        0.0450000000         0.8655013303         3.1811527525         1.4348277491         1.5309782818         2.5404806587         7.2547187003
        0.0500000000         0.9177546257         3.2105523815         1.4093044805         1.5462895465         1.8756074164         7.6927110479
        0.0550000000         0.9576216460         3.2332403473         1.4552463639         1.5564970564         3.0723792525         8.0268803986
        0.0600000000         0.9845643345         3.2487031103         1.4960835936         1.5692564437         4.1361764401         8.2527167085
        0.0650000000         0.9982190653         3.2565805753         1.4526940371         1.5794639535         3.0058919283         8.3671720271
        0.0700000000         0.9984015501         3.2566860394         1.5088452279         1.6024308506         4.4686130613         8.3687016332
        0.0750000000         0.9851093262         3.2490169880         1.5037405742         1.6100864830         4.3356384128         8.2572848828
        0.0800000000         0.9585217890         3.2337552419         1.4960835936         1.6279496252         4.1361764401         8.0344254877
        0.0850000000         0.9189977716         3.2112564360         1.5190545354         1.6381571351         4.7345623582         7.7031312213
        0.0900000000         0.8670707012         3.1820302886         1.5267115159         1.6687796646         4.9340243309         7.2678733242
        0.0950000000         0.8034414001         3.1467142391         1.5190545354         1.6866428068         4.7345623582         6.7345261599
        0.1000000000         0.7289686274         3.1060435555         1.5343684965         1.6994021941         5.1334863035         6.1102879319
        0.1050000000         0.6446574886         3.0608209139         1.5139498816         1.7121615814         4.6015877097         5.4035835354
        0.1100000000         0.5516458706         3.0118878852         1.5165022085         1.7376803560         4.6680750340         4.6239508522
        0.1150000000         0.4511890844         2.9600999596         1.5318161696         1.7555434982         5.0669989793         3.7819120247
        0.1200000000         0.3446429232         2.9063059283         1.5113975548         1.7734066404         4.5351003855         2.8888314463
        0.1250000000         0.2334453639         2.8513317651         1.5267115159         1.7912697826         4.9340243309         1.9567623844
        0.1300000000         0.1190971601         2.7959686879         1.5216068622         1.8142366797         4.8010496824         0.9982843056
        0.1350000000         0.0031415875         2.5000000000         1.5037405742         1.8320998220         4.3356384128         0.0263331005
        0.1400000000        -0.1128563849         2.1865377660         1.5165022085         1.8474110867         4.6680750340        -0.9459735036
        0.1450000000        -0.2273312156         2.1288348485         1.4960835936         1.8627223515         4.1361764401        -1.9055129827
        0.1500000000        -0.3387379202         2.0715187546         1.4501417102         1.8678261064         2.9394046041        -2.8393351213
        0.1550000000        -0.4455729224         2.0154120839         1.4220661148         1.8882411261         2.2080440376        -3.7348367927
        0.1600000000        -0.5463943467         1.9613726369         1.3786765582         1.8882411261         1.0777595257        -4.5799320538
        0.1650000000        -0.6398414790         1.9102810027         1.3378393285         1.8907930035         0.0139623381        -5.3632152607
        0.1700000000        -0.7246531302         1.8630239412         1.3327346748         1.8933448810        -0.1190123104        -6.0741150025
        0.1750000000        -0.7996846585         1.8204732622         1.3403916554         1.8831373711         0.0804496623        -6.7030367759
        0.1800000000        -0.8639234172         1.7834603682         1.3021067526         1.8831373711        -0.9168602011        -7.2414924753
        0.1850000000        -0.9165024219         1.7527472906         1.1923566977         1.8729298613        -3.7758151428        -7.6822149507
        0.1900000000        -0.9567120516         1.7289958470         1.2587171960         1.8652742289        -2.0471447129        -8.0192560874
        0.1950000000        -0.9840096257         1.7127373317         1.2280892737         1.8525148416        -2.8449926037        -8.2480670832
        0.2000000000        -0.9980267284         1.7043457070         1.1617287755         1.8423073318        -4.5736630336        -8.3655598404
        0.2050000000        -0.9985741811         1.7040173651         1.2127753126         1.8346516994        -3.2439165490        -8.3701486436
        0.2100000000        -0.9856445951         1.7117600378         1.1923566977         1.8142366797        -3.7758151428        -8.2617715610
        0.2150000000        -0.9594124719         1.7273923533         1.1438624875         1.7989254150        -5.0390743031        -8.0418912803
        0.2200000000        -0.9202318474         1.7505541016         1.1744904097         1.7759585179        -4.2412264124        -7.7134753678
        0.2250000000        -0.8686315144         1.7807258151         1.1540717949         1.7657510080        -4.7731250062        -7.2809562172
        0.2300000000        -0.8053078857         1.8172551568         1.1591764486         1.7555434982        -4.6401503578        -6.7501712288
        0.2350000000        -0.7311155947         1.8593870617         1.1693857560         1.7376803560        -4.3742010609        -6.1282840266
        0.2400000000        -0.6470559616         1.9062946351         1.1591764486         1.7121615814        -4.6401503578        -5.4236877755
        0.2450000000        -0.5542634787         1.9571083403         1.1515194680         1.6917465617        -4.8396123305        -4.6458919051
        0.2500000000        -0.4539904997         2.0109417822         1.1668334292         1.6789871744        -4.4406883851        -3.8053937679
        0.2550000000        -0.3475903370         2.0669131927         1.1668334292         1.6636759097        -4.4406883851        -2.9135369635
        0.2600000000        -0.2364989970         2.1241624080         1.1642811023         1.6483646449        -4.5071757093        -1.9823582430
        0.2650000000        -0.1222157999         2.1818636027         1.1770427366         1.6381571351        -4.1747390882        -1.0244250567
        0.2700000000        -0.0062831440         2.5000000000         1.1846997172         1.6202939929        -3.9752771155        -0.0526659410
        0.2750000000         0.1097343111         2.7914858174         1.1898043709         1.6075346056        -3.8423024671         0.9198039690
        0.2800000000         0.2242707609         2.8468470166         1.2102229857         1.5973270957        -3.3104038732         1.8798599454
        0.2850000000         0.3357803894         2.9018816553         1.2536125423         1.5794639535        -2.1801193614         2.8145448019
        0.2900000000         0.4427582310         2.9558017433         1.2816881377         1.5641526888        -1.4487587949         3.7112437684
        0.2950000000         0.5437604828         3.0077837321         1.3327346748         1.5692564437        -0.1190123104         4.5578547427
        0.3000000000         0.6374239897         3.0569801396         1.3659149240         1.5667045662         0.7453229046         5.3429516245
        0.3050000000         0.7224846429         3.1025353115         1.3276300211         1.5667045662        -0.2519869588         6.0559385249
        0.3100000000         0.7977944395         3.1436056732         1.3378393285         1.5667045662         0.0139623381         6.6871927717
        0.3150000000         0.8623369776         3.1793843720         1.3429439823         1.5692564437         0.1469369865         7.2281947796
        0.3200000000         0.9152411726         3.2091295530         1.4195137880         1.5718083211         2.1415567133         7.6716430330
        0.3250000000         0.9557930148         3.2321947057         1.4680079982         1.5845677084         3.4048158736         8.0115526293
        0.3300000000         0.9834452050         3.2480587063         1.4271707685         1.5922233408         2.3410186860         8.2433360528
        0.3350000000         0.9978245415         3.2563525837         1.4475893834         1.5973270957         2.8729172798         8.3638650890
        0.3400000000         0.9987369566         3.2568798951         1.5139498816         1.6151902379         4.6015877097         8.3715130440
        0.3450000000         0.9861701362         3.2496280676         1.4756649788         1.6381571351         3.6042778463         8.2661766989
        0.3500000000         0.9602936857         3.2347691349         1.5113975548         1.6509165224         4.5351003855         8.0492777027
        0.3550000000         0.9214568408         3.2126497680         1.5190545354         1.6687796646         4.7345623582         7.7237433854
        0.3600000000         0.8701837547         3.1837719841         1.5037405742         1.6764352970         4.3356384128         7.2939672500
        0.3650000000         0.8071664232         3.1487670649         1.5241591891         1.6917465617         4.8675370066         6.7657496763
        0.3700000000         0.7332553462         3.1083657754         1.5267115159         1.7147134588         4.9340243309         6.1462196376
        0.3750000000         0.6494480483         3.0633679028         1.4986359205         1.7274728461         4.2026637644         5.4437384859
        0.3800000000         0.5568756165         3.0146135907         1.5267115159         1.7478878658         4.9340243309         4.6677871050
        0.3850000000         0.4567874343         2.9629581450         1.5165022085         1.7759585179         4.6680750340         3.8288379533
        0.3900000000         0.3505343202         2.9092511707         1.5062929011         1.7810622728         4.4021257370         2.9382137253
        0.3950000000         0.2395502960         2.8543202155         1.5267115159         1.8116848023         4.9340243309         2.0079345365
        0.4000000000         0.1253332336         2.7989586188         1.4935312668         1.8193404347         4.0696891159         1.0505556971
        0.4050000000         0.0094246384         2.5000000000         1.4986359205         1.8320998220         4.2026637644         0.0789982618
        0.4100000000        -0.1066111543         2.1896524536         1.4884266131         1.8423073318         3.9367144675        -0.8936253563
        0.4150000000        -0.2212080928         2.1319512346         1.4731126519         1.8576185965         3.5377905221        -1.8541883546
        0.4200000000        -0.3328195445         2.0745935633         1.4399324028         1.8678261064         2.6734553072        -2.7897267041
        0.4250000000        -0.4399391699         2.0183998568         1.3914381925         1.8780336162         1.4101961468        -3.6876141156
        0.4300000000        -0.5411212521         1.9642262948         1.3531532897         1.8805854937         0.4128862834        -4.5357324475
        0.4350000000        -0.6350002094         1.9129526197         1.3148683868         1.8831373711        -0.5844235800        -5.3226352555
        0.4400000000        -0.7203090249         1.8654657569         1.3378393285         1.8933448810         0.0139623381        -6.0377022775
        0.4450000000        -0.7958963467         1.8226389388         1.3480486360         1.8958967584         0.2799116350        -6.6712827675
        0.4500000000        -0.8607420270         1.7853064665         1.3250776943         1.8805854937        -0.3184742830        -7.2148257445
        0.4550000000        -0.9139708903         1.7542349021         1.1846997172         1.8754817388        -3.9752771155        -7.6609953994
        0.4600000000        -0.9548645447         1.7300922722         1.2331939274         1.8627223515        -2.7120179552        -8.0037701005
        0.4650000000        -0.9828710781         1.7134176569         1.2408509080         1.8550667191        -2.5125559825        -8.2385236640
        0.4700000000        -0.9976125064         1.7045941122         1.1821473903         1.8525148416        -4.0417644397        -8.3620877896
        0.4750000000        -0.9988898750         1.7038280031         1.2025660052         1.8320998220        -3.5098658459        -8.3727948209
        0.4800000000        -0.9866859442         1.7111373693         1.2025660052         1.8167885572        -3.5098658459        -8.2705002529
        0.4850000000        -0.9611654218         1.7263508911         1.1642811023         1.8040291699        -4.5071757093        -8.0565846820
        0.4900000000        -0.9226727399         1.7491175989         1.1668334292         1.7861660277        -4.4406883851        -7.7339351729
        0.4950000000        -0.8717274065         1.7789260073         1.1642811023         1.7657510080        -4.5071757093        -7.3069062943
        0.5000000000        -0.8090169944         1.8151302109         1.1311008532         1.7504397433        -5.3715109243        -6.7812613486
        0.5050000000        -0.7353878608         1.8569799023         1.1617287755         1.7351284785        -4.5736630336        -6.1640945879
        0.5100000000        -0.6518337253         1.9036512988         1.1617287755         1.7172653363        -4.5736630336        -5.4637354688
        0.5150000000        -0.5594822581         1.9542764741         1.1259961995         1.6968503166        -5.5044855727        -4.6896362356
        0.5200000000        -0.4595798606         2.0079693541         1.1617287755         1.6840909293        -4.5736630336        -3.8522443497
        0.5250000000        -0.3534748438         2.0638474467         1.1719380829         1.6636759097        -4.3077137366        -2.9628614880
        0.5300000000        -0.2425992308         2.1210490586         1.1668334292         1.6509165224        -4.4406883851        -2.0334910125
        0.5350000000        -0.1284494302         2.1787462468         1.1668334292         1.6305015027        -4.4406883851        -1.0766759689
        0.5400000000        -0.0125660399         2.5000000000         1.1642811023         1.6126383605        -4.5071757093        -0.1053298029
        0.5450000000         0.1034869453         2.7884987541         1.1949090246         1.6100864830        -3.7093278186         0.8674379238
        0.5500000000         0.2181432414         2.8438559796         1.2025660052         1.5896714634        -3.5098658459         1.8284984637
        0.5550000000         0.3298554149         2.8989280537         1.2382985811         1.5718083211        -2.5790433068         2.7648810729
        0.5600000000         0.4371157667         2.9529291670         1.2842404646         1.5743601986        -1.3822714707         3.6639480676
        0.5650000000         0.5384766808         3.0050374308         1.3199730405         1.5667045662        -0.4514489315         4.5135653864
        0.5700000000         0.6325701619         3.0544062929         1.3557056165         1.5692564437         0.4793736077         5.3022663542
        0.5750000000         0.7181262978         3.1001800639         1.3301823480         1.5692564437        -0.1854996346         6.0194064405
        0.5800000000         0.7939903986         3.1415139238         1.3531532897         1.5667045662         0.4128862834         6.6553069205
        0.5850000000         0.8591385813         3.1775983394         1.3378393285         1.5641526888         0.0139623381         7.2013855021
        0.5900000000         0.9126915874         3.2076871759         1.4144091342         1.5769120761         2.0085820649         7.6502721548
        0.5950000000         0.9539266506         3.2311279864         1.4629033445         1.5845677084         3.2718412252         7.9959085777
        0.6000000000         0.9822872507         3.2473921415         1.4220661148         1.5845677084         2.2080440376         8.2336299643
        0.6050000000         0.9973906252         3.2561018544         1.4399324028         1.6024308506         2.6734553072         8.3602279598
        0.6100000000         0.9990329347         3.2570509763         1.5088452279         1.6151902379         4.4686130613         8.3739939618
        0.6150000000         0.9871920140         3.2502168777         1.4756649788         1.6356052576         3.6042778463         8.2747421805
        0.6200000000         0.9620276716         3.2357617761         1.5062929011         1.6458127674         4.4021257370         8.0638121460
        0.6250000000         0.9238795325         3.2140233215         1.5088452279         1.6636759097         4.4686130613         7.7440506295
        0.6300000000         0.8732624548         3.1854957529         1.5062929011         1.6789871744         4.4021257370         7.3197732225
        0.6350000000         0.8108595808         3.1508041066         1.5241591891         1.7019540715         4.8675370066         6.7967060925
        0.6400000000         0.7375131174         3.1106745551         1.5241591891         1.7121615814         4.8675370066         6.1819087010
        0.6450000000         0.6542129689         3.0659039123         1.4960835936         1.7274728461         4.1361764401         5.4836785269
        0.6500000000         0.5620833779         3.0173308211         1.5292638428         1.7529916207         5.0005116551         4.7114390815
        0.6550000000         0.4623677510         2.9658103417         1.5139498816         1.7734066404         4.6015877097         3.8756127260
        0.6600000000         0.3564118787         2.9121928453         1.5088452279         1.7836141502         4.4686130613         2.9874800086
        0.6650000000         0.2456457712         2.8573074182         1.5139498816         1.7989254150         4.6015877097         2.0590274187
        0.6700000000         0.1315643591         2.8019494964         1.4858742862         1.8142366797         3.8702271432         1.1027856143
        0.6750000000         0.0157073173         2.5000000000         1.4909789399         1.8295479445         4.0032017917         0.1316603044
        0.6800000000        -0.1003617149         2.1927658653         1.5011882474         1.8550667191         4.2691510886        -0.8412419301
        0.6850000000        -0.2150762370         2.1350686137         1.4884266131         1.8729298613         3.9367144675        -1.8027905263
        0.6900000000        -0.3268880297         2.0776717641         1.4373800759         1.8729298613         2.6069679829        -2.7400081534
        0.6950000000        -0.4342880493         2.0213935263         1.4041998268         1.8831373711         1.7426327680        -3.6402458580
        0.7000000000        -0.5358267950         1.9670884238         1.3659149240         1.8933448810         0.7453229046        -4.4913537782
        0.7050000000        -0.6301338712         1.9156353042         1.3352870017         1.8933448810        -0.0525249861        -5.2818451217
        0.7100000000        -0.7159364830         1.8679211979         1.3276300211         1.8882411261        -0.2519869588        -6.0010511943
        0.7150000000        -0.7920766142         1.8248206854         1.3429439823         1.8882411261         0.1469369865        -6.6392653883
        0.7200000000        -0.8575266562         1.7871708822         1.3276300211         1.8958967584        -0.2519869588        -7.1878741849
        0.7250000000        -0.9114032766         1.7557427903         1.1898043709         1.8856892486        -3.8423024671        -7.6394734051
        0.7300000000        -0.9529793415         1.7312105558         1.2536125423         1.8729298613        -2.1801193614        -7.9879681385
        0.7350000000        -0.9816937285         1.7141209649         1.2306416006         1.8627223515        -2.7785052794        -8.2286550020
        0.7400000000        -0.9971589003         1.7048661059         1.1770427366         1.8499629642        -4.1747390882        -8.3582856179
        0.7450000000        -0.9991661343         1.7036622826         1.1872520440         1.8295479445        -3.9087897913        -8.3751104547
        0.7500000000        -0.9876883406         1.7105378395         1.1898043709         1.8193404347        -3.8423024671        -8.2789024397
        0.7550000000        -0.9628804266         1.7253315373         1.1566241217         1.7989254150        -4.7066376820        -8.0709600235
        0.7600000000        -0.9250772068         1.7477017037         1.1719380829         1.7912697826        -4.3077137366        -7.7540896554
        0.7650000000        -0.8747888843         1.7771449124         1.1693857560         1.7759585179        -4.3742010609        -7.3325679074
        0.7700000000        -0.8126941644         1.8130217780         1.1438624875         1.7478878658        -5.0390743031        -6.8120837557
        0.7750000000        -0.7396310950         1.8545868416         1.1617287755         1.7376803560        -4.5736630336        -6.1996618012
        0.7800000000        -0.6565857558         1.9010195192         1.1642811023         1.7274728461        -4.5071757093        -5.5035674633
        0.7850000000        -0.5646789501         1.9514535702         1.1540717949         1.7045059490        -4.7731250062        -4.7331954273
        0.7900000000        -0.4651510781         2.0050033056         1.1591764486         1.6840909293        -4.6401503578        -3.8989428516
        0.7950000000        -0.3593453960         2.0607855595         1.1719380829         1.6738834195        -4.3077137366        -3.0120690439
        0.8000000000        -0.2486898872         2.1179371467         1.1719380829         1.6560202773        -4.3077137366        -2.0845435032
        0.8050000000        -0.1346779895         2.1756280333         1.1693857560         1.6305015027        -4.3742010609        -1.1288843758
        0.8100000000        -0.0188484397         2.5000000000         1.1719380829         1.6177421154        -4.3077137366        -0.1579895065
        0.8150000000         0.0972354939         2.7855130371         1.1974613514         1.6126383605        -3.6428404944         0.8150376336
        0.8200000000         0.2120071099         2.8408641202         1.1949090246         1.5896714634        -3.7093278186         1.7770647961
        0.8250000000         0.3239174182         2.8959713317         1.2306416006         1.5743601986        -2.7785052794         2.7151081911
        0.8300000000         0.4314560457         2.9500510662         1.2842404646         1.5794639535        -1.3822714707         3.6165077205
        0.8350000000         0.5331716207         3.0022831278         1.3250776943         1.5718083211        -0.3184742830         4.4690978422
        0.8400000000         0.6276913613         3.0518219394         1.3582579434         1.5692564437         0.5458609319         5.2613717595
        0.8450000000         0.7137396023         3.0978118352         1.3327346748         1.5667045662        -0.1190123104         5.9826367202
        0.8500000000         0.7901550124         3.1394068211         1.3352870017         1.5769120761        -0.0525249861         6.6231583292
        0.8550000000         0.8559062677         3.1757947659         1.3454963091         1.5692564437         0.2134243108         7.1742919262
        0.8600000000         0.9101059707         3.2062253443         1.3761242314         1.5641526888         1.0112722015         7.6285992569
        0.8650000000         0.9520226269         3.2300402611         1.4807696325         1.5794639535         3.7372524948         7.9799488613
        0.8700000000         0.9810905174         3.2467034618         1.4271707685         1.5871195859         2.3410186860         8.2235988263
        0.8750000000         0.9969173337         3.2558284050         1.4373800759         1.5973270957         2.6069679829         8.3562607831
        0.8800000000         0.9992894726         3.2571992708         1.5088452279         1.6151902379         4.4686130613         8.3761442886
        0.8850000000         0.9881749191         3.2507833776         1.4807696325         1.6356052576         3.7372524948         8.2829809895
        0.8900000000         0.9637236783         3.2367330983         1.4935312668         1.6432608900         4.0696891159         8.0780282438
        0.8950000000         0.9262657510         3.2153770065         1.5165022085         1.6585721547         4.6680750340         7.7640521516
        0.9000000000         0.8763066800         3.1872014866         1.5113975548         1.6815390519         4.5351003855         7.3452902228
        0.9050000000         0.8145207271         3.1528252426         1.5267115159         1.6994021941         4.9340243309         6.8273941864
        0.9100000000         0.7417417727         3.1129697642         1.5292638428         1.7121615814         5.0005116551         6.2173537133
        0.9150000000         0.6589520623         3.0684288079         1.5037405742         1.7274728461         4.3356384128         5.5234020817
        0.9200000000         0.5672689491         3.0200394410         1.5343684965         1.7555434982         5.1334863035         4.7549050585
        0.9250000000         0.4679298143         2.9686564165         1.5165022085         1.7657510080         4.6680750340         3.9222344961
        0.9300000000         0.3622753667         2.9151308235         1.5165022085         1.7836141502         4.6680750340         3.0366283513
        0.9350000000         0.2517315487         2.8602932507         1.5216068622         1.8014772924         4.8010496824         2.1100390141
        0.9400000000         0.1377902907         2.8049412055         1.4935312668         1.8193404347         4.0696891159         1.1549719955
        0.9450000000         0.0219893761         2.5000000000         1.4935312668         1.8269960670         4.0696891159         0.1843171493
        0.9500000000        -0.0941083133         2.1958778824         1.5037405742         1.8525148416         4.3356384128        -0.7888252931
        0.9550000000        -0.2089358904         2.1381868595         1.4833219594         1.8627223515         3.8037398190        -1.7513215269
        0.9600000000        -0.3209436098         2.0807532244         1.4348277491         1.8703779838         2.5404806587        -2.6901814318
        0.9650000000        -0.4286197838         2.0243929551         1.4016475000         1.8831373711         1.6761454438        -3.5927338896
        0.9700000000        -0.5305111843         1.9699588837         1.3659149240         1.8882411261         0.7453229046        -4.4467977980
        0.9750000000        -0.6252426563         1.9183289165         1.3225253674         1.8831373711        -0.3849616073        -5.2408464697
        0.9800000000        -0.7115356772         1.8703901281         1.3276300211         1.8831373711        -0.2519869588        -5.9641631999
        0.9850000000        -0.7882256120         1.8270183741         1.3454963091         1.8907930035         0.2134243108        -6.6069859023
        0.9900000000        -0.8542774317         1.7890535002         1.3250776943         1.8831373711        -0.3184742830        -7.1606388602
        0.9950000000        -0.9087996824         1.7572708581         1.1872520440         1.8831373711        -3.9087897913        -7.6176498175
        1.0000000000        -0.9510565163         1.7323506234         1.2587171960         1.8754817388        -2.0471447129        -7.9718508252
        1.0050000000        -0.9804776234         1.7148472077         1.2306416006         1.8550667191        -2.7785052794        -8.2184614869
        1.0100000000        -0.9966659280         1.7051616695         1.1719380829         1.8499629642        -4.3077137366        -8.3541534754
        1.0150000000        -0.9994029484         1.7035202152         1.1898043709         1.8346516994        -3.8423024671        -8.3770954534
        1.0200000000        -0.9886517447         1.7099614893         1.2178799663         1.8142366797        -3.1109419006        -8.2869777896
        1.0250000000        -0.9645574185         1.7243343603         1.1668334292         1.8091329248        -4.4406883851        -8.0850167373
        1.0300000000        -0.9274451533         1.7463065080         1.1744904097         1.7861660277        -4.2412264124        -7.7739380198
        1.0350000000        -0.8778158270         1.7753826414         1.1591764486         1.7606472531        -4.6401503578        -7.3579400432
        1.0400000000        -0.8163392507         1.8109299833         1.1566241217         1.7580953756        -4.7066376820        -6.8426372334
        1.0450000000        -0.7438451298         1.8522080144         1.1668334292         1.7376803560        -4.4406883851        -6.2349842626
        1.0500000000        -0.6613118653         1.8983994355         1.1617287755         1.7249209687        -4.5736630336        -5.5431821863
        1.0550000000        -0.5698533495         1.9486397690         1.1540717949         1.7096097039        -4.7731250062        -4.7765677606
        1.0600000000        -0.4707039322         2.0020437752         1.1642811023         1.6840909293        -4.5071757093        -3.9454874298
        1.0650000000        -0.3652017619         2.0577276650         1.1566241217         1.6611240322        -4.7066376820        -3.0611576884
        1.0700000000        -0.2547707257         2.1148268000         1.1642811023         1.6458127674        -4.5071757093        -2.1355136998
        1.0750000000        -0.1409012319         2.1725090828         1.1668334292         1.6330533802        -4.4406883851        -1.1810482162
        1.0800000000        -0.0251300954         2.5000000000         1.1719380829         1.6228458703        -4.3077137366        -0.2106429730
        1.0850000000         0.0909802039         2.7825287797         1.1923566977         1.6100864830        -3.7758151428         0.7626051671
        1.0900000000         0.2058626088         2.8378715591         1.2000136783         1.5947752183        -3.5763531702         1.7255609730
        1.0950000000         0.3179666338         2.8930116167         1.2331939274         1.5743601986        -2.7120179552         2.6652281214
        1.1000000000         0.4257792916         2.9471675731         1.2765834840         1.5718083211        -1.5817334434         3.5689245998
        1.1050000000         0.5278455119         2.9995209580         1.3199730405         1.5692564437        -0.4514489315         4.4244538657
        1.1100000000         0.6227877805         3.0492272144         1.3506009628         1.5590489338         0.3463989592         5.2202694548
        1.1150000000         0.7093247296         3.0954307572         1.3276300211         1.5616008113        -0.2519869588         5.9456308157
        1.1200000000         0.7862884321         3.1372844894         1.3301823480         1.5667045662        -0.1854996346         6.5907482670
        1.1250000000         0.8526401644         3.1739737635         1.3531532897         1.5743601986         0.4128862834         7.1469151216
        1.1300000000         0.9074844245         3.2047441529         1.3659149240         1.5743601986         0.7453229046         7.6066251949
        1.1350000000         0.9500810191         3.2289316032         1.4986359205         1.5845677084         4.2026637644         7.9636741102
        1.1400000000         0.9798550524         3.2459927148         1.4322754222         1.5896714634         2.4739933345         8.2132430346
        1.1450000000         0.9964046856         3.2555322546         1.4475893834         1.6049827281         2.8729172798         8.3519637155
        1.1500000000         0.9995065604         3.2573247685         1.5113975548         1.6126383605         4.5351003855         8.3779639396
        1.1550000000         0.9891188128         3.2513275279         1.4731126519         1.6202939929         3.5377905221         8.2908928005
        1.1600000000         0.9653816388         3.2376830355         1.4782173056         1.6330533802         3.6707651706         8.0919254349
        1.1650000000         0.9286154021         3.2167107339         1.5139498816         1.6483646449         4.6015877097         7.7837471623
        1.1700000000         0.8793163102         3.1888890779         1.4960835936         1.6662277871         4.1361764401         7.3705172436
        1.1750000000         0.8181497174         3.1548303516         1.5190545354         1.6917465617         4.7345623582         6.8578127464
        1.1800000000         0.7459411454         3.1152512727         1.5318161696         1.7147134588         5.0669989793         6.2525532751
        1.1850000000         0.6636651414         3.0709424549         1.5113975548         1.7274728461         4.5351003855         5.5629075820
        1.1900000000         0.5724321256         3.0227393149         1.5241591891         1.7453359884         4.8675370066         4.7981833199
        1.1950000000         0.4734734044         2.9714962362         1.5088452279         1.7555434982         4.4686130613         3.9687014231
        1.2000000000         0.3681245527         2.9180649764         1.5113975548         1.7810622728         4.5351003855         3.0856568131
        1.2050000000         0.2578073882         2.8632775903         1.5190545354         1.8014772924         4.7345623582         2.1609673087
        1.2100000000         0.1440107826         2.8079336307         1.5165022085         1.8116848023         4.6680750340         1.2071127804
        1.2150000000         0.0282705668         2.5000000000         1.4960835936         1.8320998220         4.1361764401         0.2369667177
        1.2200000000        -0.0878511966         2.1989883869         1.4909789399         1.8397554543         4.0032017917        -0.7363775146
        1.2250000000        -0.2027872954         2.1413058464         1.5113975548         1.8652742289         4.5351003855        -1.6997833884
        1.2300000000        -0.3149865197         2.0838378118         1.4526940371         1.8780336162         3.0058919283        -2.6402485064
        1.2350000000        -0.4229345971         2.0273980056         1.4093044805         1.8856892486         1.8756074164        -3.5450800862
        1.2400000000        -0.5251746300         1.9728375343         1.3659149240         1.8831373711         0.7453229046        -4.4020662658
        1.2450000000        -0.6203267580         1.9210333164         1.3327346748         1.8856892486        -0.1190123104        -5.1996409180
        1.2500000000        -0.7071067812         1.8728724110         1.3327346748         1.8933448810        -0.1190123104        -5.9270397506
        1.2550000000        -0.7843434919         1.8292318764         1.3429439823         1.8882411261         0.1469369865        -6.5744455837
        1.2600000000        -0.8509944818         1.7909542047         1.3046590794         1.8856892486        -0.8503728769        -7.1331208459
        1.2650000000        -0.9061602102         1.7588190074         1.1923566977         1.8729298613        -3.7758151428        -7.5955254981
        1.2700000000        -0.9490961450         1.7335123992         1.2612695229         1.8703779838        -1.9806573887        -7.9554187969
        1.2750000000        -0.9792228106         1.7155963358         1.2306416006         1.8576185965        -2.7785052794        -8.2079435209
        1.2800000000        -0.9961336091         1.7054807825         1.1591764486         1.8372035769        -4.6401503578        -8.3496915252
        1.2850000000        -0.9996003077         1.7034018106         1.1974613514         1.8320998220        -3.6428404944        -8.3787497388
        1.2900000000        -0.9895761186         1.7094083583         1.1898043709         1.8167885572        -3.8423024671        -8.2947259837
        1.2950000000        -0.9661963313         1.7233594269         1.1591764486         1.8014772924        -4.6401503578        -8.0987542684
        1.3000000000        -0.9297764859         1.7449321025         1.1744904097         1.7785103953        -4.2412264124        -7.7934794824
        1.3050000000        -0.8808081149         1.7736393045         1.1591764486         1.7683028855        -4.6401503578        -7.3830217001
        1.3100000000        -0.8199521093         1.8088549513         1.1617287755         1.7555434982        -4.5736630336        -6.8729205756
        1.3150000000        -0.7480297989         1.8498435546         1.1591764486         1.7325766011        -4.6401503578        -6.2700605774
        1.3200000000        -0.6660118674         1.8957911870         1.1566241217         1.7172653363        -4.7066376820        -5.5825780740
        1.3250000000        -0.5750052520         1.9458352112         1.1540717949         1.7070578265        -4.7731250062        -4.8197515232
        1.3300000000        -0.4762382037         1.9990909015         1.1591764486         1.6815390519        -4.6401503578        -3.9918762470
        1.3350000000        -0.3710437102         2.0546738977         1.1540717949         1.6585721547        -4.7731250062        -3.1101254836
        1.3400000000        -0.2608415063         2.1117181470         1.1719380829         1.6534683998        -4.3077137366        -2.1863995899
        1.3450000000        -0.1471189118         2.1693895162         1.1642811023         1.6305015027        -4.5071757093        -1.2331654309
