% f=1.50Hz  n_cycles=5  N_total=666  dt=0.005000
% Amp=1.5000V  K_lin=5.741200
Time[s]              Vcmd[V]              Vc[V]                Vg[V]                Pot[V]               Omega[rad/s]         Omega_target[rad/s] 
        0.0000000000         0.0000000000         2.5000000000         1.3429439823         2.2786783773         0.1542505922         0.0000000000
        0.0050000000         0.0706596761         2.7256012984         1.3327346748         2.2684708674        -0.1116987047         0.4056713322
        0.0100000000         0.1411624700         2.7493435762         1.3429439823         2.2812302547         0.1542505922         0.8104419726
        0.0150000000         0.2113518479         2.7728856260         1.3327346748         2.2684708674        -0.1116987047         1.2134132292
        0.0200000000         0.2810719719         2.7961778692         1.3429439823         2.2812302547         0.1542505922         1.6136904049
        0.0250000000         0.3501680458         2.8191718208         1.3378393285         2.2761264998         0.0212759438         2.0103847845
        0.0300000000         0.4184866591         2.8418201593         1.3327346748         2.2684708674        -0.1116987047         2.4026156070
        0.0350000000         0.4858761273         2.8640767917         1.3378393285         2.2761264998         0.0212759438         2.7895120220
        0.0400000000         0.5521868290         2.8858969127         1.3454963091         2.2812302547         0.2207379164         3.1702150228
        0.0450000000         0.6172715379         2.9072370590         1.3429439823         2.2812302547         0.1542505922         3.5438793534
        0.0500000000         0.6809857496         2.9280551593         1.3327346748         2.2659189900        -0.1116987047         3.9096753857
        0.0550000000         0.7431880026         2.9483105795         1.3429439823         2.2812302547         0.1542505922         4.2667909608
        0.0600000000         0.8037401925         2.9679641639         1.3301823480         2.2684708674        -0.1781860289         4.6144331930
        0.0650000000         0.8625078781         2.9869782729         1.3378393285         2.2761264998         0.0212759438         4.9518302295
        0.0700000000         0.9193605805         3.0053168166         1.3403916554         2.2735746224         0.0877632680         5.2782329646
        0.0750000000         0.9741720725         3.0229452858         1.3327346748         2.2710227449        -0.1116987047         5.5929167026
        0.0800000000         1.0268206589         3.0398307793         1.3480486360         2.2812302547         0.2872252407         5.8951827668
        0.0850000000         1.0771894466         3.0559420293         1.3403916554         2.2761264998         0.0877632680         6.1843600511
        0.0900000000         1.1251666044         3.0712494234         1.3327346748         2.2710227449        -0.1116987047         6.4598065094
        0.0950000000         1.1706456110         3.0857250246         1.3403916554         2.2735746224         0.0877632680         6.7209105819
        0.1000000000         1.2135254916         3.0993425897         1.3352870017         2.2710227449        -0.0452113805         6.9670925522
        0.1050000000         1.2537110421         3.1120775844         1.3454963091         2.2837821322         0.2207379164         7.1978058346
        0.1100000000         1.2911130405         3.1239071983         1.3327346748         2.2735746224        -0.1116987047         7.4125381882
        0.1150000000         1.3256484451         3.1348103571         1.3403916554         2.2812302547         0.0877632680         7.6108128532
        0.1200000000         1.3572405787         3.1447677334         1.3378393285         2.2735746224         0.0212759438         7.7921896104
        0.1250000000         1.3858192988         3.1537617567         1.3480486360         2.2812302547         0.2872252407         7.9562657581
        0.1300000000         1.4113211534         3.1617766220         1.3633625971         2.2761264998         0.6861491860         8.1026770061
        0.1350000000         1.4336895222         3.1687982965         1.4297230954         2.2837821322         2.4148196159         8.2310982848
        0.1400000000         1.4528747417         3.1748145267         1.5394731502         2.3118527843         5.2737745577         8.3412444670
        0.1450000000         1.4688342159         3.1798148428         1.5496824576         2.3322678039         5.5397238546         8.4328710005
        0.1500000000         1.4815325109         3.1837905640         1.5216068622         2.3450271912         4.8083632881         8.5057744515
        0.1550000000         1.4909414332         3.1867348011         1.5088452279         2.3628903334         4.4759266669         8.5597929562
        0.1600000000         1.4970400926         3.1886424603         1.4960835936         2.3807534756         4.1434900458         8.5948065799
        0.1650000000         1.4998149487         3.1895102443         1.5088452279         2.3986166179         4.4759266669         8.6107375836
        0.1700000000         1.4992598405         3.1893366542         1.5139498816         2.4113760052         4.6089013154         8.6075505966
        0.1750000000         1.4953760006         3.1881219898         1.5394731502         2.4368947797         5.2737745577         8.5852526946
        0.1800000000         1.4881720520         3.1858683495         1.5522347845         2.4598616769         5.6062111788         8.5438933848
        0.1850000000         1.4776639892         3.1825796296         1.5292638428         2.4700691867         5.0078252608         8.4835644950
        0.1900000000         1.4638751429         3.1782615228         1.5292638428         2.4904842064         5.0078252608         8.4043999705
        0.1950000000         1.4468361277         3.1729215157         1.5445778039         2.5211067359         5.4067492061         8.3065755763
        0.2000000000         1.4265847744         3.1665688859         1.5522347845         2.5466255105         5.6062111788         8.1903085070
        0.2050000000         1.4031660462         3.1592146983         1.5573394382         2.5644886527         5.7391858272         8.0558569047
        0.2100000000         1.3766319385         3.1508718002         1.5573394382         2.5874555498         5.7391858272         7.9035192855
        0.2150000000         1.3470413636         3.1415548157         1.5496824576         2.5976630597         5.5397238546         7.7336338769
        0.2200000000         1.3144600201         3.1312801394         1.5598917651         2.6282855892         5.8056731515         7.5465778672
        0.2250000000         1.2789602465         3.1200659283         1.5522347845         2.6487006088         5.6062111788         7.3427665674
        0.2300000000         1.2406208614         3.1079320932         1.5598917651         2.6691156285         5.8056731515         7.1226524895
        0.2350000000         1.1995269877         3.0949002885         1.5598917651         2.6920825256         5.8056731515         6.8867243420
        0.2400000000         1.1557698642         3.0809939006         1.5573394382         2.7150494228         5.7391858272         6.6355059441
        0.2450000000         1.1094466425         3.0662380352         1.5420254771         2.7278088101         5.3402618819         6.3695550637
        0.2500000000         1.0606601718         3.0506595019         1.5649964188         2.7584313396         5.9386477999         6.0894621782
        0.2550000000         1.0095187703         3.0342867983         1.5649964188         2.7865019916         5.9386477999         5.7958491638
        0.2600000000         0.9561359846         3.0171500909         1.5624440919         2.8120207662         5.8721604757         5.4893679149
        0.2650000000         0.9006303380         2.9992811946         1.5547871113         2.8247801535         5.6726985030         5.1706988965
        0.2700000000         0.8431250668         2.9807135494         1.5420254771         2.8426432957         5.3402618819         4.8405496334
        0.2750000000         0.7837478471         2.9614821948         1.5598917651         2.8681620703         5.8056731515         4.4996531396
        0.2800000000         0.7226305112         2.9416237406         1.5522347845         2.8962327224         5.6062111788         4.1487662906
        0.2850000000         0.6599087548         2.9211763359         1.5471301308         2.9064402322         5.4732365303         3.7886681430
        0.2900000000         0.5957218360         2.9001796335         1.5420254771         2.9345108842         5.3402618819         3.4201582046
        0.2950000000         0.5302122657         2.8786747514         1.5369208233         2.9600296588         5.2072872334         3.0440546597
        0.3000000000         0.4635254916         2.8567042300         1.5369208233         2.9753409236         5.2072872334         2.6611925522
        0.3050000000         0.3958095749         2.8343119858         1.5369208233         2.9957559433         5.2072872334         2.2724219317
        0.3100000000         0.3272148621         2.8115432595         1.5267115159         3.0212747179         4.9413379365         1.8786059663
        0.3150000000         0.2578936504         2.7884445606         1.5343684965         3.0340341051         5.1407999092         1.4806190258
        0.3200000000         0.1879998503         2.7650636058         1.5216068622         3.0467934924         4.8083632881         1.0793447408
        0.3250000000         0.1176886436         2.7414492528         1.5088452279         3.0646566347         4.4759266669         0.6756740406
        0.3300000000         0.0471161386         2.5000000000         1.5139498816         3.0952791642         4.6089013154         0.2705031750
        0.3350000000        -0.0235609760         2.5000000000         1.5088452279         3.1131423064         4.4759266669        -0.1352682752
        0.3400000000        -0.0941857793         2.2436324785         1.5037405742         3.1259016937         4.3429520185        -0.5407393961
        0.3450000000        -0.1646014666         2.2231890691         1.4960835936         3.1361092035         4.1434900458        -0.9450099403
        0.3500000000        -0.2346516976         2.2027817552         1.4884266131         3.1590761006         3.9440280731        -1.3471823260
        0.3550000000        -0.3041809430         2.1824564551         1.4603510177         3.1667317330         3.2126675066        -1.7463636302
        0.3600000000        -0.3730348307         2.1622593791         1.4450370565         3.1820429978         2.8137435613        -2.1416675703
        0.3650000000        -0.4410604878         2.1422369254         1.4195137880         3.1896986301         2.1488703190        -2.5322164728
        0.3700000000        -0.5081068804         2.1224355710         1.3965428462         3.1922505076         1.5504844010        -2.9171432216
        0.3750000000        -0.5740251485         2.1029017575         1.3761242314         3.2024580174         1.0185858072        -3.2955931828
        0.3800000000        -0.6386689373         2.0836817728         1.3454963091         3.2024580174         0.2207379164        -3.6667261031
        0.3850000000        -0.7018947214         2.0648216277         1.3250776943         3.1948023851        -0.3111606774        -4.0297179744
        0.3900000000        -0.7635621236         2.0463669296         1.3276300211         3.1999061400        -0.2446733532        -4.3837628642
        0.3950000000        -0.8235342270         2.0283627510         1.3301823480         3.1999061400        -0.1781860289        -4.7280747040
        0.4000000000        -0.8816778784         2.0108534965         1.3403916554         3.1999061400         0.0877632680        -5.0618890357
        0.4050000000        -0.9378639845         1.9938827653         1.3327346748         3.1999061400        -0.1116987047        -5.3844647078
        0.4100000000        -0.9919677980         1.9774932127         1.3378393285         3.1999061400         0.0212759438        -5.6950855218
        0.4150000000        -1.0438691949         1.9617264101         1.3506009628         3.2024580174         0.3537125649        -5.9930618217
        0.4200000000        -1.0934529411         1.9466227032         1.3301823480         3.1973542625        -0.1781860289        -6.2777320256
        0.4250000000        -1.1406089484         1.9322210715         1.3352870017         3.1999061400        -0.0452113805        -6.5484640946
        0.4300000000        -1.1852325186         1.9185589874         1.3454963091         3.2101136498         0.2207379164        -6.8046569356
        0.4350000000        -1.2272245761         1.9056722778         1.3352870017         3.1999061400        -0.0452113805        -7.0457417365
        0.4400000000        -1.2664918883         1.8935949881         1.3352870017         3.2024580174        -0.0452113805        -7.2711832288
        0.4450000000        -1.3029472717         1.8823592496         1.3429439823         3.2050098949         0.1542505922        -7.4804808760
        0.4500000000        -1.3365097863         1.8719951517         1.3301823480         3.1999061400        -0.1781860289        -7.6731699850
        0.4550000000        -1.3671049150         1.8625306199         1.3327346748         3.1973542625        -0.1116987047        -7.8488227377
        0.4600000000        -1.3946647288         1.8539912994         1.3046590794         3.1948023851        -0.8430592712        -8.0070491412
        0.4650000000        -1.4191280382         1.8464004477         1.1234438726         3.1743873654        -5.5636592913        -8.1474978932
        0.4700000000        -1.4404405285         1.8397788341         1.1132345652         3.1616279781        -5.8296085882        -8.2698571623
        0.4750000000        -1.4585548806         1.8341446502         1.1489671412         3.1412129584        -4.8987860490        -8.3738552805
        0.4800000000        -1.4734308761         1.8295134291         1.1744904097         3.1259016937        -4.2339128068        -8.4592613458
        0.4850000000        -1.4850354866         1.8258979765         1.1923566977         3.1207979388        -3.7685015372        -8.5258857355
        0.4900000000        -1.4933429469         1.8233083132         1.2025660052         3.1003829191        -3.5025522403        -8.5735805268
        0.4950000000        -1.4983348124         1.8217516299         1.1923566977         3.0850716543        -3.7685015372        -8.6022398252
        0.5000000000        -1.5000000000         1.8212322538         1.1464148143         3.0697603896        -4.9652733732        -8.6118000000
        0.5050000000        -1.4983348124         1.8217516299         1.1336531800         3.0493453699        -5.2977099944        -8.6022398252
        0.5100000000        -1.4933429469         1.8233083132         1.1438624875         3.0238265953        -5.0317606975        -8.5735805268
        0.5150000000        -1.4850354866         1.8258979765         1.1566241217         3.0059634531        -4.6993240763        -8.5258857355
        0.5200000000        -1.4734308761         1.8295134291         1.1540717949         2.9957559433        -4.7658114006        -8.4592613458
        0.5250000000        -1.4585548806         1.8341446502         1.1387578337         2.9727890461        -5.1647353459        -8.3738552805
        0.5300000000        -1.4404405285         1.8397788341         1.1336531800         2.9472702715        -5.2977099944        -8.2698571623
        0.5350000000        -1.4191280382         1.8464004477         1.1413101606         2.9345108842        -5.0982480217        -8.1474978932
        0.5400000000        -1.3946647288         1.8539912994         1.1336531800         2.9089921097        -5.2977099944        -8.0070491412
        0.5450000000        -1.3671049150         1.8625306199         1.1362055069         2.8962327224        -5.2312226702        -7.8488227377
        0.5500000000        -1.3365097863         1.8719951517         1.1311008532         2.8707139478        -5.3641973186        -7.6731699850
        0.5550000000        -1.3029472717         1.8823592496         1.1387578337         2.8579545605        -5.1647353459        -7.4804808760
        0.5600000000        -1.2664918883         1.8935949881         1.1336531800         2.8324357859        -5.2977099944        -7.2711832288
        0.5650000000        -1.2272245761         1.9056722778         1.1259961995         2.8094688888        -5.4971719671        -7.0457417365
        0.5700000000        -1.1852325186         1.9185589874         1.1336531800         2.7916057465        -5.2977099944        -6.8046569356
        0.5750000000        -1.1406089484         1.9322210715         1.1285485263         2.7635350945        -5.4306846428        -6.5484640946
        0.5800000000        -1.0934529411         1.9466227032         1.1311008532         2.7482238297        -5.3641973186        -6.2777320256
        0.5850000000        -1.0438691949         1.9617264101         1.1234438726         2.7201531777        -5.5636592913        -5.9930618217
        0.5900000000        -0.9919677980         1.9774932127         1.1234438726         2.6997381580        -5.5636592913        -5.6950855218
        0.5950000000        -0.9378639845         1.9938827653         1.1387578337         2.6895306482        -5.1647353459        -5.3844647078
        0.6000000000        -0.8816778784         2.0108534965         1.1311008532         2.6665637511        -5.3641973186        -5.0618890357
        0.6050000000        -0.8235342270         2.0283627510         1.1362055069         2.6487006088        -5.2312226702        -4.7280747040
        0.6100000000        -0.7635621236         2.0463669296         1.1413101606         2.6231818342        -5.0982480217        -4.3837628642
        0.6150000000        -0.7018947214         2.0648216277         1.1336531800         2.6002149371        -5.2977099944        -4.0297179744
        0.6200000000        -0.6386689373         2.0836817728         1.1336531800         2.5874555498        -5.2977099944        -3.6667261031
        0.6250000000        -0.5740251485         2.1029017575         1.1438624875         2.5721442851        -5.0317606975        -3.2955931828
        0.6300000000        -0.5081068804         2.1224355710         1.1464148143         2.5542811429        -4.9652733732        -2.9171432216
        0.6350000000        -0.4410604878         2.1422369254         1.1489671412         2.5211067359        -4.8987860490        -2.5322164728
        0.6400000000        -0.3730348307         2.1622593791         1.1489671412         2.5083473486        -4.8987860490        -2.1416675703
        0.6450000000        -0.3041809430         2.1824564551         1.1336531800         2.4853804515        -5.2977099944        -1.7463636302
        0.6500000000        -0.2346516976         2.2027817552         1.1591764486         2.4675173092        -4.6328367521        -1.3471823260
        0.6550000000        -0.1646014666         2.2231890691         1.1591764486         2.4471022896        -4.6328367521        -0.9450099403
        0.6600000000        -0.0941857793         2.2436324785         1.1591764486         2.4292391474        -4.6328367521        -0.5407393961
        0.6650000000        -0.0235609760         2.5000000000         1.1821473903         2.4241353924        -4.0344508341        -0.1352682752
        0.6700000000         0.0471161386         2.5000000000         1.1770427366         2.4037203728        -4.1674254825         0.2705031750
        0.6750000000         0.1176886436         2.7414492528         1.1898043709         2.3884091080        -3.8349888614         0.6756740406
        0.6800000000         0.1879998503         2.7650636058         1.1923566977         2.3654422109        -3.7685015372         1.0793447408
        0.6850000000         0.2578936504         2.7884445606         1.2127753126         2.3552347011        -3.2366029434         1.4806190258
        0.6900000000         0.3272148621         2.8115432595         1.2459555617         2.3475790687        -2.3722677284         1.8786059663
        0.6950000000         0.3958095749         2.8343119858         1.2587171960         2.3373715588        -2.0398311073         2.2724219317
        0.7000000000         0.4635254916         2.8567042300         1.2714788303         2.3297159265        -1.7073944861         2.6611925522
        0.7050000000         0.5302122657         2.8786747514         1.2893451183         2.3271640490        -1.2419832166         3.0440546597
        0.7100000000         0.5957218360         2.9001796335         1.3021067526         2.3220602941        -0.9095465954         3.4201582046
        0.7150000000         0.6599087548         2.9211763359         1.3123160600         2.3144046617        -0.6435972985         3.7886681430
        0.7200000000         0.7226305112         2.9416237406         1.3225253674         2.3169565392        -0.3776480016         4.1487662906
        0.7250000000         0.7837478471         2.9614821948         1.3352870017         2.3118527843        -0.0452113805         4.4996531396
        0.7300000000         0.8431250668         2.9807135494         1.3403916554         2.3246121715         0.0877632680         4.8405496334
        0.7350000000         0.9006303380         2.9992811946         1.3378393285         2.3118527843         0.0212759438         5.1706988965
        0.7400000000         0.9561359846         3.0171500909         1.3480486360         2.3246121715         0.2872252407         5.4893679149
        0.7450000000         1.0095187703         3.0342867983         1.3403916554         2.3195084166         0.0877632680         5.7958491638
        0.7500000000         1.0606601718         3.0506595019         1.3403916554         2.3195084166         0.0877632680         6.0894621782
        0.7550000000         1.1094466425         3.0662380352         1.3378393285         2.3169565392         0.0212759438         6.3695550637
        0.7600000000         1.1557698642         3.0809939006         1.3327346748         2.3169565392        -0.1116987047         6.6355059441
        0.7650000000         1.1995269877         3.0949002885         1.3378393285         2.3246121715         0.0212759438         6.8867243420
        0.7700000000         1.2406208614         3.1079320932         1.3301823480         2.3144046617        -0.1781860289         7.1226524895
        0.7750000000         1.2789602465         3.1200659283         1.3378393285         2.3220602941         0.0212759438         7.3427665674
        0.7800000000         1.3144600201         3.1312801394         1.3378393285         2.3220602941         0.0212759438         7.5465778672
        0.7850000000         1.3470413636         3.1415548157         1.3378393285         2.3195084166         0.0212759438         7.7336338769
        0.7900000000         1.3766319385         3.1508718002         1.3378393285         2.3220602941         0.0212759438         7.9035192855
        0.7950000000         1.4031660462         3.1592146983         1.3633625971         2.3220602941         0.6861491860         8.0558569047
        0.8000000000         1.4265847744         3.1665688859         1.4373800759         2.3322678039         2.6142815886         8.1903085070
        0.8050000000         1.4468361277         3.1729215157         1.5088452279         2.3373715588         4.4759266669         8.3065755763
        0.8100000000         1.4638751429         3.1782615228         1.5369208233         2.3679940883         5.2072872334         8.4043999705
        0.8150000000         1.4776639892         3.1825796296         1.5267115159         2.3807534756         4.9413379365         8.4835644950
        0.8200000000         1.4881720520         3.1858683495         1.5113975548         2.4037203728         4.5424139912         8.5438933848
        0.8250000000         1.4953760006         3.1881219898         1.4909789399         2.4164797601         4.0105153974         8.5852526946
        0.8300000000         1.4992598405         3.1893366542         1.5037405742         2.4343429023         4.3429520185         8.6075505966
        0.8350000000         1.4998149487         3.1895102443         1.5216068622         2.4496541670         4.8083632881         8.6107375836
        0.8400000000         1.4970400926         3.1886424603         1.5267115159         2.4700691867         4.9413379365         8.5948065799
        0.8450000000         1.4909414332         3.1867348011         1.5216068622         2.4879323289         4.8083632881         8.5597929562
        0.8500000000         1.4815325109         3.1837905640         1.5165022085         2.5032435937         4.6753886396         8.5057744515
        0.8550000000         1.4688342159         3.1798148428         1.5394731502         2.5338661232         5.2737745577         8.4328710005
        0.8600000000         1.4528747417         3.1748145267         1.5343684965         2.5466255105         5.1407999092         8.3412444670
        0.8650000000         1.4336895222         3.1687982965         1.5394731502         2.5670405302         5.2737745577         8.2310982848
        0.8700000000         1.4113211534         3.1617766220         1.5369208233         2.5823517949         5.2072872334         8.1026770061
        0.8750000000         1.3858192988         3.1537617567         1.5471301308         2.6129743244         5.4732365303         7.9562657581
        0.8800000000         1.3572405787         3.1447677334         1.5445778039         2.6180780793         5.4067492061         7.7921896104
        0.8850000000         1.3256484451         3.1348103571         1.5496824576         2.6563562412         5.5397238546         7.6108128532
        0.8900000000         1.2911130405         3.1239071983         1.5471301308         2.6640118736         5.4732365303         7.4125381882
        0.8950000000         1.2537110421         3.1120775844         1.5394731502         2.6869787707         5.2737745577         7.1978058346
        0.9000000000         1.2135254916         3.0993425897         1.5394731502         2.7073937904         5.2737745577         6.9670925522
        0.9050000000         1.1706456110         3.0857250246         1.5394731502         2.7329125650         5.2737745577         6.7209105819
        0.9100000000         1.1251666044         3.0712494234         1.5675487456         2.7635350945         6.0051351242         6.4598065094
        0.9150000000         1.0771894466         3.0559420293         1.5496824576         2.7762944818         5.5397238546         6.1843600511
        0.9200000000         1.0268206589         3.0398307793         1.5471301308         2.7916057465         5.4732365303         5.8951827668
        0.9250000000         0.9741720725         3.0229452858         1.5394731502         2.8247801535         5.2737745577         5.5929167026
        0.9300000000         0.9193605805         3.0053168166         1.5420254771         2.8400914183         5.3402618819         5.2782329646
        0.9350000000         0.8625078781         2.9869782729         1.5394731502         2.8554026830         5.2737745577         4.9518302295
        0.9400000000         0.8037401925         2.9679641639         1.5343684965         2.8809214576         5.1407999092         4.6144331930
        0.9450000000         0.7431880026         2.9483105795         1.5496824576         2.9089921097         5.5397238546         4.2667909608
        0.9500000000         0.6809857496         2.9280551593         1.5394731502         2.9243033744         5.2737745577         3.9096753857
        0.9550000000         0.6172715379         2.9072370590         1.5292638428         2.9421665166         5.0078252608         3.5438793534
        0.9600000000         0.5521868290         2.8858969127         1.5292638428         2.9625815363         5.0078252608         3.1702150228
        0.9650000000         0.4858761273         2.8640767917         1.5267115159         2.9753409236         4.9413379365         2.7895120220
        0.9700000000         0.4184866591         2.8418201593         1.5241591891         3.0008596982         4.8748506123         2.4026156070
        0.9750000000         0.3501680458         2.8191718208         1.5139498816         3.0161709629         4.6089013154         2.0103847845
        0.9800000000         0.2810719719         2.7961778692         1.5241591891         3.0391378601         4.8748506123         1.6136904049
        0.9850000000         0.2113518479         2.7728856260         1.5190545354         3.0570010023         4.7418759638         1.2134132292
        0.9900000000         0.1411624700         2.7493435762         1.5113975548         3.0697603896         4.5424139912         0.8104419726
        0.9950000000         0.0706596761         2.7256012984         1.5088452279         3.0901754092         4.4759266669         0.4056713322
        1.0000000000         0.0000000000         2.5000000000         1.4960835936         3.1003829191         4.1434900458         0.0000000000
        1.0050000000        -0.0706596761         2.2504470876         1.5088452279         3.1310054486         4.4759266669        -0.4056713322
        1.0100000000        -0.1411624700         2.2300017855         1.4858742862         3.1335573261         3.8775407489        -0.8104419726
        1.0150000000        -0.2113518479         2.2095773551         1.4858742862         3.1616279781         3.8775407489        -1.2134132292
        1.0200000000        -0.2810719719         2.1892195949         1.4603510177         3.1667317330         3.2126675066        -1.6136904049
        1.0250000000        -0.3501680458         2.1689746292         1.4373800759         3.1769392429         2.6142815886        -2.0103847845
        1.0300000000        -0.4184866591         2.1488888056         1.4169614611         3.1896986301         2.0823829948        -2.4026156070
        1.0350000000        -0.4858761273         2.1290085871         1.3939905194         3.1948023851         1.4839970767        -2.7895120220
        1.0400000000        -0.5521868290         2.1093804401         1.3710195777         3.1999061400         0.8856111587        -3.1702150228
        1.0450000000        -0.6172715379         2.0900507172         1.3480486360         3.2024580174         0.2872252407        -3.5438793534
        1.0500000000        -0.6809857496         2.0710655356         1.3301823480         3.2050098949        -0.1781860289        -3.9096753857
        1.0550000000        -0.7431880026         2.0524706512         1.3250776943         3.1948023851        -0.3111606774        -4.2667909608
        1.0600000000        -0.8037401925         2.0343113299         1.3378393285         3.1999061400         0.0212759438        -4.6144331930
        1.0650000000        -0.8625078781         2.0166322137         1.3378393285         3.1999061400         0.0212759438        -4.9518302295
        1.0700000000        -0.9193605805         1.9994771857         1.3276300211         3.1922505076        -0.2446733532        -5.2782329646
        1.0750000000        -0.9741720725         1.9828892315         1.3429439823         3.2075617724         0.1542505922        -5.5929167026
        1.0800000000        -1.0268206589         1.9669102993         1.3378393285         3.1999061400         0.0212759438        -5.8951827668
        1.0850000000        -1.0771894466         1.9515811591         1.3301823480         3.1999061400        -0.1781860289        -6.1843600511
        1.0900000000        -1.1251666044         1.9369412614         1.3378393285         3.2050098949         0.0212759438        -6.4598065094
        1.0950000000        -1.1706456110         1.9230285966         1.3327346748         3.1948023851        -0.1116987047        -6.7209105819
        1.1000000000        -1.2135254916         1.9098795553         1.3378393285         3.2075617724         0.0212759438        -6.9670925522
        1.1050000000        -1.2537110421         1.8975287915         1.3480486360         3.2075617724         0.2872252407        -7.1978058346
        1.1100000000        -1.2911130405         1.8860090893         1.3250776943         3.1999061400        -0.3111606774        -7.4125381882
        1.1150000000        -1.3256484451         1.8753512324         1.3378393285         3.1999061400         0.0212759438        -7.6108128532
        1.1200000000        -1.3572405787         1.8655838809         1.3352870017         3.1999061400        -0.0452113805        -7.7921896104
        1.1250000000        -1.3858192988         1.8567334524         1.3276300211         3.1999061400        -0.2446733532        -7.9562657581
        1.1300000000        -1.4113211534         1.8488240119         1.2127753126         3.1922505076        -3.2366029434        -8.1026770061
        1.1350000000        -1.4336895222         1.8418771686         1.1157868920         3.1692836105        -5.7631212640        -8.2310982848
        1.1400000000        -1.4528747417         1.8359119828         1.1464148143         3.1514204683        -4.9652733732        -8.3412444670
        1.1450000000        -1.4688342159         1.8309448819         1.1668334292         3.1335573261        -4.4333747794        -8.4328710005
        1.1500000000        -1.4815325109         1.8269895878         1.1821473903         3.1182460613        -4.0344508341        -8.5057744515
        1.1550000000        -1.4909414332         1.8240570552         1.1923566977         3.0952791642        -3.7685015372        -8.5597929562
        1.1600000000        -1.4970400926         1.8221554225         1.1949090246         3.0850716543        -3.7020142129        -8.5948065799
        1.1650000000        -1.4998149487         1.8212899742         1.1770427366         3.0748641445        -4.1674254825        -8.6107375836
        1.1700000000        -1.4992598405         1.8214631174         1.1336531800         3.0570010023        -5.2977099944        -8.6075505966
        1.1750000000        -1.4953760006         1.8226743704         1.1438624875         3.0365859826        -5.0317606975        -8.5852526946
        1.1800000000        -1.4881720520         1.8249203651         1.1566241217         3.0161709629        -4.6993240763        -8.5438933848
        1.1850000000        -1.4776639892         1.8281948624         1.1566241217         3.0034115756        -4.6993240763        -8.4835644950
        1.1900000000        -1.4638751429         1.8324887804         1.1413101606         2.9753409236        -5.0982480217        -8.4043999705
        1.1950000000        -1.4468361277         1.8377902359         1.1362055069         2.9549259039        -5.2312226702        -8.3065755763
        1.2000000000        -1.4265847744         1.8440845978         1.1413101606         2.9421665166        -5.0982480217        -8.1903085070
        1.2050000000        -1.4031660462         1.8513545524         1.1438624875         2.9268552519        -5.0317606975        -8.0558569047
        1.2100000000        -1.3766319385         1.8595801798         1.1387578337         2.9013364773        -5.1647353459        -7.9035192855
        1.2150000000        -1.3470413636         1.8687390416         1.1311008532         2.8809214576        -5.3641973186        -7.7336338769
        1.2200000000        -1.3144600201         1.8788062766         1.1387578337         2.8579545605        -5.1647353459        -7.5465778672
        1.2250000000        -1.2789602465         1.8897547071         1.1413101606         2.8477470506        -5.0982480217        -7.3427665674
        1.2300000000        -1.2406208614         1.9015549517         1.1311008532         2.8120207662        -5.3641973186        -7.1226524895
        1.2350000000        -1.1995269877         1.9141755456         1.1285485263         2.7992613789        -5.4306846428        -6.8867243420
        1.2400000000        -1.1557698642         1.9275830671         1.1336531800         2.7788463592        -5.2977099944        -6.6355059441
        1.2450000000        -1.1094466425         1.9417422682         1.1336531800         2.7584313396        -5.2977099944        -6.3695550637
        1.2500000000        -1.0606601718         1.9566162095         1.1336531800         2.7354644424        -5.2977099944        -6.0894621782
        1.2550000000        -1.0095187703         1.9721663984         1.1362055069         2.7150494228        -5.2312226702        -5.7958491638
        1.2600000000        -0.9561359846         1.9883529291         1.1336531800         2.6997381580        -5.2977099944        -5.4893679149
        1.2650000000        -0.9006303380         2.0051346230         1.1413101606         2.6844268933        -5.0982480217        -5.1706988965
        1.2700000000        -0.8431250668         2.0224691704         1.1259961995         2.6487006088        -5.4971719671        -4.8405496334
        1.2750000000        -0.7837478471         2.0403132711         1.1362055069         2.6359412215        -5.2312226702        -4.4996531396
        1.2800000000        -0.7226305112         2.0586227739         1.1413101606         2.6155262019        -5.0982480217        -4.1487662906
        1.2850000000        -0.6599087548         2.0773528138         1.1464148143         2.6027668146        -4.9652733732        -3.7886681430
        1.2900000000        -0.5957218360         2.0964579470         1.1413101606         2.5823517949        -5.0982480217        -3.4201582046
        1.2950000000        -0.5302122657         2.1158922829         1.1540717949         2.5644886527        -4.7658114006        -3.0440546597
        1.3000000000        -0.4635254916         2.1356096121         1.1515194680         2.5415217556        -4.8322987248        -2.6611925522
        1.3050000000        -0.3958095749         2.1555635308         1.1566241217         2.5262104908        -4.6993240763        -2.2724219317
        1.3100000000        -0.3272148621         2.1757075609         1.1515194680         2.4955879613        -4.8322987248        -1.8786059663
        1.3150000000        -0.2578936504         2.1959952656         1.1668334292         2.4853804515        -4.4333747794        -1.4806190258
        1.3200000000        -0.1879998503         2.2163803601         1.1693857560         2.4726210642        -4.3668874552        -1.0793447408
        1.3250000000        -0.1176886436         2.2368168174         1.1591764486         2.4445504121        -4.6328367521        -0.6756740406
        1.3300000000        -0.0471161386         2.5000000000         1.1846997172         2.4317910248        -3.9679635098        -0.2705031750
        1.3350000000         0.0235609760         2.5000000000         1.1795950634         2.4139278826        -4.1009381583         0.1352682752
        1.3400000000         0.0941857793         2.7335345354         1.1795950634         2.3935128629        -4.1009381583         0.5407393961
        1.3450000000         0.1646014666         2.7572156437         1.1949090246         2.3909609855        -3.7020142129         0.9450099403
        1.3500000000         0.2346516976         2.7806798808         1.2025660052         2.3705459658        -3.5025522403         1.3471823260
        1.3550000000         0.3041809430         2.8038780247         1.2229846200         2.3526828236        -2.9706536464         1.7463636302
        1.3600000000         0.3730348307         2.8267619705         1.2536125423         2.3450271912        -2.1728057557         2.1416675703
        1.3650000000         0.4410604878         2.8492847993         1.2765834840         2.3450271912        -1.5744198377         2.5322164728
        1.3700000000         0.5081068804         2.8714008411         1.2867927914         2.3322678039        -1.3084705408         2.9171432216
        1.3750000000         0.5740251485         2.8930657320         1.3148683868         2.3348196814        -0.5771099743         3.2955931828
        1.3800000000         0.6386689373         2.9142364674         1.3378393285         2.3322678039         0.0212759438         3.6667261031
        1.3850000000         0.7018947214         2.9348714504         1.3454963091         2.3322678039         0.2207379164         4.0297179744
        1.3900000000         0.7635621236         2.9549305352         1.3378393285         2.3322678039         0.0212759438         4.3837628642
        1.3950000000         0.8235342270         2.9743750675         1.3276300211         2.3297159265        -0.2446733532         4.7280747040
        1.4000000000         0.8816778784         2.9931679206         1.3301823480         2.3348196814        -0.1781860289         5.0618890357
        1.4050000000         0.9378639845         3.0112735283         1.3378393285         2.3297159265         0.0212759438         5.3844647078
        1.4100000000         0.9919677980         3.0286579144         1.3531532897         2.3424753138         0.4201998891         5.6950855218
        1.4150000000         1.0438691949         3.0452887196         1.3454963091         2.3348196814         0.2207379164         5.9930618217
        1.4200000000         1.0934529411         3.0611352256         1.3480486360         2.3424753138         0.2872252407         6.2777320256
        1.4250000000         1.1406089484         3.0761683762         1.3378393285         2.3348196814         0.0212759438         6.5484640946
        1.4300000000         1.1852325186         3.0903607972         1.3506009628         2.3475790687         0.3537125649         6.8046569356
        1.4350000000         1.2272245761         3.1036868133         1.3429439823         2.3399234363         0.1542505922         7.0457417365
        1.4400000000         1.2664918883         3.1161224635         1.3352870017         2.3322678039        -0.0452113805         7.2711832288
        1.4450000000         1.3029472717         3.1276455145         1.3403916554         2.3399234363         0.0877632680         7.4804808760
        1.4500000000         1.3365097863         3.1382354734         1.3403916554         2.3373715588         0.0877632680         7.6731699850
        1.4550000000         1.3671049150         3.1478735973         1.3454963091         2.3501309461         0.2207379164         7.8488227377
        1.4600000000         1.3946647288         3.1565429033         1.3403916554         2.3399234363         0.0877632680         8.0070491412
        1.4650000000         1.4191280382         3.1642281765         1.3812288851         2.3475790687         1.1515604556         8.1474978932
        1.4700000000         1.4404405285         3.1709159764         1.4833219594         2.3501309461         3.8110534247         8.2698571623
        1.4750000000         1.4585548806         3.1765946436         1.5496824576         2.3730978433         5.5397238546         8.3738552805
        1.4800000000         1.4734308761         3.1812543042         1.5343684965         2.3935128629         5.1407999092         8.4592613458
        1.4850000000         1.4850354866         3.1848868742         1.5216068622         2.4241353924         4.8083632881         8.5258857355
        1.4900000000         1.4933429469         3.1874860627         1.5037405742         2.4292391474         4.3429520185         8.5735805268
        1.4950000000         1.4983348124         3.1890473743         1.4909789399         2.4419985347         4.0105153974         8.6022398252
        1.5000000000         1.5000000000         3.1895681114         1.5062929011         2.4649654318         4.4094393427         8.6118000000
        1.5050000000         1.4983348124         3.1890473743         1.5267115159         2.4802766965         4.9413379365         8.6022398252
        1.5100000000         1.4933429469         3.1874860627         1.5267115159         2.5006917162         4.9413379365         8.5735805268
        1.5150000000         1.4850354866         3.1848868742         1.5190545354         2.5160029810         4.7418759638         8.5258857355
        1.5200000000         1.4734308761         3.1812543042         1.5267115159         2.5389698781         4.9413379365         8.4592613458
        1.5250000000         1.4585548806         3.1765946436         1.5318161696         2.5568330203         5.0743125850         8.3738552805
        1.5300000000         1.4404405285         3.1709159764         1.5318161696         2.5721442851         5.0743125850         8.2698571623
        1.5350000000         1.4191280382         3.1642281765         1.5420254771         2.6053186920         5.3402618819         8.1474978932
        1.5400000000         1.3946647288         3.1565429033         1.5445778039         2.6180780793         5.4067492061         8.0070491412
        1.5450000000         1.3671049150         3.1478735973         1.5445778039         2.6333893441         5.4067492061         7.8488227377
        1.5500000000         1.3365097863         3.1382354734         1.5420254771         2.6563562412         5.3402618819         7.6731699850
        1.5550000000         1.3029472717         3.1276455145         1.5471301308         2.6818750158         5.4732365303         7.4804808760
        1.5600000000         1.2664918883         3.1161224635         1.5496824576         2.7022900355         5.5397238546         7.2711832288
        1.5650000000         1.2272245761         3.1036868133         1.5420254771         2.7278088101         5.3402618819         7.0457417365
        1.5700000000         1.1852325186         3.0903607972         1.5496824576         2.7456719523         5.5397238546         6.8046569356
        1.5750000000         1.1406089484         3.0761683762         1.5471301308         2.7609832170         5.4732365303         6.5484640946
        1.5800000000         1.0934529411         3.0611352256         1.5496824576         2.7890538691         5.5397238546         6.2777320256
        1.5850000000         1.0438691949         3.0452887196         1.5420254771         2.8094688888         5.3402618819         5.9930618217
        1.5900000000         0.9919677980         3.0286579144         1.5471301308         2.8375395408         5.4732365303         5.6950855218
        1.5950000000         0.9378639845         3.0112735283         1.5471301308         2.8528508056         5.4732365303         5.3844647078
        1.6000000000         0.8816778784         2.9931679206         1.5343684965         2.8707139478         5.1407999092         5.0618890357
        1.6050000000         0.8235342270         2.9743750675         1.5420254771         2.8911289674         5.3402618819         4.7280747040
        1.6100000000         0.7635621236         2.9549305352         1.5496824576         2.9243033744         5.5397238546         4.3837628642
        1.6150000000         0.7018947214         2.9348714504         1.5394731502         2.9447183941         5.2737745577         4.0297179744
        1.6200000000         0.6386689373         2.9142364674         1.5343684965         2.9625815363         5.1407999092         3.6667261031
        1.6250000000         0.5740251485         2.8930657320         1.5267115159         2.9804446785         4.9413379365         3.2955931828
        1.6300000000         0.5081068804         2.8714008411         1.5267115159         2.9906521883         4.9413379365         2.9171432216
        1.6350000000         0.4410604878         2.8492847993         1.5113975548         3.0085153306         4.5424139912         2.5322164728
        1.6400000000         0.3730348307         2.8267619705         1.5292638428         3.0416897375         5.0078252608         2.1416675703
        1.6450000000         0.3041809430         2.8038780247         1.5267115159         3.0518972474         4.9413379365         1.7463636302
        1.6500000000         0.2346516976         2.7806798808         1.5190545354         3.0774160220         4.7418759638         1.3471823260
        1.6550000000         0.1646014666         2.7572156437         1.4986359205         3.0799678994         4.2099773700         0.9450099403
        1.6600000000         0.0941857793         2.7335345354         1.5011882474         3.1003829191         4.2764646943         0.5407393961
        1.6650000000         0.0235609760         2.5000000000         1.5011882474         3.1182460613         4.2764646943         0.1352682752
        1.6700000000        -0.0471161386         2.5000000000         1.5037405742         3.1361092035         4.3429520185        -0.2705031750
        1.6750000000        -0.1176886436         2.2368168174         1.4884266131         3.1437648359         3.9440280731        -0.6756740406
        1.6800000000        -0.1879998503         2.2163803601         1.4884266131         3.1667317330         3.9440280731        -1.0793447408
        1.6850000000        -0.2578936504         2.1959952656         1.4705603251         3.1896986301         3.4786168035        -1.4806190258
        1.6900000000        -0.3272148621         2.1757075609         1.4552463639         3.2075617724         3.0796928582        -1.8786059663
        1.6950000000        -0.3958095749         2.1555635308         1.4220661148         3.2024580174         2.2153576432        -2.2724219317
        1.7000000000        -0.4635254916         2.1356096121         1.4067521537         3.2050098949         1.8164336979        -2.6611925522
        1.7050000000        -0.5302122657         2.1158922829         1.3786765582         3.2101136498         1.0850731314        -3.0440546597
        1.7100000000        -0.5957218360         2.0964579470         1.3557056165         3.2203211597         0.4866872133        -3.4201582046
        1.7150000000        -0.6599087548         2.0773528138         1.3454963091         3.2228730371         0.2207379164        -3.7886681430
        1.7200000000        -0.7226305112         2.0586227739         1.3378393285         3.2279767920         0.0212759438        -4.1487662906
        1.7250000000        -0.7837478471         2.0403132711         1.3301823480         3.2228730371        -0.1781860289        -4.4996531396
        1.7300000000        -0.8431250668         2.0224691704         1.3378393285         3.2203211597         0.0212759438        -4.8405496334
        1.7350000000        -0.9006303380         2.0051346230         1.3378393285         3.2203211597         0.0212759438        -5.1706988965
        1.7400000000        -0.9561359846         1.9883529291         1.3352870017         3.2177692822        -0.0452113805        -5.4893679149
        1.7450000000        -1.0095187703         1.9721663984         1.3301823480         3.2203211597        -0.1781860289        -5.7958491638
        1.7500000000        -1.0606601718         1.9566162095         1.3327346748         3.2152174047        -0.1116987047        -6.0894621782
        1.7550000000        -1.1094466425         1.9417422682         1.3454963091         3.2254249146         0.2207379164        -6.3695550637
        1.7600000000        -1.1557698642         1.9275830671         1.3378393285         3.2203211597         0.0212759438        -6.6355059441
        1.7650000000        -1.1995269877         1.9141755456         1.3403916554         3.2203211597         0.0877632680        -6.8867243420
        1.7700000000        -1.2406208614         1.9015549517         1.3378393285         3.2177692822         0.0212759438        -7.1226524895
        1.7750000000        -1.2789602465         1.8897547071         1.3403916554         3.2203211597         0.0877632680        -7.3427665674
        1.7800000000        -1.3144600201         1.8788062766         1.3403916554         3.2203211597         0.0877632680        -7.5465778672
        1.7850000000        -1.3470413636         1.8687390416         1.3403916554         3.2279767920         0.0877632680        -7.7336338769
        1.7900000000        -1.3766319385         1.8595801798         1.3301823480         3.2177692822        -0.1781860289        -7.9035192855
        1.7950000000        -1.4031660462         1.8513545524         1.3225253674         3.2177692822        -0.3776480016        -8.0558569047
        1.8000000000        -1.4265847744         1.8440845978         1.1362055069         3.2024580174        -5.2312226702        -8.1903085070
        1.8050000000        -1.4468361277         1.8377902359         1.1106822383         3.1769392429        -5.8960959124        -8.3065755763
        1.8100000000        -1.4638751429         1.8324887804         1.1540717949         3.1718354879        -4.7658114006        -8.4043999705
        1.8150000000        -1.4776639892         1.8281948624         1.1591764486         3.1412129584        -4.6328367521        -8.4835644950
        1.8200000000        -1.4881720520         1.8249203651         1.1949090246         3.1386610810        -3.7020142129        -8.5438933848
        1.8250000000        -1.4953760006         1.8226743704         1.1974613514         3.1131423064        -3.6355268887        -8.5852526946
        1.8300000000        -1.4992598405         1.8214631174         1.1898043709         3.0978310416        -3.8349888614        -8.6075505966
        1.8350000000        -1.4998149487         1.8212899742         1.1438624875         3.0850716543        -5.0317606975        -8.6107375836
        1.8400000000        -1.4970400926         1.8221554225         1.1438624875         3.0723122670        -5.0317606975        -8.5948065799
        1.8450000000        -1.4909414332         1.8240570552         1.1208915457         3.0442416150        -5.6301466155        -8.5597929562
        1.8500000000        -1.4815325109         1.8269895878         1.1515194680         3.0314822277        -4.8322987248        -8.5057744515
        1.8550000000        -1.4688342159         1.8309448819         1.1413101606         3.0136190855        -5.0982480217        -8.4328710005
        1.8600000000        -1.4528747417         1.8359119828         1.1489671412         2.9932040658        -4.8987860490        -8.3412444670
        1.8650000000        -1.4336895222         1.8418771686         1.1285485263         2.9651334138        -5.4306846428        -8.2310982848
        1.8700000000        -1.4113211534         1.8488240119         1.1438624875         2.9600296588        -5.0317606975        -8.1026770061
        1.8750000000        -1.3858192988         1.8567334524         1.1362055069         2.9319590068        -5.2312226702        -7.9562657581
        1.8800000000        -1.3572405787         1.8655838809         1.1438624875         2.9191996195        -5.0317606975        -7.7921896104
        1.8850000000        -1.3256484451         1.8753512324         1.1285485263         2.8885770900        -5.4306846428        -7.6108128532
        1.8900000000        -1.2911130405         1.8860090893         1.1234438726         2.8707139478        -5.5636592913        -7.4125381882
        1.8950000000        -1.2537110421         1.8975287915         1.1259961995         2.8426432957        -5.4971719671        -7.1978058346
        1.9000000000        -1.2135254916         1.9098795553         1.1387578337         2.8298839084        -5.1647353459        -6.9670925522
        1.9050000000        -1.1706456110         1.9230285966         1.1259961995         2.8094688888        -5.4971719671        -6.7209105819
        1.9100000000        -1.1251666044         1.9369412614         1.1311008532         2.7941576240        -5.3641973186        -6.4598065094
        1.9150000000        -1.0771894466         1.9515811591         1.1464148143         2.7584313396        -4.9652733732        -6.1843600511
        1.9200000000        -1.0268206589         1.9669102993         1.1387578337         2.7482238297        -5.1647353459        -5.8951827668
        1.9250000000        -0.9741720725         1.9828892315         1.1336531800         2.7278088101        -5.2977099944        -5.5929167026
        1.9300000000        -0.9193605805         1.9994771857         1.1362055069         2.7073937904        -5.2312226702        -5.2782329646
        1.9350000000        -0.8625078781         2.0166322137         1.1362055069         2.6869787707        -5.2312226702        -4.9518302295
        1.9400000000        -0.8037401925         2.0343113299         1.1311008532         2.6614599961        -5.3641973186        -4.6144331930
        1.9450000000        -0.7431880026         2.0524706512         1.1362055069         2.6538043638        -5.2312226702        -4.2667909608
        1.9500000000        -0.6809857496         2.0710655356         1.1387578337         2.6231818342        -5.1647353459        -3.9096753857
        1.9550000000        -0.6172715379         2.0900507172         1.1438624875         2.6078705695        -5.0317606975        -3.5438793534
        1.9600000000        -0.5521868290         2.1093804401         1.1362055069         2.5900074273        -5.2312226702        -3.1702150228
        1.9650000000        -0.4858761273         2.1290085871         1.1540717949         2.5721442851        -4.7658114006        -2.7895120220
        1.9700000000        -0.4184866591         2.1488888056         1.1515194680         2.5568330203        -4.8322987248        -2.4026156070
        1.9750000000        -0.3501680458         2.1689746292         1.1464148143         2.5262104908        -4.9652733732        -2.0103847845
        1.9800000000        -0.2810719719         2.1892195949         1.1591764486         2.5185548584        -4.6328367521        -1.6136904049
        1.9850000000        -0.2113518479         2.2095773551         1.1515194680         2.4879323289        -4.8322987248        -1.2134132292
        1.9900000000        -0.1411624700         2.2300017855         1.1693857560         2.4828285740        -4.3668874552        -0.8104419726
        1.9950000000        -0.0706596761         2.2504470876         1.1642811023         2.4547579220        -4.4998621037        -0.4056713322
        2.0000000000        -0.0000000000         2.5000000000         1.1821473903         2.4471022896        -4.0344508341        -0.0000000000
        2.0050000000         0.0706596761         2.7256012984         1.1821473903         2.4292391474        -4.0344508341         0.4056713322
        2.0100000000         0.1411624700         2.7493435762         1.1872520440         2.4113760052        -3.9014761856         0.8104419726
        2.0150000000         0.2113518479         2.7728856260         1.2102229857         2.3960647404        -3.3030902676         1.2134132292
        2.0200000000         0.2810719719         2.7961778692         1.2102229857         2.3782015982        -3.3030902676         1.6136904049
        2.0250000000         0.3501680458         2.8191718208         1.2382985811         2.3782015982        -2.5717297011         2.0103847845
        2.0300000000         0.4184866591         2.8418201593         1.2536125423         2.3679940883        -2.1728057557         2.4026156070
        2.0350000000         0.4858761273         2.8640767917         1.2842404646         2.3577865785        -1.3749578650         2.7895120220
        2.0400000000         0.5521868290         2.8858969127         1.3046590794         2.3475790687        -0.8430592712         3.1702150228
        2.0450000000         0.6172715379         2.9072370590         1.3327346748         2.3552347011        -0.1116987047         3.5438793534
        2.0500000000         0.6809857496         2.9280551593         1.3480486360         2.3552347011         0.2872252407         3.9096753857
        2.0550000000         0.7431880026         2.9483105795         1.3403916554         2.3552347011         0.0877632680         4.2667909608
        2.0600000000         0.8037401925         2.9679641639         1.3352870017         2.3552347011        -0.0452113805         4.6144331930
        2.0650000000         0.8625078781         2.9869782729         1.3378393285         2.3552347011         0.0212759438         4.9518302295
        2.0700000000         0.9193605805         3.0053168166         1.3480486360         2.3628903334         0.2872252407         5.2782329646
        2.0750000000         0.9741720725         3.0229452858         1.3378393285         2.3501309461         0.0212759438         5.5929167026
        2.0800000000         1.0268206589         3.0398307793         1.3480486360         2.3628903334         0.2872252407         5.8951827668
        2.0850000000         1.0771894466         3.0559420293         1.3378393285         2.3526828236         0.0212759438         6.1843600511
        2.0900000000         1.1251666044         3.0712494234         1.3480486360         2.3628903334         0.2872252407         6.4598065094
        2.0950000000         1.1706456110         3.0857250246         1.3403916554         2.3526828236         0.0877632680         6.7209105819
        2.1000000000         1.2135254916         3.0993425897         1.3429439823         2.3603384560         0.1542505922         6.9670925522
        2.1050000000         1.2537110421         3.1120775844         1.3480486360         2.3628903334         0.2872252407         7.1978058346
        2.1100000000         1.2911130405         3.1239071983         1.3327346748         2.3526828236        -0.1116987047         7.4125381882
        2.1150000000         1.3256484451         3.1348103571         1.3429439823         2.3679940883         0.1542505922         7.6108128532
        2.1200000000         1.3572405787         3.1447677334         1.3352870017         2.3552347011        -0.0452113805         7.7921896104
        2.1250000000         1.3858192988         3.1537617567         1.3506009628         2.3679940883         0.3537125649         7.9562657581
        2.1300000000         1.4113211534         3.1617766220         1.3761242314         2.3628903334         1.0185858072         8.1026770061
        2.1350000000         1.4336895222         3.1687982965         1.4756649788         2.3756497207         3.6115914520         8.2310982848
        2.1400000000         1.4528747417         3.1748145267         1.5394731502         2.3909609855         5.2737745577         8.3412444670
        2.1450000000         1.4688342159         3.1798148428         1.5267115159         2.4139278826         4.9413379365         8.4328710005
        2.1500000000         1.4815325109         3.1837905640         1.5088452279         2.4292391474         4.4759266669         8.5057744515
        2.1550000000         1.4909414332         3.1867348011         1.4935312668         2.4445504121         4.0770027216         8.5597929562
        2.1600000000         1.4970400926         3.1886424603         1.5037405742         2.4598616769         4.3429520185         8.5948065799
        2.1650000000         1.4998149487         3.1895102443         1.5113975548         2.4828285740         4.5424139912         8.6107375836
        2.1700000000         1.4992598405         3.1893366542         1.5241591891         2.5006917162         4.8748506123         8.6075505966
        2.1750000000         1.4953760006         3.1881219898         1.5088452279         2.5262104908         4.4759266669         8.5852526946
        2.1800000000         1.4881720520         3.1858683495         1.5267115159         2.5415217556         4.9413379365         8.5438933848
        2.1850000000         1.4776639892         3.1825796296         1.5369208233         2.5619367752         5.2072872334         8.4835644950
        2.1900000000         1.4638751429         3.1782615228         1.5343684965         2.5746961625         5.1407999092         8.4043999705
        2.1950000000         1.4468361277         3.1729215157         1.5318161696         2.5900074273         5.0743125850         8.3065755763
        2.2000000000         1.4265847744         3.1665688859         1.5445778039         2.6231818342         5.4067492061         8.1903085070
        2.2050000000         1.4031660462         3.1592146983         1.5471301308         2.6461487314         5.4732365303         8.0558569047
        2.2100000000         1.3766319385         3.1508718002         1.5369208233         2.6512524863         5.2072872334         7.9035192855
        2.2150000000         1.3470413636         3.1415548157         1.5598917651         2.6844268933         5.8056731515         7.7336338769
        2.2200000000         1.3144600201         3.1312801394         1.5496824576         2.6946344031         5.5397238546         7.5465778672
        2.2250000000         1.2789602465         3.1200659283         1.5420254771         2.7201531777         5.3402618819         7.3427665674
        2.2300000000         1.2406208614         3.1079320932         1.5496824576         2.7456719523         5.5397238546         7.1226524895
        2.2350000000         1.1995269877         3.0949002885         1.5522347845         2.7584313396         5.6062111788         6.8867243420
        2.2400000000         1.1557698642         3.0809939006         1.5598917651         2.7941576240         5.8056731515         6.6355059441
        2.2450000000         1.1094466425         3.0662380352         1.5496824576         2.8069170113         5.5397238546         6.3695550637
        2.2500000000         1.0606601718         3.0506595019         1.5496824576         2.8298839084         5.5397238546         6.0894621782
        2.2550000000         1.0095187703         3.0342867983         1.5496824576         2.8528508056         5.5397238546         5.7958491638
        2.2600000000         0.9561359846         3.0171500909         1.5496824576         2.8732658252         5.5397238546         5.4893679149
        2.2650000000         0.9006303380         2.9992811946         1.5522347845         2.8936808449         5.6062111788         5.1706988965
        2.2700000000         0.8431250668         2.9807135494         1.5496824576         2.9166477420         5.5397238546         4.8405496334
        2.2750000000         0.7837478471         2.9614821948         1.5471301308         2.9421665166         5.4732365303         4.4996531396
        2.2800000000         0.7226305112         2.9416237406         1.5318161696         2.9523740265         5.0743125850         4.1487662906
        2.2850000000         0.6599087548         2.9211763359         1.5445778039         2.9778928011         5.4067492061         3.7886681430
        2.2900000000         0.5957218360         2.9001796335         1.5369208233         2.9983078207         5.2072872334         3.4201582046
        2.2950000000         0.5302122657         2.8786747514         1.5318161696         3.0187228404         5.0743125850         3.0440546597
        2.3000000000         0.4635254916         2.8567042300         1.5420254771         3.0391378601         5.3402618819         2.6611925522
        2.3050000000         0.3958095749         2.8343119858         1.5369208233         3.0570010023         5.2072872334         2.2724219317
        2.3100000000         0.3272148621         2.8115432595         1.5190545354         3.0799678994         4.7418759638         1.8786059663
        2.3150000000         0.2578936504         2.7884445606         1.5088452279         3.0978310416         4.4759266669         1.4806190258
        2.3200000000         0.1879998503         2.7650636058         1.5216068622         3.1156941838         4.8083632881         1.0793447408
        2.3250000000         0.1176886436         2.7414492528         1.5267115159         3.1361092035         4.9413379365         0.6756740406
        2.3300000000         0.0471161386         2.5000000000         1.5190545354         3.1463167133         4.7418759638         0.2705031750
        2.3350000000        -0.0235609760         2.5000000000         1.5190545354         3.1743873654         4.7418759638        -0.1352682752
        2.3400000000        -0.0941857793         2.2436324785         1.4960835936         3.1820429978         4.1434900458        -0.5407393961
        2.3450000000        -0.1646014666         2.2231890691         1.4884266131         3.2024580174         3.9440280731        -0.9450099403
        2.3500000000        -0.2346516976         2.2027817552         1.4705603251         3.2152174047         3.4786168035        -1.3471823260
        2.3550000000        -0.3041809430         2.1824564551         1.4526940371         3.2254249146         3.0132055340        -1.7463636302
        2.3600000000        -0.3730348307         2.1622593791         1.4348277491         3.2330805470         2.5477942644        -2.1416675703
        2.3650000000        -0.4410604878         2.1422369254         1.4093044805         3.2483918117         1.8829210221        -2.5322164728
        2.3700000000        -0.5081068804         2.1224355710         1.3812288851         3.2560474441         1.1515604556        -2.9171432216
        2.3750000000        -0.5740251485         2.1029017575         1.3557056165         3.2585993215         0.4866872133        -3.2955931828
        2.3800000000        -0.6386689373         2.0836817728         1.3327346748         3.2560474441        -0.1116987047        -3.6667261031
        2.3850000000        -0.7018947214         2.0648216277         1.3250776943         3.2560474441        -0.3111606774        -4.0297179744
        2.3900000000        -0.7635621236         2.0463669296         1.3454963091         3.2637030765         0.2207379164        -4.3837628642
        2.3950000000        -0.8235342270         2.0283627510         1.3352870017         3.2509436892        -0.0452113805        -4.7280747040
        2.4000000000        -0.8816778784         2.0108534965         1.3480486360         3.2611511990         0.2872252407        -5.0618890357
        2.4050000000        -0.9378639845         1.9938827653         1.3327346748         3.2509436892        -0.1116987047        -5.3844647078
        2.4100000000        -0.9919677980         1.9774932127         1.3454963091         3.2611511990         0.2207379164        -5.6950855218
        2.4150000000        -1.0438691949         1.9617264101         1.3301823480         3.2560474441        -0.1781860289        -5.9930618217
        2.4200000000        -1.0934529411         1.9466227032         1.3454963091         3.2611511990         0.2207379164        -6.2777320256
        2.4250000000        -1.1406089484         1.9322210715         1.3378393285         3.2585993215         0.0212759438        -6.5484640946
        2.4300000000        -1.1852325186         1.9185589874         1.3352870017         3.2585993215        -0.0452113805        -6.8046569356
        2.4350000000        -1.2272245761         1.9056722778         1.3429439823         3.2611511990         0.1542505922        -7.0457417365
        2.4400000000        -1.2664918883         1.8935949881         1.3480486360         3.2637030765         0.2872252407        -7.2711832288
        2.4450000000        -1.3029472717         1.8823592496         1.3352870017         3.2585993215        -0.0452113805        -7.4804808760
        2.4500000000        -1.3365097863         1.8719951517         1.3454963091         3.2637030765         0.2207379164        -7.6731699850
        2.4550000000        -1.3671049150         1.8625306199         1.3276300211         3.2560474441        -0.2446733532        -7.8488227377
        2.4600000000        -1.3946647288         1.8539912994         1.3097637331         3.2509436892        -0.7100846227        -8.0070491412
        2.4650000000        -1.4191280382         1.8464004477         1.1157868920         3.2228730371        -5.7631212640        -8.1474978932
        2.4700000000        -1.4404405285         1.8397788341         1.1311008532         3.2177692822        -5.3641973186        -8.2698571623
        2.4750000000        -1.4585548806         1.8341446502         1.1489671412         3.1948023851        -4.8987860490        -8.3738552805
        2.4800000000        -1.4734308761         1.8295134291         1.1770427366         3.1820429978        -4.1674254825        -8.4592613458
        2.4850000000        -1.4850354866         1.8258979765         1.1770427366         3.1590761006        -4.1674254825        -8.5258857355
        2.4900000000        -1.4933429469         1.8233083132         1.1949090246         3.1565242232        -3.7020142129        -8.5735805268
        2.4950000000        -1.4983348124         1.8217516299         1.1872520440         3.1412129584        -3.9014761856        -8.6022398252
        2.5000000000        -1.5000000000         1.8212322538         1.1464148143         3.1259016937        -4.9652733732        -8.6118000000
        2.5050000000        -1.4983348124         1.8217516299         1.1515194680         3.1054866740        -4.8322987248        -8.6022398252
        2.5100000000        -1.4933429469         1.8233083132         1.1617287755         3.0850716543        -4.5663494279        -8.5735805268
        2.5150000000        -1.4850354866         1.8258979765         1.1617287755         3.0646566347        -4.5663494279        -8.5258857355
        2.5200000000        -1.4734308761         1.8295134291         1.1413101606         3.0467934924        -5.0982480217        -8.4592613458
        2.5250000000        -1.4585548806         1.8341446502         1.1413101606         3.0314822277        -5.0982480217        -8.3738552805
        2.5300000000        -1.4404405285         1.8397788341         1.1413101606         3.0085153306        -5.0982480217        -8.2698571623
        2.5350000000        -1.4191280382         1.8464004477         1.1566241217         2.9906521883        -4.6993240763        -8.1474978932
        2.5400000000        -1.3946647288         1.8539912994         1.1285485263         2.9600296588        -5.4306846428        -8.0070491412
        2.5450000000        -1.3671049150         1.8625306199         1.1285485263         2.9447183941        -5.4306846428        -7.8488227377
        2.5500000000        -1.3365097863         1.8719951517         1.1362055069         2.9243033744        -5.2312226702        -7.6731699850
        2.5550000000        -1.3029472717         1.8823592496         1.1387578337         2.9038883547        -5.1647353459        -7.4804808760
        2.5600000000        -1.2664918883         1.8935949881         1.1234438726         2.8809214576        -5.5636592913        -7.2711832288
        2.5650000000        -1.2272245761         1.9056722778         1.1387578337         2.8656101929        -5.1647353459        -7.0457417365
        2.5700000000        -1.1852325186         1.9185589874         1.1208915457         2.8528508056        -5.6301466155        -6.8046569356
        2.5750000000        -1.1406089484         1.9322210715         1.1413101606         2.8273320310        -5.0982480217        -6.5484640946
        2.5800000000        -1.0934529411         1.9466227032         1.1234438726         2.8018132564        -5.5636592913        -6.2777320256
        2.5850000000        -1.0438691949         1.9617264101         1.1285485263         2.7737426043        -5.4306846428        -5.9930618217
        2.5900000000        -0.9919677980         1.9774932127         1.1311008532         2.7533275847        -5.3641973186        -5.6950855218
        2.5950000000        -0.9378639845         1.9938827653         1.1413101606         2.7456719523        -5.0982480217        -5.3844647078
        2.6000000000        -0.8816778784         2.0108534965         1.1515194680         2.7252569326        -4.8322987248        -5.0618890357
        2.6050000000        -0.8235342270         2.0283627510         1.1362055069         2.6946344031        -5.2312226702        -4.7280747040
        2.6100000000        -0.7635621236         2.0463669296         1.1438624875         2.6869787707        -5.0317606975        -4.3837628642
        2.6150000000        -0.7018947214         2.0648216277         1.1413101606         2.6589081187        -5.0982480217        -4.0297179744
        2.6200000000        -0.6386689373         2.0836817728         1.1413101606         2.6384930990        -5.0982480217        -3.6667261031
        2.6250000000        -0.5740251485         2.1029017575         1.1515194680         2.6282855892        -4.8322987248        -3.2955931828
        2.6300000000        -0.5081068804         2.1224355710         1.1387578337         2.5951111822        -5.1647353459        -2.9171432216
        2.6350000000        -0.4410604878         2.1422369254         1.1464148143         2.5874555498        -4.9652733732        -2.5322164728
        2.6400000000        -0.3730348307         2.1622593791         1.1413101606         2.5593848978        -5.0982480217        -2.1416675703
        2.6450000000        -0.3041809430         2.1824564551         1.1617287755         2.5542811429        -4.5663494279        -1.7463636302
        2.6500000000        -0.2346516976         2.2027817552         1.1515194680         2.5211067359        -4.8322987248        -1.3471823260
        2.6550000000        -0.1646014666         2.2231890691         1.1617287755         2.5108992261        -4.5663494279        -0.9450099403
        2.6600000000        -0.0941857793         2.2436324785         1.1668334292         2.4930360838        -4.4333747794        -0.5407393961
        2.6650000000        -0.0235609760         2.5000000000         1.1821473903         2.4802766965        -4.0344508341        -0.1352682752
        2.6700000000         0.0471161386         2.5000000000         1.1744904097         2.4547579220        -4.2339128068         0.2705031750
        2.6750000000         0.1176886436         2.7414492528         1.1821473903         2.4419985347        -4.0344508341         0.6756740406
        2.6800000000         0.1879998503         2.7650636058         1.1898043709         2.4215835150        -3.8349888614         1.0793447408
        2.6850000000         0.2578936504         2.7884445606         1.2127753126         2.4215835150        -3.2366029434         1.4806190258
        2.6900000000         0.3272148621         2.8115432595         1.2204322931         2.3960647404        -3.0371409707         1.8786059663
        2.6950000000         0.3958095749         2.8343119858         1.2434032349         2.3986166179        -2.4387550526         2.2724219317
        2.7000000000         0.4635254916         2.8567042300         1.2459555617         2.3782015982        -2.3722677284         2.6611925522
        2.7050000000         0.5302122657         2.8786747514         1.2689265034         2.3782015982        -1.7738818104         3.0440546597
        2.7100000000         0.5957218360         2.9001796335         1.2842404646         2.3654422109        -1.3749578650         3.4201582046
        2.7150000000         0.6599087548         2.9211763359         1.3097637331         2.3654422109        -0.7100846227         3.7886681430
        2.7200000000         0.7226305112         2.9416237406         1.3378393285         2.3730978433         0.0212759438         4.1487662906
        2.7250000000         0.7837478471         2.9614821948         1.3557056165         2.3730978433         0.4866872133         4.4996531396
        2.7300000000         0.8431250668         2.9807135494         1.3429439823         2.3756497207         0.1542505922         4.8405496334
        2.7350000000         0.9006303380         2.9992811946         1.3403916554         2.3628903334         0.0877632680         5.1706988965
        2.7400000000         0.9561359846         3.0171500909         1.3429439823         2.3654422109         0.1542505922         5.4893679149
        2.7450000000         1.0095187703         3.0342867983         1.3480486360         2.3782015982         0.2872252407         5.7958491638
        2.7500000000         1.0606601718         3.0506595019         1.3506009628         2.3730978433         0.3537125649         6.0894621782
        2.7550000000         1.1094466425         3.0662380352         1.3557056165         2.3807534756         0.4866872133         6.3695550637
        2.7600000000         1.1557698642         3.0809939006         1.3454963091         2.3679940883         0.2207379164         6.6355059441
        2.7650000000         1.1995269877         3.0949002885         1.3429439823         2.3807534756         0.1542505922         6.8867243420
        2.7700000000         1.2406208614         3.1079320932         1.3352870017         2.3782015982        -0.0452113805         7.1226524895
        2.7750000000         1.2789602465         3.1200659283         1.3352870017         2.3730978433        -0.0452113805         7.3427665674
        2.7800000000         1.3144600201         3.1312801394         1.3378393285         2.3756497207         0.0212759438         7.5465778672
        2.7850000000         1.3470413636         3.1415548157         1.3301823480         2.3705459658        -0.1781860289         7.7336338769
        2.7900000000         1.3766319385         3.1508718002         1.3327346748         2.3679940883        -0.1116987047         7.9035192855
        2.7950000000         1.4031660462         3.1592146983         1.3531532897         2.3756497207         0.4201998891         8.0558569047
        2.8000000000         1.4265847744         3.1665688859         1.4144091342         2.3833053531         2.0158956706         8.1903085070
        2.8050000000         1.4468361277         3.1729215157         1.5190545354         2.3960647404         4.7418759638         8.3065755763
        2.8100000000         1.4638751429         3.1782615228         1.5343684965         2.4164797601         5.1407999092         8.4043999705
        2.8150000000         1.4776639892         3.1825796296         1.5113975548         2.4266872699         4.5424139912         8.4835644950
        2.8200000000         1.4881720520         3.1858683495         1.5088452279         2.4547579220         4.4759266669         8.5438933848
        2.8250000000         1.4953760006         3.1881219898         1.4858742862         2.4649654318         3.8775407489         8.5852526946
        2.8300000000         1.4992598405         3.1893366542         1.4858742862         2.4777248191         3.8775407489         8.6075505966
        2.8350000000         1.4998149487         3.1895102443         1.5037405742         2.4955879613         4.3429520185         8.6107375836
        2.8400000000         1.4970400926         3.1886424603         1.5216068622         2.5211067359         4.8083632881         8.5948065799
        2.8450000000         1.4909414332         3.1867348011         1.5292638428         2.5466255105         5.0078252608         8.5597929562
        2.8500000000         1.4815325109         3.1837905640         1.5292638428         2.5644886527         5.0078252608         8.5057744515
        2.8550000000         1.4688342159         3.1798148428         1.5241591891         2.5746961625         4.8748506123         8.4328710005
        2.8600000000         1.4528747417         3.1748145267         1.5318161696         2.5874555498         5.0743125850         8.3412444670
        2.8650000000         1.4336895222         3.1687982965         1.5369208233         2.6129743244         5.2072872334         8.2310982848
        2.8700000000         1.4113211534         3.1617766220         1.5445778039         2.6410449765         5.4067492061         8.1026770061
        2.8750000000         1.3858192988         3.1537617567         1.5394731502         2.6614599961         5.2737745577         7.9562657581
        2.8800000000         1.3572405787         3.1447677334         1.5420254771         2.6742193834         5.3402618819         7.7921896104
        2.8850000000         1.3256484451         3.1348103571         1.5369208233         2.6869787707         5.2072872334         7.6108128532
        2.8900000000         1.2911130405         3.1239071983         1.5420254771         2.7201531777         5.3402618819         7.4125381882
        2.8950000000         1.2537110421         3.1120775844         1.5343684965         2.7405681974         5.1407999092         7.1978058346
        2.9000000000         1.2135254916         3.0993425897         1.5624440919         2.7635350945         5.8721604757         6.9670925522
        2.9050000000         1.1706456110         3.0857250246         1.5445778039         2.7813982367         5.4067492061         6.7209105819
        2.9100000000         1.1251666044         3.0712494234         1.5369208233         2.7916057465         5.2072872334         6.4598065094
        2.9150000000         1.0771894466         3.0559420293         1.5394731502         2.8196763986         5.2737745577         6.1843600511
        2.9200000000         1.0268206589         3.0398307793         1.5420254771         2.8477470506         5.3402618819         5.8951827668
        2.9250000000         0.9741720725         3.0229452858         1.5369208233         2.8656101929         5.2072872334         5.5929167026
        2.9300000000         0.9193605805         3.0053168166         1.5343684965         2.8783695801         5.1407999092         5.2782329646
        2.9350000000         0.8625078781         2.9869782729         1.5496824576         2.9064402322         5.5397238546         4.9518302295
        2.9400000000         0.8037401925         2.9679641639         1.5343684965         2.9217514970         5.1407999092         4.6144331930
        2.9450000000         0.7431880026         2.9483105795         1.5343684965         2.9523740265         5.1407999092         4.2667909608
        2.9500000000         0.6809857496         2.9280551593         1.5369208233         2.9651334138         5.2072872334         3.9096753857
        2.9550000000         0.6172715379         2.9072370590         1.5394731502         2.9881003109         5.2737745577         3.5438793534
        2.9600000000         0.5521868290         2.8858969127         1.5267115159         3.0085153306         4.9413379365         3.1702150228
        2.9650000000         0.4858761273         2.8640767917         1.5216068622         3.0212747179         4.8083632881         2.7895120220
        2.9700000000         0.4184866591         2.8418201593         1.5241591891         3.0365859826         4.8748506123         2.4026156070
        2.9750000000         0.3501680458         2.8191718208         1.5165022085         3.0518972474         4.6753886396         2.0103847845
        2.9800000000         0.2810719719         2.7961778692         1.5062929011         3.0723122670         4.4094393427         1.6136904049
        2.9850000000         0.2113518479         2.7728856260         1.5113975548         3.0927272867         4.5424139912         1.2134132292
        2.9900000000         0.1411624700         2.7493435762         1.5037405742         3.1131423064         4.3429520185         0.8104419726
        2.9950000000         0.0706596761         2.7256012984         1.5037405742         3.1233498162         4.3429520185         0.4056713322
        3.0000000000         0.0000000000         2.5000000000         1.5037405742         3.1463167133         4.3429520185         0.0000000000
        3.0050000000        -0.0706596761         2.2504470876         1.5037405742         3.1667317330         4.3429520185        -0.4056713322
        3.0100000000        -0.1411624700         2.2300017855         1.4909789399         3.1845948752         4.0105153974        -0.8104419726
        3.0150000000        -0.2113518479         2.2095773551         1.4654556714         3.1896986301         3.3456421551        -1.2134132292
        3.0200000000        -0.2810719719         2.1892195949         1.4220661148         3.1999061400         2.2153576432        -1.6136904049
        3.0250000000        -0.3501680458         2.1689746292         1.4041998268         3.2126655273         1.7499463736        -2.0103847845
        3.0300000000        -0.4184866591         2.1488888056         1.4016475000         3.2177692822         1.6834590494        -2.4026156070
        3.0350000000        -0.4858761273         2.1290085871         1.3914381925         3.2254249146         1.4175097525        -2.7895120220
        3.0400000000        -0.5521868290         2.1093804401         1.3659149240         3.2228730371         0.7526365102        -3.1702150228
        3.0450000000        -0.6172715379         2.0900507172         1.3506009628         3.2305286695         0.3537125649        -3.5438793534
        3.0500000000        -0.6809857496         2.0710655356         1.3301823480         3.2330805470        -0.1781860289        -3.9096753857
        3.0550000000        -0.7431880026         2.0524706512         1.3301823480         3.2407361793        -0.1781860289        -4.2667909608
        3.0600000000        -0.8037401925         2.0343113299         1.3327346748         3.2228730371        -0.1116987047        -4.6144331930
        3.0650000000        -0.8625078781         2.0166322137         1.3352870017         3.2279767920        -0.0452113805        -4.9518302295
        3.0700000000        -0.9193605805         1.9994771857         1.3429439823         3.2330805470         0.1542505922        -5.2782329646
        3.0750000000        -0.9741720725         1.9828892315         1.3454963091         3.2381843019         0.2207379164        -5.5929167026
        3.0800000000        -1.0268206589         1.9669102993         1.3352870017         3.2228730371        -0.0452113805        -5.8951827668
        3.0850000000        -1.0771894466         1.9515811591         1.3301823480         3.2305286695        -0.1781860289        -6.1843600511
        3.0900000000        -1.1251666044         1.9369412614         1.3429439823         3.2330805470         0.1542505922        -6.4598065094
        3.0950000000        -1.1706456110         1.9230285966         1.3378393285         3.2330805470         0.0212759438        -6.7209105819
        3.1000000000        -1.2135254916         1.9098795553         1.3301823480         3.2228730371        -0.1781860289        -6.9670925522
        3.1050000000        -1.2537110421         1.8975287915         1.3378393285         3.2279767920         0.0212759438        -7.1978058346
        3.1100000000        -1.2911130405         1.8860090893         1.3378393285         3.2330805470         0.0212759438        -7.4125381882
        3.1150000000        -1.3256484451         1.8753512324         1.3301823480         3.2254249146        -0.1781860289        -7.6108128532
        3.1200000000        -1.3572405787         1.8655838809         1.3352870017         3.2330805470        -0.0452113805        -7.7921896104
        3.1250000000        -1.3858192988         1.8567334524         1.3301823480         3.2305286695        -0.1781860289        -7.9562657581
        3.1300000000        -1.4113211534         1.8488240119         1.2587171960         3.2305286695        -2.0398311073        -8.1026770061
        3.1350000000        -1.4336895222         1.8418771686         1.1055775846         3.2075617724        -6.0290705609        -8.2310982848
        3.1400000000        -1.4528747417         1.8359119828         1.1438624875         3.1845948752        -5.0317606975        -8.3412444670
        3.1450000000        -1.4688342159         1.8309448819         1.1464148143         3.1616279781        -4.9652733732        -8.4328710005
        3.1500000000        -1.4815325109         1.8269895878         1.1744904097         3.1488685908        -4.2339128068        -8.5057744515
        3.1550000000        -1.4909414332         1.8240570552         1.1949090246         3.1284535711        -3.7020142129        -8.5597929562
        3.1600000000        -1.4970400926         1.8221554225         1.2051183320         3.1233498162        -3.4360649160        -8.5948065799
        3.1650000000        -1.4998149487         1.8212899742         1.1949090246         3.1156941838        -3.7020142129        -8.6107375836
        3.1700000000        -1.4992598405         1.8214631174         1.1336531800         3.0927272867        -5.2977099944        -8.6075505966
        3.1750000000        -1.4953760006         1.8226743704         1.1489671412         3.0621047572        -4.8987860490        -8.5852526946
        3.1800000000        -1.4881720520         1.8249203651         1.1591764486         3.0493453699        -4.6328367521        -8.5438933848
        3.1850000000        -1.4776639892         1.8281948624         1.1515194680         3.0340341051        -4.8322987248        -8.4835644950
        3.1900000000        -1.4638751429         1.8324887804         1.1591764486         3.0212747179        -4.6328367521        -8.4043999705
        3.1950000000        -1.4468361277         1.8377902359         1.1489671412         2.9983078207        -4.8987860490        -8.3065755763
        3.2000000000        -1.4265847744         1.8440845978         1.1362055069         2.9702371687        -5.2312226702        -8.1903085070
        3.2050000000        -1.4031660462         1.8513545524         1.1438624875         2.9625815363        -5.0317606975        -8.0558569047
        3.2100000000        -1.3766319385         1.8595801798         1.1438624875         2.9370627617        -5.0317606975        -7.9035192855
        3.2150000000        -1.3470413636         1.8687390416         1.1387578337         2.9191996195        -5.1647353459        -7.7336338769
        3.2200000000        -1.3144600201         1.8788062766         1.1438624875         2.8962327224        -5.0317606975        -7.5465778672
        3.2250000000        -1.2789602465         1.8897547071         1.1259961995         2.8681620703        -5.4971719671        -7.3427665674
        3.2300000000        -1.2406208614         1.9015549517         1.1438624875         2.8630583154        -5.0317606975        -7.1226524895
        3.2350000000        -1.1995269877         1.9141755456         1.1311008532         2.8324357859        -5.3641973186        -6.8867243420
        3.2400000000        -1.1557698642         1.9275830671         1.1413101606         2.8222282761        -5.0982480217        -6.6355059441
        3.2450000000        -1.1094466425         1.9417422682         1.1285485263         2.7916057465        -5.4306846428        -6.3695550637
        3.2500000000        -1.0606601718         1.9566162095         1.1362055069         2.7762944818        -5.2312226702        -6.0894621782
        3.2550000000        -1.0095187703         1.9721663984         1.1489671412         2.7609832170        -4.8987860490        -5.7958491638
        3.2600000000        -0.9561359846         1.9883529291         1.1387578337         2.7380163199        -5.1647353459        -5.4893679149
        3.2650000000        -0.9006303380         2.0051346230         1.1311008532         2.7073937904        -5.3641973186        -5.1706988965
        3.2700000000        -0.8431250668         2.0224691704         1.1438624875         2.6920825256        -5.0317606975        -4.8405496334
        3.2750000000        -0.7837478471         2.0403132711         1.1464148143         2.6844268933        -4.9652733732        -4.4996531396
        3.2800000000        -0.7226305112         2.0586227739         1.1464148143         2.6640118736        -4.9652733732        -4.1487662906
        3.2850000000        -0.6599087548         2.0773528138         1.1438624875         2.6384930990        -5.0317606975        -3.7886681430
        3.2900000000        -0.5957218360         2.0964579470         1.1515194680         2.6206299568        -4.8322987248        -3.4201582046
        3.2950000000        -0.5302122657         2.1158922829         1.1515194680         2.6053186920        -4.8322987248        -3.0440546597
        3.3000000000        -0.4635254916         2.1356096121         1.1464148143         2.5797999174        -4.9652733732        -2.6611925522
        3.3050000000        -0.3958095749         2.1555635308         1.1489671412         2.5568330203        -4.8987860490        -2.2724219317
        3.3100000000        -0.3272148621         2.1757075609         1.1591764486         2.5466255105        -4.6328367521        -1.8786059663
        3.3150000000        -0.2578936504         2.1959952656         1.1617287755         2.5262104908        -4.5663494279        -1.4806190258
        3.3200000000        -0.1879998503         2.2163803601         1.1642811023         2.5108992261        -4.4998621037        -1.0793447408
        3.3250000000        -0.1176886436         2.2368168174         1.1719380829         2.4904842064        -4.3004001310        -0.6756740406
